MESSAGE: Execution of "sudo -u lctt-runner ./build_llvm_project_stage1.sh" failed

STDOUT:
[1619/3180] Building CXX object lib/DebugInfo/DWARF/CMakeFiles/LLVMDebugInfoDWARF.dir/DWARFDebugLine.cpp.o
[1620/3180] Building CXX object lib/DebugInfo/DWARF/CMakeFiles/LLVMDebugInfoDWARF.dir/DWARFDebugLoc.cpp.o
[1621/3180] Building CXX object lib/DebugInfo/DWARF/CMakeFiles/LLVMDebugInfoDWARF.dir/DWARFDebugPubTable.cpp.o
[1622/3180] Building CXX object lib/DebugInfo/DWARF/CMakeFiles/LLVMDebugInfoDWARF.dir/DWARFDebugRangeList.cpp.o
[1623/3180] Building CXX object lib/DebugInfo/DWARF/CMakeFiles/LLVMDebugInfoDWARF.dir/DWARFDebugRnglists.cpp.o
[1624/3180] Building CXX object lib/DebugInfo/DWARF/CMakeFiles/LLVMDebugInfoDWARF.dir/DWARFFormValue.cpp.o
[1625/3180] Building CXX object lib/DebugInfo/DWARF/CMakeFiles/LLVMDebugInfoDWARF.dir/DWARFDie.cpp.o
[1626/3180] Building CXX object lib/DebugInfo/DWARF/CMakeFiles/LLVMDebugInfoDWARF.dir/DWARFExpressionPrinter.cpp.o
[1627/3180] Building CXX object lib/DebugInfo/DWARF/CMakeFiles/LLVMDebugInfoDWARF.dir/DWARFLocationExpression.cpp.o
[1628/3180] Building CXX object lib/DebugInfo/DWARF/CMakeFiles/LLVMDebugInfoDWARF.dir/DWARFGdbIndex.cpp.o
[1629/3180] Building CXX object lib/DebugInfo/DWARF/CMakeFiles/LLVMDebugInfoDWARF.dir/DWARFTypeUnit.cpp.o
[1630/3180] Building CXX object lib/DebugInfo/DWARF/CMakeFiles/LLVMDebugInfoDWARF.dir/DWARFListTable.cpp.o
[1631/3180] Building CXX object lib/DebugInfo/DWARF/CMakeFiles/LLVMDebugInfoDWARF.dir/DWARFUnitIndex.cpp.o
[1632/3180] Building CXX object lib/DebugInfo/DWARF/CMakeFiles/LLVMDebugInfoDWARF.dir/DWARFUnit.cpp.o
[1633/3180] Building CXX object lib/DebugInfo/DWARF/CMakeFiles/LLVMDebugInfoDWARF.dir/DWARFUnwindTablePrinter.cpp.o
[1634/3180] Building CXX object lib/DebugInfo/DWARF/CMakeFiles/LLVMDebugInfoDWARF.dir/DWARFVerifier.cpp.o
[1635/3180] Building CXX object lib/DebugInfo/DWARF/LowLevel/CMakeFiles/LLVMDebugInfoDWARFLowLevel.dir/DWARFCFIProgram.cpp.o
[1636/3180] Building CXX object lib/DebugInfo/DWARF/LowLevel/CMakeFiles/LLVMDebugInfoDWARFLowLevel.dir/DWARFUnwindTable.cpp.o
[1637/3180] Building CXX object lib/DebugInfo/DWARF/LowLevel/CMakeFiles/LLVMDebugInfoDWARFLowLevel.dir/DWARFExpression.cpp.o
[1638/3180] Building CXX object lib/DebugInfo/PDB/CMakeFiles/LLVMDebugInfoPDB.dir/GenericError.cpp.o
[1639/3180] Building CXX object lib/DebugInfo/PDB/CMakeFiles/LLVMDebugInfoPDB.dir/IPDBSourceFile.cpp.o
[1640/3180] Building CXX object lib/DebugInfo/GSYM/CMakeFiles/LLVMDebugInfoGSYM.dir/DwarfTransformer.cpp.o
[1641/3180] Building CXX object lib/DebugInfo/PDB/CMakeFiles/LLVMDebugInfoPDB.dir/PDB.cpp.o
[1642/3180] Building CXX object lib/Analysis/CMakeFiles/LLVMAnalysis.dir/ScalarEvolution.cpp.o
FAILED: lib/Analysis/CMakeFiles/LLVMAnalysis.dir/ScalarEvolution.cpp.o 
CCACHE_CPP2=yes CCACHE_HASHDIR=yes CCACHE_SLOPPINESS=pch_defines,time_macros /usr/bin/ccache /usr/bin/c++ -DEXPERIMENTAL_KEY_INSTRUCTIONS -DGTEST_HAS_RTTI=0 -DHAS_LOGF128 -D_GNU_SOURCE -D__STDC_CONSTANT_MACROS -D__STDC_FORMAT_MACROS -D__STDC_LIMIT_MACROS -I/tmp/llvm-project-build-stage1/lib/Analysis -I/var/llvm-compile-time-tracker/llvm-project/llvm/lib/Analysis -I/tmp/llvm-project-build-stage1/include -I/var/llvm-compile-time-tracker/llvm-project/llvm/include -fPIC -fno-semantic-interposition -fvisibility-inlines-hidden -Werror=date-time -Wall -Wextra -Wno-unused-parameter -Wwrite-strings -Wcast-qual -Wno-missing-field-initializers -pedantic -Wno-long-long -Wimplicit-fallthrough -Wno-uninitialized -Wno-nonnull -Wno-class-memaccess -Wno-redundant-move -Wno-pessimizing-move -Wno-noexcept-type -Wdelete-non-virtual-dtor -Wsuggest-override -Wno-comment -Wno-misleading-indentation -Wctad-maybe-unsupported -fdiagnostics-color -ffunction-sections -fdata-sections -O3 -DNDEBUG  -fno-exceptions -funwind-tables -fno-rtti -std=c++17 -MD -MT lib/Analysis/CMakeFiles/LLVMAnalysis.dir/ScalarEvolution.cpp.o -MF lib/Analysis/CMakeFiles/LLVMAnalysis.dir/ScalarEvolution.cpp.o.d -o lib/Analysis/CMakeFiles/LLVMAnalysis.dir/ScalarEvolution.cpp.o -c /var/llvm-compile-time-tracker/llvm-project/llvm/lib/Analysis/ScalarEvolution.cpp
In file included from /var/llvm-compile-time-tracker/llvm-project/llvm/lib/Analysis/ScalarEvolution.cpp:60:
/var/llvm-compile-time-tracker/llvm-project/llvm/include/llvm/Analysis/ScalarEvolution.h: In constructor ‘llvm::SCEVUse::SCEVUse(const llvm::SCEV*)’:
/var/llvm-compile-time-tracker/llvm-project/llvm/include/llvm/Analysis/ScalarEvolution.h:73:65: warning: cast from type ‘const llvm::SCEV*’ to type ‘void*’ casts away qualifiers [-Wcast-qual]
   73 |   SCEVUse(const SCEV *S) : PointerIntPair() {setFromOpaqueValue((void*) S); }
      |                                                                 ^~~~~~~~~
/var/llvm-compile-time-tracker/llvm-project/llvm/lib/Analysis/ScalarEvolution.cpp: In member function ‘llvm::SCEVUse SCEVDropFlags::visitAddExpr(const llvm::SCEVAddExpr*)’:
/var/llvm-compile-time-tracker/llvm-project/llvm/lib/Analysis/ScalarEvolution.cpp:280:43: error: no matching function for call to ‘llvm::ScalarEvolution::getAddExpr(llvm::SmallVector<llvm::SCEVUse, 2>&, llvm::SCEV::NoWrapFlags)’
  280 |     return !Changed ? Expr : SE.getAddExpr(Operands, Expr->getNoWrapFlags());
      |                              ~~~~~~~~~~~~~^~~~~~~~~~~~~~~~~~~~~~~~~~~~~~~~~~
In file included from /var/llvm-compile-time-tracker/llvm-project/llvm/lib/Analysis/ScalarEvolution.cpp:60:
/var/llvm-compile-time-tracker/llvm-project/llvm/include/llvm/Analysis/ScalarEvolution.h:713:24: note: candidate: ‘const llvm::SCEV* llvm::ScalarEvolution::getAddExpr(llvm::SmallVectorImpl<const llvm::SCEV*>&, llvm::SCEV::NoWrapFlags, unsigned int)’
  713 |   LLVM_ABI const SCEV *getAddExpr(SmallVectorImpl<const SCEV *> &Ops,
      |                        ^~~~~~~~~~
/var/llvm-compile-time-tracker/llvm-project/llvm/include/llvm/Analysis/ScalarEvolution.h:713:66: note:   no known conversion for argument 1 from ‘llvm::SmallVector<llvm::SCEVUse, 2>’ to ‘llvm::SmallVectorImpl<const llvm::SCEV*>&’
  713 |   LLVM_ABI const SCEV *getAddExpr(SmallVectorImpl<const SCEV *> &Ops,
      |                                   ~~~~~~~~~~~~~~~~~~~~~~~~~~~~~~~^~~
/var/llvm-compile-time-tracker/llvm-project/llvm/include/llvm/Analysis/ScalarEvolution.h:716:15: note: candidate: ‘const llvm::SCEV* llvm::ScalarEvolution::getAddExpr(const llvm::SCEV*, const llvm::SCEV*, llvm::SCEV::NoWrapFlags, unsigned int)’
  716 |   const SCEV *getAddExpr(const SCEV *LHS, const SCEV *RHS,
      |               ^~~~~~~~~~
/var/llvm-compile-time-tracker/llvm-project/llvm/include/llvm/Analysis/ScalarEvolution.h:716:38: note:   no known conversion for argument 1 from ‘llvm::SmallVector<llvm::SCEVUse, 2>’ to ‘const llvm::SCEV*’
  716 |   const SCEV *getAddExpr(const SCEV *LHS, const SCEV *RHS,
      |                          ~~~~~~~~~~~~^~~
/var/llvm-compile-time-tracker/llvm-project/llvm/include/llvm/Analysis/ScalarEvolution.h:722:15: note: candidate: ‘const llvm::SCEV* llvm::ScalarEvolution::getAddExpr(const llvm::SCEV*, const llvm::SCEV*, const llvm::SCEV*, llvm::SCEV::NoWrapFlags, unsigned int)’
  722 |   const SCEV *getAddExpr(const SCEV *Op0, const SCEV *Op1, const SCEV *Op2,
      |               ^~~~~~~~~~
/var/llvm-compile-time-tracker/llvm-project/llvm/include/llvm/Analysis/ScalarEvolution.h:722:15: note:   candidate expects 5 arguments, 2 provided
/var/llvm-compile-time-tracker/llvm-project/llvm/lib/Analysis/ScalarEvolution.cpp: In member function ‘llvm::SCEVUse SCEVDropFlags::visitMulExpr(const llvm::SCEVMulExpr*)’:
/var/llvm-compile-time-tracker/llvm-project/llvm/lib/Analysis/ScalarEvolution.cpp:290:43: error: no matching function for call to ‘llvm::ScalarEvolution::getMulExpr(llvm::SmallVector<llvm::SCEVUse, 2>&, llvm::SCEV::NoWrapFlags)’
  290 |     return !Changed ? Expr : SE.getMulExpr(Operands, Expr->getNoWrapFlags());
      |                              ~~~~~~~~~~~~~^~~~~~~~~~~~~~~~~~~~~~~~~~~~~~~~~~
In file included from /var/llvm-compile-time-tracker/llvm-project/llvm/lib/Analysis/ScalarEvolution.cpp:60:
/var/llvm-compile-time-tracker/llvm-project/llvm/include/llvm/Analysis/ScalarEvolution.h:728:24: note: candidate: ‘const llvm::SCEV* llvm::ScalarEvolution::getMulExpr(llvm::SmallVectorImpl<const llvm::SCEV*>&, llvm::SCEV::NoWrapFlags, unsigned int)’
  728 |   LLVM_ABI const SCEV *getMulExpr(SmallVectorImpl<const SCEV *> &Ops,
      |                        ^~~~~~~~~~
/var/llvm-compile-time-tracker/llvm-project/llvm/include/llvm/Analysis/ScalarEvolution.h:728:66: note:   no known conversion for argument 1 from ‘llvm::SmallVector<llvm::SCEVUse, 2>’ to ‘llvm::SmallVectorImpl<const llvm::SCEV*>&’
  728 |   LLVM_ABI const SCEV *getMulExpr(SmallVectorImpl<const SCEV *> &Ops,
      |                                   ~~~~~~~~~~~~~~~~~~~~~~~~~~~~~~~^~~
/var/llvm-compile-time-tracker/llvm-project/llvm/include/llvm/Analysis/ScalarEvolution.h:731:15: note: candidate: ‘const llvm::SCEV* llvm::ScalarEvolution::getMulExpr(const llvm::SCEV*, const llvm::SCEV*, llvm::SCEV::NoWrapFlags, unsigned int)’
  731 |   const SCEV *getMulExpr(const SCEV *LHS, const SCEV *RHS,
      |               ^~~~~~~~~~
/var/llvm-compile-time-tracker/llvm-project/llvm/include/llvm/Analysis/ScalarEvolution.h:731:38: note:   no known conversion for argument 1 from ‘llvm::SmallVector<llvm::SCEVUse, 2>’ to ‘const llvm::SCEV*’
  731 |   const SCEV *getMulExpr(const SCEV *LHS, const SCEV *RHS,
      |                          ~~~~~~~~~~~~^~~
/var/llvm-compile-time-tracker/llvm-project/llvm/include/llvm/Analysis/ScalarEvolution.h:737:15: note: candidate: ‘const llvm::SCEV* llvm::ScalarEvolution::getMulExpr(const llvm::SCEV*, const llvm::SCEV*, const llvm::SCEV*, llvm::SCEV::NoWrapFlags, unsigned int)’
  737 |   const SCEV *getMulExpr(const SCEV *Op0, const SCEV *Op1, const SCEV *Op2,
      |               ^~~~~~~~~~
/var/llvm-compile-time-tracker/llvm-project/llvm/include/llvm/Analysis/ScalarEvolution.h:737:15: note:   candidate expects 5 arguments, 2 provided
[1643/3180] Building CXX object lib/DebugInfo/GSYM/CMakeFiles/LLVMDebugInfoGSYM.dir/Header.cpp.o
[1644/3180] Building CXX object lib/DebugInfo/PDB/CMakeFiles/LLVMDebugInfoPDB.dir/PDBContext.cpp.o
[1645/3180] Building CXX object lib/DebugInfo/PDB/CMakeFiles/LLVMDebugInfoPDB.dir/PDBExtras.cpp.o
[1646/3180] Building CXX object lib/Analysis/CMakeFiles/LLVMAnalysis.dir/InstructionSimplify.cpp.o
In file included from /var/llvm-compile-time-tracker/llvm-project/llvm/include/llvm/Analysis/LoopAccessAnalysis.h:18,
                 from /var/llvm-compile-time-tracker/llvm-project/llvm/include/llvm/Analysis/VectorUtils.h:18,
                 from /var/llvm-compile-time-tracker/llvm-project/llvm/lib/Analysis/InstructionSimplify.cpp:37:
/var/llvm-compile-time-tracker/llvm-project/llvm/include/llvm/Analysis/ScalarEvolution.h: In constructor ‘llvm::SCEVUse::SCEVUse(const llvm::SCEV*)’:
/var/llvm-compile-time-tracker/llvm-project/llvm/include/llvm/Analysis/ScalarEvolution.h:73:65: warning: cast from type ‘const llvm::SCEV*’ to type ‘void*’ casts away qualifiers [-Wcast-qual]
   73 |   SCEVUse(const SCEV *S) : PointerIntPair() {setFromOpaqueValue((void*) S); }
      |                                                                 ^~~~~~~~~
[1647/3180] Building CXX object lib/Analysis/CMakeFiles/LLVMAnalysis.dir/LoopAccessAnalysis.cpp.o
In file included from /var/llvm-compile-time-tracker/llvm-project/llvm/include/llvm/Analysis/LoopAccessAnalysis.h:18,
                 from /var/llvm-compile-time-tracker/llvm-project/llvm/lib/Analysis/LoopAccessAnalysis.cpp:14:
/var/llvm-compile-time-tracker/llvm-project/llvm/include/llvm/Analysis/ScalarEvolution.h: In constructor ‘llvm::SCEVUse::SCEVUse(const llvm::SCEV*)’:
/var/llvm-compile-time-tracker/llvm-project/llvm/include/llvm/Analysis/ScalarEvolution.h:73:65: warning: cast from type ‘const llvm::SCEV*’ to type ‘void*’ casts away qualifiers [-Wcast-qual]
   73 |   SCEVUse(const SCEV *S) : PointerIntPair() {setFromOpaqueValue((void*) S); }
      |                                                                 ^~~~~~~~~
[1648/3180] Building CXX object lib/Analysis/CMakeFiles/LLVMAnalysis.dir/StackSafetyAnalysis.cpp.o
In file included from /var/llvm-compile-time-tracker/llvm-project/llvm/lib/Analysis/StackSafetyAnalysis.cpp:17:
/var/llvm-compile-time-tracker/llvm-project/llvm/include/llvm/Analysis/ScalarEvolution.h: In constructor ‘llvm::SCEVUse::SCEVUse(const llvm::SCEV*)’:
/var/llvm-compile-time-tracker/llvm-project/llvm/include/llvm/Analysis/ScalarEvolution.h:73:65: warning: cast from type ‘const llvm::SCEV*’ to type ‘void*’ casts away qualifiers [-Wcast-qual]
   73 |   SCEVUse(const SCEV *S) : PointerIntPair() {setFromOpaqueValue((void*) S); }
      |                                                                 ^~~~~~~~~
[1649/3180] Building CXX object lib/Analysis/CMakeFiles/LLVMAnalysis.dir/TargetTransformInfo.cpp.o
In file included from /var/llvm-compile-time-tracker/llvm-project/llvm/include/llvm/Analysis/ScalarEvolutionExpressions.h:19,
                 from /var/llvm-compile-time-tracker/llvm-project/llvm/include/llvm/Analysis/TargetTransformInfoImpl.h:17,
                 from /var/llvm-compile-time-tracker/llvm-project/llvm/lib/Analysis/TargetTransformInfo.cpp:13:
/var/llvm-compile-time-tracker/llvm-project/llvm/include/llvm/Analysis/ScalarEvolution.h: In constructor ‘llvm::SCEVUse::SCEVUse(const llvm::SCEV*)’:
/var/llvm-compile-time-tracker/llvm-project/llvm/include/llvm/Analysis/ScalarEvolution.h:73:65: warning: cast from type ‘const llvm::SCEV*’ to type ‘void*’ casts away qualifiers [-Wcast-qual]
   73 |   SCEVUse(const SCEV *S) : PointerIntPair() {setFromOpaqueValue((void*) S); }
      |                                                                 ^~~~~~~~~
[1650/3180] Building CXX object lib/Transforms/IPO/CMakeFiles/LLVMipo.dir/AttributorAttributes.cpp.o
In file included from /var/llvm-compile-time-tracker/llvm-project/llvm/lib/Transforms/IPO/AttributorAttributes.cpp:36:
/var/llvm-compile-time-tracker/llvm-project/llvm/include/llvm/Analysis/ScalarEvolution.h: In constructor ‘llvm::SCEVUse::SCEVUse(const llvm::SCEV*)’:
/var/llvm-compile-time-tracker/llvm-project/llvm/include/llvm/Analysis/ScalarEvolution.h:73:65: warning: cast from type ‘const llvm::SCEV*’ to type ‘void*’ casts away qualifiers [-Wcast-qual]
   73 |   SCEVUse(const SCEV *S) : PointerIntPair() {setFromOpaqueValue((void*) S); }
      |                                                                 ^~~~~~~~~
[1651/3180] Building CXX object lib/Analysis/CMakeFiles/LLVMAnalysis.dir/VectorUtils.cpp.o
In file included from /var/llvm-compile-time-tracker/llvm-project/llvm/include/llvm/Analysis/LoopAccessAnalysis.h:18,
                 from /var/llvm-compile-time-tracker/llvm-project/llvm/include/llvm/Analysis/VectorUtils.h:18,
                 from /var/llvm-compile-time-tracker/llvm-project/llvm/lib/Analysis/VectorUtils.cpp:13:
/var/llvm-compile-time-tracker/llvm-project/llvm/include/llvm/Analysis/ScalarEvolution.h: In constructor ‘llvm::SCEVUse::SCEVUse(const llvm::SCEV*)’:
/var/llvm-compile-time-tracker/llvm-project/llvm/include/llvm/Analysis/ScalarEvolution.h:73:65: warning: cast from type ‘const llvm::SCEV*’ to type ‘void*’ casts away qualifiers [-Wcast-qual]
   73 |   SCEVUse(const SCEV *S) : PointerIntPair() {setFromOpaqueValue((void*) S); }
      |                                                                 ^~~~~~~~~
[1652/3180] Building CXX object lib/LTO/CMakeFiles/LLVMLTO.dir/LTOModule.cpp.o
In file included from /var/llvm-compile-time-tracker/llvm-project/llvm/include/llvm/Analysis/LoopAccessAnalysis.h:18,
                 from /var/llvm-compile-time-tracker/llvm-project/llvm/include/llvm/Transforms/Utils/LoopUtils.h:17,
                 from /var/llvm-compile-time-tracker/llvm-project/llvm/include/llvm/Transforms/Scalar/LoopPassManager.h:48,
                 from /var/llvm-compile-time-tracker/llvm-project/llvm/include/llvm/Passes/PassBuilder.h:29,
                 from /var/llvm-compile-time-tracker/llvm-project/llvm/include/llvm/LTO/Config.h:23,
                 from /var/llvm-compile-time-tracker/llvm-project/llvm/include/llvm/LTO/LTO.h:25,
                 from /var/llvm-compile-time-tracker/llvm-project/llvm/include/llvm/LTO/legacy/LTOModule.h:20,
                 from /var/llvm-compile-time-tracker/llvm-project/llvm/lib/LTO/LTOModule.cpp:14:
/var/llvm-compile-time-tracker/llvm-project/llvm/include/llvm/Analysis/ScalarEvolution.h: In constructor ‘llvm::SCEVUse::SCEVUse(const llvm::SCEV*)’:
/var/llvm-compile-time-tracker/llvm-project/llvm/include/llvm/Analysis/ScalarEvolution.h:73:65: warning: cast from type ‘const llvm::SCEV*’ to type ‘void*’ casts away qualifiers [-Wcast-qual]
   73 |   SCEVUse(const SCEV *S) : PointerIntPair() {setFromOpaqueValue((void*) S); }
      |                                                                 ^~~~~~~~~
[1653/3180] Building CXX object lib/MC/MCParser/CMakeFiles/LLVMMCParser.dir/AsmParser.cpp.o
[1654/3180] Building CXX object lib/LTO/CMakeFiles/LLVMLTO.dir/LTOCodeGenerator.cpp.o
In file included from /var/llvm-compile-time-tracker/llvm-project/llvm/include/llvm/Analysis/LoopAccessAnalysis.h:18,
                 from /var/llvm-compile-time-tracker/llvm-project/llvm/include/llvm/Transforms/Utils/LoopUtils.h:17,
                 from /var/llvm-compile-time-tracker/llvm-project/llvm/include/llvm/Transforms/Scalar/LoopPassManager.h:48,
                 from /var/llvm-compile-time-tracker/llvm-project/llvm/include/llvm/Passes/PassBuilder.h:29,
                 from /var/llvm-compile-time-tracker/llvm-project/llvm/include/llvm/LTO/Config.h:23,
                 from /var/llvm-compile-time-tracker/llvm-project/llvm/include/llvm/LTO/legacy/LTOCodeGenerator.h:44,
                 from /var/llvm-compile-time-tracker/llvm-project/llvm/lib/LTO/LTOCodeGenerator.cpp:14:
/var/llvm-compile-time-tracker/llvm-project/llvm/include/llvm/Analysis/ScalarEvolution.h: In constructor ‘llvm::SCEVUse::SCEVUse(const llvm::SCEV*)’:
/var/llvm-compile-time-tracker/llvm-project/llvm/include/llvm/Analysis/ScalarEvolution.h:73:65: warning: cast from type ‘const llvm::SCEV*’ to type ‘void*’ casts away qualifiers [-Wcast-qual]
   73 |   SCEVUse(const SCEV *S) : PointerIntPair() {setFromOpaqueValue((void*) S); }
      |                                                                 ^~~~~~~~~
[1655/3180] Building CXX object lib/LTO/CMakeFiles/LLVMLTO.dir/LTOBackend.cpp.o
In file included from /var/llvm-compile-time-tracker/llvm-project/llvm/include/llvm/Analysis/LoopAccessAnalysis.h:18,
                 from /var/llvm-compile-time-tracker/llvm-project/llvm/include/llvm/Transforms/Utils/LoopUtils.h:17,
                 from /var/llvm-compile-time-tracker/llvm-project/llvm/include/llvm/Transforms/Scalar/LoopPassManager.h:48,
                 from /var/llvm-compile-time-tracker/llvm-project/llvm/include/llvm/Passes/PassBuilder.h:29,
                 from /var/llvm-compile-time-tracker/llvm-project/llvm/include/llvm/LTO/Config.h:23,
                 from /var/llvm-compile-time-tracker/llvm-project/llvm/include/llvm/LTO/LTO.h:25,
                 from /var/llvm-compile-time-tracker/llvm-project/llvm/include/llvm/LTO/LTOBackend.h:22,
                 from /var/llvm-compile-time-tracker/llvm-project/llvm/lib/LTO/LTOBackend.cpp:16:
/var/llvm-compile-time-tracker/llvm-project/llvm/include/llvm/Analysis/ScalarEvolution.h: In constructor ‘llvm::SCEVUse::SCEVUse(const llvm::SCEV*)’:
/var/llvm-compile-time-tracker/llvm-project/llvm/include/llvm/Analysis/ScalarEvolution.h:73:65: warning: cast from type ‘const llvm::SCEV*’ to type ‘void*’ casts away qualifiers [-Wcast-qual]
   73 |   SCEVUse(const SCEV *S) : PointerIntPair() {setFromOpaqueValue((void*) S); }
      |                                                                 ^~~~~~~~~
[1656/3180] Building CXX object lib/Analysis/CMakeFiles/LLVMAnalysis.dir/ValueTracking.cpp.o
In file included from /var/llvm-compile-time-tracker/llvm-project/llvm/include/llvm/Analysis/LoopAccessAnalysis.h:18,
                 from /var/llvm-compile-time-tracker/llvm-project/llvm/include/llvm/Analysis/VectorUtils.h:18,
                 from /var/llvm-compile-time-tracker/llvm-project/llvm/lib/Analysis/ValueTracking.cpp:37:
/var/llvm-compile-time-tracker/llvm-project/llvm/include/llvm/Analysis/ScalarEvolution.h: In constructor ‘llvm::SCEVUse::SCEVUse(const llvm::SCEV*)’:
/var/llvm-compile-time-tracker/llvm-project/llvm/include/llvm/Analysis/ScalarEvolution.h:73:65: warning: cast from type ‘const llvm::SCEV*’ to type ‘void*’ casts away qualifiers [-Wcast-qual]
   73 |   SCEVUse(const SCEV *S) : PointerIntPair() {setFromOpaqueValue((void*) S); }
      |                                                                 ^~~~~~~~~
[1657/3180] Building CXX object lib/LTO/CMakeFiles/LLVMLTO.dir/ThinLTOCodeGenerator.cpp.o
In file included from /var/llvm-compile-time-tracker/llvm-project/llvm/include/llvm/Analysis/LoopAccessAnalysis.h:18,
                 from /var/llvm-compile-time-tracker/llvm-project/llvm/include/llvm/Transforms/Utils/LoopUtils.h:17,
                 from /var/llvm-compile-time-tracker/llvm-project/llvm/include/llvm/Transforms/Scalar/LoopPassManager.h:48,
                 from /var/llvm-compile-time-tracker/llvm-project/llvm/include/llvm/Passes/PassBuilder.h:29,
                 from /var/llvm-compile-time-tracker/llvm-project/llvm/include/llvm/LTO/Config.h:23,
                 from /var/llvm-compile-time-tracker/llvm-project/llvm/include/llvm/LTO/LTO.h:25,
                 from /var/llvm-compile-time-tracker/llvm-project/llvm/include/llvm/LTO/legacy/ThinLTOCodeGenerator.h:21,
                 from /var/llvm-compile-time-tracker/llvm-project/llvm/lib/LTO/ThinLTOCodeGenerator.cpp:14:
/var/llvm-compile-time-tracker/llvm-project/llvm/include/llvm/Analysis/ScalarEvolution.h: In constructor ‘llvm::SCEVUse::SCEVUse(const llvm::SCEV*)’:
/var/llvm-compile-time-tracker/llvm-project/llvm/include/llvm/Analysis/ScalarEvolution.h:73:65: warning: cast from type ‘const llvm::SCEV*’ to type ‘void*’ casts away qualifiers [-Wcast-qual]
   73 |   SCEVUse(const SCEV *S) : PointerIntPair() {setFromOpaqueValue((void*) S); }
      |                                                                 ^~~~~~~~~
[1658/3180] Building CXX object lib/LTO/CMakeFiles/LLVMLTO.dir/LTO.cpp.o
In file included from /var/llvm-compile-time-tracker/llvm-project/llvm/include/llvm/Analysis/LoopAccessAnalysis.h:18,
                 from /var/llvm-compile-time-tracker/llvm-project/llvm/include/llvm/Transforms/Utils/LoopUtils.h:17,
                 from /var/llvm-compile-time-tracker/llvm-project/llvm/include/llvm/Transforms/Scalar/LoopPassManager.h:48,
                 from /var/llvm-compile-time-tracker/llvm-project/llvm/include/llvm/Passes/PassBuilder.h:29,
                 from /var/llvm-compile-time-tracker/llvm-project/llvm/include/llvm/LTO/Config.h:23,
                 from /var/llvm-compile-time-tracker/llvm-project/llvm/include/llvm/LTO/LTO.h:25,
                 from /var/llvm-compile-time-tracker/llvm-project/llvm/lib/LTO/LTO.cpp:13:
/var/llvm-compile-time-tracker/llvm-project/llvm/include/llvm/Analysis/ScalarEvolution.h: In constructor ‘llvm::SCEVUse::SCEVUse(const llvm::SCEV*)’:
/var/llvm-compile-time-tracker/llvm-project/llvm/include/llvm/Analysis/ScalarEvolution.h:73:65: warning: cast from type ‘const llvm::SCEV*’ to type ‘void*’ casts away qualifiers [-Wcast-qual]
   73 |   SCEVUse(const SCEV *S) : PointerIntPair() {setFromOpaqueValue((void*) S); }
      |                                                                 ^~~~~~~~~
[1659/3180] Building CXX object lib/Transforms/Vectorize/CMakeFiles/LLVMVectorize.dir/SLPVectorizer.cpp.o
In file included from /var/llvm-compile-time-tracker/llvm-project/llvm/include/llvm/Analysis/LoopAccessAnalysis.h:18,
                 from /var/llvm-compile-time-tracker/llvm-project/llvm/lib/Transforms/Vectorize/SLPVectorizer.cpp:42:
/var/llvm-compile-time-tracker/llvm-project/llvm/include/llvm/Analysis/ScalarEvolution.h: In constructor ‘llvm::SCEVUse::SCEVUse(const llvm::SCEV*)’:
/var/llvm-compile-time-tracker/llvm-project/llvm/include/llvm/Analysis/ScalarEvolution.h:73:65: warning: cast from type ‘const llvm::SCEV*’ to type ‘void*’ casts away qualifiers [-Wcast-qual]
   73 |   SCEVUse(const SCEV *S) : PointerIntPair() {setFromOpaqueValue((void*) S); }
      |                                                                 ^~~~~~~~~
ninja: build stopped: subcommand failed.


STDERR:
CMake Deprecation Warning at /var/llvm-compile-time-tracker/llvm-project/clang/CMakeLists.txt:450 (message):
  'CLANG_ENABLE_ARCMT' is deprecated as ARCMigrate has been removed from
  Clang.  Please use 'CLANG_ENABLE_OBJC_REWRITER' instead to enable or
  disable the Objective-C rewriter.


Command exited with non-zero status 1
858.47user 38.33system 1:10.22elapsed 1277%CPU (0avgtext+0avgdata 1778792maxresident)k
0inputs+2140840outputs (2714major+22718342minor)pagefaults 0swaps
