MESSAGE: Execution of "sudo -u lctt-runner ./build_llvm_project_stage2.sh" failed

STDOUT:
 1136 | yamlize(IO &io, T &Val, bool, EmptyContext &Ctx) {
      | ^
/var/llvm-compile-time-tracker/llvm-project/llvm/include/llvm/Support/YAMLTraits.h:1151:1: note: candidate template ignored: requirement 'has_PolymorphicTraits<std::basic_string<char, std::char_traits<char>, std::allocator<char>>>::value' was not satisfied [with T = std::basic_string<char>]
 1151 | yamlize(IO &io, T &Val, bool, EmptyContext &Ctx) {
      | ^
/var/llvm-compile-time-tracker/llvm-project/llvm/include/llvm/Support/YAMLTraits.h:1165:1: note: candidate template ignored: requirement 'missingTraits<std::basic_string<char, std::char_traits<char>, std::allocator<char>>, llvm::yaml::EmptyContext>::value' was not satisfied [with T = std::basic_string<char>]
 1165 | yamlize(IO &io, T &Val, bool, EmptyContext &Ctx) {
      | ^
/var/llvm-compile-time-tracker/llvm-project/llvm/include/llvm/Support/YAMLTraits.h:1171:1: note: candidate template ignored: requirement 'has_SequenceTraits<std::basic_string<char, std::char_traits<char>, std::allocator<char>>>::value' was not satisfied [with T = std::basic_string<char>, Context = llvm::yaml::EmptyContext]
 1171 | yamlize(IO &io, T &Seq, bool, Context &Ctx) {
      | ^
error: no matching function for call to 'yamlize'
/var/llvm-compile-time-tracker/llvm-project/llvm/include/llvm/Support/YAMLTraits.h:944:7: note: in instantiation of function template specialization 'llvm::yaml::yamlize<std::vector<std::basic_string<char>>, llvm::yaml::EmptyContext>' requested here
  944 |       yamlize(*this, Val, Required, Ctx);
      |       ^
/var/llvm-compile-time-tracker/llvm-project/llvm/include/llvm/Support/YAMLTraits.h:926:11: note: in instantiation of function template specialization 'llvm::yaml::IO::processKeyWithDefault<std::vector<std::basic_string<char>>, llvm::yaml::EmptyContext>' requested here
  926 |     this->processKeyWithDefault(Key, Val, static_cast<const T &>(Default),
      |           ^
note: in instantiation of function template specialization 'llvm::yaml::IO::mapOptionalWithContext<std::vector<std::basic_string<char>>, llvm::yaml::EmptyContext, std::vector<std::basic_string<char>>>' requested here
/var/llvm-compile-time-tracker/llvm-project/llvm/lib/Support/AMDGPUMetadata.cpp:203:9: note: in instantiation of function template specialization 'llvm::yaml::IO::mapOptional<std::vector<std::basic_string<char>>, std::vector<std::basic_string<char>>>' requested here
  203 |     YIO.mapOptional(Key::Printf, MD.mPrintf, std::vector<std::string>());
      |         ^
/var/llvm-compile-time-tracker/llvm-project/llvm/include/llvm/Support/YAMLTraits.h:982:1: note: candidate template ignored: requirement 'has_ScalarEnumerationTraits<std::basic_string<char, std::char_traits<char>, std::allocator<char>>>::value' was not satisfied [with T = type]
  982 | yamlize(IO &io, T &Val, bool, EmptyContext &Ctx) {
      | ^
/var/llvm-compile-time-tracker/llvm-project/llvm/include/llvm/Support/YAMLTraits.h:990:1: note: candidate template ignored: requirement 'has_ScalarBitSetTraits<std::basic_string<char, std::char_traits<char>, std::allocator<char>>>::value' was not satisfied [with T = type]
  990 | yamlize(IO &io, T &Val, bool, EmptyContext &Ctx) {
      | ^
/var/llvm-compile-time-tracker/llvm-project/llvm/include/llvm/Support/YAMLTraits.h:1001:52: note: candidate template ignored: substitution failure [with T = type]
 1001 | std::enable_if_t<has_ScalarTraits<T>::value, void> yamlize(IO &io, T &Val, bool,
      |                                                    ^
/var/llvm-compile-time-tracker/llvm-project/llvm/include/llvm/Support/YAMLTraits.h:1022:1: note: candidate template ignored: requirement 'has_BlockScalarTraits<std::basic_string<char, std::char_traits<char>, std::allocator<char>>>::value' was not satisfied [with T = type]
 1022 | yamlize(IO &YamlIO, T &Val, bool, EmptyContext &Ctx) {
      | ^
/var/llvm-compile-time-tracker/llvm-project/llvm/include/llvm/Support/YAMLTraits.h:1041:1: note: candidate template ignored: requirement 'has_TaggedScalarTraits<std::basic_string<char, std::char_traits<char>, std::allocator<char>>>::value' was not satisfied [with T = type]
 1041 | yamlize(IO &io, T &Val, bool, EmptyContext &Ctx) {
      | ^
/var/llvm-compile-time-tracker/llvm-project/llvm/include/llvm/Support/YAMLTraits.h:1079:1: note: candidate template ignored: requirement 'validatedMappingTraits<std::basic_string<char, std::char_traits<char>, std::allocator<char>>, llvm::yaml::EmptyContext>::value' was not satisfied [with T = type, Context = llvm::yaml::EmptyContext]
 1079 | yamlize(IO &io, T &Val, bool, Context &Ctx) {
      | ^
/var/llvm-compile-time-tracker/llvm-project/llvm/include/llvm/Support/YAMLTraits.h:1120:1: note: candidate template ignored: requirement 'unvalidatedMappingTraits<std::basic_string<char, std::char_traits<char>, std::allocator<char>>, llvm::yaml::EmptyContext>::value' was not satisfied [with T = type, Context = llvm::yaml::EmptyContext]
 1120 | yamlize(IO &io, T &Val, bool, Context &Ctx) {
      | ^
/var/llvm-compile-time-tracker/llvm-project/llvm/include/llvm/Support/YAMLTraits.h:1136:1: note: candidate template ignored: requirement 'has_CustomMappingTraits<std::basic_string<char, std::char_traits<char>, std::allocator<char>>>::value' was not satisfied [with T = type]
 1136 | yamlize(IO &io, T &Val, bool, EmptyContext &Ctx) {
      | ^
/var/llvm-compile-time-tracker/llvm-project/llvm/include/llvm/Support/YAMLTraits.h:1151:1: note: candidate template ignored: requirement 'has_PolymorphicTraits<std::basic_string<char, std::char_traits<char>, std::allocator<char>>>::value' was not satisfied [with T = type]
 1151 | yamlize(IO &io, T &Val, bool, EmptyContext &Ctx) {
      | ^
/var/llvm-compile-time-tracker/llvm-project/llvm/include/llvm/Support/YAMLTraits.h:1165:1: note: candidate template ignored: requirement 'missingTraits<std::basic_string<char, std::char_traits<char>, std::allocator<char>>, llvm::yaml::EmptyContext>::value' was not satisfied [with T = type]
 1165 | yamlize(IO &io, T &Val, bool, EmptyContext &Ctx) {
      | ^
/var/llvm-compile-time-tracker/llvm-project/llvm/include/llvm/Support/YAMLTraits.h:1171:1: note: candidate template ignored: requirement 'has_SequenceTraits<std::basic_string<char, std::char_traits<char>, std::allocator<char>>>::value' was not satisfied [with T = type, Context = llvm::yaml::EmptyContext]
 1171 | yamlize(IO &io, T &Seq, bool, Context &Ctx) {
      | ^
error: no matching function for call to 'yamlize'
/var/llvm-compile-time-tracker/llvm-project/llvm/include/llvm/Support/YAMLTraits.h:982:1: note: candidate template ignored: requirement 'has_ScalarEnumerationTraits<std::basic_string<char, std::char_traits<char>, std::allocator<char>>>::value' was not satisfied [with T = type]
  982 | yamlize(IO &io, T &Val, bool, EmptyContext &Ctx) {
      | ^
/var/llvm-compile-time-tracker/llvm-project/llvm/include/llvm/Support/YAMLTraits.h:990:1: note: candidate template ignored: requirement 'has_ScalarBitSetTraits<std::basic_string<char, std::char_traits<char>, std::allocator<char>>>::value' was not satisfied [with T = type]
  990 | yamlize(IO &io, T &Val, bool, EmptyContext &Ctx) {
      | ^
/var/llvm-compile-time-tracker/llvm-project/llvm/include/llvm/Support/YAMLTraits.h:1001:52: note: candidate template ignored: substitution failure [with T = type]
 1001 | std::enable_if_t<has_ScalarTraits<T>::value, void> yamlize(IO &io, T &Val, bool,
      |                                                    ^
/var/llvm-compile-time-tracker/llvm-project/llvm/include/llvm/Support/YAMLTraits.h:1022:1: note: candidate template ignored: requirement 'has_BlockScalarTraits<std::basic_string<char, std::char_traits<char>, std::allocator<char>>>::value' was not satisfied [with T = type]
 1022 | yamlize(IO &YamlIO, T &Val, bool, EmptyContext &Ctx) {
      | ^
/var/llvm-compile-time-tracker/llvm-project/llvm/include/llvm/Support/YAMLTraits.h:1041:1: note: candidate template ignored: requirement 'has_TaggedScalarTraits<std::basic_string<char, std::char_traits<char>, std::allocator<char>>>::value' was not satisfied [with T = type]
 1041 | yamlize(IO &io, T &Val, bool, EmptyContext &Ctx) {
      | ^
/var/llvm-compile-time-tracker/llvm-project/llvm/include/llvm/Support/YAMLTraits.h:1079:1: note: candidate template ignored: requirement 'validatedMappingTraits<std::basic_string<char, std::char_traits<char>, std::allocator<char>>, llvm::yaml::EmptyContext>::value' was not satisfied [with T = type, Context = llvm::yaml::EmptyContext]
 1079 | yamlize(IO &io, T &Val, bool, Context &Ctx) {
      | ^
/var/llvm-compile-time-tracker/llvm-project/llvm/include/llvm/Support/YAMLTraits.h:1120:1: note: candidate template ignored: requirement 'unvalidatedMappingTraits<std::basic_string<char, std::char_traits<char>, std::allocator<char>>, llvm::yaml::EmptyContext>::value' was not satisfied [with T = type, Context = llvm::yaml::EmptyContext]
 1120 | yamlize(IO &io, T &Val, bool, Context &Ctx) {
      | ^
/var/llvm-compile-time-tracker/llvm-project/llvm/include/llvm/Support/YAMLTraits.h:1136:1: note: candidate template ignored: requirement 'has_CustomMappingTraits<std::basic_string<char, std::char_traits<char>, std::allocator<char>>>::value' was not satisfied [with T = type]
 1136 | yamlize(IO &io, T &Val, bool, EmptyContext &Ctx) {
      | ^
/var/llvm-compile-time-tracker/llvm-project/llvm/include/llvm/Support/YAMLTraits.h:1151:1: note: candidate template ignored: requirement 'has_PolymorphicTraits<std::basic_string<char, std::char_traits<char>, std::allocator<char>>>::value' was not satisfied [with T = type]
 1151 | yamlize(IO &io, T &Val, bool, EmptyContext &Ctx) {
      | ^
/var/llvm-compile-time-tracker/llvm-project/llvm/include/llvm/Support/YAMLTraits.h:1165:1: note: candidate template ignored: requirement 'missingTraits<std::basic_string<char, std::char_traits<char>, std::allocator<char>>, llvm::yaml::EmptyContext>::value' was not satisfied [with T = type]
 1165 | yamlize(IO &io, T &Val, bool, EmptyContext &Ctx) {
      | ^
/var/llvm-compile-time-tracker/llvm-project/llvm/include/llvm/Support/YAMLTraits.h:1171:1: note: candidate template ignored: requirement 'has_SequenceTraits<std::basic_string<char, std::char_traits<char>, std::allocator<char>>>::value' was not satisfied [with T = type, Context = llvm::yaml::EmptyContext]
 1171 | yamlize(IO &io, T &Seq, bool, Context &Ctx) {
      | ^
10 errors generated.
[17/2885] Building CXX object lib/Support/CMakeFiles/LLVMSupport.dir/Allocator.cpp.o
[18/2885] Building CXX object lib/Support/CMakeFiles/LLVMSupport.dir/APFloat.cpp.o
FAILED: lib/Support/CMakeFiles/LLVMSupport.dir/APFloat.cpp.o 
/var/llvm-compile-time-tracker/timeit_launcher.sh /tmp/llvm-project-build-stage1/bin/clang++ -DGTEST_HAS_RTTI=0 -D_GNU_SOURCE -D__STDC_CONSTANT_MACROS -D__STDC_FORMAT_MACROS -D__STDC_LIMIT_MACROS -I/tmp/llvm-project-build-stage2/lib/Support -I/var/llvm-compile-time-tracker/llvm-project/llvm/lib/Support -I/tmp/llvm-project-build-stage2/include -I/var/llvm-compile-time-tracker/llvm-project/llvm/include -fPIC -fno-semantic-interposition -fvisibility-inlines-hidden -Werror=date-time -Werror=unguarded-availability-new -Wall -Wextra -Wno-unused-parameter -Wwrite-strings -Wcast-qual -Wmissing-field-initializers -pedantic -Wno-long-long -Wc++98-compat-extra-semi -Wimplicit-fallthrough -Wcovered-switch-default -Wno-noexcept-type -Wno-unnecessary-virtual-specifier -Wnon-virtual-dtor -Wdelete-non-virtual-dtor -Wsuggest-override -Wstring-conversion -Wmisleading-indentation -Wctad-maybe-unsupported -fdiagnostics-color -ffunction-sections -fdata-sections -flto=thin -Werror=global-constructors -O3 -DNDEBUG -std=c++17  -fno-exceptions -funwind-tables -fno-rtti -MD -MT lib/Support/CMakeFiles/LLVMSupport.dir/APFloat.cpp.o -MF lib/Support/CMakeFiles/LLVMSupport.dir/APFloat.cpp.o.d -o lib/Support/CMakeFiles/LLVMSupport.dir/APFloat.cpp.o -c /var/llvm-compile-time-tracker/llvm-project/llvm/lib/Support/APFloat.cpp
PLEASE submit a bug report to https://github.com/llvm/llvm-project/issues/ and include the crash backtrace, preprocessed source, and associated run script.
Stack dump:
0.	Program arguments: /tmp/llvm-project-build-stage1/bin/clang++ -DGTEST_HAS_RTTI=0 -D_GNU_SOURCE -D__STDC_CONSTANT_MACROS -D__STDC_FORMAT_MACROS -D__STDC_LIMIT_MACROS -I/tmp/llvm-project-build-stage2/lib/Support -I/var/llvm-compile-time-tracker/llvm-project/llvm/lib/Support -I/tmp/llvm-project-build-stage2/include -I/var/llvm-compile-time-tracker/llvm-project/llvm/include -fPIC -fno-semantic-interposition -fvisibility-inlines-hidden -Werror=date-time -Werror=unguarded-availability-new -Wall -Wextra -Wno-unused-parameter -Wwrite-strings -Wcast-qual -Wmissing-field-initializers -pedantic -Wno-long-long -Wc++98-compat-extra-semi -Wimplicit-fallthrough -Wcovered-switch-default -Wno-noexcept-type -Wno-unnecessary-virtual-specifier -Wnon-virtual-dtor -Wdelete-non-virtual-dtor -Wsuggest-override -Wstring-conversion -Wmisleading-indentation -Wctad-maybe-unsupported -fdiagnostics-color -ffunction-sections -fdata-sections -flto=thin -Werror=global-constructors -O3 -DNDEBUG -std=c++17 -fno-exceptions -funwind-tables -fno-rtti -MD -MT lib/Support/CMakeFiles/LLVMSupport.dir/APFloat.cpp.o -MF lib/Support/CMakeFiles/LLVMSupport.dir/APFloat.cpp.o.d -o lib/Support/CMakeFiles/LLVMSupport.dir/APFloat.cpp.o -c /var/llvm-compile-time-tracker/llvm-project/llvm/lib/Support/APFloat.cpp
1.	<eof> parser at end of file
2.	/var/llvm-compile-time-tracker/llvm-project/llvm/include/llvm/ADT/StringSwitch.h:52:12: instantiating function definition 'llvm::StringSwitch<llvm::DenormalMode::DenormalModeKind>::StringSwitch'
Stack dump without symbol names (ensure you have llvm-symbolizer in your PATH or set the environment var `LLVM_SYMBOLIZER_PATH` to point to it):
0  clang++   0x000055c3629fb1d0 llvm::sys::PrintStackTrace(llvm::raw_ostream&, int) + 240
1  clang++   0x000055c3629f90c4 llvm::sys::CleanupOnSignal(unsigned long) + 164
2  clang++   0x000055c36294ab08
3  libc.so.6 0x00007f200f328520
4  clang++   0x000055c3653b7d60 clang::Sema::DiagnoseUnexpandedParameterPack(clang::Expr*, clang::Sema::UnexpandedParameterPackContext) + 32
5  clang++   0x000055c364b974eb clang::Sema::BuildMemberInitializer(clang::ValueDecl*, clang::Expr*, clang::SourceLocation) + 123
6  clang++   0x000055c365393612 clang::Sema::InstantiateMemInitializers(clang::CXXConstructorDecl*, clang::CXXConstructorDecl const*, clang::MultiLevelTemplateArgumentList const&) + 1058
7  clang++   0x000055c36539a63d clang::Sema::InstantiateFunctionDefinition(clang::SourceLocation, clang::FunctionDecl*, bool, bool, bool) + 3965
8  clang++   0x000055c3653987b0 clang::Sema::PerformPendingInstantiations(bool, bool) + 288
9  clang++   0x000055c364906262
10 clang++   0x000055c364906a64 clang::Sema::ActOnEndOfTranslationUnit() + 148
11 clang++   0x000055c36476055d clang::Parser::ParseTopLevelDecl(clang::OpaquePtr<clang::DeclGroupRef>&, clang::Sema::ModuleImportState&) + 1101
12 clang++   0x000055c36474fe8a clang::ParseAST(clang::Sema&, bool, bool) + 586
13 clang++   0x000055c3636449ee clang::FrontendAction::Execute() + 46
14 clang++   0x000055c3635b42ab clang::CompilerInstance::ExecuteAction(clang::FrontendAction&) + 555
15 clang++   0x000055c36371fa4c clang::ExecuteCompilerInvocation(clang::CompilerInstance*) + 364
16 clang++   0x000055c36124afbc cc1_main(llvm::ArrayRef<char const*>, char const*, void*) + 7884
17 clang++   0x000055c361242432
18 clang++   0x000055c3633773bd
19 clang++   0x000055c36294af37 llvm::CrashRecoveryContext::RunSafely(llvm::function_ref<void ()>) + 39
20 clang++   0x000055c363377757
21 clang++   0x000055c363339761 clang::driver::Compilation::ExecuteCommand(clang::driver::Command const&, clang::driver::Command const*&, bool) const + 177
22 clang++   0x000055c36333a7d9 clang::driver::Compilation::ExecuteJobs(clang::driver::JobList const&, llvm::SmallVectorImpl<std::pair<int, clang::driver::Command const*>>&, bool) const + 153
23 clang++   0x000055c36334ea8f clang::driver::Driver::ExecuteCompilation(clang::driver::Compilation&, llvm::SmallVectorImpl<std::pair<int, clang::driver::Command const*>>&) + 543
24 clang++   0x000055c361246f65 clang_main(int, char**, llvm::ToolContext const&) + 7493
25 clang++   0x000055c36111c36b main + 107
26 libc.so.6 0x00007f200f30fd90
27 libc.so.6 0x00007f200f30fe40 __libc_start_main + 128
28 clang++   0x000055c361241e95 _start + 37
clang++: error: clang frontend command failed with exit code 139 (use -v to see invocation)
clang version 21.0.0git
Target: x86_64-unknown-linux-gnu
Thread model: posix
InstalledDir: /tmp/llvm-project-build-stage1/bin
clang++: note: diagnostic msg: 
********************

PLEASE ATTACH THE FOLLOWING FILES TO THE BUG REPORT:
Preprocessed source(s) and associated run script(s) are located at:
clang++: note: diagnostic msg: /tmp/APFloat-c7e8b8.cpp
clang++: note: diagnostic msg: /tmp/APFloat-c7e8b8.sh
clang++: note: diagnostic msg: 

********************
[19/2885] Building CXX object lib/Support/CMakeFiles/LLVMSupport.dir/ARMAttributeParser.cpp.o
FAILED: lib/Support/CMakeFiles/LLVMSupport.dir/ARMAttributeParser.cpp.o 
/var/llvm-compile-time-tracker/timeit_launcher.sh /tmp/llvm-project-build-stage1/bin/clang++ -DGTEST_HAS_RTTI=0 -D_GNU_SOURCE -D__STDC_CONSTANT_MACROS -D__STDC_FORMAT_MACROS -D__STDC_LIMIT_MACROS -I/tmp/llvm-project-build-stage2/lib/Support -I/var/llvm-compile-time-tracker/llvm-project/llvm/lib/Support -I/tmp/llvm-project-build-stage2/include -I/var/llvm-compile-time-tracker/llvm-project/llvm/include -fPIC -fno-semantic-interposition -fvisibility-inlines-hidden -Werror=date-time -Werror=unguarded-availability-new -Wall -Wextra -Wno-unused-parameter -Wwrite-strings -Wcast-qual -Wmissing-field-initializers -pedantic -Wno-long-long -Wc++98-compat-extra-semi -Wimplicit-fallthrough -Wcovered-switch-default -Wno-noexcept-type -Wno-unnecessary-virtual-specifier -Wnon-virtual-dtor -Wdelete-non-virtual-dtor -Wsuggest-override -Wstring-conversion -Wmisleading-indentation -Wctad-maybe-unsupported -fdiagnostics-color -ffunction-sections -fdata-sections -flto=thin -Werror=global-constructors -O3 -DNDEBUG -std=c++17  -fno-exceptions -funwind-tables -fno-rtti -MD -MT lib/Support/CMakeFiles/LLVMSupport.dir/ARMAttributeParser.cpp.o -MF lib/Support/CMakeFiles/LLVMSupport.dir/ARMAttributeParser.cpp.o.d -o lib/Support/CMakeFiles/LLVMSupport.dir/ARMAttributeParser.cpp.o -c /var/llvm-compile-time-tracker/llvm-project/llvm/lib/Support/ARMAttributeParser.cpp
PLEASE submit a bug report to https://github.com/llvm/llvm-project/issues/ and include the crash backtrace, preprocessed source, and associated run script.
Stack dump:
0.	Program arguments: /tmp/llvm-project-build-stage1/bin/clang++ -DGTEST_HAS_RTTI=0 -D_GNU_SOURCE -D__STDC_CONSTANT_MACROS -D__STDC_FORMAT_MACROS -D__STDC_LIMIT_MACROS -I/tmp/llvm-project-build-stage2/lib/Support -I/var/llvm-compile-time-tracker/llvm-project/llvm/lib/Support -I/tmp/llvm-project-build-stage2/include -I/var/llvm-compile-time-tracker/llvm-project/llvm/include -fPIC -fno-semantic-interposition -fvisibility-inlines-hidden -Werror=date-time -Werror=unguarded-availability-new -Wall -Wextra -Wno-unused-parameter -Wwrite-strings -Wcast-qual -Wmissing-field-initializers -pedantic -Wno-long-long -Wc++98-compat-extra-semi -Wimplicit-fallthrough -Wcovered-switch-default -Wno-noexcept-type -Wno-unnecessary-virtual-specifier -Wnon-virtual-dtor -Wdelete-non-virtual-dtor -Wsuggest-override -Wstring-conversion -Wmisleading-indentation -Wctad-maybe-unsupported -fdiagnostics-color -ffunction-sections -fdata-sections -flto=thin -Werror=global-constructors -O3 -DNDEBUG -std=c++17 -fno-exceptions -funwind-tables -fno-rtti -MD -MT lib/Support/CMakeFiles/LLVMSupport.dir/ARMAttributeParser.cpp.o -MF lib/Support/CMakeFiles/LLVMSupport.dir/ARMAttributeParser.cpp.o.d -o lib/Support/CMakeFiles/LLVMSupport.dir/ARMAttributeParser.cpp.o -c /var/llvm-compile-time-tracker/llvm-project/llvm/lib/Support/ARMAttributeParser.cpp
1.	<eof> parser at end of file
2.	/var/llvm-compile-time-tracker/llvm-project/llvm/include/llvm/ADT/StringSwitch.h:52:12: instantiating function definition 'llvm::StringSwitch<const char *>::StringSwitch'
Stack dump without symbol names (ensure you have llvm-symbolizer in your PATH or set the environment var `LLVM_SYMBOLIZER_PATH` to point to it):
0  clang++   0x000055844d9aa1d0 llvm::sys::PrintStackTrace(llvm::raw_ostream&, int) + 240
1  clang++   0x000055844d9a80c4 llvm::sys::CleanupOnSignal(unsigned long) + 164
2  clang++   0x000055844d8f9b08
3  libc.so.6 0x00007fc6caf17520
4  clang++   0x0000558450366d60 clang::Sema::DiagnoseUnexpandedParameterPack(clang::Expr*, clang::Sema::UnexpandedParameterPackContext) + 32
5  clang++   0x000055844fb464eb clang::Sema::BuildMemberInitializer(clang::ValueDecl*, clang::Expr*, clang::SourceLocation) + 123
6  clang++   0x0000558450342612 clang::Sema::InstantiateMemInitializers(clang::CXXConstructorDecl*, clang::CXXConstructorDecl const*, clang::MultiLevelTemplateArgumentList const&) + 1058
7  clang++   0x000055845034963d clang::Sema::InstantiateFunctionDefinition(clang::SourceLocation, clang::FunctionDecl*, bool, bool, bool) + 3965
8  clang++   0x00005584503477b0 clang::Sema::PerformPendingInstantiations(bool, bool) + 288
9  clang++   0x000055844f8b5262
10 clang++   0x000055844f8b5a64 clang::Sema::ActOnEndOfTranslationUnit() + 148
11 clang++   0x000055844f70f55d clang::Parser::ParseTopLevelDecl(clang::OpaquePtr<clang::DeclGroupRef>&, clang::Sema::ModuleImportState&) + 1101
12 clang++   0x000055844f6fee8a clang::ParseAST(clang::Sema&, bool, bool) + 586
13 clang++   0x000055844e5f39ee clang::FrontendAction::Execute() + 46
14 clang++   0x000055844e5632ab clang::CompilerInstance::ExecuteAction(clang::FrontendAction&) + 555
15 clang++   0x000055844e6cea4c clang::ExecuteCompilerInvocation(clang::CompilerInstance*) + 364
16 clang++   0x000055844c1f9fbc cc1_main(llvm::ArrayRef<char const*>, char const*, void*) + 7884
17 clang++   0x000055844c1f1432
18 clang++   0x000055844e3263bd
19 clang++   0x000055844d8f9f37 llvm::CrashRecoveryContext::RunSafely(llvm::function_ref<void ()>) + 39
20 clang++   0x000055844e326757
21 clang++   0x000055844e2e8761 clang::driver::Compilation::ExecuteCommand(clang::driver::Command const&, clang::driver::Command const*&, bool) const + 177
22 clang++   0x000055844e2e97d9 clang::driver::Compilation::ExecuteJobs(clang::driver::JobList const&, llvm::SmallVectorImpl<std::pair<int, clang::driver::Command const*>>&, bool) const + 153
23 clang++   0x000055844e2fda8f clang::driver::Driver::ExecuteCompilation(clang::driver::Compilation&, llvm::SmallVectorImpl<std::pair<int, clang::driver::Command const*>>&) + 543
24 clang++   0x000055844c1f5f65 clang_main(int, char**, llvm::ToolContext const&) + 7493
25 clang++   0x000055844c0cb36b main + 107
26 libc.so.6 0x00007fc6caefed90
27 libc.so.6 0x00007fc6caefee40 __libc_start_main + 128
28 clang++   0x000055844c1f0e95 _start + 37
clang++: error: clang frontend command failed with exit code 139 (use -v to see invocation)
clang version 21.0.0git
Target: x86_64-unknown-linux-gnu
Thread model: posix
InstalledDir: /tmp/llvm-project-build-stage1/bin
clang++: note: diagnostic msg: 
********************

PLEASE ATTACH THE FOLLOWING FILES TO THE BUG REPORT:
Preprocessed source(s) and associated run script(s) are located at:
clang++: note: diagnostic msg: /tmp/ARMAttributeParser-b7219f.cpp
clang++: note: diagnostic msg: /tmp/ARMAttributeParser-b7219f.sh
clang++: note: diagnostic msg: 

********************
[20/2885] Building CXX object lib/Support/CMakeFiles/LLVMSupport.dir/APInt.cpp.o
ninja: build stopped: subcommand failed.


STDERR:
CMake Deprecation Warning at /var/llvm-compile-time-tracker/llvm-project/clang/CMakeLists.txt:447 (message):
  'CLANG_ENABLE_ARCMT' is deprecated as ARCMigrate has been removed from
  Clang.  Please use 'CLANG_ENABLE_OBJC_REWRITER' instead to enable or
  disable the Objective-C rewriter.


