MESSAGE: Execution of "./build_llvm_test_suite.sh ReleaseLTO-g "-fno-experimental-new-pass-manager"" failed

STDOUT:
loading initial cache file ./llvm-test-suite/cmake/caches/ReleaseLTO-g.cmake
-- The C compiler identification is Clang 14.0.0
-- The CXX compiler identification is Clang 14.0.0
-- Check for working C compiler: /root/llvm-compile-time-tracker/llvm-project-build/bin/clang
-- Check for working C compiler: /root/llvm-compile-time-tracker/llvm-project-build/bin/clang -- works
-- Detecting C compiler ABI info
-- Detecting C compiler ABI info - done
-- Detecting C compile features
-- Detecting C compile features - done
-- Check for working CXX compiler: /root/llvm-compile-time-tracker/llvm-project-build/bin/clang++
-- Check for working CXX compiler: /root/llvm-compile-time-tracker/llvm-project-build/bin/clang++ -- works
-- Detecting CXX compiler ABI info
-- Detecting CXX compiler ABI info - done
-- Detecting CXX compile features
-- Detecting CXX compile features - done
-- Found Tclsh: /bin/tclsh (found version "8.6") 
-- Could NOT find TCL (missing: TCL_INCLUDE_PATH) 
-- Could NOT find TCLTK (missing: TCL_INCLUDE_PATH TK_LIBRARY TK_INCLUDE_PATH) 
-- Could NOT find TK (missing: TK_LIBRARY TK_INCLUDE_PATH) 
-- Could NOT find OpenMP_C (missing: OpenMP_C_FLAGS OpenMP_C_LIB_NAMES) 
-- Could NOT find OpenMP_CXX (missing: OpenMP_CXX_FLAGS OpenMP_CXX_LIB_NAMES) 
-- Could NOT find OpenMP (missing: OpenMP_C_FOUND OpenMP_CXX_FOUND) 
-- Check target operating system - Linux
-- Check target system architecture: x86
-- Check target system architecture: zen
-- Check if the system is big endian
-- Searching 16 bit integer
-- Looking for sys/types.h
-- Looking for sys/types.h - found
-- Looking for stdint.h
-- Looking for stdint.h - found
-- Looking for stddef.h
-- Looking for stddef.h - found
-- Check size of unsigned short
-- Check size of unsigned short - done
-- Using unsigned short
-- Check if the system is big endian - little endian
-- Adding directory CTMark
-- Configuring done
-- Generating done
-- Build files have been written to: /root/llvm-compile-time-tracker/llvm-test-suite-build
ninja: Entering directory `./llvm-test-suite-build'
[1/650] Generating timeit-target
[2/650] Generating timeit
[3/650] Generating HashProgramOutput.sh
[4/650] [TEST_SUITE_HOST_CC] Compiling host source fpcmp.c
[5/650] [TEST_SUITE_HOST_CC] Linking host executable fpcmp
[6/650] Building C object tools/CMakeFiles/fpcmp-target.dir/fpcmp.c.o
[7/650] Linking C executable tools/fpcmp-target
[8/650] Building CXX object CTMark/7zip/CMakeFiles/7zip-benchmark.dir/CPP/myWindows/wine_date_and_time.cpp.o
[9/650] Building CXX object CTMark/7zip/CMakeFiles/7zip-benchmark.dir/CPP/myWindows/myGetTickCount.cpp.o
[10/650] Building CXX object CTMark/7zip/CMakeFiles/7zip-benchmark.dir/CPP/myWindows/myAddExeFlag.cpp.o
[11/650] Building CXX object CTMark/7zip/CMakeFiles/7zip-benchmark.dir/CPP/myWindows/mySplitCommandLine.cpp.o
[12/650] Building CXX object CTMark/7zip/CMakeFiles/7zip-benchmark.dir/CPP/7zip/UI/Console/ConsoleClose.cpp.o
[13/650] Building CXX object CTMark/7zip/CMakeFiles/7zip-benchmark.dir/CPP/7zip/UI/Console/BenchCon.cpp.o
[14/650] Generating sqlite test inputs
[15/650] Building CXX object CTMark/7zip/CMakeFiles/7zip-benchmark.dir/CPP/7zip/UI/Console/ExtractCallbackConsole.cpp.o
FAILED: CTMark/7zip/CMakeFiles/7zip-benchmark.dir/CPP/7zip/UI/Console/ExtractCallbackConsole.cpp.o 
/root/llvm-compile-time-tracker/llvm-test-suite-build/tools/timeit --summary CTMark/7zip/CMakeFiles/7zip-benchmark.dir/CPP/7zip/UI/Console/ExtractCallbackConsole.cpp.o.time /root/llvm-compile-time-tracker/llvm-project-build/bin/clang++  -DNDEBUG  -fno-experimental-new-pass-manager -O3 -fomit-frame-pointer -flto -DNDEBUG -g   -w -Werror=date-time -DBREAK_HANDLER -DUNICODE -D_UNICODE -I/root/llvm-compile-time-tracker/llvm-test-suite/CTMark/7zip/C -I/root/llvm-compile-time-tracker/llvm-test-suite/CTMark/7zip/CPP/myWindows -I/root/llvm-compile-time-tracker/llvm-test-suite/CTMark/7zip/CPP/include_windows -I/root/llvm-compile-time-tracker/llvm-test-suite/CTMark/7zip/CPP -I. -D_FILE_OFFSET_BITS=64 -D_LARGEFILE_SOURCE -DNDEBUG -D_REENTRANT -DENV_UNIX -D_7ZIP_LARGE_PAGES -pthread -Wno-error=c++11-narrowing -DBREAK_HANDLER -DUNICODE -D_UNICODE -I/root/llvm-compile-time-tracker/llvm-test-suite/CTMark/7zip/C -I/root/llvm-compile-time-tracker/llvm-test-suite/CTMark/7zip/CPP/myWindows -I/root/llvm-compile-time-tracker/llvm-test-suite/CTMark/7zip/CPP/include_windows -I/root/llvm-compile-time-tracker/llvm-test-suite/CTMark/7zip/CPP -I. -D_FILE_OFFSET_BITS=64 -D_LARGEFILE_SOURCE -DNDEBUG -D_REENTRANT -DENV_UNIX -D_7ZIP_LARGE_PAGES -pthread -MD -MT CTMark/7zip/CMakeFiles/7zip-benchmark.dir/CPP/7zip/UI/Console/ExtractCallbackConsole.cpp.o -MF CTMark/7zip/CMakeFiles/7zip-benchmark.dir/CPP/7zip/UI/Console/ExtractCallbackConsole.cpp.o.d -o CTMark/7zip/CMakeFiles/7zip-benchmark.dir/CPP/7zip/UI/Console/ExtractCallbackConsole.cpp.o -c /root/llvm-compile-time-tracker/llvm-test-suite/CTMark/7zip/CPP/7zip/UI/Console/ExtractCallbackConsole.cpp
PLEASE submit a bug report to https://bugs.llvm.org/ and include the crash backtrace, preprocessed source, and associated run script.
Stack dump:
0.	Program arguments: /root/llvm-compile-time-tracker/llvm-project-build/bin/clang++ -DNDEBUG -fno-experimental-new-pass-manager -O3 -fomit-frame-pointer -flto -DNDEBUG -g -w -Werror=date-time -DBREAK_HANDLER -DUNICODE -D_UNICODE -I/root/llvm-compile-time-tracker/llvm-test-suite/CTMark/7zip/C -I/root/llvm-compile-time-tracker/llvm-test-suite/CTMark/7zip/CPP/myWindows -I/root/llvm-compile-time-tracker/llvm-test-suite/CTMark/7zip/CPP/include_windows -I/root/llvm-compile-time-tracker/llvm-test-suite/CTMark/7zip/CPP -I. -D_FILE_OFFSET_BITS=64 -D_LARGEFILE_SOURCE -DNDEBUG -D_REENTRANT -DENV_UNIX -D_7ZIP_LARGE_PAGES -pthread -Wno-error=c++11-narrowing -DBREAK_HANDLER -DUNICODE -D_UNICODE -I/root/llvm-compile-time-tracker/llvm-test-suite/CTMark/7zip/C -I/root/llvm-compile-time-tracker/llvm-test-suite/CTMark/7zip/CPP/myWindows -I/root/llvm-compile-time-tracker/llvm-test-suite/CTMark/7zip/CPP/include_windows -I/root/llvm-compile-time-tracker/llvm-test-suite/CTMark/7zip/CPP -I. -D_FILE_OFFSET_BITS=64 -D_LARGEFILE_SOURCE -DNDEBUG -D_REENTRANT -DENV_UNIX -D_7ZIP_LARGE_PAGES -pthread -MD -MT CTMark/7zip/CMakeFiles/7zip-benchmark.dir/CPP/7zip/UI/Console/ExtractCallbackConsole.cpp.o -MF CTMark/7zip/CMakeFiles/7zip-benchmark.dir/CPP/7zip/UI/Console/ExtractCallbackConsole.cpp.o.d -o CTMark/7zip/CMakeFiles/7zip-benchmark.dir/CPP/7zip/UI/Console/ExtractCallbackConsole.cpp.o -c /root/llvm-compile-time-tracker/llvm-test-suite/CTMark/7zip/CPP/7zip/UI/Console/ExtractCallbackConsole.cpp
1.	<eof> parser at end of file
2.	Per-module optimization passes
3.	Running pass 'Interprocedural Sparse Conditional Constant Propagation' on module '/root/llvm-compile-time-tracker/llvm-test-suite/CTMark/7zip/CPP/7zip/UI/Console/ExtractCallbackConsole.cpp'.
 #0 0x00005582046edba4 PrintStackTraceSignalHandler(void*) Signals.cpp:0:0
 #1 0x00005582046eba84 llvm::sys::CleanupOnSignal(unsigned long) (/root/llvm-compile-time-tracker/llvm-project-build/bin/clang+++0x21b2a84)
 #2 0x000055820463c028 CrashRecoverySignalHandler(int) CrashRecoveryContext.cpp:0:0
 #3 0x00007fa5b746d3c0 __restore_rt (/lib/x86_64-linux-gnu/libpthread.so.0+0x153c0)
 #4 0x000055820480a302 llvm::PredicateInfo::~PredicateInfo() (/root/llvm-compile-time-tracker/llvm-project-build/bin/clang+++0x22d1302)
 #5 0x000055820483c486 llvm::SCCPInstVisitor::~SCCPInstVisitor() crtstuff.c:0:0
 #6 0x000055820483c865 llvm::SCCPSolver::~SCCPSolver() (/root/llvm-compile-time-tracker/llvm-project-build/bin/clang+++0x2303865)
 #7 0x0000558204598119 llvm::runIPSCCP(llvm::Module&, llvm::DataLayout const&, std::function<llvm::TargetLibraryInfo const& (llvm::Function&)>, llvm::function_ref<llvm::AnalysisResultsForFn (llvm::Function&)>) (/root/llvm-compile-time-tracker/llvm-project-build/bin/clang+++0x205f119)
 #8 0x00005582040a9c7a (anonymous namespace)::IPSCCPLegacyPass::runOnModule(llvm::Module&) SCCP.cpp:0:0
 #9 0x0000558203ee8050 llvm::legacy::PassManagerImpl::run(llvm::Module&) (/root/llvm-compile-time-tracker/llvm-project-build/bin/clang+++0x19af050)
#10 0x0000558204a1262f (anonymous namespace)::EmitAssemblyHelper::EmitAssembly(clang::BackendAction, std::unique_ptr<llvm::raw_pwrite_stream, std::default_delete<llvm::raw_pwrite_stream> >) BackendUtil.cpp:0:0
#11 0x0000558204a13a25 clang::EmitBackendOutput(clang::DiagnosticsEngine&, clang::HeaderSearchOptions const&, clang::CodeGenOptions const&, clang::TargetOptions const&, clang::LangOptions const&, llvm::StringRef, llvm::Module*, clang::BackendAction, std::unique_ptr<llvm::raw_pwrite_stream, std::default_delete<llvm::raw_pwrite_stream> >) (/root/llvm-compile-time-tracker/llvm-project-build/bin/clang+++0x24daa25)
#12 0x000055820580f3dd clang::BackendConsumer::HandleTranslationUnit(clang::ASTContext&) crtstuff.c:0:0
#13 0x0000558205ac26d9 clang::ParseAST(clang::Sema&, bool, bool) (/root/llvm-compile-time-tracker/llvm-project-build/bin/clang+++0x35896d9)
#14 0x000055820580e126 clang::CodeGenAction::ExecuteAction() (/root/llvm-compile-time-tracker/llvm-project-build/bin/clang+++0x32d5126)
#15 0x0000558205120421 clang::FrontendAction::Execute() (/root/llvm-compile-time-tracker/llvm-project-build/bin/clang+++0x2be7421)
#16 0x00005582050ac79b clang::CompilerInstance::ExecuteAction(clang::FrontendAction&) (/root/llvm-compile-time-tracker/llvm-project-build/bin/clang+++0x2b7379b)
#17 0x00005582051fb16f clang::ExecuteCompilerInvocation(clang::CompilerInstance*) (/root/llvm-compile-time-tracker/llvm-project-build/bin/clang+++0x2cc216f)
#18 0x000055820330775e cc1_main(llvm::ArrayRef<char const*>, char const*, void*) (/root/llvm-compile-time-tracker/llvm-project-build/bin/clang+++0xdce75e)
#19 0x0000558203304c2b ExecuteCC1Tool(llvm::SmallVectorImpl<char const*>&) driver.cpp:0:0
#20 0x0000558204f30c09 void llvm::function_ref<void ()>::callback_fn<clang::driver::CC1Command::Execute(llvm::ArrayRef<llvm::Optional<llvm::StringRef> >, std::__cxx11::basic_string<char, std::char_traits<char>, std::allocator<char> >*, bool*) const::'lambda'()>(long) Job.cpp:0:0
#21 0x000055820463c127 llvm::CrashRecoveryContext::RunSafely(llvm::function_ref<void ()>) (/root/llvm-compile-time-tracker/llvm-project-build/bin/clang+++0x2103127)
#22 0x0000558204f31211 clang::driver::CC1Command::Execute(llvm::ArrayRef<llvm::Optional<llvm::StringRef> >, std::__cxx11::basic_string<char, std::char_traits<char>, std::allocator<char> >*, bool*) const (.part.0) Job.cpp:0:0
#23 0x0000558204f0415c clang::driver::Compilation::ExecuteCommand(clang::driver::Command const&, clang::driver::Command const*&) const (/root/llvm-compile-time-tracker/llvm-project-build/bin/clang+++0x29cb15c)
#24 0x0000558204f04b79 clang::driver::Compilation::ExecuteJobs(clang::driver::JobList const&, llvm::SmallVectorImpl<std::pair<int, clang::driver::Command const*> >&) const (/root/llvm-compile-time-tracker/llvm-project-build/bin/clang+++0x29cbb79)
#25 0x0000558204f0e872 clang::driver::Driver::ExecuteCompilation(clang::driver::Compilation&, llvm::SmallVectorImpl<std::pair<int, clang::driver::Command const*> >&) (/root/llvm-compile-time-tracker/llvm-project-build/bin/clang+++0x29d5872)
#26 0x0000558203284caa main (/root/llvm-compile-time-tracker/llvm-project-build/bin/clang+++0xd4bcaa)
#27 0x00007fa5b6f3c0b3 __libc_start_main (/lib/x86_64-linux-gnu/libc.so.6+0x270b3)
#28 0x00005582033047ce _start (/root/llvm-compile-time-tracker/llvm-project-build/bin/clang+++0xdcb7ce)
clang-14: error: clang frontend command failed with exit code 139 (use -v to see invocation)
clang version 14.0.0
Target: x86_64-unknown-linux-gnu
Thread model: posix
InstalledDir: /root/llvm-compile-time-tracker/llvm-project-build/bin
clang-14: note: diagnostic msg: 
********************

PLEASE ATTACH THE FOLLOWING FILES TO THE BUG REPORT:
Preprocessed source(s) and associated run script(s) are located at:
clang-14: note: diagnostic msg: /tmp/ExtractCallbackConsole-35ffad.cpp
clang-14: note: diagnostic msg: /tmp/ExtractCallbackConsole-35ffad.sh
clang-14: note: diagnostic msg: 

********************
[16/650] Building CXX object CTMark/7zip/CMakeFiles/7zip-benchmark.dir/CPP/7zip/UI/Console/MainAr.cpp.o
[17/650] Building CXX object CTMark/7zip/CMakeFiles/7zip-benchmark.dir/CPP/7zip/UI/Console/OpenCallbackConsole.cpp.o
[18/650] Building CXX object CTMark/7zip/CMakeFiles/7zip-benchmark.dir/CPP/7zip/UI/Console/List.cpp.o
[19/650] Building CXX object CTMark/7zip/CMakeFiles/7zip-benchmark.dir/CPP/7zip/UI/Console/Main.cpp.o
ninja: build stopped: subcommand failed.


STDERR:
