MESSAGE: Execution of "sudo -u lctt-runner ./build_llvm_test_suite.sh O3 stage2 " failed

STDOUT:
loading initial cache file ./llvm-test-suite/cmake/caches/O3.cmake
-- The C compiler identification is unknown
-- The CXX compiler identification is unknown
-- Detecting C compiler ABI info
-- Detecting C compiler ABI info - failed
-- Check for working C compiler: /tmp/llvm-project-build-stage2/bin/clang
-- Check for working C compiler: /tmp/llvm-project-build-stage2/bin/clang - broken
-- Configuring incomplete, errors occurred!
See also "/tmp/llvm-test-suite-build/CMakeFiles/CMakeOutput.log".
See also "/tmp/llvm-test-suite-build/CMakeFiles/CMakeError.log".
ninja: Entering directory `/tmp/llvm-test-suite-build'


STDERR:
CMake Error at /usr/share/cmake-3.22/Modules/CMakeTestCCompiler.cmake:69 (message):
  The C compiler

    "/tmp/llvm-project-build-stage2/bin/clang"

  is not able to compile a simple test program.

  It fails with the following output:

    Change Dir: /tmp/llvm-test-suite-build/CMakeFiles/CMakeTmp
    
    Run Build Command(s):/usr/bin/ninja cmTC_17bab && [1/2] Building C object CMakeFiles/cmTC_17bab.dir/testCCompiler.c.o
    [2/2] Linking C executable cmTC_17bab
    FAILED: cmTC_17bab 
    : && /tmp/llvm-project-build-stage2/bin/clang   CMakeFiles/cmTC_17bab.dir/testCCompiler.c.o -o cmTC_17bab   && :
    /usr/bin/ld: /lib/x86_64-linux-gnu/Scrt1.o: in function `_start':
    (.text+0x1b): undefined reference to `main'
    clang: error: linker command failed with exit code 1 (use -v to see invocation)
    ninja: build stopped: subcommand failed.
    
    

  

  CMake will not be able to correctly generate this project.
Call Stack (most recent call first):
  CMakeLists.txt:6 (project)


ninja: error: loading 'build.ninja': No such file or directory
MESSAGE: Execution of "sudo -u lctt-runner ./build_llvm_test_suite.sh O0-g stage2 " failed

STDOUT:
loading initial cache file ./llvm-test-suite/cmake/caches/O0-g.cmake
-- The C compiler identification is unknown
-- The CXX compiler identification is unknown
-- Detecting C compiler ABI info
-- Detecting C compiler ABI info - failed
-- Check for working C compiler: /tmp/llvm-project-build-stage2/bin/clang
-- Check for working C compiler: /tmp/llvm-project-build-stage2/bin/clang - broken
-- Configuring incomplete, errors occurred!
See also "/tmp/llvm-test-suite-build/CMakeFiles/CMakeOutput.log".
See also "/tmp/llvm-test-suite-build/CMakeFiles/CMakeError.log".
ninja: Entering directory `/tmp/llvm-test-suite-build'


STDERR:
CMake Error at /usr/share/cmake-3.22/Modules/CMakeTestCCompiler.cmake:69 (message):
  The C compiler

    "/tmp/llvm-project-build-stage2/bin/clang"

  is not able to compile a simple test program.

  It fails with the following output:

    Change Dir: /tmp/llvm-test-suite-build/CMakeFiles/CMakeTmp
    
    Run Build Command(s):/usr/bin/ninja cmTC_66d81 && [1/2] Building C object CMakeFiles/cmTC_66d81.dir/testCCompiler.c.o
    [2/2] Linking C executable cmTC_66d81
    FAILED: cmTC_66d81 
    : && /tmp/llvm-project-build-stage2/bin/clang   CMakeFiles/cmTC_66d81.dir/testCCompiler.c.o -o cmTC_66d81   && :
    /usr/bin/ld: /lib/x86_64-linux-gnu/Scrt1.o: in function `_start':
    (.text+0x1b): undefined reference to `main'
    clang: error: linker command failed with exit code 1 (use -v to see invocation)
    ninja: build stopped: subcommand failed.
    
    

  

  CMake will not be able to correctly generate this project.
Call Stack (most recent call first):
  CMakeLists.txt:6 (project)


ninja: error: loading 'build.ninja': No such file or directory
