MESSAGE: Execution of "sudo -u lctt-runner ./build_llvm_project_stage1.sh" failed

STDOUT:
                 from /var/llvm-compile-time-tracker/llvm-project/llvm/include/llvm/IR/Function.h:25,
                 from /var/llvm-compile-time-tracker/llvm-project/llvm/include/llvm/IR/CFG.h:26,
                 from /tmp/llvm-project-build-stage1/lib/IR/CMakeFiles/LLVMCore.dir/cmake_pch.hxx:6,
                 from <command-line>:
/var/llvm-compile-time-tracker/llvm-project/llvm/include/llvm/Support/CodeGen.h:23:13: note:                 ‘namespace llvm::Reloc { }’
   23 |   namespace Reloc {
      |             ^~~~~
/var/llvm-compile-time-tracker/llvm-project/lld/MachO/ObjC.cpp:1503:31: error: ‘Reloc’ has not been declared
 1503 |   auto removeAtOff = [offset](Reloc const &r) { return r.offset == offset; };
      |                               ^~~~~
/var/llvm-compile-time-tracker/llvm-project/lld/MachO/ObjC.cpp: In lambda function:
/var/llvm-compile-time-tracker/llvm-project/lld/MachO/ObjC.cpp:1503:58: error: request for member ‘offset’ in ‘r’, which is of non-class type ‘const int’
 1503 |   auto removeAtOff = [offset](Reloc const &r) { return r.offset == offset; };
      |                                                          ^~~~~~
In file included from /usr/include/c++/11/bits/stl_algobase.h:71,
                 from /usr/include/c++/11/bits/char_traits.h:39,
                 from /usr/include/c++/11/string:40,
                 from /usr/include/c++/11/bits/locale_classes.h:40,
                 from /usr/include/c++/11/bits/ios_base.h:41,
                 from /usr/include/c++/11/streambuf:41,
                 from /usr/include/c++/11/bits/streambuf_iterator.h:35,
                 from /usr/include/c++/11/iterator:66,
                 from /var/llvm-compile-time-tracker/llvm-project/llvm/include/llvm/ADT/ADL.h:13,
                 from /var/llvm-compile-time-tracker/llvm-project/llvm/include/llvm/ADT/DenseMap.h:17,
                 from /var/llvm-compile-time-tracker/llvm-project/llvm/include/llvm/IR/BasicBlock.h:17,
                 from /tmp/llvm-project-build-stage1/lib/IR/CMakeFiles/LLVMCore.dir/cmake_pch.hxx:5,
                 from <command-line>:
/usr/include/c++/11/bits/predefined_ops.h: In instantiation of ‘bool __gnu_cxx::__ops::_Iter_pred<_Predicate>::operator()(_Iterator) [with _Iterator = __gnu_cxx::__normal_iterator<lld::macho::Reloc*, std::vector<lld::macho::Reloc> >; _Predicate = {anonymous}::ObjcCategoryMerger::eraseSymbolAtIsecOffset(lld::macho::ConcatInputSection*, uint32_t)::<lambda(const int&)>]’:
/usr/include/c++/11/bits/stl_algo.h:822:13:   required from ‘_ForwardIterator std::__remove_if(_ForwardIterator, _ForwardIterator, _Predicate) [with _ForwardIterator = __gnu_cxx::__normal_iterator<lld::macho::Reloc*, std::vector<lld::macho::Reloc> >; _Predicate = __gnu_cxx::__ops::_Iter_pred<{anonymous}::ObjcCategoryMerger::eraseSymbolAtIsecOffset(lld::macho::ConcatInputSection*, uint32_t)::<lambda(const int&)> >]’
/usr/include/c++/11/bits/stl_algo.h:894:30:   required from ‘_FIter std::remove_if(_FIter, _FIter, _Predicate) [with _FIter = __gnu_cxx::__normal_iterator<lld::macho::Reloc*, std::vector<lld::macho::Reloc> >; _Predicate = {anonymous}::ObjcCategoryMerger::eraseSymbolAtIsecOffset(lld::macho::ConcatInputSection*, uint32_t)::<lambda(const int&)>]’
/var/llvm-compile-time-tracker/llvm-project/llvm/include/llvm/ADT/STLExtras.h:1783:24:   required from ‘auto llvm::remove_if(R&&, UnaryPredicate) [with R = std::vector<lld::macho::Reloc>&; UnaryPredicate = {anonymous}::ObjcCategoryMerger::eraseSymbolAtIsecOffset(lld::macho::ConcatInputSection*, uint32_t)::<lambda(const int&)>]’
/var/llvm-compile-time-tracker/llvm-project/llvm/include/llvm/ADT/STLExtras.h:2169:20:   required from ‘void llvm::erase_if(Container&, UnaryPredicate) [with Container = std::vector<lld::macho::Reloc>; UnaryPredicate = {anonymous}::ObjcCategoryMerger::eraseSymbolAtIsecOffset(lld::macho::ConcatInputSection*, uint32_t)::<lambda(const int&)>]’
/var/llvm-compile-time-tracker/llvm-project/lld/MachO/ObjC.cpp:1504:17:   required from here
/usr/include/c++/11/bits/predefined_ops.h:318:30: error: no match for call to ‘({anonymous}::ObjcCategoryMerger::eraseSymbolAtIsecOffset(lld::macho::ConcatInputSection*, uint32_t)::<lambda(const int&)>) (lld::macho::Reloc&)’
  318 |         { return bool(_M_pred(*__it)); }
      |                       ~~~~~~~^~~~~~~
/var/llvm-compile-time-tracker/llvm-project/lld/MachO/ObjC.cpp:1503:22: note: candidate: ‘{anonymous}::ObjcCategoryMerger::eraseSymbolAtIsecOffset(lld::macho::ConcatInputSection*, uint32_t)::<lambda(const int&)>’
 1503 |   auto removeAtOff = [offset](Reloc const &r) { return r.offset == offset; };
      |                      ^
/var/llvm-compile-time-tracker/llvm-project/lld/MachO/ObjC.cpp:1503:22: note:   no known conversion for argument 1 from ‘lld::macho::Reloc’ to ‘const int&’
/var/llvm-compile-time-tracker/llvm-project/lld/MachO/ObjC.cpp: At global scope:
/var/llvm-compile-time-tracker/llvm-project/lld/MachO/ObjC.cpp:1138:6: warning: ‘void {anonymous}::ObjcCategoryMerger::createSymbolReference(lld::macho::Defined*, const lld::macho::Symbol*, uint32_t, const int&)’ defined but not used [-Wunused-function]
 1138 | void ObjcCategoryMerger::createSymbolReference(Defined *refFrom,
      |      ^~~~~~~~~~~~~~~~~~
/var/llvm-compile-time-tracker/llvm-project/lld/MachO/ObjC.cpp:723:1: warning: ‘{anonymous}::ObjcCategoryMerger::PointerListInfo {anonymous}::ObjcCategoryMerger::parseProtocolListInfo(const lld::macho::ConcatInputSection*, uint32_t, {anonymous}::ObjcCategoryMerger::SourceLanguage)’ defined but not used [-Wunused-function]
  723 | ObjcCategoryMerger::parseProtocolListInfo(const ConcatInputSection *isec,
      | ^~~~~~~~~~~~~~~~~~
/var/llvm-compile-time-tracker/llvm-project/lld/MachO/ObjC.cpp:557:10: warning: ‘lld::macho::Defined* {anonymous}::ObjcCategoryMerger::tryFindDefinedOnIsec(const lld::macho::InputSection*, uint32_t)’ defined but not used [-Wunused-function]
  557 | Defined *ObjcCategoryMerger::tryFindDefinedOnIsec(const InputSection *isec,
      |          ^~~~~~~~~~~~~~~~~~
[3204/3235] Building CXX object tools/lld/MachO/CMakeFiles/lldMachO.dir/UnwindInfoSection.cpp.o
FAILED: tools/lld/MachO/CMakeFiles/lldMachO.dir/UnwindInfoSection.cpp.o 
CCACHE_CPP2=yes CCACHE_HASHDIR=yes CCACHE_SLOPPINESS=pch_defines,time_macros /usr/bin/ccache /usr/bin/c++ -DGTEST_HAS_RTTI=0 -D_GLIBCXX_USE_CXX11_ABI=1 -D_GNU_SOURCE -D__STDC_CONSTANT_MACROS -D__STDC_FORMAT_MACROS -D__STDC_LIMIT_MACROS -I/tmp/llvm-project-build-stage1/tools/lld/MachO -I/var/llvm-compile-time-tracker/llvm-project/lld/MachO -I/var/llvm-compile-time-tracker/llvm-project/lld/include -I/tmp/llvm-project-build-stage1/tools/lld/include -I/tmp/llvm-project-build-stage1/include -I/var/llvm-compile-time-tracker/llvm-project/llvm/include -I/var/llvm-compile-time-tracker/llvm-project/llvm/../libunwind/include -fPIC -fno-semantic-interposition -fvisibility-inlines-hidden -Werror=date-time -Wall -Wextra -Wno-unused-parameter -Wwrite-strings -Wcast-qual -Wno-missing-field-initializers -pedantic -Wno-long-long -Wimplicit-fallthrough -Wno-uninitialized -Wno-nonnull -Wno-class-memaccess -Wno-redundant-move -Wno-pessimizing-move -Wno-array-bounds -Wno-stringop-overread -Wno-noexcept-type -Wdelete-non-virtual-dtor -Wsuggest-override -Wno-comment -Wno-misleading-indentation -Wctad-maybe-unsupported -fdiagnostics-color -ffunction-sections -fdata-sections -O3 -DNDEBUG  -fno-exceptions -funwind-tables -fno-rtti -std=c++17 -Winvalid-pch -include /tmp/llvm-project-build-stage1/lib/IR/CMakeFiles/LLVMCore.dir/cmake_pch.hxx -MD -MT tools/lld/MachO/CMakeFiles/lldMachO.dir/UnwindInfoSection.cpp.o -MF tools/lld/MachO/CMakeFiles/lldMachO.dir/UnwindInfoSection.cpp.o.d -o tools/lld/MachO/CMakeFiles/lldMachO.dir/UnwindInfoSection.cpp.o -c /var/llvm-compile-time-tracker/llvm-project/lld/MachO/UnwindInfoSection.cpp
/var/llvm-compile-time-tracker/llvm-project/lld/MachO/UnwindInfoSection.cpp: In member function ‘void UnwindInfoSectionImpl::prepareRelocations(lld::macho::ConcatInputSection*)’:
/var/llvm-compile-time-tracker/llvm-project/lld/MachO/UnwindInfoSection.cpp:235:5: error: reference to ‘Reloc’ is ambiguous
  235 |     Reloc &r = isec->relocs[i];
      |     ^~~~~
In file included from /var/llvm-compile-time-tracker/llvm-project/lld/MachO/InputSection.h:13,
                 from /var/llvm-compile-time-tracker/llvm-project/lld/MachO/ConcatOutputSection.h:12,
                 from /var/llvm-compile-time-tracker/llvm-project/lld/MachO/UnwindInfoSection.h:12,
                 from /var/llvm-compile-time-tracker/llvm-project/lld/MachO/UnwindInfoSection.cpp:9:
/var/llvm-compile-time-tracker/llvm-project/lld/MachO/Relocations.h:54:8: note: candidates are: ‘struct lld::macho::Reloc’
   54 | struct Reloc {
      |        ^~~~~
In file included from /var/llvm-compile-time-tracker/llvm-project/llvm/include/llvm/IR/Attributes.h:24,
                 from /var/llvm-compile-time-tracker/llvm-project/llvm/include/llvm/IR/Argument.h:17,
                 from /var/llvm-compile-time-tracker/llvm-project/llvm/include/llvm/IR/Function.h:25,
                 from /var/llvm-compile-time-tracker/llvm-project/llvm/include/llvm/IR/CFG.h:26,
                 from /tmp/llvm-project-build-stage1/lib/IR/CMakeFiles/LLVMCore.dir/cmake_pch.hxx:6,
                 from <command-line>:
/var/llvm-compile-time-tracker/llvm-project/llvm/include/llvm/Support/CodeGen.h:23:13: note:                 ‘namespace llvm::Reloc { }’
   23 |   namespace Reloc {
      |             ^~~~~
/var/llvm-compile-time-tracker/llvm-project/lld/MachO/UnwindInfoSection.cpp:235:12: error: ‘r’ was not declared in this scope
  235 |     Reloc &r = isec->relocs[i];
      |            ^
/var/llvm-compile-time-tracker/llvm-project/lld/MachO/UnwindInfoSection.cpp:240:63: error: expected primary-expression before ‘*’ token
  240 |     if (auto *referentIsec = r.referent.dyn_cast<InputSection *>())
      |                                                               ^
/var/llvm-compile-time-tracker/llvm-project/lld/MachO/UnwindInfoSection.cpp:240:64: error: expected primary-expression before ‘>’ token
  240 |     if (auto *referentIsec = r.referent.dyn_cast<InputSection *>())
      |                                                                ^
/var/llvm-compile-time-tracker/llvm-project/lld/MachO/UnwindInfoSection.cpp:240:66: error: expected primary-expression before ‘)’ token
  240 |     if (auto *referentIsec = r.referent.dyn_cast<InputSection *>())
      |                                                                  ^
/var/llvm-compile-time-tracker/llvm-project/lld/MachO/UnwindInfoSection.cpp:250:46: error: expected primary-expression before ‘*’ token
  250 |     if (auto *s = r.referent.dyn_cast<Symbol *>()) {
      |                                              ^
/var/llvm-compile-time-tracker/llvm-project/lld/MachO/UnwindInfoSection.cpp:250:47: error: expected primary-expression before ‘>’ token
  250 |     if (auto *s = r.referent.dyn_cast<Symbol *>()) {
      |                                               ^
/var/llvm-compile-time-tracker/llvm-project/lld/MachO/UnwindInfoSection.cpp:250:49: error: expected primary-expression before ‘)’ token
  250 |     if (auto *s = r.referent.dyn_cast<Symbol *>()) {
      |                                                 ^
/var/llvm-compile-time-tracker/llvm-project/lld/MachO/UnwindInfoSection.cpp:280:29: error: no match for ‘operator[]’ (operand types are ‘llvm::SmallDenseMap<std::pair<lld::macho::InputSection*, long unsigned int>, lld::macho::Symbol*>’ and ‘<brace-enclosed initializer list>’)
  280 |             personalityTable[{defined->isec(), defined->value}];
      |                             ^
In file included from /var/llvm-compile-time-tracker/llvm-project/llvm/include/llvm/IR/BasicBlock.h:17,
                 from /tmp/llvm-project-build-stage1/lib/IR/CMakeFiles/LLVMCore.dir/cmake_pch.hxx:5,
                 from <command-line>:
/var/llvm-compile-time-tracker/llvm-project/llvm/include/llvm/ADT/DenseMap.h:349:11: note: candidate: ‘ValueT& llvm::DenseMapBase<DerivedT, KeyT, ValueT, KeyInfoT, BucketT>::operator[](const KeyT&) [with DerivedT = llvm::SmallDenseMap<std::pair<lld::macho::InputSection*, long unsigned int>, lld::macho::Symbol*>; KeyT = std::pair<lld::macho::InputSection*, long unsigned int>; ValueT = lld::macho::Symbol*; KeyInfoT = llvm::DenseMapInfo<std::pair<lld::macho::InputSection*, long unsigned int>, void>; BucketT = llvm::detail::DenseMapPair<std::pair<lld::macho::InputSection*, long unsigned int>, lld::macho::Symbol*>]’
  349 |   ValueT &operator[](const KeyT &Key) {
      |           ^~~~~~~~
/var/llvm-compile-time-tracker/llvm-project/llvm/include/llvm/ADT/DenseMap.h:349:34: note:   no known conversion for argument 1 from ‘<brace-enclosed initializer list>’ to ‘const std::pair<lld::macho::InputSection*, long unsigned int>&’
  349 |   ValueT &operator[](const KeyT &Key) {
      |                      ~~~~~~~~~~~~^~~
/var/llvm-compile-time-tracker/llvm-project/llvm/include/llvm/ADT/DenseMap.h:353:11: note: candidate: ‘ValueT& llvm::DenseMapBase<DerivedT, KeyT, ValueT, KeyInfoT, BucketT>::operator[](KeyT&&) [with DerivedT = llvm::SmallDenseMap<std::pair<lld::macho::InputSection*, long unsigned int>, lld::macho::Symbol*>; KeyT = std::pair<lld::macho::InputSection*, long unsigned int>; ValueT = lld::macho::Symbol*; KeyInfoT = llvm::DenseMapInfo<std::pair<lld::macho::InputSection*, long unsigned int>, void>; BucketT = llvm::detail::DenseMapPair<std::pair<lld::macho::InputSection*, long unsigned int>, lld::macho::Symbol*>]’
  353 |   ValueT &operator[](KeyT &&Key) {
      |           ^~~~~~~~
/var/llvm-compile-time-tracker/llvm-project/llvm/include/llvm/ADT/DenseMap.h:353:29: note:   no known conversion for argument 1 from ‘<brace-enclosed initializer list>’ to ‘std::pair<lld::macho::InputSection*, long unsigned int>&&’
  353 |   ValueT &operator[](KeyT &&Key) {
      |                      ~~~~~~~^~~
/var/llvm-compile-time-tracker/llvm-project/lld/MachO/UnwindInfoSection.cpp:295:63: error: expected primary-expression before ‘*’ token
  295 |     if (auto *referentIsec = r.referent.dyn_cast<InputSection *>()) {
      |                                                               ^
/var/llvm-compile-time-tracker/llvm-project/lld/MachO/UnwindInfoSection.cpp:295:64: error: expected primary-expression before ‘>’ token
  295 |     if (auto *referentIsec = r.referent.dyn_cast<InputSection *>()) {
      |                                                                ^
/var/llvm-compile-time-tracker/llvm-project/lld/MachO/UnwindInfoSection.cpp:295:66: error: expected primary-expression before ‘)’ token
  295 |     if (auto *referentIsec = r.referent.dyn_cast<InputSection *>()) {
      |                                                                  ^
/var/llvm-compile-time-tracker/llvm-project/lld/MachO/UnwindInfoSection.cpp:303:36: error: no match for ‘operator[]’ (operand types are ‘llvm::SmallDenseMap<std::pair<lld::macho::InputSection*, long unsigned int>, lld::macho::Symbol*>’ and ‘<brace-enclosed initializer list>’)
  303 |       Symbol *&s = personalityTable[{referentIsec, r.addend}];
      |                                    ^
In file included from /var/llvm-compile-time-tracker/llvm-project/llvm/include/llvm/IR/BasicBlock.h:17,
                 from /tmp/llvm-project-build-stage1/lib/IR/CMakeFiles/LLVMCore.dir/cmake_pch.hxx:5,
                 from <command-line>:
/var/llvm-compile-time-tracker/llvm-project/llvm/include/llvm/ADT/DenseMap.h:349:11: note: candidate: ‘ValueT& llvm::DenseMapBase<DerivedT, KeyT, ValueT, KeyInfoT, BucketT>::operator[](const KeyT&) [with DerivedT = llvm::SmallDenseMap<std::pair<lld::macho::InputSection*, long unsigned int>, lld::macho::Symbol*>; KeyT = std::pair<lld::macho::InputSection*, long unsigned int>; ValueT = lld::macho::Symbol*; KeyInfoT = llvm::DenseMapInfo<std::pair<lld::macho::InputSection*, long unsigned int>, void>; BucketT = llvm::detail::DenseMapPair<std::pair<lld::macho::InputSection*, long unsigned int>, lld::macho::Symbol*>]’
  349 |   ValueT &operator[](const KeyT &Key) {
      |           ^~~~~~~~
/var/llvm-compile-time-tracker/llvm-project/llvm/include/llvm/ADT/DenseMap.h:349:34: note:   no known conversion for argument 1 from ‘<brace-enclosed initializer list>’ to ‘const std::pair<lld::macho::InputSection*, long unsigned int>&’
  349 |   ValueT &operator[](const KeyT &Key) {
      |                      ~~~~~~~~~~~~^~~
/var/llvm-compile-time-tracker/llvm-project/llvm/include/llvm/ADT/DenseMap.h:353:11: note: candidate: ‘ValueT& llvm::DenseMapBase<DerivedT, KeyT, ValueT, KeyInfoT, BucketT>::operator[](KeyT&&) [with DerivedT = llvm::SmallDenseMap<std::pair<lld::macho::InputSection*, long unsigned int>, lld::macho::Symbol*>; KeyT = std::pair<lld::macho::InputSection*, long unsigned int>; ValueT = lld::macho::Symbol*; KeyInfoT = llvm::DenseMapInfo<std::pair<lld::macho::InputSection*, long unsigned int>, void>; BucketT = llvm::detail::DenseMapPair<std::pair<lld::macho::InputSection*, long unsigned int>, lld::macho::Symbol*>]’
  353 |   ValueT &operator[](KeyT &&Key) {
      |           ^~~~~~~~
/var/llvm-compile-time-tracker/llvm-project/llvm/include/llvm/ADT/DenseMap.h:353:29: note:   no known conversion for argument 1 from ‘<brace-enclosed initializer list>’ to ‘std::pair<lld::macho::InputSection*, long unsigned int>&&’
  353 |   ValueT &operator[](KeyT &&Key) {
      |                      ~~~~~~~^~~
/var/llvm-compile-time-tracker/llvm-project/lld/MachO/UnwindInfoSection.cpp: In lambda function:
/var/llvm-compile-time-tracker/llvm-project/lld/MachO/UnwindInfoSection.cpp:389:16: error: reference to ‘Reloc’ is ambiguous
  389 |     for (const Reloc &r : d->unwindEntry()->relocs) {
      |                ^~~~~
In file included from /var/llvm-compile-time-tracker/llvm-project/lld/MachO/InputSection.h:13,
                 from /var/llvm-compile-time-tracker/llvm-project/lld/MachO/ConcatOutputSection.h:12,
                 from /var/llvm-compile-time-tracker/llvm-project/lld/MachO/UnwindInfoSection.h:12,
                 from /var/llvm-compile-time-tracker/llvm-project/lld/MachO/UnwindInfoSection.cpp:9:
/var/llvm-compile-time-tracker/llvm-project/lld/MachO/Relocations.h:54:8: note: candidates are: ‘struct lld::macho::Reloc’
   54 | struct Reloc {
      |        ^~~~~
In file included from /var/llvm-compile-time-tracker/llvm-project/llvm/include/llvm/IR/Attributes.h:24,
                 from /var/llvm-compile-time-tracker/llvm-project/llvm/include/llvm/IR/Argument.h:17,
                 from /var/llvm-compile-time-tracker/llvm-project/llvm/include/llvm/IR/Function.h:25,
                 from /var/llvm-compile-time-tracker/llvm-project/llvm/include/llvm/IR/CFG.h:26,
                 from /tmp/llvm-project-build-stage1/lib/IR/CMakeFiles/LLVMCore.dir/cmake_pch.hxx:6,
                 from <command-line>:
/var/llvm-compile-time-tracker/llvm-project/llvm/include/llvm/Support/CodeGen.h:23:13: note:                 ‘namespace llvm::Reloc { }’
   23 |   namespace Reloc {
      |             ^~~~~
/var/llvm-compile-time-tracker/llvm-project/lld/MachO/UnwindInfoSection.cpp:394:6: error: expected ‘;’ before ‘}’ token
  394 |     }
      |      ^
      |      ;
  395 |   });
      |   ~   
/var/llvm-compile-time-tracker/llvm-project/lld/MachO/UnwindInfoSection.cpp:395:3: error: expected primary-expression before ‘}’ token
  395 |   });
      |   ^
/var/llvm-compile-time-tracker/llvm-project/lld/MachO/UnwindInfoSection.cpp:394:6: error: expected ‘;’ before ‘}’ token
  394 |     }
      |      ^
      |      ;
  395 |   });
      |   ~   
/var/llvm-compile-time-tracker/llvm-project/lld/MachO/UnwindInfoSection.cpp:395:3: error: expected primary-expression before ‘}’ token
  395 |   });
      |   ^
/var/llvm-compile-time-tracker/llvm-project/lld/MachO/UnwindInfoSection.cpp:394:6: error: expected ‘)’ before ‘}’ token
  394 |     }
      |      ^
      |      )
  395 |   });
      |   ~   
/var/llvm-compile-time-tracker/llvm-project/lld/MachO/UnwindInfoSection.cpp:389:9: note: to match this ‘(’
  389 |     for (const Reloc &r : d->unwindEntry()->relocs) {
      |         ^
/var/llvm-compile-time-tracker/llvm-project/lld/MachO/UnwindInfoSection.cpp:395:3: error: expected primary-expression before ‘}’ token
  395 |   });
      |   ^
[3205/3235] Building CXX object tools/lld/MachO/CMakeFiles/lldMachO.dir/OutputSegment.cpp.o
[3206/3235] Building CXX object tools/lld/MachO/CMakeFiles/lldMachO.dir/SymbolTable.cpp.o
[3207/3235] Building CXX object tools/lld/MachO/CMakeFiles/lldMachO.dir/SectionPriorities.cpp.o
[3208/3235] Building CXX object tools/lld/MachO/CMakeFiles/lldMachO.dir/Writer.cpp.o
[3209/3235] Building CXX object tools/lld/MachO/CMakeFiles/lldMachO.dir/BPSectionOrderer.cpp.o
[3210/3235] Building CXX object tools/lld/wasm/CMakeFiles/lldWasm.dir/InputChunks.cpp.o
[3211/3235] Building CXX object tools/lld/MachO/CMakeFiles/lldMachO.dir/SyntheticSections.cpp.o
[3212/3235] Building CXX object tools/lld/wasm/CMakeFiles/lldWasm.dir/Driver.cpp.o
[3213/3235] Building CXX object tools/lld/wasm/CMakeFiles/lldWasm.dir/InputFiles.cpp.o
ninja: build stopped: subcommand failed.


STDERR:
CMake Deprecation Warning at /var/llvm-compile-time-tracker/llvm-project/clang/CMakeLists.txt:456 (message):
  'CLANG_ENABLE_ARCMT' is deprecated as ARCMigrate has been removed from
  Clang.  Please use 'CLANG_ENABLE_OBJC_REWRITER' instead to enable or
  disable the Objective-C rewriter.


Command exited with non-zero status 1
263.38user 90.32system 0:29.39elapsed 1203%CPU (0avgtext+0avgdata 970100maxresident)k
0inputs+5034288outputs (26600major+10691747minor)pagefaults 0swaps
