MESSAGE: Execution of "sudo -u lctt-runner ./build_llvm_project_stage1.sh" failed

STDOUT:
[2921/3220] Building CXX object tools/clang/lib/Frontend/CMakeFiles/obj.clangFrontend.dir/PrecompiledPreamble.cpp.o
[2922/3220] Building CXX object tools/clang/lib/Frontend/CMakeFiles/obj.clangFrontend.dir/TextDiagnosticBuffer.cpp.o
[2923/3220] Building CXX object tools/clang/lib/Frontend/CMakeFiles/obj.clangFrontend.dir/TextDiagnostic.cpp.o
[2924/3220] Building CXX object tools/clang/lib/Frontend/CMakeFiles/obj.clangFrontend.dir/TextDiagnosticPrinter.cpp.o
[2925/3220] Building CXX object tools/clang/lib/Frontend/CMakeFiles/obj.clangFrontend.dir/TestModuleFileExtension.cpp.o
[2926/3220] Building CXX object tools/clang/lib/Frontend/CMakeFiles/obj.clangFrontend.dir/InterfaceStubFunctionsConsumer.cpp.o
[2927/3220] Building CXX object tools/clang/lib/Frontend/Rewrite/CMakeFiles/obj.clangRewriteFrontend.dir/RewriteModernObjC.cpp.o
[2928/3220] Building CXX object tools/clang/lib/Frontend/Rewrite/CMakeFiles/obj.clangRewriteFrontend.dir/FrontendActions.cpp.o
[2929/3220] Building CXX object tools/clang/lib/Frontend/Rewrite/CMakeFiles/obj.clangRewriteFrontend.dir/HTMLPrint.cpp.o
[2930/3220] Building CXX object tools/clang/lib/Frontend/CMakeFiles/obj.clangFrontend.dir/VerifyDiagnosticConsumer.cpp.o
[2931/3220] Building CXX object tools/clang/lib/Frontend/Rewrite/CMakeFiles/obj.clangRewriteFrontend.dir/RewriteMacros.cpp.o
[2932/3220] Building CXX object tools/clang/lib/Frontend/Rewrite/CMakeFiles/obj.clangRewriteFrontend.dir/RewriteObjC.cpp.o
[2933/3220] Building CXX object tools/clang/lib/Frontend/Rewrite/CMakeFiles/obj.clangRewriteFrontend.dir/RewriteTest.cpp.o
[2934/3220] Building CXX object tools/clang/lib/Tooling/Core/CMakeFiles/obj.clangToolingCore.dir/Diagnostic.cpp.o
[2935/3220] Building CXX object tools/clang/lib/Frontend/Rewrite/CMakeFiles/obj.clangRewriteFrontend.dir/InclusionRewriter.cpp.o
[2936/3220] Building CXX object tools/clang/lib/Frontend/Rewrite/CMakeFiles/obj.clangRewriteFrontend.dir/FixItRewriter.cpp.o
[2937/3220] Building CXX object tools/clang/lib/Tooling/Inclusions/CMakeFiles/obj.clangToolingInclusions.dir/IncludeStyle.cpp.o
[2938/3220] Building CXX object tools/clang/lib/Tooling/Core/CMakeFiles/obj.clangToolingCore.dir/Replacement.cpp.o
[2939/3220] Building CXX object tools/clang/lib/FrontendTool/CMakeFiles/obj.clangFrontendTool.dir/ExecuteCompilerInvocation.cpp.o
[2940/3220] Building CXX object tools/clang/lib/Format/CMakeFiles/obj.clangFormat.dir/AffectedRangeManager.cpp.o
[2941/3220] Building CXX object tools/clang/lib/Index/CMakeFiles/obj.clangIndex.dir/IndexDecl.cpp.o
[2942/3220] Building CXX object tools/clang/lib/Tooling/Inclusions/CMakeFiles/obj.clangToolingInclusions.dir/HeaderIncludes.cpp.o
[2943/3220] Building CXX object tools/clang/lib/Tooling/Inclusions/CMakeFiles/obj.clangToolingInclusions.dir/HeaderAnalysis.cpp.o
[2944/3220] Building CXX object tools/clang/lib/Index/CMakeFiles/obj.clangIndex.dir/IndexingContext.cpp.o
[2945/3220] Building CXX object tools/clang/lib/Index/CMakeFiles/obj.clangIndex.dir/FileIndexRecord.cpp.o
[2946/3220] Building CXX object tools/clang/lib/Index/CMakeFiles/obj.clangIndex.dir/IndexingAction.cpp.o
[2947/3220] Linking CXX static library lib/libclangToolingCore.a
[2948/3220] Building CXX object tools/clang/lib/Index/CMakeFiles/obj.clangIndex.dir/CommentToXML.cpp.o
[2949/3220] Building CXX object tools/clang/lib/Index/CMakeFiles/obj.clangIndex.dir/IndexBody.cpp.o
[2950/3220] Building CXX object tools/clang/lib/Index/CMakeFiles/obj.clangIndex.dir/IndexTypeSourceInfo.cpp.o
[2951/3220] Building CXX object tools/clang/lib/Index/CMakeFiles/obj.clangIndex.dir/IndexSymbol.cpp.o
[2952/3220] Building CXX object tools/clang/lib/InstallAPI/CMakeFiles/obj.clangInstallAPI.dir/DirectoryScanner.cpp.o
[2953/3220] Building CXX object tools/clang/lib/Index/CMakeFiles/obj.clangIndex.dir/USRGeneration.cpp.o
[2954/3220] Building CXX object tools/clang/lib/InstallAPI/CMakeFiles/obj.clangInstallAPI.dir/DylibVerifier.cpp.o
[2955/3220] Building CXX object tools/clang/lib/InstallAPI/CMakeFiles/obj.clangInstallAPI.dir/Frontend.cpp.o
[2956/3220] Building CXX object tools/clang/lib/InstallAPI/CMakeFiles/obj.clangInstallAPI.dir/FileList.cpp.o
[2957/3220] Building CXX object tools/clang/lib/InstallAPI/CMakeFiles/obj.clangInstallAPI.dir/HeaderFile.cpp.o
[2958/3220] Building CXX object tools/clang/lib/InstallAPI/CMakeFiles/obj.clangInstallAPI.dir/Library.cpp.o
[2959/3220] Building CXX object tools/clang/lib/InstallAPI/CMakeFiles/obj.clangInstallAPI.dir/DiagnosticBuilderWrappers.cpp.o
[2960/3220] Building CXX object tools/clang/lib/Format/CMakeFiles/obj.clangFormat.dir/BreakableToken.cpp.o
[2961/3220] Building CXX object tools/clang/lib/Format/CMakeFiles/obj.clangFormat.dir/ContinuationIndenter.cpp.o
[2962/3220] Building CXX object tools/clang/lib/Format/CMakeFiles/obj.clangFormat.dir/FormatToken.cpp.o
[2963/3220] Building CXX object tools/clang/lib/Format/CMakeFiles/obj.clangFormat.dir/DefinitionBlockSeparator.cpp.o
[2964/3220] Building CXX object tools/clang/lib/InstallAPI/CMakeFiles/obj.clangInstallAPI.dir/Visitor.cpp.o
[2965/3220] Building CXX object tools/clang/lib/Format/CMakeFiles/obj.clangFormat.dir/Format.cpp.o
[2966/3220] Building CXX object tools/clang/lib/Format/CMakeFiles/obj.clangFormat.dir/FormatTokenLexer.cpp.o
[2967/3220] Linking CXX static library lib/libclangToolingInclusions.a
[2968/3220] Building CXX object tools/clang/lib/Format/CMakeFiles/obj.clangFormat.dir/IntegerLiteralSeparatorFixer.cpp.o
[2969/3220] Building CXX object tools/clang/lib/Format/CMakeFiles/obj.clangFormat.dir/MacroCallReconstructor.cpp.o
[2970/3220] Building CXX object tools/clang/lib/Format/CMakeFiles/obj.clangFormat.dir/MacroExpander.cpp.o
[2971/3220] Building CXX object tools/clang/lib/Format/CMakeFiles/obj.clangFormat.dir/MatchFilePath.cpp.o
[2972/3220] Building CXX object tools/clang/lib/Format/CMakeFiles/obj.clangFormat.dir/NamespaceEndCommentsFixer.cpp.o
[2973/3220] Building CXX object tools/clang/lib/AST/CMakeFiles/obj.clangAST.dir/ByteCode/EvalEmitter.cpp.o
FAILED: tools/clang/lib/AST/CMakeFiles/obj.clangAST.dir/ByteCode/EvalEmitter.cpp.o 
CCACHE_CPP2=yes CCACHE_HASHDIR=yes CCACHE_SLOPPINESS=pch_defines,time_macros /usr/bin/ccache /usr/bin/c++ -DCLANG_EXPORTS -DGTEST_HAS_RTTI=0 -D_GLIBCXX_USE_CXX11_ABI=1 -D_GNU_SOURCE -D__STDC_CONSTANT_MACROS -D__STDC_FORMAT_MACROS -D__STDC_LIMIT_MACROS -I/tmp/llvm-project-build-stage1/tools/clang/lib/AST -I/var/llvm-compile-time-tracker/llvm-project/clang/lib/AST -I/var/llvm-compile-time-tracker/llvm-project/clang/include -I/tmp/llvm-project-build-stage1/tools/clang/include -I/tmp/llvm-project-build-stage1/include -I/var/llvm-compile-time-tracker/llvm-project/llvm/include -fPIC -fno-semantic-interposition -fvisibility-inlines-hidden -Werror=date-time -Wall -Wextra -Wno-unused-parameter -Wwrite-strings -Wcast-qual -Wno-missing-field-initializers -pedantic -Wno-long-long -Wimplicit-fallthrough -Wno-uninitialized -Wno-nonnull -Wno-class-memaccess -Wno-redundant-move -Wno-pessimizing-move -Wno-array-bounds -Wno-stringop-overread -Wno-noexcept-type -Wdelete-non-virtual-dtor -Wsuggest-override -Wno-comment -Wno-misleading-indentation -Wctad-maybe-unsupported -fdiagnostics-color -ffunction-sections -fdata-sections -fno-common -Woverloaded-virtual -O3 -DNDEBUG  -fno-exceptions -funwind-tables -fno-rtti -std=c++17 -MD -MT tools/clang/lib/AST/CMakeFiles/obj.clangAST.dir/ByteCode/EvalEmitter.cpp.o -MF tools/clang/lib/AST/CMakeFiles/obj.clangAST.dir/ByteCode/EvalEmitter.cpp.o.d -o tools/clang/lib/AST/CMakeFiles/obj.clangAST.dir/ByteCode/EvalEmitter.cpp.o -c /var/llvm-compile-time-tracker/llvm-project/clang/lib/AST/ByteCode/EvalEmitter.cpp
In file included from /var/llvm-compile-time-tracker/llvm-project/clang/lib/AST/ByteCode/EvalEmitter.cpp:12:
/var/llvm-compile-time-tracker/llvm-project/clang/lib/AST/ByteCode/Interp.h: In function ‘bool clang::interp::SubPtr(clang::interp::InterpState&, clang::interp::CodePtr, bool)’:
/var/llvm-compile-time-tracker/llvm-project/clang/lib/AST/ByteCode/Interp.h:2456:1: error: version control conflict marker in file
 2456 | <<<<<<< HEAD
      | ^~~~~~~
/var/llvm-compile-time-tracker/llvm-project/clang/lib/AST/ByteCode/Interp.h:2466:1: error: expected primary-expression before ‘||’ token
 2466 | ||||||| parent of 97345d13751b ([clang]bytecode] Add degenerate pointers)
      | ^~
/var/llvm-compile-time-tracker/llvm-project/clang/lib/AST/ByteCode/Interp.h:2466:3: error: expected primary-expression before ‘||’ token
 2466 | ||||||| parent of 97345d13751b ([clang]bytecode] Add degenerate pointers)
      |   ^~
/var/llvm-compile-time-tracker/llvm-project/clang/lib/AST/ByteCode/Interp.h:2466:5: error: expected primary-expression before ‘||’ token
 2466 | ||||||| parent of 97345d13751b ([clang]bytecode] Add degenerate pointers)
      |     ^~
/var/llvm-compile-time-tracker/llvm-project/clang/lib/AST/ByteCode/Interp.h:2466:7: error: expected primary-expression before ‘|’ token
 2466 | ||||||| parent of 97345d13751b ([clang]bytecode] Add degenerate pointers)
      |       ^
/var/llvm-compile-time-tracker/llvm-project/clang/lib/AST/ByteCode/Interp.h:2466:9: error: ‘parent’ was not declared in this scope
 2466 | ||||||| parent of 97345d13751b ([clang]bytecode] Add degenerate pointers)
      |         ^~~~~~
/var/llvm-compile-time-tracker/llvm-project/clang/lib/AST/ByteCode/Interp.h:2467:37: error: expected primary-expression before ‘)’ token
 2467 |   for (const Pointer &P : {LHS, RHS}) {
      |                                     ^
/var/llvm-compile-time-tracker/llvm-project/clang/lib/AST/ByteCode/Interp.h:2488:11: error: redeclaration of ‘int64_t B64’
 2488 |   int64_t B64 =
      |           ^~~
/var/llvm-compile-time-tracker/llvm-project/clang/lib/AST/ByteCode/Interp.h:2462:11: note: ‘int64_t B64’ previously declared here
 2462 |   int64_t B64 =
      |           ^~~
/var/llvm-compile-time-tracker/llvm-project/clang/lib/AST/ByteCode/Interp.h:2492:1: error: version control conflict marker in file
 2492 | =======
      | ^~~~~~~
/var/llvm-compile-time-tracker/llvm-project/clang/lib/AST/ByteCode/Interp.h:2493:37: error: expected primary-expression before ‘)’ token
 2493 |   for (const Pointer &P : {LHS, RHS}) {
      |                                     ^
/var/llvm-compile-time-tracker/llvm-project/clang/lib/AST/ByteCode/Interp.h:2509:11: error: redeclaration of ‘int64_t A64’
 2509 |   int64_t A64;
      |           ^~~
/var/llvm-compile-time-tracker/llvm-project/clang/lib/AST/ByteCode/Interp.h:2483:11: note: ‘int64_t A64’ previously declared here
 2483 |   int64_t A64 =
      |           ^~~
/var/llvm-compile-time-tracker/llvm-project/clang/lib/AST/ByteCode/Interp.h:2510:11: error: redeclaration of ‘int64_t B64’
 2510 |   int64_t B64;
      |           ^~~
/var/llvm-compile-time-tracker/llvm-project/clang/lib/AST/ByteCode/Interp.h:2462:11: note: ‘int64_t B64’ previously declared here
 2462 |   int64_t B64 =
      |           ^~~
/var/llvm-compile-time-tracker/llvm-project/clang/lib/AST/ByteCode/Interp.h:2511:1: error: version control conflict marker in file
 2511 | >>>>>>> 97345d13751b ([clang]bytecode] Add degenerate pointers)
      | ^~~~~~~
/var/llvm-compile-time-tracker/llvm-project/clang/lib/AST/ByteCode/Interp.h:2516:5: error: ‘else’ without a previous ‘if’
 2516 |   } else {
      |     ^~~~
[2974/3220] Building CXX object tools/clang/lib/Format/CMakeFiles/obj.clangFormat.dir/NumericLiteralInfo.cpp.o
[2975/3220] Building CXX object tools/clang/lib/Format/CMakeFiles/obj.clangFormat.dir/ObjCPropertyAttributeOrderFixer.cpp.o
[2976/3220] Building CXX object tools/clang/lib/Format/CMakeFiles/obj.clangFormat.dir/NumericLiteralCaseFixer.cpp.o
[2977/3220] Building CXX object tools/clang/lib/Format/CMakeFiles/obj.clangFormat.dir/QualifierAlignmentFixer.cpp.o
[2978/3220] Building CXX object tools/clang/lib/Format/CMakeFiles/obj.clangFormat.dir/SortJavaScriptImports.cpp.o
[2979/3220] Building CXX object tools/clang/lib/Format/CMakeFiles/obj.clangFormat.dir/TokenAnalyzer.cpp.o
[2980/3220] Building CXX object tools/clang/lib/Format/CMakeFiles/obj.clangFormat.dir/UnwrappedLineFormatter.cpp.o
[2981/3220] Building CXX object tools/clang/lib/Format/CMakeFiles/obj.clangFormat.dir/TokenAnnotator.cpp.o
[2982/3220] Building CXX object tools/clang/lib/AST/CMakeFiles/obj.clangAST.dir/ByteCode/Pointer.cpp.o
In file included from /var/llvm-compile-time-tracker/llvm-project/llvm/include/llvm/ADT/APFloat.h:18,
                 from /var/llvm-compile-time-tracker/llvm-project/clang/include/clang/AST/APNumericStorage.h:12,
                 from /var/llvm-compile-time-tracker/llvm-project/clang/include/clang/AST/Decl.h:16,
                 from /var/llvm-compile-time-tracker/llvm-project/clang/lib/AST/ByteCode/Descriptor.h:17,
                 from /var/llvm-compile-time-tracker/llvm-project/clang/lib/AST/ByteCode/Pointer.h:16,
                 from /var/llvm-compile-time-tracker/llvm-project/clang/lib/AST/ByteCode/Pointer.cpp:9:
In destructor ‘llvm::APInt::~APInt()’,
    inlined from ‘llvm::APSInt::~APSInt()’ at /var/llvm-compile-time-tracker/llvm-project/llvm/include/llvm/ADT/APSInt.h:24:21,
    inlined from ‘clang::interp::Pointer::toRValue(const clang::interp::Context&, clang::QualType) const::<lambda(clang::QualType, const clang::interp::Pointer&, clang::APValue&)>’ at /var/llvm-compile-time-tracker/llvm-project/clang/lib/AST/ByteCode/Pointer.cpp:924:9:
/var/llvm-compile-time-tracker/llvm-project/llvm/include/llvm/ADT/APInt.h:193:18: warning: ‘void operator delete [](void*)’ called on a pointer to an unallocated object ‘1’ [-Wfree-nonheap-object]
  193 |       delete[] U.pVal;
      |                  ^~~~
In destructor ‘llvm::APInt::~APInt()’,
    inlined from ‘llvm::APSInt::~APSInt()’ at /var/llvm-compile-time-tracker/llvm-project/llvm/include/llvm/ADT/APSInt.h:24:21,
    inlined from ‘clang::interp::Pointer::toRValue(const clang::interp::Context&, clang::QualType) const::<lambda(clang::QualType, const clang::interp::Pointer&, clang::APValue&)>’ at /var/llvm-compile-time-tracker/llvm-project/clang/lib/AST/ByteCode/Pointer.cpp:924:9:
/var/llvm-compile-time-tracker/llvm-project/llvm/include/llvm/ADT/APInt.h:193:18: warning: ‘void operator delete [](void*)’ called on a pointer to an unallocated object ‘1’ [-Wfree-nonheap-object]
  193 |       delete[] U.pVal;
      |                  ^~~~
[2983/3220] Building CXX object tools/clang/lib/AST/CMakeFiles/obj.clangAST.dir/ByteCode/Context.cpp.o
[2984/3220] Building CXX object tools/clang/lib/AST/CMakeFiles/obj.clangAST.dir/ByteCode/Interp.cpp.o
FAILED: tools/clang/lib/AST/CMakeFiles/obj.clangAST.dir/ByteCode/Interp.cpp.o 
CCACHE_CPP2=yes CCACHE_HASHDIR=yes CCACHE_SLOPPINESS=pch_defines,time_macros /usr/bin/ccache /usr/bin/c++ -DCLANG_EXPORTS -DGTEST_HAS_RTTI=0 -D_GLIBCXX_USE_CXX11_ABI=1 -D_GNU_SOURCE -D__STDC_CONSTANT_MACROS -D__STDC_FORMAT_MACROS -D__STDC_LIMIT_MACROS -I/tmp/llvm-project-build-stage1/tools/clang/lib/AST -I/var/llvm-compile-time-tracker/llvm-project/clang/lib/AST -I/var/llvm-compile-time-tracker/llvm-project/clang/include -I/tmp/llvm-project-build-stage1/tools/clang/include -I/tmp/llvm-project-build-stage1/include -I/var/llvm-compile-time-tracker/llvm-project/llvm/include -fPIC -fno-semantic-interposition -fvisibility-inlines-hidden -Werror=date-time -Wall -Wextra -Wno-unused-parameter -Wwrite-strings -Wcast-qual -Wno-missing-field-initializers -pedantic -Wno-long-long -Wimplicit-fallthrough -Wno-uninitialized -Wno-nonnull -Wno-class-memaccess -Wno-redundant-move -Wno-pessimizing-move -Wno-array-bounds -Wno-stringop-overread -Wno-noexcept-type -Wdelete-non-virtual-dtor -Wsuggest-override -Wno-comment -Wno-misleading-indentation -Wctad-maybe-unsupported -fdiagnostics-color -ffunction-sections -fdata-sections -fno-common -Woverloaded-virtual -O3 -DNDEBUG  -fno-exceptions -funwind-tables -fno-rtti -std=c++17 -MD -MT tools/clang/lib/AST/CMakeFiles/obj.clangAST.dir/ByteCode/Interp.cpp.o -MF tools/clang/lib/AST/CMakeFiles/obj.clangAST.dir/ByteCode/Interp.cpp.o.d -o tools/clang/lib/AST/CMakeFiles/obj.clangAST.dir/ByteCode/Interp.cpp.o -c /var/llvm-compile-time-tracker/llvm-project/clang/lib/AST/ByteCode/Interp.cpp
In file included from /var/llvm-compile-time-tracker/llvm-project/clang/lib/AST/ByteCode/Interp.cpp:9:
/var/llvm-compile-time-tracker/llvm-project/clang/lib/AST/ByteCode/Interp.h: In function ‘bool clang::interp::SubPtr(clang::interp::InterpState&, clang::interp::CodePtr, bool)’:
/var/llvm-compile-time-tracker/llvm-project/clang/lib/AST/ByteCode/Interp.h:2456:1: error: version control conflict marker in file
 2456 | <<<<<<< HEAD
      | ^~~~~~~
/var/llvm-compile-time-tracker/llvm-project/clang/lib/AST/ByteCode/Interp.h:2466:1: error: expected primary-expression before ‘||’ token
 2466 | ||||||| parent of 97345d13751b ([clang]bytecode] Add degenerate pointers)
      | ^~
/var/llvm-compile-time-tracker/llvm-project/clang/lib/AST/ByteCode/Interp.h:2466:3: error: expected primary-expression before ‘||’ token
 2466 | ||||||| parent of 97345d13751b ([clang]bytecode] Add degenerate pointers)
      |   ^~
/var/llvm-compile-time-tracker/llvm-project/clang/lib/AST/ByteCode/Interp.h:2466:5: error: expected primary-expression before ‘||’ token
 2466 | ||||||| parent of 97345d13751b ([clang]bytecode] Add degenerate pointers)
      |     ^~
/var/llvm-compile-time-tracker/llvm-project/clang/lib/AST/ByteCode/Interp.h:2466:7: error: expected primary-expression before ‘|’ token
 2466 | ||||||| parent of 97345d13751b ([clang]bytecode] Add degenerate pointers)
      |       ^
/var/llvm-compile-time-tracker/llvm-project/clang/lib/AST/ByteCode/Interp.h:2466:9: error: ‘parent’ was not declared in this scope
 2466 | ||||||| parent of 97345d13751b ([clang]bytecode] Add degenerate pointers)
      |         ^~~~~~
/var/llvm-compile-time-tracker/llvm-project/clang/lib/AST/ByteCode/Interp.h:2467:37: error: expected primary-expression before ‘)’ token
 2467 |   for (const Pointer &P : {LHS, RHS}) {
      |                                     ^
/var/llvm-compile-time-tracker/llvm-project/clang/lib/AST/ByteCode/Interp.h:2488:11: error: redeclaration of ‘int64_t B64’
 2488 |   int64_t B64 =
      |           ^~~
/var/llvm-compile-time-tracker/llvm-project/clang/lib/AST/ByteCode/Interp.h:2462:11: note: ‘int64_t B64’ previously declared here
 2462 |   int64_t B64 =
      |           ^~~
/var/llvm-compile-time-tracker/llvm-project/clang/lib/AST/ByteCode/Interp.h:2492:1: error: version control conflict marker in file
 2492 | =======
      | ^~~~~~~
/var/llvm-compile-time-tracker/llvm-project/clang/lib/AST/ByteCode/Interp.h:2493:37: error: expected primary-expression before ‘)’ token
 2493 |   for (const Pointer &P : {LHS, RHS}) {
      |                                     ^
/var/llvm-compile-time-tracker/llvm-project/clang/lib/AST/ByteCode/Interp.h:2509:11: error: redeclaration of ‘int64_t A64’
 2509 |   int64_t A64;
      |           ^~~
/var/llvm-compile-time-tracker/llvm-project/clang/lib/AST/ByteCode/Interp.h:2483:11: note: ‘int64_t A64’ previously declared here
 2483 |   int64_t A64 =
      |           ^~~
/var/llvm-compile-time-tracker/llvm-project/clang/lib/AST/ByteCode/Interp.h:2510:11: error: redeclaration of ‘int64_t B64’
 2510 |   int64_t B64;
      |           ^~~
/var/llvm-compile-time-tracker/llvm-project/clang/lib/AST/ByteCode/Interp.h:2462:11: note: ‘int64_t B64’ previously declared here
 2462 |   int64_t B64 =
      |           ^~~
/var/llvm-compile-time-tracker/llvm-project/clang/lib/AST/ByteCode/Interp.h:2511:1: error: version control conflict marker in file
 2511 | >>>>>>> 97345d13751b ([clang]bytecode] Add degenerate pointers)
      | ^~~~~~~
/var/llvm-compile-time-tracker/llvm-project/clang/lib/AST/ByteCode/Interp.h:2516:5: error: ‘else’ without a previous ‘if’
 2516 |   } else {
      |     ^~~~
[2985/3220] Building CXX object tools/clang/lib/Driver/CMakeFiles/obj.clangDriver.dir/ToolChains/HIPUtility.cpp.o
[2986/3220] Building AArch64GenInstrInfo.inc...
[2987/3220] Building AArch64GenSubtargetInfo.inc...
[2988/3220] Building CXX object tools/clang/lib/AST/CMakeFiles/obj.clangAST.dir/ByteCode/InterpBuiltin.cpp.o
[2989/3220] Building CXX object tools/clang/lib/AST/CMakeFiles/obj.clangAST.dir/ByteCode/Disasm.cpp.o
[2990/3220] Building CXX object tools/clang/lib/AST/CMakeFiles/obj.clangAST.dir/ByteCode/Compiler.cpp.o
ninja: build stopped: subcommand failed.


STDERR:
CMake Deprecation Warning at /var/llvm-compile-time-tracker/llvm-project/clang/CMakeLists.txt:456 (message):
  'CLANG_ENABLE_ARCMT' is deprecated as ARCMigrate has been removed from
  Clang.  Please use 'CLANG_ENABLE_OBJC_REWRITER' instead to enable or
  disable the Objective-C rewriter.


Command exited with non-zero status 1
183.39user 18.06system 0:16.58elapsed 1214%CPU (0avgtext+0avgdata 786852maxresident)k
48inputs+2780016outputs (3357major+8520268minor)pagefaults 0swaps
