MESSAGE: Execution of "sudo -u lctt-runner ./build_llvm_project_stage1.sh" failed

STDOUT:
[2058/2676] Building CXX object tools/clang/lib/CodeGen/CMakeFiles/obj.clangCodeGen.dir/CGDebugInfo.cpp.o
[2059/2676] Building CXX object tools/clang/lib/CodeGen/CMakeFiles/obj.clangCodeGen.dir/CGLoopInfo.cpp.o
[2060/2676] Building CXX object tools/clang/lib/CodeGen/CMakeFiles/obj.clangCodeGen.dir/CGExprAgg.cpp.o
[2061/2676] Building CXX object tools/clang/lib/AST/CMakeFiles/obj.clangAST.dir/CommentSema.cpp.o
[2062/2676] Building CXX object tools/clang/lib/CodeGen/CMakeFiles/obj.clangCodeGen.dir/CGExprCXX.cpp.o
[2063/2676] Building CXX object tools/clang/lib/CodeGen/CMakeFiles/obj.clangCodeGen.dir/CGExprComplex.cpp.o
[2064/2676] Building CXX object tools/clang/lib/CodeGen/CMakeFiles/obj.clangCodeGen.dir/CGExprConstant.cpp.o
[2065/2676] Building CXX object tools/clang/lib/CodeGen/CMakeFiles/obj.clangCodeGen.dir/CGExprScalar.cpp.o
[2066/2676] Building CXX object tools/clang/lib/CodeGen/CMakeFiles/obj.clangCodeGen.dir/CGGPUBuiltin.cpp.o
[2067/2676] Building CXX object tools/clang/lib/CodeGen/CMakeFiles/obj.clangCodeGen.dir/CGHLSLRuntime.cpp.o
[2068/2676] Building CXX object tools/clang/lib/CodeGen/CMakeFiles/obj.clangCodeGen.dir/CGNonTrivialStruct.cpp.o
[2069/2676] Building CXX object tools/clang/lib/CodeGen/CMakeFiles/obj.clangCodeGen.dir/CGObjC.cpp.o
[2070/2676] Building CXX object tools/clang/lib/CodeGen/CMakeFiles/obj.clangCodeGen.dir/CGObjCMac.cpp.o
[2071/2676] Building OpenCLBuiltins.inc...
[2072/2676] Building CXX object tools/clang/lib/CodeGen/CMakeFiles/obj.clangCodeGen.dir/CGObjCRuntime.cpp.o
[2073/2676] Building CXX object tools/clang/lib/CodeGen/CMakeFiles/obj.clangCodeGen.dir/CGObjCGNU.cpp.o
[2074/2676] Building CXX object tools/clang/lib/CodeGen/CMakeFiles/obj.clangCodeGen.dir/CGException.cpp.o
[2075/2676] Building CXX object tools/clang/lib/CodeGen/CMakeFiles/obj.clangCodeGen.dir/CGOpenCLRuntime.cpp.o
[2076/2676] Building CXX object tools/clang/lib/CodeGen/CMakeFiles/obj.clangCodeGen.dir/CGRecordLayoutBuilder.cpp.o
[2077/2676] Building CXX object tools/clang/lib/CodeGen/CMakeFiles/obj.clangCodeGen.dir/CGVTT.cpp.o
[2078/2676] Building CXX object tools/clang/lib/CodeGen/CMakeFiles/obj.clangCodeGen.dir/CGOpenMPRuntime.cpp.o
[2079/2676] Building CXX object tools/clang/lib/CodeGen/CMakeFiles/obj.clangCodeGen.dir/CGStmt.cpp.o
[2080/2676] Building CXX object tools/clang/lib/CodeGen/CMakeFiles/obj.clangCodeGen.dir/CGStmtOpenMP.cpp.o
[2081/2676] Building CXX object tools/clang/lib/Sema/CMakeFiles/obj.clangSema.dir/DelayedDiagnostic.cpp.o
[2082/2676] Building CXX object tools/clang/lib/CodeGen/CMakeFiles/obj.clangCodeGen.dir/CGOpenMPRuntimeGPU.cpp.o
[2083/2676] Building CXX object tools/clang/lib/Sema/CMakeFiles/obj.clangSema.dir/HLSLExternalSemaSource.cpp.o
[2084/2676] Building CXX object tools/clang/lib/Sema/CMakeFiles/obj.clangSema.dir/JumpDiagnostics.cpp.o
[2085/2676] Building CXX object tools/clang/lib/Sema/CMakeFiles/obj.clangSema.dir/Scope.cpp.o
[2086/2676] Building CXX object tools/clang/lib/Sema/CMakeFiles/obj.clangSema.dir/DeclSpec.cpp.o
[2087/2676] Building CXX object tools/clang/lib/Sema/CMakeFiles/obj.clangSema.dir/ParsedAttr.cpp.o
[2088/2676] Building CXX object tools/clang/lib/Sema/CMakeFiles/obj.clangSema.dir/ScopeInfo.cpp.o
[2089/2676] Building CXX object tools/clang/lib/Sema/CMakeFiles/obj.clangSema.dir/SemaAccess.cpp.o
[2090/2676] Building CXX object tools/clang/lib/Sema/CMakeFiles/obj.clangSema.dir/MultiplexExternalSemaSource.cpp.o
[2091/2676] Building CXX object tools/clang/lib/Sema/CMakeFiles/obj.clangSema.dir/SemaChecking.cpp.o
[2092/2676] Building CXX object tools/clang/lib/Sema/CMakeFiles/obj.clangSema.dir/SemaConsumer.cpp.o
[2093/2676] Building CXX object tools/clang/lib/Sema/CMakeFiles/obj.clangSema.dir/SemaCXXScopeSpec.cpp.o
[2094/2676] Building CXX object tools/clang/lib/AST/CMakeFiles/obj.clangAST.dir/Expr.cpp.o
[2095/2676] Building CXX object tools/clang/lib/Sema/CMakeFiles/obj.clangSema.dir/IdentifierResolver.cpp.o
[2096/2676] Building CXX object tools/clang/lib/CodeGen/CMakeFiles/obj.clangCodeGen.dir/BackendUtil.cpp.o
[2097/2676] Building X86GenDAGISel.inc...
[2098/2676] Building CXX object tools/clang/lib/Sema/CMakeFiles/obj.clangSema.dir/CodeCompleteConsumer.cpp.o
[2099/2676] Building CXX object tools/clang/lib/Sema/CMakeFiles/obj.clangSema.dir/SemaCast.cpp.o
[2100/2676] Building CXX object tools/clang/lib/Sema/CMakeFiles/obj.clangSema.dir/SemaDeclObjC.cpp.o
[2101/2676] Building CXX object tools/clang/lib/Sema/CMakeFiles/obj.clangSema.dir/SemaExceptionSpec.cpp.o
[2102/2676] Building CXX object tools/clang/lib/Sema/CMakeFiles/obj.clangSema.dir/SemaCoroutine.cpp.o
[2103/2676] Building CXX object tools/clang/lib/Sema/CMakeFiles/obj.clangSema.dir/Sema.cpp.o
[2104/2676] Building CXX object tools/clang/lib/Sema/CMakeFiles/obj.clangSema.dir/SemaAttr.cpp.o
[2105/2676] Building CXX object tools/clang/lib/Sema/CMakeFiles/obj.clangSema.dir/SemaCUDA.cpp.o
[2106/2676] Building CXX object tools/clang/lib/Sema/CMakeFiles/obj.clangSema.dir/SemaHLSL.cpp.o
[2107/2676] Building CXX object tools/clang/lib/Sema/CMakeFiles/obj.clangSema.dir/AnalysisBasedWarnings.cpp.o
[2108/2676] Building CXX object tools/clang/lib/Sema/CMakeFiles/obj.clangSema.dir/SemaInit.cpp.o
[2109/2676] Building CXX object tools/clang/lib/Sema/CMakeFiles/obj.clangSema.dir/SemaCodeComplete.cpp.o
[2110/2676] Building CXX object tools/clang/lib/Sema/CMakeFiles/obj.clangSema.dir/SemaLambda.cpp.o
[2111/2676] Building CXX object tools/clang/lib/Sema/CMakeFiles/obj.clangSema.dir/SemaAvailability.cpp.o
[2112/2676] Building CXX object tools/clang/lib/Sema/CMakeFiles/obj.clangSema.dir/SemaOverload.cpp.o
/var/llvm-compile-time-tracker/llvm-project/clang/lib/Sema/SemaOverload.cpp: In member function ‘clang::ExprResult clang::Sema::EvaluateConvertedConstantExpression(clang::Expr*, clang::QualType, clang::APValue&, clang::Sema::CCEKind, bool, const clang::APValue&)’:
/var/llvm-compile-time-tracker/llvm-project/clang/lib/Sema/SemaOverload.cpp:6211:23: warning: unused variable ‘CE’ [-Wunused-variable]
 6211 |       if (const auto *CE = dyn_cast<ConstantExpr>(E)) {
      |                       ^~
[2113/2676] Building CXX object tools/clang/lib/Sema/CMakeFiles/obj.clangSema.dir/SemaConcept.cpp.o
[2114/2676] Building CXX object tools/clang/lib/Sema/CMakeFiles/obj.clangSema.dir/SemaDecl.cpp.o
[2115/2676] Building CXX object tools/clang/lib/Sema/CMakeFiles/obj.clangSema.dir/SemaExprMember.cpp.o
[2116/2676] Building CXX object lib/Transforms/Scalar/CMakeFiles/LLVMScalarOpts.dir/SpeculativeExecution.cpp.o
FAILED: lib/Transforms/Scalar/CMakeFiles/LLVMScalarOpts.dir/SpeculativeExecution.cpp.o 
CCACHE_CPP2=yes CCACHE_HASHDIR=yes /usr/bin/ccache /usr/bin/c++ -DGTEST_HAS_RTTI=0 -D_GNU_SOURCE -D__STDC_CONSTANT_MACROS -D__STDC_FORMAT_MACROS -D__STDC_LIMIT_MACROS -I/tmp/llvm-project-build-stage1/lib/Transforms/Scalar -I/var/llvm-compile-time-tracker/llvm-project/llvm/lib/Transforms/Scalar -I/tmp/llvm-project-build-stage1/include -I/var/llvm-compile-time-tracker/llvm-project/llvm/include -fPIC -fno-semantic-interposition -fvisibility-inlines-hidden -Werror=date-time -fno-lifetime-dse -Wall -Wextra -Wno-unused-parameter -Wwrite-strings -Wcast-qual -Wno-missing-field-initializers -pedantic -Wno-long-long -Wimplicit-fallthrough -Wno-uninitialized -Wno-nonnull -Wno-class-memaccess -Wno-redundant-move -Wno-pessimizing-move -Wno-noexcept-type -Wdelete-non-virtual-dtor -Wsuggest-override -Wno-comment -Wno-misleading-indentation -Wctad-maybe-unsupported -fdiagnostics-color -ffunction-sections -fdata-sections -O3 -DNDEBUG  -fno-exceptions -funwind-tables -fno-rtti -std=c++17 -MD -MT lib/Transforms/Scalar/CMakeFiles/LLVMScalarOpts.dir/SpeculativeExecution.cpp.o -MF lib/Transforms/Scalar/CMakeFiles/LLVMScalarOpts.dir/SpeculativeExecution.cpp.o.d -o lib/Transforms/Scalar/CMakeFiles/LLVMScalarOpts.dir/SpeculativeExecution.cpp.o -c /var/llvm-compile-time-tracker/llvm-project/llvm/lib/Transforms/Scalar/SpeculativeExecution.cpp
/var/llvm-compile-time-tracker/llvm-project/llvm/lib/Transforms/Scalar/SpeculativeExecution.cpp: In member function ‘bool llvm::SpeculativeExecutionPass::considerHoistingFromTo(llvm::BasicBlock&, llvm::BasicBlock&)’:
/var/llvm-compile-time-tracker/llvm-project/llvm/lib/Transforms/Scalar/SpeculativeExecution.cpp:338:48: error: a function-definition is not allowed here before ‘{’ token
  338 | FunctionPass *createSpeculativeExecutionPass() {
      |                                                ^
/var/llvm-compile-time-tracker/llvm-project/llvm/lib/Transforms/Scalar/SpeculativeExecution.cpp:342:69: error: a function-definition is not allowed here before ‘{’ token
  342 | FunctionPass *createSpeculativeExecutionIfHasBranchDivergencePass() {
      |                                                                     ^
/var/llvm-compile-time-tracker/llvm-project/llvm/lib/Transforms/Scalar/SpeculativeExecution.cpp:346:52: error: expected primary-expression before ‘bool’
  346 | SpeculativeExecutionPass::SpeculativeExecutionPass(bool OnlyIfDivergentTarget)
      |                                                    ^~~~
/var/llvm-compile-time-tracker/llvm-project/llvm/lib/Transforms/Scalar/SpeculativeExecution.cpp:346:78: error: cannot call constructor ‘llvm::SpeculativeExecutionPass::SpeculativeExecutionPass’ directly [-fpermissive]
  346 | SpeculativeExecutionPass::SpeculativeExecutionPass(bool OnlyIfDivergentTarget)
      |                                                                              ^
/var/llvm-compile-time-tracker/llvm-project/llvm/lib/Transforms/Scalar/SpeculativeExecution.cpp:346:78: note: for a function-style cast, remove the redundant ‘::SpeculativeExecutionPass’
/var/llvm-compile-time-tracker/llvm-project/llvm/lib/Transforms/Scalar/SpeculativeExecution.cpp:350:48: error: qualified-id in declaration before ‘(’ token
  350 | PreservedAnalyses SpeculativeExecutionPass::run(Function &F,
      |                                                ^
/var/llvm-compile-time-tracker/llvm-project/llvm/lib/Transforms/Scalar/SpeculativeExecution.cpp:363:45: error: qualified-id in declaration before ‘(’ token
  363 | void SpeculativeExecutionPass::printPipeline(
      |                                             ^
/var/llvm-compile-time-tracker/llvm-project/llvm/lib/Transforms/Scalar/SpeculativeExecution.cpp: At global scope:
/var/llvm-compile-time-tracker/llvm-project/llvm/lib/Transforms/Scalar/SpeculativeExecution.cpp:372:2: error: expected ‘}’ at end of input
  372 | }  // namespace llvm
      |  ^
/var/llvm-compile-time-tracker/llvm-project/llvm/lib/Transforms/Scalar/SpeculativeExecution.cpp:152:16: note: to match this ‘{’
  152 | namespace llvm {
      |                ^
/var/llvm-compile-time-tracker/llvm-project/llvm/lib/Transforms/Scalar/SpeculativeExecution.cpp: In member function ‘bool llvm::SpeculativeExecutionPass::considerHoistingFromTo(llvm::BasicBlock&, llvm::BasicBlock&)’:
/var/llvm-compile-time-tracker/llvm-project/llvm/lib/Transforms/Scalar/SpeculativeExecution.cpp:372:1: warning: control reaches end of non-void function [-Wreturn-type]
  372 | }  // namespace llvm
      | ^
[2117/2676] Building CXX object tools/clang/lib/Sema/CMakeFiles/obj.clangSema.dir/SemaFixItUtils.cpp.o
[2118/2676] Building CXX object tools/clang/lib/Sema/CMakeFiles/obj.clangSema.dir/SemaDeclAttr.cpp.o
[2119/2676] Building CXX object tools/clang/lib/Sema/CMakeFiles/obj.clangSema.dir/SemaModule.cpp.o
[2120/2676] Building CXX object tools/clang/lib/Sema/CMakeFiles/obj.clangSema.dir/SemaExprObjC.cpp.o
[2121/2676] Building CXX object tools/clang/lib/Sema/CMakeFiles/obj.clangSema.dir/SemaDeclCXX.cpp.o
[2122/2676] Building CXX object tools/clang/lib/Sema/CMakeFiles/obj.clangSema.dir/SemaLookup.cpp.o
[2123/2676] Building CXX object tools/clang/lib/Sema/CMakeFiles/obj.clangSema.dir/SemaRISCVVectorLookup.cpp.o
[2124/2676] Building CXX object tools/clang/lib/Sema/CMakeFiles/obj.clangSema.dir/SemaObjCProperty.cpp.o
[2125/2676] Building CXX object tools/clang/lib/Sema/CMakeFiles/obj.clangSema.dir/SemaExprCXX.cpp.o
[2126/2676] Building CXX object tools/clang/lib/Sema/CMakeFiles/obj.clangSema.dir/SemaExpr.cpp.o
[2127/2676] Building CXX object tools/clang/lib/Sema/CMakeFiles/obj.clangSema.dir/SemaOpenMP.cpp.o
In file included from /var/llvm-compile-time-tracker/llvm-project/llvm/include/llvm/ADT/APFloat.h:18,
                 from /var/llvm-compile-time-tracker/llvm-project/clang/include/clang/AST/APNumericStorage.h:12,
                 from /var/llvm-compile-time-tracker/llvm-project/clang/include/clang/AST/Decl.h:16,
                 from /var/llvm-compile-time-tracker/llvm-project/clang/lib/Sema/CoroutineStmtBuilder.h:16,
                 from /var/llvm-compile-time-tracker/llvm-project/clang/lib/Sema/TreeTransform.h:16,
                 from /var/llvm-compile-time-tracker/llvm-project/clang/lib/Sema/SemaOpenMP.cpp:14:
In destructor ‘llvm::APInt::~APInt()’,
    inlined from ‘llvm::APSInt::~APSInt()’ at /var/llvm-compile-time-tracker/llvm-project/llvm/include/llvm/ADT/APSInt.h:23:21,
    inlined from ‘bool checkOMPArraySectionConstantForReduction(clang::ASTContext&, const clang::OMPArraySectionExpr*, bool&, llvm::SmallVectorImpl<llvm::APSInt>&)’ at /var/llvm-compile-time-tracker/llvm-project/clang/lib/Sema/SemaOpenMP.cpp:19415:45,
    inlined from ‘bool actOnOMPReductionKindClause(clang::Sema&, {anonymous}::DSAStackTy*, clang::OpenMPClauseKind, llvm::ArrayRef<clang::Expr*>, clang::SourceLocation, clang::SourceLocation, clang::SourceLocation, clang::SourceLocation, clang::CXXScopeSpec&, const clang::DeclarationNameInfo&, llvm::ArrayRef<clang::Expr*>, {anonymous}::ReductionData&)’ at /var/llvm-compile-time-tracker/llvm-project/clang/lib/Sema/SemaOpenMP.cpp:19773:68:
/var/llvm-compile-time-tracker/llvm-project/llvm/include/llvm/ADT/APInt.h:170:18: warning: ‘void operator delete [](void*)’ called on a pointer to an unallocated object ‘1’ [-Wfree-nonheap-object]
  170 |       delete[] U.pVal;
      |                  ^~~~
[2128/2676] Building CXX object tools/clang/lib/Sema/CMakeFiles/obj.clangSema.dir/SemaPseudoObject.cpp.o
[2129/2676] Building CXX object tools/clang/lib/Sema/CMakeFiles/obj.clangSema.dir/SemaStmtAsm.cpp.o
[2130/2676] Building CXX object tools/clang/lib/Sema/CMakeFiles/obj.clangSema.dir/SemaStmt.cpp.o
[2131/2676] Building X86GenInstrInfo.inc...
[2132/2676] Building X86GenSubtargetInfo.inc...
[2133/2676] Building CXX object lib/MC/MCParser/CMakeFiles/LLVMMCParser.dir/AsmParser.cpp.o
ninja: build stopped: subcommand failed.


STDERR:
Command exited with non-zero status 1
74.54user 12.45system 0:07.78elapsed 1117%CPU (0avgtext+0avgdata 827628maxresident)k
0inputs+1753120outputs (9780major+5446277minor)pagefaults 0swaps
