MESSAGE: Execution of "sudo -u lctt-runner ./build_llvm_test_suite.sh ReleaseLTO-g stage1" failed

STDOUT:
loading initial cache file ./llvm-test-suite/cmake/caches/ReleaseLTO-g.cmake
-- The C compiler identification is Clang 18.0.0
-- The CXX compiler identification is Clang 18.0.0
-- Detecting C compiler ABI info
-- Detecting C compiler ABI info - done
-- Check for working C compiler: /tmp/llvm-project-build-stage1/bin/clang - skipped
-- Detecting C compile features
-- Detecting C compile features - done
-- Detecting CXX compiler ABI info
-- Detecting CXX compiler ABI info - done
-- Check for working CXX compiler: /tmp/llvm-project-build-stage1/bin/clang++ - skipped
-- Detecting CXX compile features
-- Detecting CXX compile features - done
-- Could NOT find OpenMP_C (missing: OpenMP_C_FLAGS OpenMP_C_LIB_NAMES) 
-- Could NOT find OpenMP_CXX (missing: OpenMP_CXX_FLAGS OpenMP_CXX_LIB_NAMES) 
-- Could NOT find OpenMP (missing: OpenMP_C_FOUND OpenMP_CXX_FOUND) 
-- Check target operating system - Linux
-- Check target system architecture: x86
-- Check target system architecture: unknown
-- Adding directory CTMark
-- Found Intl: built in to C library  
-- Found Tclsh: /bin/tclsh (found version "8.6") 
-- Could NOT find TCL (missing: TCL_INCLUDE_PATH) 
-- Could NOT find TCLTK (missing: TCL_INCLUDE_PATH TK_LIBRARY TK_INCLUDE_PATH) 
-- Could NOT find TK (missing: TK_LIBRARY TK_INCLUDE_PATH) 
-- Configuring done
-- Generating done
-- Build files have been written to: /tmp/llvm-test-suite-build
ninja: Entering directory `/tmp/llvm-test-suite-build'
[1/669] Generating __init__.py
[2/669] Generating ../lit.cfg
[3/669] Generating HashProgramOutput.sh
[4/669] Generating timeit-target
[5/669] Generating timeit
[6/669] Generating modules/__init__.py
[7/669] Generating modules/compiletime.py
[8/669] Generating modules/hash.py
[9/669] Generating modules/hpmcount.py
[10/669] Generating modules/codesize.py
[11/669] Generating modules/microbenchmark.py
[12/669] Generating modules/profilegen.py
[13/669] Generating modules/perf.py
[14/669] Generating modules/remote.py
[15/669] Generating modules/run.py
[16/669] Generating modules/stats.py
[17/669] Generating modules/run_under.py
[18/669] Generating shellcommand.py
[19/669] Generating modules/timeit.py
[20/669] Generating test.py
[21/669] Generating testfile.py
[22/669] Generating testplan.py
[23/669] [TEST_SUITE_HOST_CC] Compiling host source fpcmp.c
[24/669] [TEST_SUITE_HOST_CC] Linking host executable fpcmp
[25/669] Building C object tools/CMakeFiles/fpcmp-target.dir/fpcmp.c.o
FAILED: tools/CMakeFiles/fpcmp-target.dir/fpcmp.c.o 
/tmp/llvm-project-build-stage1/bin/clang -DNDEBUG  -O3 -fomit-frame-pointer -flto -DNDEBUG -g   -w -Werror=date-time -MD -MT tools/CMakeFiles/fpcmp-target.dir/fpcmp.c.o -MF tools/CMakeFiles/fpcmp-target.dir/fpcmp.c.o.d -o tools/CMakeFiles/fpcmp-target.dir/fpcmp.c.o -c /var/llvm-compile-time-tracker/llvm-test-suite/tools/fpcmp.c
PLEASE submit a bug report to https://github.com/llvm/llvm-project/issues/ and include the crash backtrace, preprocessed source, and associated run script.
Stack dump:
0.	Program arguments: /tmp/llvm-project-build-stage1/bin/clang -DNDEBUG -O3 -fomit-frame-pointer -flto -DNDEBUG -g -w -Werror=date-time -MD -MT tools/CMakeFiles/fpcmp-target.dir/fpcmp.c.o -MF tools/CMakeFiles/fpcmp-target.dir/fpcmp.c.o.d -o tools/CMakeFiles/fpcmp-target.dir/fpcmp.c.o -c /var/llvm-compile-time-tracker/llvm-test-suite/tools/fpcmp.c
1.	<eof> parser at end of file
2.	Optimizer
 #0 0x00005601e7a85380 llvm::sys::PrintStackTrace(llvm::raw_ostream&, int) (/tmp/llvm-project-build-stage1/bin/clang+0x1dc8380)
 #1 0x00005601e7a83254 llvm::sys::CleanupOnSignal(unsigned long) (/tmp/llvm-project-build-stage1/bin/clang+0x1dc6254)
 #2 0x00005601e79cc1d8 CrashRecoverySignalHandler(int) CrashRecoveryContext.cpp:0:0
 #3 0x00007f9b16524520 (/lib/x86_64-linux-gnu/libc.so.6+0x42520)
 #4 0x00005601e74ba9c7 llvm::DPMarker::getParent() (/tmp/llvm-project-build-stage1/bin/clang+0x17fd9c7)
 #5 0x00005601e7b6c473 RewriteUsesOfClonedInstructions(llvm::BasicBlock*, llvm::BasicBlock*, llvm::ValueMap<llvm::Value const*, llvm::WeakTrackingVH, llvm::ValueMapConfig<llvm::Value const*, llvm::sys::SmartMutex<false> > >&, llvm::ScalarEvolution*, llvm::SmallVectorImpl<llvm::PHINode*>*) (.constprop.0) LoopRotationUtils.cpp:0:0
 #6 0x00005601e7b710d3 (anonymous namespace)::LoopRotate::rotateLoop(llvm::Loop*, bool) LoopRotationUtils.cpp:0:0
 #7 0x00005601e7b732b1 llvm::LoopRotation(llvm::Loop*, llvm::LoopInfo*, llvm::TargetTransformInfo const*, llvm::AssumptionCache*, llvm::DominatorTree*, llvm::ScalarEvolution*, llvm::MemorySSAUpdater*, llvm::SimplifyQuery const&, bool, unsigned int, bool, bool) (/tmp/llvm-project-build-stage1/bin/clang+0x1eb62b1)
 #8 0x00005601e78bf12d llvm::LoopRotatePass::run(llvm::Loop&, llvm::AnalysisManager<llvm::Loop, llvm::LoopStandardAnalysisResults&>&, llvm::LoopStandardAnalysisResults&, llvm::LPMUpdater&) (/tmp/llvm-project-build-stage1/bin/clang+0x1c0212d)
 #9 0x00005601e8c41a46 llvm::detail::PassModel<llvm::Loop, llvm::LoopRotatePass, llvm::PreservedAnalyses, llvm::AnalysisManager<llvm::Loop, llvm::LoopStandardAnalysisResults&>, llvm::LoopStandardAnalysisResults&, llvm::LPMUpdater&>::run(llvm::Loop&, llvm::AnalysisManager<llvm::Loop, llvm::LoopStandardAnalysisResults&>&, llvm::LoopStandardAnalysisResults&, llvm::LPMUpdater&) crtstuff.c:0:0
#10 0x00005601ea8ef34e std::optional<llvm::PreservedAnalyses> llvm::PassManager<llvm::Loop, llvm::AnalysisManager<llvm::Loop, llvm::LoopStandardAnalysisResults&>, llvm::LoopStandardAnalysisResults&, llvm::LPMUpdater&>::runSinglePass<llvm::Loop, std::unique_ptr<llvm::detail::PassConcept<llvm::Loop, llvm::AnalysisManager<llvm::Loop, llvm::LoopStandardAnalysisResults&>, llvm::LoopStandardAnalysisResults&, llvm::LPMUpdater&>, std::default_delete<llvm::detail::PassConcept<llvm::Loop, llvm::AnalysisManager<llvm::Loop, llvm::LoopStandardAnalysisResults&>, llvm::LoopStandardAnalysisResults&, llvm::LPMUpdater&> > > >(llvm::Loop&, std::unique_ptr<llvm::detail::PassConcept<llvm::Loop, llvm::AnalysisManager<llvm::Loop, llvm::LoopStandardAnalysisResults&>, llvm::LoopStandardAnalysisResults&, llvm::LPMUpdater&>, std::default_delete<llvm::detail::PassConcept<llvm::Loop, llvm::AnalysisManager<llvm::Loop, llvm::LoopStandardAnalysisResults&>, llvm::LoopStandardAnalysisResults&, llvm::LPMUpdater&> > >&, llvm::AnalysisManager<llvm::Loop, llvm::LoopStandardAnalysisResults&>&, llvm::LoopStandardAnalysisResults&, llvm::LPMUpdater&, llvm::PassInstrumentation&) (.isra.0) LoopPassManager.cpp:0:0
#11 0x00005601ea8f0408 llvm::PassManager<llvm::Loop, llvm::AnalysisManager<llvm::Loop, llvm::LoopStandardAnalysisResults&>, llvm::LoopStandardAnalysisResults&, llvm::LPMUpdater&>::runWithoutLoopNestPasses(llvm::Loop&, llvm::AnalysisManager<llvm::Loop, llvm::LoopStandardAnalysisResults&>&, llvm::LoopStandardAnalysisResults&, llvm::LPMUpdater&) (/tmp/llvm-project-build-stage1/bin/clang+0x4c33408)
#12 0x00005601ea8f051d llvm::PassManager<llvm::Loop, llvm::AnalysisManager<llvm::Loop, llvm::LoopStandardAnalysisResults&>, llvm::LoopStandardAnalysisResults&, llvm::LPMUpdater&>::run(llvm::Loop&, llvm::AnalysisManager<llvm::Loop, llvm::LoopStandardAnalysisResults&>&, llvm::LoopStandardAnalysisResults&, llvm::LPMUpdater&) (/tmp/llvm-project-build-stage1/bin/clang+0x4c3351d)
#13 0x00005601ea8f17b1 llvm::FunctionToLoopPassAdaptor::run(llvm::Function&, llvm::AnalysisManager<llvm::Function>&) (/tmp/llvm-project-build-stage1/bin/clang+0x4c347b1)
#14 0x00005601e8c3e706 llvm::detail::PassModel<llvm::Function, llvm::FunctionToLoopPassAdaptor, llvm::PreservedAnalyses, llvm::AnalysisManager<llvm::Function> >::run(llvm::Function&, llvm::AnalysisManager<llvm::Function>&) crtstuff.c:0:0
#15 0x00005601e7cbeac8 llvm::detail::PassModel<llvm::Function, llvm::PassManager<llvm::Function, llvm::AnalysisManager<llvm::Function> >, llvm::PreservedAnalyses, llvm::AnalysisManager<llvm::Function> >::run(llvm::Function&, llvm::AnalysisManager<llvm::Function>&) crtstuff.c:0:0
#16 0x00005601e759596a llvm::ModuleToFunctionPassAdaptor::run(llvm::Module&, llvm::AnalysisManager<llvm::Module>&) (/tmp/llvm-project-build-stage1/bin/clang+0x18d896a)
#17 0x00005601e7cb60b6 llvm::detail::PassModel<llvm::Module, llvm::ModuleToFunctionPassAdaptor, llvm::PreservedAnalyses, llvm::AnalysisManager<llvm::Module> >::run(llvm::Module&, llvm::AnalysisManager<llvm::Module>&) crtstuff.c:0:0
#18 0x00005601e7597707 llvm::PassManager<llvm::Module, llvm::AnalysisManager<llvm::Module> >::run(llvm::Module&, llvm::AnalysisManager<llvm::Module>&) (/tmp/llvm-project-build-stage1/bin/clang+0x18da707)
#19 0x00005601e7cc81cc (anonymous namespace)::EmitAssemblyHelper::RunOptimizationPipeline(clang::BackendAction, std::unique_ptr<llvm::raw_pwrite_stream, std::default_delete<llvm::raw_pwrite_stream> >&, std::unique_ptr<llvm::ToolOutputFile, std::default_delete<llvm::ToolOutputFile> >&, clang::BackendConsumer*) BackendUtil.cpp:0:0
#20 0x00005601e7ccb3d3 clang::EmitBackendOutput(clang::DiagnosticsEngine&, clang::HeaderSearchOptions const&, clang::CodeGenOptions const&, clang::TargetOptions const&, clang::LangOptions const&, llvm::StringRef, llvm::Module*, clang::BackendAction, llvm::IntrusiveRefCntPtr<llvm::vfs::FileSystem>, std::unique_ptr<llvm::raw_pwrite_stream, std::default_delete<llvm::raw_pwrite_stream> >, clang::BackendConsumer*) (/tmp/llvm-project-build-stage1/bin/clang+0x200e3d3)
#21 0x00005601e826c929 clang::BackendConsumer::HandleTranslationUnit(clang::ASTContext&) (/tmp/llvm-project-build-stage1/bin/clang+0x25af929)
#22 0x00005601e9306ac9 clang::ParseAST(clang::Sema&, bool, bool) (/tmp/llvm-project-build-stage1/bin/clang+0x3649ac9)
#23 0x00005601e84fd8b1 clang::FrontendAction::Execute() (/tmp/llvm-project-build-stage1/bin/clang+0x28408b1)
#24 0x00005601e847c229 clang::CompilerInstance::ExecuteAction(clang::FrontendAction&) (/tmp/llvm-project-build-stage1/bin/clang+0x27bf229)
#25 0x00005601e85c0094 clang::ExecuteCompilerInvocation(clang::CompilerInstance*) (/tmp/llvm-project-build-stage1/bin/clang+0x2903094)
#26 0x00005601e6856f33 cc1_main(llvm::ArrayRef<char const*>, char const*, void*) (/tmp/llvm-project-build-stage1/bin/clang+0xb99f33)
#27 0x00005601e684f59d ExecuteCC1Tool(llvm::SmallVectorImpl<char const*>&, llvm::ToolContext const&) driver.cpp:0:0
#28 0x00005601e82b494d void llvm::function_ref<void ()>::callback_fn<clang::driver::CC1Command::Execute(llvm::ArrayRef<std::optional<llvm::StringRef> >, std::__cxx11::basic_string<char, std::char_traits<char>, std::allocator<char> >*, bool*) const::'lambda'()>(long) Job.cpp:0:0
#29 0x00005601e79cc627 llvm::CrashRecoveryContext::RunSafely(llvm::function_ref<void ()>) (/tmp/llvm-project-build-stage1/bin/clang+0x1d0f627)
#30 0x00005601e82b4ce7 clang::driver::CC1Command::Execute(llvm::ArrayRef<std::optional<llvm::StringRef> >, std::__cxx11::basic_string<char, std::char_traits<char>, std::allocator<char> >*, bool*) const (.part.0) Job.cpp:0:0
#31 0x00005601e827d931 clang::driver::Compilation::ExecuteCommand(clang::driver::Command const&, clang::driver::Command const*&, bool) const (/tmp/llvm-project-build-stage1/bin/clang+0x25c0931)
#32 0x00005601e827e3ed clang::driver::Compilation::ExecuteJobs(clang::driver::JobList const&, llvm::SmallVectorImpl<std::pair<int, clang::driver::Command const*> >&, bool) const (/tmp/llvm-project-build-stage1/bin/clang+0x25c13ed)
#33 0x00005601e828f54c clang::driver::Driver::ExecuteCompilation(clang::driver::Compilation&, llvm::SmallVectorImpl<std::pair<int, clang::driver::Command const*> >&) (/tmp/llvm-project-build-stage1/bin/clang+0x25d254c)
#34 0x00005601e68540e9 clang_main(int, char**, llvm::ToolContext const&) (/tmp/llvm-project-build-stage1/bin/clang+0xb970e9)
#35 0x00005601e679f243 main (/tmp/llvm-project-build-stage1/bin/clang+0xae2243)
#36 0x00007f9b1650bd90 __libc_start_call_main ./csu/../sysdeps/nptl/libc_start_call_main.h:58:16
#37 0x00007f9b1650be40 call_init ./csu/../csu/libc-start.c:128:20
#38 0x00007f9b1650be40 __libc_start_main ./csu/../csu/libc-start.c:379:5
#39 0x00005601e684ea15 _start (/tmp/llvm-project-build-stage1/bin/clang+0xb91a15)
clang: error: clang frontend command failed with exit code 139 (use -v to see invocation)
clang version 18.0.0git
Target: x86_64-unknown-linux-gnu
Thread model: posix
InstalledDir: /tmp/llvm-project-build-stage1/bin
clang: note: diagnostic msg: 
********************

PLEASE ATTACH THE FOLLOWING FILES TO THE BUG REPORT:
Preprocessed source(s) and associated run script(s) are located at:
clang: note: diagnostic msg: /tmp/fpcmp-e7db9c.c
clang: note: diagnostic msg: /tmp/fpcmp-e7db9c.sh
clang: note: diagnostic msg: 

********************
[26/669] Generating sqlite test inputs
ninja: build stopped: subcommand failed.


STDERR:
