MESSAGE: Execution of "sudo -u lctt-runner ./build_llvm_project_stage1.sh" failed

STDOUT:
[1373/2927] Building CXX object lib/Transforms/Scalar/CMakeFiles/LLVMScalarOpts.dir/MemCpyOptimizer.cpp.o
[1374/2927] Building CXX object lib/Transforms/Scalar/CMakeFiles/LLVMScalarOpts.dir/LowerGuardIntrinsic.cpp.o
[1375/2927] Building CXX object lib/Transforms/Scalar/CMakeFiles/LLVMScalarOpts.dir/MergeICmps.cpp.o
[1376/2927] Building CXX object lib/Transforms/Scalar/CMakeFiles/LLVMScalarOpts.dir/MergedLoadStoreMotion.cpp.o
[1377/2927] Building CXX object lib/Transforms/Scalar/CMakeFiles/LLVMScalarOpts.dir/NaryReassociate.cpp.o
[1378/2927] Building CXX object lib/Transforms/Scalar/CMakeFiles/LLVMScalarOpts.dir/NewGVN.cpp.o
In file included from /var/llvm-compile-time-tracker/llvm-project/llvm/lib/Transforms/Scalar/NewGVN.cpp:68:
/var/llvm-compile-time-tracker/llvm-project/llvm/include/llvm/ADT/SparseBitVector.h: In member function ‘void llvm::SparseBitVector<ElementSize>::SparseBitVectorIterator::AdvanceToNextNonZero() [with unsigned int ElementSize = 128]’:
/var/llvm-compile-time-tracker/llvm-project/llvm/include/llvm/ADT/SparseBitVector.h:130:15: warning: array subscript 2 is above array bounds of ‘const BitWord [2]’ {aka ‘const long unsigned int [2]’} [-Warray-bounds]
  130 |       if (Bits[i] != 0)
      |           ~~~~^
/var/llvm-compile-time-tracker/llvm-project/llvm/include/llvm/ADT/SparseBitVector.h:55:11: note: while referencing ‘llvm::SparseBitVectorElement<128>::Bits’
   55 |   BitWord Bits[BITWORDS_PER_ELEMENT];
      |           ^~~~
/var/llvm-compile-time-tracker/llvm-project/llvm/include/llvm/ADT/SparseBitVector.h: In member function ‘void {anonymous}::NewGVN::updateReachableEdge(llvm::BasicBlock*, llvm::BasicBlock*)’:
/var/llvm-compile-time-tracker/llvm-project/llvm/include/llvm/ADT/SparseBitVector.h:130:15: warning: array subscript 2 is above array bounds of ‘const BitWord [2]’ {aka ‘const long unsigned int [2]’} [-Warray-bounds]
  130 |       if (Bits[i] != 0)
      |           ~~~~^
/var/llvm-compile-time-tracker/llvm-project/llvm/include/llvm/ADT/SparseBitVector.h:55:11: note: while referencing ‘llvm::SparseBitVectorElement<128>::Bits’
   55 |   BitWord Bits[BITWORDS_PER_ELEMENT];
      |           ^~~~
[1379/2927] Building CXX object lib/Transforms/Scalar/CMakeFiles/LLVMScalarOpts.dir/PartiallyInlineLibCalls.cpp.o
[1380/2927] Building CXX object lib/Transforms/Scalar/CMakeFiles/LLVMScalarOpts.dir/PlaceSafepoints.cpp.o
[1381/2927] Building CXX object lib/Transforms/Scalar/CMakeFiles/LLVMScalarOpts.dir/Reassociate.cpp.o
[1382/2927] Building CXX object lib/Transforms/Scalar/CMakeFiles/LLVMScalarOpts.dir/Reg2Mem.cpp.o
[1383/2927] Building CXX object lib/Transforms/Scalar/CMakeFiles/LLVMScalarOpts.dir/RewriteStatepointsForGC.cpp.o
[1384/2927] Building CXX object lib/Transforms/Scalar/CMakeFiles/LLVMScalarOpts.dir/SCCP.cpp.o
[1385/2927] Building CXX object lib/Transforms/Scalar/CMakeFiles/LLVMScalarOpts.dir/Scalar.cpp.o
[1386/2927] Building CXX object lib/Transforms/Scalar/CMakeFiles/LLVMScalarOpts.dir/Scalarizer.cpp.o
[1387/2927] Building CXX object lib/Transforms/Scalar/CMakeFiles/LLVMScalarOpts.dir/ScalarizeMaskedMemIntrin.cpp.o
[1388/2927] Building CXX object lib/Transforms/Scalar/CMakeFiles/LLVMScalarOpts.dir/SeparateConstOffsetFromGEP.cpp.o
[1389/2927] Building CXX object lib/Transforms/Scalar/CMakeFiles/LLVMScalarOpts.dir/SimpleLoopUnswitch.cpp.o
[1390/2927] Building CXX object lib/Transforms/Scalar/CMakeFiles/LLVMScalarOpts.dir/SimplifyCFGPass.cpp.o
[1391/2927] Building CXX object lib/Transforms/Scalar/CMakeFiles/LLVMScalarOpts.dir/Sink.cpp.o
[1392/2927] Building CXX object lib/Frontend/Offloading/CMakeFiles/LLVMFrontendOffloading.dir/Utility.cpp.o
[1393/2927] Building CXX object lib/Transforms/Scalar/CMakeFiles/LLVMScalarOpts.dir/SpeculativeExecution.cpp.o
[1394/2927] Building CXX object lib/Transforms/Scalar/CMakeFiles/LLVMScalarOpts.dir/StraightLineStrengthReduce.cpp.o
[1395/2927] Building CXX object lib/Transforms/Scalar/CMakeFiles/LLVMScalarOpts.dir/StructurizeCFG.cpp.o
[1396/2927] Building CXX object lib/Transforms/Scalar/CMakeFiles/LLVMScalarOpts.dir/TailRecursionElimination.cpp.o
[1397/2927] Building CXX object lib/Transforms/Scalar/CMakeFiles/LLVMScalarOpts.dir/WarnMissedTransforms.cpp.o
[1398/2927] Building CXX object lib/Transforms/IPO/CMakeFiles/LLVMipo.dir/Annotation2Metadata.cpp.o
[1399/2927] Building CXX object lib/TextAPI/CMakeFiles/LLVMTextAPI.dir/Utils.cpp.o
[1400/2927] Building CXX object lib/TextAPI/BinaryReader/CMakeFiles/LLVMTextAPIBinaryReader.dir/DylibReader.cpp.o
[1401/2927] Building CXX object lib/Transforms/IPO/CMakeFiles/LLVMipo.dir/BlockExtractor.cpp.o
[1402/2927] Building CXX object lib/Transforms/IPO/CMakeFiles/LLVMipo.dir/CalledValuePropagation.cpp.o
[1403/2927] Building CXX object lib/Transforms/IPO/CMakeFiles/LLVMipo.dir/ConstantMerge.cpp.o
[1404/2927] Building CXX object lib/Transforms/IPO/CMakeFiles/LLVMipo.dir/CrossDSOCFI.cpp.o
[1405/2927] Building CXX object lib/Transforms/IPO/CMakeFiles/LLVMipo.dir/ElimAvailExtern.cpp.o
[1406/2927] Building CXX object lib/Transforms/IPO/CMakeFiles/LLVMipo.dir/EmbedBitcodePass.cpp.o
[1407/2927] Building CXX object lib/Transforms/IPO/CMakeFiles/LLVMipo.dir/ExpandVariadics.cpp.o
[1408/2927] Building CXX object lib/Transforms/IPO/CMakeFiles/LLVMipo.dir/ExtractGV.cpp.o
[1409/2927] Building CXX object lib/Transforms/IPO/CMakeFiles/LLVMipo.dir/FatLTOCleanup.cpp.o
[1410/2927] Building CXX object lib/Transforms/IPO/CMakeFiles/LLVMipo.dir/ForceFunctionAttrs.cpp.o
[1411/2927] Building CXX object lib/Transforms/IPO/CMakeFiles/LLVMipo.dir/FunctionAttrs.cpp.o
[1412/2927] Building CXX object lib/Transforms/IPO/CMakeFiles/LLVMipo.dir/FunctionImport.cpp.o
[1413/2927] Building CXX object lib/Transforms/IPO/CMakeFiles/LLVMipo.dir/FunctionSpecialization.cpp.o
[1414/2927] Building CXX object lib/Transforms/IPO/CMakeFiles/LLVMipo.dir/GlobalDCE.cpp.o
[1415/2927] Building CXX object lib/Transforms/IPO/CMakeFiles/LLVMipo.dir/GlobalOpt.cpp.o
[1416/2927] Building CXX object lib/Transforms/IPO/CMakeFiles/LLVMipo.dir/GlobalSplit.cpp.o
[1417/2927] Building CXX object lib/Transforms/IPO/CMakeFiles/LLVMipo.dir/HotColdSplitting.cpp.o
[1418/2927] Building CXX object lib/Transforms/IPO/CMakeFiles/LLVMipo.dir/IPO.cpp.o
[1419/2927] Building CXX object lib/Transforms/IPO/CMakeFiles/LLVMipo.dir/InferFunctionAttrs.cpp.o
[1420/2927] Building CXX object lib/Transforms/IPO/CMakeFiles/LLVMipo.dir/Inliner.cpp.o
[1421/2927] Building CXX object lib/Transforms/IPO/CMakeFiles/LLVMipo.dir/Internalize.cpp.o
[1422/2927] Building CXX object lib/Transforms/IPO/CMakeFiles/LLVMipo.dir/LoopExtractor.cpp.o
[1423/2927] Building CXX object lib/Transforms/IPO/CMakeFiles/LLVMipo.dir/LowerTypeTests.cpp.o
[1424/2927] Building CXX object lib/Transforms/IPO/CMakeFiles/LLVMipo.dir/MemProfContextDisambiguation.cpp.o
/var/llvm-compile-time-tracker/llvm-project/llvm/lib/Transforms/IPO/MemProfContextDisambiguation.cpp: In instantiation of ‘void {anonymous}::CallsiteContextGraph<DerivedCCG, FuncTy, CallTy>::assignStackNodesPostOrder({anonymous}::CallsiteContextGraph<DerivedCCG, FuncTy, CallTy>::ContextNode*, llvm::DenseSet<const {anonymous}::CallsiteContextGraph<DerivedCCG, FuncTy, CallTy>::ContextNode*>&, llvm::DenseMap<long unsigned int, std::vector<{anonymous}::CallsiteContextGraph<DerivedCCG, FuncTy, CallTy>::CallContextInfo> >&, llvm::DenseMap<{anonymous}::CallsiteContextGraph<DerivedCCG, FuncTy, CallTy>::CallInfo, {anonymous}::CallsiteContextGraph<DerivedCCG, FuncTy, CallTy>::CallInfo>&) [with DerivedCCG = {anonymous}::ModuleCallsiteContextGraph; FuncTy = llvm::Function; CallTy = llvm::Instruction*]’:
/var/llvm-compile-time-tracker/llvm-project/llvm/lib/Transforms/IPO/MemProfContextDisambiguation.cpp:1948:5:   required from ‘void {anonymous}::CallsiteContextGraph<DerivedCCG, FuncTy, CallTy>::updateStackNodes() [with DerivedCCG = {anonymous}::ModuleCallsiteContextGraph; FuncTy = llvm::Function; CallTy = llvm::Instruction*]’
/var/llvm-compile-time-tracker/llvm-project/llvm/lib/Transforms/IPO/MemProfContextDisambiguation.cpp:2107:19:   required from here
/var/llvm-compile-time-tracker/llvm-project/llvm/lib/Transforms/IPO/MemProfContextDisambiguation.cpp:1577:8: warning: variable ‘PrevIterCreatedNode’ set but not used [-Wunused-but-set-variable]
 1577 |   bool PrevIterCreatedNode = false;
      |        ^~~~~~~~~~~~~~~~~~~
/var/llvm-compile-time-tracker/llvm-project/llvm/lib/Transforms/IPO/MemProfContextDisambiguation.cpp: In instantiation of ‘void {anonymous}::CallsiteContextGraph<DerivedCCG, FuncTy, CallTy>::assignStackNodesPostOrder({anonymous}::CallsiteContextGraph<DerivedCCG, FuncTy, CallTy>::ContextNode*, llvm::DenseSet<const {anonymous}::CallsiteContextGraph<DerivedCCG, FuncTy, CallTy>::ContextNode*>&, llvm::DenseMap<long unsigned int, std::vector<{anonymous}::CallsiteContextGraph<DerivedCCG, FuncTy, CallTy>::CallContextInfo> >&, llvm::DenseMap<{anonymous}::CallsiteContextGraph<DerivedCCG, FuncTy, CallTy>::CallInfo, {anonymous}::CallsiteContextGraph<DerivedCCG, FuncTy, CallTy>::CallInfo>&) [with DerivedCCG = {anonymous}::IndexCallsiteContextGraph; FuncTy = llvm::FunctionSummary; CallTy = {anonymous}::IndexCall]’:
/var/llvm-compile-time-tracker/llvm-project/llvm/lib/Transforms/IPO/MemProfContextDisambiguation.cpp:1948:5:   required from ‘void {anonymous}::CallsiteContextGraph<DerivedCCG, FuncTy, CallTy>::updateStackNodes() [with DerivedCCG = {anonymous}::IndexCallsiteContextGraph; FuncTy = llvm::FunctionSummary; CallTy = {anonymous}::IndexCall]’
/var/llvm-compile-time-tracker/llvm-project/llvm/lib/Transforms/IPO/MemProfContextDisambiguation.cpp:2204:19:   required from here
/var/llvm-compile-time-tracker/llvm-project/llvm/lib/Transforms/IPO/MemProfContextDisambiguation.cpp:1577:8: warning: variable ‘PrevIterCreatedNode’ set but not used [-Wunused-but-set-variable]
[1425/2927] Building CXX object lib/Transforms/IPO/CMakeFiles/LLVMipo.dir/MergeFunctions.cpp.o
[1426/2927] Building CXX object lib/Transforms/IPO/CMakeFiles/LLVMipo.dir/ModuleInliner.cpp.o
[1427/2927] Building CXX object lib/Transforms/IPO/CMakeFiles/LLVMipo.dir/OpenMPOpt.cpp.o
[1428/2927] Building CXX object lib/Transforms/IPO/CMakeFiles/LLVMipo.dir/PartialInlining.cpp.o
[1429/2927] Building CXX object lib/Transforms/IPO/CMakeFiles/LLVMipo.dir/SampleContextTracker.cpp.o
[1430/2927] Building CXX object lib/Transforms/IPO/CMakeFiles/LLVMipo.dir/SampleProfile.cpp.o
[1431/2927] Building CXX object lib/Transforms/IPO/CMakeFiles/LLVMipo.dir/SampleProfileMatcher.cpp.o
[1432/2927] Building CXX object lib/Transforms/IPO/CMakeFiles/LLVMipo.dir/SampleProfileProbe.cpp.o
[1433/2927] Building CXX object lib/Transforms/Utils/CMakeFiles/LLVMTransformUtils.dir/Debugify.cpp.o
[1434/2927] Building CXX object lib/Transforms/IPO/CMakeFiles/LLVMipo.dir/StripDeadPrototypes.cpp.o
[1435/2927] Building CXX object lib/Transforms/Utils/CMakeFiles/LLVMTransformUtils.dir/CodeExtractor.cpp.o
[1436/2927] Building CXX object lib/Transforms/IPO/CMakeFiles/LLVMipo.dir/StripSymbols.cpp.o
[1437/2927] Building CXX object lib/Transforms/IPO/CMakeFiles/LLVMipo.dir/ThinLTOBitcodeWriter.cpp.o
[1438/2927] Building CXX object lib/Transforms/IPO/CMakeFiles/LLVMipo.dir/WholeProgramDevirt.cpp.o
[1439/2927] Building CXX object lib/Transforms/Vectorize/CMakeFiles/LLVMVectorize.dir/LoadStoreVectorizer.cpp.o
[1440/2927] Building CXX object lib/Transforms/Vectorize/CMakeFiles/LLVMVectorize.dir/LoopIdiomVectorize.cpp.o
[1441/2927] Building CXX object lib/Transforms/Vectorize/CMakeFiles/LLVMVectorize.dir/LoopVectorizationLegality.cpp.o
[1442/2927] Building CXX object lib/Transforms/Vectorize/CMakeFiles/LLVMVectorize.dir/LoopVectorize.cpp.o
[1443/2927] Building CXX object lib/Transforms/Vectorize/CMakeFiles/LLVMVectorize.dir/SandboxVectorizer/DependencyGraph.cpp.o
[1444/2927] Building CXX object lib/Transforms/Vectorize/CMakeFiles/LLVMVectorize.dir/SandboxVectorizer/InstrMaps.cpp.o
In file included from /var/llvm-compile-time-tracker/llvm-project/llvm/lib/Transforms/Vectorize/SandboxVectorizer/InstrMaps.cpp:11:
/var/llvm-compile-time-tracker/llvm-project/llvm/include/llvm/Transforms/Vectorize/SandboxVectorizer/Legality.h:183:33: warning: ‘maybe_unused’ attribute ignored [-Wattributes]
  183 |   [[maybe_unused]] ResultReason Reason;
      |                                 ^~~~~~
[1445/2927] Building CXX object lib/Transforms/Vectorize/CMakeFiles/LLVMVectorize.dir/SandboxVectorizer/Interval.cpp.o
[1446/2927] Building CXX object lib/Transforms/Vectorize/CMakeFiles/LLVMVectorize.dir/SandboxVectorizer/Legality.cpp.o
In file included from /var/llvm-compile-time-tracker/llvm-project/llvm/lib/Transforms/Vectorize/SandboxVectorizer/Legality.cpp:9:
/var/llvm-compile-time-tracker/llvm-project/llvm/include/llvm/Transforms/Vectorize/SandboxVectorizer/Legality.h:183:33: warning: ‘maybe_unused’ attribute ignored [-Wattributes]
  183 |   [[maybe_unused]] ResultReason Reason;
      |                                 ^~~~~~
[1447/2927] Building CXX object lib/Transforms/Vectorize/CMakeFiles/LLVMVectorize.dir/SandboxVectorizer/Passes/BottomUpVec.cpp.o
In file included from /var/llvm-compile-time-tracker/llvm-project/llvm/include/llvm/Transforms/Vectorize/SandboxVectorizer/Passes/BottomUpVec.h:21,
                 from /var/llvm-compile-time-tracker/llvm-project/llvm/lib/Transforms/Vectorize/SandboxVectorizer/Passes/BottomUpVec.cpp:9:
/var/llvm-compile-time-tracker/llvm-project/llvm/include/llvm/Transforms/Vectorize/SandboxVectorizer/Legality.h:183:33: warning: ‘maybe_unused’ attribute ignored [-Wattributes]
  183 |   [[maybe_unused]] ResultReason Reason;
      |                                 ^~~~~~
[1448/2927] Building CXX object lib/Transforms/Vectorize/CMakeFiles/LLVMVectorize.dir/SandboxVectorizer/Passes/RegionsFromMetadata.cpp.o
[1449/2927] Building CXX object lib/Transforms/Vectorize/CMakeFiles/LLVMVectorize.dir/SandboxVectorizer/Passes/SeedCollection.cpp.o
[1450/2927] Building CXX object lib/Transforms/Vectorize/CMakeFiles/LLVMVectorize.dir/SandboxVectorizer/Passes/TransactionAcceptOrRevert.cpp.o
[1451/2927] Building CXX object lib/Transforms/Vectorize/CMakeFiles/LLVMVectorize.dir/SandboxVectorizer/Passes/TransactionSave.cpp.o
[1452/2927] Building CXX object lib/Transforms/Vectorize/CMakeFiles/LLVMVectorize.dir/SandboxVectorizer/SandboxVectorizer.cpp.o
[1453/2927] Building CXX object lib/Transforms/Vectorize/CMakeFiles/LLVMVectorize.dir/SandboxVectorizer/SandboxVectorizerPassBuilder.cpp.o
In file included from /var/llvm-compile-time-tracker/llvm-project/llvm/include/llvm/Transforms/Vectorize/SandboxVectorizer/Passes/BottomUpVec.h:21,
                 from /var/llvm-compile-time-tracker/llvm-project/llvm/lib/Transforms/Vectorize/SandboxVectorizer/SandboxVectorizerPassBuilder.cpp:3:
/var/llvm-compile-time-tracker/llvm-project/llvm/include/llvm/Transforms/Vectorize/SandboxVectorizer/Legality.h:183:33: warning: ‘maybe_unused’ attribute ignored [-Wattributes]
  183 |   [[maybe_unused]] ResultReason Reason;
      |                                 ^~~~~~
[1454/2927] Building CXX object lib/Transforms/Vectorize/CMakeFiles/LLVMVectorize.dir/SandboxVectorizer/Scheduler.cpp.o
[1455/2927] Building CXX object lib/Transforms/Vectorize/CMakeFiles/LLVMVectorize.dir/SandboxVectorizer/SeedCollector.cpp.o
[1456/2927] Building CXX object lib/Transforms/Vectorize/CMakeFiles/LLVMVectorize.dir/SandboxVectorizer/VecUtils.cpp.o
[1457/2927] Building CXX object lib/Transforms/Vectorize/CMakeFiles/LLVMVectorize.dir/SLPVectorizer.cpp.o
/var/llvm-compile-time-tracker/llvm-project/llvm/lib/Transforms/Vectorize/SLPVectorizer.cpp: In instantiation of ‘llvm::slpvectorizer::BoUpSLP::findReusedOrderedScalars(const llvm::slpvectorizer::BoUpSLP::TreeEntry&, bool, bool)::<lambda(const auto:30&)> [with auto:30 = llvm::detail::enumerator_result<long unsigned int, const int&>]’:
/usr/include/c++/11/bits/predefined_ops.h:318:23:   required from ‘bool __gnu_cxx::__ops::_Iter_pred<_Predicate>::operator()(_Iterator) [with _Iterator = llvm::detail::zip_enumerator<llvm::detail::index_iterator, const int*>; _Predicate = llvm::slpvectorizer::BoUpSLP::findReusedOrderedScalars(const llvm::slpvectorizer::BoUpSLP::TreeEntry&, bool, bool)::<lambda(const auto:30&)>]’
/usr/include/c++/11/bits/stl_algobase.h:2052:42:   required from ‘_InputIterator std::__find_if(_InputIterator, _InputIterator, _Predicate, std::input_iterator_tag) [with _InputIterator = llvm::detail::zip_enumerator<llvm::detail::index_iterator, const int*>; _Predicate = __gnu_cxx::__ops::_Iter_pred<llvm::slpvectorizer::BoUpSLP::findReusedOrderedScalars(const llvm::slpvectorizer::BoUpSLP::TreeEntry&, bool, bool)::<lambda(const auto:30&)> >]’
/usr/include/c++/11/bits/stl_algobase.h:2114:23:   required from ‘_Iterator std::__find_if(_Iterator, _Iterator, _Predicate) [with _Iterator = llvm::detail::zip_enumerator<llvm::detail::index_iterator, const int*>; _Predicate = __gnu_cxx::__ops::_Iter_pred<llvm::slpvectorizer::BoUpSLP::findReusedOrderedScalars(const llvm::slpvectorizer::BoUpSLP::TreeEntry&, bool, bool)::<lambda(const auto:30&)> >]’
/usr/include/c++/11/bits/stl_algo.h:3910:28:   required from ‘_IIter std::find_if(_IIter, _IIter, _Predicate) [with _IIter = llvm::detail::zip_enumerator<llvm::detail::index_iterator, const int*>; _Predicate = llvm::slpvectorizer::BoUpSLP::findReusedOrderedScalars(const llvm::slpvectorizer::BoUpSLP::TreeEntry&, bool, bool)::<lambda(const auto:30&)>]’
/usr/include/c++/11/bits/stl_algo.h:471:47:   required from ‘bool std::none_of(_IIter, _IIter, _Predicate) [with _IIter = llvm::detail::zip_enumerator<llvm::detail::index_iterator, const int*>; _Predicate = llvm::slpvectorizer::BoUpSLP::findReusedOrderedScalars(const llvm::slpvectorizer::BoUpSLP::TreeEntry&, bool, bool)::<lambda(const auto:30&)>]’
/usr/include/c++/11/bits/stl_algo.h:490:27:   required from ‘bool std::any_of(_IIter, _IIter, _Predicate) [with _IIter = llvm::detail::zip_enumerator<llvm::detail::index_iterator, const int*>; _Predicate = llvm::slpvectorizer::BoUpSLP::findReusedOrderedScalars(const llvm::slpvectorizer::BoUpSLP::TreeEntry&, bool, bool)::<lambda(const auto:30&)>]’
/var/llvm-compile-time-tracker/llvm-project/llvm/include/llvm/ADT/STLExtras.h:1747:21:   required from ‘bool llvm::any_of(R&&, UnaryPredicate) [with R = llvm::detail::zippy<llvm::detail::zip_enumerator, llvm::detail::index_stream, const llvm::SmallVector<int, 4>&>; UnaryPredicate = llvm::slpvectorizer::BoUpSLP::findReusedOrderedScalars(const llvm::slpvectorizer::BoUpSLP::TreeEntry&, bool, bool)::<lambda(const auto:30&)>]’
/var/llvm-compile-time-tracker/llvm-project/llvm/lib/Transforms/Vectorize/SLPVectorizer.cpp:4690:15:   required from here
/var/llvm-compile-time-tracker/llvm-project/llvm/lib/Transforms/Vectorize/SLPVectorizer.cpp:4691:57: warning: comparison of integer expressions of different signedness: ‘int’ and ‘std::size_t’ {aka ‘long unsigned int’} [-Wsign-compare]
 4691 |                [](const auto &P) { return P.value() % 2 != P.index() % 2; }))
      |                                           ~~~~~~~~~~~~~~^~~~~~~~~~~~~~~~
[1458/2927] Building CXX object lib/Transforms/Vectorize/CMakeFiles/LLVMVectorize.dir/Vectorize.cpp.o
[1459/2927] Building CXX object lib/Transforms/Vectorize/CMakeFiles/LLVMVectorize.dir/VectorCombine.cpp.o
[1460/2927] Building CXX object lib/Transforms/Vectorize/CMakeFiles/LLVMVectorize.dir/VPlan.cpp.o
[1461/2927] Building CXX object lib/Transforms/Vectorize/CMakeFiles/LLVMVectorize.dir/VPlanAnalysis.cpp.o
[1462/2927] Building CXX object lib/Transforms/Utils/CMakeFiles/LLVMTransformUtils.dir/SimplifyCFG.cpp.o
FAILED: lib/Transforms/Utils/CMakeFiles/LLVMTransformUtils.dir/SimplifyCFG.cpp.o 
CCACHE_CPP2=yes CCACHE_HASHDIR=yes /usr/bin/ccache /usr/bin/c++ -DGTEST_HAS_RTTI=0 -D_GNU_SOURCE -D__STDC_CONSTANT_MACROS -D__STDC_FORMAT_MACROS -D__STDC_LIMIT_MACROS -I/tmp/llvm-project-build-stage1/lib/Transforms/Utils -I/var/llvm-compile-time-tracker/llvm-project/llvm/lib/Transforms/Utils -I/tmp/llvm-project-build-stage1/include -I/var/llvm-compile-time-tracker/llvm-project/llvm/include -fPIC -fno-semantic-interposition -fvisibility-inlines-hidden -Werror=date-time -fno-lifetime-dse -Wall -Wextra -Wno-unused-parameter -Wwrite-strings -Wcast-qual -Wno-missing-field-initializers -pedantic -Wno-long-long -Wimplicit-fallthrough -Wno-uninitialized -Wno-nonnull -Wno-class-memaccess -Wno-redundant-move -Wno-pessimizing-move -Wno-noexcept-type -Wdelete-non-virtual-dtor -Wsuggest-override -Wno-comment -Wno-misleading-indentation -Wctad-maybe-unsupported -fdiagnostics-color -ffunction-sections -fdata-sections -O3 -DNDEBUG  -fno-exceptions -funwind-tables -fno-rtti -std=c++17 -MD -MT lib/Transforms/Utils/CMakeFiles/LLVMTransformUtils.dir/SimplifyCFG.cpp.o -MF lib/Transforms/Utils/CMakeFiles/LLVMTransformUtils.dir/SimplifyCFG.cpp.o.d -o lib/Transforms/Utils/CMakeFiles/LLVMTransformUtils.dir/SimplifyCFG.cpp.o -c /var/llvm-compile-time-tracker/llvm-project/llvm/lib/Transforms/Utils/SimplifyCFG.cpp
/var/llvm-compile-time-tracker/llvm-project/llvm/lib/Transforms/Utils/SimplifyCFG.cpp: In function ‘bool sinkCommonCodeFromPredecessors(llvm::BasicBlock*, llvm::DomTreeUpdater*)’:
/var/llvm-compile-time-tracker/llvm-project/llvm/lib/Transforms/Utils/SimplifyCFG.cpp:2503:3: error: reference to ‘LockstepReverseIterator’ is ambiguous
 2503 |   LockstepReverseIterator<true> LRI(UnconditionalPreds);
      |   ^~~~~~~~~~~~~~~~~~~~~~~
/var/llvm-compile-time-tracker/llvm-project/llvm/lib/Transforms/Utils/SimplifyCFG.cpp:1787:7: note: candidates are: ‘class {anonymous}::LockstepReverseIterator’
 1787 | class LockstepReverseIterator {
      |       ^~~~~~~~~~~~~~~~~~~~~~~
In file included from /var/llvm-compile-time-tracker/llvm-project/llvm/lib/Transforms/Utils/SimplifyCFG.cpp:77:
/var/llvm-compile-time-tracker/llvm-project/llvm/include/llvm/Transforms/Utils/LockstepReverseIterator.h:41:7: note:                 ‘template<bool EarlyFailure> class llvm::LockstepReverseIterator’
   41 | class LockstepReverseIterator
      |       ^~~~~~~~~~~~~~~~~~~~~~~
/var/llvm-compile-time-tracker/llvm-project/llvm/lib/Transforms/Utils/SimplifyCFG.cpp:2503:33: error: ‘LRI’ was not declared in this scope
 2503 |   LockstepReverseIterator<true> LRI(UnconditionalPreds);
      |                                 ^~~
/var/llvm-compile-time-tracker/llvm-project/llvm/lib/Transforms/Utils/SimplifyCFG.cpp:2533:44: error: reference to ‘LockstepReverseIterator’ is ambiguous
 2533 |     auto ProfitableToSinkInstruction = [&](LockstepReverseIterator<true> &LRI) {
      |                                            ^~~~~~~~~~~~~~~~~~~~~~~
/var/llvm-compile-time-tracker/llvm-project/llvm/lib/Transforms/Utils/SimplifyCFG.cpp:1787:7: note: candidates are: ‘class {anonymous}::LockstepReverseIterator’
 1787 | class LockstepReverseIterator {
      |       ^~~~~~~~~~~~~~~~~~~~~~~
In file included from /var/llvm-compile-time-tracker/llvm-project/llvm/lib/Transforms/Utils/SimplifyCFG.cpp:77:
/var/llvm-compile-time-tracker/llvm-project/llvm/include/llvm/Transforms/Utils/LockstepReverseIterator.h:41:7: note:                 ‘template<bool EarlyFailure> class llvm::LockstepReverseIterator’
   41 | class LockstepReverseIterator
      |       ^~~~~~~~~~~~~~~~~~~~~~~
/var/llvm-compile-time-tracker/llvm-project/llvm/lib/Transforms/Utils/SimplifyCFG.cpp:2533:44: error: ‘LockstepReverseIterator’ has not been declared
 2533 |     auto ProfitableToSinkInstruction = [&](LockstepReverseIterator<true> &LRI) {
      |                                            ^~~~~~~~~~~~~~~~~~~~~~~
/var/llvm-compile-time-tracker/llvm-project/llvm/lib/Transforms/Utils/SimplifyCFG.cpp:2533:67: error: expected ‘,’ or ‘...’ before ‘<’ token
 2533 |     auto ProfitableToSinkInstruction = [&](LockstepReverseIterator<true> &LRI) {
      |                                                                   ^
/var/llvm-compile-time-tracker/llvm-project/llvm/lib/Transforms/Utils/SimplifyCFG.cpp: At global scope:
/var/llvm-compile-time-tracker/llvm-project/llvm/lib/Transforms/Utils/SimplifyCFG.cpp:2206:13: warning: ‘bool canSinkInstructions(llvm::ArrayRef<llvm::Instruction*>, llvm::DenseMap<const llvm::Use*, llvm::SmallVector<llvm::Value*, 4> >&)’ defined but not used [-Wunused-function]
 2206 | static bool canSinkInstructions(
      |             ^~~~~~~~~~~~~~~~~~~
[1463/2927] Building CXX object lib/Transforms/Vectorize/CMakeFiles/LLVMVectorize.dir/VPlanRecipes.cpp.o
[1464/2927] Building CXX object lib/Transforms/Vectorize/CMakeFiles/LLVMVectorize.dir/VPlanHCFGBuilder.cpp.o
[1465/2927] Building CXX object lib/CodeGen/AsmPrinter/CMakeFiles/LLVMAsmPrinter.dir/AsmPrinter.cpp.o
[1466/2927] Building CXX object lib/Transforms/Utils/CMakeFiles/LLVMTransformUtils.dir/PromoteMemoryToRegister.cpp.o
[1467/2927] Building CXX object lib/Transforms/Utils/CMakeFiles/LLVMTransformUtils.dir/LoopUtils.cpp.o
[1468/2927] Building CXX object lib/Transforms/Scalar/CMakeFiles/LLVMScalarOpts.dir/GVNSink.cpp.o
[1469/2927] Building CXX object lib/Transforms/IPO/CMakeFiles/LLVMipo.dir/SCCP.cpp.o
[1470/2927] Building CXX object lib/Transforms/IPO/CMakeFiles/LLVMipo.dir/DeadArgumentElimination.cpp.o
[1471/2927] Building CXX object lib/Transforms/Instrumentation/CMakeFiles/LLVMInstrumentation.dir/InstrProfiling.cpp.o
[1472/2927] Building CXX object lib/Transforms/Utils/CMakeFiles/LLVMTransformUtils.dir/Local.cpp.o
[1473/2927] Building CXX object lib/CodeGen/AsmPrinter/CMakeFiles/LLVMAsmPrinter.dir/CodeViewDebug.cpp.o
[1474/2927] Building CXX object lib/Transforms/Instrumentation/CMakeFiles/LLVMInstrumentation.dir/AddressSanitizer.cpp.o
[1475/2927] Building CXX object lib/CodeGen/AsmPrinter/CMakeFiles/LLVMAsmPrinter.dir/DwarfDebug.cpp.o
[1476/2927] Building CXX object lib/Transforms/IPO/CMakeFiles/LLVMipo.dir/IROutliner.cpp.o
[1477/2927] Building CXX object lib/Transforms/Scalar/CMakeFiles/LLVMScalarOpts.dir/SROA.cpp.o
[1478/2927] Building CXX object lib/Transforms/InstCombine/CMakeFiles/LLVMInstCombine.dir/InstructionCombining.cpp.o
[1479/2927] Building CXX object lib/Frontend/OpenMP/CMakeFiles/LLVMFrontendOpenMP.dir/OMPIRBuilder.cpp.o
ninja: build stopped: subcommand failed.


STDERR:
CMake Deprecation Warning at /var/llvm-compile-time-tracker/llvm-project/clang/CMakeLists.txt:444 (message):
  'CLANG_ENABLE_ARCMT' is deprecated as ARCMigrate has been removed from
  Clang.  Please use 'CLANG_ENABLE_OBJC_REWRITER' instead to enable or
  disable the Objective-C rewriter.


Command exited with non-zero status 1
240.00user 13.26system 0:21.44elapsed 1180%CPU (0avgtext+0avgdata 904176maxresident)k
0inputs+878480outputs (2814major+7537641minor)pagefaults 0swaps
