MESSAGE: Execution of "./build_llvm_test_suite.sh O0-g "-fno-experimental-new-pass-manager"" failed

STDOUT:
[9/650] Building CXX object CTMark/7zip/CMakeFiles/7zip-benchmark.dir/CPP/myWindows/myGetTickCount.cpp.o
[10/650] Building CXX object CTMark/7zip/CMakeFiles/7zip-benchmark.dir/CPP/myWindows/myAddExeFlag.cpp.o
[11/650] Building CXX object CTMark/7zip/CMakeFiles/7zip-benchmark.dir/CPP/myWindows/mySplitCommandLine.cpp.o
[12/650] Building CXX object CTMark/7zip/CMakeFiles/7zip-benchmark.dir/CPP/7zip/UI/Console/BenchCon.cpp.o
[13/650] Building CXX object CTMark/7zip/CMakeFiles/7zip-benchmark.dir/CPP/7zip/UI/Console/ConsoleClose.cpp.o
[14/650] Building CXX object CTMark/7zip/CMakeFiles/7zip-benchmark.dir/CPP/7zip/UI/Console/ExtractCallbackConsole.cpp.o
[15/650] Building CXX object CTMark/7zip/CMakeFiles/7zip-benchmark.dir/CPP/7zip/UI/Console/MainAr.cpp.o
[16/650] Building CXX object CTMark/7zip/CMakeFiles/7zip-benchmark.dir/CPP/7zip/UI/Console/OpenCallbackConsole.cpp.o
[17/650] Generating sqlite test inputs
[18/650] Building CXX object CTMark/7zip/CMakeFiles/7zip-benchmark.dir/CPP/7zip/UI/Console/List.cpp.o
FAILED: CTMark/7zip/CMakeFiles/7zip-benchmark.dir/CPP/7zip/UI/Console/List.cpp.o 
/root/llvm-compile-time-tracker/llvm-test-suite-build/tools/timeit --summary CTMark/7zip/CMakeFiles/7zip-benchmark.dir/CPP/7zip/UI/Console/List.cpp.o.time /root/llvm-compile-time-tracker/llvm-project-build/bin/clang++  -DNDEBUG  -fno-experimental-new-pass-manager -O0 -g   -w -Werror=date-time -DBREAK_HANDLER -DUNICODE -D_UNICODE -I/root/llvm-compile-time-tracker/llvm-test-suite/CTMark/7zip/C -I/root/llvm-compile-time-tracker/llvm-test-suite/CTMark/7zip/CPP/myWindows -I/root/llvm-compile-time-tracker/llvm-test-suite/CTMark/7zip/CPP/include_windows -I/root/llvm-compile-time-tracker/llvm-test-suite/CTMark/7zip/CPP -I. -D_FILE_OFFSET_BITS=64 -D_LARGEFILE_SOURCE -DNDEBUG -D_REENTRANT -DENV_UNIX -D_7ZIP_LARGE_PAGES -pthread -Wno-error=c++11-narrowing -DBREAK_HANDLER -DUNICODE -D_UNICODE -I/root/llvm-compile-time-tracker/llvm-test-suite/CTMark/7zip/C -I/root/llvm-compile-time-tracker/llvm-test-suite/CTMark/7zip/CPP/myWindows -I/root/llvm-compile-time-tracker/llvm-test-suite/CTMark/7zip/CPP/include_windows -I/root/llvm-compile-time-tracker/llvm-test-suite/CTMark/7zip/CPP -I. -D_FILE_OFFSET_BITS=64 -D_LARGEFILE_SOURCE -DNDEBUG -D_REENTRANT -DENV_UNIX -D_7ZIP_LARGE_PAGES -pthread -MD -MT CTMark/7zip/CMakeFiles/7zip-benchmark.dir/CPP/7zip/UI/Console/List.cpp.o -MF CTMark/7zip/CMakeFiles/7zip-benchmark.dir/CPP/7zip/UI/Console/List.cpp.o.d -o CTMark/7zip/CMakeFiles/7zip-benchmark.dir/CPP/7zip/UI/Console/List.cpp.o -c /root/llvm-compile-time-tracker/llvm-test-suite/CTMark/7zip/CPP/7zip/UI/Console/List.cpp
PLEASE submit a bug report to https://bugs.llvm.org/ and include the crash backtrace, preprocessed source, and associated run script.
Stack dump:
0.	Program arguments: /root/llvm-compile-time-tracker/llvm-project-build/bin/clang++ -DNDEBUG -fno-experimental-new-pass-manager -O0 -g -w -Werror=date-time -DBREAK_HANDLER -DUNICODE -D_UNICODE -I/root/llvm-compile-time-tracker/llvm-test-suite/CTMark/7zip/C -I/root/llvm-compile-time-tracker/llvm-test-suite/CTMark/7zip/CPP/myWindows -I/root/llvm-compile-time-tracker/llvm-test-suite/CTMark/7zip/CPP/include_windows -I/root/llvm-compile-time-tracker/llvm-test-suite/CTMark/7zip/CPP -I. -D_FILE_OFFSET_BITS=64 -D_LARGEFILE_SOURCE -DNDEBUG -D_REENTRANT -DENV_UNIX -D_7ZIP_LARGE_PAGES -pthread -Wno-error=c++11-narrowing -DBREAK_HANDLER -DUNICODE -D_UNICODE -I/root/llvm-compile-time-tracker/llvm-test-suite/CTMark/7zip/C -I/root/llvm-compile-time-tracker/llvm-test-suite/CTMark/7zip/CPP/myWindows -I/root/llvm-compile-time-tracker/llvm-test-suite/CTMark/7zip/CPP/include_windows -I/root/llvm-compile-time-tracker/llvm-test-suite/CTMark/7zip/CPP -I. -D_FILE_OFFSET_BITS=64 -D_LARGEFILE_SOURCE -DNDEBUG -D_REENTRANT -DENV_UNIX -D_7ZIP_LARGE_PAGES -pthread -MD -MT CTMark/7zip/CMakeFiles/7zip-benchmark.dir/CPP/7zip/UI/Console/List.cpp.o -MF CTMark/7zip/CMakeFiles/7zip-benchmark.dir/CPP/7zip/UI/Console/List.cpp.o.d -o CTMark/7zip/CMakeFiles/7zip-benchmark.dir/CPP/7zip/UI/Console/List.cpp.o -c /root/llvm-compile-time-tracker/llvm-test-suite/CTMark/7zip/CPP/7zip/UI/Console/List.cpp
1.	<eof> parser at end of file
2.	Code generation
3.	Running pass 'Function Pass Manager' on module '/root/llvm-compile-time-tracker/llvm-test-suite/CTMark/7zip/CPP/7zip/UI/Console/List.cpp'.
4.	Running pass 'Live DEBUG_VALUE analysis' on function '@_ZL11PrintString11EAdjustmentiRK11CStringBaseIwE'
 #0 0x000055b701058194 PrintStackTraceSignalHandler(void*) Signals.cpp:0:0
 #1 0x000055b701055cb4 llvm::sys::CleanupOnSignal(unsigned long) (/root/llvm-compile-time-tracker/llvm-project-build/bin/clang+++0x1f59cb4)
 #2 0x000055b700fae478 CrashRecoverySignalHandler(int) CrashRecoveryContext.cpp:0:0
 #3 0x00007f519201f3c0 __restore_rt (/lib/x86_64-linux-gnu/libpthread.so.0+0x153c0)
 #4 0x000055b7005fd59d (anonymous namespace)::TransferTracker::clobberMloc((anonymous namespace)::LocIdx, llvm::MachineInstrBundleIterator<llvm::MachineInstr, false>, bool) InstrRefBasedImpl.cpp:0:0
 #5 0x000055b7005fe227 (anonymous namespace)::InstrRefBasedLDV::transferRegisterCopy(llvm::MachineInstr&) InstrRefBasedImpl.cpp:0:0
 #6 0x000055b70060357f (anonymous namespace)::InstrRefBasedLDV::process(llvm::MachineInstr&, (anonymous namespace)::ValueIDNum**, (anonymous namespace)::ValueIDNum**) InstrRefBasedImpl.cpp:0:0
 #7 0x000055b700603872 (anonymous namespace)::InstrRefBasedLDV::emitLocations(llvm::MachineFunction&, llvm::SmallVector<llvm::SmallVector<std::pair<llvm::DebugVariable, (anonymous namespace)::DbgValue>, 8u>, 8u>, (anonymous namespace)::ValueIDNum**, (anonymous namespace)::ValueIDNum**, llvm::DenseMap<llvm::DebugVariable, unsigned int, llvm::DenseMapInfo<llvm::DebugVariable>, llvm::detail::DenseMapPair<llvm::DebugVariable, unsigned int> >&, llvm::TargetPassConfig const&) InstrRefBasedImpl.cpp:0:0
 #8 0x000055b700607aa0 (anonymous namespace)::InstrRefBasedLDV::ExtendRanges(llvm::MachineFunction&, llvm::TargetPassConfig*) InstrRefBasedImpl.cpp:0:0
 #9 0x000055b700460a7c llvm::MachineFunctionPass::runOnFunction(llvm::Function&) (/root/llvm-compile-time-tracker/llvm-project-build/bin/clang+++0x1364a7c)
#10 0x000055b70091ce50 llvm::FPPassManager::runOnFunction(llvm::Function&) (/root/llvm-compile-time-tracker/llvm-project-build/bin/clang+++0x1820e50)
#11 0x000055b70091cfc9 llvm::FPPassManager::runOnModule(llvm::Module&) (/root/llvm-compile-time-tracker/llvm-project-build/bin/clang+++0x1820fc9)
#12 0x000055b70091f350 llvm::legacy::PassManagerImpl::run(llvm::Module&) (/root/llvm-compile-time-tracker/llvm-project-build/bin/clang+++0x1823350)
#13 0x000055b7013669a6 (anonymous namespace)::EmitAssemblyHelper::EmitAssembly(clang::BackendAction, std::unique_ptr<llvm::raw_pwrite_stream, std::default_delete<llvm::raw_pwrite_stream> >) BackendUtil.cpp:0:0
#14 0x000055b701368284 clang::EmitBackendOutput(clang::DiagnosticsEngine&, clang::HeaderSearchOptions const&, clang::CodeGenOptions const&, clang::TargetOptions const&, clang::LangOptions const&, llvm::StringRef, llvm::Module*, clang::BackendAction, std::unique_ptr<llvm::raw_pwrite_stream, std::default_delete<llvm::raw_pwrite_stream> >) (/root/llvm-compile-time-tracker/llvm-project-build/bin/clang+++0x226c284)
#15 0x000055b7020f614f clang::BackendConsumer::HandleTranslationUnit(clang::ASTContext&) crtstuff.c:0:0
#16 0x000055b7024ce899 clang::ParseAST(clang::Sema&, bool, bool) (/root/llvm-compile-time-tracker/llvm-project-build/bin/clang+++0x33d2899)
#17 0x000055b7020f4d96 clang::CodeGenAction::ExecuteAction() (/root/llvm-compile-time-tracker/llvm-project-build/bin/clang+++0x2ff8d96)
#18 0x000055b701a29201 clang::FrontendAction::Execute() (/root/llvm-compile-time-tracker/llvm-project-build/bin/clang+++0x292d201)
#19 0x000055b7019b95ab clang::CompilerInstance::ExecuteAction(clang::FrontendAction&) (/root/llvm-compile-time-tracker/llvm-project-build/bin/clang+++0x28bd5ab)
#20 0x000055b701b02d63 clang::ExecuteCompilerInvocation(clang::CompilerInstance*) (/root/llvm-compile-time-tracker/llvm-project-build/bin/clang+++0x2a06d63)
#21 0x000055b6ffd7d0e4 cc1_main(llvm::ArrayRef<char const*>, char const*, void*) (/root/llvm-compile-time-tracker/llvm-project-build/bin/clang+++0xc810e4)
#22 0x000055b6ffd7a4eb ExecuteCC1Tool(llvm::SmallVectorImpl<char const*>&) driver.cpp:0:0
#23 0x000055b70184ac99 void llvm::function_ref<void ()>::callback_fn<clang::driver::CC1Command::Execute(llvm::ArrayRef<llvm::Optional<llvm::StringRef> >, std::__cxx11::basic_string<char, std::char_traits<char>, std::allocator<char> >*, bool*) const::'lambda'()>(long) Job.cpp:0:0
#24 0x000055b700fae577 llvm::CrashRecoveryContext::RunSafely(llvm::function_ref<void ()>) (/root/llvm-compile-time-tracker/llvm-project-build/bin/clang+++0x1eb2577)
#25 0x000055b70184b2a1 clang::driver::CC1Command::Execute(llvm::ArrayRef<llvm::Optional<llvm::StringRef> >, std::__cxx11::basic_string<char, std::char_traits<char>, std::allocator<char> >*, bool*) const (.part.0) Job.cpp:0:0
#26 0x000055b70181e16c clang::driver::Compilation::ExecuteCommand(clang::driver::Command const&, clang::driver::Command const*&) const (/root/llvm-compile-time-tracker/llvm-project-build/bin/clang+++0x272216c)
#27 0x000055b70181eb89 clang::driver::Compilation::ExecuteJobs(clang::driver::JobList const&, llvm::SmallVectorImpl<std::pair<int, clang::driver::Command const*> >&) const (/root/llvm-compile-time-tracker/llvm-project-build/bin/clang+++0x2722b89)
#28 0x000055b701828812 clang::driver::Driver::ExecuteCompilation(clang::driver::Compilation&, llvm::SmallVectorImpl<std::pair<int, clang::driver::Command const*> >&) (/root/llvm-compile-time-tracker/llvm-project-build/bin/clang+++0x272c812)
#29 0x000055b6ffcf71af main (/root/llvm-compile-time-tracker/llvm-project-build/bin/clang+++0xbfb1af)
#30 0x00007f5191aee0b3 __libc_start_main (/lib/x86_64-linux-gnu/libc.so.6+0x270b3)
#31 0x000055b6ffd7a08e _start (/root/llvm-compile-time-tracker/llvm-project-build/bin/clang+++0xc7e08e)
clang-13: error: clang frontend command failed with exit code 139 (use -v to see invocation)
clang version 13.0.0
Target: x86_64-unknown-linux-gnu
Thread model: posix
InstalledDir: /root/llvm-compile-time-tracker/llvm-project-build/bin
clang-13: note: diagnostic msg: 
********************

PLEASE ATTACH THE FOLLOWING FILES TO THE BUG REPORT:
Preprocessed source(s) and associated run script(s) are located at:
clang-13: note: diagnostic msg: /tmp/List-c0723d.cpp
clang-13: note: diagnostic msg: /tmp/List-c0723d.sh
clang-13: note: diagnostic msg: 

********************
[19/650] Building CXX object CTMark/7zip/CMakeFiles/7zip-benchmark.dir/CPP/7zip/UI/Console/PercentPrinter.cpp.o
[20/650] Building CXX object CTMark/7zip/CMakeFiles/7zip-benchmark.dir/CPP/7zip/UI/Console/UserInputUtils.cpp.o
[21/650] Building CXX object CTMark/7zip/CMakeFiles/7zip-benchmark.dir/CPP/7zip/UI/Console/UpdateCallbackConsole.cpp.o
[22/650] Building CXX object CTMark/7zip/CMakeFiles/7zip-benchmark.dir/CPP/7zip/UI/Console/Main.cpp.o
FAILED: CTMark/7zip/CMakeFiles/7zip-benchmark.dir/CPP/7zip/UI/Console/Main.cpp.o 
/root/llvm-compile-time-tracker/llvm-test-suite-build/tools/timeit --summary CTMark/7zip/CMakeFiles/7zip-benchmark.dir/CPP/7zip/UI/Console/Main.cpp.o.time /root/llvm-compile-time-tracker/llvm-project-build/bin/clang++  -DNDEBUG  -fno-experimental-new-pass-manager -O0 -g   -w -Werror=date-time -DBREAK_HANDLER -DUNICODE -D_UNICODE -I/root/llvm-compile-time-tracker/llvm-test-suite/CTMark/7zip/C -I/root/llvm-compile-time-tracker/llvm-test-suite/CTMark/7zip/CPP/myWindows -I/root/llvm-compile-time-tracker/llvm-test-suite/CTMark/7zip/CPP/include_windows -I/root/llvm-compile-time-tracker/llvm-test-suite/CTMark/7zip/CPP -I. -D_FILE_OFFSET_BITS=64 -D_LARGEFILE_SOURCE -DNDEBUG -D_REENTRANT -DENV_UNIX -D_7ZIP_LARGE_PAGES -pthread -Wno-error=c++11-narrowing -DBREAK_HANDLER -DUNICODE -D_UNICODE -I/root/llvm-compile-time-tracker/llvm-test-suite/CTMark/7zip/C -I/root/llvm-compile-time-tracker/llvm-test-suite/CTMark/7zip/CPP/myWindows -I/root/llvm-compile-time-tracker/llvm-test-suite/CTMark/7zip/CPP/include_windows -I/root/llvm-compile-time-tracker/llvm-test-suite/CTMark/7zip/CPP -I. -D_FILE_OFFSET_BITS=64 -D_LARGEFILE_SOURCE -DNDEBUG -D_REENTRANT -DENV_UNIX -D_7ZIP_LARGE_PAGES -pthread -MD -MT CTMark/7zip/CMakeFiles/7zip-benchmark.dir/CPP/7zip/UI/Console/Main.cpp.o -MF CTMark/7zip/CMakeFiles/7zip-benchmark.dir/CPP/7zip/UI/Console/Main.cpp.o.d -o CTMark/7zip/CMakeFiles/7zip-benchmark.dir/CPP/7zip/UI/Console/Main.cpp.o -c /root/llvm-compile-time-tracker/llvm-test-suite/CTMark/7zip/CPP/7zip/UI/Console/Main.cpp
PLEASE submit a bug report to https://bugs.llvm.org/ and include the crash backtrace, preprocessed source, and associated run script.
Stack dump:
0.	Program arguments: /root/llvm-compile-time-tracker/llvm-project-build/bin/clang++ -DNDEBUG -fno-experimental-new-pass-manager -O0 -g -w -Werror=date-time -DBREAK_HANDLER -DUNICODE -D_UNICODE -I/root/llvm-compile-time-tracker/llvm-test-suite/CTMark/7zip/C -I/root/llvm-compile-time-tracker/llvm-test-suite/CTMark/7zip/CPP/myWindows -I/root/llvm-compile-time-tracker/llvm-test-suite/CTMark/7zip/CPP/include_windows -I/root/llvm-compile-time-tracker/llvm-test-suite/CTMark/7zip/CPP -I. -D_FILE_OFFSET_BITS=64 -D_LARGEFILE_SOURCE -DNDEBUG -D_REENTRANT -DENV_UNIX -D_7ZIP_LARGE_PAGES -pthread -Wno-error=c++11-narrowing -DBREAK_HANDLER -DUNICODE -D_UNICODE -I/root/llvm-compile-time-tracker/llvm-test-suite/CTMark/7zip/C -I/root/llvm-compile-time-tracker/llvm-test-suite/CTMark/7zip/CPP/myWindows -I/root/llvm-compile-time-tracker/llvm-test-suite/CTMark/7zip/CPP/include_windows -I/root/llvm-compile-time-tracker/llvm-test-suite/CTMark/7zip/CPP -I. -D_FILE_OFFSET_BITS=64 -D_LARGEFILE_SOURCE -DNDEBUG -D_REENTRANT -DENV_UNIX -D_7ZIP_LARGE_PAGES -pthread -MD -MT CTMark/7zip/CMakeFiles/7zip-benchmark.dir/CPP/7zip/UI/Console/Main.cpp.o -MF CTMark/7zip/CMakeFiles/7zip-benchmark.dir/CPP/7zip/UI/Console/Main.cpp.o.d -o CTMark/7zip/CMakeFiles/7zip-benchmark.dir/CPP/7zip/UI/Console/Main.cpp.o -c /root/llvm-compile-time-tracker/llvm-test-suite/CTMark/7zip/CPP/7zip/UI/Console/Main.cpp
1.	<eof> parser at end of file
2.	Code generation
3.	Running pass 'Function Pass Manager' on module '/root/llvm-compile-time-tracker/llvm-test-suite/CTMark/7zip/CPP/7zip/UI/Console/Main.cpp'.
4.	Running pass 'Live DEBUG_VALUE analysis' on function '@_ZN7CCodecs14QueryInterfaceERK4GUIDPPv'
 #0 0x0000559687414194 PrintStackTraceSignalHandler(void*) Signals.cpp:0:0
 #1 0x0000559687411cb4 llvm::sys::CleanupOnSignal(unsigned long) (/root/llvm-compile-time-tracker/llvm-project-build/bin/clang+++0x1f59cb4)
 #2 0x000055968736a478 CrashRecoverySignalHandler(int) CrashRecoveryContext.cpp:0:0
 #3 0x00007fca882143c0 __restore_rt (/lib/x86_64-linux-gnu/libpthread.so.0+0x153c0)
 #4 0x00005596869b959d (anonymous namespace)::TransferTracker::clobberMloc((anonymous namespace)::LocIdx, llvm::MachineInstrBundleIterator<llvm::MachineInstr, false>, bool) InstrRefBasedImpl.cpp:0:0
 #5 0x00005596869ba227 (anonymous namespace)::InstrRefBasedLDV::transferRegisterCopy(llvm::MachineInstr&) InstrRefBasedImpl.cpp:0:0
 #6 0x00005596869bf57f (anonymous namespace)::InstrRefBasedLDV::process(llvm::MachineInstr&, (anonymous namespace)::ValueIDNum**, (anonymous namespace)::ValueIDNum**) InstrRefBasedImpl.cpp:0:0
 #7 0x00005596869bf872 (anonymous namespace)::InstrRefBasedLDV::emitLocations(llvm::MachineFunction&, llvm::SmallVector<llvm::SmallVector<std::pair<llvm::DebugVariable, (anonymous namespace)::DbgValue>, 8u>, 8u>, (anonymous namespace)::ValueIDNum**, (anonymous namespace)::ValueIDNum**, llvm::DenseMap<llvm::DebugVariable, unsigned int, llvm::DenseMapInfo<llvm::DebugVariable>, llvm::detail::DenseMapPair<llvm::DebugVariable, unsigned int> >&, llvm::TargetPassConfig const&) InstrRefBasedImpl.cpp:0:0
 #8 0x00005596869c3aa0 (anonymous namespace)::InstrRefBasedLDV::ExtendRanges(llvm::MachineFunction&, llvm::TargetPassConfig*) InstrRefBasedImpl.cpp:0:0
 #9 0x000055968681ca7c llvm::MachineFunctionPass::runOnFunction(llvm::Function&) (/root/llvm-compile-time-tracker/llvm-project-build/bin/clang+++0x1364a7c)
#10 0x0000559686cd8e50 llvm::FPPassManager::runOnFunction(llvm::Function&) (/root/llvm-compile-time-tracker/llvm-project-build/bin/clang+++0x1820e50)
#11 0x0000559686cd8fc9 llvm::FPPassManager::runOnModule(llvm::Module&) (/root/llvm-compile-time-tracker/llvm-project-build/bin/clang+++0x1820fc9)
#12 0x0000559686cdb350 llvm::legacy::PassManagerImpl::run(llvm::Module&) (/root/llvm-compile-time-tracker/llvm-project-build/bin/clang+++0x1823350)
#13 0x00005596877229a6 (anonymous namespace)::EmitAssemblyHelper::EmitAssembly(clang::BackendAction, std::unique_ptr<llvm::raw_pwrite_stream, std::default_delete<llvm::raw_pwrite_stream> >) BackendUtil.cpp:0:0
#14 0x0000559687724284 clang::EmitBackendOutput(clang::DiagnosticsEngine&, clang::HeaderSearchOptions const&, clang::CodeGenOptions const&, clang::TargetOptions const&, clang::LangOptions const&, llvm::StringRef, llvm::Module*, clang::BackendAction, std::unique_ptr<llvm::raw_pwrite_stream, std::default_delete<llvm::raw_pwrite_stream> >) (/root/llvm-compile-time-tracker/llvm-project-build/bin/clang+++0x226c284)
#15 0x00005596884b214f clang::BackendConsumer::HandleTranslationUnit(clang::ASTContext&) crtstuff.c:0:0
#16 0x000055968888a899 clang::ParseAST(clang::Sema&, bool, bool) (/root/llvm-compile-time-tracker/llvm-project-build/bin/clang+++0x33d2899)
#17 0x00005596884b0d96 clang::CodeGenAction::ExecuteAction() (/root/llvm-compile-time-tracker/llvm-project-build/bin/clang+++0x2ff8d96)
#18 0x0000559687de5201 clang::FrontendAction::Execute() (/root/llvm-compile-time-tracker/llvm-project-build/bin/clang+++0x292d201)
#19 0x0000559687d755ab clang::CompilerInstance::ExecuteAction(clang::FrontendAction&) (/root/llvm-compile-time-tracker/llvm-project-build/bin/clang+++0x28bd5ab)
#20 0x0000559687ebed63 clang::ExecuteCompilerInvocation(clang::CompilerInstance*) (/root/llvm-compile-time-tracker/llvm-project-build/bin/clang+++0x2a06d63)
#21 0x00005596861390e4 cc1_main(llvm::ArrayRef<char const*>, char const*, void*) (/root/llvm-compile-time-tracker/llvm-project-build/bin/clang+++0xc810e4)
#22 0x00005596861364eb ExecuteCC1Tool(llvm::SmallVectorImpl<char const*>&) driver.cpp:0:0
#23 0x0000559687c06c99 void llvm::function_ref<void ()>::callback_fn<clang::driver::CC1Command::Execute(llvm::ArrayRef<llvm::Optional<llvm::StringRef> >, std::__cxx11::basic_string<char, std::char_traits<char>, std::allocator<char> >*, bool*) const::'lambda'()>(long) Job.cpp:0:0
#24 0x000055968736a577 llvm::CrashRecoveryContext::RunSafely(llvm::function_ref<void ()>) (/root/llvm-compile-time-tracker/llvm-project-build/bin/clang+++0x1eb2577)
#25 0x0000559687c072a1 clang::driver::CC1Command::Execute(llvm::ArrayRef<llvm::Optional<llvm::StringRef> >, std::__cxx11::basic_string<char, std::char_traits<char>, std::allocator<char> >*, bool*) const (.part.0) Job.cpp:0:0
#26 0x0000559687bda16c clang::driver::Compilation::ExecuteCommand(clang::driver::Command const&, clang::driver::Command const*&) const (/root/llvm-compile-time-tracker/llvm-project-build/bin/clang+++0x272216c)
#27 0x0000559687bdab89 clang::driver::Compilation::ExecuteJobs(clang::driver::JobList const&, llvm::SmallVectorImpl<std::pair<int, clang::driver::Command const*> >&) const (/root/llvm-compile-time-tracker/llvm-project-build/bin/clang+++0x2722b89)
#28 0x0000559687be4812 clang::driver::Driver::ExecuteCompilation(clang::driver::Compilation&, llvm::SmallVectorImpl<std::pair<int, clang::driver::Command const*> >&) (/root/llvm-compile-time-tracker/llvm-project-build/bin/clang+++0x272c812)
#29 0x00005596860b31af main (/root/llvm-compile-time-tracker/llvm-project-build/bin/clang+++0xbfb1af)
#30 0x00007fca87ce30b3 __libc_start_main (/lib/x86_64-linux-gnu/libc.so.6+0x270b3)
#31 0x000055968613608e _start (/root/llvm-compile-time-tracker/llvm-project-build/bin/clang+++0xc7e08e)
clang-13: error: clang frontend command failed with exit code 139 (use -v to see invocation)
clang version 13.0.0
Target: x86_64-unknown-linux-gnu
Thread model: posix
InstalledDir: /root/llvm-compile-time-tracker/llvm-project-build/bin
clang-13: note: diagnostic msg: 
********************

PLEASE ATTACH THE FOLLOWING FILES TO THE BUG REPORT:
Preprocessed source(s) and associated run script(s) are located at:
clang-13: note: diagnostic msg: /tmp/Main-f7151f.cpp
clang-13: note: diagnostic msg: /tmp/Main-f7151f.sh
clang-13: note: diagnostic msg: 

********************
ninja: build stopped: subcommand failed.


STDERR:
