MESSAGE: Execution of "sudo -u lctt-runner ./build_llvm_project_stage2.sh" failed

STDOUT:
-- Looking for pthread_setname_np - found
-- Looking for pthread_get_name_np
-- Looking for pthread_get_name_np - not found
-- Looking for pthread_set_name_np
-- Looking for pthread_set_name_np - not found
-- Looking for dlopen
-- Looking for dlopen - found
-- Looking for proc_pid_rusage
-- Looking for proc_pid_rusage - not found
-- Performing Test HAVE_CXX_ATOMICS_WITHOUT_LIB
-- Performing Test HAVE_CXX_ATOMICS_WITHOUT_LIB - Success
-- Performing Test HAVE_CXX_ATOMICS64_WITHOUT_LIB
-- Performing Test HAVE_CXX_ATOMICS64_WITHOUT_LIB - Success
-- Performing Test LLVM_HAS_ATOMICS
-- Performing Test LLVM_HAS_ATOMICS - Success
-- LLVM host triple: x86_64-unknown-linux-gnu
-- Native target architecture is X86
-- Threads enabled.
-- Doxygen disabled.
-- Ninja version: 1.10.1
-- Could NOT find OCaml (missing: OCAMLFIND OCAML_VERSION OCAML_STDLIB_PATH) 
-- Could NOT find OCaml (missing: OCAMLFIND OCAML_VERSION OCAML_STDLIB_PATH) 
-- OCaml bindings disabled.
-- Could NOT find Python module pygments
-- Could NOT find Python module pygments.lexers.c_cpp
-- Found Python module yaml
-- LLVM default target triple: x86_64-unknown-linux-gnu
-- ThinLTO provides its own parallel linking - limiting parallel link jobs to 2.
-- Performing Test LLVM_USES_LIBSTDCXX
-- Performing Test LLVM_USES_LIBSTDCXX - Success
-- Performing Test CXX_SUPPORTS_CUSTOM_LINKER
-- Performing Test CXX_SUPPORTS_CUSTOM_LINKER - Success
-- Performing Test C_SUPPORTS_FPIC
-- Performing Test C_SUPPORTS_FPIC - Success
-- Performing Test CXX_SUPPORTS_FPIC
-- Performing Test CXX_SUPPORTS_FPIC - Success
-- Building with -fPIC
-- Performing Test C_SUPPORTS_FNO_SEMANTIC_INTERPOSITION
-- Performing Test C_SUPPORTS_FNO_SEMANTIC_INTERPOSITION - Success
-- Performing Test CXX_SUPPORTS_FNO_SEMANTIC_INTERPOSITION
-- Performing Test CXX_SUPPORTS_FNO_SEMANTIC_INTERPOSITION - Success
-- Performing Test SUPPORTS_FVISIBILITY_INLINES_HIDDEN_FLAG
-- Performing Test SUPPORTS_FVISIBILITY_INLINES_HIDDEN_FLAG - Success
-- Performing Test C_SUPPORTS_CXX98_COMPAT_EXTRA_SEMI_FLAG
-- Performing Test C_SUPPORTS_CXX98_COMPAT_EXTRA_SEMI_FLAG - Success
-- Performing Test CXX_SUPPORTS_CXX98_COMPAT_EXTRA_SEMI_FLAG
-- Performing Test CXX_SUPPORTS_CXX98_COMPAT_EXTRA_SEMI_FLAG - Success
-- Performing Test CXX_SUPPORTS_SUGGEST_OVERRIDE_FLAG
-- Performing Test CXX_SUPPORTS_SUGGEST_OVERRIDE_FLAG - Success
-- Performing Test CXX_WSUGGEST_OVERRIDE_ALLOWS_ONLY_FINAL
-- Performing Test CXX_WSUGGEST_OVERRIDE_ALLOWS_ONLY_FINAL - Success
-- Performing Test C_WCOMMENT_ALLOWS_LINE_WRAP
-- Performing Test C_WCOMMENT_ALLOWS_LINE_WRAP - Success
-- Performing Test C_SUPPORTS_MISLEADING_INDENTATION_FLAG
-- Performing Test C_SUPPORTS_MISLEADING_INDENTATION_FLAG - Success
-- Performing Test CXX_SUPPORTS_MISLEADING_INDENTATION_FLAG
-- Performing Test CXX_SUPPORTS_MISLEADING_INDENTATION_FLAG - Success
-- Performing Test C_SUPPORTS_CTAD_MAYBE_UNSPPORTED_FLAG
-- Performing Test C_SUPPORTS_CTAD_MAYBE_UNSPPORTED_FLAG - Success
-- Performing Test CXX_SUPPORTS_CTAD_MAYBE_UNSPPORTED_FLAG
-- Performing Test CXX_SUPPORTS_CTAD_MAYBE_UNSPPORTED_FLAG - Success
-- Performing Test LINKER_SUPPORTS_COLOR_DIAGNOSTICS
-- Performing Test LINKER_SUPPORTS_COLOR_DIAGNOSTICS - Success
-- Looking for os_signpost_interval_begin
-- Looking for os_signpost_interval_begin - not found
-- Linker detection: LLD
-- Performing Test LLVM_LINKER_SUPPORTS_B_SYMBOLIC_FUNCTIONS
-- Performing Test LLVM_LINKER_SUPPORTS_B_SYMBOLIC_FUNCTIONS - Success
-- Performing Test HAS_WERROR_GLOBAL_CTORS
-- Performing Test HAS_WERROR_GLOBAL_CTORS - Success
-- Performing Test LLVM_HAS_NOGLOBAL_CTOR_MUTEX
-- Performing Test LLVM_HAS_NOGLOBAL_CTOR_MUTEX - Success
-- Looking for __x86_64__
-- Looking for __x86_64__ - found
-- Found Git: /usr/bin/git (found version "2.34.1") 
-- Looking for logf128
-- Looking for logf128 - not found
-- Targeting X86
-- Looking for sys/resource.h
-- Looking for sys/resource.h - found
-- Looking for dlfcn.h
-- Looking for dlfcn.h - found
-- Looking for dladdr
-- Looking for dladdr - found
-- Clang version: 22.0.0git
-- Looking for include file sys/inotify.h
-- Looking for include file sys/inotify.h - found
-- Performing Test HAVE_LINKER_FLAG_LONG_PLT
-- Performing Test HAVE_LINKER_FLAG_LONG_PLT - Success
-- Not building llvm-mt because libxml2 is not available
-- Registering ExampleIRTransforms as a pass plugin (static build: OFF)
-- Registering Bye as a pass plugin (static build: OFF)
-- Configuring done
-- Generating done
-- Build files have been written to: /tmp/llvm-project-build-stage2
ninja: Entering directory `/tmp/llvm-project-build-stage2'
[1/2916] Building CXX object lib/Support/CMakeFiles/LLVMSupport.dir/ABIBreak.cpp.o
[2/2916] Building CXX object lib/Demangle/CMakeFiles/LLVMDemangle.dir/Demangle.cpp.o
[3/2916] Building CXX object lib/Demangle/CMakeFiles/LLVMDemangle.dir/DLangDemangle.cpp.o
[4/2916] Building CXX object lib/Demangle/CMakeFiles/LLVMDemangle.dir/MicrosoftDemangleNodes.cpp.o
[5/2916] Building CXX object lib/Support/CMakeFiles/LLVMSupport.dir/AutoConvert.cpp.o
[6/2916] Building CXX object lib/Support/CMakeFiles/LLVMSupport.dir/HexagonAttributes.cpp.o
[7/2916] Building CXX object lib/Support/CMakeFiles/LLVMSupport.dir/ARMBuildAttributes.cpp.o
[8/2916] Building CXX object lib/Support/CMakeFiles/LLVMSupport.dir/AArch64BuildAttributes.cpp.o
[9/2916] Building CXX object lib/Demangle/CMakeFiles/LLVMDemangle.dir/RustDemangle.cpp.o
[10/2916] Building CXX object lib/Support/CMakeFiles/LLVMSupport.dir/APSInt.cpp.o
[11/2916] Building CXX object lib/Support/CMakeFiles/LLVMSupport.dir/AArch64AttributeParser.cpp.o
[12/2916] Building CXX object lib/Demangle/CMakeFiles/LLVMDemangle.dir/MicrosoftDemangle.cpp.o
[13/2916] Building CXX object lib/Support/CMakeFiles/LLVMSupport.dir/ARMWinEH.cpp.o
[14/2916] Building CXX object lib/Support/CMakeFiles/LLVMSupport.dir/Allocator.cpp.o
[15/2916] Building CXX object lib/Support/CMakeFiles/LLVMSupport.dir/APFixedPoint.cpp.o
[16/2916] Building CXX object lib/Support/CMakeFiles/LLVMSupport.dir/BuryPointer.cpp.o
[17/2916] Building CXX object lib/Support/CMakeFiles/LLVMSupport.dir/APFloat.cpp.o
FAILED: lib/Support/CMakeFiles/LLVMSupport.dir/APFloat.cpp.o 
/var/llvm-compile-time-tracker/timeit_launcher.sh /tmp/llvm-project-build-stage1/bin/clang++ -DGTEST_HAS_RTTI=0 -D_GLIBCXX_USE_CXX11_ABI=1 -D_GNU_SOURCE -D__STDC_CONSTANT_MACROS -D__STDC_FORMAT_MACROS -D__STDC_LIMIT_MACROS -I/tmp/llvm-project-build-stage2/lib/Support -I/var/llvm-compile-time-tracker/llvm-project/llvm/lib/Support -I/tmp/llvm-project-build-stage2/include -I/var/llvm-compile-time-tracker/llvm-project/llvm/include -I/var/llvm-compile-time-tracker/llvm-project/llvm/../third-party/siphash/include -fPIC -fno-semantic-interposition -fvisibility-inlines-hidden -Werror=date-time -Werror=unguarded-availability-new -Wall -Wextra -Wno-unused-parameter -Wwrite-strings -Wcast-qual -Wmissing-field-initializers -pedantic -Wno-long-long -Wc++98-compat-extra-semi -Wimplicit-fallthrough -Wcovered-switch-default -Wno-noexcept-type -Wnon-virtual-dtor -Wdelete-non-virtual-dtor -Wsuggest-override -Wstring-conversion -Wmisleading-indentation -Wctad-maybe-unsupported -fdiagnostics-color -ffunction-sections -fdata-sections -flto=thin -Werror=global-constructors -O3 -DNDEBUG -std=c++17  -fno-exceptions -funwind-tables -fno-rtti -MD -MT lib/Support/CMakeFiles/LLVMSupport.dir/APFloat.cpp.o -MF lib/Support/CMakeFiles/LLVMSupport.dir/APFloat.cpp.o.d -o lib/Support/CMakeFiles/LLVMSupport.dir/APFloat.cpp.o -c /var/llvm-compile-time-tracker/llvm-project/llvm/lib/Support/APFloat.cpp
PLEASE submit a bug report to https://github.com/llvm/llvm-project/issues/ and include the crash backtrace, preprocessed source, and associated run script.
Stack dump:
0.	Program arguments: /tmp/llvm-project-build-stage1/bin/clang++ -DGTEST_HAS_RTTI=0 -D_GLIBCXX_USE_CXX11_ABI=1 -D_GNU_SOURCE -D__STDC_CONSTANT_MACROS -D__STDC_FORMAT_MACROS -D__STDC_LIMIT_MACROS -I/tmp/llvm-project-build-stage2/lib/Support -I/var/llvm-compile-time-tracker/llvm-project/llvm/lib/Support -I/tmp/llvm-project-build-stage2/include -I/var/llvm-compile-time-tracker/llvm-project/llvm/include -I/var/llvm-compile-time-tracker/llvm-project/llvm/../third-party/siphash/include -fPIC -fno-semantic-interposition -fvisibility-inlines-hidden -Werror=date-time -Werror=unguarded-availability-new -Wall -Wextra -Wno-unused-parameter -Wwrite-strings -Wcast-qual -Wmissing-field-initializers -pedantic -Wno-long-long -Wc++98-compat-extra-semi -Wimplicit-fallthrough -Wcovered-switch-default -Wno-noexcept-type -Wnon-virtual-dtor -Wdelete-non-virtual-dtor -Wsuggest-override -Wstring-conversion -Wmisleading-indentation -Wctad-maybe-unsupported -fdiagnostics-color -ffunction-sections -fdata-sections -flto=thin -Werror=global-constructors -O3 -DNDEBUG -std=c++17 -fno-exceptions -funwind-tables -fno-rtti -MD -MT lib/Support/CMakeFiles/LLVMSupport.dir/APFloat.cpp.o -MF lib/Support/CMakeFiles/LLVMSupport.dir/APFloat.cpp.o.d -o lib/Support/CMakeFiles/LLVMSupport.dir/APFloat.cpp.o -c /var/llvm-compile-time-tracker/llvm-project/llvm/lib/Support/APFloat.cpp
1.	<eof> parser at end of file
2.	/var/llvm-compile-time-tracker/llvm-project/llvm/lib/Support/APFloat.cpp:54:11: LLVM IR generation of declaration 'llvm'
3.	/var/llvm-compile-time-tracker/llvm-project/llvm/lib/Support/APFloat.cpp:4852:16: Generating code for declaration 'llvm::detail::DoubleAPFloat::DoubleAPFloat'
Stack dump without symbol names (ensure you have llvm-symbolizer in your PATH or set the environment var `LLVM_SYMBOLIZER_PATH` to point to it):
0  clang++   0x000055cd44c7e8f0 llvm::sys::PrintStackTrace(llvm::raw_ostream&, int) + 240
1  clang++   0x000055cd44c7c4a4 llvm::sys::CleanupOnSignal(unsigned long) + 164
2  clang++   0x000055cd44bccae8
3  libc.so.6 0x00007ff2e318b520
4  clang++   0x000055cd47b7cb79
5  clang++   0x000055cd47cd162e clang::interp::DynamicAllocator::cleanup() + 366
6  clang++   0x000055cd47b77e2b clang::interp::Context::evaluateAsRValue(clang::interp::State&, clang::Expr const*, clang::APValue&) + 747
7  clang++   0x000055cd47ae5e2f
8  clang++   0x000055cd47aeb438 clang::Expr::EvaluateAsRValue(clang::Expr::EvalResult&, clang::ASTContext const&, bool) const + 1240
9  clang++   0x000055cd47aeb598 clang::Expr::isEvaluatable(clang::ASTContext const&, clang::Expr::SideEffectsKind) const + 72
10 clang++   0x000055cd44fe8fd3
11 clang++   0x000055cd44feeadc
12 clang++   0x000055cd44feea0f clang::CodeGen::CodeGenFunction::EmitScalarExpr(clang::Expr const*, bool) + 111
13 clang++   0x000055cd4546ceb4 clang::CodeGen::CodeGenFunction::EmitScalarInit(clang::Expr const*, clang::ValueDecl const*, clang::CodeGen::LValue, bool) + 1396
14 clang++   0x000055cd4546e923 clang::CodeGen::CodeGenFunction::EmitExprAsInit(clang::Expr const*, clang::ValueDecl const*, clang::CodeGen::LValue, bool) + 515
15 clang++   0x000055cd4544276a clang::CodeGen::CodeGenFunction::EmitInitializerForField(clang::FieldDecl*, clang::CodeGen::LValue, clang::Expr*) + 490
16 clang++   0x000055cd45442ce3
17 clang++   0x000055cd4544e624 clang::CodeGen::CodeGenFunction::EmitCtorPrologue(clang::CXXConstructorDecl const*, clang::CXXCtorType, clang::CodeGen::FunctionArgList&) + 2756
18 clang++   0x000055cd45452ba7 clang::CodeGen::CodeGenFunction::EmitConstructorBody(clang::CodeGen::FunctionArgList&) + 263
19 clang++   0x000055cd4516cdad clang::CodeGen::CodeGenFunction::GenerateCode(clang::GlobalDecl, llvm::Function*, clang::CodeGen::CGFunctionInfo const&) + 3261
20 clang++   0x000055cd4540c1eb clang::CodeGen::CodeGenModule::codegenCXXStructor(clang::GlobalDecl) + 203
21 clang++   0x000055cd4521ef39
22 clang++   0x000055cd451b6fad clang::CodeGen::CodeGenModule::EmitGlobalDefinition(clang::GlobalDecl, llvm::GlobalValue*) + 349
23 clang++   0x000055cd451b7963 clang::CodeGen::CodeGenModule::EmitGlobal(clang::GlobalDecl) + 2211
24 clang++   0x000055cd452225fb
25 clang++   0x000055cd451c0b8f clang::CodeGen::CodeGenModule::EmitDeclContext(clang::DeclContext const*) + 223
26 clang++   0x000055cd451c0b8f clang::CodeGen::CodeGenModule::EmitDeclContext(clang::DeclContext const*) + 223
27 clang++   0x000055cd4551ed20
28 clang++   0x000055cd4550a0b7 clang::BackendConsumer::HandleTopLevelDecl(clang::DeclGroupRef) + 151
29 clang++   0x000055cd46996414 clang::ParseAST(clang::Sema&, bool, bool) + 564
30 clang++   0x000055cd4585a1a8 clang::FrontendAction::Execute() + 56
31 clang++   0x000055cd457cae1b clang::CompilerInstance::ExecuteAction(clang::FrontendAction&) + 555
32 clang++   0x000055cd4593b85c clang::ExecuteCompilerInvocation(clang::CompilerInstance*) + 364
33 clang++   0x000055cd434890ba cc1_main(llvm::ArrayRef<char const*>, char const*, void*) + 7162
34 clang++   0x000055cd43480982
35 clang++   0x000055cd4559181d
36 clang++   0x000055cd44bccf17 llvm::CrashRecoveryContext::RunSafely(llvm::function_ref<void ()>) + 39
37 clang++   0x000055cd45591bb7
38 clang++   0x000055cd45553201 clang::driver::Compilation::ExecuteCommand(clang::driver::Command const&, clang::driver::Command const*&, bool) const + 177
39 clang++   0x000055cd45554279 clang::driver::Compilation::ExecuteJobs(clang::driver::JobList const&, llvm::SmallVectorImpl<std::pair<int, clang::driver::Command const*>>&, bool) const + 153
40 clang++   0x000055cd45567cbf clang::driver::Driver::ExecuteCompilation(clang::driver::Compilation&, llvm::SmallVectorImpl<std::pair<int, clang::driver::Command const*>>&) + 543
41 clang++   0x000055cd4348545b clang_main(int, char**, llvm::ToolContext const&) + 7515
42 clang++   0x000055cd43389dbb main + 107
43 libc.so.6 0x00007ff2e3172d90
44 libc.so.6 0x00007ff2e3172e40 __libc_start_main + 128
45 clang++   0x000055cd434803e5 _start + 37
clang++: error: clang frontend command failed with exit code 139 (use -v to see invocation)
clang version 22.0.0git
Target: x86_64-unknown-linux-gnu
Thread model: posix
InstalledDir: /tmp/llvm-project-build-stage1/bin
clang++: note: diagnostic msg: 
********************

PLEASE ATTACH THE FOLLOWING FILES TO THE BUG REPORT:
Preprocessed source(s) and associated run script(s) are located at:
clang++: note: diagnostic msg: /tmp/APFloat-462a4c.cpp
clang++: note: diagnostic msg: /tmp/APFloat-462a4c.sh
clang++: note: diagnostic msg: 

********************
[18/2916] Building CXX object lib/Support/CMakeFiles/LLVMSupport.dir/Base64.cpp.o
[19/2916] Building CXX object lib/Support/CMakeFiles/LLVMSupport.dir/BinaryStreamError.cpp.o
[20/2916] Building CXX object lib/Support/CMakeFiles/LLVMSupport.dir/AMDGPUMetadata.cpp.o
[21/2916] Building CXX object lib/Support/CMakeFiles/LLVMSupport.dir/BlockFrequency.cpp.o
[22/2916] Building CXX object lib/Support/CMakeFiles/LLVMSupport.dir/BinaryStreamReader.cpp.o
[23/2916] Building CXX object lib/Support/CMakeFiles/LLVMSupport.dir/APInt.cpp.o
[24/2916] Building CXX object lib/Support/CMakeFiles/LLVMSupport.dir/BinaryStreamRef.cpp.o
[25/2916] Building CXX object lib/Support/CMakeFiles/LLVMSupport.dir/BranchProbability.cpp.o
[26/2916] Building CXX object lib/Support/CMakeFiles/LLVMSupport.dir/circular_raw_ostream.cpp.o
[27/2916] Building CXX object lib/Support/CMakeFiles/LLVMSupport.dir/BinaryStreamWriter.cpp.o
[28/2916] Building CXX object lib/Support/CMakeFiles/LLVMSupport.dir/ARMAttributeParser.cpp.o
[29/2916] Building CXX object lib/Demangle/CMakeFiles/LLVMDemangle.dir/ItaniumDemangle.cpp.o
[30/2916] Building CXX object lib/Support/CMakeFiles/LLVMSupport.dir/CachePruning.cpp.o
[31/2916] Building CXX object lib/Support/CMakeFiles/LLVMSupport.dir/Caching.cpp.o
[32/2916] Building CXX object lib/Support/CMakeFiles/LLVMSupport.dir/BalancedPartitioning.cpp.o
ninja: build stopped: subcommand failed.


STDERR:
CMake Deprecation Warning at /var/llvm-compile-time-tracker/llvm-project/clang/CMakeLists.txt:450 (message):
  'CLANG_ENABLE_ARCMT' is deprecated as ARCMigrate has been removed from
  Clang.  Please use 'CLANG_ENABLE_OBJC_REWRITER' instead to enable or
  disable the Objective-C rewriter.


