MESSAGE: Execution of "sudo -u lctt-runner ./build_llvm_test_suite.sh ReleaseLTO-g stage1" failed

STDOUT:
-- Check target operating system - Linux
-- Check target system architecture: x86
-- Check target system architecture: unknown
-- Adding directory CTMark
-- Found Intl: built in to C library  
-- Found Tclsh: /bin/tclsh (found version "8.6") 
-- Could NOT find TCL (missing: TCL_INCLUDE_PATH) 
-- Could NOT find TCLTK (missing: TCL_INCLUDE_PATH TK_LIBRARY TK_INCLUDE_PATH) 
-- Could NOT find TK (missing: TK_LIBRARY TK_INCLUDE_PATH) 
-- Configuring done
-- Generating done
-- Build files have been written to: /tmp/llvm-test-suite-build
ninja: Entering directory `/tmp/llvm-test-suite-build'
[1/669] Generating ../lit.cfg
[2/669] Generating __init__.py
[3/669] Generating HashProgramOutput.sh
[4/669] Generating timeit
[5/669] Generating timeit-target
[6/669] Generating modules/hash.py
[7/669] Generating modules/__init__.py
[8/669] Generating modules/codesize.py
[9/669] Generating modules/hpmcount.py
[10/669] Generating modules/compiletime.py
[11/669] Generating modules/microbenchmark.py
[12/669] Generating modules/perf.py
[13/669] Generating modules/profilegen.py
[14/669] Generating modules/run.py
[15/669] Generating modules/remote.py
[16/669] Generating modules/stats.py
[17/669] Generating modules/timeit.py
[18/669] Generating shellcommand.py
[19/669] Generating modules/run_under.py
[20/669] Generating test.py
[21/669] Generating testplan.py
[22/669] Generating testfile.py
[23/669] [TEST_SUITE_HOST_CC] Compiling host source fpcmp.c
[24/669] [TEST_SUITE_HOST_CC] Linking host executable fpcmp
[25/669] Building C object tools/CMakeFiles/fpcmp-target.dir/fpcmp.c.o
[26/669] Linking C executable tools/fpcmp-target
[27/669] Building CXX object CTMark/7zip/CMakeFiles/7zip-benchmark.dir/CPP/myWindows/wine_date_and_time.cpp.o
[28/669] Generating sqlite test inputs
[29/669] Building CXX object CTMark/7zip/CMakeFiles/7zip-benchmark.dir/CPP/myWindows/myGetTickCount.cpp.o
[30/669] Building CXX object CTMark/7zip/CMakeFiles/7zip-benchmark.dir/CPP/7zip/UI/Console/ConsoleClose.cpp.o
[31/669] Building CXX object CTMark/7zip/CMakeFiles/7zip-benchmark.dir/CPP/myWindows/myAddExeFlag.cpp.o
[32/669] Building CXX object CTMark/7zip/CMakeFiles/7zip-benchmark.dir/CPP/myWindows/mySplitCommandLine.cpp.o
[33/669] Building CXX object CTMark/7zip/CMakeFiles/7zip-benchmark.dir/CPP/7zip/UI/Console/BenchCon.cpp.o
[34/669] Building CXX object CTMark/7zip/CMakeFiles/7zip-benchmark.dir/CPP/7zip/UI/Console/ExtractCallbackConsole.cpp.o
[35/669] Building CXX object CTMark/7zip/CMakeFiles/7zip-benchmark.dir/CPP/7zip/UI/Console/OpenCallbackConsole.cpp.o
[36/669] Building CXX object CTMark/7zip/CMakeFiles/7zip-benchmark.dir/CPP/7zip/UI/Console/PercentPrinter.cpp.o
[37/669] Building CXX object CTMark/7zip/CMakeFiles/7zip-benchmark.dir/CPP/7zip/UI/Console/MainAr.cpp.o
[38/669] Building CXX object CTMark/7zip/CMakeFiles/7zip-benchmark.dir/CPP/7zip/UI/Console/UpdateCallbackConsole.cpp.o
[39/669] Building CXX object CTMark/7zip/CMakeFiles/7zip-benchmark.dir/CPP/7zip/UI/Console/List.cpp.o
[40/669] Building CXX object CTMark/7zip/CMakeFiles/7zip-benchmark.dir/CPP/7zip/UI/Console/UserInputUtils.cpp.o
[41/669] Building CXX object CTMark/7zip/CMakeFiles/7zip-benchmark.dir/CPP/Common/CRC.cpp.o
[42/669] Building CXX object CTMark/7zip/CMakeFiles/7zip-benchmark.dir/CPP/7zip/UI/Console/Main.cpp.o
[43/669] Building CXX object CTMark/7zip/CMakeFiles/7zip-benchmark.dir/CPP/Common/CommandLineParser.cpp.o
[44/669] Building CXX object CTMark/7zip/CMakeFiles/7zip-benchmark.dir/CPP/Common/ListFileUtils.cpp.o
[45/669] Building CXX object CTMark/7zip/CMakeFiles/7zip-benchmark.dir/CPP/Common/StdOutStream.cpp.o
[46/669] Building CXX object CTMark/7zip/CMakeFiles/7zip-benchmark.dir/CPP/Common/StdInStream.cpp.o
[47/669] Building CXX object CTMark/7zip/CMakeFiles/7zip-benchmark.dir/CPP/Common/MyString.cpp.o
[48/669] Building CXX object CTMark/7zip/CMakeFiles/7zip-benchmark.dir/CPP/Common/IntToString.cpp.o
FAILED: CTMark/7zip/CMakeFiles/7zip-benchmark.dir/CPP/Common/IntToString.cpp.o 
/tmp/llvm-test-suite-build/tools/timeit --summary CTMark/7zip/CMakeFiles/7zip-benchmark.dir/CPP/Common/IntToString.cpp.o.time /tmp/llvm-project-build-stage1/bin/clang++ -DNDEBUG  -O3 -fomit-frame-pointer -flto -DNDEBUG -g   -w -Werror=date-time -DBREAK_HANDLER -DUNICODE -D_UNICODE -I/var/llvm-compile-time-tracker/llvm-test-suite/CTMark/7zip/C -I/var/llvm-compile-time-tracker/llvm-test-suite/CTMark/7zip/CPP/myWindows -I/var/llvm-compile-time-tracker/llvm-test-suite/CTMark/7zip/CPP/include_windows -I/var/llvm-compile-time-tracker/llvm-test-suite/CTMark/7zip/CPP -I. -D_FILE_OFFSET_BITS=64 -D_LARGEFILE_SOURCE -DNDEBUG -D_REENTRANT -DENV_UNIX -D_7ZIP_LARGE_PAGES -pthread -Wno-error=narrowing -DBREAK_HANDLER -DUNICODE -D_UNICODE -I/var/llvm-compile-time-tracker/llvm-test-suite/CTMark/7zip/C -I/var/llvm-compile-time-tracker/llvm-test-suite/CTMark/7zip/CPP/myWindows -I/var/llvm-compile-time-tracker/llvm-test-suite/CTMark/7zip/CPP/include_windows -I/var/llvm-compile-time-tracker/llvm-test-suite/CTMark/7zip/CPP -I. -D_FILE_OFFSET_BITS=64 -D_LARGEFILE_SOURCE -DNDEBUG -D_REENTRANT -DENV_UNIX -D_7ZIP_LARGE_PAGES -pthread -MD -MT CTMark/7zip/CMakeFiles/7zip-benchmark.dir/CPP/Common/IntToString.cpp.o -MF CTMark/7zip/CMakeFiles/7zip-benchmark.dir/CPP/Common/IntToString.cpp.o.d -o CTMark/7zip/CMakeFiles/7zip-benchmark.dir/CPP/Common/IntToString.cpp.o -c /var/llvm-compile-time-tracker/llvm-test-suite/CTMark/7zip/CPP/Common/IntToString.cpp
PLEASE submit a bug report to https://github.com/llvm/llvm-project/issues/ and include the crash backtrace, preprocessed source, and associated run script.
Stack dump:
0.	Program arguments: /tmp/llvm-project-build-stage1/bin/clang++ -DNDEBUG -O3 -fomit-frame-pointer -flto -DNDEBUG -g -w -Werror=date-time -DBREAK_HANDLER -DUNICODE -D_UNICODE -I/var/llvm-compile-time-tracker/llvm-test-suite/CTMark/7zip/C -I/var/llvm-compile-time-tracker/llvm-test-suite/CTMark/7zip/CPP/myWindows -I/var/llvm-compile-time-tracker/llvm-test-suite/CTMark/7zip/CPP/include_windows -I/var/llvm-compile-time-tracker/llvm-test-suite/CTMark/7zip/CPP -I. -D_FILE_OFFSET_BITS=64 -D_LARGEFILE_SOURCE -DNDEBUG -D_REENTRANT -DENV_UNIX -D_7ZIP_LARGE_PAGES -pthread -Wno-error=narrowing -DBREAK_HANDLER -DUNICODE -D_UNICODE -I/var/llvm-compile-time-tracker/llvm-test-suite/CTMark/7zip/C -I/var/llvm-compile-time-tracker/llvm-test-suite/CTMark/7zip/CPP/myWindows -I/var/llvm-compile-time-tracker/llvm-test-suite/CTMark/7zip/CPP/include_windows -I/var/llvm-compile-time-tracker/llvm-test-suite/CTMark/7zip/CPP -I. -D_FILE_OFFSET_BITS=64 -D_LARGEFILE_SOURCE -DNDEBUG -D_REENTRANT -DENV_UNIX -D_7ZIP_LARGE_PAGES -pthread -MD -MT CTMark/7zip/CMakeFiles/7zip-benchmark.dir/CPP/Common/IntToString.cpp.o -MF CTMark/7zip/CMakeFiles/7zip-benchmark.dir/CPP/Common/IntToString.cpp.o.d -o CTMark/7zip/CMakeFiles/7zip-benchmark.dir/CPP/Common/IntToString.cpp.o -c /var/llvm-compile-time-tracker/llvm-test-suite/CTMark/7zip/CPP/Common/IntToString.cpp
1.	<eof> parser at end of file
2.	Optimizer
 #0 0x0000559b0bf76e90 llvm::sys::PrintStackTrace(llvm::raw_ostream&, int) (/tmp/llvm-project-build-stage1/bin/clang+++0x1e89e90)
 #1 0x0000559b0bf74d64 llvm::sys::CleanupOnSignal(unsigned long) (/tmp/llvm-project-build-stage1/bin/clang+++0x1e87d64)
 #2 0x0000559b0bebc118 CrashRecoverySignalHandler(int) CrashRecoveryContext.cpp:0:0
 #3 0x00007fde20ffc520 (/lib/x86_64-linux-gnu/libc.so.6+0x42520)
 #4 0x0000559b0c046b7b getSalvageOpsForBinOp(llvm::BinaryOperator*, unsigned long, llvm::SmallVectorImpl<unsigned long>&, llvm::SmallVectorImpl<llvm::Value*>&) (/tmp/llvm-project-build-stage1/bin/clang+++0x1f59b7b)
 #5 0x0000559b0c047985 llvm::salvageDebugInfoForDbgValues(llvm::Instruction&, llvm::ArrayRef<llvm::DbgVariableIntrinsic*>, llvm::ArrayRef<llvm::DPValue*>) (/tmp/llvm-project-build-stage1/bin/clang+++0x1f5a985)
 #6 0x0000559b0c04830d llvm::salvageDebugInfo(llvm::Instruction&) (/tmp/llvm-project-build-stage1/bin/clang+++0x1f5b30d)
 #7 0x0000559b0b9ddaf3 llvm::Instruction::eraseFromParent() (/tmp/llvm-project-build-stage1/bin/clang+++0x18f0af3)
 #8 0x0000559b0d67ec30 llvm::slpvectorizer::BoUpSLP::~BoUpSLP() (/tmp/llvm-project-build-stage1/bin/clang+++0x3591c30)
 #9 0x0000559b0d6ebf91 llvm::SLPVectorizerPass::runImpl(llvm::Function&, llvm::ScalarEvolution*, llvm::TargetTransformInfo*, llvm::TargetLibraryInfo*, llvm::AAResults*, llvm::LoopInfo*, llvm::DominatorTree*, llvm::AssumptionCache*, llvm::DemandedBits*, llvm::OptimizationRemarkEmitter*) (.part.0) SLPVectorizer.cpp:0:0
#10 0x0000559b0d6ec771 llvm::SLPVectorizerPass::run(llvm::Function&, llvm::AnalysisManager<llvm::Function>&) (/tmp/llvm-project-build-stage1/bin/clang+++0x35ff771)
#11 0x0000559b0d176566 llvm::detail::PassModel<llvm::Function, llvm::SLPVectorizerPass, llvm::AnalysisManager<llvm::Function> >::run(llvm::Function&, llvm::AnalysisManager<llvm::Function>&) crtstuff.c:0:0
#12 0x0000559b0ad41f67 llvm::detail::PassModel<llvm::Function, llvm::PassManager<llvm::Function, llvm::AnalysisManager<llvm::Function> >, llvm::AnalysisManager<llvm::Function> >::run(llvm::Function&, llvm::AnalysisManager<llvm::Function>&) crtstuff.c:0:0
#13 0x0000559b0ba6d86a llvm::ModuleToFunctionPassAdaptor::run(llvm::Module&, llvm::AnalysisManager<llvm::Module>&) (/tmp/llvm-project-build-stage1/bin/clang+++0x198086a)
#14 0x0000559b0ad34f06 llvm::detail::PassModel<llvm::Module, llvm::ModuleToFunctionPassAdaptor, llvm::AnalysisManager<llvm::Module> >::run(llvm::Module&, llvm::AnalysisManager<llvm::Module>&) crtstuff.c:0:0
#15 0x0000559b0ba6f607 llvm::PassManager<llvm::Module, llvm::AnalysisManager<llvm::Module> >::run(llvm::Module&, llvm::AnalysisManager<llvm::Module>&) (/tmp/llvm-project-build-stage1/bin/clang+++0x1982607)
#16 0x0000559b0c1b9b2d (anonymous namespace)::EmitAssemblyHelper::RunOptimizationPipeline(clang::BackendAction, std::unique_ptr<llvm::raw_pwrite_stream, std::default_delete<llvm::raw_pwrite_stream> >&, std::unique_ptr<llvm::ToolOutputFile, std::default_delete<llvm::ToolOutputFile> >&, clang::BackendConsumer*) BackendUtil.cpp:0:0
#17 0x0000559b0c1bce63 clang::EmitBackendOutput(clang::DiagnosticsEngine&, clang::HeaderSearchOptions const&, clang::CodeGenOptions const&, clang::TargetOptions const&, clang::LangOptions const&, llvm::StringRef, llvm::Module*, clang::BackendAction, llvm::IntrusiveRefCntPtr<llvm::vfs::FileSystem>, std::unique_ptr<llvm::raw_pwrite_stream, std::default_delete<llvm::raw_pwrite_stream> >, clang::BackendConsumer*) (/tmp/llvm-project-build-stage1/bin/clang+++0x20cfe63)
#18 0x0000559b0c773d51 clang::BackendConsumer::HandleTranslationUnit(clang::ASTContext&) (/tmp/llvm-project-build-stage1/bin/clang+++0x2686d51)
#19 0x0000559b0d8616ec clang::ParseAST(clang::Sema&, bool, bool) (/tmp/llvm-project-build-stage1/bin/clang+++0x37746ec)
#20 0x0000559b0ca12381 clang::FrontendAction::Execute() (/tmp/llvm-project-build-stage1/bin/clang+++0x2925381)
#21 0x0000559b0c98ffb9 clang::CompilerInstance::ExecuteAction(clang::FrontendAction&) (/tmp/llvm-project-build-stage1/bin/clang+++0x28a2fb9)
#22 0x0000559b0cad8db4 clang::ExecuteCompilerInvocation(clang::CompilerInstance*) (/tmp/llvm-project-build-stage1/bin/clang+++0x29ebdb4)
#23 0x0000559b0acc68c3 cc1_main(llvm::ArrayRef<char const*>, char const*, void*) (/tmp/llvm-project-build-stage1/bin/clang+++0xbd98c3)
#24 0x0000559b0acbf37d ExecuteCC1Tool(llvm::SmallVectorImpl<char const*>&, llvm::ToolContext const&) driver.cpp:0:0
#25 0x0000559b0c7bc1cd void llvm::function_ref<void ()>::callback_fn<clang::driver::CC1Command::Execute(llvm::ArrayRef<std::optional<llvm::StringRef> >, std::__cxx11::basic_string<char, std::char_traits<char>, std::allocator<char> >*, bool*) const::'lambda'()>(long) Job.cpp:0:0
#26 0x0000559b0bebc567 llvm::CrashRecoveryContext::RunSafely(llvm::function_ref<void ()>) (/tmp/llvm-project-build-stage1/bin/clang+++0x1dcf567)
#27 0x0000559b0c7bc567 clang::driver::CC1Command::Execute(llvm::ArrayRef<std::optional<llvm::StringRef> >, std::__cxx11::basic_string<char, std::char_traits<char>, std::allocator<char> >*, bool*) const (.part.0) Job.cpp:0:0
#28 0x0000559b0c784d41 clang::driver::Compilation::ExecuteCommand(clang::driver::Command const&, clang::driver::Command const*&, bool) const (/tmp/llvm-project-build-stage1/bin/clang+++0x2697d41)
#29 0x0000559b0c7857fd clang::driver::Compilation::ExecuteJobs(clang::driver::JobList const&, llvm::SmallVectorImpl<std::pair<int, clang::driver::Command const*> >&, bool) const (/tmp/llvm-project-build-stage1/bin/clang+++0x26987fd)
#30 0x0000559b0c796c8c clang::driver::Driver::ExecuteCompilation(clang::driver::Compilation&, llvm::SmallVectorImpl<std::pair<int, clang::driver::Command const*> >&) (/tmp/llvm-project-build-stage1/bin/clang+++0x26a9c8c)
#31 0x0000559b0acc3ae9 clang_main(int, char**, llvm::ToolContext const&) (/tmp/llvm-project-build-stage1/bin/clang+++0xbd6ae9)
#32 0x0000559b0ac0ba2b main (/tmp/llvm-project-build-stage1/bin/clang+++0xb1ea2b)
#33 0x00007fde20fe3d90 __libc_start_call_main ./csu/../sysdeps/nptl/libc_start_call_main.h:58:16
#34 0x00007fde20fe3e40 call_init ./csu/../csu/libc-start.c:128:20
#35 0x00007fde20fe3e40 __libc_start_main ./csu/../csu/libc-start.c:379:5
#36 0x0000559b0acbe7f5 _start (/tmp/llvm-project-build-stage1/bin/clang+++0xbd17f5)
clang++: error: clang frontend command failed with exit code 139 (use -v to see invocation)
clang version 19.0.0git
Target: x86_64-unknown-linux-gnu
Thread model: posix
InstalledDir: /tmp/llvm-project-build-stage1/bin
clang++: note: diagnostic msg: 
********************

PLEASE ATTACH THE FOLLOWING FILES TO THE BUG REPORT:
Preprocessed source(s) and associated run script(s) are located at:
clang++: note: diagnostic msg: /tmp/IntToString-6799f1.cpp
clang++: note: diagnostic msg: /tmp/IntToString-6799f1.sh
clang++: note: diagnostic msg: 

********************
[49/669] Building CXX object CTMark/7zip/CMakeFiles/7zip-benchmark.dir/CPP/Common/StringConvert.cpp.o
[50/669] Building CXX object CTMark/7zip/CMakeFiles/7zip-benchmark.dir/CPP/Common/StringToInt.cpp.o
[51/669] Building CXX object CTMark/7zip/CMakeFiles/7zip-benchmark.dir/CPP/Common/MyWindows.cpp.o
[52/669] Building CXX object CTMark/7zip/CMakeFiles/7zip-benchmark.dir/CPP/Common/MyVector.cpp.o
[53/669] Building CXX object CTMark/7zip/CMakeFiles/7zip-benchmark.dir/CPP/Common/UTFConvert.cpp.o
[54/669] Building CXX object CTMark/7zip/CMakeFiles/7zip-benchmark.dir/CPP/Common/Wildcard.cpp.o
ninja: build stopped: subcommand failed.


STDERR:
