MESSAGE: Execution of "sudo -u lctt-runner ./build_llvm_project_stage1.sh" failed

STDOUT:
[2924/3220] Building CXX object lib/Target/X86/CMakeFiles/LLVMX86CodeGen.dir/X86IndirectBranchTracking.cpp.o
[2925/3220] Building CXX object lib/Target/X86/CMakeFiles/LLVMX86CodeGen.dir/X86IndirectThunks.cpp.o
[2926/3220] Building CXX object lib/Target/X86/CMakeFiles/LLVMX86CodeGen.dir/X86ISelLowering.cpp.o
[2927/3220] Building CXX object lib/Target/X86/CMakeFiles/LLVMX86CodeGen.dir/X86ISelDAGToDAG.cpp.o
[2928/3220] Building CXX object lib/Target/X86/CMakeFiles/LLVMX86CodeGen.dir/X86InterleavedAccess.cpp.o
[2929/3220] Building CXX object lib/Target/X86/CMakeFiles/LLVMX86CodeGen.dir/X86InstrFoldTables.cpp.o
[2930/3220] Building CXX object lib/Target/X86/CMakeFiles/LLVMX86CodeGen.dir/X86InsertPrefetch.cpp.o
[2931/3220] Building CXX object lib/Target/X86/CMakeFiles/LLVMX86CodeGen.dir/X86InstrFMA3Info.cpp.o
[2932/3220] Building CXX object lib/Target/X86/CMakeFiles/LLVMX86CodeGen.dir/X86InstCombineIntrinsic.cpp.o
[2933/3220] Building CXX object lib/Target/X86/CMakeFiles/LLVMX86CodeGen.dir/X86InstrInfo.cpp.o
[2934/3220] Building CXX object lib/Target/X86/CMakeFiles/LLVMX86CodeGen.dir/X86MachineFunctionInfo.cpp.o
[2935/3220] Building CXX object lib/Target/X86/CMakeFiles/LLVMX86CodeGen.dir/X86LoadValueInjectionRetHardening.cpp.o
[2936/3220] Building CXX object lib/Target/X86/CMakeFiles/LLVMX86CodeGen.dir/X86LoadValueInjectionLoadHardening.cpp.o
[2937/3220] Building CXX object lib/Target/X86/CMakeFiles/LLVMX86CodeGen.dir/X86MacroFusion.cpp.o
[2938/3220] Building CXX object lib/Target/X86/CMakeFiles/LLVMX86CodeGen.dir/X86MCInstLower.cpp.o
[2939/3220] Building CXX object lib/Target/X86/CMakeFiles/LLVMX86CodeGen.dir/X86OptimizeLEAs.cpp.o
[2940/3220] Building CXX object lib/Target/X86/CMakeFiles/LLVMX86CodeGen.dir/X86PartialReduction.cpp.o
[2941/3220] Building CXX object lib/Target/X86/CMakeFiles/LLVMX86CodeGen.dir/X86CompressEVEX.cpp.o
[2942/3220] Building CXX object lib/Target/X86/CMakeFiles/LLVMX86CodeGen.dir/X86ReturnThunks.cpp.o
[2943/3220] Building CXX object lib/Target/X86/CMakeFiles/LLVMX86CodeGen.dir/X86ShuffleDecodeConstantPool.cpp.o
[2944/3220] Building CXX object lib/Target/X86/CMakeFiles/LLVMX86CodeGen.dir/X86PadShortFunction.cpp.o
[2945/3220] Building CXX object lib/Target/X86/CMakeFiles/LLVMX86CodeGen.dir/X86SelectionDAGInfo.cpp.o
[2946/3220] Building CXX object lib/Target/X86/CMakeFiles/LLVMX86CodeGen.dir/X86SpeculativeLoadHardening.cpp.o
[2947/3220] Building CXX object lib/Target/X86/CMakeFiles/LLVMX86CodeGen.dir/X86RegisterInfo.cpp.o
[2948/3220] Building CXX object lib/Target/X86/CMakeFiles/LLVMX86CodeGen.dir/X86TargetObjectFile.cpp.o
[2949/3220] Building CXX object lib/Target/X86/CMakeFiles/LLVMX86CodeGen.dir/X86SpeculativeExecutionSideEffectSuppression.cpp.o
[2950/3220] Building CXX object lib/Target/X86/CMakeFiles/LLVMX86CodeGen.dir/X86Subtarget.cpp.o
[2951/3220] Building CXX object lib/Target/X86/CMakeFiles/LLVMX86CodeGen.dir/X86SuppressAPXForReloc.cpp.o
[2952/3220] Building CXX object lib/Target/X86/CMakeFiles/LLVMX86CodeGen.dir/X86TargetMachine.cpp.o
[2953/3220] Building CXX object lib/Target/X86/CMakeFiles/LLVMX86CodeGen.dir/X86WinEHState.cpp.o
[2954/3220] Building CXX object lib/Target/X86/CMakeFiles/LLVMX86CodeGen.dir/X86TargetTransformInfo.cpp.o
[2955/3220] Building CXX object lib/Target/X86/CMakeFiles/LLVMX86CodeGen.dir/X86VZeroUpper.cpp.o
[2956/3220] Building CXX object lib/Target/X86/CMakeFiles/LLVMX86CodeGen.dir/X86WinEHUnwindV2.cpp.o
[2957/3220] Building CXX object lib/Target/X86/CMakeFiles/LLVMX86CodeGen.dir/GISel/X86CallLowering.cpp.o
[2958/3220] Building CXX object lib/Target/X86/CMakeFiles/LLVMX86CodeGen.dir/GISel/X86LegalizerInfo.cpp.o
[2959/3220] Building CXX object lib/Target/X86/CMakeFiles/LLVMX86CodeGen.dir/GISel/X86InstructionSelector.cpp.o
[2960/3220] Building CXX object lib/Target/X86/CMakeFiles/LLVMX86CodeGen.dir/GISel/X86RegisterBankInfo.cpp.o
[2961/3220] Building CXX object lib/Target/X86/AsmParser/CMakeFiles/LLVMX86AsmParser.dir/X86AsmParser.cpp.o
[2962/3220] Building CXX object lib/Target/X86/MCTargetDesc/CMakeFiles/LLVMX86Desc.dir/X86ShuffleDecode.cpp.o
[2963/3220] Building CXX object lib/Target/X86/MCTargetDesc/CMakeFiles/LLVMX86Desc.dir/X86InstComments.cpp.o
[2964/3220] Building CXX object lib/Target/X86/MCTargetDesc/CMakeFiles/LLVMX86Desc.dir/X86EncodingOptimization.cpp.o
[2965/3220] Building CXX object lib/Target/X86/MCTargetDesc/CMakeFiles/LLVMX86Desc.dir/X86IntelInstPrinter.cpp.o
[2966/3220] Building CXX object lib/Target/X86/Disassembler/CMakeFiles/LLVMX86Disassembler.dir/X86Disassembler.cpp.o
[2967/3220] Building CXX object lib/Target/X86/MCTargetDesc/CMakeFiles/LLVMX86Desc.dir/X86InstPrinterCommon.cpp.o
[2968/3220] Building CXX object lib/Target/X86/MCTargetDesc/CMakeFiles/LLVMX86Desc.dir/X86MCAsmInfo.cpp.o
[2969/3220] Building CXX object lib/Target/X86/CMakeFiles/LLVMX86CodeGen.dir/X86InsertWait.cpp.o
[2970/3220] Building CXX object lib/Target/X86/MCTargetDesc/CMakeFiles/LLVMX86Desc.dir/X86ATTInstPrinter.cpp.o
[2971/3220] Building CXX object lib/Target/X86/MCTargetDesc/CMakeFiles/LLVMX86Desc.dir/X86AsmBackend.cpp.o
[2972/3220] Building CXX object lib/Target/X86/MCTargetDesc/CMakeFiles/LLVMX86Desc.dir/X86MCTargetDesc.cpp.o
[2973/3220] Building CXX object lib/Target/X86/MCTargetDesc/CMakeFiles/LLVMX86Desc.dir/X86MCCodeEmitter.cpp.o
[2974/3220] Building CXX object lib/Target/X86/MCTargetDesc/CMakeFiles/LLVMX86Desc.dir/X86MachObjectWriter.cpp.o
[2975/3220] Building CXX object lib/Target/X86/MCTargetDesc/CMakeFiles/LLVMX86Desc.dir/X86MnemonicTables.cpp.o
[2976/3220] Building CXX object lib/Target/X86/MCTargetDesc/CMakeFiles/LLVMX86Desc.dir/X86WinCOFFObjectWriter.cpp.o
[2977/3220] Building CXX object lib/Target/X86/MCTargetDesc/CMakeFiles/LLVMX86Desc.dir/X86WinCOFFStreamer.cpp.o
[2978/3220] Building CXX object lib/Target/X86/MCTargetDesc/CMakeFiles/LLVMX86Desc.dir/X86WinCOFFTargetStreamer.cpp.o
[2979/3220] Building CXX object lib/Target/X86/TargetInfo/CMakeFiles/LLVMX86Info.dir/X86TargetInfo.cpp.o
[2980/3220] Building CXX object lib/Target/X86/MCTargetDesc/CMakeFiles/LLVMX86Desc.dir/X86ELFObjectWriter.cpp.o
[2981/3220] Linking CXX static library lib/libLLVMX86Info.a
[2982/3220] Linking CXX static library lib/libLLVMX86Disassembler.a
[2983/3220] Linking CXX static library lib/libLLVMX86Desc.a
[2984/3220] Linking CXX static library lib/libLLVMX86AsmParser.a
[2985/3220] Building CXX object tools/clang/lib/AST/CMakeFiles/obj.clangAST.dir/ByteCode/Program.cpp.o
[2986/3220] Building CXX object tools/clang/lib/AST/CMakeFiles/obj.clangAST.dir/ByteCode/EvalEmitter.cpp.o
FAILED: tools/clang/lib/AST/CMakeFiles/obj.clangAST.dir/ByteCode/EvalEmitter.cpp.o 
CCACHE_CPP2=yes CCACHE_HASHDIR=yes CCACHE_SLOPPINESS=pch_defines,time_macros /usr/bin/ccache /usr/bin/c++ -DCLANG_EXPORTS -DGTEST_HAS_RTTI=0 -D_GLIBCXX_USE_CXX11_ABI=1 -D_GNU_SOURCE -D__STDC_CONSTANT_MACROS -D__STDC_FORMAT_MACROS -D__STDC_LIMIT_MACROS -I/tmp/llvm-project-build-stage1/tools/clang/lib/AST -I/var/llvm-compile-time-tracker/llvm-project/clang/lib/AST -I/var/llvm-compile-time-tracker/llvm-project/clang/include -I/tmp/llvm-project-build-stage1/tools/clang/include -I/tmp/llvm-project-build-stage1/include -I/var/llvm-compile-time-tracker/llvm-project/llvm/include -fPIC -fno-semantic-interposition -fvisibility-inlines-hidden -Werror=date-time -Wall -Wextra -Wno-unused-parameter -Wwrite-strings -Wcast-qual -Wno-missing-field-initializers -pedantic -Wno-long-long -Wimplicit-fallthrough -Wno-uninitialized -Wno-nonnull -Wno-class-memaccess -Wno-redundant-move -Wno-pessimizing-move -Wno-array-bounds -Wno-stringop-overread -Wno-noexcept-type -Wdelete-non-virtual-dtor -Wsuggest-override -Wno-comment -Wno-misleading-indentation -Wctad-maybe-unsupported -fdiagnostics-color -ffunction-sections -fdata-sections -fno-common -Woverloaded-virtual -O3 -DNDEBUG  -fno-exceptions -funwind-tables -fno-rtti -std=c++17 -MD -MT tools/clang/lib/AST/CMakeFiles/obj.clangAST.dir/ByteCode/EvalEmitter.cpp.o -MF tools/clang/lib/AST/CMakeFiles/obj.clangAST.dir/ByteCode/EvalEmitter.cpp.o.d -o tools/clang/lib/AST/CMakeFiles/obj.clangAST.dir/ByteCode/EvalEmitter.cpp.o -c /var/llvm-compile-time-tracker/llvm-project/clang/lib/AST/ByteCode/EvalEmitter.cpp
In file included from /var/llvm-compile-time-tracker/llvm-project/clang/lib/AST/ByteCode/EvalEmitter.cpp:12:
/var/llvm-compile-time-tracker/llvm-project/clang/lib/AST/ByteCode/Interp.h: In function ‘bool clang::interp::SubPtr(clang::interp::InterpState&, clang::interp::CodePtr, bool)’:
/var/llvm-compile-time-tracker/llvm-project/clang/lib/AST/ByteCode/Interp.h:2459:1: error: version control conflict marker in file
 2459 | <<<<<<< HEAD
      | ^~~~~~~
/var/llvm-compile-time-tracker/llvm-project/clang/lib/AST/ByteCode/Interp.h:2469:1: error: expected primary-expression before ‘||’ token
 2469 | ||||||| parent of 97345d13751b ([clang]bytecode] Add degenerate pointers)
      | ^~
/var/llvm-compile-time-tracker/llvm-project/clang/lib/AST/ByteCode/Interp.h:2469:3: error: expected primary-expression before ‘||’ token
 2469 | ||||||| parent of 97345d13751b ([clang]bytecode] Add degenerate pointers)
      |   ^~
/var/llvm-compile-time-tracker/llvm-project/clang/lib/AST/ByteCode/Interp.h:2469:5: error: expected primary-expression before ‘||’ token
 2469 | ||||||| parent of 97345d13751b ([clang]bytecode] Add degenerate pointers)
      |     ^~
/var/llvm-compile-time-tracker/llvm-project/clang/lib/AST/ByteCode/Interp.h:2469:7: error: expected primary-expression before ‘|’ token
 2469 | ||||||| parent of 97345d13751b ([clang]bytecode] Add degenerate pointers)
      |       ^
/var/llvm-compile-time-tracker/llvm-project/clang/lib/AST/ByteCode/Interp.h:2469:9: error: ‘parent’ was not declared in this scope
 2469 | ||||||| parent of 97345d13751b ([clang]bytecode] Add degenerate pointers)
      |         ^~~~~~
/var/llvm-compile-time-tracker/llvm-project/clang/lib/AST/ByteCode/Interp.h:2470:37: error: expected primary-expression before ‘)’ token
 2470 |   for (const Pointer &P : {LHS, RHS}) {
      |                                     ^
/var/llvm-compile-time-tracker/llvm-project/clang/lib/AST/ByteCode/Interp.h:2491:11: error: redeclaration of ‘int64_t B64’
 2491 |   int64_t B64 =
      |           ^~~
/var/llvm-compile-time-tracker/llvm-project/clang/lib/AST/ByteCode/Interp.h:2465:11: note: ‘int64_t B64’ previously declared here
 2465 |   int64_t B64 =
      |           ^~~
/var/llvm-compile-time-tracker/llvm-project/clang/lib/AST/ByteCode/Interp.h:2495:1: error: version control conflict marker in file
 2495 | =======
      | ^~~~~~~
/var/llvm-compile-time-tracker/llvm-project/clang/lib/AST/ByteCode/Interp.h:2496:37: error: expected primary-expression before ‘)’ token
 2496 |   for (const Pointer &P : {LHS, RHS}) {
      |                                     ^
/var/llvm-compile-time-tracker/llvm-project/clang/lib/AST/ByteCode/Interp.h:2512:11: error: redeclaration of ‘int64_t A64’
 2512 |   int64_t A64;
      |           ^~~
/var/llvm-compile-time-tracker/llvm-project/clang/lib/AST/ByteCode/Interp.h:2486:11: note: ‘int64_t A64’ previously declared here
 2486 |   int64_t A64 =
      |           ^~~
/var/llvm-compile-time-tracker/llvm-project/clang/lib/AST/ByteCode/Interp.h:2513:11: error: redeclaration of ‘int64_t B64’
 2513 |   int64_t B64;
      |           ^~~
/var/llvm-compile-time-tracker/llvm-project/clang/lib/AST/ByteCode/Interp.h:2465:11: note: ‘int64_t B64’ previously declared here
 2465 |   int64_t B64 =
      |           ^~~
/var/llvm-compile-time-tracker/llvm-project/clang/lib/AST/ByteCode/Interp.h:2514:1: error: version control conflict marker in file
 2514 | >>>>>>> 97345d13751b ([clang]bytecode] Add degenerate pointers)
      | ^~~~~~~
/var/llvm-compile-time-tracker/llvm-project/clang/lib/AST/ByteCode/Interp.h:2519:5: error: ‘else’ without a previous ‘if’
 2519 |   } else {
      |     ^~~~
[2987/3220] Building CXX object tools/clang/lib/AST/CMakeFiles/obj.clangAST.dir/ByteCode/Pointer.cpp.o
In file included from /var/llvm-compile-time-tracker/llvm-project/llvm/include/llvm/ADT/APFloat.h:18,
                 from /var/llvm-compile-time-tracker/llvm-project/clang/include/clang/AST/APNumericStorage.h:12,
                 from /var/llvm-compile-time-tracker/llvm-project/clang/include/clang/AST/Decl.h:16,
                 from /var/llvm-compile-time-tracker/llvm-project/clang/lib/AST/ByteCode/Descriptor.h:17,
                 from /var/llvm-compile-time-tracker/llvm-project/clang/lib/AST/ByteCode/Pointer.h:16,
                 from /var/llvm-compile-time-tracker/llvm-project/clang/lib/AST/ByteCode/Pointer.cpp:9:
In destructor ‘llvm::APInt::~APInt()’,
    inlined from ‘llvm::APSInt::~APSInt()’ at /var/llvm-compile-time-tracker/llvm-project/llvm/include/llvm/ADT/APSInt.h:24:21,
    inlined from ‘clang::interp::Pointer::toRValue(const clang::interp::Context&, clang::QualType) const::<lambda(clang::QualType, const clang::interp::Pointer&, clang::APValue&)>’ at /var/llvm-compile-time-tracker/llvm-project/clang/lib/AST/ByteCode/Pointer.cpp:936:9:
/var/llvm-compile-time-tracker/llvm-project/llvm/include/llvm/ADT/APInt.h:193:18: warning: ‘void operator delete [](void*)’ called on a pointer to an unallocated object ‘1’ [-Wfree-nonheap-object]
  193 |       delete[] U.pVal;
      |                  ^~~~
In destructor ‘llvm::APInt::~APInt()’,
    inlined from ‘llvm::APSInt::~APSInt()’ at /var/llvm-compile-time-tracker/llvm-project/llvm/include/llvm/ADT/APSInt.h:24:21,
    inlined from ‘clang::interp::Pointer::toRValue(const clang::interp::Context&, clang::QualType) const::<lambda(clang::QualType, const clang::interp::Pointer&, clang::APValue&)>’ at /var/llvm-compile-time-tracker/llvm-project/clang/lib/AST/ByteCode/Pointer.cpp:936:9:
/var/llvm-compile-time-tracker/llvm-project/llvm/include/llvm/ADT/APInt.h:193:18: warning: ‘void operator delete [](void*)’ called on a pointer to an unallocated object ‘1’ [-Wfree-nonheap-object]
  193 |       delete[] U.pVal;
      |                  ^~~~
[2988/3220] Building CXX object lib/Target/X86/CMakeFiles/LLVMX86CodeGen.dir/X86ArgumentStackSlotRebase.cpp.o
[2989/3220] Building CXX object lib/Target/X86/CMakeFiles/LLVMX86CodeGen.dir/X86AsmPrinter.cpp.o
[2990/3220] Building CXX object tools/clang/lib/Driver/CMakeFiles/obj.clangDriver.dir/ToolChains/HIPUtility.cpp.o
[2991/3220] Building AArch64GenInstrInfo.inc...
[2992/3220] Building CXX object tools/clang/lib/AST/CMakeFiles/obj.clangAST.dir/ByteCode/Interp.cpp.o
FAILED: tools/clang/lib/AST/CMakeFiles/obj.clangAST.dir/ByteCode/Interp.cpp.o 
CCACHE_CPP2=yes CCACHE_HASHDIR=yes CCACHE_SLOPPINESS=pch_defines,time_macros /usr/bin/ccache /usr/bin/c++ -DCLANG_EXPORTS -DGTEST_HAS_RTTI=0 -D_GLIBCXX_USE_CXX11_ABI=1 -D_GNU_SOURCE -D__STDC_CONSTANT_MACROS -D__STDC_FORMAT_MACROS -D__STDC_LIMIT_MACROS -I/tmp/llvm-project-build-stage1/tools/clang/lib/AST -I/var/llvm-compile-time-tracker/llvm-project/clang/lib/AST -I/var/llvm-compile-time-tracker/llvm-project/clang/include -I/tmp/llvm-project-build-stage1/tools/clang/include -I/tmp/llvm-project-build-stage1/include -I/var/llvm-compile-time-tracker/llvm-project/llvm/include -fPIC -fno-semantic-interposition -fvisibility-inlines-hidden -Werror=date-time -Wall -Wextra -Wno-unused-parameter -Wwrite-strings -Wcast-qual -Wno-missing-field-initializers -pedantic -Wno-long-long -Wimplicit-fallthrough -Wno-uninitialized -Wno-nonnull -Wno-class-memaccess -Wno-redundant-move -Wno-pessimizing-move -Wno-array-bounds -Wno-stringop-overread -Wno-noexcept-type -Wdelete-non-virtual-dtor -Wsuggest-override -Wno-comment -Wno-misleading-indentation -Wctad-maybe-unsupported -fdiagnostics-color -ffunction-sections -fdata-sections -fno-common -Woverloaded-virtual -O3 -DNDEBUG  -fno-exceptions -funwind-tables -fno-rtti -std=c++17 -MD -MT tools/clang/lib/AST/CMakeFiles/obj.clangAST.dir/ByteCode/Interp.cpp.o -MF tools/clang/lib/AST/CMakeFiles/obj.clangAST.dir/ByteCode/Interp.cpp.o.d -o tools/clang/lib/AST/CMakeFiles/obj.clangAST.dir/ByteCode/Interp.cpp.o -c /var/llvm-compile-time-tracker/llvm-project/clang/lib/AST/ByteCode/Interp.cpp
In file included from /var/llvm-compile-time-tracker/llvm-project/clang/lib/AST/ByteCode/Interp.cpp:9:
/var/llvm-compile-time-tracker/llvm-project/clang/lib/AST/ByteCode/Interp.h: In function ‘bool clang::interp::SubPtr(clang::interp::InterpState&, clang::interp::CodePtr, bool)’:
/var/llvm-compile-time-tracker/llvm-project/clang/lib/AST/ByteCode/Interp.h:2459:1: error: version control conflict marker in file
 2459 | <<<<<<< HEAD
      | ^~~~~~~
/var/llvm-compile-time-tracker/llvm-project/clang/lib/AST/ByteCode/Interp.h:2469:1: error: expected primary-expression before ‘||’ token
 2469 | ||||||| parent of 97345d13751b ([clang]bytecode] Add degenerate pointers)
      | ^~
/var/llvm-compile-time-tracker/llvm-project/clang/lib/AST/ByteCode/Interp.h:2469:3: error: expected primary-expression before ‘||’ token
 2469 | ||||||| parent of 97345d13751b ([clang]bytecode] Add degenerate pointers)
      |   ^~
/var/llvm-compile-time-tracker/llvm-project/clang/lib/AST/ByteCode/Interp.h:2469:5: error: expected primary-expression before ‘||’ token
 2469 | ||||||| parent of 97345d13751b ([clang]bytecode] Add degenerate pointers)
      |     ^~
/var/llvm-compile-time-tracker/llvm-project/clang/lib/AST/ByteCode/Interp.h:2469:7: error: expected primary-expression before ‘|’ token
 2469 | ||||||| parent of 97345d13751b ([clang]bytecode] Add degenerate pointers)
      |       ^
/var/llvm-compile-time-tracker/llvm-project/clang/lib/AST/ByteCode/Interp.h:2469:9: error: ‘parent’ was not declared in this scope
 2469 | ||||||| parent of 97345d13751b ([clang]bytecode] Add degenerate pointers)
      |         ^~~~~~
/var/llvm-compile-time-tracker/llvm-project/clang/lib/AST/ByteCode/Interp.h:2470:37: error: expected primary-expression before ‘)’ token
 2470 |   for (const Pointer &P : {LHS, RHS}) {
      |                                     ^
/var/llvm-compile-time-tracker/llvm-project/clang/lib/AST/ByteCode/Interp.h:2491:11: error: redeclaration of ‘int64_t B64’
 2491 |   int64_t B64 =
      |           ^~~
/var/llvm-compile-time-tracker/llvm-project/clang/lib/AST/ByteCode/Interp.h:2465:11: note: ‘int64_t B64’ previously declared here
 2465 |   int64_t B64 =
      |           ^~~
/var/llvm-compile-time-tracker/llvm-project/clang/lib/AST/ByteCode/Interp.h:2495:1: error: version control conflict marker in file
 2495 | =======
      | ^~~~~~~
/var/llvm-compile-time-tracker/llvm-project/clang/lib/AST/ByteCode/Interp.h:2496:37: error: expected primary-expression before ‘)’ token
 2496 |   for (const Pointer &P : {LHS, RHS}) {
      |                                     ^
/var/llvm-compile-time-tracker/llvm-project/clang/lib/AST/ByteCode/Interp.h:2512:11: error: redeclaration of ‘int64_t A64’
 2512 |   int64_t A64;
      |           ^~~
/var/llvm-compile-time-tracker/llvm-project/clang/lib/AST/ByteCode/Interp.h:2486:11: note: ‘int64_t A64’ previously declared here
 2486 |   int64_t A64 =
      |           ^~~
/var/llvm-compile-time-tracker/llvm-project/clang/lib/AST/ByteCode/Interp.h:2513:11: error: redeclaration of ‘int64_t B64’
 2513 |   int64_t B64;
      |           ^~~
/var/llvm-compile-time-tracker/llvm-project/clang/lib/AST/ByteCode/Interp.h:2465:11: note: ‘int64_t B64’ previously declared here
 2465 |   int64_t B64 =
      |           ^~~
/var/llvm-compile-time-tracker/llvm-project/clang/lib/AST/ByteCode/Interp.h:2514:1: error: version control conflict marker in file
 2514 | >>>>>>> 97345d13751b ([clang]bytecode] Add degenerate pointers)
      | ^~~~~~~
/var/llvm-compile-time-tracker/llvm-project/clang/lib/AST/ByteCode/Interp.h:2519:5: error: ‘else’ without a previous ‘if’
 2519 |   } else {
      |     ^~~~
[2993/3220] Building AArch64GenSubtargetInfo.inc...
ninja: build stopped: subcommand failed.


STDERR:
CMake Deprecation Warning at /var/llvm-compile-time-tracker/llvm-project/clang/CMakeLists.txt:456 (message):
  'CLANG_ENABLE_ARCMT' is deprecated as ARCMigrate has been removed from
  Clang.  Please use 'CLANG_ENABLE_OBJC_REWRITER' instead to enable or
  disable the Objective-C rewriter.


Command exited with non-zero status 1
155.78user 17.46system 0:13.05elapsed 1327%CPU (0avgtext+0avgdata 786940maxresident)k
48inputs+2742752outputs (3261major+8143700minor)pagefaults 0swaps
