MESSAGE: Execution of "sudo -u lctt-runner ./build_llvm_project_stage2.sh" failed

STDOUT:
[352/2948] Building CXX object utils/TableGen/CMakeFiles/llvm-tblgen.dir/WebAssemblyDisassemblerEmitter.cpp.o
[353/2948] Building CXX object utils/TableGen/Common/CMakeFiles/obj.LLVMTableGenCommon.dir/GlobalISel/CodeExpander.cpp.o
[354/2948] Building CXX object utils/TableGen/CMakeFiles/llvm-tblgen.dir/X86MnemonicTables.cpp.o
[355/2948] Building CXX object utils/TableGen/Common/CMakeFiles/obj.LLVMTableGenCommon.dir/GlobalISel/CXXPredicates.cpp.o
[356/2948] Building CXX object utils/TableGen/CMakeFiles/llvm-tblgen.dir/SDNodeInfoEmitter.cpp.o
[357/2948] Building CXX object utils/TableGen/CMakeFiles/llvm-tblgen.dir/X86InstrMappingEmitter.cpp.o
[358/2948] Building CXX object utils/TableGen/Common/CMakeFiles/obj.LLVMTableGenCommon.dir/GlobalISel/CombinerUtils.cpp.o
[359/2948] Building CXX object utils/TableGen/CMakeFiles/llvm-tblgen.dir/X86FoldTablesEmitter.cpp.o
[360/2948] Building CXX object utils/TableGen/CMakeFiles/llvm-tblgen.dir/X86RecognizableInstr.cpp.o
[361/2948] Building CXX object utils/TableGen/CMakeFiles/llvm-tblgen.dir/SearchableTableEmitter.cpp.o
[362/2948] Building CXX object utils/TableGen/CMakeFiles/llvm-tblgen.dir/InstrInfoEmitter.cpp.o
[363/2948] Building CXX object utils/TableGen/Common/CMakeFiles/obj.LLVMTableGenCommon.dir/AsmWriterInst.cpp.o
[364/2948] Building CXX object utils/TableGen/Common/CMakeFiles/obj.LLVMTableGenCommon.dir/GlobalISel/PatternParser.cpp.o
[365/2948] Building CXX object utils/TableGen/Common/CMakeFiles/obj.LLVMTableGenCommon.dir/CodeGenHwModes.cpp.o
[366/2948] Building CXX object utils/TableGen/CMakeFiles/llvm-tblgen.dir/SubtargetEmitter.cpp.o
[367/2948] Building CXX object utils/TableGen/Common/CMakeFiles/obj.LLVMTableGenCommon.dir/GlobalISel/GlobalISelMatchTableExecutorEmitter.cpp.o
[368/2948] Building CXX object utils/TableGen/Common/CMakeFiles/obj.LLVMTableGenCommon.dir/GlobalISel/Patterns.cpp.o
[369/2948] Building CXX object utils/TableGen/Common/CMakeFiles/obj.LLVMTableGenCommon.dir/CodeGenInstruction.cpp.o
[370/2948] Building CXX object utils/TableGen/CMakeFiles/llvm-tblgen.dir/GlobalISelCombinerEmitter.cpp.o
[371/2948] Building CXX object utils/TableGen/Common/CMakeFiles/obj.LLVMTableGenCommon.dir/Types.cpp.o
[372/2948] Building CXX object utils/TableGen/CMakeFiles/llvm-tblgen.dir/RegisterInfoEmitter.cpp.o
[373/2948] Building CXX object utils/TableGen/Common/CMakeFiles/obj.LLVMTableGenCommon.dir/CodeGenInstAlias.cpp.o
[374/2948] Building CXX object utils/TableGen/CMakeFiles/llvm-tblgen.dir/GlobalISelEmitter.cpp.o
[375/2948] Building CXX object lib/AsmParser/CMakeFiles/LLVMAsmParser.dir/AsmParserContext.cpp.o
[376/2948] Building CXX object utils/TableGen/Common/CMakeFiles/obj.LLVMTableGenCommon.dir/OptEmitter.cpp.o
[377/2948] Building CXX object utils/TableGen/Common/CMakeFiles/obj.LLVMTableGenCommon.dir/PredicateExpander.cpp.o
[378/2948] Building CXX object utils/TableGen/Common/CMakeFiles/obj.LLVMTableGenCommon.dir/DAGISelMatcher.cpp.o
[379/2948] Building CXX object utils/TableGen/Common/CMakeFiles/obj.LLVMTableGenCommon.dir/SubtargetFeatureInfo.cpp.o
[380/2948] Building CXX object utils/TableGen/Common/CMakeFiles/obj.LLVMTableGenCommon.dir/Utils.cpp.o
[381/2948] Building CXX object utils/TableGen/Common/CMakeFiles/obj.LLVMTableGenCommon.dir/InstructionEncoding.cpp.o
[382/2948] Building CXX object utils/TableGen/Common/CMakeFiles/obj.LLVMTableGenCommon.dir/InfoByHwMode.cpp.o
[383/2948] Building CXX object utils/TableGen/Common/CMakeFiles/obj.LLVMTableGenCommon.dir/CodeGenTarget.cpp.o
[384/2948] Building CXX object utils/TableGen/Common/CMakeFiles/obj.LLVMTableGenCommon.dir/VarLenCodeEmitterGen.cpp.o
[385/2948] Building CXX object utils/TableGen/Common/CMakeFiles/obj.LLVMTableGenCommon.dir/CodeGenSchedule.cpp.o
[386/2948] Building CXX object lib/IR/CMakeFiles/LLVMCore.dir/AbstractCallSite.cpp.o
[387/2948] Building CXX object lib/IR/CMakeFiles/LLVMCore.dir/Assumptions.cpp.o
[388/2948] Building CXX object utils/TableGen/Common/CMakeFiles/obj.LLVMTableGenCommon.dir/GlobalISel/GlobalISelMatchTable.cpp.o
[389/2948] Building CXX object lib/CodeGen/CMakeFiles/LLVMCodeGen.dir/StackMapLivenessAnalysis.cpp.o
[390/2948] Building CXX object utils/TableGen/Common/CMakeFiles/obj.LLVMTableGenCommon.dir/CodeGenDAGPatterns.cpp.o
[391/2948] Building CXX object lib/IR/CMakeFiles/LLVMCore.dir/BuiltinGCs.cpp.o
[392/2948] Building CXX object lib/IR/CMakeFiles/LLVMCore.dir/Comdat.cpp.o
[393/2948] Building CXX object lib/CodeGen/CMakeFiles/LLVMCodeGen.dir/LiveInterval.cpp.o
[394/2948] Building CXX object lib/CodeGen/CMakeFiles/LLVMCodeGen.dir/SplitKit.cpp.o
[395/2948] Building CXX object lib/CodeGen/CMakeFiles/LLVMCodeGen.dir/StackFrameLayoutAnalysisPass.cpp.o
[396/2948] Building CXX object lib/IR/CMakeFiles/LLVMCore.dir/ConstantFPRange.cpp.o
[397/2948] Building CXX object utils/TableGen/Common/CMakeFiles/obj.LLVMTableGenCommon.dir/CodeGenRegisters.cpp.o
[398/2948] Building CXX object lib/CodeGen/CMakeFiles/LLVMCodeGen.dir/StackMaps.cpp.o
[399/2948] Building CXX object lib/CodeGen/CMakeFiles/LLVMCodeGen.dir/StackColoring.cpp.o
[400/2948] Building CXX object lib/IR/CMakeFiles/LLVMCore.dir/ConstantRangeList.cpp.o
[401/2948] Building CXX object lib/IR/CMakeFiles/LLVMCore.dir/BasicBlock.cpp.o
FAILED: lib/IR/CMakeFiles/LLVMCore.dir/BasicBlock.cpp.o 
/var/llvm-compile-time-tracker/timeit_launcher.sh /tmp/llvm-project-build-stage1/bin/clang++ -DGTEST_HAS_RTTI=0 -D_GLIBCXX_USE_CXX11_ABI=1 -D_GNU_SOURCE -D__STDC_CONSTANT_MACROS -D__STDC_FORMAT_MACROS -D__STDC_LIMIT_MACROS -I/tmp/llvm-project-build-stage2/lib/IR -I/var/llvm-compile-time-tracker/llvm-project/llvm/lib/IR -I/tmp/llvm-project-build-stage2/include -I/var/llvm-compile-time-tracker/llvm-project/llvm/include -fPIC -fno-semantic-interposition -fvisibility-inlines-hidden -Werror=date-time -Werror=unguarded-availability-new -Wall -Wextra -Wno-unused-parameter -Wwrite-strings -Wcast-qual -Wmissing-field-initializers -pedantic -Wno-long-long -Wc++98-compat-extra-semi -Wimplicit-fallthrough -Wcovered-switch-default -Wno-noexcept-type -Wnon-virtual-dtor -Wdelete-non-virtual-dtor -Wsuggest-override -Wstring-conversion -Wno-pass-failed -Wmisleading-indentation -Wctad-maybe-unsupported -fdiagnostics-color -ffunction-sections -fdata-sections -flto=thin -O3 -DNDEBUG  -fno-exceptions -funwind-tables -fno-rtti -std=c++17 -MD -MT lib/IR/CMakeFiles/LLVMCore.dir/BasicBlock.cpp.o -MF lib/IR/CMakeFiles/LLVMCore.dir/BasicBlock.cpp.o.d -o lib/IR/CMakeFiles/LLVMCore.dir/BasicBlock.cpp.o -c /var/llvm-compile-time-tracker/llvm-project/llvm/lib/IR/BasicBlock.cpp
PLEASE submit a bug report to https://github.com/llvm/llvm-project/issues/ and include the crash backtrace, preprocessed source, and associated run script.
Stack dump:
0.	Program arguments: /tmp/llvm-project-build-stage1/bin/clang++ -DGTEST_HAS_RTTI=0 -D_GLIBCXX_USE_CXX11_ABI=1 -D_GNU_SOURCE -D__STDC_CONSTANT_MACROS -D__STDC_FORMAT_MACROS -D__STDC_LIMIT_MACROS -I/tmp/llvm-project-build-stage2/lib/IR -I/var/llvm-compile-time-tracker/llvm-project/llvm/lib/IR -I/tmp/llvm-project-build-stage2/include -I/var/llvm-compile-time-tracker/llvm-project/llvm/include -fPIC -fno-semantic-interposition -fvisibility-inlines-hidden -Werror=date-time -Werror=unguarded-availability-new -Wall -Wextra -Wno-unused-parameter -Wwrite-strings -Wcast-qual -Wmissing-field-initializers -pedantic -Wno-long-long -Wc++98-compat-extra-semi -Wimplicit-fallthrough -Wcovered-switch-default -Wno-noexcept-type -Wnon-virtual-dtor -Wdelete-non-virtual-dtor -Wsuggest-override -Wstring-conversion -Wno-pass-failed -Wmisleading-indentation -Wctad-maybe-unsupported -fdiagnostics-color -ffunction-sections -fdata-sections -flto=thin -O3 -DNDEBUG -fno-exceptions -funwind-tables -fno-rtti -std=c++17 -MD -MT lib/IR/CMakeFiles/LLVMCore.dir/BasicBlock.cpp.o -MF lib/IR/CMakeFiles/LLVMCore.dir/BasicBlock.cpp.o.d -o lib/IR/CMakeFiles/LLVMCore.dir/BasicBlock.cpp.o -c /var/llvm-compile-time-tracker/llvm-project/llvm/lib/IR/BasicBlock.cpp
1.	<eof> parser at end of file
2.	/var/llvm-compile-time-tracker/llvm-project/llvm/include/llvm/ADT/Hashing.h:592:37: instantiating function definition 'llvm::hash_combine<llvm::MDString *, llvm::Metadata *, unsigned int, llvm::MDString *, llvm::MDString *, unsigned int, llvm::Metadata *>'
3.	/var/llvm-compile-time-tracker/llvm-project/llvm/include/llvm/ADT/Hashing.h:545:13: instantiating function definition 'llvm::hashing::detail::hash_combine_recursive_helper::combine<llvm::MDString *, llvm::Metadata *, unsigned int, llvm::MDString *, llvm::MDString *, unsigned int, llvm::Metadata *>'
4.	/var/llvm-compile-time-tracker/llvm-project/llvm/include/llvm/ADT/Hashing.h:545:13: instantiating function definition 'llvm::hashing::detail::hash_combine_recursive_helper::combine<llvm::Metadata *, unsigned int, llvm::MDString *, llvm::MDString *, unsigned int, llvm::Metadata *>'
Stack dump without symbol names (ensure you have llvm-symbolizer in your PATH or set the environment var `LLVM_SYMBOLIZER_PATH` to point to it):
0  clang++   0x0000555b30d668e0 llvm::sys::PrintStackTrace(llvm::raw_ostream&, int) + 240
1  clang++   0x0000555b30d64494 llvm::sys::CleanupOnSignal(unsigned long) + 164
2  clang++   0x0000555b30ca84e8
3  libc.so.6 0x00007f102cdac520
4  clang++   0x0000555b31aab855
5  clang++   0x0000555b30cb4b23 llvm::FoldingSetBase::FindNodeOrInsertPos(llvm::FoldingSetNodeID const&, void*&, llvm::FoldingSetBase::FoldingSetInfo const&) + 179
6  clang++   0x0000555b33b50c66 clang::RedeclarableTemplateDecl::SpecEntryTraits<clang::FunctionTemplateSpecializationInfo>::DeclType* clang::RedeclarableTemplateDecl::findSpecializationLocally<clang::FunctionTemplateSpecializationInfo, llvm::ArrayRef<clang::TemplateArgument>>(llvm::FoldingSetVector<clang::FunctionTemplateSpecializationInfo, llvm::SmallVector<clang::FunctionTemplateSpecializationInfo*, 8u>>&, void*&, llvm::ArrayRef<clang::TemplateArgument>) + 166
7  clang++   0x0000555b33b50def clang::FunctionTemplateDecl::findSpecialization(llvm::ArrayRef<clang::TemplateArgument>, void*&) + 63
8  clang++   0x0000555b336d88cb clang::TemplateDeclInstantiator::VisitCXXMethodDecl(clang::CXXMethodDecl*, clang::TemplateParameterList*, clang::TemplateDeclInstantiator::RewriteKind) + 2219
9  clang++   0x0000555b336df7e7
10 clang++   0x0000555b342c0355 clang::StackExhaustionHandler::runWithSufficientStackSpace(clang::SourceLocation, llvm::function_ref<void ()>) + 69
11 clang++   0x0000555b3367af21 clang::Sema::SubstDecl(clang::Decl*, clang::DeclContext*, clang::MultiLevelTemplateArgumentList const&) + 225
12 clang++   0x0000555b33596639 clang::Sema::FinishTemplateArgumentDeduction(clang::FunctionTemplateDecl*, llvm::SmallVectorImpl<clang::DeducedTemplateArgument>&, unsigned int, clang::FunctionDecl*&, clang::sema::TemplateDeductionInfo&, llvm::SmallVectorImpl<clang::Sema::OriginalCallArg> const*, bool, bool, bool, llvm::function_ref<bool (bool)>) + 1609
13 clang++   0x0000555b3359784e
14 clang++   0x0000555b342c0355 clang::StackExhaustionHandler::runWithSufficientStackSpace(clang::SourceLocation, llvm::function_ref<void ()>) + 69
15 clang++   0x0000555b335797e1 clang::Sema::DeduceTemplateArguments(clang::FunctionTemplateDecl*, clang::TemplateArgumentListInfo*, llvm::ArrayRef<clang::Expr*>, clang::FunctionDecl*&, clang::sema::TemplateDeductionInfo&, bool, bool, bool, clang::QualType, clang::Expr::Classification, bool, llvm::function_ref<bool (llvm::ArrayRef<clang::QualType>, bool)>) + 9761
16 clang++   0x0000555b333ca8b6
17 clang++   0x0000555b333d1933 clang::OverloadCandidateSet::InjectNonDeducedTemplateCandidates(clang::Sema&) + 275
18 clang++   0x0000555b333d19ee clang::OverloadCandidateSet::BestViableFunction(clang::Sema&, clang::SourceLocation, clang::OverloadCandidate*&) + 62
19 clang++   0x0000555b333e3564 clang::Sema::BuildCallToMemberFunction(clang::Scope*, clang::Expr*, clang::SourceLocation, llvm::MutableArrayRef<clang::Expr*>, clang::SourceLocation, clang::Expr*, bool, bool) + 2132
20 clang++   0x0000555b33034f3b clang::Sema::ActOnCallExpr(clang::Scope*, clang::Expr*, clang::SourceLocation, llvm::MutableArrayRef<clang::Expr*>, clang::SourceLocation, clang::Expr*) + 91
21 clang++   0x0000555b336204a4
22 clang++   0x0000555b3361cde7
23 clang++   0x0000555b335fba47
24 clang++   0x0000555b335fc8a8 clang::Sema::SubstStmt(clang::Stmt*, clang::MultiLevelTemplateArgumentList const&) + 104
25 clang++   0x0000555b336c9a25 clang::Sema::InstantiateFunctionDefinition(clang::SourceLocation, clang::FunctionDecl*, bool, bool, bool) + 3941
26 clang++   0x0000555b336c7c03 clang::Sema::PerformPendingInstantiations(bool, bool) + 291
27 clang++   0x0000555b336c9cac clang::Sema::InstantiateFunctionDefinition(clang::SourceLocation, clang::FunctionDecl*, bool, bool, bool) + 4588
28 clang++   0x0000555b336c7c03 clang::Sema::PerformPendingInstantiations(bool, bool) + 291
29 clang++   0x0000555b336c9cac clang::Sema::InstantiateFunctionDefinition(clang::SourceLocation, clang::FunctionDecl*, bool, bool, bool) + 4588
30 clang++   0x0000555b336c7c03 clang::Sema::PerformPendingInstantiations(bool, bool) + 291
31 clang++   0x0000555b32c819b6
32 clang++   0x0000555b32c81d44 clang::Sema::ActOnEndOfTranslationUnit() + 148
33 clang++   0x0000555b32aeb872 clang::Parser::ParseTopLevelDecl(clang::OpaquePtr<clang::DeclGroupRef>&, clang::Sema::ModuleImportState&) + 1042
34 clang++   0x0000555b32ac75ea clang::ParseAST(clang::Sema&, bool, bool) + 586
35 clang++   0x0000555b3193677e clang::FrontendAction::Execute() + 46
36 clang++   0x0000555b318a721b clang::CompilerInstance::ExecuteAction(clang::FrontendAction&) + 555
37 clang++   0x0000555b31a1b4e8 clang::ExecuteCompilerInvocation(clang::CompilerInstance*) + 456
38 clang++   0x0000555b2f539be5 cc1_main(llvm::ArrayRef<char const*>, char const*, void*) + 8229
39 clang++   0x0000555b2f53103b
40 clang++   0x0000555b2f5310ef
41 clang++   0x0000555b3167005d
42 clang++   0x0000555b30ca8917 llvm::CrashRecoveryContext::RunSafely(llvm::function_ref<void ()>) + 39
43 clang++   0x0000555b316703f7
44 clang++   0x0000555b316300d7 clang::driver::Compilation::ExecuteCommand(clang::driver::Command const&, clang::driver::Command const*&, bool) const + 167
45 clang++   0x0000555b316310f9 clang::driver::Compilation::ExecuteJobs(clang::driver::JobList const&, llvm::SmallVectorImpl<std::pair<int, clang::driver::Command const*>>&, bool) const + 153
46 clang++   0x0000555b31643ffc clang::driver::Driver::ExecuteCompilation(clang::driver::Compilation&, llvm::SmallVectorImpl<std::pair<int, clang::driver::Command const*>>&) + 364
47 clang++   0x0000555b2f535d54 clang_main(int, char**, llvm::ToolContext const&) + 7764
48 clang++   0x0000555b2f43746b main + 107
49 libc.so.6 0x00007f102cd93d90
50 libc.so.6 0x00007f102cd93e40 __libc_start_main + 128
51 clang++   0x0000555b2f530ab5 _start + 37
clang++: error: clang frontend command failed with exit code 139 (use -v to see invocation)
clang version 22.0.0git
Target: x86_64-unknown-linux-gnu
Thread model: posix
InstalledDir: /tmp/llvm-project-build-stage1/bin
clang++: note: diagnostic msg: 
********************

PLEASE ATTACH THE FOLLOWING FILES TO THE BUG REPORT:
Preprocessed source(s) and associated run script(s) are located at:
clang++: note: diagnostic msg: /tmp/BasicBlock-9079e4.cpp
clang++: note: diagnostic msg: /tmp/BasicBlock-9079e4.sh
clang++: note: diagnostic msg: 

********************
[402/2948] Building CXX object lib/IR/CMakeFiles/LLVMCore.dir/ConstantRange.cpp.o
[403/2948] Building CXX object lib/IR/CMakeFiles/LLVMCore.dir/ConstantFold.cpp.o
[404/2948] Building CXX object lib/CodeGen/CMakeFiles/LLVMCodeGen.dir/LiveIntervals.cpp.o
[405/2948] Building CXX object lib/IR/CMakeFiles/LLVMCore.dir/Attributes.cpp.o
[406/2948] Building CXX object lib/CodeGen/CMakeFiles/LLVMCodeGen.dir/StackProtector.cpp.o
[407/2948] Building CXX object lib/IR/CMakeFiles/LLVMCore.dir/CycleInfo.cpp.o
[408/2948] Building CXX object lib/IR/CMakeFiles/LLVMCore.dir/DataLayout.cpp.o
[409/2948] Building CXX object lib/IR/CMakeFiles/LLVMCore.dir/AutoUpgrade.cpp.o
[410/2948] Building CXX object lib/IR/CMakeFiles/LLVMCore.dir/ConvergenceVerifier.cpp.o
[411/2948] Building CXX object lib/IR/CMakeFiles/LLVMCore.dir/AsmWriter.cpp.o
[412/2948] Building CXX object lib/IR/CMakeFiles/LLVMCore.dir/DIBuilder.cpp.o
FAILED: lib/IR/CMakeFiles/LLVMCore.dir/DIBuilder.cpp.o 
/var/llvm-compile-time-tracker/timeit_launcher.sh /tmp/llvm-project-build-stage1/bin/clang++ -DGTEST_HAS_RTTI=0 -D_GLIBCXX_USE_CXX11_ABI=1 -D_GNU_SOURCE -D__STDC_CONSTANT_MACROS -D__STDC_FORMAT_MACROS -D__STDC_LIMIT_MACROS -I/tmp/llvm-project-build-stage2/lib/IR -I/var/llvm-compile-time-tracker/llvm-project/llvm/lib/IR -I/tmp/llvm-project-build-stage2/include -I/var/llvm-compile-time-tracker/llvm-project/llvm/include -fPIC -fno-semantic-interposition -fvisibility-inlines-hidden -Werror=date-time -Werror=unguarded-availability-new -Wall -Wextra -Wno-unused-parameter -Wwrite-strings -Wcast-qual -Wmissing-field-initializers -pedantic -Wno-long-long -Wc++98-compat-extra-semi -Wimplicit-fallthrough -Wcovered-switch-default -Wno-noexcept-type -Wnon-virtual-dtor -Wdelete-non-virtual-dtor -Wsuggest-override -Wstring-conversion -Wno-pass-failed -Wmisleading-indentation -Wctad-maybe-unsupported -fdiagnostics-color -ffunction-sections -fdata-sections -flto=thin -O3 -DNDEBUG  -fno-exceptions -funwind-tables -fno-rtti -std=c++17 -MD -MT lib/IR/CMakeFiles/LLVMCore.dir/DIBuilder.cpp.o -MF lib/IR/CMakeFiles/LLVMCore.dir/DIBuilder.cpp.o.d -o lib/IR/CMakeFiles/LLVMCore.dir/DIBuilder.cpp.o -c /var/llvm-compile-time-tracker/llvm-project/llvm/lib/IR/DIBuilder.cpp
PLEASE submit a bug report to https://github.com/llvm/llvm-project/issues/ and include the crash backtrace, preprocessed source, and associated run script.
Stack dump:
0.	Program arguments: /tmp/llvm-project-build-stage1/bin/clang++ -DGTEST_HAS_RTTI=0 -D_GLIBCXX_USE_CXX11_ABI=1 -D_GNU_SOURCE -D__STDC_CONSTANT_MACROS -D__STDC_FORMAT_MACROS -D__STDC_LIMIT_MACROS -I/tmp/llvm-project-build-stage2/lib/IR -I/var/llvm-compile-time-tracker/llvm-project/llvm/lib/IR -I/tmp/llvm-project-build-stage2/include -I/var/llvm-compile-time-tracker/llvm-project/llvm/include -fPIC -fno-semantic-interposition -fvisibility-inlines-hidden -Werror=date-time -Werror=unguarded-availability-new -Wall -Wextra -Wno-unused-parameter -Wwrite-strings -Wcast-qual -Wmissing-field-initializers -pedantic -Wno-long-long -Wc++98-compat-extra-semi -Wimplicit-fallthrough -Wcovered-switch-default -Wno-noexcept-type -Wnon-virtual-dtor -Wdelete-non-virtual-dtor -Wsuggest-override -Wstring-conversion -Wno-pass-failed -Wmisleading-indentation -Wctad-maybe-unsupported -fdiagnostics-color -ffunction-sections -fdata-sections -flto=thin -O3 -DNDEBUG -fno-exceptions -funwind-tables -fno-rtti -std=c++17 -MD -MT lib/IR/CMakeFiles/LLVMCore.dir/DIBuilder.cpp.o -MF lib/IR/CMakeFiles/LLVMCore.dir/DIBuilder.cpp.o.d -o lib/IR/CMakeFiles/LLVMCore.dir/DIBuilder.cpp.o -c /var/llvm-compile-time-tracker/llvm-project/llvm/lib/IR/DIBuilder.cpp
1.	<eof> parser at end of file
2.	Optimizer
3.	Running pass "ipsccp" on module "/var/llvm-compile-time-tracker/llvm-project/llvm/lib/IR/DIBuilder.cpp"
Stack dump without symbol names (ensure you have llvm-symbolizer in your PATH or set the environment var `LLVM_SYMBOLIZER_PATH` to point to it):
0  clang++   0x000055a235d648e0 llvm::sys::PrintStackTrace(llvm::raw_ostream&, int) + 240
1  clang++   0x000055a235d62494 llvm::sys::CleanupOnSignal(unsigned long) + 164
2  clang++   0x000055a235ca64e8
3  libc.so.6 0x00007f479b4dd520
4  clang++   0x000055a239610eec llvm::SCCPInstVisitor::pushUsersToWorkList(llvm::Value*) + 60
5  clang++   0x000055a23961728b llvm::SCCPInstVisitor::solve() + 779
6  clang++   0x000055a239617808 llvm::SCCPSolver::solveWhileResolvedUndefsIn(llvm::Module&) + 40
7  clang++   0x000055a23759f03d
8  clang++   0x000055a2375a16d7 llvm::IPSCCPPass::run(llvm::Module&, llvm::AnalysisManager<llvm::Module>&) + 391
9  clang++   0x000055a236ce8bf6
10 clang++   0x000055a2357e2431 llvm::PassManager<llvm::Module, llvm::AnalysisManager<llvm::Module>>::run(llvm::Module&, llvm::AnalysisManager<llvm::Module>&) + 1121
11 clang++   0x000055a235feedc8
12 clang++   0x000055a235ff271d clang::emitBackendOutput(clang::CompilerInstance&, clang::CodeGenOptions&, llvm::StringRef, llvm::Module*, clang::BackendAction, llvm::IntrusiveRefCntPtr<llvm::vfs::FileSystem>, std::unique_ptr<llvm::raw_pwrite_stream, std::default_delete<llvm::raw_pwrite_stream>>, clang::BackendConsumer*) + 2253
13 clang++   0x000055a2365fc078 clang::BackendConsumer::HandleTranslationUnit(clang::ASTContext&) + 1368
14 clang++   0x000055a237ac582c clang::ParseAST(clang::Sema&, bool, bool) + 1164
15 clang++   0x000055a23693477e clang::FrontendAction::Execute() + 46
16 clang++   0x000055a2368a521b clang::CompilerInstance::ExecuteAction(clang::FrontendAction&) + 555
17 clang++   0x000055a236a194e8 clang::ExecuteCompilerInvocation(clang::CompilerInstance*) + 456
18 clang++   0x000055a234537be5 cc1_main(llvm::ArrayRef<char const*>, char const*, void*) + 8229
19 clang++   0x000055a23452f03b
20 clang++   0x000055a23452f0ef
21 clang++   0x000055a23666e05d
22 clang++   0x000055a235ca6917 llvm::CrashRecoveryContext::RunSafely(llvm::function_ref<void ()>) + 39
23 clang++   0x000055a23666e3f7
24 clang++   0x000055a23662e0d7 clang::driver::Compilation::ExecuteCommand(clang::driver::Command const&, clang::driver::Command const*&, bool) const + 167
25 clang++   0x000055a23662f0f9 clang::driver::Compilation::ExecuteJobs(clang::driver::JobList const&, llvm::SmallVectorImpl<std::pair<int, clang::driver::Command const*>>&, bool) const + 153
26 clang++   0x000055a236641ffc clang::driver::Driver::ExecuteCompilation(clang::driver::Compilation&, llvm::SmallVectorImpl<std::pair<int, clang::driver::Command const*>>&) + 364
27 clang++   0x000055a234533d54 clang_main(int, char**, llvm::ToolContext const&) + 7764
28 clang++   0x000055a23443546b main + 107
29 libc.so.6 0x00007f479b4c4d90
30 libc.so.6 0x00007f479b4c4e40 __libc_start_main + 128
31 clang++   0x000055a23452eab5 _start + 37
clang++: error: clang frontend command failed with exit code 139 (use -v to see invocation)
clang version 22.0.0git
Target: x86_64-unknown-linux-gnu
Thread model: posix
InstalledDir: /tmp/llvm-project-build-stage1/bin
clang++: note: diagnostic msg: 
********************

PLEASE ATTACH THE FOLLOWING FILES TO THE BUG REPORT:
Preprocessed source(s) and associated run script(s) are located at:
clang++: note: diagnostic msg: /tmp/DIBuilder-da2101.cpp
clang++: note: diagnostic msg: /tmp/DIBuilder-da2101.sh
clang++: note: diagnostic msg: 

********************
[413/2948] Building CXX object lib/IR/CMakeFiles/LLVMCore.dir/Constants.cpp.o
[414/2948] Building CXX object lib/IR/CMakeFiles/LLVMCore.dir/Core.cpp.o
[415/2948] Building CXX object lib/IR/CMakeFiles/LLVMCore.dir/DebugInfo.cpp.o
[416/2948] Building CXX object lib/IR/CMakeFiles/LLVMCore.dir/DebugInfoMetadata.cpp.o
ninja: build stopped: subcommand failed.


STDERR:
CMake Deprecation Warning at /var/llvm-compile-time-tracker/llvm-project/clang/CMakeLists.txt:456 (message):
  'CLANG_ENABLE_ARCMT' is deprecated as ARCMigrate has been removed from
  Clang.  Please use 'CLANG_ENABLE_OBJC_REWRITER' instead to enable or
  disable the Objective-C rewriter.


