MESSAGE: Execution of "sudo -u lctt-runner ./build_llvm_project_stage1.sh" failed

STDOUT:
/var/llvm-compile-time-tracker/llvm-project/clang/lib/AST/ByteCode/PrimType.h:35:6: note: previous definition here
   35 | enum PrimType : uint8_t {
      |      ^~~~~~~~
[2372/3182] Building CXX object tools/clang/lib/AST/CMakeFiles/obj.clangAST.dir/ByteCode/InterpBuiltinBitCast.cpp.o
FAILED: tools/clang/lib/AST/CMakeFiles/obj.clangAST.dir/ByteCode/InterpBuiltinBitCast.cpp.o 
CCACHE_CPP2=yes CCACHE_HASHDIR=yes CCACHE_SLOPPINESS=pch_defines,time_macros /usr/bin/ccache /usr/bin/c++ -DCLANG_EXPORTS -DEXPERIMENTAL_KEY_INSTRUCTIONS -DGTEST_HAS_RTTI=0 -D_GNU_SOURCE -D__STDC_CONSTANT_MACROS -D__STDC_FORMAT_MACROS -D__STDC_LIMIT_MACROS -I/tmp/llvm-project-build-stage1/tools/clang/lib/AST -I/var/llvm-compile-time-tracker/llvm-project/clang/lib/AST -I/var/llvm-compile-time-tracker/llvm-project/clang/include -I/tmp/llvm-project-build-stage1/tools/clang/include -I/tmp/llvm-project-build-stage1/include -I/var/llvm-compile-time-tracker/llvm-project/llvm/include -fPIC -fno-semantic-interposition -fvisibility-inlines-hidden -Werror=date-time -Wall -Wextra -Wno-unused-parameter -Wwrite-strings -Wcast-qual -Wno-missing-field-initializers -pedantic -Wno-long-long -Wimplicit-fallthrough -Wno-uninitialized -Wno-nonnull -Wno-class-memaccess -Wno-redundant-move -Wno-pessimizing-move -Wno-noexcept-type -Wdelete-non-virtual-dtor -Wsuggest-override -Wno-comment -Wno-misleading-indentation -Wctad-maybe-unsupported -fdiagnostics-color -ffunction-sections -fdata-sections -fno-common -Woverloaded-virtual -O3 -DNDEBUG  -fno-exceptions -funwind-tables -fno-rtti -std=c++17 -MD -MT tools/clang/lib/AST/CMakeFiles/obj.clangAST.dir/ByteCode/InterpBuiltinBitCast.cpp.o -MF tools/clang/lib/AST/CMakeFiles/obj.clangAST.dir/ByteCode/InterpBuiltinBitCast.cpp.o.d -o tools/clang/lib/AST/CMakeFiles/obj.clangAST.dir/ByteCode/InterpBuiltinBitCast.cpp.o -c /var/llvm-compile-time-tracker/llvm-project/clang/lib/AST/ByteCode/InterpBuiltinBitCast.cpp
In file included from /var/llvm-compile-time-tracker/llvm-project/clang/lib/AST/ByteCode/Pointer.h:18,
                 from /var/llvm-compile-time-tracker/llvm-project/clang/lib/AST/ByteCode/MemberPointer.h:12,
                 from /var/llvm-compile-time-tracker/llvm-project/clang/lib/AST/ByteCode/InterpStack.h:19,
                 from /var/llvm-compile-time-tracker/llvm-project/clang/lib/AST/ByteCode/Context.h:19,
                 from /var/llvm-compile-time-tracker/llvm-project/clang/lib/AST/ByteCode/InterpBuiltinBitCast.cpp:11:
/var/llvm-compile-time-tracker/llvm-project/clang/lib/AST/ByteCode/InterpBlock.h:25:17: error: different underlying type in enum ‘enum clang::interp::PrimType’
   25 | enum PrimType : unsigned;
      |                 ^~~~~~~~
In file included from /var/llvm-compile-time-tracker/llvm-project/clang/lib/AST/ByteCode/Descriptor.h:16,
                 from /var/llvm-compile-time-tracker/llvm-project/clang/lib/AST/ByteCode/Function.h:18,
                 from /var/llvm-compile-time-tracker/llvm-project/clang/lib/AST/ByteCode/FunctionPointer.h:12,
                 from /var/llvm-compile-time-tracker/llvm-project/clang/lib/AST/ByteCode/InterpStack.h:17,
                 from /var/llvm-compile-time-tracker/llvm-project/clang/lib/AST/ByteCode/Context.h:19,
                 from /var/llvm-compile-time-tracker/llvm-project/clang/lib/AST/ByteCode/InterpBuiltinBitCast.cpp:11:
/var/llvm-compile-time-tracker/llvm-project/clang/lib/AST/ByteCode/PrimType.h:35:6: note: previous definition here
   35 | enum PrimType : uint8_t {
      |      ^~~~~~~~
[2373/3182] Building CXX object tools/clang/lib/AST/CMakeFiles/obj.clangAST.dir/ByteCode/Disasm.cpp.o
FAILED: tools/clang/lib/AST/CMakeFiles/obj.clangAST.dir/ByteCode/Disasm.cpp.o 
CCACHE_CPP2=yes CCACHE_HASHDIR=yes CCACHE_SLOPPINESS=pch_defines,time_macros /usr/bin/ccache /usr/bin/c++ -DCLANG_EXPORTS -DEXPERIMENTAL_KEY_INSTRUCTIONS -DGTEST_HAS_RTTI=0 -D_GNU_SOURCE -D__STDC_CONSTANT_MACROS -D__STDC_FORMAT_MACROS -D__STDC_LIMIT_MACROS -I/tmp/llvm-project-build-stage1/tools/clang/lib/AST -I/var/llvm-compile-time-tracker/llvm-project/clang/lib/AST -I/var/llvm-compile-time-tracker/llvm-project/clang/include -I/tmp/llvm-project-build-stage1/tools/clang/include -I/tmp/llvm-project-build-stage1/include -I/var/llvm-compile-time-tracker/llvm-project/llvm/include -fPIC -fno-semantic-interposition -fvisibility-inlines-hidden -Werror=date-time -Wall -Wextra -Wno-unused-parameter -Wwrite-strings -Wcast-qual -Wno-missing-field-initializers -pedantic -Wno-long-long -Wimplicit-fallthrough -Wno-uninitialized -Wno-nonnull -Wno-class-memaccess -Wno-redundant-move -Wno-pessimizing-move -Wno-noexcept-type -Wdelete-non-virtual-dtor -Wsuggest-override -Wno-comment -Wno-misleading-indentation -Wctad-maybe-unsupported -fdiagnostics-color -ffunction-sections -fdata-sections -fno-common -Woverloaded-virtual -O3 -DNDEBUG  -fno-exceptions -funwind-tables -fno-rtti -std=c++17 -MD -MT tools/clang/lib/AST/CMakeFiles/obj.clangAST.dir/ByteCode/Disasm.cpp.o -MF tools/clang/lib/AST/CMakeFiles/obj.clangAST.dir/ByteCode/Disasm.cpp.o.d -o tools/clang/lib/AST/CMakeFiles/obj.clangAST.dir/ByteCode/Disasm.cpp.o -c /var/llvm-compile-time-tracker/llvm-project/clang/lib/AST/ByteCode/Disasm.cpp
In file included from /var/llvm-compile-time-tracker/llvm-project/clang/lib/AST/ByteCode/Pointer.h:18,
                 from /var/llvm-compile-time-tracker/llvm-project/clang/lib/AST/ByteCode/MemberPointer.h:12,
                 from /var/llvm-compile-time-tracker/llvm-project/clang/lib/AST/ByteCode/InterpStack.h:19,
                 from /var/llvm-compile-time-tracker/llvm-project/clang/lib/AST/ByteCode/Context.h:19,
                 from /var/llvm-compile-time-tracker/llvm-project/clang/lib/AST/ByteCode/Disasm.cpp:14:
/var/llvm-compile-time-tracker/llvm-project/clang/lib/AST/ByteCode/InterpBlock.h:25:17: error: different underlying type in enum ‘enum clang::interp::PrimType’
   25 | enum PrimType : unsigned;
      |                 ^~~~~~~~
In file included from /var/llvm-compile-time-tracker/llvm-project/clang/lib/AST/ByteCode/Descriptor.h:16,
                 from /var/llvm-compile-time-tracker/llvm-project/clang/lib/AST/ByteCode/Function.h:18,
                 from /var/llvm-compile-time-tracker/llvm-project/clang/lib/AST/ByteCode/FunctionPointer.h:12,
                 from /var/llvm-compile-time-tracker/llvm-project/clang/lib/AST/ByteCode/InterpStack.h:17,
                 from /var/llvm-compile-time-tracker/llvm-project/clang/lib/AST/ByteCode/Context.h:19,
                 from /var/llvm-compile-time-tracker/llvm-project/clang/lib/AST/ByteCode/Disasm.cpp:14:
/var/llvm-compile-time-tracker/llvm-project/clang/lib/AST/ByteCode/PrimType.h:35:6: note: previous definition here
   35 | enum PrimType : uint8_t {
      |      ^~~~~~~~
[2374/3182] Building X86GenInstrInfo.inc...
[2375/3182] Building CXX object tools/clang/lib/AST/CMakeFiles/obj.clangAST.dir/ByteCode/InterpBuiltin.cpp.o
FAILED: tools/clang/lib/AST/CMakeFiles/obj.clangAST.dir/ByteCode/InterpBuiltin.cpp.o 
CCACHE_CPP2=yes CCACHE_HASHDIR=yes CCACHE_SLOPPINESS=pch_defines,time_macros /usr/bin/ccache /usr/bin/c++ -DCLANG_EXPORTS -DEXPERIMENTAL_KEY_INSTRUCTIONS -DGTEST_HAS_RTTI=0 -D_GNU_SOURCE -D__STDC_CONSTANT_MACROS -D__STDC_FORMAT_MACROS -D__STDC_LIMIT_MACROS -I/tmp/llvm-project-build-stage1/tools/clang/lib/AST -I/var/llvm-compile-time-tracker/llvm-project/clang/lib/AST -I/var/llvm-compile-time-tracker/llvm-project/clang/include -I/tmp/llvm-project-build-stage1/tools/clang/include -I/tmp/llvm-project-build-stage1/include -I/var/llvm-compile-time-tracker/llvm-project/llvm/include -fPIC -fno-semantic-interposition -fvisibility-inlines-hidden -Werror=date-time -Wall -Wextra -Wno-unused-parameter -Wwrite-strings -Wcast-qual -Wno-missing-field-initializers -pedantic -Wno-long-long -Wimplicit-fallthrough -Wno-uninitialized -Wno-nonnull -Wno-class-memaccess -Wno-redundant-move -Wno-pessimizing-move -Wno-noexcept-type -Wdelete-non-virtual-dtor -Wsuggest-override -Wno-comment -Wno-misleading-indentation -Wctad-maybe-unsupported -fdiagnostics-color -ffunction-sections -fdata-sections -fno-common -Woverloaded-virtual -O3 -DNDEBUG  -fno-exceptions -funwind-tables -fno-rtti -std=c++17 -MD -MT tools/clang/lib/AST/CMakeFiles/obj.clangAST.dir/ByteCode/InterpBuiltin.cpp.o -MF tools/clang/lib/AST/CMakeFiles/obj.clangAST.dir/ByteCode/InterpBuiltin.cpp.o.d -o tools/clang/lib/AST/CMakeFiles/obj.clangAST.dir/ByteCode/InterpBuiltin.cpp.o -c /var/llvm-compile-time-tracker/llvm-project/clang/lib/AST/ByteCode/InterpBuiltin.cpp
In file included from /var/llvm-compile-time-tracker/llvm-project/clang/lib/AST/ByteCode/Pointer.h:18,
                 from /var/llvm-compile-time-tracker/llvm-project/clang/lib/AST/ByteCode/EvaluationResult.h:13,
                 from /var/llvm-compile-time-tracker/llvm-project/clang/lib/AST/ByteCode/EvalEmitter.h:16,
                 from /var/llvm-compile-time-tracker/llvm-project/clang/lib/AST/ByteCode/InterpBuiltin.cpp:10:
/var/llvm-compile-time-tracker/llvm-project/clang/lib/AST/ByteCode/InterpBlock.h:25:17: error: different underlying type in enum ‘enum clang::interp::PrimType’
   25 | enum PrimType : unsigned;
      |                 ^~~~~~~~
In file included from /var/llvm-compile-time-tracker/llvm-project/clang/lib/AST/ByteCode/Descriptor.h:16,
                 from /var/llvm-compile-time-tracker/llvm-project/clang/lib/AST/ByteCode/Function.h:18,
                 from /var/llvm-compile-time-tracker/llvm-project/clang/lib/AST/ByteCode/FunctionPointer.h:12,
                 from /var/llvm-compile-time-tracker/llvm-project/clang/lib/AST/ByteCode/EvaluationResult.h:12,
                 from /var/llvm-compile-time-tracker/llvm-project/clang/lib/AST/ByteCode/EvalEmitter.h:16,
                 from /var/llvm-compile-time-tracker/llvm-project/clang/lib/AST/ByteCode/InterpBuiltin.cpp:10:
/var/llvm-compile-time-tracker/llvm-project/clang/lib/AST/ByteCode/PrimType.h:35:6: note: previous definition here
   35 | enum PrimType : uint8_t {
      |      ^~~~~~~~
[2376/3182] Building CXX object tools/clang/lib/AST/CMakeFiles/obj.clangAST.dir/ByteCode/Compiler.cpp.o
FAILED: tools/clang/lib/AST/CMakeFiles/obj.clangAST.dir/ByteCode/Compiler.cpp.o 
CCACHE_CPP2=yes CCACHE_HASHDIR=yes CCACHE_SLOPPINESS=pch_defines,time_macros /usr/bin/ccache /usr/bin/c++ -DCLANG_EXPORTS -DEXPERIMENTAL_KEY_INSTRUCTIONS -DGTEST_HAS_RTTI=0 -D_GNU_SOURCE -D__STDC_CONSTANT_MACROS -D__STDC_FORMAT_MACROS -D__STDC_LIMIT_MACROS -I/tmp/llvm-project-build-stage1/tools/clang/lib/AST -I/var/llvm-compile-time-tracker/llvm-project/clang/lib/AST -I/var/llvm-compile-time-tracker/llvm-project/clang/include -I/tmp/llvm-project-build-stage1/tools/clang/include -I/tmp/llvm-project-build-stage1/include -I/var/llvm-compile-time-tracker/llvm-project/llvm/include -fPIC -fno-semantic-interposition -fvisibility-inlines-hidden -Werror=date-time -Wall -Wextra -Wno-unused-parameter -Wwrite-strings -Wcast-qual -Wno-missing-field-initializers -pedantic -Wno-long-long -Wimplicit-fallthrough -Wno-uninitialized -Wno-nonnull -Wno-class-memaccess -Wno-redundant-move -Wno-pessimizing-move -Wno-noexcept-type -Wdelete-non-virtual-dtor -Wsuggest-override -Wno-comment -Wno-misleading-indentation -Wctad-maybe-unsupported -fdiagnostics-color -ffunction-sections -fdata-sections -fno-common -Woverloaded-virtual -O3 -DNDEBUG  -fno-exceptions -funwind-tables -fno-rtti -std=c++17 -MD -MT tools/clang/lib/AST/CMakeFiles/obj.clangAST.dir/ByteCode/Compiler.cpp.o -MF tools/clang/lib/AST/CMakeFiles/obj.clangAST.dir/ByteCode/Compiler.cpp.o.d -o tools/clang/lib/AST/CMakeFiles/obj.clangAST.dir/ByteCode/Compiler.cpp.o -c /var/llvm-compile-time-tracker/llvm-project/clang/lib/AST/ByteCode/Compiler.cpp
In file included from /var/llvm-compile-time-tracker/llvm-project/clang/lib/AST/ByteCode/Pointer.h:18,
                 from /var/llvm-compile-time-tracker/llvm-project/clang/lib/AST/ByteCode/MemberPointer.h:12,
                 from /var/llvm-compile-time-tracker/llvm-project/clang/lib/AST/ByteCode/InterpStack.h:19,
                 from /var/llvm-compile-time-tracker/llvm-project/clang/lib/AST/ByteCode/Context.h:19,
                 from /var/llvm-compile-time-tracker/llvm-project/clang/lib/AST/ByteCode/ByteCodeEmitter.h:16,
                 from /var/llvm-compile-time-tracker/llvm-project/clang/lib/AST/ByteCode/Compiler.h:16,
                 from /var/llvm-compile-time-tracker/llvm-project/clang/lib/AST/ByteCode/Compiler.cpp:9:
/var/llvm-compile-time-tracker/llvm-project/clang/lib/AST/ByteCode/InterpBlock.h:25:17: error: different underlying type in enum ‘enum clang::interp::PrimType’
   25 | enum PrimType : unsigned;
      |                 ^~~~~~~~
In file included from /var/llvm-compile-time-tracker/llvm-project/clang/lib/AST/ByteCode/Descriptor.h:16,
                 from /var/llvm-compile-time-tracker/llvm-project/clang/lib/AST/ByteCode/Function.h:18,
                 from /var/llvm-compile-time-tracker/llvm-project/clang/lib/AST/ByteCode/FunctionPointer.h:12,
                 from /var/llvm-compile-time-tracker/llvm-project/clang/lib/AST/ByteCode/InterpStack.h:17,
                 from /var/llvm-compile-time-tracker/llvm-project/clang/lib/AST/ByteCode/Context.h:19,
                 from /var/llvm-compile-time-tracker/llvm-project/clang/lib/AST/ByteCode/ByteCodeEmitter.h:16,
                 from /var/llvm-compile-time-tracker/llvm-project/clang/lib/AST/ByteCode/Compiler.h:16,
                 from /var/llvm-compile-time-tracker/llvm-project/clang/lib/AST/ByteCode/Compiler.cpp:9:
/var/llvm-compile-time-tracker/llvm-project/clang/lib/AST/ByteCode/PrimType.h:35:6: note: previous definition here
   35 | enum PrimType : uint8_t {
      |      ^~~~~~~~
[2377/3182] Building CXX object tools/clang/lib/AST/CMakeFiles/obj.clangAST.dir/ByteCode/EvalEmitter.cpp.o
FAILED: tools/clang/lib/AST/CMakeFiles/obj.clangAST.dir/ByteCode/EvalEmitter.cpp.o 
CCACHE_CPP2=yes CCACHE_HASHDIR=yes CCACHE_SLOPPINESS=pch_defines,time_macros /usr/bin/ccache /usr/bin/c++ -DCLANG_EXPORTS -DEXPERIMENTAL_KEY_INSTRUCTIONS -DGTEST_HAS_RTTI=0 -D_GNU_SOURCE -D__STDC_CONSTANT_MACROS -D__STDC_FORMAT_MACROS -D__STDC_LIMIT_MACROS -I/tmp/llvm-project-build-stage1/tools/clang/lib/AST -I/var/llvm-compile-time-tracker/llvm-project/clang/lib/AST -I/var/llvm-compile-time-tracker/llvm-project/clang/include -I/tmp/llvm-project-build-stage1/tools/clang/include -I/tmp/llvm-project-build-stage1/include -I/var/llvm-compile-time-tracker/llvm-project/llvm/include -fPIC -fno-semantic-interposition -fvisibility-inlines-hidden -Werror=date-time -Wall -Wextra -Wno-unused-parameter -Wwrite-strings -Wcast-qual -Wno-missing-field-initializers -pedantic -Wno-long-long -Wimplicit-fallthrough -Wno-uninitialized -Wno-nonnull -Wno-class-memaccess -Wno-redundant-move -Wno-pessimizing-move -Wno-noexcept-type -Wdelete-non-virtual-dtor -Wsuggest-override -Wno-comment -Wno-misleading-indentation -Wctad-maybe-unsupported -fdiagnostics-color -ffunction-sections -fdata-sections -fno-common -Woverloaded-virtual -O3 -DNDEBUG  -fno-exceptions -funwind-tables -fno-rtti -std=c++17 -MD -MT tools/clang/lib/AST/CMakeFiles/obj.clangAST.dir/ByteCode/EvalEmitter.cpp.o -MF tools/clang/lib/AST/CMakeFiles/obj.clangAST.dir/ByteCode/EvalEmitter.cpp.o.d -o tools/clang/lib/AST/CMakeFiles/obj.clangAST.dir/ByteCode/EvalEmitter.cpp.o -c /var/llvm-compile-time-tracker/llvm-project/clang/lib/AST/ByteCode/EvalEmitter.cpp
In file included from /var/llvm-compile-time-tracker/llvm-project/clang/lib/AST/ByteCode/Pointer.h:18,
                 from /var/llvm-compile-time-tracker/llvm-project/clang/lib/AST/ByteCode/EvaluationResult.h:13,
                 from /var/llvm-compile-time-tracker/llvm-project/clang/lib/AST/ByteCode/EvalEmitter.h:16,
                 from /var/llvm-compile-time-tracker/llvm-project/clang/lib/AST/ByteCode/EvalEmitter.cpp:9:
/var/llvm-compile-time-tracker/llvm-project/clang/lib/AST/ByteCode/InterpBlock.h:25:17: error: different underlying type in enum ‘enum clang::interp::PrimType’
   25 | enum PrimType : unsigned;
      |                 ^~~~~~~~
In file included from /var/llvm-compile-time-tracker/llvm-project/clang/lib/AST/ByteCode/Descriptor.h:16,
                 from /var/llvm-compile-time-tracker/llvm-project/clang/lib/AST/ByteCode/Function.h:18,
                 from /var/llvm-compile-time-tracker/llvm-project/clang/lib/AST/ByteCode/FunctionPointer.h:12,
                 from /var/llvm-compile-time-tracker/llvm-project/clang/lib/AST/ByteCode/EvaluationResult.h:12,
                 from /var/llvm-compile-time-tracker/llvm-project/clang/lib/AST/ByteCode/EvalEmitter.h:16,
                 from /var/llvm-compile-time-tracker/llvm-project/clang/lib/AST/ByteCode/EvalEmitter.cpp:9:
/var/llvm-compile-time-tracker/llvm-project/clang/lib/AST/ByteCode/PrimType.h:35:6: note: previous definition here
   35 | enum PrimType : uint8_t {
      |      ^~~~~~~~
[2378/3182] Building CXX object tools/clang/lib/AST/CMakeFiles/obj.clangAST.dir/ByteCode/Context.cpp.o
FAILED: tools/clang/lib/AST/CMakeFiles/obj.clangAST.dir/ByteCode/Context.cpp.o 
CCACHE_CPP2=yes CCACHE_HASHDIR=yes CCACHE_SLOPPINESS=pch_defines,time_macros /usr/bin/ccache /usr/bin/c++ -DCLANG_EXPORTS -DEXPERIMENTAL_KEY_INSTRUCTIONS -DGTEST_HAS_RTTI=0 -D_GNU_SOURCE -D__STDC_CONSTANT_MACROS -D__STDC_FORMAT_MACROS -D__STDC_LIMIT_MACROS -I/tmp/llvm-project-build-stage1/tools/clang/lib/AST -I/var/llvm-compile-time-tracker/llvm-project/clang/lib/AST -I/var/llvm-compile-time-tracker/llvm-project/clang/include -I/tmp/llvm-project-build-stage1/tools/clang/include -I/tmp/llvm-project-build-stage1/include -I/var/llvm-compile-time-tracker/llvm-project/llvm/include -fPIC -fno-semantic-interposition -fvisibility-inlines-hidden -Werror=date-time -Wall -Wextra -Wno-unused-parameter -Wwrite-strings -Wcast-qual -Wno-missing-field-initializers -pedantic -Wno-long-long -Wimplicit-fallthrough -Wno-uninitialized -Wno-nonnull -Wno-class-memaccess -Wno-redundant-move -Wno-pessimizing-move -Wno-noexcept-type -Wdelete-non-virtual-dtor -Wsuggest-override -Wno-comment -Wno-misleading-indentation -Wctad-maybe-unsupported -fdiagnostics-color -ffunction-sections -fdata-sections -fno-common -Woverloaded-virtual -O3 -DNDEBUG  -fno-exceptions -funwind-tables -fno-rtti -std=c++17 -MD -MT tools/clang/lib/AST/CMakeFiles/obj.clangAST.dir/ByteCode/Context.cpp.o -MF tools/clang/lib/AST/CMakeFiles/obj.clangAST.dir/ByteCode/Context.cpp.o.d -o tools/clang/lib/AST/CMakeFiles/obj.clangAST.dir/ByteCode/Context.cpp.o -c /var/llvm-compile-time-tracker/llvm-project/clang/lib/AST/ByteCode/Context.cpp
In file included from /var/llvm-compile-time-tracker/llvm-project/clang/lib/AST/ByteCode/Pointer.h:18,
                 from /var/llvm-compile-time-tracker/llvm-project/clang/lib/AST/ByteCode/MemberPointer.h:12,
                 from /var/llvm-compile-time-tracker/llvm-project/clang/lib/AST/ByteCode/InterpStack.h:19,
                 from /var/llvm-compile-time-tracker/llvm-project/clang/lib/AST/ByteCode/Context.h:19,
                 from /var/llvm-compile-time-tracker/llvm-project/clang/lib/AST/ByteCode/Context.cpp:9:
/var/llvm-compile-time-tracker/llvm-project/clang/lib/AST/ByteCode/InterpBlock.h:25:17: error: different underlying type in enum ‘enum clang::interp::PrimType’
   25 | enum PrimType : unsigned;
      |                 ^~~~~~~~
In file included from /var/llvm-compile-time-tracker/llvm-project/clang/lib/AST/ByteCode/Descriptor.h:16,
                 from /var/llvm-compile-time-tracker/llvm-project/clang/lib/AST/ByteCode/Function.h:18,
                 from /var/llvm-compile-time-tracker/llvm-project/clang/lib/AST/ByteCode/FunctionPointer.h:12,
                 from /var/llvm-compile-time-tracker/llvm-project/clang/lib/AST/ByteCode/InterpStack.h:17,
                 from /var/llvm-compile-time-tracker/llvm-project/clang/lib/AST/ByteCode/Context.h:19,
                 from /var/llvm-compile-time-tracker/llvm-project/clang/lib/AST/ByteCode/Context.cpp:9:
/var/llvm-compile-time-tracker/llvm-project/clang/lib/AST/ByteCode/PrimType.h:35:6: note: previous definition here
   35 | enum PrimType : uint8_t {
      |      ^~~~~~~~
[2379/3182] Building CXX object tools/clang/lib/AST/CMakeFiles/obj.clangAST.dir/ByteCode/DynamicAllocator.cpp.o
FAILED: tools/clang/lib/AST/CMakeFiles/obj.clangAST.dir/ByteCode/DynamicAllocator.cpp.o 
CCACHE_CPP2=yes CCACHE_HASHDIR=yes CCACHE_SLOPPINESS=pch_defines,time_macros /usr/bin/ccache /usr/bin/c++ -DCLANG_EXPORTS -DEXPERIMENTAL_KEY_INSTRUCTIONS -DGTEST_HAS_RTTI=0 -D_GNU_SOURCE -D__STDC_CONSTANT_MACROS -D__STDC_FORMAT_MACROS -D__STDC_LIMIT_MACROS -I/tmp/llvm-project-build-stage1/tools/clang/lib/AST -I/var/llvm-compile-time-tracker/llvm-project/clang/lib/AST -I/var/llvm-compile-time-tracker/llvm-project/clang/include -I/tmp/llvm-project-build-stage1/tools/clang/include -I/tmp/llvm-project-build-stage1/include -I/var/llvm-compile-time-tracker/llvm-project/llvm/include -fPIC -fno-semantic-interposition -fvisibility-inlines-hidden -Werror=date-time -Wall -Wextra -Wno-unused-parameter -Wwrite-strings -Wcast-qual -Wno-missing-field-initializers -pedantic -Wno-long-long -Wimplicit-fallthrough -Wno-uninitialized -Wno-nonnull -Wno-class-memaccess -Wno-redundant-move -Wno-pessimizing-move -Wno-noexcept-type -Wdelete-non-virtual-dtor -Wsuggest-override -Wno-comment -Wno-misleading-indentation -Wctad-maybe-unsupported -fdiagnostics-color -ffunction-sections -fdata-sections -fno-common -Woverloaded-virtual -O3 -DNDEBUG  -fno-exceptions -funwind-tables -fno-rtti -std=c++17 -MD -MT tools/clang/lib/AST/CMakeFiles/obj.clangAST.dir/ByteCode/DynamicAllocator.cpp.o -MF tools/clang/lib/AST/CMakeFiles/obj.clangAST.dir/ByteCode/DynamicAllocator.cpp.o.d -o tools/clang/lib/AST/CMakeFiles/obj.clangAST.dir/ByteCode/DynamicAllocator.cpp.o -c /var/llvm-compile-time-tracker/llvm-project/clang/lib/AST/ByteCode/DynamicAllocator.cpp
In file included from /var/llvm-compile-time-tracker/llvm-project/clang/lib/AST/ByteCode/DynamicAllocator.h:13,
                 from /var/llvm-compile-time-tracker/llvm-project/clang/lib/AST/ByteCode/DynamicAllocator.cpp:9:
/var/llvm-compile-time-tracker/llvm-project/clang/lib/AST/ByteCode/InterpBlock.h:25:17: error: different underlying type in enum ‘enum clang::interp::PrimType’
   25 | enum PrimType : unsigned;
      |                 ^~~~~~~~
In file included from /var/llvm-compile-time-tracker/llvm-project/clang/lib/AST/ByteCode/Descriptor.h:16,
                 from /var/llvm-compile-time-tracker/llvm-project/clang/lib/AST/ByteCode/DynamicAllocator.h:12,
                 from /var/llvm-compile-time-tracker/llvm-project/clang/lib/AST/ByteCode/DynamicAllocator.cpp:9:
/var/llvm-compile-time-tracker/llvm-project/clang/lib/AST/ByteCode/PrimType.h:35:6: note: previous definition here
   35 | enum PrimType : uint8_t {
      |      ^~~~~~~~
[2380/3182] Building AArch64GenInstrInfo.inc...
[2381/3182] Building AArch64GenSubtargetInfo.inc...
[2382/3182] Building CXX object tools/clang/lib/AST/CMakeFiles/obj.clangAST.dir/ExprConstant.cpp.o
FAILED: tools/clang/lib/AST/CMakeFiles/obj.clangAST.dir/ExprConstant.cpp.o 
CCACHE_CPP2=yes CCACHE_HASHDIR=yes CCACHE_SLOPPINESS=pch_defines,time_macros /usr/bin/ccache /usr/bin/c++ -DCLANG_EXPORTS -DEXPERIMENTAL_KEY_INSTRUCTIONS -DGTEST_HAS_RTTI=0 -D_GNU_SOURCE -D__STDC_CONSTANT_MACROS -D__STDC_FORMAT_MACROS -D__STDC_LIMIT_MACROS -I/tmp/llvm-project-build-stage1/tools/clang/lib/AST -I/var/llvm-compile-time-tracker/llvm-project/clang/lib/AST -I/var/llvm-compile-time-tracker/llvm-project/clang/include -I/tmp/llvm-project-build-stage1/tools/clang/include -I/tmp/llvm-project-build-stage1/include -I/var/llvm-compile-time-tracker/llvm-project/llvm/include -fPIC -fno-semantic-interposition -fvisibility-inlines-hidden -Werror=date-time -Wall -Wextra -Wno-unused-parameter -Wwrite-strings -Wcast-qual -Wno-missing-field-initializers -pedantic -Wno-long-long -Wimplicit-fallthrough -Wno-uninitialized -Wno-nonnull -Wno-class-memaccess -Wno-redundant-move -Wno-pessimizing-move -Wno-noexcept-type -Wdelete-non-virtual-dtor -Wsuggest-override -Wno-comment -Wno-misleading-indentation -Wctad-maybe-unsupported -fdiagnostics-color -ffunction-sections -fdata-sections -fno-common -Woverloaded-virtual -O3 -DNDEBUG  -fno-exceptions -funwind-tables -fno-rtti -std=c++17 -MD -MT tools/clang/lib/AST/CMakeFiles/obj.clangAST.dir/ExprConstant.cpp.o -MF tools/clang/lib/AST/CMakeFiles/obj.clangAST.dir/ExprConstant.cpp.o.d -o tools/clang/lib/AST/CMakeFiles/obj.clangAST.dir/ExprConstant.cpp.o -c /var/llvm-compile-time-tracker/llvm-project/clang/lib/AST/ExprConstant.cpp
In file included from /var/llvm-compile-time-tracker/llvm-project/clang/lib/AST/ByteCode/Pointer.h:18,
                 from /var/llvm-compile-time-tracker/llvm-project/clang/lib/AST/ByteCode/MemberPointer.h:12,
                 from /var/llvm-compile-time-tracker/llvm-project/clang/lib/AST/ByteCode/InterpStack.h:19,
                 from /var/llvm-compile-time-tracker/llvm-project/clang/lib/AST/ByteCode/Context.h:19,
                 from /var/llvm-compile-time-tracker/llvm-project/clang/lib/AST/ExprConstant.cpp:35:
/var/llvm-compile-time-tracker/llvm-project/clang/lib/AST/ByteCode/InterpBlock.h:25:17: error: different underlying type in enum ‘enum clang::interp::PrimType’
   25 | enum PrimType : unsigned;
      |                 ^~~~~~~~
In file included from /var/llvm-compile-time-tracker/llvm-project/clang/lib/AST/ByteCode/Descriptor.h:16,
                 from /var/llvm-compile-time-tracker/llvm-project/clang/lib/AST/ByteCode/Function.h:18,
                 from /var/llvm-compile-time-tracker/llvm-project/clang/lib/AST/ByteCode/FunctionPointer.h:12,
                 from /var/llvm-compile-time-tracker/llvm-project/clang/lib/AST/ByteCode/InterpStack.h:17,
                 from /var/llvm-compile-time-tracker/llvm-project/clang/lib/AST/ByteCode/Context.h:19,
                 from /var/llvm-compile-time-tracker/llvm-project/clang/lib/AST/ExprConstant.cpp:35:
/var/llvm-compile-time-tracker/llvm-project/clang/lib/AST/ByteCode/PrimType.h:35:6: note: previous definition here
   35 | enum PrimType : uint8_t {
      |      ^~~~~~~~
[2383/3182] Building CXX object tools/clang/lib/AST/CMakeFiles/obj.clangAST.dir/ASTContext.cpp.o
FAILED: tools/clang/lib/AST/CMakeFiles/obj.clangAST.dir/ASTContext.cpp.o 
CCACHE_CPP2=yes CCACHE_HASHDIR=yes CCACHE_SLOPPINESS=pch_defines,time_macros /usr/bin/ccache /usr/bin/c++ -DCLANG_EXPORTS -DEXPERIMENTAL_KEY_INSTRUCTIONS -DGTEST_HAS_RTTI=0 -D_GNU_SOURCE -D__STDC_CONSTANT_MACROS -D__STDC_FORMAT_MACROS -D__STDC_LIMIT_MACROS -I/tmp/llvm-project-build-stage1/tools/clang/lib/AST -I/var/llvm-compile-time-tracker/llvm-project/clang/lib/AST -I/var/llvm-compile-time-tracker/llvm-project/clang/include -I/tmp/llvm-project-build-stage1/tools/clang/include -I/tmp/llvm-project-build-stage1/include -I/var/llvm-compile-time-tracker/llvm-project/llvm/include -fPIC -fno-semantic-interposition -fvisibility-inlines-hidden -Werror=date-time -Wall -Wextra -Wno-unused-parameter -Wwrite-strings -Wcast-qual -Wno-missing-field-initializers -pedantic -Wno-long-long -Wimplicit-fallthrough -Wno-uninitialized -Wno-nonnull -Wno-class-memaccess -Wno-redundant-move -Wno-pessimizing-move -Wno-noexcept-type -Wdelete-non-virtual-dtor -Wsuggest-override -Wno-comment -Wno-misleading-indentation -Wctad-maybe-unsupported -fdiagnostics-color -ffunction-sections -fdata-sections -fno-common -Woverloaded-virtual -O3 -DNDEBUG  -fno-exceptions -funwind-tables -fno-rtti -std=c++17 -MD -MT tools/clang/lib/AST/CMakeFiles/obj.clangAST.dir/ASTContext.cpp.o -MF tools/clang/lib/AST/CMakeFiles/obj.clangAST.dir/ASTContext.cpp.o.d -o tools/clang/lib/AST/CMakeFiles/obj.clangAST.dir/ASTContext.cpp.o -c /var/llvm-compile-time-tracker/llvm-project/clang/lib/AST/ASTContext.cpp
In file included from /var/llvm-compile-time-tracker/llvm-project/clang/lib/AST/ByteCode/Pointer.h:18,
                 from /var/llvm-compile-time-tracker/llvm-project/clang/lib/AST/ByteCode/MemberPointer.h:12,
                 from /var/llvm-compile-time-tracker/llvm-project/clang/lib/AST/ByteCode/InterpStack.h:19,
                 from /var/llvm-compile-time-tracker/llvm-project/clang/lib/AST/ByteCode/Context.h:19,
                 from /var/llvm-compile-time-tracker/llvm-project/clang/lib/AST/ASTContext.cpp:14:
/var/llvm-compile-time-tracker/llvm-project/clang/lib/AST/ByteCode/InterpBlock.h:25:17: error: different underlying type in enum ‘enum clang::interp::PrimType’
   25 | enum PrimType : unsigned;
      |                 ^~~~~~~~
In file included from /var/llvm-compile-time-tracker/llvm-project/clang/lib/AST/ByteCode/Descriptor.h:16,
                 from /var/llvm-compile-time-tracker/llvm-project/clang/lib/AST/ByteCode/Function.h:18,
                 from /var/llvm-compile-time-tracker/llvm-project/clang/lib/AST/ByteCode/FunctionPointer.h:12,
                 from /var/llvm-compile-time-tracker/llvm-project/clang/lib/AST/ByteCode/InterpStack.h:17,
                 from /var/llvm-compile-time-tracker/llvm-project/clang/lib/AST/ByteCode/Context.h:19,
                 from /var/llvm-compile-time-tracker/llvm-project/clang/lib/AST/ASTContext.cpp:14:
/var/llvm-compile-time-tracker/llvm-project/clang/lib/AST/ByteCode/PrimType.h:35:6: note: previous definition here
   35 | enum PrimType : uint8_t {
      |      ^~~~~~~~
[2384/3182] Building CXX object tools/clang/lib/AST/CMakeFiles/obj.clangAST.dir/ByteCode/Interp.cpp.o
FAILED: tools/clang/lib/AST/CMakeFiles/obj.clangAST.dir/ByteCode/Interp.cpp.o 
CCACHE_CPP2=yes CCACHE_HASHDIR=yes CCACHE_SLOPPINESS=pch_defines,time_macros /usr/bin/ccache /usr/bin/c++ -DCLANG_EXPORTS -DEXPERIMENTAL_KEY_INSTRUCTIONS -DGTEST_HAS_RTTI=0 -D_GNU_SOURCE -D__STDC_CONSTANT_MACROS -D__STDC_FORMAT_MACROS -D__STDC_LIMIT_MACROS -I/tmp/llvm-project-build-stage1/tools/clang/lib/AST -I/var/llvm-compile-time-tracker/llvm-project/clang/lib/AST -I/var/llvm-compile-time-tracker/llvm-project/clang/include -I/tmp/llvm-project-build-stage1/tools/clang/include -I/tmp/llvm-project-build-stage1/include -I/var/llvm-compile-time-tracker/llvm-project/llvm/include -fPIC -fno-semantic-interposition -fvisibility-inlines-hidden -Werror=date-time -Wall -Wextra -Wno-unused-parameter -Wwrite-strings -Wcast-qual -Wno-missing-field-initializers -pedantic -Wno-long-long -Wimplicit-fallthrough -Wno-uninitialized -Wno-nonnull -Wno-class-memaccess -Wno-redundant-move -Wno-pessimizing-move -Wno-noexcept-type -Wdelete-non-virtual-dtor -Wsuggest-override -Wno-comment -Wno-misleading-indentation -Wctad-maybe-unsupported -fdiagnostics-color -ffunction-sections -fdata-sections -fno-common -Woverloaded-virtual -O3 -DNDEBUG  -fno-exceptions -funwind-tables -fno-rtti -std=c++17 -MD -MT tools/clang/lib/AST/CMakeFiles/obj.clangAST.dir/ByteCode/Interp.cpp.o -MF tools/clang/lib/AST/CMakeFiles/obj.clangAST.dir/ByteCode/Interp.cpp.o.d -o tools/clang/lib/AST/CMakeFiles/obj.clangAST.dir/ByteCode/Interp.cpp.o -c /var/llvm-compile-time-tracker/llvm-project/clang/lib/AST/ByteCode/Interp.cpp
In file included from /var/llvm-compile-time-tracker/llvm-project/clang/lib/AST/ByteCode/DynamicAllocator.h:13,
                 from /var/llvm-compile-time-tracker/llvm-project/clang/lib/AST/ByteCode/Interp.h:19,
                 from /var/llvm-compile-time-tracker/llvm-project/clang/lib/AST/ByteCode/Interp.cpp:9:
/var/llvm-compile-time-tracker/llvm-project/clang/lib/AST/ByteCode/InterpBlock.h:25:17: error: different underlying type in enum ‘enum clang::interp::PrimType’
   25 | enum PrimType : unsigned;
      |                 ^~~~~~~~
In file included from /var/llvm-compile-time-tracker/llvm-project/clang/lib/AST/ByteCode/Descriptor.h:16,
                 from /var/llvm-compile-time-tracker/llvm-project/clang/lib/AST/ByteCode/DynamicAllocator.h:12,
                 from /var/llvm-compile-time-tracker/llvm-project/clang/lib/AST/ByteCode/Interp.h:19,
                 from /var/llvm-compile-time-tracker/llvm-project/clang/lib/AST/ByteCode/Interp.cpp:9:
/var/llvm-compile-time-tracker/llvm-project/clang/lib/AST/ByteCode/PrimType.h:35:6: note: previous definition here
   35 | enum PrimType : uint8_t {
      |      ^~~~~~~~
ninja: build stopped: subcommand failed.


STDERR:
CMake Deprecation Warning at /var/llvm-compile-time-tracker/llvm-project/clang/CMakeLists.txt:450 (message):
  'CLANG_ENABLE_ARCMT' is deprecated as ARCMigrate has been removed from
  Clang.  Please use 'CLANG_ENABLE_OBJC_REWRITER' instead to enable or
  disable the Objective-C rewriter.


Command exited with non-zero status 1
164.87user 14.24system 0:14.78elapsed 1211%CPU (0avgtext+0avgdata 950524maxresident)k
0inputs+1514272outputs (3641major+7917098minor)pagefaults 0swaps
