MESSAGE: Execution of "sudo -u lctt-runner ./build_llvm_project_stage2.sh" failed

STDOUT:
/usr/lib/gcc/x86_64-linux-gnu/11/../../../../include/c++/11/bits/basic_string.h:415:28: error: expected unqualified-id
  415 |         else if (__d < __gnu_cxx::__numeric_traits<int>::__min)
      |                                   ^
1 error generated.
[12/2846] Building CXX object lib/Support/CMakeFiles/LLVMSupport.dir/APSInt.cpp.o
FAILED: lib/Support/CMakeFiles/LLVMSupport.dir/APSInt.cpp.o 
/var/llvm-compile-time-tracker/timeit_launcher.sh /tmp/llvm-project-build-stage1/bin/clang++ -DGTEST_HAS_RTTI=0 -D_GNU_SOURCE -D__STDC_CONSTANT_MACROS -D__STDC_FORMAT_MACROS -D__STDC_LIMIT_MACROS -I/tmp/llvm-project-build-stage2/lib/Support -I/var/llvm-compile-time-tracker/llvm-project/llvm/lib/Support -I/tmp/llvm-project-build-stage2/include -I/var/llvm-compile-time-tracker/llvm-project/llvm/include -fPIC -fno-semantic-interposition -fvisibility-inlines-hidden -Werror=date-time -Werror=unguarded-availability-new -Wall -Wextra -Wno-unused-parameter -Wwrite-strings -Wcast-qual -Wmissing-field-initializers -pedantic -Wno-long-long -Wc++98-compat-extra-semi -Wimplicit-fallthrough -Wcovered-switch-default -Wno-noexcept-type -Wnon-virtual-dtor -Wdelete-non-virtual-dtor -Wsuggest-override -Wstring-conversion -Wmisleading-indentation -Wctad-maybe-unsupported -fdiagnostics-color -ffunction-sections -fdata-sections -flto=thin  -O3 -DNDEBUG -std=c++17  -fno-exceptions -funwind-tables -fno-rtti -MD -MT lib/Support/CMakeFiles/LLVMSupport.dir/APSInt.cpp.o -MF lib/Support/CMakeFiles/LLVMSupport.dir/APSInt.cpp.o.d -o lib/Support/CMakeFiles/LLVMSupport.dir/APSInt.cpp.o -c /var/llvm-compile-time-tracker/llvm-project/llvm/lib/Support/APSInt.cpp
In file included from /var/llvm-compile-time-tracker/llvm-project/llvm/lib/Support/APSInt.cpp:15:
In file included from /var/llvm-compile-time-tracker/llvm-project/llvm/include/llvm/ADT/FoldingSet.h:19:
In file included from /var/llvm-compile-time-tracker/llvm-project/llvm/include/llvm/ADT/Hashing.h:56:
In file included from /usr/lib/gcc/x86_64-linux-gnu/11/../../../../include/c++/11/string:55:
/usr/lib/gcc/x86_64-linux-gnu/11/../../../../include/c++/11/bits/basic_string.h:415:28: error: expected unqualified-id
  415 |         else if (__d < __gnu_cxx::__numeric_traits<int>::__min)
      |                                   ^
1 error generated.
[13/2846] Building CXX object lib/Support/CMakeFiles/LLVMSupport.dir/APInt.cpp.o
FAILED: lib/Support/CMakeFiles/LLVMSupport.dir/APInt.cpp.o 
/var/llvm-compile-time-tracker/timeit_launcher.sh /tmp/llvm-project-build-stage1/bin/clang++ -DGTEST_HAS_RTTI=0 -D_GNU_SOURCE -D__STDC_CONSTANT_MACROS -D__STDC_FORMAT_MACROS -D__STDC_LIMIT_MACROS -I/tmp/llvm-project-build-stage2/lib/Support -I/var/llvm-compile-time-tracker/llvm-project/llvm/lib/Support -I/tmp/llvm-project-build-stage2/include -I/var/llvm-compile-time-tracker/llvm-project/llvm/include -fPIC -fno-semantic-interposition -fvisibility-inlines-hidden -Werror=date-time -Werror=unguarded-availability-new -Wall -Wextra -Wno-unused-parameter -Wwrite-strings -Wcast-qual -Wmissing-field-initializers -pedantic -Wno-long-long -Wc++98-compat-extra-semi -Wimplicit-fallthrough -Wcovered-switch-default -Wno-noexcept-type -Wnon-virtual-dtor -Wdelete-non-virtual-dtor -Wsuggest-override -Wstring-conversion -Wmisleading-indentation -Wctad-maybe-unsupported -fdiagnostics-color -ffunction-sections -fdata-sections -flto=thin  -O3 -DNDEBUG -std=c++17  -fno-exceptions -funwind-tables -fno-rtti -MD -MT lib/Support/CMakeFiles/LLVMSupport.dir/APInt.cpp.o -MF lib/Support/CMakeFiles/LLVMSupport.dir/APInt.cpp.o.d -o lib/Support/CMakeFiles/LLVMSupport.dir/APInt.cpp.o -c /var/llvm-compile-time-tracker/llvm-project/llvm/lib/Support/APInt.cpp
In file included from /var/llvm-compile-time-tracker/llvm-project/llvm/lib/Support/APInt.cpp:15:
In file included from /var/llvm-compile-time-tracker/llvm-project/llvm/include/llvm/ADT/ArrayRef.h:12:
In file included from /var/llvm-compile-time-tracker/llvm-project/llvm/include/llvm/ADT/Hashing.h:56:
In file included from /usr/lib/gcc/x86_64-linux-gnu/11/../../../../include/c++/11/string:55:
/usr/lib/gcc/x86_64-linux-gnu/11/../../../../include/c++/11/bits/basic_string.h:415:28: error: expected unqualified-id
  415 |         else if (__d < __gnu_cxx::__numeric_traits<int>::__min)
      |                                   ^
In file included from /var/llvm-compile-time-tracker/llvm-project/llvm/lib/Support/APInt.cpp:27:
In file included from /usr/lib/gcc/x86_64-linux-gnu/11/../../../../include/c++/11/cmath:1935:
In file included from /usr/lib/gcc/x86_64-linux-gnu/11/../../../../include/c++/11/bits/specfun.h:49:
/usr/lib/gcc/x86_64-linux-gnu/11/../../../../include/c++/11/tr1/gamma.tcc:124:29: error: expected unqualified-id
  124 |           if (__term < std::numeric_limits<_Tp>::epsilon())
      |                             ^
In file included from /var/llvm-compile-time-tracker/llvm-project/llvm/lib/Support/APInt.cpp:27:
In file included from /usr/lib/gcc/x86_64-linux-gnu/11/../../../../include/c++/11/cmath:1935:
In file included from /usr/lib/gcc/x86_64-linux-gnu/11/../../../../include/c++/11/bits/specfun.h:52:
/usr/lib/gcc/x86_64-linux-gnu/11/../../../../include/c++/11/tr1/ell_integral.tcc:167:29: error: expected unqualified-id
  167 |           if (__term < std::numeric_limits<_Tp>::epsilon())
      |                             ^
/usr/lib/gcc/x86_64-linux-gnu/11/../../../../include/c++/11/tr1/ell_integral.tcc:282:29: error: expected unqualified-id
  282 |           if (__term < std::numeric_limits<_Tp>::epsilon())
      |                             ^
In file included from /var/llvm-compile-time-tracker/llvm-project/llvm/lib/Support/APInt.cpp:27:
In file included from /usr/lib/gcc/x86_64-linux-gnu/11/../../../../include/c++/11/cmath:1935:
In file included from /usr/lib/gcc/x86_64-linux-gnu/11/../../../../include/c++/11/bits/specfun.h:53:
/usr/lib/gcc/x86_64-linux-gnu/11/../../../../include/c++/11/tr1/exp_integral.tcc:301:29: error: expected unqualified-id
  301 |           if (__term < std::numeric_limits<_Tp>::epsilon() * __sum)
      |                             ^
/usr/lib/gcc/x86_64-linux-gnu/11/../../../../include/c++/11/tr1/exp_integral.tcc:332:29: error: expected unqualified-id
  332 |           if (__term < std::numeric_limits<_Tp>::epsilon())
      |                             ^
In file included from /var/llvm-compile-time-tracker/llvm-project/llvm/lib/Support/APInt.cpp:27:
In file included from /usr/lib/gcc/x86_64-linux-gnu/11/../../../../include/c++/11/cmath:1935:
In file included from /usr/lib/gcc/x86_64-linux-gnu/11/../../../../include/c++/11/bits/specfun.h:59:
/usr/lib/gcc/x86_64-linux-gnu/11/../../../../include/c++/11/tr1/riemann_zeta.tcc:91:29: error: expected unqualified-id
   91 |           if (__term < std::numeric_limits<_Tp>::epsilon())
      |                             ^
/usr/lib/gcc/x86_64-linux-gnu/11/../../../../include/c++/11/tr1/riemann_zeta.tcc:269:38: error: expected unqualified-id
  269 |           if (_Tp(1) - __fact < std::numeric_limits<_Tp>::epsilon())
      |                                      ^
8 errors generated.
[14/2846] Building CXX object lib/Support/CMakeFiles/LLVMSupport.dir/AMDGPUMetadata.cpp.o
FAILED: lib/Support/CMakeFiles/LLVMSupport.dir/AMDGPUMetadata.cpp.o 
/var/llvm-compile-time-tracker/timeit_launcher.sh /tmp/llvm-project-build-stage1/bin/clang++ -DGTEST_HAS_RTTI=0 -D_GNU_SOURCE -D__STDC_CONSTANT_MACROS -D__STDC_FORMAT_MACROS -D__STDC_LIMIT_MACROS -I/tmp/llvm-project-build-stage2/lib/Support -I/var/llvm-compile-time-tracker/llvm-project/llvm/lib/Support -I/tmp/llvm-project-build-stage2/include -I/var/llvm-compile-time-tracker/llvm-project/llvm/include -fPIC -fno-semantic-interposition -fvisibility-inlines-hidden -Werror=date-time -Werror=unguarded-availability-new -Wall -Wextra -Wno-unused-parameter -Wwrite-strings -Wcast-qual -Wmissing-field-initializers -pedantic -Wno-long-long -Wc++98-compat-extra-semi -Wimplicit-fallthrough -Wcovered-switch-default -Wno-noexcept-type -Wnon-virtual-dtor -Wdelete-non-virtual-dtor -Wsuggest-override -Wstring-conversion -Wmisleading-indentation -Wctad-maybe-unsupported -fdiagnostics-color -ffunction-sections -fdata-sections -flto=thin  -O3 -DNDEBUG -std=c++17  -fno-exceptions -funwind-tables -fno-rtti -MD -MT lib/Support/CMakeFiles/LLVMSupport.dir/AMDGPUMetadata.cpp.o -MF lib/Support/CMakeFiles/LLVMSupport.dir/AMDGPUMetadata.cpp.o.d -o lib/Support/CMakeFiles/LLVMSupport.dir/AMDGPUMetadata.cpp.o -c /var/llvm-compile-time-tracker/llvm-project/llvm/lib/Support/AMDGPUMetadata.cpp
In file included from /var/llvm-compile-time-tracker/llvm-project/llvm/lib/Support/AMDGPUMetadata.cpp:15:
In file included from /var/llvm-compile-time-tracker/llvm-project/llvm/include/llvm/Support/AMDGPUMetadata.h:18:
In file included from /var/llvm-compile-time-tracker/llvm-project/llvm/include/llvm/ADT/StringRef.h:14:
In file included from /var/llvm-compile-time-tracker/llvm-project/llvm/include/llvm/ADT/iterator_range.h:21:
In file included from /var/llvm-compile-time-tracker/llvm-project/llvm/include/llvm/ADT/ADL.h:13:
In file included from /usr/lib/gcc/x86_64-linux-gnu/11/../../../../include/c++/11/iterator:66:
In file included from /usr/lib/gcc/x86_64-linux-gnu/11/../../../../include/c++/11/bits/streambuf_iterator.h:35:
In file included from /usr/lib/gcc/x86_64-linux-gnu/11/../../../../include/c++/11/streambuf:41:
In file included from /usr/lib/gcc/x86_64-linux-gnu/11/../../../../include/c++/11/bits/ios_base.h:41:
In file included from /usr/lib/gcc/x86_64-linux-gnu/11/../../../../include/c++/11/bits/locale_classes.h:40:
In file included from /usr/lib/gcc/x86_64-linux-gnu/11/../../../../include/c++/11/string:55:
/usr/lib/gcc/x86_64-linux-gnu/11/../../../../include/c++/11/bits/basic_string.h:415:28: error: expected unqualified-id
  415 |         else if (__d < __gnu_cxx::__numeric_traits<int>::__min)
      |                                   ^
1 error generated.
[15/2846] Building CXX object lib/Support/CMakeFiles/LLVMSupport.dir/APFloat.cpp.o
FAILED: lib/Support/CMakeFiles/LLVMSupport.dir/APFloat.cpp.o 
/var/llvm-compile-time-tracker/timeit_launcher.sh /tmp/llvm-project-build-stage1/bin/clang++ -DGTEST_HAS_RTTI=0 -D_GNU_SOURCE -D__STDC_CONSTANT_MACROS -D__STDC_FORMAT_MACROS -D__STDC_LIMIT_MACROS -I/tmp/llvm-project-build-stage2/lib/Support -I/var/llvm-compile-time-tracker/llvm-project/llvm/lib/Support -I/tmp/llvm-project-build-stage2/include -I/var/llvm-compile-time-tracker/llvm-project/llvm/include -fPIC -fno-semantic-interposition -fvisibility-inlines-hidden -Werror=date-time -Werror=unguarded-availability-new -Wall -Wextra -Wno-unused-parameter -Wwrite-strings -Wcast-qual -Wmissing-field-initializers -pedantic -Wno-long-long -Wc++98-compat-extra-semi -Wimplicit-fallthrough -Wcovered-switch-default -Wno-noexcept-type -Wnon-virtual-dtor -Wdelete-non-virtual-dtor -Wsuggest-override -Wstring-conversion -Wmisleading-indentation -Wctad-maybe-unsupported -fdiagnostics-color -ffunction-sections -fdata-sections -flto=thin  -O3 -DNDEBUG -std=c++17  -fno-exceptions -funwind-tables -fno-rtti -MD -MT lib/Support/CMakeFiles/LLVMSupport.dir/APFloat.cpp.o -MF lib/Support/CMakeFiles/LLVMSupport.dir/APFloat.cpp.o.d -o lib/Support/CMakeFiles/LLVMSupport.dir/APFloat.cpp.o -c /var/llvm-compile-time-tracker/llvm-project/llvm/lib/Support/APFloat.cpp
In file included from /var/llvm-compile-time-tracker/llvm-project/llvm/lib/Support/APFloat.cpp:14:
In file included from /var/llvm-compile-time-tracker/llvm-project/llvm/include/llvm/ADT/APFloat.h:19:
In file included from /var/llvm-compile-time-tracker/llvm-project/llvm/include/llvm/ADT/ArrayRef.h:12:
In file included from /var/llvm-compile-time-tracker/llvm-project/llvm/include/llvm/ADT/Hashing.h:56:
In file included from /usr/lib/gcc/x86_64-linux-gnu/11/../../../../include/c++/11/string:55:
/usr/lib/gcc/x86_64-linux-gnu/11/../../../../include/c++/11/bits/basic_string.h:415:28: error: expected unqualified-id
  415 |         else if (__d < __gnu_cxx::__numeric_traits<int>::__min)
      |                                   ^
1 error generated.
[16/2846] Building CXX object lib/Support/CMakeFiles/LLVMSupport.dir/JSON.cpp.o
FAILED: lib/Support/CMakeFiles/LLVMSupport.dir/JSON.cpp.o 
/var/llvm-compile-time-tracker/timeit_launcher.sh /tmp/llvm-project-build-stage1/bin/clang++ -DGTEST_HAS_RTTI=0 -D_GNU_SOURCE -D__STDC_CONSTANT_MACROS -D__STDC_FORMAT_MACROS -D__STDC_LIMIT_MACROS -I/tmp/llvm-project-build-stage2/lib/Support -I/var/llvm-compile-time-tracker/llvm-project/llvm/lib/Support -I/tmp/llvm-project-build-stage2/include -I/var/llvm-compile-time-tracker/llvm-project/llvm/include -fPIC -fno-semantic-interposition -fvisibility-inlines-hidden -Werror=date-time -Werror=unguarded-availability-new -Wall -Wextra -Wno-unused-parameter -Wwrite-strings -Wcast-qual -Wmissing-field-initializers -pedantic -Wno-long-long -Wc++98-compat-extra-semi -Wimplicit-fallthrough -Wcovered-switch-default -Wno-noexcept-type -Wnon-virtual-dtor -Wdelete-non-virtual-dtor -Wsuggest-override -Wstring-conversion -Wmisleading-indentation -Wctad-maybe-unsupported -fdiagnostics-color -ffunction-sections -fdata-sections -flto=thin  -O3 -DNDEBUG -std=c++17  -fno-exceptions -funwind-tables -fno-rtti -MD -MT lib/Support/CMakeFiles/LLVMSupport.dir/JSON.cpp.o -MF lib/Support/CMakeFiles/LLVMSupport.dir/JSON.cpp.o.d -o lib/Support/CMakeFiles/LLVMSupport.dir/JSON.cpp.o -c /var/llvm-compile-time-tracker/llvm-project/llvm/lib/Support/JSON.cpp
In file included from /var/llvm-compile-time-tracker/llvm-project/llvm/lib/Support/JSON.cpp:9:
In file included from /var/llvm-compile-time-tracker/llvm-project/llvm/include/llvm/Support/JSON.h:49:
In file included from /var/llvm-compile-time-tracker/llvm-project/llvm/include/llvm/ADT/DenseMap.h:17:
In file included from /var/llvm-compile-time-tracker/llvm-project/llvm/include/llvm/ADT/ADL.h:13:
In file included from /usr/lib/gcc/x86_64-linux-gnu/11/../../../../include/c++/11/iterator:66:
In file included from /usr/lib/gcc/x86_64-linux-gnu/11/../../../../include/c++/11/bits/streambuf_iterator.h:35:
In file included from /usr/lib/gcc/x86_64-linux-gnu/11/../../../../include/c++/11/streambuf:41:
In file included from /usr/lib/gcc/x86_64-linux-gnu/11/../../../../include/c++/11/bits/ios_base.h:41:
In file included from /usr/lib/gcc/x86_64-linux-gnu/11/../../../../include/c++/11/bits/locale_classes.h:40:
In file included from /usr/lib/gcc/x86_64-linux-gnu/11/../../../../include/c++/11/string:55:
/usr/lib/gcc/x86_64-linux-gnu/11/../../../../include/c++/11/bits/basic_string.h:415:28: error: expected unqualified-id
  415 |         else if (__d < __gnu_cxx::__numeric_traits<int>::__min)
      |                                   ^
In file included from /var/llvm-compile-time-tracker/llvm-project/llvm/lib/Support/JSON.cpp:9:
In file included from /var/llvm-compile-time-tracker/llvm-project/llvm/include/llvm/Support/JSON.h:57:
In file included from /usr/lib/gcc/x86_64-linux-gnu/11/../../../../include/c++/11/cmath:1935:
In file included from /usr/lib/gcc/x86_64-linux-gnu/11/../../../../include/c++/11/bits/specfun.h:49:
/usr/lib/gcc/x86_64-linux-gnu/11/../../../../include/c++/11/tr1/gamma.tcc:124:29: error: expected unqualified-id
  124 |           if (__term < std::numeric_limits<_Tp>::epsilon())
      |                             ^
In file included from /var/llvm-compile-time-tracker/llvm-project/llvm/lib/Support/JSON.cpp:9:
In file included from /var/llvm-compile-time-tracker/llvm-project/llvm/include/llvm/Support/JSON.h:57:
In file included from /usr/lib/gcc/x86_64-linux-gnu/11/../../../../include/c++/11/cmath:1935:
In file included from /usr/lib/gcc/x86_64-linux-gnu/11/../../../../include/c++/11/bits/specfun.h:52:
/usr/lib/gcc/x86_64-linux-gnu/11/../../../../include/c++/11/tr1/ell_integral.tcc:167:29: error: expected unqualified-id
  167 |           if (__term < std::numeric_limits<_Tp>::epsilon())
      |                             ^
/usr/lib/gcc/x86_64-linux-gnu/11/../../../../include/c++/11/tr1/ell_integral.tcc:282:29: error: expected unqualified-id
  282 |           if (__term < std::numeric_limits<_Tp>::epsilon())
      |                             ^
In file included from /var/llvm-compile-time-tracker/llvm-project/llvm/lib/Support/JSON.cpp:9:
In file included from /var/llvm-compile-time-tracker/llvm-project/llvm/include/llvm/Support/JSON.h:57:
In file included from /usr/lib/gcc/x86_64-linux-gnu/11/../../../../include/c++/11/cmath:1935:
In file included from /usr/lib/gcc/x86_64-linux-gnu/11/../../../../include/c++/11/bits/specfun.h:53:
/usr/lib/gcc/x86_64-linux-gnu/11/../../../../include/c++/11/tr1/exp_integral.tcc:301:29: error: expected unqualified-id
  301 |           if (__term < std::numeric_limits<_Tp>::epsilon() * __sum)
      |                             ^
/usr/lib/gcc/x86_64-linux-gnu/11/../../../../include/c++/11/tr1/exp_integral.tcc:332:29: error: expected unqualified-id
  332 |           if (__term < std::numeric_limits<_Tp>::epsilon())
      |                             ^
In file included from /var/llvm-compile-time-tracker/llvm-project/llvm/lib/Support/JSON.cpp:9:
In file included from /var/llvm-compile-time-tracker/llvm-project/llvm/include/llvm/Support/JSON.h:57:
In file included from /usr/lib/gcc/x86_64-linux-gnu/11/../../../../include/c++/11/cmath:1935:
In file included from /usr/lib/gcc/x86_64-linux-gnu/11/../../../../include/c++/11/bits/specfun.h:59:
/usr/lib/gcc/x86_64-linux-gnu/11/../../../../include/c++/11/tr1/riemann_zeta.tcc:91:29: error: expected unqualified-id
   91 |           if (__term < std::numeric_limits<_Tp>::epsilon())
      |                             ^
/usr/lib/gcc/x86_64-linux-gnu/11/../../../../include/c++/11/tr1/riemann_zeta.tcc:269:38: error: expected unqualified-id
  269 |           if (_Tp(1) - __fact < std::numeric_limits<_Tp>::epsilon())
      |                                      ^
8 errors generated.
[17/2846] Building CXX object lib/Support/CMakeFiles/LLVMSupport.dir/ARMAttributeParser.cpp.o
FAILED: lib/Support/CMakeFiles/LLVMSupport.dir/ARMAttributeParser.cpp.o 
/var/llvm-compile-time-tracker/timeit_launcher.sh /tmp/llvm-project-build-stage1/bin/clang++ -DGTEST_HAS_RTTI=0 -D_GNU_SOURCE -D__STDC_CONSTANT_MACROS -D__STDC_FORMAT_MACROS -D__STDC_LIMIT_MACROS -I/tmp/llvm-project-build-stage2/lib/Support -I/var/llvm-compile-time-tracker/llvm-project/llvm/lib/Support -I/tmp/llvm-project-build-stage2/include -I/var/llvm-compile-time-tracker/llvm-project/llvm/include -fPIC -fno-semantic-interposition -fvisibility-inlines-hidden -Werror=date-time -Werror=unguarded-availability-new -Wall -Wextra -Wno-unused-parameter -Wwrite-strings -Wcast-qual -Wmissing-field-initializers -pedantic -Wno-long-long -Wc++98-compat-extra-semi -Wimplicit-fallthrough -Wcovered-switch-default -Wno-noexcept-type -Wnon-virtual-dtor -Wdelete-non-virtual-dtor -Wsuggest-override -Wstring-conversion -Wmisleading-indentation -Wctad-maybe-unsupported -fdiagnostics-color -ffunction-sections -fdata-sections -flto=thin  -O3 -DNDEBUG -std=c++17  -fno-exceptions -funwind-tables -fno-rtti -MD -MT lib/Support/CMakeFiles/LLVMSupport.dir/ARMAttributeParser.cpp.o -MF lib/Support/CMakeFiles/LLVMSupport.dir/ARMAttributeParser.cpp.o.d -o lib/Support/CMakeFiles/LLVMSupport.dir/ARMAttributeParser.cpp.o -c /var/llvm-compile-time-tracker/llvm-project/llvm/lib/Support/ARMAttributeParser.cpp
In file included from /var/llvm-compile-time-tracker/llvm-project/llvm/lib/Support/ARMAttributeParser.cpp:9:
In file included from /var/llvm-compile-time-tracker/llvm-project/llvm/include/llvm/Support/ARMAttributeParser.h:12:
In file included from /var/llvm-compile-time-tracker/llvm-project/llvm/include/llvm/Support/ARMBuildAttributes.h:21:
In file included from /var/llvm-compile-time-tracker/llvm-project/llvm/include/llvm/Support/ELFAttributes.h:12:
In file included from /var/llvm-compile-time-tracker/llvm-project/llvm/include/llvm/ADT/ArrayRef.h:12:
In file included from /var/llvm-compile-time-tracker/llvm-project/llvm/include/llvm/ADT/Hashing.h:56:
In file included from /usr/lib/gcc/x86_64-linux-gnu/11/../../../../include/c++/11/string:55:
/usr/lib/gcc/x86_64-linux-gnu/11/../../../../include/c++/11/bits/basic_string.h:415:28: error: expected unqualified-id
  415 |         else if (__d < __gnu_cxx::__numeric_traits<int>::__min)
      |                                   ^
In file included from /var/llvm-compile-time-tracker/llvm-project/llvm/lib/Support/ARMAttributeParser.cpp:13:
In file included from /var/llvm-compile-time-tracker/llvm-project/llvm/include/llvm/Support/ScopedPrinter.h:19:
In file included from /var/llvm-compile-time-tracker/llvm-project/llvm/include/llvm/Support/JSON.h:57:
In file included from /usr/lib/gcc/x86_64-linux-gnu/11/../../../../include/c++/11/cmath:1935:
In file included from /usr/lib/gcc/x86_64-linux-gnu/11/../../../../include/c++/11/bits/specfun.h:49:
/usr/lib/gcc/x86_64-linux-gnu/11/../../../../include/c++/11/tr1/gamma.tcc:124:29: error: expected unqualified-id
  124 |           if (__term < std::numeric_limits<_Tp>::epsilon())
      |                             ^
In file included from /var/llvm-compile-time-tracker/llvm-project/llvm/lib/Support/ARMAttributeParser.cpp:13:
In file included from /var/llvm-compile-time-tracker/llvm-project/llvm/include/llvm/Support/ScopedPrinter.h:19:
In file included from /var/llvm-compile-time-tracker/llvm-project/llvm/include/llvm/Support/JSON.h:57:
In file included from /usr/lib/gcc/x86_64-linux-gnu/11/../../../../include/c++/11/cmath:1935:
In file included from /usr/lib/gcc/x86_64-linux-gnu/11/../../../../include/c++/11/bits/specfun.h:52:
/usr/lib/gcc/x86_64-linux-gnu/11/../../../../include/c++/11/tr1/ell_integral.tcc:167:29: error: expected unqualified-id
  167 |           if (__term < std::numeric_limits<_Tp>::epsilon())
      |                             ^
/usr/lib/gcc/x86_64-linux-gnu/11/../../../../include/c++/11/tr1/ell_integral.tcc:282:29: error: expected unqualified-id
  282 |           if (__term < std::numeric_limits<_Tp>::epsilon())
      |                             ^
In file included from /var/llvm-compile-time-tracker/llvm-project/llvm/lib/Support/ARMAttributeParser.cpp:13:
In file included from /var/llvm-compile-time-tracker/llvm-project/llvm/include/llvm/Support/ScopedPrinter.h:19:
In file included from /var/llvm-compile-time-tracker/llvm-project/llvm/include/llvm/Support/JSON.h:57:
In file included from /usr/lib/gcc/x86_64-linux-gnu/11/../../../../include/c++/11/cmath:1935:
In file included from /usr/lib/gcc/x86_64-linux-gnu/11/../../../../include/c++/11/bits/specfun.h:53:
/usr/lib/gcc/x86_64-linux-gnu/11/../../../../include/c++/11/tr1/exp_integral.tcc:301:29: error: expected unqualified-id
  301 |           if (__term < std::numeric_limits<_Tp>::epsilon() * __sum)
      |                             ^
/usr/lib/gcc/x86_64-linux-gnu/11/../../../../include/c++/11/tr1/exp_integral.tcc:332:29: error: expected unqualified-id
  332 |           if (__term < std::numeric_limits<_Tp>::epsilon())
      |                             ^
In file included from /var/llvm-compile-time-tracker/llvm-project/llvm/lib/Support/ARMAttributeParser.cpp:13:
In file included from /var/llvm-compile-time-tracker/llvm-project/llvm/include/llvm/Support/ScopedPrinter.h:19:
In file included from /var/llvm-compile-time-tracker/llvm-project/llvm/include/llvm/Support/JSON.h:57:
In file included from /usr/lib/gcc/x86_64-linux-gnu/11/../../../../include/c++/11/cmath:1935:
In file included from /usr/lib/gcc/x86_64-linux-gnu/11/../../../../include/c++/11/bits/specfun.h:59:
/usr/lib/gcc/x86_64-linux-gnu/11/../../../../include/c++/11/tr1/riemann_zeta.tcc:91:29: error: expected unqualified-id
   91 |           if (__term < std::numeric_limits<_Tp>::epsilon())
      |                             ^
/usr/lib/gcc/x86_64-linux-gnu/11/../../../../include/c++/11/tr1/riemann_zeta.tcc:269:38: error: expected unqualified-id
  269 |           if (_Tp(1) - __fact < std::numeric_limits<_Tp>::epsilon())
      |                                      ^
8 errors generated.
ninja: build stopped: subcommand failed.


STDERR:
CMake Deprecation Warning at /var/llvm-compile-time-tracker/llvm-project/clang/CMakeLists.txt:444 (message):
  'CLANG_ENABLE_ARCMT' is deprecated as ARCMigrate has been removed from
  Clang.  Please use 'CLANG_ENABLE_OBJC_REWRITER' instead to enable or
  disable the Objective-C rewriter.


