MESSAGE: Execution of "sudo -u lctt-runner ./build_llvm_project_stage1.sh" failed

STDOUT:
[2274/3177] Building CXX object lib/TextAPI/CMakeFiles/LLVMTextAPI.dir/TextAPIError.cpp.o
[2275/3177] Building CXX object lib/TextAPI/CMakeFiles/LLVMTextAPI.dir/RecordVisitor.cpp.o
[2276/3177] Building CXX object lib/TextAPI/CMakeFiles/LLVMTextAPI.dir/Symbol.cpp.o
[2277/3177] Building CXX object lib/Target/AArch64/MCTargetDesc/CMakeFiles/LLVMAArch64Desc.dir/AArch64MCCodeEmitter.cpp.o
[2278/3177] Building CXX object lib/TargetParser/CMakeFiles/LLVMTargetParser.dir/Triple.cpp.o
[2279/3177] Linking CXX static library lib/libLLVMTargetParser.a
[2280/3177] Linking CXX static library lib/libLLVMBinaryFormat.a
[2281/3177] Building CXX object lib/TextAPI/CMakeFiles/LLVMTextAPI.dir/SymbolSet.cpp.o
[2282/3177] Linking CXX static library lib/libLLVMMC.a
[2283/3177] Linking CXX static library lib/libLLVMCore.a
[2284/3177] Linking CXX static library lib/libLLVMBitReader.a
[2285/3177] Linking CXX static library lib/libLLVMMCParser.a
[2286/3177] Linking CXX static library lib/libLLVMFrontendHLSL.a
[2287/3177] Linking CXX static library lib/libLLVMCFGuard.a
[2288/3177] Building CXX object lib/TextAPI/CMakeFiles/LLVMTextAPI.dir/Target.cpp.o
[2289/3177] Linking CXX static library lib/libLLVMX86Info.a
[2290/3177] Linking CXX static library lib/libLLVMMCDisassembler.a
[2291/3177] Linking CXX static library lib/libLLVMAArch64Info.a
[2292/3177] Linking CXX static library lib/libLLVMDebugInfoDWARFLowLevel.a
[2293/3177] Linking CXX static library lib/libLLVMX86Disassembler.a
[2294/3177] Linking CXX static library lib/libLLVMAsmParser.a
[2295/3177] Linking CXX static library lib/libLLVMX86Desc.a
[2296/3177] Linking CXX static library lib/libLLVMAArch64Utils.a
[2297/3177] Linking CXX static library lib/libLLVMIRReader.a
[2298/3177] Building Options.inc...
[2299/3177] Building Options.inc...
[2300/3177] Linking CXX static library lib/libLLVMX86AsmParser.a
[2301/3177] Building CXX object lib/TextAPI/CMakeFiles/LLVMTextAPI.dir/InterfaceFile.cpp.o
[2302/3177] Building CXX object lib/Target/AArch64/CMakeFiles/LLVMAArch64CodeGen.dir/AArch64TargetMachine.cpp.o
[2303/3177] Building CXX object lib/TextAPI/CMakeFiles/LLVMTextAPI.dir/Utils.cpp.o
[2304/3177] Building CXX object tools/llvm-ar/CMakeFiles/llvm-ar.dir/llvm-ar-driver.cpp.o
[2305/3177] Building Options.inc...
[2306/3177] Building Options.inc...
[2307/3177] Building CXX object lib/TextAPI/CMakeFiles/LLVMTextAPI.dir/TextStubCommon.cpp.o
[2308/3177] Building Options.inc...
[2309/3177] Building Options.inc...
[2310/3177] Building Options.inc...
[2311/3177] Building CXX object lib/TextAPI/CMakeFiles/LLVMTextAPI.dir/RecordsSlice.cpp.o
[2312/3177] Building Options.inc...
[2313/3177] Building CXX object lib/WindowsDriver/CMakeFiles/LLVMWindowsDriver.dir/MSVCPaths.cpp.o
[2314/3177] Building CXX object lib/ToolDrivers/llvm-dlltool/CMakeFiles/LLVMDlltoolDriver.dir/DlltoolDriver.cpp.o
[2315/3177] Building CXX object lib/Passes/CMakeFiles/LLVMPasses.dir/PassBuilderBindings.cpp.o
[2316/3177] Building CXX object lib/Target/AArch64/MCTargetDesc/CMakeFiles/LLVMAArch64Desc.dir/AArch64MCTargetDesc.cpp.o
[2317/3177] Building CXX object lib/ToolDrivers/llvm-lib/CMakeFiles/LLVMLibDriver.dir/LibDriver.cpp.o
[2318/3177] Building CXX object lib/TextAPI/BinaryReader/CMakeFiles/LLVMTextAPIBinaryReader.dir/DylibReader.cpp.o
[2319/3177] Building CXX object lib/TextAPI/CMakeFiles/LLVMTextAPI.dir/TextStubV5.cpp.o
[2320/3177] Linking CXX static library lib/libLLVMWindowsDriver.a
[2321/3177] Linking CXX static library lib/libLLVMAArch64Desc.a
[2322/3177] Linking CXX static library lib/libLLVMAArch64Disassembler.a
[2323/3177] Building CXX object tools/llvm-ar/CMakeFiles/llvm-ar.dir/llvm-ar.cpp.o
[2324/3177] Building CXX object tools/clang/lib/APINotes/CMakeFiles/obj.clangAPINotes.dir/APINotesReader.cpp.o
[2325/3177] Building CXX object tools/clang/lib/APINotes/CMakeFiles/obj.clangAPINotes.dir/APINotesWriter.cpp.o
[2326/3177] Building CXX object tools/clang/lib/APINotes/CMakeFiles/obj.clangAPINotes.dir/APINotesYAMLCompiler.cpp.o
[2327/3177] Building CXX object lib/Target/AArch64/CMakeFiles/LLVMAArch64CodeGen.dir/AArch64TargetTransformInfo.cpp.o
[2328/3177] Building CXX object tools/clang/lib/APINotes/CMakeFiles/obj.clangAPINotes.dir/APINotesTypes.cpp.o
[2329/3177] Generating VCSVersion.inc
[2330/3177] Building CXX object tools/clang/lib/Basic/CMakeFiles/obj.clangBasic.dir/ASTSourceDescriptor.cpp.o
[2331/3177] Building CXX object lib/TextAPI/CMakeFiles/LLVMTextAPI.dir/TextStub.cpp.o
[2332/3177] Linking CXX static library lib/libLLVMTextAPI.a
[2333/3177] Linking CXX static library lib/libLLVMObject.a
[2334/3177] Linking CXX static library lib/libLLVMObjectYAML.a
[2335/3177] Linking CXX static library lib/libLLVMDebugInfoDWARF.a
[2336/3177] Linking CXX static library lib/libLLVMDebugInfoGSYM.a
[2337/3177] Linking CXX static library lib/libLLVMDebugInfoPDB.a
[2338/3177] Linking CXX static library lib/libLLVMSymbolize.a
[2339/3177] Building CXX object tools/clang/lib/Format/CMakeFiles/obj.clangFormat.dir/TokenAnalyzer.cpp.o
[2340/3177] Linking CXX static library lib/libLLVMTextAPIBinaryReader.a
[2341/3177] Linking CXX static library lib/libLLVMProfileData.a
[2342/3177] Linking CXX static library lib/libLLVMDlltoolDriver.a
[2343/3177] Building CXX object tools/clang/lib/Format/CMakeFiles/obj.clangFormat.dir/SortJavaScriptImports.cpp.o
[2344/3177] Linking CXX static library lib/libLLVMCoverage.a
[2345/3177] Linking CXX static library lib/libLLVMAnalysis.a
[2346/3177] Linking CXX static library lib/libLLVMLibDriver.a
[2347/3177] Linking CXX static library lib/libLLVMIRPrinter.a
[2348/3177] Linking CXX static library lib/libLLVMBitWriter.a
[2349/3177] Linking CXX static library lib/libLLVMFrontendAtomic.a
[2350/3177] Linking CXX static library lib/libLLVMCGData.a
[2351/3177] Linking CXX static library lib/libLLVMTarget.a
[2352/3177] Linking CXX static library lib/libLLVMSandboxIR.a
[2353/3177] Linking CXX static library lib/libLLVMTransformUtils.a
[2354/3177] Building CXX object tools/clang/lib/Basic/CMakeFiles/obj.clangBasic.dir/CLWarnings.cpp.o
[2355/3177] Linking CXX static library lib/libLLVMFrontendOffloading.a
[2356/3177] Linking CXX static library lib/libLLVMAggressiveInstCombine.a
[2357/3177] Linking CXX static library lib/libLLVMInstrumentation.a
[2358/3177] Linking CXX static library lib/libLLVMFrontendDriver.a
[2359/3177] Linking CXX static library lib/libLLVMInstCombine.a
[2360/3177] Linking CXX static library lib/libLLVMVectorize.a
[2361/3177] Linking CXX static library lib/libLLVMScalarOpts.a
[2362/3177] Linking CXX static library lib/libLLVMObjCARCOpts.a
[2363/3177] Building CXX object tools/clang/lib/Format/CMakeFiles/obj.clangFormat.dir/UnwrappedLineFormatter.cpp.o
[2364/3177] Linking CXX static library lib/libLLVMFrontendOpenMP.a
[2365/3177] Building CXX object tools/clang/lib/Format/CMakeFiles/obj.clangFormat.dir/UsingDeclarationsSorter.cpp.o
[2366/3177] Linking CXX static library lib/libLLVMHipStdPar.a
[2367/3177] Linking CXX static library lib/libLLVMLinker.a
[2368/3177] Building CXX object tools/clang/lib/Basic/CMakeFiles/obj.clangBasic.dir/CharInfo.cpp.o
[2369/3177] Building CXX object tools/clang/lib/Basic/CMakeFiles/obj.clangBasic.dir/Cuda.cpp.o
[2370/3177] Linking CXX static library lib/libLLVMipo.a
[2371/3177] Linking CXX static library lib/libLLVMCodeGen.a
[2372/3177] Building CXX object tools/clang/lib/Basic/CMakeFiles/obj.clangBasic.dir/Attributes.cpp.o
FAILED: tools/clang/lib/Basic/CMakeFiles/obj.clangBasic.dir/Attributes.cpp.o 
CCACHE_CPP2=yes CCACHE_HASHDIR=yes CCACHE_SLOPPINESS=pch_defines,time_macros /usr/bin/ccache /usr/bin/c++ -DCLANG_EXPORTS -DEXPERIMENTAL_KEY_INSTRUCTIONS -DGTEST_HAS_RTTI=0 -D_GNU_SOURCE -D__STDC_CONSTANT_MACROS -D__STDC_FORMAT_MACROS -D__STDC_LIMIT_MACROS -I/tmp/llvm-project-build-stage1/tools/clang/lib/Basic -I/var/llvm-compile-time-tracker/llvm-project/clang/lib/Basic -I/var/llvm-compile-time-tracker/llvm-project/clang/include -I/tmp/llvm-project-build-stage1/tools/clang/include -I/tmp/llvm-project-build-stage1/include -I/var/llvm-compile-time-tracker/llvm-project/llvm/include -fPIC -fno-semantic-interposition -fvisibility-inlines-hidden -Werror=date-time -Wall -Wextra -Wno-unused-parameter -Wwrite-strings -Wcast-qual -Wno-missing-field-initializers -pedantic -Wno-long-long -Wimplicit-fallthrough -Wno-uninitialized -Wno-nonnull -Wno-class-memaccess -Wno-redundant-move -Wno-pessimizing-move -Wno-noexcept-type -Wdelete-non-virtual-dtor -Wsuggest-override -Wno-comment -Wno-misleading-indentation -Wctad-maybe-unsupported -fdiagnostics-color -ffunction-sections -fdata-sections -fno-common -Woverloaded-virtual -O3 -DNDEBUG  -fno-exceptions -funwind-tables -fno-rtti -std=c++17 -MD -MT tools/clang/lib/Basic/CMakeFiles/obj.clangBasic.dir/Attributes.cpp.o -MF tools/clang/lib/Basic/CMakeFiles/obj.clangBasic.dir/Attributes.cpp.o.d -o tools/clang/lib/Basic/CMakeFiles/obj.clangBasic.dir/Attributes.cpp.o -c /var/llvm-compile-time-tracker/llvm-project/clang/lib/Basic/Attributes.cpp
In file included from /var/llvm-compile-time-tracker/llvm-project/clang/include/clang/Basic/TargetInfo.h:21,
                 from /var/llvm-compile-time-tracker/llvm-project/clang/lib/Basic/Attributes.cpp:19:
/var/llvm-compile-time-tracker/llvm-project/clang/include/clang/Basic/CodeGenOptions.h:60:9: error: declaration of ‘using CFBranchLabelSchemeKind = enum class clang::CFBranchLabelSchemeKind’ changes meaning of ‘CFBranchLabelSchemeKind’ [-fpermissive]
   60 |   using CFBranchLabelSchemeKind = CFBranchLabelSchemeKind;
      |         ^~~~~~~~~~~~~~~~~~~~~~~
In file included from /var/llvm-compile-time-tracker/llvm-project/clang/include/clang/Basic/LangOptions.h:17,
                 from /var/llvm-compile-time-tracker/llvm-project/clang/lib/Basic/Attributes.cpp:16:
/var/llvm-compile-time-tracker/llvm-project/clang/include/clang/Basic/CFProtectionOptions.h:20:12: note: ‘CFBranchLabelSchemeKind’ declared here as ‘enum class clang::CFBranchLabelSchemeKind’
   20 | enum class CFBranchLabelSchemeKind {
      |            ^~~~~~~~~~~~~~~~~~~~~~~
[2373/3177] Linking CXX static library lib/libLLVMCoroutines.a
[2374/3177] Linking CXX static library lib/libLLVMSelectionDAG.a
[2375/3177] Building CXX object tools/clang/lib/Basic/CMakeFiles/obj.clangBasic.dir/Builtins.cpp.o
FAILED: tools/clang/lib/Basic/CMakeFiles/obj.clangBasic.dir/Builtins.cpp.o 
CCACHE_CPP2=yes CCACHE_HASHDIR=yes CCACHE_SLOPPINESS=pch_defines,time_macros /usr/bin/ccache /usr/bin/c++ -DCLANG_EXPORTS -DEXPERIMENTAL_KEY_INSTRUCTIONS -DGTEST_HAS_RTTI=0 -D_GNU_SOURCE -D__STDC_CONSTANT_MACROS -D__STDC_FORMAT_MACROS -D__STDC_LIMIT_MACROS -I/tmp/llvm-project-build-stage1/tools/clang/lib/Basic -I/var/llvm-compile-time-tracker/llvm-project/clang/lib/Basic -I/var/llvm-compile-time-tracker/llvm-project/clang/include -I/tmp/llvm-project-build-stage1/tools/clang/include -I/tmp/llvm-project-build-stage1/include -I/var/llvm-compile-time-tracker/llvm-project/llvm/include -fPIC -fno-semantic-interposition -fvisibility-inlines-hidden -Werror=date-time -Wall -Wextra -Wno-unused-parameter -Wwrite-strings -Wcast-qual -Wno-missing-field-initializers -pedantic -Wno-long-long -Wimplicit-fallthrough -Wno-uninitialized -Wno-nonnull -Wno-class-memaccess -Wno-redundant-move -Wno-pessimizing-move -Wno-noexcept-type -Wdelete-non-virtual-dtor -Wsuggest-override -Wno-comment -Wno-misleading-indentation -Wctad-maybe-unsupported -fdiagnostics-color -ffunction-sections -fdata-sections -fno-common -Woverloaded-virtual -O3 -DNDEBUG  -fno-exceptions -funwind-tables -fno-rtti -std=c++17 -MD -MT tools/clang/lib/Basic/CMakeFiles/obj.clangBasic.dir/Builtins.cpp.o -MF tools/clang/lib/Basic/CMakeFiles/obj.clangBasic.dir/Builtins.cpp.o.d -o tools/clang/lib/Basic/CMakeFiles/obj.clangBasic.dir/Builtins.cpp.o -c /var/llvm-compile-time-tracker/llvm-project/clang/lib/Basic/Builtins.cpp
In file included from /var/llvm-compile-time-tracker/llvm-project/clang/include/clang/Basic/TargetInfo.h:21,
                 from /var/llvm-compile-time-tracker/llvm-project/clang/lib/Basic/Builtins.cpp:17:
/var/llvm-compile-time-tracker/llvm-project/clang/include/clang/Basic/CodeGenOptions.h:60:9: error: declaration of ‘using CFBranchLabelSchemeKind = enum class clang::CFBranchLabelSchemeKind’ changes meaning of ‘CFBranchLabelSchemeKind’ [-fpermissive]
   60 |   using CFBranchLabelSchemeKind = CFBranchLabelSchemeKind;
      |         ^~~~~~~~~~~~~~~~~~~~~~~
In file included from /var/llvm-compile-time-tracker/llvm-project/clang/include/clang/Basic/LangOptions.h:17,
                 from /var/llvm-compile-time-tracker/llvm-project/clang/lib/Basic/Builtins.cpp:16:
/var/llvm-compile-time-tracker/llvm-project/clang/include/clang/Basic/CFProtectionOptions.h:20:12: note: ‘CFBranchLabelSchemeKind’ declared here as ‘enum class clang::CFBranchLabelSchemeKind’
   20 | enum class CFBranchLabelSchemeKind {
      |            ^~~~~~~~~~~~~~~~~~~~~~~
[2376/3177] Building CXX object lib/Target/AArch64/AsmParser/CMakeFiles/LLVMAArch64AsmParser.dir/AArch64AsmParser.cpp.o
[2377/3177] Building CXX object tools/clang/lib/APINotes/CMakeFiles/obj.clangAPINotes.dir/APINotesManager.cpp.o
[2378/3177] Building CXX object tools/clang/lib/Basic/CMakeFiles/obj.clangBasic.dir/CodeGenOptions.cpp.o
FAILED: tools/clang/lib/Basic/CMakeFiles/obj.clangBasic.dir/CodeGenOptions.cpp.o 
CCACHE_CPP2=yes CCACHE_HASHDIR=yes CCACHE_SLOPPINESS=pch_defines,time_macros /usr/bin/ccache /usr/bin/c++ -DCLANG_EXPORTS -DEXPERIMENTAL_KEY_INSTRUCTIONS -DGTEST_HAS_RTTI=0 -D_GNU_SOURCE -D__STDC_CONSTANT_MACROS -D__STDC_FORMAT_MACROS -D__STDC_LIMIT_MACROS -I/tmp/llvm-project-build-stage1/tools/clang/lib/Basic -I/var/llvm-compile-time-tracker/llvm-project/clang/lib/Basic -I/var/llvm-compile-time-tracker/llvm-project/clang/include -I/tmp/llvm-project-build-stage1/tools/clang/include -I/tmp/llvm-project-build-stage1/include -I/var/llvm-compile-time-tracker/llvm-project/llvm/include -fPIC -fno-semantic-interposition -fvisibility-inlines-hidden -Werror=date-time -Wall -Wextra -Wno-unused-parameter -Wwrite-strings -Wcast-qual -Wno-missing-field-initializers -pedantic -Wno-long-long -Wimplicit-fallthrough -Wno-uninitialized -Wno-nonnull -Wno-class-memaccess -Wno-redundant-move -Wno-pessimizing-move -Wno-noexcept-type -Wdelete-non-virtual-dtor -Wsuggest-override -Wno-comment -Wno-misleading-indentation -Wctad-maybe-unsupported -fdiagnostics-color -ffunction-sections -fdata-sections -fno-common -Woverloaded-virtual -O3 -DNDEBUG  -fno-exceptions -funwind-tables -fno-rtti -std=c++17 -MD -MT tools/clang/lib/Basic/CMakeFiles/obj.clangBasic.dir/CodeGenOptions.cpp.o -MF tools/clang/lib/Basic/CMakeFiles/obj.clangBasic.dir/CodeGenOptions.cpp.o.d -o tools/clang/lib/Basic/CMakeFiles/obj.clangBasic.dir/CodeGenOptions.cpp.o -c /var/llvm-compile-time-tracker/llvm-project/clang/lib/Basic/CodeGenOptions.cpp
In file included from /var/llvm-compile-time-tracker/llvm-project/clang/lib/Basic/CodeGenOptions.cpp:9:
/var/llvm-compile-time-tracker/llvm-project/clang/include/clang/Basic/CodeGenOptions.h:60:9: error: declaration of ‘using CFBranchLabelSchemeKind = enum class clang::CFBranchLabelSchemeKind’ changes meaning of ‘CFBranchLabelSchemeKind’ [-fpermissive]
   60 |   using CFBranchLabelSchemeKind = CFBranchLabelSchemeKind;
      |         ^~~~~~~~~~~~~~~~~~~~~~~
In file included from /var/llvm-compile-time-tracker/llvm-project/clang/include/clang/Basic/CodeGenOptions.h:16,
                 from /var/llvm-compile-time-tracker/llvm-project/clang/lib/Basic/CodeGenOptions.cpp:9:
/var/llvm-compile-time-tracker/llvm-project/clang/include/clang/Basic/CFProtectionOptions.h:20:12: note: ‘CFBranchLabelSchemeKind’ declared here as ‘enum class clang::CFBranchLabelSchemeKind’
   20 | enum class CFBranchLabelSchemeKind {
      |            ^~~~~~~~~~~~~~~~~~~~~~~
[2379/3177] Building CXX object tools/clang/lib/Format/CMakeFiles/obj.clangFormat.dir/TokenAnnotator.cpp.o
[2380/3177] Building CXX object tools/clang/lib/Format/CMakeFiles/obj.clangFormat.dir/UnwrappedLineParser.cpp.o
[2381/3177] Building CXX object tools/clang/lib/Format/CMakeFiles/obj.clangFormat.dir/WhitespaceManager.cpp.o
[2382/3177] Building CXX object lib/Target/AArch64/CMakeFiles/LLVMAArch64CodeGen.dir/AArch64ISelLowering.cpp.o
/var/llvm-compile-time-tracker/llvm-project/llvm/lib/Target/AArch64/AArch64ISelLowering.cpp: In function ‘bool shouldLowerTailCallStackArg(const llvm::MachineFunction&, const llvm::CCValAssign&, llvm::SDValue, llvm::ISD::ArgFlagsTy, int)’:
/var/llvm-compile-time-tracker/llvm-project/llvm/lib/Target/AArch64/AArch64ISelLowering.cpp:8836: warning: comparison of integer expressions of different signedness: ‘uint64_t’ {aka ‘long unsigned int’} and ‘int64_t’ {aka ‘long int’} [-Wsign-compare]
 8836 |       if (SizeInBits / 8 != MFI.getObjectSize(FI))
      | 
[2383/3177] Building CXX object tools/clang/lib/Basic/CMakeFiles/obj.clangBasic.dir/DarwinSDKInfo.cpp.o
[2384/3177] Building CXX object tools/clang/lib/Lex/CMakeFiles/obj.clangLex.dir/HeaderSearch.cpp.o
[2385/3177] Building CXX object lib/Passes/CMakeFiles/LLVMPasses.dir/StandardInstrumentations.cpp.o
[2386/3177] Building CXX object tools/gold/CMakeFiles/LLVMgold.dir/gold-plugin.cpp.o
[2387/3177] Building CXX object tools/clang/lib/CodeGen/CMakeFiles/obj.clangCodeGen.dir/CGCUDANV.cpp.o
FAILED: tools/clang/lib/CodeGen/CMakeFiles/obj.clangCodeGen.dir/CGCUDANV.cpp.o 
CCACHE_CPP2=yes CCACHE_HASHDIR=yes CCACHE_SLOPPINESS=pch_defines,time_macros /usr/bin/ccache /usr/bin/c++ -DCLANG_EXPORTS -DEXPERIMENTAL_KEY_INSTRUCTIONS -DGTEST_HAS_RTTI=0 -D_GNU_SOURCE -D__STDC_CONSTANT_MACROS -D__STDC_FORMAT_MACROS -D__STDC_LIMIT_MACROS -I/tmp/llvm-project-build-stage1/tools/clang/lib/CodeGen -I/var/llvm-compile-time-tracker/llvm-project/clang/lib/CodeGen -I/var/llvm-compile-time-tracker/llvm-project/clang/include -I/tmp/llvm-project-build-stage1/tools/clang/include -I/tmp/llvm-project-build-stage1/include -I/var/llvm-compile-time-tracker/llvm-project/llvm/include -fPIC -fno-semantic-interposition -fvisibility-inlines-hidden -Werror=date-time -Wall -Wextra -Wno-unused-parameter -Wwrite-strings -Wcast-qual -Wno-missing-field-initializers -pedantic -Wno-long-long -Wimplicit-fallthrough -Wno-uninitialized -Wno-nonnull -Wno-class-memaccess -Wno-redundant-move -Wno-pessimizing-move -Wno-noexcept-type -Wdelete-non-virtual-dtor -Wsuggest-override -Wno-comment -Wno-misleading-indentation -Wctad-maybe-unsupported -fdiagnostics-color -ffunction-sections -fdata-sections -fno-common -Woverloaded-virtual -O3 -DNDEBUG  -fno-exceptions -funwind-tables -fno-rtti -std=c++17 -MD -MT tools/clang/lib/CodeGen/CMakeFiles/obj.clangCodeGen.dir/CGCUDANV.cpp.o -MF tools/clang/lib/CodeGen/CMakeFiles/obj.clangCodeGen.dir/CGCUDANV.cpp.o.d -o tools/clang/lib/CodeGen/CMakeFiles/obj.clangCodeGen.dir/CGCUDANV.cpp.o -c /var/llvm-compile-time-tracker/llvm-project/clang/lib/CodeGen/CGCUDANV.cpp
In file included from /var/llvm-compile-time-tracker/llvm-project/clang/include/clang/Basic/ProfileList.h:16,
                 from /var/llvm-compile-time-tracker/llvm-project/clang/lib/CodeGen/CodeGenModule.h:28,
                 from /var/llvm-compile-time-tracker/llvm-project/clang/lib/CodeGen/CodeGenFunction.h:19,
                 from /var/llvm-compile-time-tracker/llvm-project/clang/lib/CodeGen/CGCXXABI.h:17,
                 from /var/llvm-compile-time-tracker/llvm-project/clang/lib/CodeGen/CGCUDANV.cpp:15:
/var/llvm-compile-time-tracker/llvm-project/clang/include/clang/Basic/CodeGenOptions.h:60:9: error: declaration of ‘using CFBranchLabelSchemeKind = enum class clang::CFBranchLabelSchemeKind’ changes meaning of ‘CFBranchLabelSchemeKind’ [-fpermissive]
   60 |   using CFBranchLabelSchemeKind = CFBranchLabelSchemeKind;
      |         ^~~~~~~~~~~~~~~~~~~~~~~
In file included from /var/llvm-compile-time-tracker/llvm-project/clang/include/clang/Basic/LangOptions.h:17,
                 from /var/llvm-compile-time-tracker/llvm-project/clang/include/clang/AST/Type.h:28,
                 from /var/llvm-compile-time-tracker/llvm-project/clang/include/clang/AST/DeclarationName.h:16,
                 from /var/llvm-compile-time-tracker/llvm-project/clang/include/clang/AST/DeclBase.h:19,
                 from /var/llvm-compile-time-tracker/llvm-project/clang/include/clang/AST/Decl.h:20,
                 from /var/llvm-compile-time-tracker/llvm-project/clang/include/clang/AST/Attr.h:18,
                 from /var/llvm-compile-time-tracker/llvm-project/clang/include/clang/AST/GlobalDecl.h:17,
                 from /var/llvm-compile-time-tracker/llvm-project/clang/lib/CodeGen/CGCUDARuntime.h:18,
                 from /var/llvm-compile-time-tracker/llvm-project/clang/lib/CodeGen/CGCUDANV.cpp:14:
/var/llvm-compile-time-tracker/llvm-project/clang/include/clang/Basic/CFProtectionOptions.h:20:12: note: ‘CFBranchLabelSchemeKind’ declared here as ‘enum class clang::CFBranchLabelSchemeKind’
   20 | enum class CFBranchLabelSchemeKind {
      |            ^~~~~~~~~~~~~~~~~~~~~~~
[2388/3177] Building CXX object tools/clang/lib/CodeGen/CMakeFiles/obj.clangCodeGen.dir/CGCXX.cpp.o
FAILED: tools/clang/lib/CodeGen/CMakeFiles/obj.clangCodeGen.dir/CGCXX.cpp.o 
CCACHE_CPP2=yes CCACHE_HASHDIR=yes CCACHE_SLOPPINESS=pch_defines,time_macros /usr/bin/ccache /usr/bin/c++ -DCLANG_EXPORTS -DEXPERIMENTAL_KEY_INSTRUCTIONS -DGTEST_HAS_RTTI=0 -D_GNU_SOURCE -D__STDC_CONSTANT_MACROS -D__STDC_FORMAT_MACROS -D__STDC_LIMIT_MACROS -I/tmp/llvm-project-build-stage1/tools/clang/lib/CodeGen -I/var/llvm-compile-time-tracker/llvm-project/clang/lib/CodeGen -I/var/llvm-compile-time-tracker/llvm-project/clang/include -I/tmp/llvm-project-build-stage1/tools/clang/include -I/tmp/llvm-project-build-stage1/include -I/var/llvm-compile-time-tracker/llvm-project/llvm/include -fPIC -fno-semantic-interposition -fvisibility-inlines-hidden -Werror=date-time -Wall -Wextra -Wno-unused-parameter -Wwrite-strings -Wcast-qual -Wno-missing-field-initializers -pedantic -Wno-long-long -Wimplicit-fallthrough -Wno-uninitialized -Wno-nonnull -Wno-class-memaccess -Wno-redundant-move -Wno-pessimizing-move -Wno-noexcept-type -Wdelete-non-virtual-dtor -Wsuggest-override -Wno-comment -Wno-misleading-indentation -Wctad-maybe-unsupported -fdiagnostics-color -ffunction-sections -fdata-sections -fno-common -Woverloaded-virtual -O3 -DNDEBUG  -fno-exceptions -funwind-tables -fno-rtti -std=c++17 -MD -MT tools/clang/lib/CodeGen/CMakeFiles/obj.clangCodeGen.dir/CGCXX.cpp.o -MF tools/clang/lib/CodeGen/CMakeFiles/obj.clangCodeGen.dir/CGCXX.cpp.o.d -o tools/clang/lib/CodeGen/CMakeFiles/obj.clangCodeGen.dir/CGCXX.cpp.o -c /var/llvm-compile-time-tracker/llvm-project/clang/lib/CodeGen/CGCXX.cpp
In file included from /var/llvm-compile-time-tracker/llvm-project/clang/include/clang/Basic/ProfileList.h:16,
                 from /var/llvm-compile-time-tracker/llvm-project/clang/lib/CodeGen/CodeGenModule.h:28,
                 from /var/llvm-compile-time-tracker/llvm-project/clang/lib/CodeGen/CodeGenFunction.h:19,
                 from /var/llvm-compile-time-tracker/llvm-project/clang/lib/CodeGen/CGCXXABI.h:17,
                 from /var/llvm-compile-time-tracker/llvm-project/clang/lib/CodeGen/CGCXX.cpp:15:
/var/llvm-compile-time-tracker/llvm-project/clang/include/clang/Basic/CodeGenOptions.h:60:9: error: declaration of ‘using CFBranchLabelSchemeKind = enum class clang::CFBranchLabelSchemeKind’ changes meaning of ‘CFBranchLabelSchemeKind’ [-fpermissive]
   60 |   using CFBranchLabelSchemeKind = CFBranchLabelSchemeKind;
      |         ^~~~~~~~~~~~~~~~~~~~~~~
In file included from /var/llvm-compile-time-tracker/llvm-project/clang/include/clang/Basic/LangOptions.h:17,
                 from /var/llvm-compile-time-tracker/llvm-project/clang/include/clang/AST/Type.h:28,
                 from /var/llvm-compile-time-tracker/llvm-project/clang/lib/CodeGen/CGPointerAuthInfo.h:16,
                 from /var/llvm-compile-time-tracker/llvm-project/clang/lib/CodeGen/Address.h:17,
                 from /var/llvm-compile-time-tracker/llvm-project/clang/lib/CodeGen/CGBuilder.h:12,
                 from /var/llvm-compile-time-tracker/llvm-project/clang/lib/CodeGen/CodeGenFunction.h:16,
                 from /var/llvm-compile-time-tracker/llvm-project/clang/lib/CodeGen/CGCXXABI.h:17,
                 from /var/llvm-compile-time-tracker/llvm-project/clang/lib/CodeGen/CGCXX.cpp:15:
/var/llvm-compile-time-tracker/llvm-project/clang/include/clang/Basic/CFProtectionOptions.h:20:12: note: ‘CFBranchLabelSchemeKind’ declared here as ‘enum class clang::CFBranchLabelSchemeKind’
   20 | enum class CFBranchLabelSchemeKind {
      |            ^~~~~~~~~~~~~~~~~~~~~~~
[2389/3177] Building CXX object lib/Passes/CMakeFiles/LLVMPasses.dir/PassBuilderPipelines.cpp.o
ninja: build stopped: subcommand failed.


STDERR:
CMake Deprecation Warning at /var/llvm-compile-time-tracker/llvm-project/clang/CMakeLists.txt:450 (message):
  'CLANG_ENABLE_ARCMT' is deprecated as ARCMigrate has been removed from
  Clang.  Please use 'CLANG_ENABLE_OBJC_REWRITER' instead to enable or
  disable the Objective-C rewriter.


Command exited with non-zero status 1
4365.56user 221.51system 4:49.79elapsed 1582%CPU (0avgtext+0avgdata 2390168maxresident)k
120inputs+11359088outputs (3170major+136203528minor)pagefaults 0swaps
