MESSAGE: Execution of "./build_llvm_project.sh" failed

STDOUT:
  986 |   };
      |    ^
      |    -
[1075/3143] Building CXX object lib/Analysis/CMakeFiles/LLVMAnalysis.dir/ReplayInlineAdvisor.cpp.o
[1076/3143] Building CXX object lib/Analysis/CMakeFiles/LLVMAnalysis.dir/LoopAnalysisManager.cpp.o
[1077/3143] Building CXX object lib/Analysis/CMakeFiles/LLVMAnalysis.dir/LoopUnrollAnalyzer.cpp.o
In file included from /root/llvm-compile-time-tracker/llvm-project/llvm/include/llvm/IR/Constants.h:23,
                 from /root/llvm-compile-time-tracker/llvm-project/llvm/include/llvm/IR/IntrinsicInst.h:26,
                 from /root/llvm-compile-time-tracker/llvm-project/llvm/include/llvm/IR/InstVisitor.h:15,
                 from /root/llvm-compile-time-tracker/llvm-project/llvm/include/llvm/Analysis/LoopUnrollAnalyzer.h:21,
                 from /root/llvm-compile-time-tracker/llvm-project/llvm/lib/Analysis/LoopUnrollAnalyzer.cpp:15:
/root/llvm-compile-time-tracker/llvm-project/llvm/include/llvm/ADT/APFloat.h:986:4: warning: extra ‘;’ [-Wpedantic]
  986 |   };
      |    ^
      |    -
[1078/3143] Building CXX object lib/Analysis/CMakeFiles/LLVMAnalysis.dir/InstructionSimplify.cpp.o
In file included from /root/llvm-compile-time-tracker/llvm-project/llvm/include/llvm/IR/PatternMatch.h:31,
                 from /root/llvm-compile-time-tracker/llvm-project/llvm/include/llvm/Analysis/InstructionSimplify.h:38,
                 from /root/llvm-compile-time-tracker/llvm-project/llvm/lib/Analysis/InstructionSimplify.cpp:19:
/root/llvm-compile-time-tracker/llvm-project/llvm/include/llvm/ADT/APFloat.h:986:4: warning: extra ‘;’ [-Wpedantic]
  986 |   };
      |    ^
      |    -
[1079/3143] Building CXX object lib/Analysis/CMakeFiles/LLVMAnalysis.dir/ScalarEvolutionAliasAnalysis.cpp.o
In file included from /root/llvm-compile-time-tracker/llvm-project/llvm/include/llvm/IR/Constants.h:23,
                 from /root/llvm-compile-time-tracker/llvm-project/llvm/include/llvm/Analysis/ScalarEvolutionExpressions.h:21,
                 from /root/llvm-compile-time-tracker/llvm-project/llvm/lib/Analysis/ScalarEvolutionAliasAnalysis.cpp:23:
/root/llvm-compile-time-tracker/llvm-project/llvm/include/llvm/ADT/APFloat.h:986:4: warning: extra ‘;’ [-Wpedantic]
  986 |   };
      |    ^
      |    -
[1080/3143] Building CXX object lib/Analysis/CMakeFiles/LLVMAnalysis.dir/StackLifetime.cpp.o
In file included from /root/llvm-compile-time-tracker/llvm-project/llvm/include/llvm/IR/Constants.h:23,
                 from /root/llvm-compile-time-tracker/llvm-project/llvm/include/llvm/Analysis/ValueTracking.h:20,
                 from /root/llvm-compile-time-tracker/llvm-project/llvm/lib/Analysis/StackLifetime.cpp:14:
/root/llvm-compile-time-tracker/llvm-project/llvm/include/llvm/ADT/APFloat.h:986:4: warning: extra ‘;’ [-Wpedantic]
  986 |   };
      |    ^
      |    -
[1081/3143] Building CXX object lib/Analysis/CMakeFiles/LLVMAnalysis.dir/LoopAccessAnalysis.cpp.o
In file included from /root/llvm-compile-time-tracker/llvm-project/llvm/include/llvm/IR/Constants.h:23,
                 from /root/llvm-compile-time-tracker/llvm-project/llvm/include/llvm/Analysis/ScalarEvolutionExpressions.h:21,
                 from /root/llvm-compile-time-tracker/llvm-project/llvm/include/llvm/Analysis/LoopAccessAnalysis.h:19,
                 from /root/llvm-compile-time-tracker/llvm-project/llvm/lib/Analysis/LoopAccessAnalysis.cpp:14:
/root/llvm-compile-time-tracker/llvm-project/llvm/include/llvm/ADT/APFloat.h:986:4: warning: extra ‘;’ [-Wpedantic]
  986 |   };
      |    ^
      |    -
[1082/3143] Building CXX object lib/Analysis/CMakeFiles/LLVMAnalysis.dir/SyncDependenceAnalysis.cpp.o
[1083/3143] Building CXX object lib/Analysis/CMakeFiles/LLVMAnalysis.dir/SyntheticCountsUtils.cpp.o
[1084/3143] Building CXX object lib/Analysis/CMakeFiles/LLVMAnalysis.dir/TFUtils.cpp.o
[1085/3143] Building CXX object lib/Analysis/CMakeFiles/LLVMAnalysis.dir/TFLiteUtils.cpp.o
[1086/3143] Building CXX object lib/Analysis/CMakeFiles/LLVMAnalysis.dir/TargetLibraryInfo.cpp.o
In file included from /root/llvm-compile-time-tracker/llvm-project/llvm/include/llvm/IR/Constants.h:23,
                 from /root/llvm-compile-time-tracker/llvm-project/llvm/lib/Analysis/TargetLibraryInfo.cpp:15:
/root/llvm-compile-time-tracker/llvm-project/llvm/include/llvm/ADT/APFloat.h:986:4: warning: extra ‘;’ [-Wpedantic]
  986 |   };
      |    ^
      |    -
[1087/3143] Building CXX object lib/Analysis/CMakeFiles/LLVMAnalysis.dir/ScalarEvolutionDivision.cpp.o
In file included from /root/llvm-compile-time-tracker/llvm-project/llvm/include/llvm/IR/Constants.h:23,
                 from /root/llvm-compile-time-tracker/llvm-project/llvm/include/llvm/Analysis/ScalarEvolutionExpressions.h:21,
                 from /root/llvm-compile-time-tracker/llvm-project/llvm/include/llvm/Analysis/ScalarEvolutionDivision.h:16,
                 from /root/llvm-compile-time-tracker/llvm-project/llvm/lib/Analysis/ScalarEvolutionDivision.cpp:13:
/root/llvm-compile-time-tracker/llvm-project/llvm/include/llvm/ADT/APFloat.h:986:4: warning: extra ‘;’ [-Wpedantic]
  986 |   };
      |    ^
      |    -
[1088/3143] Building CXX object lib/Analysis/CMakeFiles/LLVMAnalysis.dir/ScalarEvolution.cpp.o
FAILED: lib/Analysis/CMakeFiles/LLVMAnalysis.dir/ScalarEvolution.cpp.o 
CCACHE_CPP2=yes CCACHE_HASHDIR=yes /usr/bin/ccache /usr/bin/c++  -DGTEST_HAS_RTTI=0 -D_GNU_SOURCE -D__STDC_CONSTANT_MACROS -D__STDC_FORMAT_MACROS -D__STDC_LIMIT_MACROS -Ilib/Analysis -I/root/llvm-compile-time-tracker/llvm-project/llvm/lib/Analysis -Iinclude -I/root/llvm-compile-time-tracker/llvm-project/llvm/include -fPIC -fno-semantic-interposition -fvisibility-inlines-hidden -Werror=date-time -Wall -Wextra -Wno-unused-parameter -Wwrite-strings -Wcast-qual -Wno-missing-field-initializers -pedantic -Wno-long-long -Wimplicit-fallthrough -Wno-maybe-uninitialized -Wno-class-memaccess -Wno-redundant-move -Wno-pessimizing-move -Wno-noexcept-type -Wdelete-non-virtual-dtor -Wsuggest-override -Wno-comment -Wno-misleading-indentation -fdiagnostics-color -ffunction-sections -fdata-sections -O3 -DNDEBUG    -fno-exceptions -fno-rtti -std=c++17 -MD -MT lib/Analysis/CMakeFiles/LLVMAnalysis.dir/ScalarEvolution.cpp.o -MF lib/Analysis/CMakeFiles/LLVMAnalysis.dir/ScalarEvolution.cpp.o.d -o lib/Analysis/CMakeFiles/LLVMAnalysis.dir/ScalarEvolution.cpp.o -c /root/llvm-compile-time-tracker/llvm-project/llvm/lib/Analysis/ScalarEvolution.cpp
In file included from /root/llvm-compile-time-tracker/llvm-project/llvm/include/llvm/IR/PatternMatch.h:31,
                 from /root/llvm-compile-time-tracker/llvm-project/llvm/include/llvm/Analysis/InstructionSimplify.h:38,
                 from /root/llvm-compile-time-tracker/llvm-project/llvm/lib/Analysis/ScalarEvolution.cpp:79:
/root/llvm-compile-time-tracker/llvm-project/llvm/include/llvm/ADT/APFloat.h:986:4: warning: extra ‘;’ [-Wpedantic]
  986 |   };
      |    ^
      |    -
/root/llvm-compile-time-tracker/llvm-project/llvm/lib/Analysis/ScalarEvolution.cpp: In member function ‘const llvm::SCEV* llvm::ScalarEvolution::getSignExtendExpr(const llvm::SCEV*, llvm::Type*, unsigned int)’:
/root/llvm-compile-time-tracker/llvm-project/llvm/lib/Analysis/ScalarEvolution.cpp:1940:6: error: ‘class llvm::FoldID’ has no member named ‘AddInteger’; did you mean ‘addInteger’?
 1940 |   ID.AddInteger(scSignExtend);
      |      ^~~~~~~~~~
      |      addInteger
/root/llvm-compile-time-tracker/llvm-project/llvm/lib/Analysis/ScalarEvolution.cpp:1941:6: error: ‘class llvm::FoldID’ has no member named ‘AddPointer’; did you mean ‘addPointer’?
 1941 |   ID.AddPointer(Op);
      |      ^~~~~~~~~~
      |      addPointer
/root/llvm-compile-time-tracker/llvm-project/llvm/lib/Analysis/ScalarEvolution.cpp:1942:6: error: ‘class llvm::FoldID’ has no member named ‘AddPointer’; did you mean ‘addPointer’?
 1942 |   ID.AddPointer(Ty);
      |      ^~~~~~~~~~
      |      addPointer
[1089/3143] Building CXX object lib/Analysis/CMakeFiles/LLVMAnalysis.dir/ScalarEvolutionNormalization.cpp.o
In file included from /root/llvm-compile-time-tracker/llvm-project/llvm/include/llvm/IR/Constants.h:23,
                 from /root/llvm-compile-time-tracker/llvm-project/llvm/include/llvm/Analysis/ScalarEvolutionExpressions.h:21,
                 from /root/llvm-compile-time-tracker/llvm-project/llvm/lib/Analysis/ScalarEvolutionNormalization.cpp:17:
/root/llvm-compile-time-tracker/llvm-project/llvm/include/llvm/ADT/APFloat.h:986:4: warning: extra ‘;’ [-Wpedantic]
  986 |   };
      |    ^
      |    -
[1090/3143] Building CXX object lib/Analysis/CMakeFiles/LLVMAnalysis.dir/LoopInfo.cpp.o
In file included from /root/llvm-compile-time-tracker/llvm-project/llvm/include/llvm/IR/Constants.h:23,
                 from /root/llvm-compile-time-tracker/llvm-project/llvm/include/llvm/IR/IntrinsicInst.h:26,
                 from /root/llvm-compile-time-tracker/llvm-project/llvm/include/llvm/Analysis/IVDescriptors.h:19,
                 from /root/llvm-compile-time-tracker/llvm-project/llvm/lib/Analysis/LoopInfo.cpp:19:
/root/llvm-compile-time-tracker/llvm-project/llvm/include/llvm/ADT/APFloat.h:986:4: warning: extra ‘;’ [-Wpedantic]
  986 |   };
      |    ^
      |    -
[1091/3143] Building CXX object lib/Analysis/CMakeFiles/LLVMAnalysis.dir/TensorSpec.cpp.o
[1092/3143] Building CXX object lib/Analysis/CMakeFiles/LLVMAnalysis.dir/TargetTransformInfo.cpp.o
In file included from /root/llvm-compile-time-tracker/llvm-project/llvm/include/llvm/IR/Constants.h:23,
                 from /root/llvm-compile-time-tracker/llvm-project/llvm/include/llvm/Analysis/ScalarEvolutionExpressions.h:21,
                 from /root/llvm-compile-time-tracker/llvm-project/llvm/include/llvm/Analysis/TargetTransformInfoImpl.h:17,
                 from /root/llvm-compile-time-tracker/llvm-project/llvm/lib/Analysis/TargetTransformInfo.cpp:12:
/root/llvm-compile-time-tracker/llvm-project/llvm/include/llvm/ADT/APFloat.h:986:4: warning: extra ‘;’ [-Wpedantic]
  986 |   };
      |    ^
      |    -
[1093/3143] Building CXX object lib/Analysis/CMakeFiles/LLVMAnalysis.dir/StackSafetyAnalysis.cpp.o
In file included from /root/llvm-compile-time-tracker/llvm-project/llvm/include/llvm/IR/Constants.h:23,
                 from /root/llvm-compile-time-tracker/llvm-project/llvm/include/llvm/IR/IntrinsicInst.h:26,
                 from /root/llvm-compile-time-tracker/llvm-project/llvm/lib/Analysis/StackSafetyAnalysis.cpp:25:
/root/llvm-compile-time-tracker/llvm-project/llvm/include/llvm/ADT/APFloat.h:986:4: warning: extra ‘;’ [-Wpedantic]
  986 |   };
      |    ^
      |    -
ninja: build stopped: subcommand failed.


STDERR:
Command exited with non-zero status 1
642.11user 25.78system 1:54.26elapsed 584%CPU (0avgtext+0avgdata 1155232maxresident)k
0inputs+1427312outputs (16major+14530634minor)pagefaults 0swaps
