MESSAGE: Execution of "sudo -u lctt-runner ./build_llvm_project_stage1.sh" failed

STDOUT:
[1526/3180] Building CXX object lib/MC/MCParser/CMakeFiles/LLVMMCParser.dir/COFFMasmParser.cpp.o
[1527/3180] Building CXX object lib/MC/MCParser/CMakeFiles/LLVMMCParser.dir/GOFFAsmParser.cpp.o
[1528/3180] Building CXX object lib/MC/MCParser/CMakeFiles/LLVMMCParser.dir/DarwinAsmParser.cpp.o
[1529/3180] Building CXX object lib/MC/MCParser/CMakeFiles/LLVMMCParser.dir/ELFAsmParser.cpp.o
[1530/3180] Building CXX object lib/MC/MCParser/CMakeFiles/LLVMMCParser.dir/MCAsmParser.cpp.o
[1531/3180] Building CXX object lib/MC/MCParser/CMakeFiles/LLVMMCParser.dir/MCAsmParserExtension.cpp.o
[1532/3180] Building CXX object lib/MC/MCParser/CMakeFiles/LLVMMCParser.dir/MCTargetAsmParser.cpp.o
[1533/3180] Building CXX object lib/MC/MCParser/CMakeFiles/LLVMMCParser.dir/MasmParser.cpp.o
[1534/3180] Building CXX object lib/MC/MCParser/CMakeFiles/LLVMMCParser.dir/WasmAsmParser.cpp.o
[1535/3180] Building CXX object lib/MC/MCParser/CMakeFiles/LLVMMCParser.dir/XCOFFAsmParser.cpp.o
[1536/3180] Building CXX object lib/MC/MCDisassembler/CMakeFiles/LLVMMCDisassembler.dir/Disassembler.cpp.o
[1537/3180] Building CXX object lib/MC/MCDisassembler/CMakeFiles/LLVMMCDisassembler.dir/MCDisassembler.cpp.o
[1538/3180] Building CXX object lib/MC/MCDisassembler/CMakeFiles/LLVMMCDisassembler.dir/MCExternalSymbolizer.cpp.o
[1539/3180] Building CXX object lib/MC/MCDisassembler/CMakeFiles/LLVMMCDisassembler.dir/MCRelocationInfo.cpp.o
[1540/3180] Building CXX object lib/MC/MCDisassembler/CMakeFiles/LLVMMCDisassembler.dir/MCSymbolizer.cpp.o
[1541/3180] Building CXX object lib/Object/CMakeFiles/LLVMObject.dir/Archive.cpp.o
[1542/3180] Building CXX object lib/Object/CMakeFiles/LLVMObject.dir/ArchiveWriter.cpp.o
[1543/3180] Building CXX object lib/Object/CMakeFiles/LLVMObject.dir/Binary.cpp.o
[1544/3180] Building CXX object lib/Object/CMakeFiles/LLVMObject.dir/BuildID.cpp.o
[1545/3180] Building CXX object lib/Object/CMakeFiles/LLVMObject.dir/COFFImportFile.cpp.o
[1546/3180] Building CXX object lib/Object/CMakeFiles/LLVMObject.dir/COFFModuleDefinition.cpp.o
[1547/3180] Building CXX object lib/Object/CMakeFiles/LLVMObject.dir/COFFObjectFile.cpp.o
[1548/3180] Building CXX object lib/Object/CMakeFiles/LLVMObject.dir/Decompressor.cpp.o
[1549/3180] Building CXX object lib/Object/CMakeFiles/LLVMObject.dir/DXContainer.cpp.o
[1550/3180] Building CXX object lib/Object/CMakeFiles/LLVMObject.dir/ELF.cpp.o
[1551/3180] Building CXX object lib/Object/CMakeFiles/LLVMObject.dir/ELFObjectFile.cpp.o
[1552/3180] Building CXX object lib/Object/CMakeFiles/LLVMObject.dir/Error.cpp.o
[1553/3180] Building CXX object lib/Object/CMakeFiles/LLVMObject.dir/GOFFObjectFile.cpp.o
[1554/3180] Building CXX object lib/Object/CMakeFiles/LLVMObject.dir/FaultMapParser.cpp.o
[1555/3180] Building CXX object lib/Object/CMakeFiles/LLVMObject.dir/IRObjectFile.cpp.o
[1556/3180] Building CXX object lib/Object/CMakeFiles/LLVMObject.dir/IRSymtab.cpp.o
[1557/3180] Building CXX object lib/Object/CMakeFiles/LLVMObject.dir/MachOObjectFile.cpp.o
[1558/3180] Building CXX object lib/Object/CMakeFiles/LLVMObject.dir/MachOUniversal.cpp.o
[1559/3180] Building CXX object lib/Object/CMakeFiles/LLVMObject.dir/Minidump.cpp.o
[1560/3180] Building CXX object lib/Object/CMakeFiles/LLVMObject.dir/ModuleSymbolTable.cpp.o
[1561/3180] Building CXX object lib/Object/CMakeFiles/LLVMObject.dir/Object.cpp.o
[1562/3180] Building CXX object lib/Object/CMakeFiles/LLVMObject.dir/ObjectFile.cpp.o
[1563/3180] Building CXX object lib/Object/CMakeFiles/LLVMObject.dir/OffloadBinary.cpp.o
[1564/3180] Building CXX object lib/Object/CMakeFiles/LLVMObject.dir/OffloadBundle.cpp.o
[1565/3180] Building CXX object lib/Object/CMakeFiles/LLVMObject.dir/RecordStreamer.cpp.o
[1566/3180] Building CXX object lib/Object/CMakeFiles/LLVMObject.dir/RelocationResolver.cpp.o
[1567/3180] Building CXX object lib/Object/CMakeFiles/LLVMObject.dir/SymbolicFile.cpp.o
[1568/3180] Building CXX object lib/Object/CMakeFiles/LLVMObject.dir/SymbolSize.cpp.o
[1569/3180] Building CXX object lib/Object/CMakeFiles/LLVMObject.dir/TapiFile.cpp.o
[1570/3180] Building CXX object lib/Object/CMakeFiles/LLVMObject.dir/TapiUniversal.cpp.o
[1571/3180] Building CXX object lib/Object/CMakeFiles/LLVMObject.dir/MachOUniversalWriter.cpp.o
[1572/3180] Building CXX object lib/Object/CMakeFiles/LLVMObject.dir/WasmObjectFile.cpp.o
[1573/3180] Building CXX object lib/Object/CMakeFiles/LLVMObject.dir/WindowsMachineFlag.cpp.o
[1574/3180] Building CXX object lib/Object/CMakeFiles/LLVMObject.dir/WindowsResource.cpp.o
[1575/3180] Building CXX object lib/ObjectYAML/CMakeFiles/LLVMObjectYAML.dir/ArchiveEmitter.cpp.o
[1576/3180] Building CXX object lib/Object/CMakeFiles/LLVMObject.dir/XCOFFObjectFile.cpp.o
[1577/3180] Building CXX object lib/ObjectYAML/CMakeFiles/LLVMObjectYAML.dir/ArchiveYAML.cpp.o
[1578/3180] Building CXX object lib/ObjectYAML/CMakeFiles/LLVMObjectYAML.dir/CodeViewYAMLDebugSections.cpp.o
[1579/3180] Building CXX object lib/ObjectYAML/CMakeFiles/LLVMObjectYAML.dir/CodeViewYAMLSymbols.cpp.o
[1580/3180] Building CXX object lib/ObjectYAML/CMakeFiles/LLVMObjectYAML.dir/CodeViewYAMLTypeHashing.cpp.o
[1581/3180] Building CXX object lib/ObjectYAML/CMakeFiles/LLVMObjectYAML.dir/CodeViewYAMLTypes.cpp.o
[1582/3180] Building CXX object lib/ObjectYAML/CMakeFiles/LLVMObjectYAML.dir/COFFEmitter.cpp.o
[1583/3180] Building CXX object lib/ObjectYAML/CMakeFiles/LLVMObjectYAML.dir/COFFYAML.cpp.o
[1584/3180] Building CXX object lib/ObjectYAML/CMakeFiles/LLVMObjectYAML.dir/DWARFEmitter.cpp.o
[1585/3180] Building CXX object lib/ObjectYAML/CMakeFiles/LLVMObjectYAML.dir/DWARFYAML.cpp.o
[1586/3180] Building CXX object lib/ObjectYAML/CMakeFiles/LLVMObjectYAML.dir/DXContainerEmitter.cpp.o
[1587/3180] Building CXX object lib/ObjectYAML/CMakeFiles/LLVMObjectYAML.dir/DXContainerYAML.cpp.o
[1588/3180] Building CXX object lib/ObjectYAML/CMakeFiles/LLVMObjectYAML.dir/ELFEmitter.cpp.o
[1589/3180] Building CXX object lib/ObjectYAML/CMakeFiles/LLVMObjectYAML.dir/ELFYAML.cpp.o
[1590/3180] Building CXX object lib/ObjectYAML/CMakeFiles/LLVMObjectYAML.dir/GOFFEmitter.cpp.o
[1591/3180] Building CXX object lib/ObjectYAML/CMakeFiles/LLVMObjectYAML.dir/GOFFYAML.cpp.o
[1592/3180] Building CXX object lib/ObjectYAML/CMakeFiles/LLVMObjectYAML.dir/MachOEmitter.cpp.o
[1593/3180] Building CXX object lib/ObjectYAML/CMakeFiles/LLVMObjectYAML.dir/MachOYAML.cpp.o
[1594/3180] Building CXX object lib/ObjectYAML/CMakeFiles/LLVMObjectYAML.dir/ObjectYAML.cpp.o
[1595/3180] Building CXX object lib/ObjectYAML/CMakeFiles/LLVMObjectYAML.dir/MinidumpEmitter.cpp.o
[1596/3180] Building CXX object lib/ObjectYAML/CMakeFiles/LLVMObjectYAML.dir/MinidumpYAML.cpp.o
[1597/3180] Building CXX object lib/ObjectYAML/CMakeFiles/LLVMObjectYAML.dir/OffloadEmitter.cpp.o
[1598/3180] Building CXX object lib/ObjectYAML/CMakeFiles/LLVMObjectYAML.dir/OffloadYAML.cpp.o
[1599/3180] Building CXX object lib/ObjectYAML/CMakeFiles/LLVMObjectYAML.dir/WasmEmitter.cpp.o
[1600/3180] Building CXX object lib/ObjectYAML/CMakeFiles/LLVMObjectYAML.dir/WasmYAML.cpp.o
[1601/3180] Building CXX object lib/ObjectYAML/CMakeFiles/LLVMObjectYAML.dir/XCOFFEmitter.cpp.o
[1602/3180] Building CXX object lib/Analysis/CMakeFiles/LLVMAnalysis.dir/ScalarEvolution.cpp.o
FAILED: lib/Analysis/CMakeFiles/LLVMAnalysis.dir/ScalarEvolution.cpp.o 
CCACHE_CPP2=yes CCACHE_HASHDIR=yes CCACHE_SLOPPINESS=pch_defines,time_macros /usr/bin/ccache /usr/bin/c++ -DEXPERIMENTAL_KEY_INSTRUCTIONS -DGTEST_HAS_RTTI=0 -DHAS_LOGF128 -D_GNU_SOURCE -D__STDC_CONSTANT_MACROS -D__STDC_FORMAT_MACROS -D__STDC_LIMIT_MACROS -I/tmp/llvm-project-build-stage1/lib/Analysis -I/var/llvm-compile-time-tracker/llvm-project/llvm/lib/Analysis -I/tmp/llvm-project-build-stage1/include -I/var/llvm-compile-time-tracker/llvm-project/llvm/include -fPIC -fno-semantic-interposition -fvisibility-inlines-hidden -Werror=date-time -Wall -Wextra -Wno-unused-parameter -Wwrite-strings -Wcast-qual -Wno-missing-field-initializers -pedantic -Wno-long-long -Wimplicit-fallthrough -Wno-uninitialized -Wno-nonnull -Wno-class-memaccess -Wno-redundant-move -Wno-pessimizing-move -Wno-noexcept-type -Wdelete-non-virtual-dtor -Wsuggest-override -Wno-comment -Wno-misleading-indentation -Wctad-maybe-unsupported -fdiagnostics-color -ffunction-sections -fdata-sections -O3 -DNDEBUG  -fno-exceptions -funwind-tables -fno-rtti -std=c++17 -MD -MT lib/Analysis/CMakeFiles/LLVMAnalysis.dir/ScalarEvolution.cpp.o -MF lib/Analysis/CMakeFiles/LLVMAnalysis.dir/ScalarEvolution.cpp.o.d -o lib/Analysis/CMakeFiles/LLVMAnalysis.dir/ScalarEvolution.cpp.o -c /var/llvm-compile-time-tracker/llvm-project/llvm/lib/Analysis/ScalarEvolution.cpp
/var/llvm-compile-time-tracker/llvm-project/llvm/lib/Analysis/ScalarEvolution.cpp: In member function ‘const llvm::SCEV* llvm::ScalarEvolution::getMinMaxExpr(llvm::SCEVTypes, llvm::SmallVectorImpl<const llvm::SCEV*>&)’:
/var/llvm-compile-time-tracker/llvm-project/llvm/lib/Analysis/ScalarEvolution.cpp:3941:8: error: ‘SCEVUse’ was not declared in this scope; did you mean ‘SCEVUsers’?
 3941 |   for (SCEVUse Op : Ops)
      |        ^~~~~~~
      |        SCEVUsers
/var/llvm-compile-time-tracker/llvm-project/llvm/lib/Analysis/ScalarEvolution.cpp:3944:3: error: expected primary-expression before ‘const’
 3944 |   const SCEV *ExistingSCEV = UniqueSCEVs.FindNodeOrInsertPos(ID, IP);
      |   ^~~~~
/var/llvm-compile-time-tracker/llvm-project/llvm/lib/Analysis/ScalarEvolution.cpp:3943:22: error: expected ‘)’ before ‘const’
 3943 |   void *IP = nullptr;
      |                      ^
      |                      )
 3944 |   const SCEV *ExistingSCEV = UniqueSCEVs.FindNodeOrInsertPos(ID, IP);
      |   ~~~~~               
/var/llvm-compile-time-tracker/llvm-project/llvm/lib/Analysis/ScalarEvolution.cpp:3941:7: note: to match this ‘(’
 3941 |   for (SCEVUse Op : Ops)
      |       ^
/var/llvm-compile-time-tracker/llvm-project/llvm/lib/Analysis/ScalarEvolution.cpp:3944:15: warning: unused variable ‘ExistingSCEV’ [-Wunused-variable]
 3944 |   const SCEV *ExistingSCEV = UniqueSCEVs.FindNodeOrInsertPos(ID, IP);
      |               ^~~~~~~~~~~~
/var/llvm-compile-time-tracker/llvm-project/llvm/lib/Analysis/ScalarEvolution.cpp:3945:7: error: ‘ExistingSCEV’ was not declared in this scope; did you mean ‘getExistingSCEV’?
 3945 |   if (ExistingSCEV)
      |       ^~~~~~~~~~~~
      |       getExistingSCEV
/var/llvm-compile-time-tracker/llvm-project/llvm/lib/Analysis/ScalarEvolution.cpp:3947:3: error: ‘SCEVUse’ was not declared in this scope; did you mean ‘SCEVUsers’?
 3947 |   SCEVUse *O = SCEVAllocator.Allocate<SCEVUse>(Ops.size());
      |   ^~~~~~~
      |   SCEVUsers
/var/llvm-compile-time-tracker/llvm-project/llvm/lib/Analysis/ScalarEvolution.cpp:3947:12: error: ‘O’ was not declared in this scope
 3947 |   SCEVUse *O = SCEVAllocator.Allocate<SCEVUse>(Ops.size());
      |            ^
/var/llvm-compile-time-tracker/llvm-project/llvm/lib/Analysis/ScalarEvolution.cpp:3947:47: error: no matching function for call to ‘llvm::BumpPtrAllocatorImpl<>::Allocate<SCEVUse>(size_t)’
 3947 |   SCEVUse *O = SCEVAllocator.Allocate<SCEVUse>(Ops.size());
      |                ~~~~~~~~~~~~~~~~~~~~~~~~~~~~~~~^~~~~~~~~~~~
In file included from /var/llvm-compile-time-tracker/llvm-project/llvm/include/llvm/Support/Allocator.h:22,
                 from /var/llvm-compile-time-tracker/llvm-project/llvm/include/llvm/ADT/FoldingSet.h:23,
                 from /var/llvm-compile-time-tracker/llvm-project/llvm/include/llvm/Analysis/ScalarEvolution.h:27,
                 from /var/llvm-compile-time-tracker/llvm-project/llvm/lib/Analysis/ScalarEvolution.cpp:60:
/var/llvm-compile-time-tracker/llvm-project/llvm/include/llvm/Support/AllocatorBase.h:75:28: note: candidate: ‘template<class T> T* llvm::AllocatorBase<DerivedT>::Allocate(size_t) [with T = T; DerivedT = llvm::BumpPtrAllocatorImpl<>]’
   75 |   template <typename T> T *Allocate(size_t Num = 1) {
      |                            ^~~~~~~~
/var/llvm-compile-time-tracker/llvm-project/llvm/include/llvm/Support/AllocatorBase.h:75:28: note:   template argument deduction/substitution failed:
/var/llvm-compile-time-tracker/llvm-project/llvm/lib/Analysis/ScalarEvolution.cpp:3952:29: error: ‘IP’ was not declared in this scope; did you mean ‘ID’?
 3952 |   UniqueSCEVs.InsertNode(S, IP);
      |                             ^~
      |                             ID
/var/llvm-compile-time-tracker/llvm-project/llvm/lib/Analysis/ScalarEvolution.cpp:3954:22: error: ‘SCEVUse’ is not a type
 3954 |   if (all_of(Ops, [](SCEVUse U) { return U.isCanonical(); }))
      |                      ^~~~~~~
/var/llvm-compile-time-tracker/llvm-project/llvm/lib/Analysis/ScalarEvolution.cpp: In lambda function:
/var/llvm-compile-time-tracker/llvm-project/llvm/lib/Analysis/ScalarEvolution.cpp:3954:44: error: request for member ‘isCanonical’ in ‘U’, which is of non-class type ‘int’
 3954 |   if (all_of(Ops, [](SCEVUse U) { return U.isCanonical(); }))
      |                                            ^~~~~~~~~~~
/var/llvm-compile-time-tracker/llvm-project/llvm/lib/Analysis/ScalarEvolution.cpp: In member function ‘const llvm::SCEV* llvm::ScalarEvolution::getMinMaxExpr(llvm::SCEVTypes, llvm::SmallVectorImpl<const llvm::SCEV*>&)’:
/var/llvm-compile-time-tracker/llvm-project/llvm/lib/Analysis/ScalarEvolution.cpp:3957:21: error: ‘SCEVUse’ is not a class, namespace, or enumeration
 3957 |     S->setCanonical(SCEVUse::computeCanonical(*this, S));
      |                     ^~~~~~~
In file included from /usr/include/c++/11/bits/stl_algobase.h:71,
                 from /usr/include/c++/11/bits/char_traits.h:39,
                 from /usr/include/c++/11/string:40,
                 from /usr/include/c++/11/bits/locale_classes.h:40,
                 from /usr/include/c++/11/bits/ios_base.h:41,
                 from /usr/include/c++/11/streambuf:41,
                 from /usr/include/c++/11/bits/streambuf_iterator.h:35,
                 from /usr/include/c++/11/iterator:66,
                 from /var/llvm-compile-time-tracker/llvm-project/llvm/include/llvm/ADT/ADL.h:13,
                 from /var/llvm-compile-time-tracker/llvm-project/llvm/include/llvm/ADT/Hashing.h:47,
                 from /var/llvm-compile-time-tracker/llvm-project/llvm/include/llvm/ADT/ArrayRef.h:12,
                 from /var/llvm-compile-time-tracker/llvm-project/llvm/include/llvm/Analysis/ScalarEvolution.h:24,
                 from /var/llvm-compile-time-tracker/llvm-project/llvm/lib/Analysis/ScalarEvolution.cpp:60:
/usr/include/c++/11/bits/predefined_ops.h: In instantiation of ‘bool __gnu_cxx::__ops::_Iter_negate<_Predicate>::operator()(_Iterator) [with _Iterator = const llvm::SCEV**; _Predicate = llvm::ScalarEvolution::getMinMaxExpr(llvm::SCEVTypes, llvm::SmallVectorImpl<const llvm::SCEV*>&)::<lambda(int)>]’:
/usr/include/c++/11/bits/stl_algobase.h:2069:14:   required from ‘_RandomAccessIterator std::__find_if(_RandomAccessIterator, _RandomAccessIterator, _Predicate, std::random_access_iterator_tag) [with _RandomAccessIterator = const llvm::SCEV**; _Predicate = __gnu_cxx::__ops::_Iter_negate<llvm::ScalarEvolution::getMinMaxExpr(llvm::SCEVTypes, llvm::SmallVectorImpl<const llvm::SCEV*>&)::<lambda(int)> >]’
/usr/include/c++/11/bits/stl_algo.h:106:28:   required from ‘_InputIterator std::__find_if_not(_InputIterator, _InputIterator, _Predicate) [with _InputIterator = const llvm::SCEV**; _Predicate = __gnu_cxx::__ops::_Iter_pred<llvm::ScalarEvolution::getMinMaxExpr(llvm::SCEVTypes, llvm::SmallVectorImpl<const llvm::SCEV*>&)::<lambda(int)> >]’
/usr/include/c++/11/bits/stl_algo.h:513:32:   required from ‘_IIter std::find_if_not(_IIter, _IIter, _Predicate) [with _IIter = const llvm::SCEV**; _Predicate = llvm::ScalarEvolution::getMinMaxExpr(llvm::SCEVTypes, llvm::SmallVectorImpl<const llvm::SCEV*>&)::<lambda(int)>]’
/usr/include/c++/11/bits/stl_algo.h:453:40:   required from ‘bool std::all_of(_IIter, _IIter, _Predicate) [with _IIter = const llvm::SCEV**; _Predicate = llvm::ScalarEvolution::getMinMaxExpr(llvm::SCEVTypes, llvm::SmallVectorImpl<const llvm::SCEV*>&)::<lambda(int)>]’
/var/llvm-compile-time-tracker/llvm-project/llvm/include/llvm/ADT/STLExtras.h:1745:21:   required from ‘bool llvm::all_of(R&&, UnaryPredicate) [with R = llvm::SmallVectorImpl<const llvm::SCEV*>&; UnaryPredicate = llvm::ScalarEvolution::getMinMaxExpr(llvm::SCEVTypes, llvm::SmallVectorImpl<const llvm::SCEV*>&)::<lambda(int)>]’
/var/llvm-compile-time-tracker/llvm-project/llvm/lib/Analysis/ScalarEvolution.cpp:3954:13:   required from here
/usr/include/c++/11/bits/predefined_ops.h:395:31: error: no match for call to ‘(llvm::ScalarEvolution::getMinMaxExpr(llvm::SCEVTypes, llvm::SmallVectorImpl<const llvm::SCEV*>&)::<lambda(int)>) (const llvm::SCEV*&)’
  395 |         { return !bool(_M_pred(*__it)); }
      |                        ~~~~~~~^~~~~~~
/var/llvm-compile-time-tracker/llvm-project/llvm/lib/Analysis/ScalarEvolution.cpp:3954:19: note: candidate: ‘llvm::ScalarEvolution::getMinMaxExpr(llvm::SCEVTypes, llvm::SmallVectorImpl<const llvm::SCEV*>&)::<lambda(int)>’ (near match)
 3954 |   if (all_of(Ops, [](SCEVUse U) { return U.isCanonical(); }))
      |                   ^
/var/llvm-compile-time-tracker/llvm-project/llvm/lib/Analysis/ScalarEvolution.cpp:3954:19: note:   conversion of argument 1 would be ill-formed:
In file included from /usr/include/c++/11/bits/stl_algobase.h:71,
                 from /usr/include/c++/11/bits/char_traits.h:39,
                 from /usr/include/c++/11/string:40,
                 from /usr/include/c++/11/bits/locale_classes.h:40,
                 from /usr/include/c++/11/bits/ios_base.h:41,
                 from /usr/include/c++/11/streambuf:41,
                 from /usr/include/c++/11/bits/streambuf_iterator.h:35,
                 from /usr/include/c++/11/iterator:66,
                 from /var/llvm-compile-time-tracker/llvm-project/llvm/include/llvm/ADT/ADL.h:13,
                 from /var/llvm-compile-time-tracker/llvm-project/llvm/include/llvm/ADT/Hashing.h:47,
                 from /var/llvm-compile-time-tracker/llvm-project/llvm/include/llvm/ADT/ArrayRef.h:12,
                 from /var/llvm-compile-time-tracker/llvm-project/llvm/include/llvm/Analysis/ScalarEvolution.h:24,
                 from /var/llvm-compile-time-tracker/llvm-project/llvm/lib/Analysis/ScalarEvolution.cpp:60:
/usr/include/c++/11/bits/predefined_ops.h:395:31: error: invalid conversion from ‘const llvm::SCEV*’ to ‘int’ [-fpermissive]
  395 |         { return !bool(_M_pred(*__it)); }
      |                        ~~~~~~~^~~~~~~
      |                               |
      |                               const llvm::SCEV*
[1603/3180] Building CXX object lib/ObjectYAML/CMakeFiles/LLVMObjectYAML.dir/YAML.cpp.o
[1604/3180] Building CXX object lib/ObjectYAML/CMakeFiles/LLVMObjectYAML.dir/XCOFFYAML.cpp.o
[1605/3180] Building CXX object lib/Analysis/CMakeFiles/LLVMAnalysis.dir/LoopInfo.cpp.o
[1606/3180] Building CXX object lib/Analysis/CMakeFiles/LLVMAnalysis.dir/LoopAccessAnalysis.cpp.o
[1607/3180] Building CXX object lib/Analysis/CMakeFiles/LLVMAnalysis.dir/TargetTransformInfo.cpp.o
[1608/3180] Building CXX object lib/Analysis/CMakeFiles/LLVMAnalysis.dir/InstructionSimplify.cpp.o
[1609/3180] Building CXX object lib/Analysis/CMakeFiles/LLVMAnalysis.dir/StackSafetyAnalysis.cpp.o
[1610/3180] Building CXX object lib/Analysis/CMakeFiles/LLVMAnalysis.dir/VectorUtils.cpp.o
[1611/3180] Building CXX object lib/Transforms/IPO/CMakeFiles/LLVMipo.dir/AttributorAttributes.cpp.o
[1612/3180] Building CXX object lib/MC/MCParser/CMakeFiles/LLVMMCParser.dir/AsmParser.cpp.o
[1613/3180] Building CXX object lib/LTO/CMakeFiles/LLVMLTO.dir/LTOModule.cpp.o
[1614/3180] Building CXX object lib/LTO/CMakeFiles/LLVMLTO.dir/LTOCodeGenerator.cpp.o
[1615/3180] Building CXX object lib/Analysis/CMakeFiles/LLVMAnalysis.dir/ValueTracking.cpp.o
[1616/3180] Building CXX object lib/LTO/CMakeFiles/LLVMLTO.dir/LTOBackend.cpp.o
[1617/3180] Building CXX object lib/LTO/CMakeFiles/LLVMLTO.dir/ThinLTOCodeGenerator.cpp.o
[1618/3180] Building CXX object lib/LTO/CMakeFiles/LLVMLTO.dir/LTO.cpp.o
[1619/3180] Building CXX object lib/Transforms/Vectorize/CMakeFiles/LLVMVectorize.dir/SLPVectorizer.cpp.o
ninja: build stopped: subcommand failed.


STDERR:
CMake Deprecation Warning at /var/llvm-compile-time-tracker/llvm-project/clang/CMakeLists.txt:450 (message):
  'CLANG_ENABLE_ARCMT' is deprecated as ARCMigrate has been removed from
  Clang.  Please use 'CLANG_ENABLE_OBJC_REWRITER' instead to enable or
  disable the Objective-C rewriter.


Command exited with non-zero status 1
855.89user 38.50system 1:10.23elapsed 1273%CPU (0avgtext+0avgdata 1776544maxresident)k
0inputs+2130664outputs (2770major+22675332minor)pagefaults 0swaps
