MESSAGE: Execution of "sudo -u lctt-runner ./build_llvm_test_suite.sh O3 stage2" failed

STDOUT:
loading initial cache file ./llvm-test-suite/cmake/caches/O3.cmake
-- The C compiler identification is Clang 21.0.0
-- The CXX compiler identification is Clang 21.0.0
-- Detecting C compiler ABI info
-- Detecting C compiler ABI info - done
-- Check for working C compiler: /tmp/llvm-project-build-stage2/bin/clang - skipped
-- Detecting C compile features
-- Detecting C compile features - done
-- Detecting CXX compiler ABI info
-- Detecting CXX compiler ABI info - done
-- Check for working CXX compiler: /tmp/llvm-project-build-stage2/bin/clang++ - skipped
-- Detecting CXX compile features
-- Detecting CXX compile features - done
-- Could NOT find OpenMP_C (missing: OpenMP_C_FLAGS OpenMP_C_LIB_NAMES) 
-- Could NOT find OpenMP_CXX (missing: OpenMP_CXX_FLAGS OpenMP_CXX_LIB_NAMES) 
-- Could NOT find OpenMP (missing: OpenMP_C_FOUND OpenMP_CXX_FOUND) 
-- Check target operating system - Linux
-- Check target system architecture: x86
-- Check target system architecture: unknown
-- Adding directory CTMark
-- Found Intl: built in to C library  
-- Performing Test COMPILER_HAS_NO_DEFINE_TARGET_OS_MACROS
-- Performing Test COMPILER_HAS_NO_DEFINE_TARGET_OS_MACROS - Success
-- Found Tclsh: /bin/tclsh (found version "8.6") 
-- Could NOT find TCL (missing: TCL_INCLUDE_PATH) 
-- Could NOT find TCLTK (missing: TCL_INCLUDE_PATH TK_LIBRARY TK_INCLUDE_PATH) 
-- Could NOT find TK (missing: TK_LIBRARY TK_INCLUDE_PATH) 
-- Configuring done
-- Generating done
-- Build files have been written to: /tmp/llvm-test-suite-build
ninja: Entering directory `/tmp/llvm-test-suite-build'
[1/671] Generating ../lit.cfg
[2/671] Generating HashProgramOutput.sh
[3/671] Generating timeit
[4/671] Generating timeit-target
[5/671] Generating __init__.py
[6/671] Generating modules/compiletime.py
[7/671] Generating modules/__init__.py
[8/671] Generating modules/codesize.py
[9/671] Generating modules/hash.py
[10/671] Generating modules/microbenchmark.py
[11/671] Generating modules/hpmcount.py
[12/671] Generating modules/perf.py
[13/671] Generating modules/profilegen.py
[14/671] Generating modules/remote.py
[15/671] Generating modules/run.py
[16/671] Generating modules/run_under.py
[17/671] Generating test.py
[18/671] Generating modules/timeit.py
[19/671] Generating shellcommand.py
[20/671] Generating modules/stats.py
[21/671] Generating testfile.py
[22/671] Generating testplan.py
[23/671] [TEST_SUITE_HOST_CC] Compiling host source fpcmp.c
[24/671] [TEST_SUITE_HOST_CC] Linking host executable fpcmp
[25/671] Building C object tools/CMakeFiles/fpcmp-target.dir/fpcmp.c.o
[26/671] Linking C executable tools/fpcmp-target
[27/671] Building CXX object CTMark/7zip/CMakeFiles/7zip-benchmark.dir/CPP/myWindows/wine_date_and_time.cpp.o
[28/671] Generating sqlite test inputs
[29/671] Building CXX object tools/CMakeFiles/not.dir/not.cpp.o
FAILED: tools/CMakeFiles/not.dir/not.cpp.o 
/tmp/llvm-project-build-stage2/bin/clang++ -DNDEBUG  -O3   -w -Werror=date-time -MD -MT tools/CMakeFiles/not.dir/not.cpp.o -MF tools/CMakeFiles/not.dir/not.cpp.o.d -o tools/CMakeFiles/not.dir/not.cpp.o -c /var/llvm-compile-time-tracker/llvm-test-suite/tools/not.cpp
PLEASE submit a bug report to https://github.com/llvm/llvm-project/issues/ and include the crash backtrace, preprocessed source, and associated run script.
Stack dump:
0.	Program arguments: /tmp/llvm-project-build-stage2/bin/clang++ -DNDEBUG -O3 -w -Werror=date-time -MD -MT tools/CMakeFiles/not.dir/not.cpp.o -MF tools/CMakeFiles/not.dir/not.cpp.o.d -o tools/CMakeFiles/not.dir/not.cpp.o -c /var/llvm-compile-time-tracker/llvm-test-suite/tools/not.cpp
1.	<eof> parser at end of file
2.	Code generation
3.	Running pass 'Function Pass Manager' on module '/var/llvm-compile-time-tracker/llvm-test-suite/tools/not.cpp'.
4.	Running pass 'Machine Instruction Scheduler' on function '@main'
Stack dump without symbol names (ensure you have llvm-symbolizer in your PATH or set the environment var `LLVM_SYMBOLIZER_PATH` to point to it):
0  clang++   0x00005591db18c728 llvm::sys::PrintStackTrace(llvm::raw_ostream&, int) + 40
1  clang++   0x00005591db189bee llvm::sys::RunSignalHandlers() + 238
2  clang++   0x00005591db0ee357
3  libc.so.6 0x00007f51b08de520
4  clang++   0x00005591da85132f llvm::ScheduleDAGTopologicalSort::IsReachable(llvm::SUnit const*, llvm::SUnit const*) + 255
5  clang++   0x00005591da8593f8 llvm::ScheduleDAGInstrs::addEdge(llvm::SUnit*, llvm::SDep const&) + 56
6  clang++   0x00005591da74f76c llvm::fuseInstructionPair(llvm::ScheduleDAGInstrs&, llvm::SUnit&, llvm::SUnit&) + 380
7  clang++   0x00005591da74fb93
8  clang++   0x00005591da6e972c llvm::ScheduleDAGMILive::schedule() + 60
9  clang++   0x00005591da6f3b49
10 clang++   0x00005591da6f3167
11 clang++   0x00005591da685213 llvm::MachineFunctionPass::runOnFunction(llvm::Function&) + 755
12 clang++   0x00005591dac10994 llvm::FPPassManager::runOnFunction(llvm::Function&) + 1348
13 clang++   0x00005591dac1a0e3 llvm::FPPassManager::runOnModule(llvm::Module&) + 51
14 clang++   0x00005591dac119e9 llvm::legacy::PassManagerImpl::run(llvm::Module&) + 3257
15 clang++   0x00005591dba50d4a clang::emitBackendOutput(clang::CompilerInstance&, clang::CodeGenOptions&, llvm::StringRef, llvm::Module*, clang::BackendAction, llvm::IntrusiveRefCntPtr<llvm::vfs::FileSystem>, std::unique_ptr<llvm::raw_pwrite_stream, std::default_delete<llvm::raw_pwrite_stream>>, clang::BackendConsumer*) + 8090
16 clang++   0x00005591dba6bf7c clang::BackendConsumer::HandleTranslationUnit(clang::ASTContext&) + 2908
17 clang++   0x00005591dd0d08a9 clang::ParseAST(clang::Sema&, bool, bool) + 937
18 clang++   0x00005591dbf7a3ed clang::FrontendAction::Execute() + 29
19 clang++   0x00005591dbeb2e60 clang::CompilerInstance::ExecuteAction(clang::FrontendAction&) + 1184
20 clang++   0x00005591dc0811b2 clang::ExecuteCompilerInvocation(clang::CompilerInstance*) + 738
21 clang++   0x00005591d9e9056f cc1_main(llvm::ArrayRef<char const*>, char const*, void*) + 8239
22 clang++   0x00005591d9e8c9bf
23 clang++   0x00005591dbd10289
24 clang++   0x00005591db0edf18 llvm::CrashRecoveryContext::RunSafely(llvm::function_ref<void ()>) + 136
25 clang++   0x00005591dbd0fed4 clang::driver::CC1Command::Execute(llvm::ArrayRef<std::optional<llvm::StringRef>>, std::__cxx11::basic_string<char, std::char_traits<char>, std::allocator<char>>*, bool*) const + 356
26 clang++   0x00005591dbcce498 clang::driver::Compilation::ExecuteCommand(clang::driver::Command const&, clang::driver::Command const*&, bool) const + 552
27 clang++   0x00005591dbced14c clang::driver::Driver::ExecuteCompilation(clang::driver::Compilation&, llvm::SmallVectorImpl<std::pair<int, clang::driver::Command const*>>&) + 732
28 clang++   0x00005591d9e8bf19 clang_main(int, char**, llvm::ToolContext const&) + 7369
29 clang++   0x00005591d9e9c58a main + 90
30 libc.so.6 0x00007f51b08c5d90
31 libc.so.6 0x00007f51b08c5e40 __libc_start_main + 128
32 clang++   0x00005591d9e7e7a5 _start + 37
clang++: error: clang frontend command failed with exit code 139 (use -v to see invocation)
clang version 21.0.0git
Target: x86_64-unknown-linux-gnu
Thread model: posix
InstalledDir: /tmp/llvm-project-build-stage2/bin
clang++: note: diagnostic msg: 
********************

PLEASE ATTACH THE FOLLOWING FILES TO THE BUG REPORT:
Preprocessed source(s) and associated run script(s) are located at:
clang++: note: diagnostic msg: /tmp/not-29bfdc.cpp
clang++: note: diagnostic msg: /tmp/not-29bfdc.sh
clang++: note: diagnostic msg: 

********************
[30/671] Building CXX object CTMark/7zip/CMakeFiles/7zip-benchmark.dir/CPP/myWindows/myGetTickCount.cpp.o
[31/671] Building CXX object CTMark/7zip/CMakeFiles/7zip-benchmark.dir/CPP/myWindows/myAddExeFlag.cpp.o
[32/671] Building CXX object CTMark/7zip/CMakeFiles/7zip-benchmark.dir/CPP/myWindows/mySplitCommandLine.cpp.o
[33/671] Building CXX object CTMark/7zip/CMakeFiles/7zip-benchmark.dir/CPP/7zip/UI/Console/BenchCon.cpp.o
[34/671] Building CXX object CTMark/7zip/CMakeFiles/7zip-benchmark.dir/CPP/7zip/UI/Console/ConsoleClose.cpp.o
[35/671] Building CXX object CTMark/7zip/CMakeFiles/7zip-benchmark.dir/CPP/7zip/UI/Console/ExtractCallbackConsole.cpp.o
FAILED: CTMark/7zip/CMakeFiles/7zip-benchmark.dir/CPP/7zip/UI/Console/ExtractCallbackConsole.cpp.o 
/tmp/llvm-test-suite-build/tools/timeit --summary CTMark/7zip/CMakeFiles/7zip-benchmark.dir/CPP/7zip/UI/Console/ExtractCallbackConsole.cpp.o.time /tmp/llvm-project-build-stage2/bin/clang++ -DNDEBUG  -O3   -w -Werror=date-time -DBREAK_HANDLER -DUNICODE -D_UNICODE -I/var/llvm-compile-time-tracker/llvm-test-suite/CTMark/7zip/C -I/var/llvm-compile-time-tracker/llvm-test-suite/CTMark/7zip/CPP/myWindows -I/var/llvm-compile-time-tracker/llvm-test-suite/CTMark/7zip/CPP/include_windows -I/var/llvm-compile-time-tracker/llvm-test-suite/CTMark/7zip/CPP -I. -D_FILE_OFFSET_BITS=64 -D_LARGEFILE_SOURCE -DNDEBUG -D_REENTRANT -DENV_UNIX -D_7ZIP_LARGE_PAGES -pthread -Wno-error=narrowing -DBREAK_HANDLER -DUNICODE -D_UNICODE -I/var/llvm-compile-time-tracker/llvm-test-suite/CTMark/7zip/C -I/var/llvm-compile-time-tracker/llvm-test-suite/CTMark/7zip/CPP/myWindows -I/var/llvm-compile-time-tracker/llvm-test-suite/CTMark/7zip/CPP/include_windows -I/var/llvm-compile-time-tracker/llvm-test-suite/CTMark/7zip/CPP -I. -D_FILE_OFFSET_BITS=64 -D_LARGEFILE_SOURCE -DNDEBUG -D_REENTRANT -DENV_UNIX -D_7ZIP_LARGE_PAGES -pthread -MD -MT CTMark/7zip/CMakeFiles/7zip-benchmark.dir/CPP/7zip/UI/Console/ExtractCallbackConsole.cpp.o -MF CTMark/7zip/CMakeFiles/7zip-benchmark.dir/CPP/7zip/UI/Console/ExtractCallbackConsole.cpp.o.d -o CTMark/7zip/CMakeFiles/7zip-benchmark.dir/CPP/7zip/UI/Console/ExtractCallbackConsole.cpp.o -c /var/llvm-compile-time-tracker/llvm-test-suite/CTMark/7zip/CPP/7zip/UI/Console/ExtractCallbackConsole.cpp
PLEASE submit a bug report to https://github.com/llvm/llvm-project/issues/ and include the crash backtrace, preprocessed source, and associated run script.
Stack dump:
0.	Program arguments: /tmp/llvm-project-build-stage2/bin/clang++ -DNDEBUG -O3 -w -Werror=date-time -DBREAK_HANDLER -DUNICODE -D_UNICODE -I/var/llvm-compile-time-tracker/llvm-test-suite/CTMark/7zip/C -I/var/llvm-compile-time-tracker/llvm-test-suite/CTMark/7zip/CPP/myWindows -I/var/llvm-compile-time-tracker/llvm-test-suite/CTMark/7zip/CPP/include_windows -I/var/llvm-compile-time-tracker/llvm-test-suite/CTMark/7zip/CPP -I. -D_FILE_OFFSET_BITS=64 -D_LARGEFILE_SOURCE -DNDEBUG -D_REENTRANT -DENV_UNIX -D_7ZIP_LARGE_PAGES -pthread -Wno-error=narrowing -DBREAK_HANDLER -DUNICODE -D_UNICODE -I/var/llvm-compile-time-tracker/llvm-test-suite/CTMark/7zip/C -I/var/llvm-compile-time-tracker/llvm-test-suite/CTMark/7zip/CPP/myWindows -I/var/llvm-compile-time-tracker/llvm-test-suite/CTMark/7zip/CPP/include_windows -I/var/llvm-compile-time-tracker/llvm-test-suite/CTMark/7zip/CPP -I. -D_FILE_OFFSET_BITS=64 -D_LARGEFILE_SOURCE -DNDEBUG -D_REENTRANT -DENV_UNIX -D_7ZIP_LARGE_PAGES -pthread -MD -MT CTMark/7zip/CMakeFiles/7zip-benchmark.dir/CPP/7zip/UI/Console/ExtractCallbackConsole.cpp.o -MF CTMark/7zip/CMakeFiles/7zip-benchmark.dir/CPP/7zip/UI/Console/ExtractCallbackConsole.cpp.o.d -o CTMark/7zip/CMakeFiles/7zip-benchmark.dir/CPP/7zip/UI/Console/ExtractCallbackConsole.cpp.o -c /var/llvm-compile-time-tracker/llvm-test-suite/CTMark/7zip/CPP/7zip/UI/Console/ExtractCallbackConsole.cpp
1.	<eof> parser at end of file
2.	Code generation
3.	Running pass 'Function Pass Manager' on module '/var/llvm-compile-time-tracker/llvm-test-suite/CTMark/7zip/CPP/7zip/UI/Console/ExtractCallbackConsole.cpp'.
4.	Running pass 'Machine Instruction Scheduler' on function '@_ZN23CExtractCallbackConsole7ReleaseEv'
Stack dump without symbol names (ensure you have llvm-symbolizer in your PATH or set the environment var `LLVM_SYMBOLIZER_PATH` to point to it):
0  clang++   0x00005614229fe728 llvm::sys::PrintStackTrace(llvm::raw_ostream&, int) + 40
1  clang++   0x00005614229fbbee llvm::sys::RunSignalHandlers() + 238
2  clang++   0x0000561422960357
3  libc.so.6 0x00007fd74cbce520
4  clang++   0x00005614220c332f llvm::ScheduleDAGTopologicalSort::IsReachable(llvm::SUnit const*, llvm::SUnit const*) + 255
5  clang++   0x00005614220cb3f8 llvm::ScheduleDAGInstrs::addEdge(llvm::SUnit*, llvm::SDep const&) + 56
6  clang++   0x0000561421fc176c llvm::fuseInstructionPair(llvm::ScheduleDAGInstrs&, llvm::SUnit&, llvm::SUnit&) + 380
7  clang++   0x0000561421fc1b93
8  clang++   0x0000561421f5b72c llvm::ScheduleDAGMILive::schedule() + 60
9  clang++   0x0000561421f65b49
10 clang++   0x0000561421f65167
11 clang++   0x0000561421ef7213 llvm::MachineFunctionPass::runOnFunction(llvm::Function&) + 755
12 clang++   0x0000561422482994 llvm::FPPassManager::runOnFunction(llvm::Function&) + 1348
13 clang++   0x000056142248c0e3 llvm::FPPassManager::runOnModule(llvm::Module&) + 51
14 clang++   0x00005614224839e9 llvm::legacy::PassManagerImpl::run(llvm::Module&) + 3257
15 clang++   0x00005614232c2d4a clang::emitBackendOutput(clang::CompilerInstance&, clang::CodeGenOptions&, llvm::StringRef, llvm::Module*, clang::BackendAction, llvm::IntrusiveRefCntPtr<llvm::vfs::FileSystem>, std::unique_ptr<llvm::raw_pwrite_stream, std::default_delete<llvm::raw_pwrite_stream>>, clang::BackendConsumer*) + 8090
16 clang++   0x00005614232ddf7c clang::BackendConsumer::HandleTranslationUnit(clang::ASTContext&) + 2908
17 clang++   0x00005614249428a9 clang::ParseAST(clang::Sema&, bool, bool) + 937
18 clang++   0x00005614237ec3ed clang::FrontendAction::Execute() + 29
19 clang++   0x0000561423724e60 clang::CompilerInstance::ExecuteAction(clang::FrontendAction&) + 1184
20 clang++   0x00005614238f31b2 clang::ExecuteCompilerInvocation(clang::CompilerInstance*) + 738
21 clang++   0x000056142170256f cc1_main(llvm::ArrayRef<char const*>, char const*, void*) + 8239
22 clang++   0x00005614216fe9bf
23 clang++   0x0000561423582289
24 clang++   0x000056142295ff18 llvm::CrashRecoveryContext::RunSafely(llvm::function_ref<void ()>) + 136
25 clang++   0x0000561423581ed4 clang::driver::CC1Command::Execute(llvm::ArrayRef<std::optional<llvm::StringRef>>, std::__cxx11::basic_string<char, std::char_traits<char>, std::allocator<char>>*, bool*) const + 356
26 clang++   0x0000561423540498 clang::driver::Compilation::ExecuteCommand(clang::driver::Command const&, clang::driver::Command const*&, bool) const + 552
27 clang++   0x000056142355f14c clang::driver::Driver::ExecuteCompilation(clang::driver::Compilation&, llvm::SmallVectorImpl<std::pair<int, clang::driver::Command const*>>&) + 732
28 clang++   0x00005614216fdf19 clang_main(int, char**, llvm::ToolContext const&) + 7369
29 clang++   0x000056142170e58a main + 90
30 libc.so.6 0x00007fd74cbb5d90
31 libc.so.6 0x00007fd74cbb5e40 __libc_start_main + 128
32 clang++   0x00005614216f07a5 _start + 37
clang++: error: clang frontend command failed with exit code 139 (use -v to see invocation)
clang version 21.0.0git
Target: x86_64-unknown-linux-gnu
Thread model: posix
InstalledDir: /tmp/llvm-project-build-stage2/bin
clang++: note: diagnostic msg: 
********************

PLEASE ATTACH THE FOLLOWING FILES TO THE BUG REPORT:
Preprocessed source(s) and associated run script(s) are located at:
clang++: note: diagnostic msg: /tmp/ExtractCallbackConsole-c31fff.cpp
clang++: note: diagnostic msg: /tmp/ExtractCallbackConsole-c31fff.sh
clang++: note: diagnostic msg: 

********************
ninja: build stopped: subcommand failed.


STDERR:
