MESSAGE: Execution of "sudo -u lctt-runner ./build_llvm_project_stage1.sh" failed

STDOUT:
[1954/2743] Building CXX object tools/lld/ELF/CMakeFiles/lldELF.dir/EhFrame.cpp.o
[1955/2743] Building CXX object tools/lld/ELF/CMakeFiles/lldELF.dir/ScriptLexer.cpp.o
[1956/2743] Building CXX object tools/lld/ELF/CMakeFiles/lldELF.dir/ARMErrataFix.cpp.o
[1957/2743] Building CXX object tools/lld/ELF/CMakeFiles/lldELF.dir/DriverUtils.cpp.o
[1958/2743] Building CXX object tools/lld/ELF/CMakeFiles/lldELF.dir/DWARF.cpp.o
[1959/2743] Building CXX object tools/lld/COFF/CMakeFiles/lldCOFF.dir/InputFiles.cpp.o
[1960/2743] Building CXX object tools/lld/COFF/CMakeFiles/lldCOFF.dir/SymbolTable.cpp.o
[1961/2743] Building CXX object tools/lld/ELF/CMakeFiles/lldELF.dir/SymbolTable.cpp.o
[1962/2743] Building CXX object tools/lld/COFF/CMakeFiles/lldCOFF.dir/Driver.cpp.o
[1963/2743] Building CXX object tools/lld/ELF/CMakeFiles/lldELF.dir/ICF.cpp.o
[1964/2743] Building CXX object tools/lld/ELF/CMakeFiles/lldELF.dir/MapFile.cpp.o
[1965/2743] Building CXX object tools/lld/ELF/CMakeFiles/lldELF.dir/Symbols.cpp.o
[1966/2743] Building CXX object tools/lld/ELF/CMakeFiles/lldELF.dir/MarkLive.cpp.o
[1967/2743] Building CXX object tools/lld/ELF/CMakeFiles/lldELF.dir/Target.cpp.o
[1968/2743] Building CXX object tools/lld/ELF/CMakeFiles/lldELF.dir/OutputSections.cpp.o
[1969/2743] Building CXX object tools/lld/ELF/CMakeFiles/lldELF.dir/LinkerScript.cpp.o
[1970/2743] Building CXX object tools/lld/MachO/CMakeFiles/lldMachO.dir/Arch/ARM64Common.cpp.o
[1971/2743] Building CXX object tools/lld/MachO/CMakeFiles/lldMachO.dir/Arch/ARM64_32.cpp.o
[1972/2743] Building CXX object tools/lld/MachO/CMakeFiles/lldMachO.dir/Arch/X86_64.cpp.o
[1973/2743] Building CXX object tools/lld/MachO/CMakeFiles/lldMachO.dir/Arch/ARM64.cpp.o
[1974/2743] Building CXX object tools/lld/ELF/CMakeFiles/lldELF.dir/Thunks.cpp.o
[1975/2743] Building CXX object tools/lld/ELF/CMakeFiles/lldELF.dir/ScriptParser.cpp.o
[1976/2743] Building CXX object tools/lld/MachO/CMakeFiles/lldMachO.dir/EhFrame.cpp.o
[1977/2743] Building CXX object tools/lld/MachO/CMakeFiles/lldMachO.dir/Dwarf.cpp.o
[1978/2743] Building CXX object tools/lld/MachO/CMakeFiles/lldMachO.dir/ExportTrie.cpp.o
[1979/2743] Building CXX object tools/lld/ELF/CMakeFiles/lldELF.dir/InputSection.cpp.o
[1980/2743] Building CXX object tools/lld/MachO/CMakeFiles/lldMachO.dir/ConcatOutputSection.cpp.o
[1981/2743] Building CXX object tools/lld/MachO/CMakeFiles/lldMachO.dir/ICF.cpp.o
[1982/2743] Building CXX object tools/lld/ELF/CMakeFiles/lldELF.dir/LTO.cpp.o
[1983/2743] Building CXX object tools/lld/MachO/CMakeFiles/lldMachO.dir/InputSection.cpp.o
[1984/2743] Building CXX object tools/lld/MachO/CMakeFiles/lldMachO.dir/OutputSection.cpp.o
[1985/2743] Building CXX object tools/lld/ELF/CMakeFiles/lldELF.dir/Relocations.cpp.o
[1986/2743] Building CXX object tools/lld/MachO/CMakeFiles/lldMachO.dir/MapFile.cpp.o
[1987/2743] Building CXX object tools/lld/MachO/CMakeFiles/lldMachO.dir/MarkLive.cpp.o
[1988/2743] Building CXX object tools/lld/MachO/CMakeFiles/lldMachO.dir/Relocations.cpp.o
[1989/2743] Building CXX object tools/lld/MachO/CMakeFiles/lldMachO.dir/OutputSegment.cpp.o
[1990/2743] Building CXX object tools/lld/MachO/CMakeFiles/lldMachO.dir/Target.cpp.o
[1991/2743] Building CXX object tools/lld/MachO/CMakeFiles/lldMachO.dir/ObjC.cpp.o
/var/llvm-compile-time-tracker/llvm-project/lld/MachO/ObjC.cpp:710:1: warning: ‘{anonymous}::ObjcCategoryMerger::PointerListInfo {anonymous}::ObjcCategoryMerger::parseProtocolListInfo(const lld::macho::ConcatInputSection*, uint32_t)’ defined but not used [-Wunused-function]
  710 | ObjcCategoryMerger::parseProtocolListInfo(const ConcatInputSection *isec,
      | ^~~~~~~~~~~~~~~~~~
[1992/2743] Building CXX object tools/lld/MachO/CMakeFiles/lldMachO.dir/Symbols.cpp.o
[1993/2743] Building CXX object tools/lld/MachO/CMakeFiles/lldMachO.dir/SectionPriorities.cpp.o
[1994/2743] Building CXX object tools/lld/MinGW/CMakeFiles/lldMinGW.dir/Driver.cpp.o
[1995/2743] Building CXX object tools/lld/ELF/CMakeFiles/lldELF.dir/Writer.cpp.o
[1996/2743] Building CXX object tools/lld/MachO/CMakeFiles/lldMachO.dir/SymbolTable.cpp.o
[1997/2743] Building CXX object tools/lld/ELF/CMakeFiles/lldELF.dir/InputFiles.cpp.o
[1998/2743] Building CXX object tools/lld/MachO/CMakeFiles/lldMachO.dir/UnwindInfoSection.cpp.o
[1999/2743] Building CXX object tools/lld/MachO/CMakeFiles/lldMachO.dir/DriverUtils.cpp.o
[2000/2743] Building CXX object tools/lld/MachO/CMakeFiles/lldMachO.dir/InputFiles.cpp.o
FAILED: tools/lld/MachO/CMakeFiles/lldMachO.dir/InputFiles.cpp.o 
CCACHE_CPP2=yes CCACHE_HASHDIR=yes /usr/bin/ccache /usr/bin/c++ -DGTEST_HAS_RTTI=0 -D_GNU_SOURCE -D__STDC_CONSTANT_MACROS -D__STDC_FORMAT_MACROS -D__STDC_LIMIT_MACROS -I/tmp/llvm-project-build-stage1/tools/lld/MachO -I/var/llvm-compile-time-tracker/llvm-project/lld/MachO -I/var/llvm-compile-time-tracker/llvm-project/lld/include -I/tmp/llvm-project-build-stage1/tools/lld/include -I/tmp/llvm-project-build-stage1/include -I/var/llvm-compile-time-tracker/llvm-project/llvm/include -I/var/llvm-compile-time-tracker/llvm-project/llvm/../libunwind/include -fPIC -fno-semantic-interposition -fvisibility-inlines-hidden -Werror=date-time -fno-lifetime-dse -Wall -Wextra -Wno-unused-parameter -Wwrite-strings -Wcast-qual -Wno-missing-field-initializers -pedantic -Wno-long-long -Wimplicit-fallthrough -Wno-uninitialized -Wno-nonnull -Wno-class-memaccess -Wno-redundant-move -Wno-pessimizing-move -Wno-noexcept-type -Wdelete-non-virtual-dtor -Wsuggest-override -Wno-comment -Wno-misleading-indentation -Wctad-maybe-unsupported -fdiagnostics-color -ffunction-sections -fdata-sections -O3 -DNDEBUG  -fno-exceptions -funwind-tables -fno-rtti -std=c++17 -MD -MT tools/lld/MachO/CMakeFiles/lldMachO.dir/InputFiles.cpp.o -MF tools/lld/MachO/CMakeFiles/lldMachO.dir/InputFiles.cpp.o.d -o tools/lld/MachO/CMakeFiles/lldMachO.dir/InputFiles.cpp.o -c /var/llvm-compile-time-tracker/llvm-project/lld/MachO/InputFiles.cpp
/var/llvm-compile-time-tracker/llvm-project/lld/MachO/InputFiles.cpp: In instantiation of ‘void lld::macho::ObjFile::parseSymbols(llvm::ArrayRef<typename LP::section>, llvm::ArrayRef<typename LP::nlist>, const char*, bool) [with LP = lld::macho::LP64; typename LP::section = llvm::MachO::section_64; typename LP::nlist = lld::structs::nlist_64]’:
/var/llvm-compile-time-tracker/llvm-project/lld/MachO/InputFiles.cpp:1022:21:   required from ‘void lld::macho::ObjFile::parse() [with LP = lld::macho::LP64]’
/var/llvm-compile-time-tracker/llvm-project/lld/MachO/InputFiles.cpp:980:18:   required from here
/var/llvm-compile-time-tracker/llvm-project/lld/MachO/InputFiles.cpp:924:33: error: no matching function for call to ‘MinAlign(uint32_t&, const ulittle64_t&)’
  924 |       nextIsec->align = MinAlign(sectionAlign, sym.n_value);
      |                         ~~~~~~~~^~~~~~~~~~~~~~~~~~~~~~~~~~~
In file included from /var/llvm-compile-time-tracker/llvm-project/llvm/include/llvm/ADT/BitmaskEnum.h:17,
                 from /var/llvm-compile-time-tracker/llvm-project/lld/MachO/Relocations.h:12,
                 from /var/llvm-compile-time-tracker/llvm-project/lld/MachO/Target.h:13,
                 from /var/llvm-compile-time-tracker/llvm-project/lld/MachO/InputFiles.h:13,
                 from /var/llvm-compile-time-tracker/llvm-project/lld/MachO/InputFiles.cpp:44:
/var/llvm-compile-time-tracker/llvm-project/llvm/include/llvm/Support/MathExtras.h:366:13: note: candidate: ‘template<class U, class V, class T> constexpr T llvm::MinAlign(U, V)’
  366 | constexpr T MinAlign(U A, V B) {
      |             ^~~~~~~~
/var/llvm-compile-time-tracker/llvm-project/llvm/include/llvm/Support/MathExtras.h:366:13: note:   template argument deduction/substitution failed:
/var/llvm-compile-time-tracker/llvm-project/llvm/include/llvm/Support/MathExtras.h:365:35: error: no type named ‘type’ in ‘struct std::enable_if<false, void>’
  365 | template <typename U, typename V, typename T = common_uint<U, V>>
      |                                   ^~~~~~~~
/var/llvm-compile-time-tracker/llvm-project/lld/MachO/InputFiles.cpp: In instantiation of ‘void lld::macho::ObjFile::parseSymbols(llvm::ArrayRef<typename LP::section>, llvm::ArrayRef<typename LP::nlist>, const char*, bool) [with LP = lld::macho::ILP32; typename LP::section = llvm::MachO::section; typename LP::nlist = lld::structs::nlist]’:
/var/llvm-compile-time-tracker/llvm-project/lld/MachO/InputFiles.cpp:1022:21:   required from ‘void lld::macho::ObjFile::parse() [with LP = lld::macho::ILP32]’
/var/llvm-compile-time-tracker/llvm-project/lld/MachO/InputFiles.cpp:982:19:   required from here
/var/llvm-compile-time-tracker/llvm-project/lld/MachO/InputFiles.cpp:924:33: error: no matching function for call to ‘MinAlign(uint32_t&, const ulittle32_t&)’
  924 |       nextIsec->align = MinAlign(sectionAlign, sym.n_value);
      |                         ~~~~~~~~^~~~~~~~~~~~~~~~~~~~~~~~~~~
In file included from /var/llvm-compile-time-tracker/llvm-project/llvm/include/llvm/ADT/BitmaskEnum.h:17,
                 from /var/llvm-compile-time-tracker/llvm-project/lld/MachO/Relocations.h:12,
                 from /var/llvm-compile-time-tracker/llvm-project/lld/MachO/Target.h:13,
                 from /var/llvm-compile-time-tracker/llvm-project/lld/MachO/InputFiles.h:13,
                 from /var/llvm-compile-time-tracker/llvm-project/lld/MachO/InputFiles.cpp:44:
/var/llvm-compile-time-tracker/llvm-project/llvm/include/llvm/Support/MathExtras.h:366:13: note: candidate: ‘template<class U, class V, class T> constexpr T llvm::MinAlign(U, V)’
  366 | constexpr T MinAlign(U A, V B) {
      |             ^~~~~~~~
/var/llvm-compile-time-tracker/llvm-project/llvm/include/llvm/Support/MathExtras.h:366:13: note:   template argument deduction/substitution failed:
/var/llvm-compile-time-tracker/llvm-project/llvm/include/llvm/Support/MathExtras.h:365:35: error: no type named ‘type’ in ‘struct std::enable_if<false, void>’
  365 | template <typename U, typename V, typename T = common_uint<U, V>>
      |                                   ^~~~~~~~
In file included from /var/llvm-compile-time-tracker/llvm-project/llvm/include/llvm/ADT/simple_ilist.h:13,
                 from /var/llvm-compile-time-tracker/llvm-project/llvm/include/llvm/ADT/ilist.h:27,
                 from /var/llvm-compile-time-tracker/llvm-project/llvm/include/llvm/IR/BasicBlock.h:19,
                 from /var/llvm-compile-time-tracker/llvm-project/llvm/include/llvm/IR/Function.h:27,
                 from /var/llvm-compile-time-tracker/llvm-project/llvm/include/llvm/IR/InstrTypes.h:28,
                 from /var/llvm-compile-time-tracker/llvm-project/llvm/include/llvm/IR/ConstantRange.h:35,
                 from /var/llvm-compile-time-tracker/llvm-project/llvm/include/llvm/IR/ModuleSummaryIndex.h:26,
                 from /var/llvm-compile-time-tracker/llvm-project/llvm/include/llvm/LTO/LTO.h:21,
                 from /var/llvm-compile-time-tracker/llvm-project/lld/MachO/InputFiles.cpp:65:
/var/llvm-compile-time-tracker/llvm-project/llvm/include/llvm/ADT/ilist_iterator.h:293:15: warning: inline function ‘bool llvm::operator!=(const llvm::ilist_iterator_w_bits<llvm::ilist_detail::node_options<llvm::Instruction, false, false, void, true>, false, true>&, const llvm::ilist_iterator_w_bits<llvm::ilist_detail::node_options<llvm::Instruction, false, false, void, true>, false, true>&)’ used but never defined
  293 |   friend bool operator!=(const ilist_iterator_w_bits &LHS,
      |               ^~~~~~~~
/var/llvm-compile-time-tracker/llvm-project/llvm/include/llvm/ADT/ilist_iterator.h:147:15: warning: inline function ‘bool llvm::operator!=(const llvm::ilist_iterator<llvm::ilist_detail::node_options<llvm::BasicBlock, false, false, void, false>, false, true>&, const llvm::ilist_iterator<llvm::ilist_detail::node_options<llvm::BasicBlock, false, false, void, false>, false, true>&)’ used but never defined
  147 |   friend bool operator!=(const ilist_iterator &LHS, const ilist_iterator &RHS) {
      |               ^~~~~~~~
/var/llvm-compile-time-tracker/llvm-project/llvm/include/llvm/ADT/ilist_iterator.h:147:15: warning: inline function ‘bool llvm::operator!=(const llvm::ilist_iterator<llvm::ilist_detail::node_options<llvm::GlobalVariable, false, false, void, false>, false, true>&, const llvm::ilist_iterator<llvm::ilist_detail::node_options<llvm::GlobalVariable, false, false, void, false>, false, true>&)’ used but never defined
/var/llvm-compile-time-tracker/llvm-project/llvm/include/llvm/ADT/ilist_iterator.h:147:15: warning: inline function ‘bool llvm::operator!=(const llvm::ilist_iterator<llvm::ilist_detail::node_options<llvm::Function, false, false, void, false>, false, true>&, const llvm::ilist_iterator<llvm::ilist_detail::node_options<llvm::Function, false, false, void, false>, false, true>&)’ used but never defined
/var/llvm-compile-time-tracker/llvm-project/llvm/include/llvm/ADT/ilist_iterator.h:147:15: warning: inline function ‘bool llvm::operator!=(const llvm::ilist_iterator<llvm::ilist_detail::node_options<llvm::GlobalAlias, false, false, void, false>, false, true>&, const llvm::ilist_iterator<llvm::ilist_detail::node_options<llvm::GlobalAlias, false, false, void, false>, false, true>&)’ used but never defined
/var/llvm-compile-time-tracker/llvm-project/llvm/include/llvm/ADT/ilist_iterator.h:147:15: warning: inline function ‘bool llvm::operator!=(const llvm::ilist_iterator<llvm::ilist_detail::node_options<llvm::GlobalIFunc, false, false, void, false>, false, true>&, const llvm::ilist_iterator<llvm::ilist_detail::node_options<llvm::GlobalIFunc, false, false, void, false>, false, true>&)’ used but never defined
/var/llvm-compile-time-tracker/llvm-project/llvm/include/llvm/ADT/ilist_iterator.h:147:15: warning: inline function ‘bool llvm::operator!=(const llvm::ilist_iterator<llvm::ilist_detail::node_options<llvm::NamedMDNode, false, false, void, false>, false, true>&, const llvm::ilist_iterator<llvm::ilist_detail::node_options<llvm::NamedMDNode, false, false, void, false>, false, true>&)’ used but never defined
/var/llvm-compile-time-tracker/llvm-project/llvm/include/llvm/ADT/ilist_iterator.h:147:15: warning: inline function ‘bool llvm::operator!=(const llvm::ilist_iterator<llvm::ilist_detail::node_options<llvm::MachineInstr, true, true, void, false>, false, true>&, const llvm::ilist_iterator<llvm::ilist_detail::node_options<llvm::MachineInstr, true, true, void, false>, false, true>&)’ used but never defined
[2001/2743] Building CXX object tools/lld/MachO/CMakeFiles/lldMachO.dir/LTO.cpp.o
[2002/2743] Building CXX object tools/lld/MachO/CMakeFiles/lldMachO.dir/Writer.cpp.o
[2003/2743] Building CXX object tools/lld/ELF/CMakeFiles/lldELF.dir/Driver.cpp.o
[2004/2743] Building CXX object tools/lld/MachO/CMakeFiles/lldMachO.dir/Driver.cpp.o
[2005/2743] Building CXX object lib/Target/X86/CMakeFiles/LLVMX86CodeGen.dir/X86ISelLowering.cpp.o
[2006/2743] Building CXX object tools/lld/MachO/CMakeFiles/lldMachO.dir/SyntheticSections.cpp.o
[2007/2743] Building CXX object tools/lld/wasm/CMakeFiles/lldWasm.dir/InputChunks.cpp.o
[2008/2743] Building CXX object tools/lld/wasm/CMakeFiles/lldWasm.dir/MarkLive.cpp.o
[2009/2743] Building CXX object tools/lld/wasm/CMakeFiles/lldWasm.dir/Driver.cpp.o
[2010/2743] Building CXX object tools/lld/wasm/CMakeFiles/lldWasm.dir/MapFile.cpp.o
[2011/2743] Building CXX object tools/lld/wasm/CMakeFiles/lldWasm.dir/OutputSections.cpp.o
[2012/2743] Building CXX object tools/lld/wasm/CMakeFiles/lldWasm.dir/LTO.cpp.o
[2013/2743] Building CXX object tools/lld/wasm/CMakeFiles/lldWasm.dir/Relocations.cpp.o
[2014/2743] Building CXX object tools/lld/ELF/CMakeFiles/lldELF.dir/SyntheticSections.cpp.o
[2015/2743] Building CXX object tools/lld/wasm/CMakeFiles/lldWasm.dir/InputFiles.cpp.o
[2016/2743] Building CXX object tools/lld/wasm/CMakeFiles/lldWasm.dir/OutputSegment.cpp.o
[2017/2743] Building CXX object tools/lld/wasm/CMakeFiles/lldWasm.dir/SymbolTable.cpp.o
ninja: build stopped: subcommand failed.


STDERR:
Command exited with non-zero status 1
4685.11user 267.26system 5:12.78elapsed 1583%CPU (0avgtext+0avgdata 1817668maxresident)k
0inputs+12968512outputs (13828major+150025340minor)pagefaults 0swaps
