MESSAGE: Execution of "./build_llvm_test_suite.sh ReleaseLTO-g" failed

STDOUT:
loading initial cache file ./llvm-test-suite/cmake/caches/ReleaseLTO-g.cmake
-- The C compiler identification is Clang 17.0.0
-- The CXX compiler identification is Clang 17.0.0
-- Detecting C compiler ABI info
-- Detecting C compiler ABI info - done
-- Check for working C compiler: /root/llvm-compile-time-tracker/llvm-project-build/bin/clang - skipped
-- Detecting C compile features
-- Detecting C compile features - done
-- Detecting CXX compiler ABI info
-- Detecting CXX compiler ABI info - done
-- Check for working CXX compiler: /root/llvm-compile-time-tracker/llvm-project-build/bin/clang++ - skipped
-- Detecting CXX compile features
-- Detecting CXX compile features - done
-- Could NOT find OpenMP_C (missing: OpenMP_C_FLAGS OpenMP_C_LIB_NAMES) 
-- Could NOT find OpenMP_CXX (missing: OpenMP_CXX_FLAGS OpenMP_CXX_LIB_NAMES) 
-- Could NOT find OpenMP (missing: OpenMP_C_FOUND OpenMP_CXX_FOUND) 
-- Check target operating system - Linux
-- Check target system architecture: x86
-- Check target system architecture: zen
-- Adding directory CTMark
-- Found Intl: built in to C library  
-- Found Tclsh: /bin/tclsh (found version "8.6") 
-- Could NOT find TCL (missing: TCL_INCLUDE_PATH) 
-- Could NOT find TCLTK (missing: TCL_INCLUDE_PATH TK_LIBRARY TK_INCLUDE_PATH) 
-- Could NOT find TK (missing: TK_LIBRARY TK_INCLUDE_PATH) 
-- Configuring done
-- Generating done
-- Build files have been written to: /root/llvm-compile-time-tracker/llvm-test-suite-build
ninja: Entering directory `./llvm-test-suite-build'
[1/669] Generating HashProgramOutput.sh
[2/669] Generating timeit-target
[3/669] Generating timeit
[4/669] Generating ../lit.cfg
[5/669] Generating __init__.py
[6/669] Generating modules/__init__.py
[7/669] Generating modules/compiletime.py
[8/669] Generating modules/hash.py
[9/669] Generating modules/codesize.py
[10/669] Generating modules/hpmcount.py
[11/669] Generating modules/microbenchmark.py
[12/669] Generating modules/perf.py
[13/669] Generating modules/profilegen.py
[14/669] Generating modules/remote.py
[15/669] Generating modules/run.py
[16/669] Generating modules/run_under.py
[17/669] Generating modules/stats.py
[18/669] Generating modules/timeit.py
[19/669] Generating shellcommand.py
[20/669] Generating test.py
[21/669] Generating testfile.py
[22/669] [TEST_SUITE_HOST_CC] Compiling host source fpcmp.c
[23/669] Generating testplan.py
[24/669] [TEST_SUITE_HOST_CC] Linking host executable fpcmp
[25/669] Building C object tools/CMakeFiles/fpcmp-target.dir/fpcmp.c.o
FAILED: tools/CMakeFiles/fpcmp-target.dir/fpcmp.c.o 
/root/llvm-compile-time-tracker/llvm-project-build/bin/clang -DNDEBUG  -O3 -fomit-frame-pointer -flto -DNDEBUG -g   -w -Werror=date-time -MD -MT tools/CMakeFiles/fpcmp-target.dir/fpcmp.c.o -MF tools/CMakeFiles/fpcmp-target.dir/fpcmp.c.o.d -o tools/CMakeFiles/fpcmp-target.dir/fpcmp.c.o -c /root/llvm-compile-time-tracker/llvm-test-suite/tools/fpcmp.c
PLEASE submit a bug report to https://github.com/llvm/llvm-project/issues/ and include the crash backtrace, preprocessed source, and associated run script.
Stack dump:
0.	Program arguments: /root/llvm-compile-time-tracker/llvm-project-build/bin/clang -DNDEBUG -O3 -fomit-frame-pointer -flto -DNDEBUG -g -w -Werror=date-time -MD -MT tools/CMakeFiles/fpcmp-target.dir/fpcmp.c.o -MF tools/CMakeFiles/fpcmp-target.dir/fpcmp.c.o.d -o tools/CMakeFiles/fpcmp-target.dir/fpcmp.c.o -c /root/llvm-compile-time-tracker/llvm-test-suite/tools/fpcmp.c
1.	<eof> parser at end of file
2.	Optimizer
Stack dump without symbol names (ensure you have llvm-symbolizer in your PATH or set the environment var `LLVM_SYMBOLIZER_PATH` to point to it):
0  clang     0x000055c1b81492a6 llvm::sys::PrintStackTrace(llvm::raw_ostream&, int) + 246
1  clang     0x000055c1b81470f4 llvm::sys::CleanupOnSignal(unsigned long) + 180
2  clang     0x000055c1b80a7668
3  libc.so.6 0x00007fb26af11520
4  clang     0x000055c1b7b71e97 llvm::DPMarker::getParent() + 7
5  clang     0x000055c1b820d314 llvm::formLCSSAForInstructions(llvm::SmallVectorImpl<llvm::Instruction*>&, llvm::DominatorTree const&, llvm::LoopInfo const&, llvm::ScalarEvolution*, llvm::IRBuilderBase&, llvm::SmallVectorImpl<llvm::PHINode*>*) + 6228
6  clang     0x000055c1b820eef2 llvm::formLCSSA(llvm::Loop&, llvm::DominatorTree const&, llvm::LoopInfo const*, llvm::ScalarEvolution*) + 946
7  clang     0x000055c1b821079e llvm::LCSSAPass::run(llvm::Function&, llvm::AnalysisManager<llvm::Function>&) + 494
8  clang     0x000055c1b924d9d6
9  clang     0x000055c1bab0164b llvm::FunctionToLoopPassAdaptor::run(llvm::Function&, llvm::AnalysisManager<llvm::Function>&) + 3083
10 clang     0x000055c1b924b096
11 clang     0x000055c1b837a768
12 clang     0x000055c1bac24e96 llvm::CGSCCToFunctionPassAdaptor::run(llvm::LazyCallGraph::SCC&, llvm::AnalysisManager<llvm::LazyCallGraph::SCC, llvm::LazyCallGraph&>&, llvm::LazyCallGraph&, llvm::CGSCCUpdateResult&) + 1606
13 clang     0x000055c1b924b046
14 clang     0x000055c1bac1e15b llvm::PassManager<llvm::LazyCallGraph::SCC, llvm::AnalysisManager<llvm::LazyCallGraph::SCC, llvm::LazyCallGraph&>, llvm::LazyCallGraph&, llvm::CGSCCUpdateResult&>::run(llvm::LazyCallGraph::SCC&, llvm::AnalysisManager<llvm::LazyCallGraph::SCC, llvm::LazyCallGraph&>&, llvm::LazyCallGraph&, llvm::CGSCCUpdateResult&) + 379
15 clang     0x000055c1b924afa6
16 clang     0x000055c1bac2182d llvm::DevirtSCCRepeatedPass::run(llvm::LazyCallGraph::SCC&, llvm::AnalysisManager<llvm::LazyCallGraph::SCC, llvm::LazyCallGraph&>&, llvm::LazyCallGraph&, llvm::CGSCCUpdateResult&) + 589
17 clang     0x000055c1b924aff6
18 clang     0x000055c1bac1f262 llvm::ModuleToPostOrderCGSCCPassAdaptor::run(llvm::Module&, llvm::AnalysisManager<llvm::Module>&) + 3650
19 clang     0x000055c1b947e4c2 llvm::ModuleInlinerWrapperPass::run(llvm::Module&, llvm::AnalysisManager<llvm::Module>&) + 1218
20 clang     0x000055c1b924a6d6
21 clang     0x000055c1b7c4aef7 llvm::PassManager<llvm::Module, llvm::AnalysisManager<llvm::Module>>::run(llvm::Module&, llvm::AnalysisManager<llvm::Module>&) + 1031
22 clang     0x000055c1b83839d4
23 clang     0x000055c1b8386aad clang::EmitBackendOutput(clang::DiagnosticsEngine&, clang::HeaderSearchOptions const&, clang::CodeGenOptions const&, clang::TargetOptions const&, clang::LangOptions const&, llvm::StringRef, llvm::Module*, clang::BackendAction, llvm::IntrusiveRefCntPtr<llvm::vfs::FileSystem>, std::unique_ptr<llvm::raw_pwrite_stream, std::default_delete<llvm::raw_pwrite_stream>>) + 3277
24 clang     0x000055c1b91eb5d1
25 clang     0x000055c1b98665a9 clang::ParseAST(clang::Sema&, bool, bool) + 1129
26 clang     0x000055c1b8b43d79 clang::FrontendAction::Execute() + 201
27 clang     0x000055c1b8acaae1 clang::CompilerInstance::ExecuteAction(clang::FrontendAction&) + 289
28 clang     0x000055c1b8c058ac clang::ExecuteCompilerInvocation(clang::CompilerInstance*) + 348
29 clang     0x000055c1b6f2c955 cc1_main(llvm::ArrayRef<char const*>, char const*, void*) + 4709
30 clang     0x000055c1b6f27d7d
31 clang     0x000055c1b89217bd
32 clang     0x000055c1b80a7a97 llvm::CrashRecoveryContext::RunSafely(llvm::function_ref<void ()>) + 39
33 clang     0x000055c1b8921b57
34 clang     0x000055c1b88eb861 clang::driver::Compilation::ExecuteCommand(clang::driver::Command const&, clang::driver::Command const*&, bool) const + 177
35 clang     0x000055c1b88ec33d clang::driver::Compilation::ExecuteJobs(clang::driver::JobList const&, llvm::SmallVectorImpl<std::pair<int, clang::driver::Command const*>>&, bool) const + 269
36 clang     0x000055c1b88fd61c clang::driver::Driver::ExecuteCompilation(clang::driver::Compilation&, llvm::SmallVectorImpl<std::pair<int, clang::driver::Command const*>>&) + 332
37 clang     0x000055c1b6f2a694 clang_main(int, char**, llvm::ToolContext const&) + 9092
38 clang     0x000055c1b6e78633 main + 51
39 libc.so.6 0x00007fb26aef8d90
40 libc.so.6 0x00007fb26aef8e40 __libc_start_main + 128
41 clang     0x000055c1b6f23fe5 _start + 37
clang: error: clang frontend command failed with exit code 139 (use -v to see invocation)
clang version 17.0.0
Target: x86_64-unknown-linux-gnu
Thread model: posix
InstalledDir: /root/llvm-compile-time-tracker/llvm-project-build/bin
clang: note: diagnostic msg: 
********************

PLEASE ATTACH THE FOLLOWING FILES TO THE BUG REPORT:
Preprocessed source(s) and associated run script(s) are located at:
clang: note: diagnostic msg: /tmp/fpcmp-32ad6a.c
clang: note: diagnostic msg: /tmp/fpcmp-32ad6a.sh
clang: note: diagnostic msg: 

********************
[26/669] Generating sqlite test inputs
ninja: build stopped: subcommand failed.


STDERR:
