MESSAGE: Execution of "sudo -u lctt-runner ./build_llvm_test_suite.sh O3 stage2" failed

STDOUT:
loading initial cache file ./llvm-test-suite/cmake/caches/O3.cmake
-- The C compiler identification is Clang 20.0.0
-- The CXX compiler identification is Clang 20.0.0
-- Detecting C compiler ABI info
-- Detecting C compiler ABI info - done
-- Check for working C compiler: /tmp/llvm-project-build-stage2/bin/clang - skipped
-- Detecting C compile features
-- Detecting C compile features - done
-- Detecting CXX compiler ABI info
-- Detecting CXX compiler ABI info - done
-- Check for working CXX compiler: /tmp/llvm-project-build-stage2/bin/clang++ - skipped
-- Detecting CXX compile features
-- Detecting CXX compile features - done
-- Could NOT find OpenMP_C (missing: OpenMP_C_FLAGS OpenMP_C_LIB_NAMES) 
-- Could NOT find OpenMP_CXX (missing: OpenMP_CXX_FLAGS OpenMP_CXX_LIB_NAMES) 
-- Could NOT find OpenMP (missing: OpenMP_C_FOUND OpenMP_CXX_FOUND) 
-- Check target operating system - Linux
-- Check target system architecture: x86
-- Check target system architecture: unknown
-- Adding directory CTMark
-- Found Intl: built in to C library  
-- Performing Test COMPILER_HAS_NO_DEFINE_TARGET_OS_MACROS
-- Performing Test COMPILER_HAS_NO_DEFINE_TARGET_OS_MACROS - Success
-- Found Tclsh: /bin/tclsh (found version "8.6") 
-- Could NOT find TCL (missing: TCL_INCLUDE_PATH) 
-- Could NOT find TCLTK (missing: TCL_INCLUDE_PATH TK_LIBRARY TK_INCLUDE_PATH) 
-- Could NOT find TK (missing: TK_LIBRARY TK_INCLUDE_PATH) 
-- Configuring done
-- Generating done
-- Build files have been written to: /tmp/llvm-test-suite-build
ninja: Entering directory `/tmp/llvm-test-suite-build'
[1/671] Generating ../lit.cfg
[2/671] Generating HashProgramOutput.sh
[3/671] Generating timeit
[4/671] Generating timeit-target
[5/671] Generating __init__.py
[6/671] Generating modules/__init__.py
[7/671] Generating modules/codesize.py
[8/671] Generating modules/compiletime.py
[9/671] Generating modules/microbenchmark.py
[10/671] Generating modules/hpmcount.py
[11/671] Generating modules/perf.py
[12/671] Generating modules/hash.py
[13/671] Generating modules/profilegen.py
[14/671] Generating modules/remote.py
[15/671] Generating modules/run.py
[16/671] Generating modules/run_under.py
[17/671] Generating modules/stats.py
[18/671] Generating modules/timeit.py
[19/671] Generating shellcommand.py
[20/671] Generating test.py
[21/671] Generating testfile.py
[22/671] Generating testplan.py
[23/671] [TEST_SUITE_HOST_CC] Compiling host source fpcmp.c
[24/671] [TEST_SUITE_HOST_CC] Linking host executable fpcmp
[25/671] Building C object tools/CMakeFiles/fpcmp-target.dir/fpcmp.c.o
[26/671] Linking C executable tools/fpcmp-target
[27/671] Building CXX object tools/CMakeFiles/not.dir/not.cpp.o
[28/671] Generating sqlite test inputs
[29/671] Building CXX object CTMark/7zip/CMakeFiles/7zip-benchmark.dir/CPP/myWindows/wine_date_and_time.cpp.o
[30/671] Linking CXX executable tools/not
[31/671] Building CXX object CTMark/7zip/CMakeFiles/7zip-benchmark.dir/CPP/myWindows/myGetTickCount.cpp.o
[32/671] Building CXX object CTMark/7zip/CMakeFiles/7zip-benchmark.dir/CPP/myWindows/myAddExeFlag.cpp.o
[33/671] Building CXX object CTMark/7zip/CMakeFiles/7zip-benchmark.dir/CPP/myWindows/mySplitCommandLine.cpp.o
[34/671] Building CXX object CTMark/7zip/CMakeFiles/7zip-benchmark.dir/CPP/7zip/UI/Console/BenchCon.cpp.o
[35/671] Building CXX object CTMark/7zip/CMakeFiles/7zip-benchmark.dir/CPP/7zip/UI/Console/ConsoleClose.cpp.o
[36/671] Building CXX object CTMark/7zip/CMakeFiles/7zip-benchmark.dir/CPP/7zip/UI/Console/ExtractCallbackConsole.cpp.o
[37/671] Building CXX object CTMark/7zip/CMakeFiles/7zip-benchmark.dir/CPP/7zip/UI/Console/MainAr.cpp.o
[38/671] Building CXX object CTMark/7zip/CMakeFiles/7zip-benchmark.dir/CPP/7zip/UI/Console/OpenCallbackConsole.cpp.o
[39/671] Building CXX object CTMark/7zip/CMakeFiles/7zip-benchmark.dir/CPP/7zip/UI/Console/PercentPrinter.cpp.o
FAILED: CTMark/7zip/CMakeFiles/7zip-benchmark.dir/CPP/7zip/UI/Console/PercentPrinter.cpp.o 
/tmp/llvm-test-suite-build/tools/timeit --summary CTMark/7zip/CMakeFiles/7zip-benchmark.dir/CPP/7zip/UI/Console/PercentPrinter.cpp.o.time /tmp/llvm-project-build-stage2/bin/clang++ -DNDEBUG  -O3   -w -Werror=date-time -DBREAK_HANDLER -DUNICODE -D_UNICODE -I/var/llvm-compile-time-tracker/llvm-test-suite/CTMark/7zip/C -I/var/llvm-compile-time-tracker/llvm-test-suite/CTMark/7zip/CPP/myWindows -I/var/llvm-compile-time-tracker/llvm-test-suite/CTMark/7zip/CPP/include_windows -I/var/llvm-compile-time-tracker/llvm-test-suite/CTMark/7zip/CPP -I. -D_FILE_OFFSET_BITS=64 -D_LARGEFILE_SOURCE -DNDEBUG -D_REENTRANT -DENV_UNIX -D_7ZIP_LARGE_PAGES -pthread -Wno-error=narrowing -DBREAK_HANDLER -DUNICODE -D_UNICODE -I/var/llvm-compile-time-tracker/llvm-test-suite/CTMark/7zip/C -I/var/llvm-compile-time-tracker/llvm-test-suite/CTMark/7zip/CPP/myWindows -I/var/llvm-compile-time-tracker/llvm-test-suite/CTMark/7zip/CPP/include_windows -I/var/llvm-compile-time-tracker/llvm-test-suite/CTMark/7zip/CPP -I. -D_FILE_OFFSET_BITS=64 -D_LARGEFILE_SOURCE -DNDEBUG -D_REENTRANT -DENV_UNIX -D_7ZIP_LARGE_PAGES -pthread -MD -MT CTMark/7zip/CMakeFiles/7zip-benchmark.dir/CPP/7zip/UI/Console/PercentPrinter.cpp.o -MF CTMark/7zip/CMakeFiles/7zip-benchmark.dir/CPP/7zip/UI/Console/PercentPrinter.cpp.o.d -o CTMark/7zip/CMakeFiles/7zip-benchmark.dir/CPP/7zip/UI/Console/PercentPrinter.cpp.o -c /var/llvm-compile-time-tracker/llvm-test-suite/CTMark/7zip/CPP/7zip/UI/Console/PercentPrinter.cpp
PLEASE submit a bug report to https://github.com/llvm/llvm-project/issues/ and include the crash backtrace, preprocessed source, and associated run script.
Stack dump:
0.	Program arguments: /tmp/llvm-project-build-stage2/bin/clang++ -DNDEBUG -O3 -w -Werror=date-time -DBREAK_HANDLER -DUNICODE -D_UNICODE -I/var/llvm-compile-time-tracker/llvm-test-suite/CTMark/7zip/C -I/var/llvm-compile-time-tracker/llvm-test-suite/CTMark/7zip/CPP/myWindows -I/var/llvm-compile-time-tracker/llvm-test-suite/CTMark/7zip/CPP/include_windows -I/var/llvm-compile-time-tracker/llvm-test-suite/CTMark/7zip/CPP -I. -D_FILE_OFFSET_BITS=64 -D_LARGEFILE_SOURCE -DNDEBUG -D_REENTRANT -DENV_UNIX -D_7ZIP_LARGE_PAGES -pthread -Wno-error=narrowing -DBREAK_HANDLER -DUNICODE -D_UNICODE -I/var/llvm-compile-time-tracker/llvm-test-suite/CTMark/7zip/C -I/var/llvm-compile-time-tracker/llvm-test-suite/CTMark/7zip/CPP/myWindows -I/var/llvm-compile-time-tracker/llvm-test-suite/CTMark/7zip/CPP/include_windows -I/var/llvm-compile-time-tracker/llvm-test-suite/CTMark/7zip/CPP -I. -D_FILE_OFFSET_BITS=64 -D_LARGEFILE_SOURCE -DNDEBUG -D_REENTRANT -DENV_UNIX -D_7ZIP_LARGE_PAGES -pthread -MD -MT CTMark/7zip/CMakeFiles/7zip-benchmark.dir/CPP/7zip/UI/Console/PercentPrinter.cpp.o -MF CTMark/7zip/CMakeFiles/7zip-benchmark.dir/CPP/7zip/UI/Console/PercentPrinter.cpp.o.d -o CTMark/7zip/CMakeFiles/7zip-benchmark.dir/CPP/7zip/UI/Console/PercentPrinter.cpp.o -c /var/llvm-compile-time-tracker/llvm-test-suite/CTMark/7zip/CPP/7zip/UI/Console/PercentPrinter.cpp
1.	<eof> parser at end of file
2.	Optimizer
3.	Running pass "function<eager-inv>(float2int,lower-constant-intrinsics,chr,loop(loop-rotate<header-duplication;no-prepare-for-lto>,loop-deletion),loop-distribute,inject-tli-mappings,loop-vectorize<no-interleave-forced-only;no-vectorize-forced-only;>,infer-alignment,loop-load-elim,instcombine<max-iterations=1;no-verify-fixpoint>,simplifycfg<bonus-inst-threshold=1;forward-switch-cond;switch-range-to-icmp;switch-to-lookup;no-keep-loops;hoist-common-insts;no-hoist-loads-stores-with-cond-faulting;sink-common-insts;speculate-blocks;simplify-cond-branch;no-speculate-unpredictables>,slp-vectorizer,vector-combine,instcombine<max-iterations=1;no-verify-fixpoint>,loop-unroll<O3>,transform-warning,sroa<preserve-cfg>,infer-alignment,instcombine<max-iterations=1;no-verify-fixpoint>,loop-mssa(licm<allowspeculation>),alignment-from-assumptions,loop-sink,instsimplify,div-rem-pairs,tailcallelim,simplifycfg<bonus-inst-threshold=1;no-forward-switch-cond;switch-range-to-icmp;no-switch-to-lookup;keep-loops;no-hoist-common-insts;hoist-loads-stores-with-cond-faulting;no-sink-common-insts;speculate-blocks;simplify-cond-branch;speculate-unpredictables>)" on module "/var/llvm-compile-time-tracker/llvm-test-suite/CTMark/7zip/CPP/7zip/UI/Console/PercentPrinter.cpp"
4.	Running pass "instcombine<max-iterations=1;no-verify-fixpoint>" on function "_ZN15CPercentPrinter12RePrintRatioEv"
Stack dump without symbol names (ensure you have llvm-symbolizer in your PATH or set the environment var `LLVM_SYMBOLIZER_PATH` to point to it):
0  clang++   0x0000556255b05de8 llvm::sys::PrintStackTrace(llvm::raw_ostream&, int) + 40
1  clang++   0x0000556255b0327e llvm::sys::RunSignalHandlers() + 238
2  clang++   0x0000556255a678a7
3  libc.so.6 0x00007f56b5b19520
4  clang++   0x00005562556b6fce
5  clang++   0x00005562556c0be0
6  clang++   0x00005562556c0400 llvm::InstCombinePass::run(llvm::Function&, llvm::AnalysisManager<llvm::Function>&) + 1104
7  clang++   0x00005562563d28ed
8  clang++   0x00005562555de750 llvm::PassManager<llvm::Function, llvm::AnalysisManager<llvm::Function>>::run(llvm::Function&, llvm::AnalysisManager<llvm::Function>&) + 576
9  clang++   0x0000556254b782dd
10 clang++   0x00005562555e30bd llvm::ModuleToFunctionPassAdaptor::run(llvm::Module&, llvm::AnalysisManager<llvm::Module>&) + 349
11 clang++   0x0000556254b7803d
12 clang++   0x00005562555dd6da llvm::PassManager<llvm::Module, llvm::AnalysisManager<llvm::Module>>::run(llvm::Module&, llvm::AnalysisManager<llvm::Module>&) + 1146
13 clang++   0x00005562563c9817
14 clang++   0x00005562563bed3a clang::EmitBackendOutput(clang::DiagnosticsEngine&, clang::HeaderSearchOptions const&, clang::CodeGenOptions const&, clang::TargetOptions const&, clang::LangOptions const&, llvm::StringRef, llvm::Module*, clang::BackendAction, llvm::IntrusiveRefCntPtr<llvm::vfs::FileSystem>, std::unique_ptr<llvm::raw_pwrite_stream, std::default_delete<llvm::raw_pwrite_stream>>, clang::BackendConsumer*) + 3962
15 clang++   0x00005562563dbc9d clang::BackendConsumer::HandleTranslationUnit(clang::ASTContext&) + 2941
16 clang++   0x0000556257a4ec49 clang::ParseAST(clang::Sema&, bool, bool) + 937
17 clang++   0x000055625691a4b4 clang::FrontendAction::Execute() + 84
18 clang++   0x000055625680b6f0 clang::CompilerInstance::ExecuteAction(clang::FrontendAction&) + 1216
19 clang++   0x0000556256a1e312 clang::ExecuteCompilerInvocation(clang::CompilerInstance*) + 738
20 clang++   0x000055625483addf cc1_main(llvm::ArrayRef<char const*>, char const*, void*) + 8127
21 clang++   0x00005562548372ef
22 clang++   0x000055625666dc29
23 clang++   0x0000556255a67468 llvm::CrashRecoveryContext::RunSafely(llvm::function_ref<void ()>) + 136
24 clang++   0x000055625666d874 clang::driver::CC1Command::Execute(llvm::ArrayRef<std::optional<llvm::StringRef>>, std::__cxx11::basic_string<char, std::char_traits<char>, std::allocator<char>>*, bool*) const + 356
25 clang++   0x000055625662dd70 clang::driver::Compilation::ExecuteCommand(clang::driver::Command const&, clang::driver::Command const*&, bool) const + 560
26 clang++   0x000055625664a78c clang::driver::Driver::ExecuteCompilation(clang::driver::Compilation&, llvm::SmallVectorImpl<std::pair<int, clang::driver::Command const*>>&) + 732
27 clang++   0x00005562548367f2 clang_main(int, char**, llvm::ToolContext const&) + 7202
28 clang++   0x0000556254846bea main + 90
29 libc.so.6 0x00007f56b5b00d90
30 libc.so.6 0x00007f56b5b00e40 __libc_start_main + 128
31 clang++   0x0000556254829125 _start + 37
clang++: error: clang frontend command failed with exit code 139 (use -v to see invocation)
clang version 20.0.0git
Target: x86_64-unknown-linux-gnu
Thread model: posix
InstalledDir: /tmp/llvm-project-build-stage2/bin
clang++: note: diagnostic msg: 
********************

PLEASE ATTACH THE FOLLOWING FILES TO THE BUG REPORT:
Preprocessed source(s) and associated run script(s) are located at:
clang++: note: diagnostic msg: /tmp/PercentPrinter-ef9367.cpp
clang++: note: diagnostic msg: /tmp/PercentPrinter-ef9367.sh
clang++: note: diagnostic msg: 

********************
[40/671] Building CXX object CTMark/7zip/CMakeFiles/7zip-benchmark.dir/CPP/7zip/UI/Console/UpdateCallbackConsole.cpp.o
[41/671] Building CXX object CTMark/7zip/CMakeFiles/7zip-benchmark.dir/CPP/7zip/UI/Console/UserInputUtils.cpp.o
[42/671] Building CXX object CTMark/7zip/CMakeFiles/7zip-benchmark.dir/CPP/Common/CRC.cpp.o
[43/671] Building CXX object CTMark/7zip/CMakeFiles/7zip-benchmark.dir/CPP/7zip/UI/Console/List.cpp.o
[44/671] Building CXX object CTMark/7zip/CMakeFiles/7zip-benchmark.dir/CPP/7zip/UI/Console/Main.cpp.o
[45/671] Building CXX object CTMark/7zip/CMakeFiles/7zip-benchmark.dir/CPP/Common/CommandLineParser.cpp.o
ninja: build stopped: subcommand failed.


STDERR:
