MESSAGE: Execution of "sudo -u lctt-runner ./build_llvm_test_suite.sh O3 stage2" failed

STDOUT:
[206/669] Building C object CTMark/7zip/CMakeFiles/7zip-benchmark.dir/C/Alloc.c.o
[207/669] Building C object CTMark/7zip/CMakeFiles/7zip-benchmark.dir/C/Bra.c.o
[208/669] Building CXX object CTMark/7zip/CMakeFiles/7zip-benchmark.dir/CPP/7zip/Crypto/Sha1.cpp.o
[209/669] Building C object CTMark/7zip/CMakeFiles/7zip-benchmark.dir/C/Bra86.c.o
[210/669] Building CXX object CTMark/7zip/CMakeFiles/7zip-benchmark.dir/CPP/7zip/Crypto/ZipCrypto.cpp.o
[211/669] Building C object CTMark/7zip/CMakeFiles/7zip-benchmark.dir/C/Aes.c.o
[212/669] Building C object CTMark/7zip/CMakeFiles/7zip-benchmark.dir/C/BraIA64.c.o
[213/669] Building CXX object CTMark/7zip/CMakeFiles/7zip-benchmark.dir/CPP/7zip/Crypto/WzAes.cpp.o
[214/669] Building C object CTMark/7zip/CMakeFiles/7zip-benchmark.dir/C/Delta.c.o
[215/669] Building CXX object CTMark/7zip/CMakeFiles/7zip-benchmark.dir/CPP/7zip/Crypto/ZipStrong.cpp.o
[216/669] Building C object CTMark/7zip/CMakeFiles/7zip-benchmark.dir/C/HuffEnc.c.o
[217/669] Building C object CTMark/7zip/CMakeFiles/7zip-benchmark.dir/C/BwtSort.c.o
[218/669] Building C object CTMark/7zip/CMakeFiles/7zip-benchmark.dir/C/Lzma2Dec.c.o
[219/669] Building C object CTMark/7zip/CMakeFiles/7zip-benchmark.dir/C/Lzma2Enc.c.o
[220/669] Building C object CTMark/7zip/CMakeFiles/7zip-benchmark.dir/C/LzFindMt.c.o
[221/669] Building C object CTMark/7zip/CMakeFiles/7zip-benchmark.dir/C/MtCoder.c.o
[222/669] Building C object CTMark/7zip/CMakeFiles/7zip-benchmark.dir/C/Ppmd7Dec.c.o
[223/669] Building C object CTMark/7zip/CMakeFiles/7zip-benchmark.dir/C/LzFind.c.o
[224/669] Building C object CTMark/7zip/CMakeFiles/7zip-benchmark.dir/C/Ppmd7Enc.c.o
[225/669] Building C object CTMark/7zip/CMakeFiles/7zip-benchmark.dir/C/Ppmd8Dec.c.o
[226/669] Building C object CTMark/7zip/CMakeFiles/7zip-benchmark.dir/C/Ppmd7.c.o
[227/669] Building C object CTMark/7zip/CMakeFiles/7zip-benchmark.dir/C/LzmaDec.c.o
[228/669] Building C object CTMark/SPASS/CMakeFiles/SPASS.dir/partition.c.o
[229/669] Building C object CTMark/7zip/CMakeFiles/7zip-benchmark.dir/C/Sort.c.o
[230/669] Building C object CTMark/7zip/CMakeFiles/7zip-benchmark.dir/C/Sha256.c.o
[231/669] Building C object CTMark/SPASS/CMakeFiles/SPASS.dir/order.c.o
[232/669] Building C object CTMark/7zip/CMakeFiles/7zip-benchmark.dir/C/Ppmd8Enc.c.o
[233/669] Building C object CTMark/7zip/CMakeFiles/7zip-benchmark.dir/C/Threads.c.o
[234/669] Building C object CTMark/7zip/CMakeFiles/7zip-benchmark.dir/C/Xz.c.o
[235/669] Building C object CTMark/7zip/CMakeFiles/7zip-benchmark.dir/C/XzCrc64.c.o
[236/669] Building C object CTMark/7zip/CMakeFiles/7zip-benchmark.dir/C/7zCrc.c.o
[237/669] Building C object CTMark/7zip/CMakeFiles/7zip-benchmark.dir/C/XzEnc.c.o
[238/669] Building C object CTMark/7zip/CMakeFiles/7zip-benchmark.dir/C/XzIn.c.o
[239/669] Building C object CTMark/7zip/CMakeFiles/7zip-benchmark.dir/C/Ppmd8.c.o
[240/669] Building C object CTMark/ClamAV/CMakeFiles/clamscan.dir/libclamav_md5.c.o
[241/669] Building CXX object CTMark/Bullet/CMakeFiles/bullet.dir/SphereTriangleDetector.cpp.o
[242/669] Building C object CTMark/7zip/CMakeFiles/7zip-benchmark.dir/C/XzDec.c.o
[243/669] Building C object CTMark/ClamAV/CMakeFiles/clamscan.dir/libclamav_mew.c.o
[244/669] Building CXX object CTMark/Bullet/CMakeFiles/bullet.dir/btActivatingCollisionAlgorithm.cpp.o
[245/669] Building CXX object CTMark/Bullet/CMakeFiles/bullet.dir/btAlignedAllocator.cpp.o
[246/669] Building C object CTMark/ClamAV/CMakeFiles/clamscan.dir/libclamav_mbox.c.o
[247/669] Building C object CTMark/7zip/CMakeFiles/7zip-benchmark.dir/C/LzmaEnc.c.o
[248/669] Building C object CTMark/ClamAV/CMakeFiles/clamscan.dir/libclamav_message.c.o
[249/669] Building CXX object CTMark/Bullet/CMakeFiles/bullet.dir/btBox2dShape.cpp.o
[250/669] Building CXX object CTMark/Bullet/CMakeFiles/bullet.dir/btBoxBoxCollisionAlgorithm.cpp.o
[251/669] Building CXX object CTMark/Bullet/CMakeFiles/bullet.dir/btBox2dBox2dCollisionAlgorithm.cpp.o
[252/669] Linking CXX executable CTMark/7zip/7zip-benchmark
[253/669] Building CXX object CTMark/Bullet/CMakeFiles/bullet.dir/btBroadphaseProxy.cpp.o
[254/669] Building CXX object CTMark/Bullet/CMakeFiles/bullet.dir/btBoxShape.cpp.o
[255/669] Building CXX object CTMark/Bullet/CMakeFiles/bullet.dir/btBoxBoxDetector.cpp.o
[256/669] Building CXX object CTMark/Bullet/CMakeFiles/bullet.dir/btCollisionAlgorithm.cpp.o
[257/669] Building CXX object CTMark/Bullet/CMakeFiles/bullet.dir/btBvhTriangleMeshShape.cpp.o
[258/669] Building CXX object CTMark/Bullet/CMakeFiles/bullet.dir/btCapsuleShape.cpp.o
[259/669] Building CXX object CTMark/Bullet/CMakeFiles/bullet.dir/btCollisionObject.cpp.o
[260/669] Building CXX object CTMark/Bullet/CMakeFiles/bullet.dir/btCollisionShape.cpp.o
[261/669] Building CXX object CTMark/Bullet/CMakeFiles/bullet.dir/btAxisSweep3.cpp.o
[262/669] Building CXX object CTMark/Bullet/CMakeFiles/bullet.dir/btCollisionDispatcher.cpp.o
[263/669] Building CXX object CTMark/Bullet/CMakeFiles/bullet.dir/btConcaveShape.cpp.o
[264/669] Building CXX object CTMark/Bullet/CMakeFiles/bullet.dir/btConeShape.cpp.o
[265/669] Building CXX object CTMark/Bullet/CMakeFiles/bullet.dir/btCompoundShape.cpp.o
[266/669] Building CXX object CTMark/Bullet/CMakeFiles/bullet.dir/btContactConstraint.cpp.o
[267/669] Building CXX object CTMark/Bullet/CMakeFiles/bullet.dir/btCompoundCollisionAlgorithm.cpp.o
[268/669] Building CXX object CTMark/Bullet/CMakeFiles/bullet.dir/BenchmarkDemo.cpp.o
[269/669] Building CXX object CTMark/Bullet/CMakeFiles/bullet.dir/btCollisionWorld.cpp.o
FAILED: CTMark/Bullet/CMakeFiles/bullet.dir/btCollisionWorld.cpp.o 
/tmp/llvm-test-suite-build/tools/timeit --summary CTMark/Bullet/CMakeFiles/bullet.dir/btCollisionWorld.cpp.o.time /tmp/llvm-project-build-stage2/bin/clang++ -DNDEBUG  -O3   -w -Werror=date-time -I/var/llvm-compile-time-tracker/llvm-test-suite/CTMark/Bullet/include -std=gnu++98 -DNO_TIME -MD -MT CTMark/Bullet/CMakeFiles/bullet.dir/btCollisionWorld.cpp.o -MF CTMark/Bullet/CMakeFiles/bullet.dir/btCollisionWorld.cpp.o.d -o CTMark/Bullet/CMakeFiles/bullet.dir/btCollisionWorld.cpp.o -c /var/llvm-compile-time-tracker/llvm-test-suite/CTMark/Bullet/btCollisionWorld.cpp
PLEASE submit a bug report to https://github.com/llvm/llvm-project/issues/ and include the crash backtrace, preprocessed source, and associated run script.
Stack dump:
0.	Program arguments: /tmp/llvm-project-build-stage2/bin/clang++ -DNDEBUG -O3 -w -Werror=date-time -I/var/llvm-compile-time-tracker/llvm-test-suite/CTMark/Bullet/include -std=gnu++98 -DNO_TIME -MD -MT CTMark/Bullet/CMakeFiles/bullet.dir/btCollisionWorld.cpp.o -MF CTMark/Bullet/CMakeFiles/bullet.dir/btCollisionWorld.cpp.o.d -o CTMark/Bullet/CMakeFiles/bullet.dir/btCollisionWorld.cpp.o -c /var/llvm-compile-time-tracker/llvm-test-suite/CTMark/Bullet/btCollisionWorld.cpp
1.	<eof> parser at end of file
2.	Per-file LLVM IR generation
3.	/var/llvm-compile-time-tracker/llvm-test-suite/CTMark/Bullet/include/BulletCollision/NarrowPhaseCollision/btVoronoiSimplexSolver.h:33:7: Generating code for declaration 'btUsageBitfield::reset'
#0 0x0000559cf7868aa8 llvm::sys::PrintStackTrace(llvm::raw_ostream&, int) (/tmp/llvm-project-build-stage2/bin/clang+++0x2cc7aa8)
#1 0x0000559cf786603e llvm::sys::RunSignalHandlers() (/tmp/llvm-project-build-stage2/bin/clang+++0x2cc503e)
#2 0x0000559cf77c4d99 CrashRecoverySignalHandler(int) (.llvm.2739407858267162067) CrashRecoveryContext.cpp:0:0
#3 0x00007f4ff1afd520 (/lib/x86_64-linux-gnu/libc.so.6+0x42520)
#4 0x0000559cf7bdf26f (/tmp/llvm-project-build-stage2/bin/clang+++0x303e26f)
clang++: error: clang frontend command failed with exit code 133 (use -v to see invocation)
clang version 19.0.0git
Target: x86_64-unknown-linux-gnu
Thread model: posix
InstalledDir: /tmp/llvm-project-build-stage2/bin
clang++: note: diagnostic msg: 
********************

PLEASE ATTACH THE FOLLOWING FILES TO THE BUG REPORT:
Preprocessed source(s) and associated run script(s) are located at:
clang++: note: diagnostic msg: /tmp/btCollisionWorld-ca1f5a.cpp
clang++: note: diagnostic msg: /tmp/btCollisionWorld-ca1f5a.sh
clang++: note: diagnostic msg: 

********************
[270/669] Building CXX object CTMark/Bullet/CMakeFiles/bullet.dir/btConvex2dShape.cpp.o
[271/669] Building CXX object CTMark/Bullet/CMakeFiles/bullet.dir/btContactProcessing.cpp.o
[272/669] Building CXX object CTMark/Bullet/CMakeFiles/bullet.dir/btContinuousDynamicsWorld.cpp.o
[273/669] Building CXX object CTMark/Bullet/CMakeFiles/bullet.dir/btContinuousConvexCollision.cpp.o
[274/669] Building CXX object CTMark/Bullet/CMakeFiles/bullet.dir/btConeTwistConstraint.cpp.o
[275/669] Building CXX object CTMark/Bullet/CMakeFiles/bullet.dir/btConvex2dConvex2dAlgorithm.cpp.o
FAILED: CTMark/Bullet/CMakeFiles/bullet.dir/btConvex2dConvex2dAlgorithm.cpp.o 
/tmp/llvm-test-suite-build/tools/timeit --summary CTMark/Bullet/CMakeFiles/bullet.dir/btConvex2dConvex2dAlgorithm.cpp.o.time /tmp/llvm-project-build-stage2/bin/clang++ -DNDEBUG  -O3   -w -Werror=date-time -I/var/llvm-compile-time-tracker/llvm-test-suite/CTMark/Bullet/include -std=gnu++98 -DNO_TIME -MD -MT CTMark/Bullet/CMakeFiles/bullet.dir/btConvex2dConvex2dAlgorithm.cpp.o -MF CTMark/Bullet/CMakeFiles/bullet.dir/btConvex2dConvex2dAlgorithm.cpp.o.d -o CTMark/Bullet/CMakeFiles/bullet.dir/btConvex2dConvex2dAlgorithm.cpp.o -c /var/llvm-compile-time-tracker/llvm-test-suite/CTMark/Bullet/btConvex2dConvex2dAlgorithm.cpp
PLEASE submit a bug report to https://github.com/llvm/llvm-project/issues/ and include the crash backtrace, preprocessed source, and associated run script.
Stack dump:
0.	Program arguments: /tmp/llvm-project-build-stage2/bin/clang++ -DNDEBUG -O3 -w -Werror=date-time -I/var/llvm-compile-time-tracker/llvm-test-suite/CTMark/Bullet/include -std=gnu++98 -DNO_TIME -MD -MT CTMark/Bullet/CMakeFiles/bullet.dir/btConvex2dConvex2dAlgorithm.cpp.o -MF CTMark/Bullet/CMakeFiles/bullet.dir/btConvex2dConvex2dAlgorithm.cpp.o.d -o CTMark/Bullet/CMakeFiles/bullet.dir/btConvex2dConvex2dAlgorithm.cpp.o -c /var/llvm-compile-time-tracker/llvm-test-suite/CTMark/Bullet/btConvex2dConvex2dAlgorithm.cpp
1.	<eof> parser at end of file
2.	Per-file LLVM IR generation
3.	/var/llvm-compile-time-tracker/llvm-test-suite/CTMark/Bullet/include/BulletCollision/NarrowPhaseCollision/btVoronoiSimplexSolver.h:33:7: Generating code for declaration 'btUsageBitfield::reset'
#0 0x00005640c2a53aa8 llvm::sys::PrintStackTrace(llvm::raw_ostream&, int) (/tmp/llvm-project-build-stage2/bin/clang+++0x2cc7aa8)
#1 0x00005640c2a5103e llvm::sys::RunSignalHandlers() (/tmp/llvm-project-build-stage2/bin/clang+++0x2cc503e)
#2 0x00005640c29afd99 CrashRecoverySignalHandler(int) (.llvm.2739407858267162067) CrashRecoveryContext.cpp:0:0
#3 0x00007f9f3f4ea520 (/lib/x86_64-linux-gnu/libc.so.6+0x42520)
#4 0x00005640c2dca26f (/tmp/llvm-project-build-stage2/bin/clang+++0x303e26f)
clang++: error: clang frontend command failed with exit code 133 (use -v to see invocation)
clang version 19.0.0git
Target: x86_64-unknown-linux-gnu
Thread model: posix
InstalledDir: /tmp/llvm-project-build-stage2/bin
clang++: note: diagnostic msg: 
********************

PLEASE ATTACH THE FOLLOWING FILES TO THE BUG REPORT:
Preprocessed source(s) and associated run script(s) are located at:
clang++: note: diagnostic msg: /tmp/btConvex2dConvex2dAlgorithm-896d43.cpp
clang++: note: diagnostic msg: /tmp/btConvex2dConvex2dAlgorithm-896d43.sh
clang++: note: diagnostic msg: 

********************
ninja: build stopped: subcommand failed.


STDERR:
MESSAGE: Execution of "sudo -u lctt-runner ./build_llvm_test_suite.sh O0-g stage2" failed

STDOUT:
[266/669] Building CXX object CTMark/Bullet/CMakeFiles/bullet.dir/btConeShape.cpp.o
[267/669] Building CXX object CTMark/Bullet/CMakeFiles/bullet.dir/btContactConstraint.cpp.o
[268/669] Building CXX object CTMark/Bullet/CMakeFiles/bullet.dir/btConeTwistConstraint.cpp.o
[269/669] Building CXX object CTMark/Bullet/CMakeFiles/bullet.dir/btContinuousDynamicsWorld.cpp.o
[270/669] Building CXX object CTMark/Bullet/CMakeFiles/bullet.dir/btContactProcessing.cpp.o
[271/669] Building CXX object CTMark/Bullet/CMakeFiles/bullet.dir/btContinuousConvexCollision.cpp.o
[272/669] Building CXX object CTMark/Bullet/CMakeFiles/bullet.dir/BenchmarkDemo.cpp.o
[273/669] Building CXX object CTMark/Bullet/CMakeFiles/bullet.dir/btCollisionWorld.cpp.o
FAILED: CTMark/Bullet/CMakeFiles/bullet.dir/btCollisionWorld.cpp.o 
/tmp/llvm-test-suite-build/tools/timeit --summary CTMark/Bullet/CMakeFiles/bullet.dir/btCollisionWorld.cpp.o.time /tmp/llvm-project-build-stage2/bin/clang++ -DNDEBUG  -O0 -g   -w -Werror=date-time -I/var/llvm-compile-time-tracker/llvm-test-suite/CTMark/Bullet/include -std=gnu++98 -DNO_TIME -MD -MT CTMark/Bullet/CMakeFiles/bullet.dir/btCollisionWorld.cpp.o -MF CTMark/Bullet/CMakeFiles/bullet.dir/btCollisionWorld.cpp.o.d -o CTMark/Bullet/CMakeFiles/bullet.dir/btCollisionWorld.cpp.o -c /var/llvm-compile-time-tracker/llvm-test-suite/CTMark/Bullet/btCollisionWorld.cpp
PLEASE submit a bug report to https://github.com/llvm/llvm-project/issues/ and include the crash backtrace, preprocessed source, and associated run script.
Stack dump:
0.	Program arguments: /tmp/llvm-project-build-stage2/bin/clang++ -DNDEBUG -O0 -g -w -Werror=date-time -I/var/llvm-compile-time-tracker/llvm-test-suite/CTMark/Bullet/include -std=gnu++98 -DNO_TIME -MD -MT CTMark/Bullet/CMakeFiles/bullet.dir/btCollisionWorld.cpp.o -MF CTMark/Bullet/CMakeFiles/bullet.dir/btCollisionWorld.cpp.o.d -o CTMark/Bullet/CMakeFiles/bullet.dir/btCollisionWorld.cpp.o -c /var/llvm-compile-time-tracker/llvm-test-suite/CTMark/Bullet/btCollisionWorld.cpp
1.	<eof> parser at end of file
2.	Per-file LLVM IR generation
3.	/var/llvm-compile-time-tracker/llvm-test-suite/CTMark/Bullet/include/BulletCollision/NarrowPhaseCollision/btVoronoiSimplexSolver.h:33:7: Generating code for declaration 'btUsageBitfield::reset'
#0 0x00005608e84b9aa8 llvm::sys::PrintStackTrace(llvm::raw_ostream&, int) (/tmp/llvm-project-build-stage2/bin/clang+++0x2cc7aa8)
#1 0x00005608e84b703e llvm::sys::RunSignalHandlers() (/tmp/llvm-project-build-stage2/bin/clang+++0x2cc503e)
#2 0x00005608e8415d99 CrashRecoverySignalHandler(int) (.llvm.2739407858267162067) CrashRecoveryContext.cpp:0:0
#3 0x00007fd715607520 (/lib/x86_64-linux-gnu/libc.so.6+0x42520)
#4 0x00005608e883026f (/tmp/llvm-project-build-stage2/bin/clang+++0x303e26f)
clang++: error: clang frontend command failed with exit code 133 (use -v to see invocation)
clang version 19.0.0git
Target: x86_64-unknown-linux-gnu
Thread model: posix
InstalledDir: /tmp/llvm-project-build-stage2/bin
clang++: note: diagnostic msg: 
********************

PLEASE ATTACH THE FOLLOWING FILES TO THE BUG REPORT:
Preprocessed source(s) and associated run script(s) are located at:
clang++: note: diagnostic msg: /tmp/btCollisionWorld-991254.cpp
clang++: note: diagnostic msg: /tmp/btCollisionWorld-991254.sh
clang++: note: diagnostic msg: 

********************
[274/669] Building CXX object CTMark/Bullet/CMakeFiles/bullet.dir/btConvex2dShape.cpp.o
[275/669] Building CXX object CTMark/Bullet/CMakeFiles/bullet.dir/btConvexCast.cpp.o
[276/669] Building CXX object CTMark/Bullet/CMakeFiles/bullet.dir/btConvexHull.cpp.o
[277/669] Building CXX object CTMark/Bullet/CMakeFiles/bullet.dir/btConvex2dConvex2dAlgorithm.cpp.o
FAILED: CTMark/Bullet/CMakeFiles/bullet.dir/btConvex2dConvex2dAlgorithm.cpp.o 
/tmp/llvm-test-suite-build/tools/timeit --summary CTMark/Bullet/CMakeFiles/bullet.dir/btConvex2dConvex2dAlgorithm.cpp.o.time /tmp/llvm-project-build-stage2/bin/clang++ -DNDEBUG  -O0 -g   -w -Werror=date-time -I/var/llvm-compile-time-tracker/llvm-test-suite/CTMark/Bullet/include -std=gnu++98 -DNO_TIME -MD -MT CTMark/Bullet/CMakeFiles/bullet.dir/btConvex2dConvex2dAlgorithm.cpp.o -MF CTMark/Bullet/CMakeFiles/bullet.dir/btConvex2dConvex2dAlgorithm.cpp.o.d -o CTMark/Bullet/CMakeFiles/bullet.dir/btConvex2dConvex2dAlgorithm.cpp.o -c /var/llvm-compile-time-tracker/llvm-test-suite/CTMark/Bullet/btConvex2dConvex2dAlgorithm.cpp
PLEASE submit a bug report to https://github.com/llvm/llvm-project/issues/ and include the crash backtrace, preprocessed source, and associated run script.
Stack dump:
0.	Program arguments: /tmp/llvm-project-build-stage2/bin/clang++ -DNDEBUG -O0 -g -w -Werror=date-time -I/var/llvm-compile-time-tracker/llvm-test-suite/CTMark/Bullet/include -std=gnu++98 -DNO_TIME -MD -MT CTMark/Bullet/CMakeFiles/bullet.dir/btConvex2dConvex2dAlgorithm.cpp.o -MF CTMark/Bullet/CMakeFiles/bullet.dir/btConvex2dConvex2dAlgorithm.cpp.o.d -o CTMark/Bullet/CMakeFiles/bullet.dir/btConvex2dConvex2dAlgorithm.cpp.o -c /var/llvm-compile-time-tracker/llvm-test-suite/CTMark/Bullet/btConvex2dConvex2dAlgorithm.cpp
1.	<eof> parser at end of file
2.	Per-file LLVM IR generation
3.	/var/llvm-compile-time-tracker/llvm-test-suite/CTMark/Bullet/include/BulletCollision/NarrowPhaseCollision/btVoronoiSimplexSolver.h:33:7: Generating code for declaration 'btUsageBitfield::reset'
#0 0x000056286c6feaa8 llvm::sys::PrintStackTrace(llvm::raw_ostream&, int) (/tmp/llvm-project-build-stage2/bin/clang+++0x2cc7aa8)
#1 0x000056286c6fc03e llvm::sys::RunSignalHandlers() (/tmp/llvm-project-build-stage2/bin/clang+++0x2cc503e)
#2 0x000056286c65ad99 CrashRecoverySignalHandler(int) (.llvm.2739407858267162067) CrashRecoveryContext.cpp:0:0
#3 0x00007f40642d0520 (/lib/x86_64-linux-gnu/libc.so.6+0x42520)
#4 0x000056286ca7526f (/tmp/llvm-project-build-stage2/bin/clang+++0x303e26f)
clang++: error: clang frontend command failed with exit code 133 (use -v to see invocation)
clang version 19.0.0git
Target: x86_64-unknown-linux-gnu
Thread model: posix
InstalledDir: /tmp/llvm-project-build-stage2/bin
clang++: note: diagnostic msg: 
********************

PLEASE ATTACH THE FOLLOWING FILES TO THE BUG REPORT:
Preprocessed source(s) and associated run script(s) are located at:
clang++: note: diagnostic msg: /tmp/btConvex2dConvex2dAlgorithm-d72480.cpp
clang++: note: diagnostic msg: /tmp/btConvex2dConvex2dAlgorithm-d72480.sh
clang++: note: diagnostic msg: 

********************
[278/669] Building CXX object CTMark/Bullet/CMakeFiles/bullet.dir/btConvexConcaveCollisionAlgorithm.cpp.o
FAILED: CTMark/Bullet/CMakeFiles/bullet.dir/btConvexConcaveCollisionAlgorithm.cpp.o 
/tmp/llvm-test-suite-build/tools/timeit --summary CTMark/Bullet/CMakeFiles/bullet.dir/btConvexConcaveCollisionAlgorithm.cpp.o.time /tmp/llvm-project-build-stage2/bin/clang++ -DNDEBUG  -O0 -g   -w -Werror=date-time -I/var/llvm-compile-time-tracker/llvm-test-suite/CTMark/Bullet/include -std=gnu++98 -DNO_TIME -MD -MT CTMark/Bullet/CMakeFiles/bullet.dir/btConvexConcaveCollisionAlgorithm.cpp.o -MF CTMark/Bullet/CMakeFiles/bullet.dir/btConvexConcaveCollisionAlgorithm.cpp.o.d -o CTMark/Bullet/CMakeFiles/bullet.dir/btConvexConcaveCollisionAlgorithm.cpp.o -c /var/llvm-compile-time-tracker/llvm-test-suite/CTMark/Bullet/btConvexConcaveCollisionAlgorithm.cpp
PLEASE submit a bug report to https://github.com/llvm/llvm-project/issues/ and include the crash backtrace, preprocessed source, and associated run script.
Stack dump:
0.	Program arguments: /tmp/llvm-project-build-stage2/bin/clang++ -DNDEBUG -O0 -g -w -Werror=date-time -I/var/llvm-compile-time-tracker/llvm-test-suite/CTMark/Bullet/include -std=gnu++98 -DNO_TIME -MD -MT CTMark/Bullet/CMakeFiles/bullet.dir/btConvexConcaveCollisionAlgorithm.cpp.o -MF CTMark/Bullet/CMakeFiles/bullet.dir/btConvexConcaveCollisionAlgorithm.cpp.o.d -o CTMark/Bullet/CMakeFiles/bullet.dir/btConvexConcaveCollisionAlgorithm.cpp.o -c /var/llvm-compile-time-tracker/llvm-test-suite/CTMark/Bullet/btConvexConcaveCollisionAlgorithm.cpp
1.	<eof> parser at end of file
2.	Per-file LLVM IR generation
3.	/var/llvm-compile-time-tracker/llvm-test-suite/CTMark/Bullet/include/BulletCollision/NarrowPhaseCollision/btVoronoiSimplexSolver.h:33:7: Generating code for declaration 'btUsageBitfield::reset'
#0 0x0000564fe1290aa8 llvm::sys::PrintStackTrace(llvm::raw_ostream&, int) (/tmp/llvm-project-build-stage2/bin/clang+++0x2cc7aa8)
#1 0x0000564fe128e03e llvm::sys::RunSignalHandlers() (/tmp/llvm-project-build-stage2/bin/clang+++0x2cc503e)
#2 0x0000564fe11ecd99 CrashRecoverySignalHandler(int) (.llvm.2739407858267162067) CrashRecoveryContext.cpp:0:0
#3 0x00007f64c0994520 (/lib/x86_64-linux-gnu/libc.so.6+0x42520)
#4 0x0000564fe160726f (/tmp/llvm-project-build-stage2/bin/clang+++0x303e26f)
clang++: error: clang frontend command failed with exit code 133 (use -v to see invocation)
clang version 19.0.0git
Target: x86_64-unknown-linux-gnu
Thread model: posix
InstalledDir: /tmp/llvm-project-build-stage2/bin
clang++: note: diagnostic msg: 
********************

PLEASE ATTACH THE FOLLOWING FILES TO THE BUG REPORT:
Preprocessed source(s) and associated run script(s) are located at:
clang++: note: diagnostic msg: /tmp/btConvexConcaveCollisionAlgorithm-fac8c0.cpp
clang++: note: diagnostic msg: /tmp/btConvexConcaveCollisionAlgorithm-fac8c0.sh
clang++: note: diagnostic msg: 

********************
[279/669] Building CXX object CTMark/Bullet/CMakeFiles/bullet.dir/btConvexConvexAlgorithm.cpp.o
FAILED: CTMark/Bullet/CMakeFiles/bullet.dir/btConvexConvexAlgorithm.cpp.o 
/tmp/llvm-test-suite-build/tools/timeit --summary CTMark/Bullet/CMakeFiles/bullet.dir/btConvexConvexAlgorithm.cpp.o.time /tmp/llvm-project-build-stage2/bin/clang++ -DNDEBUG  -O0 -g   -w -Werror=date-time -I/var/llvm-compile-time-tracker/llvm-test-suite/CTMark/Bullet/include -std=gnu++98 -DNO_TIME -MD -MT CTMark/Bullet/CMakeFiles/bullet.dir/btConvexConvexAlgorithm.cpp.o -MF CTMark/Bullet/CMakeFiles/bullet.dir/btConvexConvexAlgorithm.cpp.o.d -o CTMark/Bullet/CMakeFiles/bullet.dir/btConvexConvexAlgorithm.cpp.o -c /var/llvm-compile-time-tracker/llvm-test-suite/CTMark/Bullet/btConvexConvexAlgorithm.cpp
PLEASE submit a bug report to https://github.com/llvm/llvm-project/issues/ and include the crash backtrace, preprocessed source, and associated run script.
Stack dump:
0.	Program arguments: /tmp/llvm-project-build-stage2/bin/clang++ -DNDEBUG -O0 -g -w -Werror=date-time -I/var/llvm-compile-time-tracker/llvm-test-suite/CTMark/Bullet/include -std=gnu++98 -DNO_TIME -MD -MT CTMark/Bullet/CMakeFiles/bullet.dir/btConvexConvexAlgorithm.cpp.o -MF CTMark/Bullet/CMakeFiles/bullet.dir/btConvexConvexAlgorithm.cpp.o.d -o CTMark/Bullet/CMakeFiles/bullet.dir/btConvexConvexAlgorithm.cpp.o -c /var/llvm-compile-time-tracker/llvm-test-suite/CTMark/Bullet/btConvexConvexAlgorithm.cpp
1.	<eof> parser at end of file
2.	Per-file LLVM IR generation
3.	/var/llvm-compile-time-tracker/llvm-test-suite/CTMark/Bullet/include/BulletCollision/NarrowPhaseCollision/btVoronoiSimplexSolver.h:33:7: Generating code for declaration 'btUsageBitfield::reset'
#0 0x0000564d1483baa8 llvm::sys::PrintStackTrace(llvm::raw_ostream&, int) (/tmp/llvm-project-build-stage2/bin/clang+++0x2cc7aa8)
#1 0x0000564d1483903e llvm::sys::RunSignalHandlers() (/tmp/llvm-project-build-stage2/bin/clang+++0x2cc503e)
#2 0x0000564d14797d99 CrashRecoverySignalHandler(int) (.llvm.2739407858267162067) CrashRecoveryContext.cpp:0:0
#3 0x00007f00cbb0b520 (/lib/x86_64-linux-gnu/libc.so.6+0x42520)
#4 0x0000564d14bb226f (/tmp/llvm-project-build-stage2/bin/clang+++0x303e26f)
clang++: error: clang frontend command failed with exit code 133 (use -v to see invocation)
clang version 19.0.0git
Target: x86_64-unknown-linux-gnu
Thread model: posix
InstalledDir: /tmp/llvm-project-build-stage2/bin
clang++: note: diagnostic msg: 
********************

PLEASE ATTACH THE FOLLOWING FILES TO THE BUG REPORT:
Preprocessed source(s) and associated run script(s) are located at:
clang++: note: diagnostic msg: /tmp/btConvexConvexAlgorithm-ee1caf.cpp
clang++: note: diagnostic msg: /tmp/btConvexConvexAlgorithm-ee1caf.sh
clang++: note: diagnostic msg: 

********************
ninja: build stopped: subcommand failed.


STDERR:
