MESSAGE: Execution of "./build_llvm_project.sh" failed

STDOUT:
[330/3104] Building CXX object lib/MC/CMakeFiles/LLVMMC.dir/MCSPIRVStreamer.cpp.o
[331/3104] Building CXX object lib/MC/CMakeFiles/LLVMMC.dir/MCSubtargetInfo.cpp.o
[332/3104] Linking CXX static library lib/libLLVMFrontendOpenACC.a
[333/3104] Building CXX object lib/MC/CMakeFiles/LLVMMC.dir/MCSymbol.cpp.o
[334/3104] Building IntrinsicsVE.h...
[335/3104] Building CXX object lib/MC/CMakeFiles/LLVMMC.dir/MCTargetOptions.cpp.o
[336/3104] Building CXX object lib/MC/CMakeFiles/LLVMMC.dir/MCSymbolELF.cpp.o
[337/3104] Building CXX object lib/MC/CMakeFiles/LLVMMC.dir/MCSymbolXCOFF.cpp.o
[338/3104] Building CXX object lib/MC/CMakeFiles/LLVMMC.dir/MCTargetOptionsCommandFlags.cpp.o
[339/3104] Building CXX object lib/MC/CMakeFiles/LLVMMC.dir/MCValue.cpp.o
[340/3104] Building CXX object lib/IR/CMakeFiles/LLVMCore.dir/AbstractCallSite.cpp.o
[341/3104] Building CXX object lib/IR/CMakeFiles/LLVMCore.dir/Assumptions.cpp.o
[342/3104] Building CXX object lib/CodeGen/AsmPrinter/CMakeFiles/LLVMAsmPrinter.dir/DwarfCFIException.cpp.o
[343/3104] Building CXX object lib/IR/CMakeFiles/LLVMCore.dir/AsmWriter.cpp.o
[344/3104] Building CXX object lib/CodeGen/AsmPrinter/CMakeFiles/LLVMAsmPrinter.dir/DwarfCompileUnit.cpp.o
[345/3104] Building CXX object lib/IR/CMakeFiles/LLVMCore.dir/Attributes.cpp.o
[346/3104] Building CXX object lib/IR/CMakeFiles/LLVMCore.dir/BuiltinGCs.cpp.o
[347/3104] Building CXX object lib/IR/CMakeFiles/LLVMCore.dir/BasicBlock.cpp.o
[348/3104] Building CXX object lib/IR/CMakeFiles/LLVMCore.dir/Comdat.cpp.o
[349/3104] Building CXX object lib/IR/CMakeFiles/LLVMCore.dir/ConstantRange.cpp.o
[350/3104] Building CXX object lib/IR/CMakeFiles/LLVMCore.dir/ConstantFold.cpp.o
[351/3104] Building CXX object lib/IR/CMakeFiles/LLVMCore.dir/Constants.cpp.o
[352/3104] Building CXX object lib/IR/CMakeFiles/LLVMCore.dir/DataLayout.cpp.o
[353/3104] Building CXX object lib/IR/CMakeFiles/LLVMCore.dir/DebugInfo.cpp.o
[354/3104] Building CXX object lib/IR/CMakeFiles/LLVMCore.dir/DebugInfoMetadata.cpp.o
[355/3104] Building CXX object lib/IR/CMakeFiles/LLVMCore.dir/DebugLoc.cpp.o
[356/3104] Building CXX object lib/IR/CMakeFiles/LLVMCore.dir/DiagnosticHandler.cpp.o
[357/3104] Building CXX object lib/IR/CMakeFiles/LLVMCore.dir/DiagnosticPrinter.cpp.o
[358/3104] Building CXX object lib/IR/CMakeFiles/LLVMCore.dir/DiagnosticInfo.cpp.o
[359/3104] Building CXX object lib/IR/CMakeFiles/LLVMCore.dir/Dominators.cpp.o
[360/3104] Building CXX object lib/IR/CMakeFiles/LLVMCore.dir/GCStrategy.cpp.o
[361/3104] Building CXX object lib/IR/CMakeFiles/LLVMCore.dir/FPEnv.cpp.o
[362/3104] Building CXX object lib/IR/CMakeFiles/LLVMCore.dir/GVMaterializer.cpp.o
[363/3104] Building CXX object lib/IR/CMakeFiles/LLVMCore.dir/Function.cpp.o
[364/3104] Building CXX object lib/IR/CMakeFiles/LLVMCore.dir/Globals.cpp.o
[365/3104] Building CXX object lib/IR/CMakeFiles/LLVMCore.dir/IRPrintingPasses.cpp.o
[366/3104] Building CXX object lib/IR/CMakeFiles/LLVMCore.dir/SSAContext.cpp.o
[367/3104] Building CXX object lib/IR/CMakeFiles/LLVMCore.dir/InlineAsm.cpp.o
[368/3104] Building CXX object lib/IR/CMakeFiles/LLVMCore.dir/Instruction.cpp.o
[369/3104] Building CXX object lib/IR/CMakeFiles/LLVMCore.dir/Instructions.cpp.o
[370/3104] Building CXX object lib/IR/CMakeFiles/LLVMCore.dir/IntrinsicInst.cpp.o
[371/3104] Building CXX object lib/IR/CMakeFiles/LLVMCore.dir/LLVMContext.cpp.o
[372/3104] Building CXX object lib/IR/CMakeFiles/LLVMCore.dir/LLVMContextImpl.cpp.o
[373/3104] Building CXX object lib/IR/CMakeFiles/LLVMCore.dir/LLVMRemarkStreamer.cpp.o
[374/3104] Building CXX object lib/IR/CMakeFiles/LLVMCore.dir/LegacyPassManager.cpp.o
[375/3104] Building CXX object lib/IR/CMakeFiles/LLVMCore.dir/MDBuilder.cpp.o
[376/3104] Building CXX object lib/IR/CMakeFiles/LLVMCore.dir/Mangler.cpp.o
[377/3104] Building CXX object lib/IR/CMakeFiles/LLVMCore.dir/Metadata.cpp.o
[378/3104] Building CXX object lib/IR/CMakeFiles/LLVMCore.dir/Module.cpp.o
[379/3104] Building CXX object lib/IR/CMakeFiles/LLVMCore.dir/ModuleSummaryIndex.cpp.o
[380/3104] Building CXX object lib/IR/CMakeFiles/LLVMCore.dir/Operator.cpp.o
[381/3104] Building CXX object lib/IR/CMakeFiles/LLVMCore.dir/OptBisect.cpp.o
[382/3104] Building CXX object lib/IR/CMakeFiles/LLVMCore.dir/Pass.cpp.o
[383/3104] Building CXX object lib/IR/CMakeFiles/LLVMCore.dir/PassInstrumentation.cpp.o
[384/3104] Building CXX object lib/IR/CMakeFiles/LLVMCore.dir/PassManager.cpp.o
[385/3104] Building CXX object lib/IR/CMakeFiles/LLVMCore.dir/PassRegistry.cpp.o
[386/3104] Building CXX object lib/IR/CMakeFiles/LLVMCore.dir/PassTimingInfo.cpp.o
[387/3104] Building CXX object lib/IR/CMakeFiles/LLVMCore.dir/PrintPasses.cpp.o
[388/3104] Building CXX object lib/IR/CMakeFiles/LLVMCore.dir/ProfileSummary.cpp.o
[389/3104] Building CXX object lib/IR/CMakeFiles/LLVMCore.dir/SafepointIRVerifier.cpp.o
[390/3104] Building CXX object lib/IR/CMakeFiles/LLVMCore.dir/ReplaceConstant.cpp.o
[391/3104] Building CXX object lib/IR/CMakeFiles/LLVMCore.dir/Statepoint.cpp.o
[392/3104] Building CXX object lib/IR/CMakeFiles/LLVMCore.dir/StructuralHash.cpp.o
[393/3104] Building CXX object lib/IR/CMakeFiles/LLVMCore.dir/Type.cpp.o
[394/3104] Building CXX object lib/IR/CMakeFiles/LLVMCore.dir/TypeFinder.cpp.o
[395/3104] Building CXX object lib/IR/CMakeFiles/LLVMCore.dir/Use.cpp.o
[396/3104] Building CXX object lib/IR/CMakeFiles/LLVMCore.dir/User.cpp.o
[397/3104] Building CXX object lib/IR/CMakeFiles/LLVMCore.dir/Value.cpp.o
[398/3104] Building CXX object lib/IR/CMakeFiles/LLVMCore.dir/ValueSymbolTable.cpp.o
[399/3104] Building CXX object lib/IR/CMakeFiles/LLVMCore.dir/IRBuilder.cpp.o
FAILED: lib/IR/CMakeFiles/LLVMCore.dir/IRBuilder.cpp.o 
CCACHE_CPP2=yes CCACHE_HASHDIR=yes /usr/bin/ccache /usr/bin/c++  -DGTEST_HAS_RTTI=0 -D_GNU_SOURCE -D__STDC_CONSTANT_MACROS -D__STDC_FORMAT_MACROS -D__STDC_LIMIT_MACROS -Ilib/IR -I/root/llvm-compile-time-tracker/llvm-project/llvm/lib/IR -Iinclude -I/root/llvm-compile-time-tracker/llvm-project/llvm/include -fPIC -fno-semantic-interposition -fvisibility-inlines-hidden -Werror=date-time -Wall -Wextra -Wno-unused-parameter -Wwrite-strings -Wcast-qual -Wno-missing-field-initializers -pedantic -Wno-long-long -Wimplicit-fallthrough -Wno-maybe-uninitialized -Wno-class-memaccess -Wno-redundant-move -Wno-pessimizing-move -Wno-noexcept-type -Wdelete-non-virtual-dtor -Wsuggest-override -Wno-comment -Wmisleading-indentation -fdiagnostics-color -ffunction-sections -fdata-sections -O3 -DNDEBUG    -fno-exceptions -fno-rtti -std=c++14 -MD -MT lib/IR/CMakeFiles/LLVMCore.dir/IRBuilder.cpp.o -MF lib/IR/CMakeFiles/LLVMCore.dir/IRBuilder.cpp.o.d -o lib/IR/CMakeFiles/LLVMCore.dir/IRBuilder.cpp.o -c /root/llvm-compile-time-tracker/llvm-project/llvm/lib/IR/IRBuilder.cpp
In file included from /root/llvm-compile-time-tracker/llvm-project/llvm/lib/IR/IRBuilder.cpp:14:
/root/llvm-compile-time-tracker/llvm-project/llvm/include/llvm/IR/IRBuilder.h: In member function ‘llvm::Value* llvm::IRBuilderBase::CreateSub(llvm::Value*, llvm::Value*, const llvm::Twine&, bool, bool)’:
/root/llvm-compile-time-tracker/llvm-project/llvm/include/llvm/IR/IRBuilder.h:1225:27: error: ‘const class llvm::IRBuilderFolder’ has no member named ‘FoldBinOp’
 1225 |     if (Value *V = Folder.FoldBinOp(Instruction::Sub, LHS, RHS))
      |                           ^~~~~~~~~
[400/3104] Building CXX object lib/IR/CMakeFiles/LLVMCore.dir/PseudoProbe.cpp.o
FAILED: lib/IR/CMakeFiles/LLVMCore.dir/PseudoProbe.cpp.o 
CCACHE_CPP2=yes CCACHE_HASHDIR=yes /usr/bin/ccache /usr/bin/c++  -DGTEST_HAS_RTTI=0 -D_GNU_SOURCE -D__STDC_CONSTANT_MACROS -D__STDC_FORMAT_MACROS -D__STDC_LIMIT_MACROS -Ilib/IR -I/root/llvm-compile-time-tracker/llvm-project/llvm/lib/IR -Iinclude -I/root/llvm-compile-time-tracker/llvm-project/llvm/include -fPIC -fno-semantic-interposition -fvisibility-inlines-hidden -Werror=date-time -Wall -Wextra -Wno-unused-parameter -Wwrite-strings -Wcast-qual -Wno-missing-field-initializers -pedantic -Wno-long-long -Wimplicit-fallthrough -Wno-maybe-uninitialized -Wno-class-memaccess -Wno-redundant-move -Wno-pessimizing-move -Wno-noexcept-type -Wdelete-non-virtual-dtor -Wsuggest-override -Wno-comment -Wmisleading-indentation -fdiagnostics-color -ffunction-sections -fdata-sections -O3 -DNDEBUG    -fno-exceptions -fno-rtti -std=c++14 -MD -MT lib/IR/CMakeFiles/LLVMCore.dir/PseudoProbe.cpp.o -MF lib/IR/CMakeFiles/LLVMCore.dir/PseudoProbe.cpp.o.d -o lib/IR/CMakeFiles/LLVMCore.dir/PseudoProbe.cpp.o -c /root/llvm-compile-time-tracker/llvm-project/llvm/lib/IR/PseudoProbe.cpp
In file included from /root/llvm-compile-time-tracker/llvm-project/llvm/lib/IR/PseudoProbe.cpp:16:
/root/llvm-compile-time-tracker/llvm-project/llvm/include/llvm/IR/IRBuilder.h: In member function ‘llvm::Value* llvm::IRBuilderBase::CreateSub(llvm::Value*, llvm::Value*, const llvm::Twine&, bool, bool)’:
/root/llvm-compile-time-tracker/llvm-project/llvm/include/llvm/IR/IRBuilder.h:1225:27: error: ‘const class llvm::IRBuilderFolder’ has no member named ‘FoldBinOp’
 1225 |     if (Value *V = Folder.FoldBinOp(Instruction::Sub, LHS, RHS))
      |                           ^~~~~~~~~
[401/3104] Building CXX object lib/IR/CMakeFiles/LLVMCore.dir/VectorBuilder.cpp.o
FAILED: lib/IR/CMakeFiles/LLVMCore.dir/VectorBuilder.cpp.o 
CCACHE_CPP2=yes CCACHE_HASHDIR=yes /usr/bin/ccache /usr/bin/c++  -DGTEST_HAS_RTTI=0 -D_GNU_SOURCE -D__STDC_CONSTANT_MACROS -D__STDC_FORMAT_MACROS -D__STDC_LIMIT_MACROS -Ilib/IR -I/root/llvm-compile-time-tracker/llvm-project/llvm/lib/IR -Iinclude -I/root/llvm-compile-time-tracker/llvm-project/llvm/include -fPIC -fno-semantic-interposition -fvisibility-inlines-hidden -Werror=date-time -Wall -Wextra -Wno-unused-parameter -Wwrite-strings -Wcast-qual -Wno-missing-field-initializers -pedantic -Wno-long-long -Wimplicit-fallthrough -Wno-maybe-uninitialized -Wno-class-memaccess -Wno-redundant-move -Wno-pessimizing-move -Wno-noexcept-type -Wdelete-non-virtual-dtor -Wsuggest-override -Wno-comment -Wmisleading-indentation -fdiagnostics-color -ffunction-sections -fdata-sections -O3 -DNDEBUG    -fno-exceptions -fno-rtti -std=c++14 -MD -MT lib/IR/CMakeFiles/LLVMCore.dir/VectorBuilder.cpp.o -MF lib/IR/CMakeFiles/LLVMCore.dir/VectorBuilder.cpp.o.d -o lib/IR/CMakeFiles/LLVMCore.dir/VectorBuilder.cpp.o -c /root/llvm-compile-time-tracker/llvm-project/llvm/lib/IR/VectorBuilder.cpp
In file included from /root/llvm-compile-time-tracker/llvm-project/llvm/include/llvm/IR/VectorBuilder.h:18,
                 from /root/llvm-compile-time-tracker/llvm-project/llvm/lib/IR/VectorBuilder.cpp:20:
/root/llvm-compile-time-tracker/llvm-project/llvm/include/llvm/IR/IRBuilder.h: In member function ‘llvm::Value* llvm::IRBuilderBase::CreateSub(llvm::Value*, llvm::Value*, const llvm::Twine&, bool, bool)’:
/root/llvm-compile-time-tracker/llvm-project/llvm/include/llvm/IR/IRBuilder.h:1225:27: error: ‘const class llvm::IRBuilderFolder’ has no member named ‘FoldBinOp’
 1225 |     if (Value *V = Folder.FoldBinOp(Instruction::Sub, LHS, RHS))
      |                           ^~~~~~~~~
[402/3104] Building CXX object lib/IR/CMakeFiles/LLVMCore.dir/DIBuilder.cpp.o
FAILED: lib/IR/CMakeFiles/LLVMCore.dir/DIBuilder.cpp.o 
CCACHE_CPP2=yes CCACHE_HASHDIR=yes /usr/bin/ccache /usr/bin/c++  -DGTEST_HAS_RTTI=0 -D_GNU_SOURCE -D__STDC_CONSTANT_MACROS -D__STDC_FORMAT_MACROS -D__STDC_LIMIT_MACROS -Ilib/IR -I/root/llvm-compile-time-tracker/llvm-project/llvm/lib/IR -Iinclude -I/root/llvm-compile-time-tracker/llvm-project/llvm/include -fPIC -fno-semantic-interposition -fvisibility-inlines-hidden -Werror=date-time -Wall -Wextra -Wno-unused-parameter -Wwrite-strings -Wcast-qual -Wno-missing-field-initializers -pedantic -Wno-long-long -Wimplicit-fallthrough -Wno-maybe-uninitialized -Wno-class-memaccess -Wno-redundant-move -Wno-pessimizing-move -Wno-noexcept-type -Wdelete-non-virtual-dtor -Wsuggest-override -Wno-comment -Wmisleading-indentation -fdiagnostics-color -ffunction-sections -fdata-sections -O3 -DNDEBUG    -fno-exceptions -fno-rtti -std=c++14 -MD -MT lib/IR/CMakeFiles/LLVMCore.dir/DIBuilder.cpp.o -MF lib/IR/CMakeFiles/LLVMCore.dir/DIBuilder.cpp.o.d -o lib/IR/CMakeFiles/LLVMCore.dir/DIBuilder.cpp.o -c /root/llvm-compile-time-tracker/llvm-project/llvm/lib/IR/DIBuilder.cpp
In file included from /root/llvm-compile-time-tracker/llvm-project/llvm/lib/IR/DIBuilder.cpp:19:
/root/llvm-compile-time-tracker/llvm-project/llvm/include/llvm/IR/IRBuilder.h: In member function ‘llvm::Value* llvm::IRBuilderBase::CreateSub(llvm::Value*, llvm::Value*, const llvm::Twine&, bool, bool)’:
/root/llvm-compile-time-tracker/llvm-project/llvm/include/llvm/IR/IRBuilder.h:1225:27: error: ‘const class llvm::IRBuilderFolder’ has no member named ‘FoldBinOp’
 1225 |     if (Value *V = Folder.FoldBinOp(Instruction::Sub, LHS, RHS))
      |                           ^~~~~~~~~
[403/3104] Building CXX object lib/IR/CMakeFiles/LLVMCore.dir/Core.cpp.o
FAILED: lib/IR/CMakeFiles/LLVMCore.dir/Core.cpp.o 
CCACHE_CPP2=yes CCACHE_HASHDIR=yes /usr/bin/ccache /usr/bin/c++  -DGTEST_HAS_RTTI=0 -D_GNU_SOURCE -D__STDC_CONSTANT_MACROS -D__STDC_FORMAT_MACROS -D__STDC_LIMIT_MACROS -Ilib/IR -I/root/llvm-compile-time-tracker/llvm-project/llvm/lib/IR -Iinclude -I/root/llvm-compile-time-tracker/llvm-project/llvm/include -fPIC -fno-semantic-interposition -fvisibility-inlines-hidden -Werror=date-time -Wall -Wextra -Wno-unused-parameter -Wwrite-strings -Wcast-qual -Wno-missing-field-initializers -pedantic -Wno-long-long -Wimplicit-fallthrough -Wno-maybe-uninitialized -Wno-class-memaccess -Wno-redundant-move -Wno-pessimizing-move -Wno-noexcept-type -Wdelete-non-virtual-dtor -Wsuggest-override -Wno-comment -Wmisleading-indentation -fdiagnostics-color -ffunction-sections -fdata-sections -O3 -DNDEBUG    -fno-exceptions -fno-rtti -std=c++14 -MD -MT lib/IR/CMakeFiles/LLVMCore.dir/Core.cpp.o -MF lib/IR/CMakeFiles/LLVMCore.dir/Core.cpp.o.d -o lib/IR/CMakeFiles/LLVMCore.dir/Core.cpp.o -c /root/llvm-compile-time-tracker/llvm-project/llvm/lib/IR/Core.cpp
In file included from /root/llvm-compile-time-tracker/llvm-project/llvm/lib/IR/Core.cpp:24:
/root/llvm-compile-time-tracker/llvm-project/llvm/include/llvm/IR/IRBuilder.h: In member function ‘llvm::Value* llvm::IRBuilderBase::CreateSub(llvm::Value*, llvm::Value*, const llvm::Twine&, bool, bool)’:
/root/llvm-compile-time-tracker/llvm-project/llvm/include/llvm/IR/IRBuilder.h:1225:27: error: ‘const class llvm::IRBuilderFolder’ has no member named ‘FoldBinOp’
 1225 |     if (Value *V = Folder.FoldBinOp(Instruction::Sub, LHS, RHS))
      |                           ^~~~~~~~~
/root/llvm-compile-time-tracker/llvm-project/llvm/lib/IR/Core.cpp: In function ‘void LLVMContextSetDiagnosticHandler(LLVMContextRef, LLVMDiagnosticHandler, void*)’:
/root/llvm-compile-time-tracker/llvm-project/llvm/lib/IR/Core.cpp:90:18: warning: cast between incompatible function types from ‘LLVMDiagnosticHandler’ {aka ‘void (*)(LLVMOpaqueDiagnosticInfo*, void*)’} to ‘llvm::DiagnosticHandler::DiagnosticHandlerTy’ {aka ‘void (*)(const llvm::DiagnosticInfo&, void*)’} [-Wcast-function-type]
   90 |           Handler),
      |                  ^
/root/llvm-compile-time-tracker/llvm-project/llvm/lib/IR/Core.cpp: In function ‘void (* LLVMContextGetDiagnosticHandler(LLVMContextRef))(LLVMDiagnosticInfoRef, void*)’:
/root/llvm-compile-time-tracker/llvm-project/llvm/lib/IR/Core.cpp:96:48: warning: cast between incompatible function types from ‘llvm::DiagnosticHandler::DiagnosticHandlerTy’ {aka ‘void (*)(const llvm::DiagnosticInfo&, void*)’} to ‘LLVMDiagnosticHandler’ {aka ‘void (*)(LLVMOpaqueDiagnosticInfo*, void*)’} [-Wcast-function-type]
   96 |       unwrap(C)->getDiagnosticHandlerCallBack());
      |                                                ^
[404/3104] Building CXX object lib/IR/CMakeFiles/LLVMCore.dir/AutoUpgrade.cpp.o
FAILED: lib/IR/CMakeFiles/LLVMCore.dir/AutoUpgrade.cpp.o 
CCACHE_CPP2=yes CCACHE_HASHDIR=yes /usr/bin/ccache /usr/bin/c++  -DGTEST_HAS_RTTI=0 -D_GNU_SOURCE -D__STDC_CONSTANT_MACROS -D__STDC_FORMAT_MACROS -D__STDC_LIMIT_MACROS -Ilib/IR -I/root/llvm-compile-time-tracker/llvm-project/llvm/lib/IR -Iinclude -I/root/llvm-compile-time-tracker/llvm-project/llvm/include -fPIC -fno-semantic-interposition -fvisibility-inlines-hidden -Werror=date-time -Wall -Wextra -Wno-unused-parameter -Wwrite-strings -Wcast-qual -Wno-missing-field-initializers -pedantic -Wno-long-long -Wimplicit-fallthrough -Wno-maybe-uninitialized -Wno-class-memaccess -Wno-redundant-move -Wno-pessimizing-move -Wno-noexcept-type -Wdelete-non-virtual-dtor -Wsuggest-override -Wno-comment -Wmisleading-indentation -fdiagnostics-color -ffunction-sections -fdata-sections -O3 -DNDEBUG    -fno-exceptions -fno-rtti -std=c++14 -MD -MT lib/IR/CMakeFiles/LLVMCore.dir/AutoUpgrade.cpp.o -MF lib/IR/CMakeFiles/LLVMCore.dir/AutoUpgrade.cpp.o.d -o lib/IR/CMakeFiles/LLVMCore.dir/AutoUpgrade.cpp.o -c /root/llvm-compile-time-tracker/llvm-project/llvm/lib/IR/AutoUpgrade.cpp
In file included from /root/llvm-compile-time-tracker/llvm-project/llvm/lib/IR/AutoUpgrade.cpp:22:
/root/llvm-compile-time-tracker/llvm-project/llvm/include/llvm/IR/IRBuilder.h: In member function ‘llvm::Value* llvm::IRBuilderBase::CreateSub(llvm::Value*, llvm::Value*, const llvm::Twine&, bool, bool)’:
/root/llvm-compile-time-tracker/llvm-project/llvm/include/llvm/IR/IRBuilder.h:1225:27: error: ‘const class llvm::IRBuilderFolder’ has no member named ‘FoldBinOp’
 1225 |     if (Value *V = Folder.FoldBinOp(Instruction::Sub, LHS, RHS))
      |                           ^~~~~~~~~
ninja: build stopped: subcommand failed.


STDERR:
Command exited with non-zero status 1
18.38user 1.62system 0:03.75elapsed 532%CPU (0avgtext+0avgdata 338144maxresident)k
0inputs+153112outputs (17major+822234minor)pagefaults 0swaps
