MESSAGE: Execution of "sudo -u lctt-runner ./build_llvm_project_stage1.sh" failed

STDOUT:
/var/llvm-compile-time-tracker/llvm-project/clang/include/clang/Basic/SourceLocation.h:169:75: error: call to non-‘constexpr’ function ‘T llvm::maskTrailingOnes(unsigned int) [with T = long unsigned int]’
  169 |     static constexpr uint64_t RangeMask = llvm::maskTrailingOnes<uint64_t>(Bits - 32) << 31;
      |                                           ~~~~~~~~~~~~~~~~~~~~~~~~~~~~~~~~^~~~~~~~~~~
In file included from /var/llvm-compile-time-tracker/llvm-project/llvm/include/llvm/ADT/BitmaskEnum.h:17,
                 from /var/llvm-compile-time-tracker/llvm-project/clang/include/clang/Basic/BitmaskEnum.h:18,
                 from /var/llvm-compile-time-tracker/llvm-project/clang/include/clang/Basic/TargetInfo.h:18,
                 from /var/llvm-compile-time-tracker/llvm-project/clang/lib/Basic/Targets/WebAssembly.h:16,
                 from /var/llvm-compile-time-tracker/llvm-project/clang/lib/Basic/Targets/WebAssembly.cpp:13:
/var/llvm-compile-time-tracker/llvm-project/llvm/include/llvm/Support/MathExtras.h:82:25: note: ‘T llvm::maskTrailingOnes(unsigned int) [with T = long unsigned int]’ declared here
   82 | template <typename T> T maskTrailingOnes(unsigned N) {
      |                         ^~~~~~~~~~~~~~~~
[2120/3116] Building CXX object tools/clang/lib/Basic/CMakeFiles/obj.clangBasic.dir/Targets/X86.cpp.o
FAILED: tools/clang/lib/Basic/CMakeFiles/obj.clangBasic.dir/Targets/X86.cpp.o 
CCACHE_CPP2=yes CCACHE_HASHDIR=yes CCACHE_SLOPPINESS=pch_defines,time_macros /usr/bin/ccache /usr/bin/c++ -DCLANG_EXPORTS -DGTEST_HAS_RTTI=0 -D_GNU_SOURCE -D__STDC_CONSTANT_MACROS -D__STDC_FORMAT_MACROS -D__STDC_LIMIT_MACROS -I/tmp/llvm-project-build-stage1/tools/clang/lib/Basic -I/var/llvm-compile-time-tracker/llvm-project/clang/lib/Basic -I/var/llvm-compile-time-tracker/llvm-project/clang/include -I/tmp/llvm-project-build-stage1/tools/clang/include -I/tmp/llvm-project-build-stage1/include -I/var/llvm-compile-time-tracker/llvm-project/llvm/include -fPIC -fno-semantic-interposition -fvisibility-inlines-hidden -Werror=date-time -Wall -Wextra -Wno-unused-parameter -Wwrite-strings -Wcast-qual -Wno-missing-field-initializers -pedantic -Wno-long-long -Wimplicit-fallthrough -Wno-uninitialized -Wno-nonnull -Wno-class-memaccess -Wno-redundant-move -Wno-pessimizing-move -Wno-noexcept-type -Wdelete-non-virtual-dtor -Wsuggest-override -Wno-comment -Wno-misleading-indentation -Wctad-maybe-unsupported -fdiagnostics-color -ffunction-sections -fdata-sections -fno-common -Woverloaded-virtual -fno-strict-aliasing -O3 -DNDEBUG  -fno-exceptions -funwind-tables -fno-rtti -std=c++17 -MD -MT tools/clang/lib/Basic/CMakeFiles/obj.clangBasic.dir/Targets/X86.cpp.o -MF tools/clang/lib/Basic/CMakeFiles/obj.clangBasic.dir/Targets/X86.cpp.o.d -o tools/clang/lib/Basic/CMakeFiles/obj.clangBasic.dir/Targets/X86.cpp.o -c /var/llvm-compile-time-tracker/llvm-project/clang/lib/Basic/Targets/X86.cpp
In file included from /var/llvm-compile-time-tracker/llvm-project/clang/include/clang/Basic/Diagnostic.h:19,
                 from /var/llvm-compile-time-tracker/llvm-project/clang/lib/Basic/Targets/X86.cpp:15:
/var/llvm-compile-time-tracker/llvm-project/clang/include/clang/Basic/SourceLocation.h: In member function ‘bool clang::SourceLocation::getRawEncoding32(uint32_t&) const’:
/var/llvm-compile-time-tracker/llvm-project/clang/include/clang/Basic/SourceLocation.h:169:75: error: call to non-‘constexpr’ function ‘T llvm::maskTrailingOnes(unsigned int) [with T = long unsigned int]’
  169 |     static constexpr uint64_t RangeMask = llvm::maskTrailingOnes<uint64_t>(Bits - 32) << 31;
      |                                           ~~~~~~~~~~~~~~~~~~~~~~~~~~~~~~~~^~~~~~~~~~~
In file included from /var/llvm-compile-time-tracker/llvm-project/llvm/include/llvm/ADT/BitmaskEnum.h:17,
                 from /var/llvm-compile-time-tracker/llvm-project/llvm/include/llvm/ADT/FloatingPointMode.h:18,
                 from /var/llvm-compile-time-tracker/llvm-project/clang/include/clang/Basic/LangOptions.h:25,
                 from /var/llvm-compile-time-tracker/llvm-project/clang/lib/Basic/TargetDefines.h:17,
                 from /var/llvm-compile-time-tracker/llvm-project/clang/lib/Basic/Targets.h:18,
                 from /var/llvm-compile-time-tracker/llvm-project/clang/lib/Basic/Targets/OSTargets.h:15,
                 from /var/llvm-compile-time-tracker/llvm-project/clang/lib/Basic/Targets/X86.h:16,
                 from /var/llvm-compile-time-tracker/llvm-project/clang/lib/Basic/Targets/X86.cpp:13:
/var/llvm-compile-time-tracker/llvm-project/llvm/include/llvm/Support/MathExtras.h:82:25: note: ‘T llvm::maskTrailingOnes(unsigned int) [with T = long unsigned int]’ declared here
   82 | template <typename T> T maskTrailingOnes(unsigned N) {
      |                         ^~~~~~~~~~~~~~~~
[2121/3116] Building CXX object lib/MC/MCParser/CMakeFiles/LLVMMCParser.dir/AsmParser.cpp.o
[2122/3116] Building CXX object tools/clang/lib/Analysis/CMakeFiles/obj.clangAnalysis.dir/CFG.cpp.o
FAILED: tools/clang/lib/Analysis/CMakeFiles/obj.clangAnalysis.dir/CFG.cpp.o 
CCACHE_CPP2=yes CCACHE_HASHDIR=yes CCACHE_SLOPPINESS=pch_defines,time_macros /usr/bin/ccache /usr/bin/c++ -DCLANG_EXPORTS -DGTEST_HAS_RTTI=0 -D_GNU_SOURCE -D__STDC_CONSTANT_MACROS -D__STDC_FORMAT_MACROS -D__STDC_LIMIT_MACROS -I/tmp/llvm-project-build-stage1/tools/clang/lib/Analysis -I/var/llvm-compile-time-tracker/llvm-project/clang/lib/Analysis -I/var/llvm-compile-time-tracker/llvm-project/clang/include -I/tmp/llvm-project-build-stage1/tools/clang/include -I/tmp/llvm-project-build-stage1/include -I/var/llvm-compile-time-tracker/llvm-project/llvm/include -fPIC -fno-semantic-interposition -fvisibility-inlines-hidden -Werror=date-time -Wall -Wextra -Wno-unused-parameter -Wwrite-strings -Wcast-qual -Wno-missing-field-initializers -pedantic -Wno-long-long -Wimplicit-fallthrough -Wno-uninitialized -Wno-nonnull -Wno-class-memaccess -Wno-redundant-move -Wno-pessimizing-move -Wno-noexcept-type -Wdelete-non-virtual-dtor -Wsuggest-override -Wno-comment -Wno-misleading-indentation -Wctad-maybe-unsupported -fdiagnostics-color -ffunction-sections -fdata-sections -fno-common -Woverloaded-virtual -fno-strict-aliasing -O3 -DNDEBUG  -fno-exceptions -funwind-tables -fno-rtti -std=c++17 -MD -MT tools/clang/lib/Analysis/CMakeFiles/obj.clangAnalysis.dir/CFG.cpp.o -MF tools/clang/lib/Analysis/CMakeFiles/obj.clangAnalysis.dir/CFG.cpp.o.d -o tools/clang/lib/Analysis/CMakeFiles/obj.clangAnalysis.dir/CFG.cpp.o -c /var/llvm-compile-time-tracker/llvm-project/clang/lib/Analysis/CFG.cpp
In file included from /var/llvm-compile-time-tracker/llvm-project/clang/include/clang/Basic/Diagnostic.h:19,
                 from /var/llvm-compile-time-tracker/llvm-project/clang/include/clang/AST/NestedNameSpecifier.h:18,
                 from /var/llvm-compile-time-tracker/llvm-project/clang/include/clang/AST/Type.h:21,
                 from /var/llvm-compile-time-tracker/llvm-project/clang/include/clang/AST/DeclarationName.h:16,
                 from /var/llvm-compile-time-tracker/llvm-project/clang/include/clang/AST/DeclBase.h:19,
                 from /var/llvm-compile-time-tracker/llvm-project/clang/include/clang/AST/Decl.h:20,
                 from /var/llvm-compile-time-tracker/llvm-project/clang/include/clang/AST/Attr.h:18,
                 from /var/llvm-compile-time-tracker/llvm-project/clang/include/clang/Analysis/CFG.h:17,
                 from /var/llvm-compile-time-tracker/llvm-project/clang/lib/Analysis/CFG.cpp:14:
/var/llvm-compile-time-tracker/llvm-project/clang/include/clang/Basic/SourceLocation.h: In member function ‘bool clang::SourceLocation::getRawEncoding32(uint32_t&) const’:
/var/llvm-compile-time-tracker/llvm-project/clang/include/clang/Basic/SourceLocation.h:169:75: error: call to non-‘constexpr’ function ‘T llvm::maskTrailingOnes(unsigned int) [with T = long unsigned int]’
  169 |     static constexpr uint64_t RangeMask = llvm::maskTrailingOnes<uint64_t>(Bits - 32) << 31;
      |                                           ~~~~~~~~~~~~~~~~~~~~~~~~~~~~~~~~^~~~~~~~~~~
In file included from /var/llvm-compile-time-tracker/llvm-project/llvm/include/llvm/ADT/APInt.h:19,
                 from /var/llvm-compile-time-tracker/llvm-project/llvm/include/llvm/ADT/APFloat.h:18,
                 from /var/llvm-compile-time-tracker/llvm-project/clang/include/clang/AST/APNumericStorage.h:12,
                 from /var/llvm-compile-time-tracker/llvm-project/clang/include/clang/AST/Decl.h:16,
                 from /var/llvm-compile-time-tracker/llvm-project/clang/include/clang/AST/Attr.h:18,
                 from /var/llvm-compile-time-tracker/llvm-project/clang/include/clang/Analysis/CFG.h:17,
                 from /var/llvm-compile-time-tracker/llvm-project/clang/lib/Analysis/CFG.cpp:14:
/var/llvm-compile-time-tracker/llvm-project/llvm/include/llvm/Support/MathExtras.h:82:25: note: ‘T llvm::maskTrailingOnes(unsigned int) [with T = long unsigned int]’ declared here
   82 | template <typename T> T maskTrailingOnes(unsigned N) {
      |                         ^~~~~~~~~~~~~~~~
In file included from /var/llvm-compile-time-tracker/llvm-project/clang/include/clang/AST/Expr.h:24,
                 from /var/llvm-compile-time-tracker/llvm-project/clang/include/clang/AST/DeclCXX.h:22,
                 from /var/llvm-compile-time-tracker/llvm-project/clang/include/clang/AST/ExprCXX.h:21,
                 from /var/llvm-compile-time-tracker/llvm-project/clang/include/clang/Analysis/CFG.h:18,
                 from /var/llvm-compile-time-tracker/llvm-project/clang/lib/Analysis/CFG.cpp:14:
/var/llvm-compile-time-tracker/llvm-project/clang/include/clang/AST/Stmt.h: At global scope:
/var/llvm-compile-time-tracker/llvm-project/clang/include/clang/AST/Stmt.h:741:16: warning: width of ‘clang::Stmt::CXXOperatorCallExprBitfields::<anonymous>’ exceeds its type
  741 |     unsigned : NumCallExprBits;
      |                ^~~~~~~~~~~~~~~
/var/llvm-compile-time-tracker/llvm-project/clang/include/clang/AST/Stmt.h:754:16: warning: width of ‘clang::Stmt::CXXRewrittenBinaryOperatorBitfields::<anonymous>’ exceeds its type
  754 |     unsigned : NumCallExprBits;
      |                ^~~~~~~~~~~~~~~
[2123/3116] Building AArch64GenSubtargetInfo.inc...
[2124/3116] Building AArch64GenInstrInfo.inc...
[2125/3116] Building CXX object tools/clang/lib/CodeGen/CMakeFiles/obj.clangCodeGen.dir/ABIInfo.cpp.o
FAILED: tools/clang/lib/CodeGen/CMakeFiles/obj.clangCodeGen.dir/ABIInfo.cpp.o 
CCACHE_CPP2=yes CCACHE_HASHDIR=yes CCACHE_SLOPPINESS=pch_defines,time_macros /usr/bin/ccache /usr/bin/c++ -DCLANG_EXPORTS -DGTEST_HAS_RTTI=0 -D_GNU_SOURCE -D__STDC_CONSTANT_MACROS -D__STDC_FORMAT_MACROS -D__STDC_LIMIT_MACROS -I/tmp/llvm-project-build-stage1/tools/clang/lib/CodeGen -I/var/llvm-compile-time-tracker/llvm-project/clang/lib/CodeGen -I/var/llvm-compile-time-tracker/llvm-project/clang/include -I/tmp/llvm-project-build-stage1/tools/clang/include -I/tmp/llvm-project-build-stage1/include -I/var/llvm-compile-time-tracker/llvm-project/llvm/include -fPIC -fno-semantic-interposition -fvisibility-inlines-hidden -Werror=date-time -Wall -Wextra -Wno-unused-parameter -Wwrite-strings -Wcast-qual -Wno-missing-field-initializers -pedantic -Wno-long-long -Wimplicit-fallthrough -Wno-uninitialized -Wno-nonnull -Wno-class-memaccess -Wno-redundant-move -Wno-pessimizing-move -Wno-noexcept-type -Wdelete-non-virtual-dtor -Wsuggest-override -Wno-comment -Wno-misleading-indentation -Wctad-maybe-unsupported -fdiagnostics-color -ffunction-sections -fdata-sections -fno-common -Woverloaded-virtual -fno-strict-aliasing -O3 -DNDEBUG  -fno-exceptions -funwind-tables -fno-rtti -std=c++17 -MD -MT tools/clang/lib/CodeGen/CMakeFiles/obj.clangCodeGen.dir/ABIInfo.cpp.o -MF tools/clang/lib/CodeGen/CMakeFiles/obj.clangCodeGen.dir/ABIInfo.cpp.o.d -o tools/clang/lib/CodeGen/CMakeFiles/obj.clangCodeGen.dir/ABIInfo.cpp.o -c /var/llvm-compile-time-tracker/llvm-project/clang/lib/CodeGen/ABIInfo.cpp
In file included from /var/llvm-compile-time-tracker/llvm-project/clang/include/clang/Basic/Diagnostic.h:19,
                 from /var/llvm-compile-time-tracker/llvm-project/clang/include/clang/AST/NestedNameSpecifier.h:18,
                 from /var/llvm-compile-time-tracker/llvm-project/clang/include/clang/AST/Type.h:21,
                 from /var/llvm-compile-time-tracker/llvm-project/clang/include/clang/AST/DeclarationName.h:16,
                 from /var/llvm-compile-time-tracker/llvm-project/clang/include/clang/AST/DeclBase.h:19,
                 from /var/llvm-compile-time-tracker/llvm-project/clang/include/clang/AST/Decl.h:20,
                 from /var/llvm-compile-time-tracker/llvm-project/clang/include/clang/AST/Attr.h:18,
                 from /var/llvm-compile-time-tracker/llvm-project/clang/lib/CodeGen/ABIInfo.h:12,
                 from /var/llvm-compile-time-tracker/llvm-project/clang/lib/CodeGen/ABIInfo.cpp:9:
/var/llvm-compile-time-tracker/llvm-project/clang/include/clang/Basic/SourceLocation.h: In member function ‘bool clang::SourceLocation::getRawEncoding32(uint32_t&) const’:
/var/llvm-compile-time-tracker/llvm-project/clang/include/clang/Basic/SourceLocation.h:169:75: error: call to non-‘constexpr’ function ‘T llvm::maskTrailingOnes(unsigned int) [with T = long unsigned int]’
  169 |     static constexpr uint64_t RangeMask = llvm::maskTrailingOnes<uint64_t>(Bits - 32) << 31;
      |                                           ~~~~~~~~~~~~~~~~~~~~~~~~~~~~~~~~^~~~~~~~~~~
In file included from /var/llvm-compile-time-tracker/llvm-project/llvm/include/llvm/ADT/APInt.h:19,
                 from /var/llvm-compile-time-tracker/llvm-project/llvm/include/llvm/ADT/APFloat.h:18,
                 from /var/llvm-compile-time-tracker/llvm-project/clang/include/clang/AST/APNumericStorage.h:12,
                 from /var/llvm-compile-time-tracker/llvm-project/clang/include/clang/AST/Decl.h:16,
                 from /var/llvm-compile-time-tracker/llvm-project/clang/include/clang/AST/Attr.h:18,
                 from /var/llvm-compile-time-tracker/llvm-project/clang/lib/CodeGen/ABIInfo.h:12,
                 from /var/llvm-compile-time-tracker/llvm-project/clang/lib/CodeGen/ABIInfo.cpp:9:
/var/llvm-compile-time-tracker/llvm-project/llvm/include/llvm/Support/MathExtras.h:82:25: note: ‘T llvm::maskTrailingOnes(unsigned int) [with T = long unsigned int]’ declared here
   82 | template <typename T> T maskTrailingOnes(unsigned N) {
      |                         ^~~~~~~~~~~~~~~~
In file included from /var/llvm-compile-time-tracker/llvm-project/clang/include/clang/AST/Expr.h:24,
                 from /var/llvm-compile-time-tracker/llvm-project/clang/include/clang/AST/DeclCXX.h:22,
                 from /var/llvm-compile-time-tracker/llvm-project/clang/include/clang/AST/BaseSubobject.h:17,
                 from /var/llvm-compile-time-tracker/llvm-project/clang/lib/CodeGen/CGVTables.h:16,
                 from /var/llvm-compile-time-tracker/llvm-project/clang/lib/CodeGen/CodeGenModule.h:16,
                 from /var/llvm-compile-time-tracker/llvm-project/clang/lib/CodeGen/CodeGenFunction.h:19,
                 from /var/llvm-compile-time-tracker/llvm-project/clang/lib/CodeGen/CGCXXABI.h:17,
                 from /var/llvm-compile-time-tracker/llvm-project/clang/lib/CodeGen/ABIInfoImpl.h:13,
                 from /var/llvm-compile-time-tracker/llvm-project/clang/lib/CodeGen/ABIInfo.cpp:10:
/var/llvm-compile-time-tracker/llvm-project/clang/include/clang/AST/Stmt.h: At global scope:
/var/llvm-compile-time-tracker/llvm-project/clang/include/clang/AST/Stmt.h:741:16: warning: width of ‘clang::Stmt::CXXOperatorCallExprBitfields::<anonymous>’ exceeds its type
  741 |     unsigned : NumCallExprBits;
      |                ^~~~~~~~~~~~~~~
/var/llvm-compile-time-tracker/llvm-project/clang/include/clang/AST/Stmt.h:754:16: warning: width of ‘clang::Stmt::CXXRewrittenBinaryOperatorBitfields::<anonymous>’ exceeds its type
  754 |     unsigned : NumCallExprBits;
      |                ^~~~~~~~~~~~~~~
[2126/3116] Building CXX object tools/clang/lib/CodeGen/CMakeFiles/obj.clangCodeGen.dir/CGCUDANV.cpp.o
FAILED: tools/clang/lib/CodeGen/CMakeFiles/obj.clangCodeGen.dir/CGCUDANV.cpp.o 
CCACHE_CPP2=yes CCACHE_HASHDIR=yes CCACHE_SLOPPINESS=pch_defines,time_macros /usr/bin/ccache /usr/bin/c++ -DCLANG_EXPORTS -DGTEST_HAS_RTTI=0 -D_GNU_SOURCE -D__STDC_CONSTANT_MACROS -D__STDC_FORMAT_MACROS -D__STDC_LIMIT_MACROS -I/tmp/llvm-project-build-stage1/tools/clang/lib/CodeGen -I/var/llvm-compile-time-tracker/llvm-project/clang/lib/CodeGen -I/var/llvm-compile-time-tracker/llvm-project/clang/include -I/tmp/llvm-project-build-stage1/tools/clang/include -I/tmp/llvm-project-build-stage1/include -I/var/llvm-compile-time-tracker/llvm-project/llvm/include -fPIC -fno-semantic-interposition -fvisibility-inlines-hidden -Werror=date-time -Wall -Wextra -Wno-unused-parameter -Wwrite-strings -Wcast-qual -Wno-missing-field-initializers -pedantic -Wno-long-long -Wimplicit-fallthrough -Wno-uninitialized -Wno-nonnull -Wno-class-memaccess -Wno-redundant-move -Wno-pessimizing-move -Wno-noexcept-type -Wdelete-non-virtual-dtor -Wsuggest-override -Wno-comment -Wno-misleading-indentation -Wctad-maybe-unsupported -fdiagnostics-color -ffunction-sections -fdata-sections -fno-common -Woverloaded-virtual -fno-strict-aliasing -O3 -DNDEBUG  -fno-exceptions -funwind-tables -fno-rtti -std=c++17 -MD -MT tools/clang/lib/CodeGen/CMakeFiles/obj.clangCodeGen.dir/CGCUDANV.cpp.o -MF tools/clang/lib/CodeGen/CMakeFiles/obj.clangCodeGen.dir/CGCUDANV.cpp.o.d -o tools/clang/lib/CodeGen/CMakeFiles/obj.clangCodeGen.dir/CGCUDANV.cpp.o -c /var/llvm-compile-time-tracker/llvm-project/clang/lib/CodeGen/CGCUDANV.cpp
In file included from /var/llvm-compile-time-tracker/llvm-project/clang/include/clang/Basic/Diagnostic.h:19,
                 from /var/llvm-compile-time-tracker/llvm-project/clang/include/clang/AST/NestedNameSpecifier.h:18,
                 from /var/llvm-compile-time-tracker/llvm-project/clang/include/clang/AST/Type.h:21,
                 from /var/llvm-compile-time-tracker/llvm-project/clang/include/clang/AST/DeclarationName.h:16,
                 from /var/llvm-compile-time-tracker/llvm-project/clang/include/clang/AST/DeclBase.h:19,
                 from /var/llvm-compile-time-tracker/llvm-project/clang/include/clang/AST/Decl.h:20,
                 from /var/llvm-compile-time-tracker/llvm-project/clang/include/clang/AST/Attr.h:18,
                 from /var/llvm-compile-time-tracker/llvm-project/clang/include/clang/AST/GlobalDecl.h:17,
                 from /var/llvm-compile-time-tracker/llvm-project/clang/lib/CodeGen/CGCUDARuntime.h:18,
                 from /var/llvm-compile-time-tracker/llvm-project/clang/lib/CodeGen/CGCUDANV.cpp:14:
/var/llvm-compile-time-tracker/llvm-project/clang/include/clang/Basic/SourceLocation.h: In member function ‘bool clang::SourceLocation::getRawEncoding32(uint32_t&) const’:
/var/llvm-compile-time-tracker/llvm-project/clang/include/clang/Basic/SourceLocation.h:169:75: error: call to non-‘constexpr’ function ‘T llvm::maskTrailingOnes(unsigned int) [with T = long unsigned int]’
  169 |     static constexpr uint64_t RangeMask = llvm::maskTrailingOnes<uint64_t>(Bits - 32) << 31;
      |                                           ~~~~~~~~~~~~~~~~~~~~~~~~~~~~~~~~^~~~~~~~~~~
In file included from /var/llvm-compile-time-tracker/llvm-project/llvm/include/llvm/ADT/APInt.h:19,
                 from /var/llvm-compile-time-tracker/llvm-project/llvm/include/llvm/ADT/APFloat.h:18,
                 from /var/llvm-compile-time-tracker/llvm-project/clang/include/clang/AST/APNumericStorage.h:12,
                 from /var/llvm-compile-time-tracker/llvm-project/clang/include/clang/AST/Decl.h:16,
                 from /var/llvm-compile-time-tracker/llvm-project/clang/include/clang/AST/Attr.h:18,
                 from /var/llvm-compile-time-tracker/llvm-project/clang/include/clang/AST/GlobalDecl.h:17,
                 from /var/llvm-compile-time-tracker/llvm-project/clang/lib/CodeGen/CGCUDARuntime.h:18,
                 from /var/llvm-compile-time-tracker/llvm-project/clang/lib/CodeGen/CGCUDANV.cpp:14:
/var/llvm-compile-time-tracker/llvm-project/llvm/include/llvm/Support/MathExtras.h:82:25: note: ‘T llvm::maskTrailingOnes(unsigned int) [with T = long unsigned int]’ declared here
   82 | template <typename T> T maskTrailingOnes(unsigned N) {
      |                         ^~~~~~~~~~~~~~~~
In file included from /var/llvm-compile-time-tracker/llvm-project/clang/include/clang/AST/Expr.h:24,
                 from /var/llvm-compile-time-tracker/llvm-project/clang/include/clang/AST/DeclCXX.h:22,
                 from /var/llvm-compile-time-tracker/llvm-project/clang/include/clang/AST/GlobalDecl.h:18,
                 from /var/llvm-compile-time-tracker/llvm-project/clang/lib/CodeGen/CGCUDARuntime.h:18,
                 from /var/llvm-compile-time-tracker/llvm-project/clang/lib/CodeGen/CGCUDANV.cpp:14:
/var/llvm-compile-time-tracker/llvm-project/clang/include/clang/AST/Stmt.h: At global scope:
/var/llvm-compile-time-tracker/llvm-project/clang/include/clang/AST/Stmt.h:741:16: warning: width of ‘clang::Stmt::CXXOperatorCallExprBitfields::<anonymous>’ exceeds its type
  741 |     unsigned : NumCallExprBits;
      |                ^~~~~~~~~~~~~~~
/var/llvm-compile-time-tracker/llvm-project/clang/include/clang/AST/Stmt.h:754:16: warning: width of ‘clang::Stmt::CXXRewrittenBinaryOperatorBitfields::<anonymous>’ exceeds its type
  754 |     unsigned : NumCallExprBits;
      |                ^~~~~~~~~~~~~~~
[2127/3116] Building CXX object tools/clang/lib/CodeGen/CMakeFiles/obj.clangCodeGen.dir/CGBuiltin.cpp.o
FAILED: tools/clang/lib/CodeGen/CMakeFiles/obj.clangCodeGen.dir/CGBuiltin.cpp.o 
CCACHE_CPP2=yes CCACHE_HASHDIR=yes CCACHE_SLOPPINESS=pch_defines,time_macros /usr/bin/ccache /usr/bin/c++ -DCLANG_EXPORTS -DGTEST_HAS_RTTI=0 -D_GNU_SOURCE -D__STDC_CONSTANT_MACROS -D__STDC_FORMAT_MACROS -D__STDC_LIMIT_MACROS -I/tmp/llvm-project-build-stage1/tools/clang/lib/CodeGen -I/var/llvm-compile-time-tracker/llvm-project/clang/lib/CodeGen -I/var/llvm-compile-time-tracker/llvm-project/clang/include -I/tmp/llvm-project-build-stage1/tools/clang/include -I/tmp/llvm-project-build-stage1/include -I/var/llvm-compile-time-tracker/llvm-project/llvm/include -fPIC -fno-semantic-interposition -fvisibility-inlines-hidden -Werror=date-time -Wall -Wextra -Wno-unused-parameter -Wwrite-strings -Wcast-qual -Wno-missing-field-initializers -pedantic -Wno-long-long -Wimplicit-fallthrough -Wno-uninitialized -Wno-nonnull -Wno-class-memaccess -Wno-redundant-move -Wno-pessimizing-move -Wno-noexcept-type -Wdelete-non-virtual-dtor -Wsuggest-override -Wno-comment -Wno-misleading-indentation -Wctad-maybe-unsupported -fdiagnostics-color -ffunction-sections -fdata-sections -fno-common -Woverloaded-virtual -fno-strict-aliasing -O3 -DNDEBUG  -fno-exceptions -funwind-tables -fno-rtti -std=c++17 -MD -MT tools/clang/lib/CodeGen/CMakeFiles/obj.clangCodeGen.dir/CGBuiltin.cpp.o -MF tools/clang/lib/CodeGen/CMakeFiles/obj.clangCodeGen.dir/CGBuiltin.cpp.o.d -o tools/clang/lib/CodeGen/CMakeFiles/obj.clangCodeGen.dir/CGBuiltin.cpp.o -c /var/llvm-compile-time-tracker/llvm-project/clang/lib/CodeGen/CGBuiltin.cpp
In file included from /var/llvm-compile-time-tracker/llvm-project/clang/include/clang/Basic/Diagnostic.h:19,
                 from /var/llvm-compile-time-tracker/llvm-project/clang/include/clang/AST/NestedNameSpecifier.h:18,
                 from /var/llvm-compile-time-tracker/llvm-project/clang/include/clang/AST/Type.h:21,
                 from /var/llvm-compile-time-tracker/llvm-project/clang/lib/CodeGen/CGPointerAuthInfo.h:16,
                 from /var/llvm-compile-time-tracker/llvm-project/clang/lib/CodeGen/Address.h:17,
                 from /var/llvm-compile-time-tracker/llvm-project/clang/lib/CodeGen/CGBuilder.h:12,
                 from /var/llvm-compile-time-tracker/llvm-project/clang/lib/CodeGen/CodeGenFunction.h:16,
                 from /var/llvm-compile-time-tracker/llvm-project/clang/lib/CodeGen/CGBuiltin.h:12,
                 from /var/llvm-compile-time-tracker/llvm-project/clang/lib/CodeGen/CGBuiltin.cpp:13:
/var/llvm-compile-time-tracker/llvm-project/clang/include/clang/Basic/SourceLocation.h: In member function ‘bool clang::SourceLocation::getRawEncoding32(uint32_t&) const’:
/var/llvm-compile-time-tracker/llvm-project/clang/include/clang/Basic/SourceLocation.h:169:75: error: call to non-‘constexpr’ function ‘T llvm::maskTrailingOnes(unsigned int) [with T = long unsigned int]’
  169 |     static constexpr uint64_t RangeMask = llvm::maskTrailingOnes<uint64_t>(Bits - 32) << 31;
      |                                           ~~~~~~~~~~~~~~~~~~~~~~~~~~~~~~~~^~~~~~~~~~~
In file included from /var/llvm-compile-time-tracker/llvm-project/llvm/include/llvm/ADT/BitmaskEnum.h:17,
                 from /var/llvm-compile-time-tracker/llvm-project/clang/include/clang/Basic/BitmaskEnum.h:18,
                 from /var/llvm-compile-time-tracker/llvm-project/clang/include/clang/AST/DependenceFlags.h:11,
                 from /var/llvm-compile-time-tracker/llvm-project/clang/include/clang/AST/Type.h:20,
                 from /var/llvm-compile-time-tracker/llvm-project/clang/lib/CodeGen/CGPointerAuthInfo.h:16,
                 from /var/llvm-compile-time-tracker/llvm-project/clang/lib/CodeGen/Address.h:17,
                 from /var/llvm-compile-time-tracker/llvm-project/clang/lib/CodeGen/CGBuilder.h:12,
                 from /var/llvm-compile-time-tracker/llvm-project/clang/lib/CodeGen/CodeGenFunction.h:16,
                 from /var/llvm-compile-time-tracker/llvm-project/clang/lib/CodeGen/CGBuiltin.h:12,
                 from /var/llvm-compile-time-tracker/llvm-project/clang/lib/CodeGen/CGBuiltin.cpp:13:
/var/llvm-compile-time-tracker/llvm-project/llvm/include/llvm/Support/MathExtras.h:82:25: note: ‘T llvm::maskTrailingOnes(unsigned int) [with T = long unsigned int]’ declared here
   82 | template <typename T> T maskTrailingOnes(unsigned N) {
      |                         ^~~~~~~~~~~~~~~~
In file included from /var/llvm-compile-time-tracker/llvm-project/clang/include/clang/AST/Expr.h:24,
                 from /var/llvm-compile-time-tracker/llvm-project/clang/include/clang/AST/DeclCXX.h:22,
                 from /var/llvm-compile-time-tracker/llvm-project/clang/include/clang/AST/BaseSubobject.h:17,
                 from /var/llvm-compile-time-tracker/llvm-project/clang/lib/CodeGen/CGVTables.h:16,
                 from /var/llvm-compile-time-tracker/llvm-project/clang/lib/CodeGen/CodeGenModule.h:16,
                 from /var/llvm-compile-time-tracker/llvm-project/clang/lib/CodeGen/CodeGenFunction.h:19,
                 from /var/llvm-compile-time-tracker/llvm-project/clang/lib/CodeGen/CGBuiltin.h:12,
                 from /var/llvm-compile-time-tracker/llvm-project/clang/lib/CodeGen/CGBuiltin.cpp:13:
/var/llvm-compile-time-tracker/llvm-project/clang/include/clang/AST/Stmt.h: At global scope:
/var/llvm-compile-time-tracker/llvm-project/clang/include/clang/AST/Stmt.h:741:16: warning: width of ‘clang::Stmt::CXXOperatorCallExprBitfields::<anonymous>’ exceeds its type
  741 |     unsigned : NumCallExprBits;
      |                ^~~~~~~~~~~~~~~
/var/llvm-compile-time-tracker/llvm-project/clang/include/clang/AST/Stmt.h:754:16: warning: width of ‘clang::Stmt::CXXRewrittenBinaryOperatorBitfields::<anonymous>’ exceeds its type
  754 |     unsigned : NumCallExprBits;
      |                ^~~~~~~~~~~~~~~
ninja: build stopped: subcommand failed.


STDERR:
CMake Deprecation Warning at /var/llvm-compile-time-tracker/llvm-project/clang/CMakeLists.txt:444 (message):
  'CLANG_ENABLE_ARCMT' is deprecated as ARCMigrate has been removed from
  Clang.  Please use 'CLANG_ENABLE_OBJC_REWRITER' instead to enable or
  disable the Objective-C rewriter.


Command exited with non-zero status 1
167.48user 18.08system 0:15.33elapsed 1210%CPU (0avgtext+0avgdata 1104572maxresident)k
105144inputs+3622200outputs (3195major+8212498minor)pagefaults 0swaps
