MESSAGE: Execution of "./build_llvm_test_suite.sh O3" failed

STDOUT:
loading initial cache file ./llvm-test-suite/cmake/caches/O3.cmake
-- The C compiler identification is Clang 17.0.0
-- The CXX compiler identification is Clang 17.0.0
-- Detecting C compiler ABI info
-- Detecting C compiler ABI info - failed
-- Check for working C compiler: /root/llvm-compile-time-tracker/llvm-project-build/bin/clang
-- Check for working C compiler: /root/llvm-compile-time-tracker/llvm-project-build/bin/clang - works
-- Detecting C compile features
-- Detecting C compile features - done
-- Detecting CXX compiler ABI info
-- Detecting CXX compiler ABI info - failed
-- Check for working CXX compiler: /root/llvm-compile-time-tracker/llvm-project-build/bin/clang++
-- Check for working CXX compiler: /root/llvm-compile-time-tracker/llvm-project-build/bin/clang++ - works
-- Detecting CXX compile features
-- Detecting CXX compile features - done
-- Configuring incomplete, errors occurred!
See also "/root/llvm-compile-time-tracker/llvm-test-suite-build/CMakeFiles/CMakeOutput.log".
See also "/root/llvm-compile-time-tracker/llvm-test-suite-build/CMakeFiles/CMakeError.log".
ninja: Entering directory `./llvm-test-suite-build'


STDERR:
CMake Error at CMakeLists.txt:85 (message):
  CMAKE_SIZEOF_VOID_P is not defined


ninja: error: loading 'build.ninja': No such file or directory
MESSAGE: Execution of "./build_llvm_test_suite.sh ReleaseThinLTO" failed

STDOUT:
loading initial cache file ./llvm-test-suite/cmake/caches/ReleaseThinLTO.cmake
-- The C compiler identification is Clang 17.0.0
-- The CXX compiler identification is Clang 17.0.0
-- Detecting C compiler ABI info
-- Detecting C compiler ABI info - failed
-- Check for working C compiler: /root/llvm-compile-time-tracker/llvm-project-build/bin/clang
-- Check for working C compiler: /root/llvm-compile-time-tracker/llvm-project-build/bin/clang - works
-- Detecting C compile features
-- Detecting C compile features - done
-- Detecting CXX compiler ABI info
-- Detecting CXX compiler ABI info - failed
-- Check for working CXX compiler: /root/llvm-compile-time-tracker/llvm-project-build/bin/clang++
-- Check for working CXX compiler: /root/llvm-compile-time-tracker/llvm-project-build/bin/clang++ - works
-- Detecting CXX compile features
-- Detecting CXX compile features - done
-- Configuring incomplete, errors occurred!
See also "/root/llvm-compile-time-tracker/llvm-test-suite-build/CMakeFiles/CMakeOutput.log".
See also "/root/llvm-compile-time-tracker/llvm-test-suite-build/CMakeFiles/CMakeError.log".
ninja: Entering directory `./llvm-test-suite-build'


STDERR:
CMake Error at CMakeLists.txt:85 (message):
  CMAKE_SIZEOF_VOID_P is not defined


ninja: error: loading 'build.ninja': No such file or directory
MESSAGE: Execution of "./build_llvm_test_suite.sh ReleaseLTO-g" failed

STDOUT:
loading initial cache file ./llvm-test-suite/cmake/caches/ReleaseLTO-g.cmake
-- The C compiler identification is Clang 17.0.0
-- The CXX compiler identification is Clang 17.0.0
-- Detecting C compiler ABI info
-- Detecting C compiler ABI info - failed
-- Check for working C compiler: /root/llvm-compile-time-tracker/llvm-project-build/bin/clang
-- Check for working C compiler: /root/llvm-compile-time-tracker/llvm-project-build/bin/clang - works
-- Detecting C compile features
-- Detecting C compile features - done
-- Detecting CXX compiler ABI info
-- Detecting CXX compiler ABI info - failed
-- Check for working CXX compiler: /root/llvm-compile-time-tracker/llvm-project-build/bin/clang++
-- Check for working CXX compiler: /root/llvm-compile-time-tracker/llvm-project-build/bin/clang++ - works
-- Detecting CXX compile features
-- Detecting CXX compile features - done
-- Configuring incomplete, errors occurred!
See also "/root/llvm-compile-time-tracker/llvm-test-suite-build/CMakeFiles/CMakeOutput.log".
See also "/root/llvm-compile-time-tracker/llvm-test-suite-build/CMakeFiles/CMakeError.log".
ninja: Entering directory `./llvm-test-suite-build'


STDERR:
CMake Error at CMakeLists.txt:85 (message):
  CMAKE_SIZEOF_VOID_P is not defined


ninja: error: loading 'build.ninja': No such file or directory
MESSAGE: Execution of "./build_llvm_test_suite.sh O0-g" failed

STDOUT:
loading initial cache file ./llvm-test-suite/cmake/caches/O0-g.cmake
-- The C compiler identification is Clang 17.0.0
-- The CXX compiler identification is Clang 17.0.0
-- Detecting C compiler ABI info
-- Detecting C compiler ABI info - failed
-- Check for working C compiler: /root/llvm-compile-time-tracker/llvm-project-build/bin/clang
-- Check for working C compiler: /root/llvm-compile-time-tracker/llvm-project-build/bin/clang - works
-- Detecting C compile features
-- Detecting C compile features - done
-- Detecting CXX compiler ABI info
-- Detecting CXX compiler ABI info - failed
-- Check for working CXX compiler: /root/llvm-compile-time-tracker/llvm-project-build/bin/clang++
-- Check for working CXX compiler: /root/llvm-compile-time-tracker/llvm-project-build/bin/clang++ - works
-- Detecting CXX compile features
-- Detecting CXX compile features - done
-- Configuring incomplete, errors occurred!
See also "/root/llvm-compile-time-tracker/llvm-test-suite-build/CMakeFiles/CMakeOutput.log".
See also "/root/llvm-compile-time-tracker/llvm-test-suite-build/CMakeFiles/CMakeError.log".
ninja: Entering directory `./llvm-test-suite-build'


STDERR:
CMake Error at CMakeLists.txt:85 (message):
  CMAKE_SIZEOF_VOID_P is not defined


ninja: error: loading 'build.ninja': No such file or directory
