MESSAGE: Execution of "sudo -u lctt-runner ./build_llvm_project_stage2.sh" failed

STDOUT:
def ext_masked_gather_i16 :
    ^
ext_masked_gather_i32(def): 	(masked_gather:{} node:{}:$def, node:{}:$pred, node:{}:$ptr, node:{}:$idx)
Included from /var/llvm-compile-time-tracker/llvm-project/llvm/lib/Target/X86/X86.td:16:
Included from /var/llvm-compile-time-tracker/llvm-project/llvm/include/llvm/Target/Target.td:1933:
/var/llvm-compile-time-tracker/llvm-project/llvm/include/llvm/Target/TargetSelectionDAG.td:2081:5: error: In ext_masked_gather_i32: 'pred' does not occur in pattern or was multiply specified!
def ext_masked_gather_i32 :
    ^
masked_load(src1): 	(masked_ld:{} node:{}:$src1, (undef:{}), node:{}:$src2, node:{}:$src3)
Included from /var/llvm-compile-time-tracker/llvm-project/llvm/lib/Target/X86/X86.td:798:
Included from /var/llvm-compile-time-tracker/llvm-project/llvm/lib/Target/X86/X86InstrInfo.td:18:
/var/llvm-compile-time-tracker/llvm-project/llvm/lib/Target/X86/X86InstrFragmentsSIMD.td:1264:5: error: In masked_load: 'src2' does not occur in pattern or was multiply specified!
def masked_load : PatFrag<(ops node:$src1, node:$src2, node:$src3),
    ^
masked_load_aligned(src1): 	(masked_load:{} node:{}:$src1, node:{}:$src2, node:{}:$src3)
Included from /var/llvm-compile-time-tracker/llvm-project/llvm/lib/Target/X86/X86.td:798:
Included from /var/llvm-compile-time-tracker/llvm-project/llvm/lib/Target/X86/X86InstrInfo.td:18:
/var/llvm-compile-time-tracker/llvm-project/llvm/lib/Target/X86/X86InstrFragmentsSIMD.td:1271:5: error: In masked_load_aligned: 'src2' does not occur in pattern or was multiply specified!
def masked_load_aligned : PatFrag<(ops node:$src1, node:$src2, node:$src3),
    ^
masked_store(src1): 	(masked_st node:{}:$src1, node:{}:$src2, (undef:{}), node:{}:$src3)
Included from /var/llvm-compile-time-tracker/llvm-project/llvm/lib/Target/X86/X86.td:798:
Included from /var/llvm-compile-time-tracker/llvm-project/llvm/lib/Target/X86/X86InstrInfo.td:18:
/var/llvm-compile-time-tracker/llvm-project/llvm/lib/Target/X86/X86InstrFragmentsSIMD.td:1289:5: error: In masked_store: 'src2' does not occur in pattern or was multiply specified!
def masked_store : PatFrag<(ops node:$src1, node:$src2, node:$src3),
    ^
masked_store_aligned(src1): 	(masked_store node:{}:$src1, node:{}:$src2, node:{}:$src3)
Included from /var/llvm-compile-time-tracker/llvm-project/llvm/lib/Target/X86/X86.td:798:
Included from /var/llvm-compile-time-tracker/llvm-project/llvm/lib/Target/X86/X86InstrInfo.td:18:
/var/llvm-compile-time-tracker/llvm-project/llvm/lib/Target/X86/X86InstrFragmentsSIMD.td:1296:5: error: In masked_store_aligned: 'src2' does not occur in pattern or was multiply specified!
def masked_store_aligned : PatFrag<(ops node:$src1, node:$src2, node:$src3),
    ^
masked_truncstore_s_vi8(src1): 	(X86MTruncSStore node:{}:$src1, node:{}:$src2, node:{}:$src3)
Included from /var/llvm-compile-time-tracker/llvm-project/llvm/lib/Target/X86/X86.td:798:
Included from /var/llvm-compile-time-tracker/llvm-project/llvm/lib/Target/X86/X86InstrInfo.td:18:
/var/llvm-compile-time-tracker/llvm-project/llvm/lib/Target/X86/X86InstrFragmentsSIMD.td:1377:5: error: In masked_truncstore_s_vi8: 'src2' does not occur in pattern or was multiply specified!
def masked_truncstore_s_vi8 : PatFrag<(ops node:$src1, node:$src2, node:$src3),
    ^
masked_truncstore_s_vi16(src1): 	(X86MTruncSStore node:{}:$src1, node:{}:$src2, node:{}:$src3)
Included from /var/llvm-compile-time-tracker/llvm-project/llvm/lib/Target/X86/X86.td:798:
Included from /var/llvm-compile-time-tracker/llvm-project/llvm/lib/Target/X86/X86InstrInfo.td:18:
/var/llvm-compile-time-tracker/llvm-project/llvm/lib/Target/X86/X86InstrFragmentsSIMD.td:1387:5: error: In masked_truncstore_s_vi16: 'src2' does not occur in pattern or was multiply specified!
def masked_truncstore_s_vi16 : PatFrag<(ops node:$src1, node:$src2, node:$src3),
    ^
masked_truncstore_s_vi32(src1): 	(X86MTruncSStore node:{}:$src1, node:{}:$src2, node:{}:$src3)
Included from /var/llvm-compile-time-tracker/llvm-project/llvm/lib/Target/X86/X86.td:798:
Included from /var/llvm-compile-time-tracker/llvm-project/llvm/lib/Target/X86/X86InstrInfo.td:18:
/var/llvm-compile-time-tracker/llvm-project/llvm/lib/Target/X86/X86InstrFragmentsSIMD.td:1397:5: error: In masked_truncstore_s_vi32: 'src2' does not occur in pattern or was multiply specified!
def masked_truncstore_s_vi32 : PatFrag<(ops node:$src1, node:$src2, node:$src3),
    ^
masked_truncstore_us_vi8(src1): 	(X86MTruncUSStore node:{}:$src1, node:{}:$src2, node:{}:$src3)
Included from /var/llvm-compile-time-tracker/llvm-project/llvm/lib/Target/X86/X86.td:798:
Included from /var/llvm-compile-time-tracker/llvm-project/llvm/lib/Target/X86/X86InstrInfo.td:18:
/var/llvm-compile-time-tracker/llvm-project/llvm/lib/Target/X86/X86InstrFragmentsSIMD.td:1382:5: error: In masked_truncstore_us_vi8: 'src2' does not occur in pattern or was multiply specified!
def masked_truncstore_us_vi8 : PatFrag<(ops node:$src1, node:$src2, node:$src3),
    ^
masked_truncstore_us_vi16(src1): 	(X86MTruncUSStore node:{}:$src1, node:{}:$src2, node:{}:$src3)
Included from /var/llvm-compile-time-tracker/llvm-project/llvm/lib/Target/X86/X86.td:798:
Included from /var/llvm-compile-time-tracker/llvm-project/llvm/lib/Target/X86/X86InstrInfo.td:18:
/var/llvm-compile-time-tracker/llvm-project/llvm/lib/Target/X86/X86InstrFragmentsSIMD.td:1392:5: error: In masked_truncstore_us_vi16: 'src2' does not occur in pattern or was multiply specified!
def masked_truncstore_us_vi16 : PatFrag<(ops node:$src1, node:$src2, node:$src3),
    ^
masked_truncstore_us_vi32(src1): 	(X86MTruncUSStore node:{}:$src1, node:{}:$src2, node:{}:$src3)
Included from /var/llvm-compile-time-tracker/llvm-project/llvm/lib/Target/X86/X86.td:798:
Included from /var/llvm-compile-time-tracker/llvm-project/llvm/lib/Target/X86/X86InstrInfo.td:18:
/var/llvm-compile-time-tracker/llvm-project/llvm/lib/Target/X86/X86InstrFragmentsSIMD.td:1402:5: error: In masked_truncstore_us_vi32: 'src2' does not occur in pattern or was multiply specified!
def masked_truncstore_us_vi32 : PatFrag<(ops node:$src1, node:$src2, node:$src3),
    ^
masked_truncstorevi8(src1): 	(X86mtruncstore node:{}:$src1, node:{}:$src2, node:{}:$src3)
Included from /var/llvm-compile-time-tracker/llvm-project/llvm/lib/Target/X86/X86.td:798:
Included from /var/llvm-compile-time-tracker/llvm-project/llvm/lib/Target/X86/X86InstrInfo.td:18:
/var/llvm-compile-time-tracker/llvm-project/llvm/lib/Target/X86/X86InstrFragmentsSIMD.td:1319:5: error: In masked_truncstorevi8: 'src2' does not occur in pattern or was multiply specified!
def masked_truncstorevi8 :
    ^
masked_truncstorevi16(src1): 	(X86mtruncstore node:{}:$src1, node:{}:$src2, node:{}:$src3)
Included from /var/llvm-compile-time-tracker/llvm-project/llvm/lib/Target/X86/X86.td:798:
Included from /var/llvm-compile-time-tracker/llvm-project/llvm/lib/Target/X86/X86InstrInfo.td:18:
/var/llvm-compile-time-tracker/llvm-project/llvm/lib/Target/X86/X86InstrFragmentsSIMD.td:1324:5: error: In masked_truncstorevi16: 'src2' does not occur in pattern or was multiply specified!
def masked_truncstorevi16 :
    ^
masked_truncstorevi32(src1): 	(X86mtruncstore node:{}:$src1, node:{}:$src2, node:{}:$src3)
Included from /var/llvm-compile-time-tracker/llvm-project/llvm/lib/Target/X86/X86.td:798:
Included from /var/llvm-compile-time-tracker/llvm-project/llvm/lib/Target/X86/X86InstrInfo.td:18:
/var/llvm-compile-time-tracker/llvm-project/llvm/lib/Target/X86/X86InstrFragmentsSIMD.td:1329:5: error: In masked_truncstorevi32: 'src2' does not occur in pattern or was multiply specified!
def masked_truncstorevi32 :
    ^
nonext_masked_gather(def): 	(masked_gather:{} node:{}:$def, node:{}:$pred, node:{}:$ptr, node:{}:$idx)
Included from /var/llvm-compile-time-tracker/llvm-project/llvm/lib/Target/X86/X86.td:16:
Included from /var/llvm-compile-time-tracker/llvm-project/llvm/include/llvm/Target/Target.td:1933:
/var/llvm-compile-time-tracker/llvm-project/llvm/include/llvm/Target/TargetSelectionDAG.td:2060:5: error: In nonext_masked_gather: 'pred' does not occur in pattern or was multiply specified!
def nonext_masked_gather :
    ^
nontrunc_masked_scatter(val): 	(masked_scatter node:{}:$val, node:{}:$pred, node:{}:$ptr, node:{}:$idx)
Included from /var/llvm-compile-time-tracker/llvm-project/llvm/lib/Target/X86/X86.td:16:
Included from /var/llvm-compile-time-tracker/llvm-project/llvm/include/llvm/Target/Target.td:1933:
/var/llvm-compile-time-tracker/llvm-project/llvm/include/llvm/Target/TargetSelectionDAG.td:2149:5: error: In nontrunc_masked_scatter: 'pred' does not occur in pattern or was multiply specified!
def nontrunc_masked_scatter :
    ^
sext_masked_gather_i8(def): 	(masked_gather:{} node:{}:$def, node:{}:$pred, node:{}:$ptr, node:{}:$idx)
Included from /var/llvm-compile-time-tracker/llvm-project/llvm/lib/Target/X86/X86.td:16:
Included from /var/llvm-compile-time-tracker/llvm-project/llvm/include/llvm/Target/Target.td:1933:
/var/llvm-compile-time-tracker/llvm-project/llvm/include/llvm/Target/TargetSelectionDAG.td:2090:5: error: In sext_masked_gather_i8: 'pred' does not occur in pattern or was multiply specified!
def sext_masked_gather_i8 :
    ^
sext_masked_gather_i16(def): 	(masked_gather:{} node:{}:$def, node:{}:$pred, node:{}:$ptr, node:{}:$idx)
Included from /var/llvm-compile-time-tracker/llvm-project/llvm/lib/Target/X86/X86.td:16:
Included from /var/llvm-compile-time-tracker/llvm-project/llvm/include/llvm/Target/Target.td:1933:
/var/llvm-compile-time-tracker/llvm-project/llvm/include/llvm/Target/TargetSelectionDAG.td:2097:5: error: In sext_masked_gather_i16: 'pred' does not occur in pattern or was multiply specified!
def sext_masked_gather_i16 :
    ^
sext_masked_gather_i32(def): 	(masked_gather:{} node:{}:$def, node:{}:$pred, node:{}:$ptr, node:{}:$idx)
Included from /var/llvm-compile-time-tracker/llvm-project/llvm/lib/Target/X86/X86.td:16:
Included from /var/llvm-compile-time-tracker/llvm-project/llvm/include/llvm/Target/Target.td:1933:
/var/llvm-compile-time-tracker/llvm-project/llvm/include/llvm/Target/TargetSelectionDAG.td:2104:5: error: In sext_masked_gather_i32: 'pred' does not occur in pattern or was multiply specified!
def sext_masked_gather_i32 :
    ^
trunc_masked_scatter_i8(val): 	(masked_scatter node:{}:$val, node:{}:$pred, node:{}:$ptr, node:{}:$idx)
Included from /var/llvm-compile-time-tracker/llvm-project/llvm/lib/Target/X86/X86.td:16:
Included from /var/llvm-compile-time-tracker/llvm-project/llvm/include/llvm/Target/Target.td:1933:
/var/llvm-compile-time-tracker/llvm-project/llvm/include/llvm/Target/TargetSelectionDAG.td:2156:5: error: In trunc_masked_scatter_i8: 'pred' does not occur in pattern or was multiply specified!
def trunc_masked_scatter_i8 :
    ^
trunc_masked_scatter_i16(val): 	(masked_scatter node:{}:$val, node:{}:$pred, node:{}:$ptr, node:{}:$idx)
Included from /var/llvm-compile-time-tracker/llvm-project/llvm/lib/Target/X86/X86.td:16:
Included from /var/llvm-compile-time-tracker/llvm-project/llvm/include/llvm/Target/Target.td:1933:
/var/llvm-compile-time-tracker/llvm-project/llvm/include/llvm/Target/TargetSelectionDAG.td:2163:5: error: In trunc_masked_scatter_i16: 'pred' does not occur in pattern or was multiply specified!
def trunc_masked_scatter_i16 :
    ^
trunc_masked_scatter_i32(val): 	(masked_scatter node:{}:$val, node:{}:$pred, node:{}:$ptr, node:{}:$idx)
Included from /var/llvm-compile-time-tracker/llvm-project/llvm/lib/Target/X86/X86.td:16:
Included from /var/llvm-compile-time-tracker/llvm-project/llvm/include/llvm/Target/Target.td:1933:
/var/llvm-compile-time-tracker/llvm-project/llvm/include/llvm/Target/TargetSelectionDAG.td:2170:5: error: In trunc_masked_scatter_i32: 'pred' does not occur in pattern or was multiply specified!
def trunc_masked_scatter_i32 :
    ^
zext_masked_gather_i8(def): 	(masked_gather:{} node:{}:$def, node:{}:$pred, node:{}:$ptr, node:{}:$idx)
Included from /var/llvm-compile-time-tracker/llvm-project/llvm/lib/Target/X86/X86.td:16:
Included from /var/llvm-compile-time-tracker/llvm-project/llvm/include/llvm/Target/Target.td:1933:
/var/llvm-compile-time-tracker/llvm-project/llvm/include/llvm/Target/TargetSelectionDAG.td:2113:5: error: In zext_masked_gather_i8: 'pred' does not occur in pattern or was multiply specified!
def zext_masked_gather_i8 :
    ^
zext_masked_gather_i16(def): 	(masked_gather:{} node:{}:$def, node:{}:$pred, node:{}:$ptr, node:{}:$idx)
Included from /var/llvm-compile-time-tracker/llvm-project/llvm/lib/Target/X86/X86.td:16:
Included from /var/llvm-compile-time-tracker/llvm-project/llvm/include/llvm/Target/Target.td:1933:
/var/llvm-compile-time-tracker/llvm-project/llvm/include/llvm/Target/TargetSelectionDAG.td:2120:5: error: In zext_masked_gather_i16: 'pred' does not occur in pattern or was multiply specified!
def zext_masked_gather_i16 :
    ^
zext_masked_gather_i32(def): 	(masked_gather:{} node:{}:$def, node:{}:$pred, node:{}:$ptr, node:{}:$idx)
Included from /var/llvm-compile-time-tracker/llvm-project/llvm/lib/Target/X86/X86.td:16:
Included from /var/llvm-compile-time-tracker/llvm-project/llvm/include/llvm/Target/Target.td:1933:
/var/llvm-compile-time-tracker/llvm-project/llvm/include/llvm/Target/TargetSelectionDAG.td:2127:5: error: In zext_masked_gather_i32: 'pred' does not occur in pattern or was multiply specified!
def zext_masked_gather_i32 :
    ^
CMPPDrmi: Included from /var/llvm-compile-time-tracker/llvm-project/llvm/lib/Target/X86/X86.td:798:
Included from /var/llvm-compile-time-tracker/llvm-project/llvm/lib/Target/X86/X86InstrInfo.td:69:
/var/llvm-compile-time-tracker/llvm-project/llvm/lib/Target/X86/X86InstrSSE.td:1998:7: error: In CMPPDrmi: ValueType cast can only have one type!
  def rmi : PIi8<0xC2, MRMSrcMem,
      ^
Included from /var/llvm-compile-time-tracker/llvm-project/llvm/lib/Target/X86/X86.td:798:
Included from /var/llvm-compile-time-tracker/llvm-project/llvm/lib/Target/X86/X86InstrInfo.td:69:
/var/llvm-compile-time-tracker/llvm-project/llvm/lib/Target/X86/X86InstrSSE.td:2021:16: note: instantiated from multiclass
  defm CMPPD : sse12_cmp_packed<VR128, f128mem, v2f64,
               ^
PLEASE submit a bug report to https://github.com/llvm/llvm-project/issues/ and include the crash backtrace and instructions to reproduce the bug.
Stack dump:
0.	Program arguments: /tmp/llvm-project-build-stage2/bin/llvm-tblgen -gen-instr-info -instr-info-expand-mi-operand-info=0 -I/var/llvm-compile-time-tracker/llvm-project/llvm/lib/Target/X86 -I/tmp/llvm-project-build-stage2/include -I/var/llvm-compile-time-tracker/llvm-project/llvm/include -I /var/llvm-compile-time-tracker/llvm-project/llvm/lib/Target /var/llvm-compile-time-tracker/llvm-project/llvm/lib/Target/X86/X86.td --write-if-changed -o /tmp/llvm-project-build-stage2/lib/Target/X86/X86GenInstrInfo.inc
Stack dump without symbol names (ensure you have llvm-symbolizer in your PATH or set the environment var `LLVM_SYMBOLIZER_PATH` to point to it):
0  llvm-tblgen 0x00005638bcad5a8a
1  llvm-tblgen 0x00005638bcad6105
2  libc.so.6   0x00007fe1c25d8520
3  llvm-tblgen 0x00005638bc810304
4  llvm-tblgen 0x00005638bc811255
5  llvm-tblgen 0x00005638bc81c48b
6  llvm-tblgen 0x00005638bc82383b
7  llvm-tblgen 0x00005638bc824169
8  llvm-tblgen 0x00005638bc822f92
9  llvm-tblgen 0x00005638bc82949d
10 llvm-tblgen 0x00005638bc9dc557
11 llvm-tblgen 0x00005638bcae3bfc
12 llvm-tblgen 0x00005638bc9f595b
13 libc.so.6   0x00007fe1c25bfd90
14 libc.so.6   0x00007fe1c25bfe40 __libc_start_main + 128
15 llvm-tblgen 0x00005638bc780bc5
Segmentation fault (core dumped)
[852/2940] Building CXX object lib/Transforms/Utils/CMakeFiles/LLVMTransformUtils.dir/BuildLibCalls.cpp.o
[853/2940] Building CXX object lib/Transforms/Utils/CMakeFiles/LLVMTransformUtils.dir/CloneModule.cpp.o
[854/2940] Building CXX object lib/Transforms/Utils/CMakeFiles/LLVMTransformUtils.dir/CanonicalizeFreezeInLoops.cpp.o
[855/2940] Building CXX object lib/Transforms/Utils/CMakeFiles/LLVMTransformUtils.dir/BasicBlockUtils.cpp.o
[856/2940] Building CXX object lib/Transforms/Utils/CMakeFiles/LLVMTransformUtils.dir/CtorUtils.cpp.o
[857/2940] Building CXX object lib/Transforms/Utils/CMakeFiles/LLVMTransformUtils.dir/CodeLayout.cpp.o
[858/2940] Building CXX object lib/Transforms/Utils/CMakeFiles/LLVMTransformUtils.dir/CountVisits.cpp.o
[859/2940] Building CXX object lib/Transforms/Utils/CMakeFiles/LLVMTransformUtils.dir/ControlFlowUtils.cpp.o
[860/2940] Building CXX object lib/Transforms/Utils/CMakeFiles/LLVMTransformUtils.dir/CloneFunction.cpp.o
[861/2940] Building CXX object lib/Bitcode/Writer/CMakeFiles/LLVMBitWriter.dir/BitcodeWriter.cpp.o
[862/2940] Building CXX object lib/Bitcode/Reader/CMakeFiles/LLVMBitReader.dir/BitcodeReader.cpp.o
[863/2940] Building CXX object lib/Transforms/Utils/CMakeFiles/LLVMTransformUtils.dir/CodeMoverUtils.cpp.o
[864/2940] Building CXX object lib/Transforms/Utils/CMakeFiles/LLVMTransformUtils.dir/CodeExtractor.cpp.o
[865/2940] Building CXX object lib/Transforms/Utils/CMakeFiles/LLVMTransformUtils.dir/Debugify.cpp.o
[866/2940] Building CXX object lib/Frontend/OpenMP/CMakeFiles/LLVMFrontendOpenMP.dir/OMPIRBuilder.cpp.o
ninja: build stopped: subcommand failed.


STDERR:
CMake Deprecation Warning at /var/llvm-compile-time-tracker/llvm-project/clang/CMakeLists.txt:456 (message):
  'CLANG_ENABLE_ARCMT' is deprecated as ARCMigrate has been removed from
  Clang.  Please use 'CLANG_ENABLE_OBJC_REWRITER' instead to enable or
  disable the Objective-C rewriter.


