MESSAGE: Execution of "sudo -u lctt-runner ./build_llvm_project_stage1.sh" failed

STDOUT:
[2469/2857] Building CXX object tools/clang/lib/Serialization/CMakeFiles/obj.clangSerialization.dir/InMemoryModuleCache.cpp.o
[2470/2857] Building CXX object tools/clang/lib/Serialization/CMakeFiles/obj.clangSerialization.dir/ModuleFile.cpp.o
[2471/2857] Building CXX object tools/clang/lib/Serialization/CMakeFiles/obj.clangSerialization.dir/ModuleFileExtension.cpp.o
[2472/2857] Building CXX object tools/clang/lib/Serialization/CMakeFiles/obj.clangSerialization.dir/ModuleManager.cpp.o
[2473/2857] Building CXX object tools/clang/lib/Serialization/CMakeFiles/obj.clangSerialization.dir/PCHContainerOperations.cpp.o
[2474/2857] Building CXX object tools/clang/lib/Serialization/CMakeFiles/obj.clangSerialization.dir/TemplateArgumentHasher.cpp.o
[2475/2857] Building CXX object tools/clang/lib/Driver/CMakeFiles/obj.clangDriver.dir/ToolChains/PPCLinux.cpp.o
[2476/2857] Building CXX object tools/clang/lib/Driver/CMakeFiles/obj.clangDriver.dir/ToolChains/InterfaceStubs.cpp.o
[2477/2857] Building CXX object tools/clang/lib/Driver/CMakeFiles/obj.clangDriver.dir/ToolChains/ZOS.cpp.o
[2478/2857] Building CXX object tools/clang/lib/Driver/CMakeFiles/obj.clangDriver.dir/Types.cpp.o
[2479/2857] Building CXX object tools/clang/lib/Serialization/CMakeFiles/obj.clangSerialization.dir/ObjectFilePCHContainerReader.cpp.o
[2480/2857] Building CXX object tools/clang/lib/Frontend/CMakeFiles/obj.clangFrontend.dir/ChainedDiagnosticConsumer.cpp.o
[2481/2857] Building CXX object tools/clang/lib/Frontend/CMakeFiles/obj.clangFrontend.dir/ASTConsumers.cpp.o
[2482/2857] Building CXX object tools/clang/lib/Driver/CMakeFiles/obj.clangDriver.dir/ToolChains/PPCFreeBSD.cpp.o
[2483/2857] Building CXX object tools/clang/lib/Frontend/CMakeFiles/obj.clangFrontend.dir/DiagnosticRenderer.cpp.o
[2484/2857] Building CXX object tools/clang/lib/Driver/CMakeFiles/obj.clangDriver.dir/XRayArgs.cpp.o
[2485/2857] Building CXX object tools/clang/lib/Frontend/CMakeFiles/obj.clangFrontend.dir/DependencyGraph.cpp.o
[2486/2857] Building CXX object tools/clang/lib/Frontend/CMakeFiles/obj.clangFrontend.dir/FrontendOptions.cpp.o
[2487/2857] Building CXX object tools/clang/lib/Serialization/CMakeFiles/obj.clangSerialization.dir/GeneratePCH.cpp.o
[2488/2857] Building CXX object tools/clang/lib/Frontend/CMakeFiles/obj.clangFrontend.dir/ASTMerge.cpp.o
[2489/2857] Building CXX object tools/clang/lib/Frontend/CMakeFiles/obj.clangFrontend.dir/LayoutOverrideSource.cpp.o
[2490/2857] Building CXX object tools/clang/lib/Frontend/CMakeFiles/obj.clangFrontend.dir/LogDiagnosticPrinter.cpp.o
[2491/2857] Building CXX object tools/clang/lib/Frontend/CMakeFiles/obj.clangFrontend.dir/DependencyFile.cpp.o
[2492/2857] Building CXX object tools/clang/lib/Frontend/CMakeFiles/obj.clangFrontend.dir/ASTUnit.cpp.o
[2493/2857] Building CXX object tools/clang/lib/Frontend/CMakeFiles/obj.clangFrontend.dir/MultiplexConsumer.cpp.o
[2494/2857] Building CXX object tools/clang/lib/Frontend/CMakeFiles/obj.clangFrontend.dir/CreateInvocationFromCommandLine.cpp.o
[2495/2857] Building CXX object tools/clang/lib/Frontend/CMakeFiles/obj.clangFrontend.dir/SARIFDiagnostic.cpp.o
[2496/2857] Building CXX object tools/clang/lib/Frontend/CMakeFiles/obj.clangFrontend.dir/SARIFDiagnosticPrinter.cpp.o
[2497/2857] Building CXX object tools/clang/lib/Frontend/CMakeFiles/obj.clangFrontend.dir/SerializedDiagnosticPrinter.cpp.o
[2498/2857] Building CXX object tools/clang/lib/Frontend/CMakeFiles/obj.clangFrontend.dir/SerializedDiagnosticReader.cpp.o
[2499/2857] Building CXX object tools/clang/lib/Frontend/CMakeFiles/obj.clangFrontend.dir/TestModuleFileExtension.cpp.o
[2500/2857] Building CXX object tools/clang/lib/Frontend/CMakeFiles/obj.clangFrontend.dir/ChainedIncludesSource.cpp.o
[2501/2857] Building CXX object tools/clang/lib/Frontend/CMakeFiles/obj.clangFrontend.dir/HeaderIncludeGen.cpp.o
[2502/2857] Building CXX object tools/clang/lib/Frontend/CMakeFiles/obj.clangFrontend.dir/CompilerInstance.cpp.o
[2503/2857] Building CXX object tools/clang/lib/Frontend/CMakeFiles/obj.clangFrontend.dir/TextDiagnosticBuffer.cpp.o
[2504/2857] Building CXX object tools/clang/lib/Frontend/CMakeFiles/obj.clangFrontend.dir/TextDiagnosticPrinter.cpp.o
[2505/2857] Building CXX object tools/clang/lib/Serialization/CMakeFiles/obj.clangSerialization.dir/ASTWriter.cpp.o
[2506/2857] Building CXX object tools/clang/lib/Frontend/Rewrite/CMakeFiles/obj.clangRewriteFrontend.dir/FixItRewriter.cpp.o
[2507/2857] Building CXX object tools/clang/lib/Serialization/CMakeFiles/obj.clangSerialization.dir/ASTReader.cpp.o
[2508/2857] Building CXX object tools/clang/lib/Frontend/CMakeFiles/obj.clangFrontend.dir/PrintPreprocessedOutput.cpp.o
[2509/2857] Building CXX object tools/clang/lib/Frontend/CMakeFiles/obj.clangFrontend.dir/FrontendActions.cpp.o
[2510/2857] Building CXX object tools/clang/lib/Frontend/Rewrite/CMakeFiles/obj.clangRewriteFrontend.dir/RewriteModernObjC.cpp.o
[2511/2857] Building CXX object tools/clang/lib/Frontend/Rewrite/CMakeFiles/obj.clangRewriteFrontend.dir/RewriteObjC.cpp.o
[2512/2857] Building CXX object tools/clang/lib/Frontend/CMakeFiles/obj.clangFrontend.dir/TextDiagnostic.cpp.o
[2513/2857] Building CXX object tools/clang/lib/Frontend/CMakeFiles/obj.clangFrontend.dir/VerifyDiagnosticConsumer.cpp.o
[2514/2857] Building CXX object tools/clang/lib/Frontend/CMakeFiles/obj.clangFrontend.dir/FrontendAction.cpp.o
[2515/2857] Building CXX object tools/clang/lib/Frontend/Rewrite/CMakeFiles/obj.clangRewriteFrontend.dir/InclusionRewriter.cpp.o
[2516/2857] Building CXX object tools/clang/lib/Tooling/Core/CMakeFiles/obj.clangToolingCore.dir/Diagnostic.cpp.o
[2517/2857] Building CXX object tools/clang/lib/Tooling/Core/CMakeFiles/obj.clangToolingCore.dir/Replacement.cpp.o
[2518/2857] Building CXX object tools/clang/lib/Tooling/Inclusions/CMakeFiles/obj.clangToolingInclusions.dir/HeaderAnalysis.cpp.o
[2519/2857] Building CXX object tools/clang/lib/Tooling/Inclusions/CMakeFiles/obj.clangToolingInclusions.dir/HeaderIncludes.cpp.o
[2520/2857] Building CXX object tools/clang/lib/Index/CMakeFiles/obj.clangIndex.dir/FileIndexRecord.cpp.o
[2521/2857] Building CXX object tools/clang/lib/Tooling/Inclusions/CMakeFiles/obj.clangToolingInclusions.dir/IncludeStyle.cpp.o
[2522/2857] Building CXX object tools/clang/lib/Frontend/Rewrite/CMakeFiles/obj.clangRewriteFrontend.dir/RewriteMacros.cpp.o
[2523/2857] Building CXX object tools/clang/lib/Index/CMakeFiles/obj.clangIndex.dir/CommentToXML.cpp.o
[2524/2857] Building CXX object tools/clang/lib/Frontend/Rewrite/CMakeFiles/obj.clangRewriteFrontend.dir/RewriteTest.cpp.o
[2525/2857] Building CXX object tools/clang/lib/Frontend/Rewrite/CMakeFiles/obj.clangRewriteFrontend.dir/HTMLPrint.cpp.o
[2526/2857] Building CXX object tools/clang/lib/Index/CMakeFiles/obj.clangIndex.dir/IndexSymbol.cpp.o
[2527/2857] Building CXX object tools/clang/lib/Index/CMakeFiles/obj.clangIndex.dir/USRGeneration.cpp.o
[2528/2857] Building CXX object tools/clang/lib/Frontend/CMakeFiles/obj.clangFrontend.dir/ModuleDependencyCollector.cpp.o
[2529/2857] Building CXX object tools/clang/lib/Frontend/CMakeFiles/obj.clangFrontend.dir/PrecompiledPreamble.cpp.o
[2530/2857] Building CXX object tools/clang/lib/InstallAPI/CMakeFiles/obj.clangInstallAPI.dir/DiagnosticBuilderWrappers.cpp.o
[2531/2857] Building CXX object tools/clang/lib/InstallAPI/CMakeFiles/obj.clangInstallAPI.dir/DylibVerifier.cpp.o
[2532/2857] Building CXX object tools/clang/lib/Frontend/CMakeFiles/obj.clangFrontend.dir/InitPreprocessor.cpp.o
[2533/2857] Building CXX object tools/clang/lib/InstallAPI/CMakeFiles/obj.clangInstallAPI.dir/DirectoryScanner.cpp.o
[2534/2857] Building CXX object tools/clang/lib/InstallAPI/CMakeFiles/obj.clangInstallAPI.dir/FileList.cpp.o
[2535/2857] Building CXX object tools/clang/lib/InstallAPI/CMakeFiles/obj.clangInstallAPI.dir/HeaderFile.cpp.o
[2536/2857] Building CXX object tools/clang/lib/InstallAPI/CMakeFiles/obj.clangInstallAPI.dir/Library.cpp.o
[2537/2857] Building CXX object tools/clang/lib/Format/CMakeFiles/obj.clangFormat.dir/ContinuationIndenter.cpp.o
[2538/2857] Building CXX object tools/clang/lib/Format/CMakeFiles/obj.clangFormat.dir/BreakableToken.cpp.o
[2539/2857] Building CXX object tools/clang/lib/Format/CMakeFiles/obj.clangFormat.dir/DefinitionBlockSeparator.cpp.o
[2540/2857] Building CXX object tools/clang/lib/Format/CMakeFiles/obj.clangFormat.dir/AffectedRangeManager.cpp.o
[2541/2857] Building CXX object tools/clang/lib/Format/CMakeFiles/obj.clangFormat.dir/Format.cpp.o
[2542/2857] Building CXX object tools/clang/lib/Format/CMakeFiles/obj.clangFormat.dir/FormatToken.cpp.o
[2543/2857] Building CXX object tools/clang/lib/Format/CMakeFiles/obj.clangFormat.dir/FormatTokenLexer.cpp.o
[2544/2857] Building CXX object tools/clang/lib/Format/CMakeFiles/obj.clangFormat.dir/MacroCallReconstructor.cpp.o
[2545/2857] Building CXX object tools/clang/lib/Format/CMakeFiles/obj.clangFormat.dir/IntegerLiteralSeparatorFixer.cpp.o
[2546/2857] Building CXX object tools/clang/lib/Frontend/Rewrite/CMakeFiles/obj.clangRewriteFrontend.dir/FrontendActions.cpp.o
[2547/2857] Building CXX object tools/clang/lib/Format/CMakeFiles/obj.clangFormat.dir/MatchFilePath.cpp.o
[2548/2857] Building CXX object tools/clang/lib/Format/CMakeFiles/obj.clangFormat.dir/NamespaceEndCommentsFixer.cpp.o
[2549/2857] Building CXX object tools/clang/lib/Format/CMakeFiles/obj.clangFormat.dir/QualifierAlignmentFixer.cpp.o
[2550/2857] Building CXX object tools/clang/lib/Format/CMakeFiles/obj.clangFormat.dir/ObjCPropertyAttributeOrderFixer.cpp.o
[2551/2857] Building CXX object tools/clang/lib/Format/CMakeFiles/obj.clangFormat.dir/SortJavaScriptImports.cpp.o
[2552/2857] Building CXX object tools/clang/lib/Format/CMakeFiles/obj.clangFormat.dir/TokenAnalyzer.cpp.o
[2553/2857] Building CXX object tools/clang/lib/Format/CMakeFiles/obj.clangFormat.dir/UnwrappedLineFormatter.cpp.o
[2554/2857] Building CXX object tools/clang/lib/Format/CMakeFiles/obj.clangFormat.dir/TokenAnnotator.cpp.o
[2555/2857] Building CXX object tools/clang/lib/Format/CMakeFiles/obj.clangFormat.dir/UsingDeclarationsSorter.cpp.o
[2556/2857] Building CXX object tools/clang/lib/Format/CMakeFiles/obj.clangFormat.dir/UnwrappedLineParser.cpp.o
[2557/2857] Building CXX object tools/clang/lib/Format/CMakeFiles/obj.clangFormat.dir/WhitespaceManager.cpp.o
[2558/2857] Building CXX object tools/clang/lib/Index/CMakeFiles/obj.clangIndex.dir/IndexingContext.cpp.o
[2559/2857] Building CXX object tools/clang/lib/Format/CMakeFiles/obj.clangFormat.dir/MacroExpander.cpp.o
[2560/2857] Building X86GenSubtargetInfo.inc...
[2561/2857] Building CXX object tools/clang/lib/Frontend/CMakeFiles/obj.clangFrontend.dir/InterfaceStubFunctionsConsumer.cpp.o
[2562/2857] Building CXX object tools/clang/lib/FrontendTool/CMakeFiles/obj.clangFrontendTool.dir/ExecuteCompilerInvocation.cpp.o
[2563/2857] Building CXX object tools/clang/lib/Index/CMakeFiles/obj.clangIndex.dir/IndexingAction.cpp.o
[2564/2857] Building CXX object tools/clang/lib/Index/CMakeFiles/obj.clangIndex.dir/IndexBody.cpp.o
[2565/2857] Building CXX object tools/clang/lib/Index/CMakeFiles/obj.clangIndex.dir/IndexTypeSourceInfo.cpp.o
[2566/2857] Building CXX object tools/clang/lib/InstallAPI/CMakeFiles/obj.clangInstallAPI.dir/Frontend.cpp.o
[2567/2857] Building CXX object tools/clang/lib/InstallAPI/CMakeFiles/obj.clangInstallAPI.dir/Visitor.cpp.o
[2568/2857] Building CXX object lib/Analysis/CMakeFiles/LLVMAnalysis.dir/ScalarEvolution.cpp.o
FAILED: lib/Analysis/CMakeFiles/LLVMAnalysis.dir/ScalarEvolution.cpp.o 
CCACHE_CPP2=yes CCACHE_HASHDIR=yes /usr/bin/ccache /usr/bin/c++ -DGTEST_HAS_RTTI=0 -DHAS_LOGF128 -D_GNU_SOURCE -D__STDC_CONSTANT_MACROS -D__STDC_FORMAT_MACROS -D__STDC_LIMIT_MACROS -I/tmp/llvm-project-build-stage1/lib/Analysis -I/var/llvm-compile-time-tracker/llvm-project/llvm/lib/Analysis -I/tmp/llvm-project-build-stage1/include -I/var/llvm-compile-time-tracker/llvm-project/llvm/include -fPIC -fno-semantic-interposition -fvisibility-inlines-hidden -Werror=date-time -fno-lifetime-dse -Wall -Wextra -Wno-unused-parameter -Wwrite-strings -Wcast-qual -Wno-missing-field-initializers -pedantic -Wno-long-long -Wimplicit-fallthrough -Wno-uninitialized -Wno-nonnull -Wno-class-memaccess -Wno-redundant-move -Wno-pessimizing-move -Wno-noexcept-type -Wdelete-non-virtual-dtor -Wsuggest-override -Wno-comment -Wno-misleading-indentation -Wctad-maybe-unsupported -fdiagnostics-color -ffunction-sections -fdata-sections -O3 -DNDEBUG  -fno-exceptions -funwind-tables -fno-rtti -std=c++17 -MD -MT lib/Analysis/CMakeFiles/LLVMAnalysis.dir/ScalarEvolution.cpp.o -MF lib/Analysis/CMakeFiles/LLVMAnalysis.dir/ScalarEvolution.cpp.o.d -o lib/Analysis/CMakeFiles/LLVMAnalysis.dir/ScalarEvolution.cpp.o -c /var/llvm-compile-time-tracker/llvm-project/llvm/lib/Analysis/ScalarEvolution.cpp
/var/llvm-compile-time-tracker/llvm-project/llvm/lib/Analysis/ScalarEvolution.cpp: In member function ‘llvm::SCEVUse llvm::ScalarEvolution::getUDivExpr(llvm::SCEVUse, llvm::SCEVUse)’:
/var/llvm-compile-time-tracker/llvm-project/llvm/lib/Analysis/ScalarEvolution.cpp:3511:12: error: no matching function for call to ‘match(llvm::SCEVUse&, llvm::SCEVPatternMatch::cst_pred_ty<llvm::SCEVPatternMatch::is_zero>)’
 3511 |   if (match(LHS, m_scev_Zero()))
      |       ~~~~~^~~~~~~~~~~~~~~~~~~~
In file included from /var/llvm-compile-time-tracker/llvm-project/llvm/lib/Analysis/ScalarEvolution.cpp:106:
/var/llvm-compile-time-tracker/llvm-project/llvm/include/llvm/IR/PatternMatch.h:49:48: note: candidate: ‘template<class Val, class Pattern> bool llvm::PatternMatch::match(Val*, const Pattern&)’
   49 | template <typename Val, typename Pattern> bool match(Val *V, const Pattern &P) {
      |                                                ^~~~~
/var/llvm-compile-time-tracker/llvm-project/llvm/include/llvm/IR/PatternMatch.h:49:48: note:   template argument deduction/substitution failed:
/var/llvm-compile-time-tracker/llvm-project/llvm/lib/Analysis/ScalarEvolution.cpp:3511:12: note:   mismatched types ‘Val*’ and ‘llvm::SCEVUse’
 3511 |   if (match(LHS, m_scev_Zero()))
      |       ~~~~~^~~~~~~~~~~~~~~~~~~~
In file included from /var/llvm-compile-time-tracker/llvm-project/llvm/lib/Analysis/ScalarEvolution.cpp:106:
/var/llvm-compile-time-tracker/llvm-project/llvm/include/llvm/IR/PatternMatch.h:53:34: note: candidate: ‘template<class Pattern> bool llvm::PatternMatch::match(llvm::ArrayRef<int>, const Pattern&)’
   53 | template <typename Pattern> bool match(ArrayRef<int> Mask, const Pattern &P) {
      |                                  ^~~~~
/var/llvm-compile-time-tracker/llvm-project/llvm/include/llvm/IR/PatternMatch.h:53:34: note:   template argument deduction/substitution failed:
/var/llvm-compile-time-tracker/llvm-project/llvm/lib/Analysis/ScalarEvolution.cpp:3511:13: note:   cannot convert ‘LHS’ (type ‘llvm::SCEVUse’) to type ‘llvm::ArrayRef<int>’
 3511 |   if (match(LHS, m_scev_Zero()))
      |             ^~~
In file included from /var/llvm-compile-time-tracker/llvm-project/llvm/lib/Analysis/ScalarEvolution.cpp:82:
/var/llvm-compile-time-tracker/llvm-project/llvm/include/llvm/Analysis/ScalarEvolutionPatternMatch.h:22:6: note: candidate: ‘template<class Val, class Pattern> bool llvm::SCEVPatternMatch::match(const llvm::SCEV*, const Pattern&)’
   22 | bool match(const SCEV *S, const Pattern &P) {
      |      ^~~~~
/var/llvm-compile-time-tracker/llvm-project/llvm/include/llvm/Analysis/ScalarEvolutionPatternMatch.h:22:6: note:   template argument deduction/substitution failed:
/var/llvm-compile-time-tracker/llvm-project/llvm/lib/Analysis/ScalarEvolution.cpp:3511:12: note:   couldn’t deduce template parameter ‘Val’
 3511 |   if (match(LHS, m_scev_Zero()))
      |       ~~~~~^~~~~~~~~~~~~~~~~~~~
/var/llvm-compile-time-tracker/llvm-project/llvm/lib/Analysis/ScalarEvolution.cpp: In member function ‘llvm::ScalarEvolution::ExitLimit llvm::ScalarEvolution::howFarToZero(llvm::SCEVUse, const llvm::Loop*, bool, bool)’:
/var/llvm-compile-time-tracker/llvm-project/llvm/lib/Analysis/ScalarEvolution.cpp:10705:36: error: operands to ‘?:’ have different types ‘const llvm::SCEV*’ and ‘llvm::SCEVUse’
10705 |   const SCEV *Distance = CountDown ? Start : getNegativeSCEV(Start);
      |                          ~~~~~~~~~~^~~~~~~~~~~~~~~~~~~~~~~~~~~~~~~~
/var/llvm-compile-time-tracker/llvm-project/llvm/lib/Analysis/ScalarEvolution.cpp:10705:36: note:   and each type can be converted to the other
/var/llvm-compile-time-tracker/llvm-project/llvm/lib/Analysis/ScalarEvolution.cpp:10749:41: error: operands to ‘?:’ have different types ‘llvm::SCEVUse’ and ‘const llvm::SCEV*’
10749 |         getUDivExpr(Distance, CountDown ? getNegativeSCEV(Step) : Step);
      |                               ~~~~~~~~~~^~~~~~~~~~~~~~~~~~~~~~~~~~~~~~
/var/llvm-compile-time-tracker/llvm-project/llvm/lib/Analysis/ScalarEvolution.cpp:10749:41: note:   and each type can be converted to the other
/var/llvm-compile-time-tracker/llvm-project/llvm/lib/Analysis/ScalarEvolution.cpp: In lambda function:
/var/llvm-compile-time-tracker/llvm-project/llvm/lib/Analysis/ScalarEvolution.cpp:15591:47: error: no matching function for call to ‘match(llvm::SCEVUse&, llvm::SCEVPatternMatch::cst_pred_ty<llvm::SCEVPatternMatch::is_zero>)’
15591 |     if (Predicate == CmpInst::ICMP_EQ && match(RHS, m_scev_Zero())) {
      |                                          ~~~~~^~~~~~~~~~~~~~~~~~~~
In file included from /var/llvm-compile-time-tracker/llvm-project/llvm/lib/Analysis/ScalarEvolution.cpp:106:
/var/llvm-compile-time-tracker/llvm-project/llvm/include/llvm/IR/PatternMatch.h:49:48: note: candidate: ‘template<class Val, class Pattern> bool llvm::PatternMatch::match(Val*, const Pattern&)’
   49 | template <typename Val, typename Pattern> bool match(Val *V, const Pattern &P) {
      |                                                ^~~~~
/var/llvm-compile-time-tracker/llvm-project/llvm/include/llvm/IR/PatternMatch.h:49:48: note:   template argument deduction/substitution failed:
/var/llvm-compile-time-tracker/llvm-project/llvm/lib/Analysis/ScalarEvolution.cpp:15591:47: note:   mismatched types ‘Val*’ and ‘llvm::SCEVUse’
15591 |     if (Predicate == CmpInst::ICMP_EQ && match(RHS, m_scev_Zero())) {
      |                                          ~~~~~^~~~~~~~~~~~~~~~~~~~
In file included from /var/llvm-compile-time-tracker/llvm-project/llvm/lib/Analysis/ScalarEvolution.cpp:106:
/var/llvm-compile-time-tracker/llvm-project/llvm/include/llvm/IR/PatternMatch.h:53:34: note: candidate: ‘template<class Pattern> bool llvm::PatternMatch::match(llvm::ArrayRef<int>, const Pattern&)’
   53 | template <typename Pattern> bool match(ArrayRef<int> Mask, const Pattern &P) {
      |                                  ^~~~~
/var/llvm-compile-time-tracker/llvm-project/llvm/include/llvm/IR/PatternMatch.h:53:34: note:   template argument deduction/substitution failed:
/var/llvm-compile-time-tracker/llvm-project/llvm/lib/Analysis/ScalarEvolution.cpp:15591:48: note:   cannot convert ‘RHS’ (type ‘llvm::SCEVUse’) to type ‘llvm::ArrayRef<int>’
15591 |     if (Predicate == CmpInst::ICMP_EQ && match(RHS, m_scev_Zero())) {
      |                                                ^~~
In file included from /var/llvm-compile-time-tracker/llvm-project/llvm/lib/Analysis/ScalarEvolution.cpp:82:
/var/llvm-compile-time-tracker/llvm-project/llvm/include/llvm/Analysis/ScalarEvolutionPatternMatch.h:22:6: note: candidate: ‘template<class Val, class Pattern> bool llvm::SCEVPatternMatch::match(const llvm::SCEV*, const Pattern&)’
   22 | bool match(const SCEV *S, const Pattern &P) {
      |      ^~~~~
/var/llvm-compile-time-tracker/llvm-project/llvm/include/llvm/Analysis/ScalarEvolutionPatternMatch.h:22:6: note:   template argument deduction/substitution failed:
/var/llvm-compile-time-tracker/llvm-project/llvm/lib/Analysis/ScalarEvolution.cpp:15591:47: note:   couldn’t deduce template parameter ‘Val’
15591 |     if (Predicate == CmpInst::ICMP_EQ && match(RHS, m_scev_Zero())) {
      |                                          ~~~~~^~~~~~~~~~~~~~~~~~~~
/var/llvm-compile-time-tracker/llvm-project/llvm/lib/Analysis/ScalarEvolution.cpp:15770:18: error: no matching function for call to ‘match(llvm::SCEVUse&, llvm::SCEVPatternMatch::cst_pred_ty<llvm::SCEVPatternMatch::is_zero>)’
15770 |         if (match(RHS, m_scev_Zero())) {
      |             ~~~~~^~~~~~~~~~~~~~~~~~~~
In file included from /var/llvm-compile-time-tracker/llvm-project/llvm/lib/Analysis/ScalarEvolution.cpp:106:
/var/llvm-compile-time-tracker/llvm-project/llvm/include/llvm/IR/PatternMatch.h:49:48: note: candidate: ‘template<class Val, class Pattern> bool llvm::PatternMatch::match(Val*, const Pattern&)’
   49 | template <typename Val, typename Pattern> bool match(Val *V, const Pattern &P) {
      |                                                ^~~~~
/var/llvm-compile-time-tracker/llvm-project/llvm/include/llvm/IR/PatternMatch.h:49:48: note:   template argument deduction/substitution failed:
/var/llvm-compile-time-tracker/llvm-project/llvm/lib/Analysis/ScalarEvolution.cpp:15770:18: note:   mismatched types ‘Val*’ and ‘llvm::SCEVUse’
15770 |         if (match(RHS, m_scev_Zero())) {
      |             ~~~~~^~~~~~~~~~~~~~~~~~~~
In file included from /var/llvm-compile-time-tracker/llvm-project/llvm/lib/Analysis/ScalarEvolution.cpp:106:
/var/llvm-compile-time-tracker/llvm-project/llvm/include/llvm/IR/PatternMatch.h:53:34: note: candidate: ‘template<class Pattern> bool llvm::PatternMatch::match(llvm::ArrayRef<int>, const Pattern&)’
   53 | template <typename Pattern> bool match(ArrayRef<int> Mask, const Pattern &P) {
      |                                  ^~~~~
/var/llvm-compile-time-tracker/llvm-project/llvm/include/llvm/IR/PatternMatch.h:53:34: note:   template argument deduction/substitution failed:
/var/llvm-compile-time-tracker/llvm-project/llvm/lib/Analysis/ScalarEvolution.cpp:15770:19: note:   cannot convert ‘RHS’ (type ‘llvm::SCEVUse’) to type ‘llvm::ArrayRef<int>’
15770 |         if (match(RHS, m_scev_Zero())) {
      |                   ^~~
In file included from /var/llvm-compile-time-tracker/llvm-project/llvm/lib/Analysis/ScalarEvolution.cpp:82:
/var/llvm-compile-time-tracker/llvm-project/llvm/include/llvm/Analysis/ScalarEvolutionPatternMatch.h:22:6: note: candidate: ‘template<class Val, class Pattern> bool llvm::SCEVPatternMatch::match(const llvm::SCEV*, const Pattern&)’
   22 | bool match(const SCEV *S, const Pattern &P) {
      |      ^~~~~
/var/llvm-compile-time-tracker/llvm-project/llvm/include/llvm/Analysis/ScalarEvolutionPatternMatch.h:22:6: note:   template argument deduction/substitution failed:
/var/llvm-compile-time-tracker/llvm-project/llvm/lib/Analysis/ScalarEvolution.cpp:15770:18: note:   couldn’t deduce template parameter ‘Val’
15770 |         if (match(RHS, m_scev_Zero())) {
      |             ~~~~~^~~~~~~~~~~~~~~~~~~~
[2569/2857] Building CXX object tools/clang/lib/Frontend/CMakeFiles/obj.clangFrontend.dir/CompilerInvocation.cpp.o
[2570/2857] Building CXX object tools/clang/lib/Driver/CMakeFiles/obj.clangDriver.dir/ToolChains/HIPUtility.cpp.o
[2571/2857] Building X86GenInstrInfo.inc...
[2572/2857] Building CXX object lib/MC/MCParser/CMakeFiles/LLVMMCParser.dir/AsmParser.cpp.o
ninja: build stopped: subcommand failed.


STDERR:
Command exited with non-zero status 1
119.47user 17.22system 0:09.91elapsed 1379%CPU (0avgtext+0avgdata 935604maxresident)k
0inputs+3091360outputs (2699major+7985918minor)pagefaults 0swaps
