MESSAGE: Execution of "sudo -u lctt-runner ./build_llvm_project_stage2.sh" failed

STDOUT:
[1392/2602] Building CXX object lib/DebugInfo/PDB/CMakeFiles/LLVMDebugInfoPDB.dir/Native/DbiStream.cpp.o
[1393/2602] Building CXX object lib/DebugInfo/PDB/CMakeFiles/LLVMDebugInfoPDB.dir/Native/GlobalsStream.cpp.o
[1394/2602] Building CXX object lib/DebugInfo/PDB/CMakeFiles/LLVMDebugInfoPDB.dir/Native/InfoStreamBuilder.cpp.o
[1395/2602] Building CXX object lib/DebugInfo/PDB/CMakeFiles/LLVMDebugInfoPDB.dir/Native/InjectedSourceStream.cpp.o
[1396/2602] Building CXX object lib/DebugInfo/PDB/CMakeFiles/LLVMDebugInfoPDB.dir/Native/DbiStreamBuilder.cpp.o
[1397/2602] Building CXX object lib/DebugInfo/DWARF/CMakeFiles/LLVMDebugInfoDWARF.dir/DWARFVerifier.cpp.o
[1398/2602] Building CXX object lib/DebugInfo/PDB/CMakeFiles/LLVMDebugInfoPDB.dir/Native/NativeCompilandSymbol.cpp.o
[1399/2602] Building CXX object lib/DebugInfo/PDB/CMakeFiles/LLVMDebugInfoPDB.dir/Native/ModuleDebugStream.cpp.o
[1400/2602] Building CXX object lib/DebugInfo/PDB/CMakeFiles/LLVMDebugInfoPDB.dir/Native/NativeEnumLineNumbers.cpp.o
[1401/2602] Building CXX object lib/DebugInfo/PDB/CMakeFiles/LLVMDebugInfoPDB.dir/Native/NativeEnumGlobals.cpp.o
[1402/2602] Building CXX object lib/DebugInfo/PDB/CMakeFiles/LLVMDebugInfoPDB.dir/Native/NativeEnumInjectedSources.cpp.o
[1403/2602] Building CXX object lib/DebugInfo/PDB/CMakeFiles/LLVMDebugInfoPDB.dir/Native/NativeEnumModules.cpp.o
[1404/2602] Building CXX object lib/DebugInfo/PDB/CMakeFiles/LLVMDebugInfoPDB.dir/Native/NativeEnumSymbols.cpp.o
[1405/2602] Building CXX object lib/DebugInfo/PDB/CMakeFiles/LLVMDebugInfoPDB.dir/Native/NativeEnumTypes.cpp.o
[1406/2602] Building CXX object lib/DebugInfo/PDB/CMakeFiles/LLVMDebugInfoPDB.dir/Native/LinePrinter.cpp.o
[1407/2602] Building CXX object lib/DebugInfo/PDB/CMakeFiles/LLVMDebugInfoPDB.dir/Native/NativeLineNumber.cpp.o
[1408/2602] Building CXX object lib/DebugInfo/PDB/CMakeFiles/LLVMDebugInfoPDB.dir/Native/NativeExeSymbol.cpp.o
[1409/2602] Building CXX object lib/DebugInfo/PDB/CMakeFiles/LLVMDebugInfoPDB.dir/Native/InputFile.cpp.o
[1410/2602] Building CXX object lib/DebugInfo/PDB/CMakeFiles/LLVMDebugInfoPDB.dir/Native/NativePublicSymbol.cpp.o
[1411/2602] Building CXX object lib/DebugInfo/PDB/CMakeFiles/LLVMDebugInfoPDB.dir/Native/NativeFunctionSymbol.cpp.o
[1412/2602] Building CXX object lib/DebugInfo/PDB/CMakeFiles/LLVMDebugInfoPDB.dir/Native/NativeSymbolEnumerator.cpp.o
[1413/2602] Building CXX object lib/DebugInfo/PDB/CMakeFiles/LLVMDebugInfoPDB.dir/Native/NativeTypeArray.cpp.o
[1414/2602] Building CXX object lib/DebugInfo/PDB/CMakeFiles/LLVMDebugInfoPDB.dir/Native/NativeInlineSiteSymbol.cpp.o
[1415/2602] Building CXX object lib/DebugInfo/PDB/CMakeFiles/LLVMDebugInfoPDB.dir/Native/NativeTypeBuiltin.cpp.o
[1416/2602] Building CXX object lib/DebugInfo/PDB/CMakeFiles/LLVMDebugInfoPDB.dir/Native/NativeRawSymbol.cpp.o
[1417/2602] Building CXX object lib/DebugInfo/PDB/CMakeFiles/LLVMDebugInfoPDB.dir/Native/NativeSourceFile.cpp.o
[1418/2602] Building CXX object lib/DebugInfo/PDB/CMakeFiles/LLVMDebugInfoPDB.dir/Native/NativeTypePointer.cpp.o
[1419/2602] Building CXX object lib/DebugInfo/PDB/CMakeFiles/LLVMDebugInfoPDB.dir/Native/NativeTypeTypedef.cpp.o
[1420/2602] Building CXX object lib/DebugInfo/PDB/CMakeFiles/LLVMDebugInfoPDB.dir/Native/RawError.cpp.o
[1421/2602] Building CXX object lib/DebugInfo/PDB/CMakeFiles/LLVMDebugInfoPDB.dir/Native/NativeTypeVTShape.cpp.o
[1422/2602] Building CXX object lib/DebugInfo/PDB/CMakeFiles/LLVMDebugInfoPDB.dir/Native/NamedStreamMap.cpp.o
[1423/2602] Building CXX object lib/DebugInfo/PDB/CMakeFiles/LLVMDebugInfoPDB.dir/Native/NativeTypeUDT.cpp.o
[1424/2602] Building CXX object lib/DebugInfo/PDB/CMakeFiles/LLVMDebugInfoPDB.dir/Native/NativeTypeFunctionSig.cpp.o
[1425/2602] Building CXX object lib/DebugInfo/PDB/CMakeFiles/LLVMDebugInfoPDB.dir/Native/NativeTypeEnum.cpp.o
[1426/2602] Building CXX object lib/DebugInfo/PDB/CMakeFiles/LLVMDebugInfoPDB.dir/Native/PDBStringTableBuilder.cpp.o
[1427/2602] Building CXX object lib/DebugInfo/PDB/CMakeFiles/LLVMDebugInfoPDB.dir/Native/PDBStringTable.cpp.o
[1428/2602] Linking CXX static library lib/libLLVMDebugInfoBTF.a
[1429/2602] Building CXX object lib/DebugInfo/PDB/CMakeFiles/LLVMDebugInfoPDB.dir/Native/PublicsStream.cpp.o
[1430/2602] Building CXX object lib/DebugInfo/Symbolize/CMakeFiles/LLVMSymbolize.dir/Markup.cpp.o
[1431/2602] Building CXX object lib/DebugInfo/PDB/CMakeFiles/LLVMDebugInfoPDB.dir/Native/SymbolStream.cpp.o
[1432/2602] Building CXX object lib/DebugInfo/PDB/CMakeFiles/LLVMDebugInfoPDB.dir/Native/PDBFile.cpp.o
[1433/2602] Building CXX object lib/DebugInfo/PDB/CMakeFiles/LLVMDebugInfoPDB.dir/Native/TpiHashing.cpp.o
[1434/2602] Building CXX object lib/DebugInfo/PDB/CMakeFiles/LLVMDebugInfoPDB.dir/Native/PDBFileBuilder.cpp.o
[1435/2602] Building CXX object lib/DebugInfo/PDB/CMakeFiles/LLVMDebugInfoPDB.dir/Native/GSIStreamBuilder.cpp.o
[1436/2602] Building CXX object lib/DebugInfo/PDB/CMakeFiles/LLVMDebugInfoPDB.dir/Native/TpiStreamBuilder.cpp.o
[1437/2602] Building CXX object lib/Target/CMakeFiles/LLVMTarget.dir/TargetIntrinsicInfo.cpp.o
[1438/2602] Building CXX object lib/DebugInfo/PDB/CMakeFiles/LLVMDebugInfoPDB.dir/Native/NativeSession.cpp.o
[1439/2602] Building CXX object lib/DebugInfo/PDB/CMakeFiles/LLVMDebugInfoPDB.dir/Native/TpiStream.cpp.o
[1440/2602] Building CXX object lib/DebugInfo/Symbolize/CMakeFiles/LLVMSymbolize.dir/DIPrinter.cpp.o
[1441/2602] Building CXX object lib/Target/CMakeFiles/LLVMTarget.dir/Target.cpp.o
[1442/2602] Building CXX object lib/DebugInfo/Symbolize/CMakeFiles/LLVMSymbolize.dir/MarkupFilter.cpp.o
[1443/2602] Building CXX object lib/DebugInfo/PDB/CMakeFiles/LLVMDebugInfoPDB.dir/Native/SymbolCache.cpp.o
[1444/2602] Building X86GenCallingConv.inc...
[1445/2602] Building X86GenInstrMapping.inc...
[1446/2602] Building X86GenMnemonicTables.inc...
[1447/2602] Building CXX object lib/DebugInfo/Symbolize/CMakeFiles/LLVMSymbolize.dir/SymbolizableObjectFile.cpp.o
[1448/2602] Building CXX object lib/Target/CMakeFiles/LLVMTarget.dir/TargetMachineC.cpp.o
[1449/2602] Building CXX object lib/Target/CMakeFiles/LLVMTarget.dir/TargetMachine.cpp.o
[1450/2602] Building X86GenAsmWriter.inc...
[1451/2602] Building X86GenAsmWriter1.inc...
[1452/2602] Building CXX object lib/Target/CMakeFiles/LLVMTarget.dir/TargetLoweringObjectFile.cpp.o
[1453/2602] Building X86GenAsmMatcher.inc...
[1454/2602] Building X86GenExegesis.inc...
[1455/2602] Building CXX object lib/DebugInfo/Symbolize/CMakeFiles/LLVMSymbolize.dir/Symbolize.cpp.o
[1456/2602] Building X86GenDisassemblerTables.inc...
[1457/2602] Building X86GenRegisterBank.inc...
[1458/2602] Building X86GenInstrInfo.inc...
FAILED: lib/Target/X86/X86GenInstrInfo.inc /tmp/llvm-project-build-stage2/lib/Target/X86/X86GenInstrInfo.inc 
cd /tmp/llvm-project-build-stage2 && /tmp/llvm-project-build-stage2/bin/llvm-tblgen -gen-instr-info -instr-info-expand-mi-operand-info=0 -I /var/llvm-compile-time-tracker/llvm-project/llvm/lib/Target/X86 -I/tmp/llvm-project-build-stage2/include -I/var/llvm-compile-time-tracker/llvm-project/llvm/include -I /var/llvm-compile-time-tracker/llvm-project/llvm/lib/Target /var/llvm-compile-time-tracker/llvm-project/llvm/lib/Target/X86/X86.td --write-if-changed -o lib/Target/X86/X86GenInstrInfo.inc -d lib/Target/X86/X86GenInstrInfo.inc.d
PLEASE submit a bug report to https://github.com/llvm/llvm-project/issues/ and include the crash backtrace.
Stack dump:
0.	Program arguments: /tmp/llvm-project-build-stage2/bin/llvm-tblgen -gen-instr-info -instr-info-expand-mi-operand-info=0 -I /var/llvm-compile-time-tracker/llvm-project/llvm/lib/Target/X86 -I/tmp/llvm-project-build-stage2/include -I/var/llvm-compile-time-tracker/llvm-project/llvm/include -I /var/llvm-compile-time-tracker/llvm-project/llvm/lib/Target /var/llvm-compile-time-tracker/llvm-project/llvm/lib/Target/X86/X86.td --write-if-changed -o lib/Target/X86/X86GenInstrInfo.inc -d lib/Target/X86/X86GenInstrInfo.inc.d
 #0 0x0000559c54bbc191 PrintStackTraceSignalHandler(void*) (.llvm.3694452337248334460) Signals.cpp:0:0
 #1 0x0000559c54bbc956 SignalHandler(int) Signals.cpp:0:0
 #2 0x00007f3e14018520 (/lib/x86_64-linux-gnu/libc.so.6+0x42520)
 #3 0x0000559c54ba7a4e llvm_regcomp (/tmp/llvm-project-build-stage2/bin/llvm-tblgen+0x383a4e)
 #4 0x0000559c54969655 (anonymous namespace)::InstRegexOp::apply(llvm::SetTheory&, llvm::DagInit*, llvm::SmallSetVector<llvm::Record*, 16u>&, llvm::ArrayRef<llvm::SMLoc>) (.llvm.16156323165439459216) CodeGenSchedule.cpp:0:0
 #5 0x0000559c54bea60e llvm::SetTheory::expand(llvm::Record*) (/tmp/llvm-project-build-stage2/bin/llvm-tblgen+0x3c660e)
 #6 0x0000559c54954521 llvm::CodeGenSchedModels::collectSchedClasses() (/tmp/llvm-project-build-stage2/bin/llvm-tblgen+0x130521)
 #7 0x0000559c54951c7d llvm::CodeGenSchedModels::CodeGenSchedModels(llvm::RecordKeeper&, llvm::CodeGenTarget const&) (/tmp/llvm-project-build-stage2/bin/llvm-tblgen+0x12dc7d)
 #8 0x0000559c54acc395 EmitInstrInfo(llvm::RecordKeeper&, llvm::raw_ostream&) InstrInfoEmitter.cpp:0:0
 #9 0x0000559c54bcae4c llvm::TableGenMain(char const*, std::function<bool (llvm::raw_ostream&, llvm::RecordKeeper&)>) (/tmp/llvm-project-build-stage2/bin/llvm-tblgen+0x3a6e4c)
#10 0x0000559c54b5c9ba main (/tmp/llvm-project-build-stage2/bin/llvm-tblgen+0x3389ba)
#11 0x00007f3e13fffd90 __libc_start_call_main ./csu/../sysdeps/nptl/libc_start_call_main.h:58:16
#12 0x00007f3e13fffe40 call_init ./csu/../csu/libc-start.c:128:20
#13 0x00007f3e13fffe40 __libc_start_main ./csu/../csu/libc-start.c:379:5
#14 0x0000559c548b48d5 _start (/tmp/llvm-project-build-stage2/bin/llvm-tblgen+0x908d5)
Segmentation fault (core dumped)
[1459/2602] Building X86GenRegisterInfo.inc...
[1460/2602] Building X86GenSubtargetInfo.inc...
FAILED: lib/Target/X86/X86GenSubtargetInfo.inc /tmp/llvm-project-build-stage2/lib/Target/X86/X86GenSubtargetInfo.inc 
cd /tmp/llvm-project-build-stage2 && /tmp/llvm-project-build-stage2/bin/llvm-tblgen -gen-subtarget -I /var/llvm-compile-time-tracker/llvm-project/llvm/lib/Target/X86 -I/tmp/llvm-project-build-stage2/include -I/var/llvm-compile-time-tracker/llvm-project/llvm/include -I /var/llvm-compile-time-tracker/llvm-project/llvm/lib/Target /var/llvm-compile-time-tracker/llvm-project/llvm/lib/Target/X86/X86.td --write-if-changed -o lib/Target/X86/X86GenSubtargetInfo.inc -d lib/Target/X86/X86GenSubtargetInfo.inc.d
PLEASE submit a bug report to https://github.com/llvm/llvm-project/issues/ and include the crash backtrace.
Stack dump:
0.	Program arguments: /tmp/llvm-project-build-stage2/bin/llvm-tblgen -gen-subtarget -I /var/llvm-compile-time-tracker/llvm-project/llvm/lib/Target/X86 -I/tmp/llvm-project-build-stage2/include -I/var/llvm-compile-time-tracker/llvm-project/llvm/include -I /var/llvm-compile-time-tracker/llvm-project/llvm/lib/Target /var/llvm-compile-time-tracker/llvm-project/llvm/lib/Target/X86/X86.td --write-if-changed -o lib/Target/X86/X86GenSubtargetInfo.inc -d lib/Target/X86/X86GenSubtargetInfo.inc.d
 #0 0x00005629bfa48191 PrintStackTraceSignalHandler(void*) (.llvm.3694452337248334460) Signals.cpp:0:0
 #1 0x00005629bfa48956 SignalHandler(int) Signals.cpp:0:0
 #2 0x00007f413f1e3520 (/lib/x86_64-linux-gnu/libc.so.6+0x42520)
 #3 0x00005629bfa3ab22 sstep regexec.c:0:0
 #4 0x00005629bfa38b73 llvm_regexec (/tmp/llvm-project-build-stage2/bin/llvm-tblgen+0x388b73)
 #5 0x00005629bfa21686 llvm::Regex::match(llvm::StringRef, llvm::SmallVectorImpl<llvm::StringRef>*, std::__cxx11::basic_string<char, std::char_traits<char>, std::allocator<char> >*) const (/tmp/llvm-project-build-stage2/bin/llvm-tblgen+0x371686)
 #6 0x00005629bf7f57dd (anonymous namespace)::InstRegexOp::apply(llvm::SetTheory&, llvm::DagInit*, llvm::SmallSetVector<llvm::Record*, 16u>&, llvm::ArrayRef<llvm::SMLoc>) (.llvm.16156323165439459216) CodeGenSchedule.cpp:0:0
 #7 0x00005629bfa7660e llvm::SetTheory::expand(llvm::Record*) (/tmp/llvm-project-build-stage2/bin/llvm-tblgen+0x3c660e)
 #8 0x00005629bf7e0521 llvm::CodeGenSchedModels::collectSchedClasses() (/tmp/llvm-project-build-stage2/bin/llvm-tblgen+0x130521)
 #9 0x00005629bf7ddc7d llvm::CodeGenSchedModels::CodeGenSchedModels(llvm::RecordKeeper&, llvm::CodeGenTarget const&) (/tmp/llvm-project-build-stage2/bin/llvm-tblgen+0x12dc7d)
#10 0x00005629bf9cacf8 llvm::TableGen::Emitter::OptClass<(anonymous namespace)::SubtargetEmitter>::run(llvm::RecordKeeper&, llvm::raw_ostream&) SubtargetEmitter.cpp:0:0
#11 0x00005629bfa56e4c llvm::TableGenMain(char const*, std::function<bool (llvm::raw_ostream&, llvm::RecordKeeper&)>) (/tmp/llvm-project-build-stage2/bin/llvm-tblgen+0x3a6e4c)
#12 0x00005629bf9e89ba main (/tmp/llvm-project-build-stage2/bin/llvm-tblgen+0x3389ba)
#13 0x00007f413f1cad90 __libc_start_call_main ./csu/../sysdeps/nptl/libc_start_call_main.h:58:16
#14 0x00007f413f1cae40 call_init ./csu/../csu/libc-start.c:128:20
#15 0x00007f413f1cae40 __libc_start_main ./csu/../csu/libc-start.c:379:5
#16 0x00005629bf7408d5 _start (/tmp/llvm-project-build-stage2/bin/llvm-tblgen+0x908d5)
Segmentation fault (core dumped)
[1461/2602] Building CXX object lib/AsmParser/CMakeFiles/LLVMAsmParser.dir/LLLexer.cpp.o
[1462/2602] Building X86GenFoldTables.inc...
[1463/2602] Building CXX object lib/ProfileData/CMakeFiles/LLVMProfileData.dir/GCOV.cpp.o
[1464/2602] Building X86GenFastISel.inc...
[1465/2602] Building CXX object lib/AsmParser/CMakeFiles/LLVMAsmParser.dir/Parser.cpp.o
[1466/2602] Building X86GenGlobalISel.inc...
[1467/2602] Building X86GenDAGISel.inc...
[1468/2602] Building CXX object lib/ProfileData/CMakeFiles/LLVMProfileData.dir/InstrProfCorrelator.cpp.o
[1469/2602] Building CXX object lib/ProfileData/CMakeFiles/LLVMProfileData.dir/InstrProf.cpp.o
[1470/2602] Building CXX object lib/ProfileData/CMakeFiles/LLVMProfileData.dir/ItaniumManglingCanonicalizer.cpp.o
[1471/2602] Building CXX object lib/ProfileData/CMakeFiles/LLVMProfileData.dir/InstrProfWriter.cpp.o
[1472/2602] Building CXX object lib/ProfileData/CMakeFiles/LLVMProfileData.dir/InstrProfReader.cpp.o
[1473/2602] Building CXX object lib/AsmParser/CMakeFiles/LLVMAsmParser.dir/LLParser.cpp.o
ninja: build stopped: subcommand failed.


STDERR:
