MESSAGE: Execution of "./build_llvm_project.sh" failed

STDOUT:
[1493/3095] Building CXX object lib/ExecutionEngine/Orc/CMakeFiles/LLVMOrcJIT.dir/DebugUtils.cpp.o
[1494/3095] Building CXX object lib/ExecutionEngine/Orc/CMakeFiles/LLVMOrcJIT.dir/ObjectFileInterface.cpp.o
[1495/3095] Building CXX object lib/ExecutionEngine/Orc/CMakeFiles/LLVMOrcJIT.dir/IndirectionUtils.cpp.o
[1496/3095] Building CXX object lib/ExecutionEngine/Orc/CMakeFiles/LLVMOrcJIT.dir/IRTransformLayer.cpp.o
[1497/3095] Building CXX object lib/ExecutionEngine/Orc/CMakeFiles/LLVMOrcJIT.dir/JITTargetMachineBuilder.cpp.o
[1498/3095] Building CXX object lib/ExecutionEngine/Orc/CMakeFiles/LLVMOrcJIT.dir/LazyReexports.cpp.o
[1499/3095] Building CXX object lib/ExecutionEngine/Orc/CMakeFiles/LLVMOrcJIT.dir/Layer.cpp.o
[1500/3095] Building CXX object lib/ExecutionEngine/Orc/CMakeFiles/LLVMOrcJIT.dir/LookupAndRecordAddrs.cpp.o
[1501/3095] Building CXX object lib/ExecutionEngine/Orc/CMakeFiles/LLVMOrcJIT.dir/EPCGenericDylibManager.cpp.o
[1502/3095] Building CXX object lib/ExecutionEngine/Orc/CMakeFiles/LLVMOrcJIT.dir/LLJIT.cpp.o
[1503/3095] Building CXX object lib/ExecutionEngine/Orc/CMakeFiles/LLVMOrcJIT.dir/MachOPlatform.cpp.o
[1504/3095] Building CXX object lib/ExecutionEngine/Orc/CMakeFiles/LLVMOrcJIT.dir/ELFNixPlatform.cpp.o
[1505/3095] Building CXX object lib/ExecutionEngine/Orc/CMakeFiles/LLVMOrcJIT.dir/Mangling.cpp.o
[1506/3095] Building CXX object lib/ExecutionEngine/Orc/CMakeFiles/LLVMOrcJIT.dir/ObjectLinkingLayer.cpp.o
[1507/3095] Building CXX object lib/ExecutionEngine/Orc/CMakeFiles/LLVMOrcJIT.dir/OrcABISupport.cpp.o
[1508/3095] Building CXX object lib/ExecutionEngine/Orc/CMakeFiles/LLVMOrcJIT.dir/ObjectTransformLayer.cpp.o
[1509/3095] Building CXX object lib/ExecutionEngine/Orc/CMakeFiles/LLVMOrcJIT.dir/OrcV2CBindings.cpp.o
[1510/3095] Building CXX object lib/ExecutionEngine/Orc/CMakeFiles/LLVMOrcJIT.dir/RTDyldObjectLinkingLayer.cpp.o
[1511/3095] Building CXX object lib/ExecutionEngine/Orc/CMakeFiles/LLVMOrcJIT.dir/SimpleRemoteEPC.cpp.o
[1512/3095] Building CXX object lib/ExecutionEngine/Orc/CMakeFiles/LLVMOrcJIT.dir/Speculation.cpp.o
[1513/3095] Building CXX object lib/ExecutionEngine/Orc/CMakeFiles/LLVMOrcJIT.dir/ExecutorProcessControl.cpp.o
[1514/3095] Building CXX object lib/ExecutionEngine/Orc/CMakeFiles/LLVMOrcJIT.dir/SpeculateAnalyses.cpp.o
[1515/3095] Building CXX object lib/ExecutionEngine/Orc/CMakeFiles/LLVMOrcJIT.dir/TaskDispatch.cpp.o
[1516/3095] Building CXX object lib/ExecutionEngine/Orc/Shared/CMakeFiles/LLVMOrcShared.dir/AllocationActions.cpp.o
[1517/3095] Building CXX object lib/ExecutionEngine/Orc/Shared/CMakeFiles/LLVMOrcShared.dir/OrcError.cpp.o
[1518/3095] Building CXX object lib/ExecutionEngine/Orc/CMakeFiles/LLVMOrcJIT.dir/ThreadSafeModule.cpp.o
[1519/3095] Building CXX object lib/ExecutionEngine/Orc/Shared/CMakeFiles/LLVMOrcShared.dir/OrcRTBridge.cpp.o
[1520/3095] Building CXX object lib/ExecutionEngine/Orc/Shared/CMakeFiles/LLVMOrcShared.dir/SimpleRemoteEPCUtils.cpp.o
[1521/3095] Building CXX object lib/ExecutionEngine/Orc/TargetProcess/CMakeFiles/LLVMOrcTargetProcess.dir/OrcRTBootstrap.cpp.o
[1522/3095] Building CXX object lib/ExecutionEngine/Orc/CMakeFiles/LLVMOrcJIT.dir/IRCompileLayer.cpp.o
[1523/3095] Linking CXX static library lib/libLLVMOrcShared.a
[1524/3095] Building CXX object lib/ExecutionEngine/Orc/TargetProcess/CMakeFiles/LLVMOrcTargetProcess.dir/JITLoaderGDB.cpp.o
[1525/3095] Building CXX object lib/ExecutionEngine/Orc/TargetProcess/CMakeFiles/LLVMOrcTargetProcess.dir/RegisterEHFrames.cpp.o
[1526/3095] Building CXX object lib/ExecutionEngine/Orc/TargetProcess/CMakeFiles/LLVMOrcTargetProcess.dir/SimpleExecutorDylibManager.cpp.o
[1527/3095] Building CXX object lib/ExecutionEngine/Orc/TargetProcess/CMakeFiles/LLVMOrcTargetProcess.dir/SimpleExecutorMemoryManager.cpp.o
[1528/3095] Building CXX object lib/ExecutionEngine/Orc/TargetProcess/CMakeFiles/LLVMOrcTargetProcess.dir/TargetExecutionUtils.cpp.o
[1529/3095] Building CXX object lib/ExecutionEngine/Orc/TargetProcess/CMakeFiles/LLVMOrcTargetProcess.dir/SimpleRemoteEPCServer.cpp.o
[1530/3095] Building CXX object lib/ExecutionEngine/RuntimeDyld/CMakeFiles/LLVMRuntimeDyld.dir/RTDyldMemoryManager.cpp.o
[1531/3095] Building CXX object lib/ExecutionEngine/RuntimeDyld/CMakeFiles/LLVMRuntimeDyld.dir/JITSymbol.cpp.o
[1532/3095] Building CXX object lib/ExecutionEngine/RuntimeDyld/CMakeFiles/LLVMRuntimeDyld.dir/RuntimeDyld.cpp.o
[1533/3095] Linking CXX static library lib/libLLVMOrcTargetProcess.a
[1534/3095] Building CXX object lib/ExecutionEngine/RuntimeDyld/CMakeFiles/LLVMRuntimeDyld.dir/RuntimeDyldCOFF.cpp.o
[1535/3095] Building CXX object lib/ExecutionEngine/RuntimeDyld/CMakeFiles/LLVMRuntimeDyld.dir/RuntimeDyldELF.cpp.o
[1536/3095] Building CXX object lib/ExecutionEngine/RuntimeDyld/CMakeFiles/LLVMRuntimeDyld.dir/RuntimeDyldChecker.cpp.o
[1537/3095] Building CXX object lib/ExecutionEngine/RuntimeDyld/CMakeFiles/LLVMRuntimeDyld.dir/RuntimeDyldMachO.cpp.o
[1538/3095] Building CXX object lib/ExecutionEngine/RuntimeDyld/CMakeFiles/LLVMRuntimeDyld.dir/Targets/RuntimeDyldELFMips.cpp.o
[1539/3095] Building CXX object lib/Target/CMakeFiles/LLVMTarget.dir/Target.cpp.o
[1540/3095] Building CXX object lib/Target/CMakeFiles/LLVMTarget.dir/TargetIntrinsicInfo.cpp.o
[1541/3095] Building CXX object lib/Target/CMakeFiles/LLVMTarget.dir/TargetMachine.cpp.o
[1542/3095] Building CXX object lib/Target/CMakeFiles/LLVMTarget.dir/TargetMachineC.cpp.o
[1543/3095] Building CXX object lib/Target/CMakeFiles/LLVMTarget.dir/TargetLoweringObjectFile.cpp.o
[1544/3095] Building CXX object lib/CodeGen/CMakeFiles/LLVMCodeGen.dir/LiveDebugValues/InstrRefBasedImpl.cpp.o
FAILED: lib/CodeGen/CMakeFiles/LLVMCodeGen.dir/LiveDebugValues/InstrRefBasedImpl.cpp.o 
CCACHE_CPP2=yes CCACHE_HASHDIR=yes /usr/bin/ccache /usr/bin/c++  -DGTEST_HAS_RTTI=0 -D_GNU_SOURCE -D__STDC_CONSTANT_MACROS -D__STDC_FORMAT_MACROS -D__STDC_LIMIT_MACROS -Ilib/CodeGen -I/root/llvm-compile-time-tracker/llvm-project/llvm/lib/CodeGen -Iinclude -I/root/llvm-compile-time-tracker/llvm-project/llvm/include -fPIC -fno-semantic-interposition -fvisibility-inlines-hidden -Werror=date-time -Wall -Wextra -Wno-unused-parameter -Wwrite-strings -Wcast-qual -Wno-missing-field-initializers -pedantic -Wno-long-long -Wimplicit-fallthrough -Wno-maybe-uninitialized -Wno-class-memaccess -Wno-redundant-move -Wno-pessimizing-move -Wno-noexcept-type -Wdelete-non-virtual-dtor -Wsuggest-override -Wno-comment -Wmisleading-indentation -fdiagnostics-color -ffunction-sections -fdata-sections -O3 -DNDEBUG    -fno-exceptions -fno-rtti -std=c++14 -MD -MT lib/CodeGen/CMakeFiles/LLVMCodeGen.dir/LiveDebugValues/InstrRefBasedImpl.cpp.o -MF lib/CodeGen/CMakeFiles/LLVMCodeGen.dir/LiveDebugValues/InstrRefBasedImpl.cpp.o.d -o lib/CodeGen/CMakeFiles/LLVMCodeGen.dir/LiveDebugValues/InstrRefBasedImpl.cpp.o -c /root/llvm-compile-time-tracker/llvm-project/llvm/lib/CodeGen/LiveDebugValues/InstrRefBasedImpl.cpp
In file included from /usr/include/c++/9/bits/stl_algobase.h:71,
                 from /usr/include/c++/9/bits/char_traits.h:39,
                 from /usr/include/c++/9/string:40,
                 from /usr/include/c++/9/stdexcept:39,
                 from /usr/include/c++/9/array:39,
                 from /usr/include/c++/9/tuple:39,
                 from /root/llvm-compile-time-tracker/llvm-project/llvm/include/llvm/ADT/DenseMapInfo.h:20,
                 from /root/llvm-compile-time-tracker/llvm-project/llvm/include/llvm/ADT/DenseMap.h:17,
                 from /root/llvm-compile-time-tracker/llvm-project/llvm/lib/CodeGen/LiveDebugValues/InstrRefBasedImpl.cpp:81:
/usr/include/c++/9/bits/predefined_ops.h: In instantiation of ‘bool __gnu_cxx::__ops::_Iter_equals_val<_Value>::operator()(_Iterator) [with _Iterator = LiveDebugValues::ResolvedDbgOp*; _Value = const LiveDebugValues::ResolvedDbgOp]’:
/usr/include/c++/9/bits/stl_algo.h:3107:12:   required from ‘_OutputIterator std::__replace_copy_if(_InputIterator, _InputIterator, _OutputIterator, _Predicate, const _Tp&) [with _InputIterator = LiveDebugValues::ResolvedDbgOp*; _OutputIterator = LiveDebugValues::ResolvedDbgOp*; _Predicate = __gnu_cxx::__ops::_Iter_equals_val<const LiveDebugValues::ResolvedDbgOp>; _Tp = LiveDebugValues::ResolvedDbgOp]’
/usr/include/c++/9/bits/stl_algo.h:3142:36:   required from ‘_OIter std::replace_copy(_IIter, _IIter, _OIter, const _Tp&, const _Tp&) [with _IIter = LiveDebugValues::ResolvedDbgOp*; _OIter = LiveDebugValues::ResolvedDbgOp*; _Tp = LiveDebugValues::ResolvedDbgOp]’
/root/llvm-compile-time-tracker/llvm-project/llvm/include/llvm/ADT/STLExtras.h:1674:27:   required from ‘OutputIt llvm::replace_copy(R&&, OutputIt, const T&, const T&) [with R = llvm::SmallVector<LiveDebugValues::ResolvedDbgOp>&; OutputIt = LiveDebugValues::ResolvedDbgOp*; T = LiveDebugValues::ResolvedDbgOp]’
/root/llvm-compile-time-tracker/llvm-project/llvm/lib/CodeGen/LiveDebugValues/InstrRefBasedImpl.cpp:740:77:   required from here
/usr/include/c++/9/bits/predefined_ops.h:241:17: error: no match for ‘operator==’ (operand types are ‘LiveDebugValues::ResolvedDbgOp’ and ‘const LiveDebugValues::ResolvedDbgOp’)
  241 |  { return *__it == _M_value; }
      |           ~~~~~~^~~~~~~~~~~
In file included from /usr/include/c++/9/bits/stl_algobase.h:67,
                 from /usr/include/c++/9/bits/char_traits.h:39,
                 from /usr/include/c++/9/string:40,
                 from /usr/include/c++/9/stdexcept:39,
                 from /usr/include/c++/9/array:39,
                 from /usr/include/c++/9/tuple:39,
                 from /root/llvm-compile-time-tracker/llvm-project/llvm/include/llvm/ADT/DenseMapInfo.h:20,
                 from /root/llvm-compile-time-tracker/llvm-project/llvm/include/llvm/ADT/DenseMap.h:17,
                 from /root/llvm-compile-time-tracker/llvm-project/llvm/lib/CodeGen/LiveDebugValues/InstrRefBasedImpl.cpp:81:
/usr/include/c++/9/bits/stl_iterator.h:886:5: note: candidate: ‘template<class _IteratorL, class _IteratorR, class _Container> bool __gnu_cxx::operator==(const __gnu_cxx::__normal_iterator<_IteratorL, _Container>&, const __gnu_cxx::__normal_iterator<_IteratorR, _Container>&)’
  886 |     operator==(const __normal_iterator<_IteratorL, _Container>& __lhs,
      |     ^~~~~~~~
/usr/include/c++/9/bits/stl_iterator.h:886:5: note:   template argument deduction/substitution failed:
In file included from /usr/include/c++/9/bits/stl_algobase.h:71,
                 from /usr/include/c++/9/bits/char_traits.h:39,
                 from /usr/include/c++/9/string:40,
                 from /usr/include/c++/9/stdexcept:39,
                 from /usr/include/c++/9/array:39,
                 from /usr/include/c++/9/tuple:39,
                 from /root/llvm-compile-time-tracker/llvm-project/llvm/include/llvm/ADT/DenseMapInfo.h:20,
                 from /root/llvm-compile-time-tracker/llvm-project/llvm/include/llvm/ADT/DenseMap.h:17,
                 from /root/llvm-compile-time-tracker/llvm-project/llvm/lib/CodeGen/LiveDebugValues/InstrRefBasedImpl.cpp:81:
/usr/include/c++/9/bits/predefined_ops.h:241:17: note:   ‘LiveDebugValues::ResolvedDbgOp’ is not derived from ‘const __gnu_cxx::__normal_iterator<_IteratorL, _Container>’
  241 |  { return *__it == _M_value; }
      |           ~~~~~~^~~~~~~~~~~
In file included from /usr/include/c++/9/bits/stl_algobase.h:67,
                 from /usr/include/c++/9/bits/char_traits.h:39,
                 from /usr/include/c++/9/string:40,
                 from /usr/include/c++/9/stdexcept:39,
                 from /usr/include/c++/9/array:39,
                 from /usr/include/c++/9/tuple:39,
                 from /root/llvm-compile-time-tracker/llvm-project/llvm/include/llvm/ADT/DenseMapInfo.h:20,
                 from /root/llvm-compile-time-tracker/llvm-project/llvm/include/llvm/ADT/DenseMap.h:17,
                 from /root/llvm-compile-time-tracker/llvm-project/llvm/lib/CodeGen/LiveDebugValues/InstrRefBasedImpl.cpp:81:
/usr/include/c++/9/bits/stl_iterator.h:893:5: note: candidate: ‘template<class _Iterator, class _Container> bool __gnu_cxx::operator==(const __gnu_cxx::__normal_iterator<_Iterator, _Container>&, const __gnu_cxx::__normal_iterator<_Iterator, _Container>&)’
  893 |     operator==(const __normal_iterator<_Iterator, _Container>& __lhs,
      |     ^~~~~~~~
/usr/include/c++/9/bits/stl_iterator.h:893:5: note:   template argument deduction/substitution failed:
In file included from /usr/include/c++/9/bits/stl_algobase.h:71,
                 from /usr/include/c++/9/bits/char_traits.h:39,
                 from /usr/include/c++/9/string:40,
                 from /usr/include/c++/9/stdexcept:39,
                 from /usr/include/c++/9/array:39,
                 from /usr/include/c++/9/tuple:39,
                 from /root/llvm-compile-time-tracker/llvm-project/llvm/include/llvm/ADT/DenseMapInfo.h:20,
                 from /root/llvm-compile-time-tracker/llvm-project/llvm/include/llvm/ADT/DenseMap.h:17,
                 from /root/llvm-compile-time-tracker/llvm-project/llvm/lib/CodeGen/LiveDebugValues/InstrRefBasedImpl.cpp:81:
/usr/include/c++/9/bits/predefined_ops.h:241:17: note:   ‘LiveDebugValues::ResolvedDbgOp’ is not derived from ‘const __gnu_cxx::__normal_iterator<_Iterator, _Container>’
  241 |  { return *__it == _M_value; }
      |           ~~~~~~^~~~~~~~~~~
[1545/3095] Building X86GenCallingConv.inc...
[1546/3095] Building X86GenAsmWriter.inc...
[1547/3095] Building X86GenAsmWriter1.inc...
[1548/3095] Building X86GenAsmMatcher.inc...
[1549/3095] Building CXX object lib/MC/MCParser/CMakeFiles/LLVMMCParser.dir/AsmParser.cpp.o
ninja: build stopped: subcommand failed.


STDERR:
Command exited with non-zero status 1
44.23user 6.33system 0:12.40elapsed 407%CPU (0avgtext+0avgdata 607872maxresident)k
315896inputs+1312360outputs (12major+1788783minor)pagefaults 0swaps
