MESSAGE: Execution of "sudo -u lctt-runner ./build_llvm_project_stage1.sh" failed

STDOUT:
[2274/3172] Linking CXX static library lib/libLLVMDlltoolDriver.a
[2275/3172] Building CXX object tools/clang/lib/Basic/CMakeFiles/obj.clangBasic.dir/Sanitizers.cpp.o
[2276/3172] Linking CXX static library lib/libLLVMSymbolize.a
[2277/3172] Linking CXX static library lib/libLLVMLibDriver.a
[2278/3172] Building CXX object tools/clang/lib/Basic/CMakeFiles/obj.clangBasic.dir/OpenCLOptions.cpp.o
[2279/3172] Linking CXX static library lib/libLLVMProfileData.a
[2280/3172] Linking CXX static library lib/libLLVMAnalysis.a
[2281/3172] Linking CXX static library lib/libLLVMIRPrinter.a
[2282/3172] Building CXX object tools/clang/lib/Basic/CMakeFiles/obj.clangBasic.dir/OpenMPKinds.cpp.o
[2283/3172] Linking CXX static library lib/libLLVMBitWriter.a
[2284/3172] Linking CXX static library lib/libLLVMFrontendAtomic.a
[2285/3172] Linking CXX static library lib/libLLVMCGData.a
[2286/3172] Linking CXX static library lib/libLLVMTarget.a
[2287/3172] Linking CXX static library lib/libLLVMTransformUtils.a
[2288/3172] Linking CXX static library lib/libLLVMSandboxIR.a
[2289/3172] Linking CXX static library lib/libLLVMFrontendOffloading.a
[2290/3172] Building CXX object tools/clang/lib/Basic/CMakeFiles/obj.clangBasic.dir/ProfileList.cpp.o
[2291/3172] Linking CXX static library lib/libLLVMAggressiveInstCombine.a
[2292/3172] Linking CXX static library lib/libLLVMInstrumentation.a
[2293/3172] Linking CXX static library lib/libLLVMInstCombine.a
[2294/3172] Linking CXX static library lib/libLLVMFrontendDriver.a
[2295/3172] Building CXX object tools/clang/lib/Basic/CMakeFiles/obj.clangBasic.dir/IdentifierTable.cpp.o
[2296/3172] Linking CXX static library lib/libLLVMHipStdPar.a
[2297/3172] Linking CXX static library lib/libLLVMVectorize.a
[2298/3172] Linking CXX static library lib/libLLVMObjCARCOpts.a
[2299/3172] Building CXX object tools/clang/lib/Basic/CMakeFiles/obj.clangBasic.dir/SimpleTypoCorrection.cpp.o
[2300/3172] Linking CXX static library lib/libLLVMLinker.a
[2301/3172] Building CXX object tools/clang/lib/Basic/CMakeFiles/obj.clangBasic.dir/Stack.cpp.o
[2302/3172] Linking CXX static library lib/libLLVMCoverage.a
[2303/3172] Building CXX object tools/clang/lib/Basic/CMakeFiles/obj.clangBasic.dir/TargetID.cpp.o
[2304/3172] Linking CXX static library lib/libLLVMScalarOpts.a
[2305/3172] Building CXX object tools/clang/lib/Basic/CMakeFiles/obj.clangBasic.dir/NoSanitizeList.cpp.o
[2306/3172] Linking CXX static library lib/libLLVMFrontendOpenMP.a
[2307/3172] Linking CXX static library lib/libLLVMCodeGen.a
[2308/3172] Building CXX object tools/clang/lib/Basic/CMakeFiles/obj.clangBasic.dir/Module.cpp.o
[2309/3172] Linking CXX static library lib/libLLVMSelectionDAG.a
[2310/3172] Linking CXX static library lib/libLLVMAsmPrinter.a
[2311/3172] Linking CXX static library lib/libLLVMipo.a
[2312/3172] Building CXX object tools/clang/lib/Lex/CMakeFiles/obj.clangLex.dir/HeaderSearch.cpp.o
[2313/3172] Generating VCSVersion.inc
[2314/3172] Building CXX object tools/lld/Common/CMakeFiles/lldCommon.dir/Args.cpp.o
[2315/3172] Building CXX object tools/lld/Common/CMakeFiles/lldCommon.dir/DriverDispatcher.cpp.o
[2316/3172] Linking CXX static library lib/libLLVMGlobalISel.a
[2317/3172] Linking CXX static library lib/libLLVMCoroutines.a
[2318/3172] Building CXX object tools/lld/Common/CMakeFiles/lldCommon.dir/CommonLinkerContext.cpp.o
[2319/3172] Building CXX object tools/clang/lib/Basic/CMakeFiles/obj.clangBasic.dir/Diagnostic.cpp.o
[2320/3172] Building CXX object tools/lld/Common/CMakeFiles/lldCommon.dir/DWARF.cpp.o
[2321/3172] Building CXX object tools/lld/Common/CMakeFiles/lldCommon.dir/ErrorHandler.cpp.o
[2322/3172] Building CXX object tools/lld/Common/CMakeFiles/lldCommon.dir/Filesystem.cpp.o
[2323/3172] Building CXX object tools/lld/Common/CMakeFiles/lldCommon.dir/Memory.cpp.o
[2324/3172] Building CXX object tools/lld/Common/CMakeFiles/lldCommon.dir/Reproduce.cpp.o
[2325/3172] Building CXX object tools/lld/Common/CMakeFiles/lldCommon.dir/Strings.cpp.o
[2326/3172] Building CXX object tools/lld/Common/CMakeFiles/lldCommon.dir/TargetOptionsCommandFlags.cpp.o
[2327/3172] Building CXX object tools/lld/Common/CMakeFiles/lldCommon.dir/Timer.cpp.o
[2328/3172] Building CXX object tools/lld/Common/CMakeFiles/lldCommon.dir/Utils.cpp.o
[2329/3172] Building CXX object tools/lld/Common/CMakeFiles/lldCommon.dir/Version.cpp.o
[2330/3172] Linking CXX static library lib/libLLVMX86CodeGen.a
[2331/3172] Linking CXX static library lib/libLLVMPasses.a
[2332/3172] Linking CXX static library lib/liblldCommon.a
[2333/3172] Building CXX object tools/clang/lib/Basic/CMakeFiles/obj.clangBasic.dir/Targets/ARC.cpp.o
[2334/3172] Linking CXX static library lib/libLLVMLTO.a
[2335/3172] Building CXX object tools/clang/lib/Basic/CMakeFiles/obj.clangBasic.dir/Targets/AVR.cpp.o
[2336/3172] Building CXX object tools/clang/lib/Basic/CMakeFiles/obj.clangBasic.dir/Targets/BPF.cpp.o
[2337/3172] Building CXX object tools/clang/lib/Basic/CMakeFiles/obj.clangBasic.dir/Targets/CSKY.cpp.o
[2338/3172] Building CXX object tools/clang/lib/Basic/CMakeFiles/obj.clangBasic.dir/Targets/DirectX.cpp.o
[2339/3172] Building CXX object tools/clang/lib/Basic/CMakeFiles/obj.clangBasic.dir/StackExhaustionHandler.cpp.o
[2340/3172] Building CXX object tools/clang/lib/Basic/CMakeFiles/obj.clangBasic.dir/Targets/Lanai.cpp.o
[2341/3172] Building CXX object tools/clang/lib/Basic/CMakeFiles/obj.clangBasic.dir/Targets/Hexagon.cpp.o
[2342/3172] Building CXX object tools/clang/lib/Basic/CMakeFiles/obj.clangBasic.dir/SourceLocation.cpp.o
[2343/3172] Building CXX object tools/clang/lib/Basic/CMakeFiles/obj.clangBasic.dir/Targets/MSP430.cpp.o
[2344/3172] Building CXX object tools/clang/lib/Basic/CMakeFiles/obj.clangBasic.dir/SourceMgrAdapter.cpp.o
[2345/3172] Building CXX object tools/clang/lib/Basic/CMakeFiles/obj.clangBasic.dir/Targets/NVPTX.cpp.o
[2346/3172] Building CXX object tools/clang/lib/Basic/CMakeFiles/obj.clangBasic.dir/Targets/OSTargets.cpp.o
[2347/3172] Building CXX object tools/clang/lib/Basic/CMakeFiles/obj.clangBasic.dir/Targets/PNaCl.cpp.o
[2348/3172] Building CXX object tools/clang/lib/Basic/CMakeFiles/obj.clangBasic.dir/TargetInfo.cpp.o
[2349/3172] Building CXX object tools/clang/lib/Basic/CMakeFiles/obj.clangBasic.dir/Sarif.cpp.o
[2350/3172] Building CXX object tools/clang/lib/Basic/CMakeFiles/obj.clangBasic.dir/Targets/M68k.cpp.o
[2351/3172] Building CXX object tools/clang/lib/Basic/CMakeFiles/obj.clangBasic.dir/Targets/SPIR.cpp.o
[2352/3172] Building CXX object tools/clang/lib/Basic/CMakeFiles/obj.clangBasic.dir/Targets/Sparc.cpp.o
[2353/3172] Building CXX object tools/clang/lib/Basic/CMakeFiles/obj.clangBasic.dir/Targets/SystemZ.cpp.o
[2354/3172] Building CXX object tools/clang/lib/Basic/CMakeFiles/obj.clangBasic.dir/Targets/TCE.cpp.o
[2355/3172] Building CXX object tools/clang/lib/Basic/CMakeFiles/obj.clangBasic.dir/Targets/VE.cpp.o
[2356/3172] Building CXX object tools/clang/lib/Basic/CMakeFiles/obj.clangBasic.dir/Targets/AMDGPU.cpp.o
[2357/3172] Building CXX object tools/clang/lib/Basic/CMakeFiles/obj.clangBasic.dir/Targets/XCore.cpp.o
[2358/3172] Building CXX object tools/clang/lib/Basic/CMakeFiles/obj.clangBasic.dir/Targets/Xtensa.cpp.o
[2359/3172] Building CXX object tools/clang/lib/Basic/CMakeFiles/obj.clangBasic.dir/TokenKinds.cpp.o
[2360/3172] Building CXX object tools/clang/lib/Basic/CMakeFiles/obj.clangBasic.dir/TypeTraits.cpp.o
[2361/3172] Building CXX object tools/clang/lib/Basic/CMakeFiles/obj.clangBasic.dir/Version.cpp.o
[2362/3172] Building CXX object tools/clang/lib/Basic/CMakeFiles/obj.clangBasic.dir/Targets/LoongArch.cpp.o
[2363/3172] Building CXX object tools/clang/lib/Basic/CMakeFiles/obj.clangBasic.dir/XRayInstr.cpp.o
[2364/3172] Building CXX object tools/clang/lib/CodeGen/CMakeFiles/obj.clangCodeGen.dir/CGCUDANV.cpp.o
FAILED: tools/clang/lib/CodeGen/CMakeFiles/obj.clangCodeGen.dir/CGCUDANV.cpp.o 
CCACHE_CPP2=yes CCACHE_HASHDIR=yes CCACHE_SLOPPINESS=pch_defines,time_macros /usr/bin/ccache /usr/bin/c++ -DCLANG_EXPORTS -DGTEST_HAS_RTTI=0 -D_GNU_SOURCE -D__STDC_CONSTANT_MACROS -D__STDC_FORMAT_MACROS -D__STDC_LIMIT_MACROS -I/tmp/llvm-project-build-stage1/tools/clang/lib/CodeGen -I/var/llvm-compile-time-tracker/llvm-project/clang/lib/CodeGen -I/var/llvm-compile-time-tracker/llvm-project/clang/include -I/tmp/llvm-project-build-stage1/tools/clang/include -I/tmp/llvm-project-build-stage1/include -I/var/llvm-compile-time-tracker/llvm-project/llvm/include -fPIC -fno-semantic-interposition -fvisibility-inlines-hidden -Werror=date-time -Wall -Wextra -Wno-unused-parameter -Wwrite-strings -Wcast-qual -Wno-missing-field-initializers -pedantic -Wno-long-long -Wimplicit-fallthrough -Wno-uninitialized -Wno-nonnull -Wno-class-memaccess -Wno-redundant-move -Wno-pessimizing-move -Wno-noexcept-type -Wdelete-non-virtual-dtor -Wsuggest-override -Wno-comment -Wno-misleading-indentation -Wctad-maybe-unsupported -fdiagnostics-color -ffunction-sections -fdata-sections -fno-common -Woverloaded-virtual -O3 -DNDEBUG  -fno-exceptions -funwind-tables -fno-rtti -std=c++17 -MD -MT tools/clang/lib/CodeGen/CMakeFiles/obj.clangCodeGen.dir/CGCUDANV.cpp.o -MF tools/clang/lib/CodeGen/CMakeFiles/obj.clangCodeGen.dir/CGCUDANV.cpp.o.d -o tools/clang/lib/CodeGen/CMakeFiles/obj.clangCodeGen.dir/CGCUDANV.cpp.o -c /var/llvm-compile-time-tracker/llvm-project/clang/lib/CodeGen/CGCUDANV.cpp
In file included from /var/llvm-compile-time-tracker/llvm-project/clang/include/clang/AST/DeclBase.h:19,
                 from /var/llvm-compile-time-tracker/llvm-project/clang/include/clang/AST/Decl.h:20,
                 from /var/llvm-compile-time-tracker/llvm-project/clang/include/clang/AST/Attr.h:18,
                 from /var/llvm-compile-time-tracker/llvm-project/clang/include/clang/AST/GlobalDecl.h:17,
                 from /var/llvm-compile-time-tracker/llvm-project/clang/lib/CodeGen/CGCUDARuntime.h:18,
                 from /var/llvm-compile-time-tracker/llvm-project/clang/lib/CodeGen/CGCUDANV.cpp:14:
/var/llvm-compile-time-tracker/llvm-project/clang/include/clang/AST/DeclarationName.h: In member function ‘clang::SourceLocation clang::DeclarationNameLoc::getCXXOperatorNameBeginLoc() const’:
/var/llvm-compile-time-tracker/llvm-project/clang/include/clang/AST/DeclarationName.h:748:26: error: ‘const struct clang::DeclarationNameLoc::CXXOpName’ has no member named ‘OInfo’
  748 |     if (!CXXOperatorName.OInfo)
      |                          ^~~~~
/var/llvm-compile-time-tracker/llvm-project/clang/include/clang/AST/DeclarationName.h:751:25: error: ‘const struct clang::DeclarationNameLoc::CXXOpName’ has no member named ‘OInfo’
  751 |         CXXOperatorName.OInfo->BeginOpNameLoc;
      |                         ^~~~~
/var/llvm-compile-time-tracker/llvm-project/clang/include/clang/AST/DeclarationName.h: In member function ‘clang::SourceLocation clang::DeclarationNameLoc::getCXXOperatorNameEndLoc() const’:
/var/llvm-compile-time-tracker/llvm-project/clang/include/clang/AST/DeclarationName.h:756:26: error: ‘const struct clang::DeclarationNameLoc::CXXOpName’ has no member named ‘OInfo’
  756 |     if (!CXXOperatorName.OInfo)
      |                          ^~~~~
/var/llvm-compile-time-tracker/llvm-project/clang/include/clang/AST/DeclarationName.h:758:28: error: ‘const struct clang::DeclarationNameLoc::CXXOpName’ has no member named ‘OInfo’
  758 |     return CXXOperatorName.OInfo->EndOpNameLoc);
      |                            ^~~~~
/var/llvm-compile-time-tracker/llvm-project/clang/include/clang/AST/DeclarationName.h:758:47: error: expected ‘;’ before ‘)’ token
  758 |     return CXXOperatorName.OInfo->EndOpNameLoc);
      |                                               ^
/var/llvm-compile-time-tracker/llvm-project/clang/include/clang/AST/DeclarationName.h:758:47: error: expected primary-expression before ‘)’ token
/var/llvm-compile-time-tracker/llvm-project/clang/include/clang/AST/DeclarationName.h: In static member function ‘static clang::DeclarationNameLoc clang::DeclarationNameLoc::makeCXXOperatorNameLoc(clang::CXXOperatorSourceInfo*)’:
/var/llvm-compile-time-tracker/llvm-project/clang/include/clang/AST/DeclarationName.h:788:25: error: ‘struct clang::DeclarationNameLoc::CXXOpName’ has no member named ‘OInfo’
  788 |     DNL.CXXOperatorName.OInfo = OInfo;
      |                         ^~~~~
[2365/3172] Building CXX object tools/clang/lib/Basic/CMakeFiles/obj.clangBasic.dir/SourceManager.cpp.o
[2366/3172] Building CXX object tools/clang/lib/CodeGen/CMakeFiles/obj.clangCodeGen.dir/CGAtomic.cpp.o
FAILED: tools/clang/lib/CodeGen/CMakeFiles/obj.clangCodeGen.dir/CGAtomic.cpp.o 
CCACHE_CPP2=yes CCACHE_HASHDIR=yes CCACHE_SLOPPINESS=pch_defines,time_macros /usr/bin/ccache /usr/bin/c++ -DCLANG_EXPORTS -DGTEST_HAS_RTTI=0 -D_GNU_SOURCE -D__STDC_CONSTANT_MACROS -D__STDC_FORMAT_MACROS -D__STDC_LIMIT_MACROS -I/tmp/llvm-project-build-stage1/tools/clang/lib/CodeGen -I/var/llvm-compile-time-tracker/llvm-project/clang/lib/CodeGen -I/var/llvm-compile-time-tracker/llvm-project/clang/include -I/tmp/llvm-project-build-stage1/tools/clang/include -I/tmp/llvm-project-build-stage1/include -I/var/llvm-compile-time-tracker/llvm-project/llvm/include -fPIC -fno-semantic-interposition -fvisibility-inlines-hidden -Werror=date-time -Wall -Wextra -Wno-unused-parameter -Wwrite-strings -Wcast-qual -Wno-missing-field-initializers -pedantic -Wno-long-long -Wimplicit-fallthrough -Wno-uninitialized -Wno-nonnull -Wno-class-memaccess -Wno-redundant-move -Wno-pessimizing-move -Wno-noexcept-type -Wdelete-non-virtual-dtor -Wsuggest-override -Wno-comment -Wno-misleading-indentation -Wctad-maybe-unsupported -fdiagnostics-color -ffunction-sections -fdata-sections -fno-common -Woverloaded-virtual -O3 -DNDEBUG  -fno-exceptions -funwind-tables -fno-rtti -std=c++17 -MD -MT tools/clang/lib/CodeGen/CMakeFiles/obj.clangCodeGen.dir/CGAtomic.cpp.o -MF tools/clang/lib/CodeGen/CMakeFiles/obj.clangCodeGen.dir/CGAtomic.cpp.o.d -o tools/clang/lib/CodeGen/CMakeFiles/obj.clangCodeGen.dir/CGAtomic.cpp.o -c /var/llvm-compile-time-tracker/llvm-project/clang/lib/CodeGen/CGAtomic.cpp
In file included from /var/llvm-compile-time-tracker/llvm-project/clang/include/clang/AST/DeclBase.h:19,
                 from /var/llvm-compile-time-tracker/llvm-project/clang/include/clang/AST/Decl.h:20,
                 from /var/llvm-compile-time-tracker/llvm-project/clang/include/clang/AST/ASTContext.h:21,
                 from /var/llvm-compile-time-tracker/llvm-project/clang/lib/CodeGen/CGValue.h:21,
                 from /var/llvm-compile-time-tracker/llvm-project/clang/lib/CodeGen/CGCall.h:18,
                 from /var/llvm-compile-time-tracker/llvm-project/clang/lib/CodeGen/CGAtomic.cpp:13:
/var/llvm-compile-time-tracker/llvm-project/clang/include/clang/AST/DeclarationName.h: In member function ‘clang::SourceLocation clang::DeclarationNameLoc::getCXXOperatorNameBeginLoc() const’:
/var/llvm-compile-time-tracker/llvm-project/clang/include/clang/AST/DeclarationName.h:748:26: error: ‘const struct clang::DeclarationNameLoc::CXXOpName’ has no member named ‘OInfo’
  748 |     if (!CXXOperatorName.OInfo)
      |                          ^~~~~
/var/llvm-compile-time-tracker/llvm-project/clang/include/clang/AST/DeclarationName.h:751:25: error: ‘const struct clang::DeclarationNameLoc::CXXOpName’ has no member named ‘OInfo’
  751 |         CXXOperatorName.OInfo->BeginOpNameLoc;
      |                         ^~~~~
/var/llvm-compile-time-tracker/llvm-project/clang/include/clang/AST/DeclarationName.h: In member function ‘clang::SourceLocation clang::DeclarationNameLoc::getCXXOperatorNameEndLoc() const’:
/var/llvm-compile-time-tracker/llvm-project/clang/include/clang/AST/DeclarationName.h:756:26: error: ‘const struct clang::DeclarationNameLoc::CXXOpName’ has no member named ‘OInfo’
  756 |     if (!CXXOperatorName.OInfo)
      |                          ^~~~~
/var/llvm-compile-time-tracker/llvm-project/clang/include/clang/AST/DeclarationName.h:758:28: error: ‘const struct clang::DeclarationNameLoc::CXXOpName’ has no member named ‘OInfo’
  758 |     return CXXOperatorName.OInfo->EndOpNameLoc);
      |                            ^~~~~
/var/llvm-compile-time-tracker/llvm-project/clang/include/clang/AST/DeclarationName.h:758:47: error: expected ‘;’ before ‘)’ token
  758 |     return CXXOperatorName.OInfo->EndOpNameLoc);
      |                                               ^
/var/llvm-compile-time-tracker/llvm-project/clang/include/clang/AST/DeclarationName.h:758:47: error: expected primary-expression before ‘)’ token
/var/llvm-compile-time-tracker/llvm-project/clang/include/clang/AST/DeclarationName.h: In static member function ‘static clang::DeclarationNameLoc clang::DeclarationNameLoc::makeCXXOperatorNameLoc(clang::CXXOperatorSourceInfo*)’:
/var/llvm-compile-time-tracker/llvm-project/clang/include/clang/AST/DeclarationName.h:788:25: error: ‘struct clang::DeclarationNameLoc::CXXOpName’ has no member named ‘OInfo’
  788 |     DNL.CXXOperatorName.OInfo = OInfo;
      |                         ^~~~~
[2367/3172] Building CXX object tools/clang/lib/Basic/CMakeFiles/obj.clangBasic.dir/Targets/Mips.cpp.o
[2368/3172] Building CXX object tools/clang/lib/Basic/CMakeFiles/obj.clangBasic.dir/DiagnosticIDs.cpp.o
[2369/3172] Building CXX object tools/clang/lib/Basic/CMakeFiles/obj.clangBasic.dir/Targets/ARM.cpp.o
[2370/3172] Building CXX object tools/clang/lib/Basic/CMakeFiles/obj.clangBasic.dir/Targets/AArch64.cpp.o
[2371/3172] Building CXX object tools/clang/lib/ASTMatchers/CMakeFiles/obj.clangASTMatchers.dir/ASTMatchersInternal.cpp.o
FAILED: tools/clang/lib/ASTMatchers/CMakeFiles/obj.clangASTMatchers.dir/ASTMatchersInternal.cpp.o 
CCACHE_CPP2=yes CCACHE_HASHDIR=yes CCACHE_SLOPPINESS=pch_defines,time_macros /usr/bin/ccache /usr/bin/c++ -DCLANG_EXPORTS -DGTEST_HAS_RTTI=0 -D_GNU_SOURCE -D__STDC_CONSTANT_MACROS -D__STDC_FORMAT_MACROS -D__STDC_LIMIT_MACROS -I/tmp/llvm-project-build-stage1/tools/clang/lib/ASTMatchers -I/var/llvm-compile-time-tracker/llvm-project/clang/lib/ASTMatchers -I/var/llvm-compile-time-tracker/llvm-project/clang/include -I/tmp/llvm-project-build-stage1/tools/clang/include -I/tmp/llvm-project-build-stage1/include -I/var/llvm-compile-time-tracker/llvm-project/llvm/include -fPIC -fno-semantic-interposition -fvisibility-inlines-hidden -Werror=date-time -Wall -Wextra -Wno-unused-parameter -Wwrite-strings -Wcast-qual -Wno-missing-field-initializers -pedantic -Wno-long-long -Wimplicit-fallthrough -Wno-uninitialized -Wno-nonnull -Wno-class-memaccess -Wno-redundant-move -Wno-pessimizing-move -Wno-noexcept-type -Wdelete-non-virtual-dtor -Wsuggest-override -Wno-comment -Wno-misleading-indentation -Wctad-maybe-unsupported -fdiagnostics-color -ffunction-sections -fdata-sections -fno-common -Woverloaded-virtual -O3 -DNDEBUG  -fno-exceptions -funwind-tables -fno-rtti -std=c++17 -MD -MT tools/clang/lib/ASTMatchers/CMakeFiles/obj.clangASTMatchers.dir/ASTMatchersInternal.cpp.o -MF tools/clang/lib/ASTMatchers/CMakeFiles/obj.clangASTMatchers.dir/ASTMatchersInternal.cpp.o.d -o tools/clang/lib/ASTMatchers/CMakeFiles/obj.clangASTMatchers.dir/ASTMatchersInternal.cpp.o -c /var/llvm-compile-time-tracker/llvm-project/clang/lib/ASTMatchers/ASTMatchersInternal.cpp
In file included from /var/llvm-compile-time-tracker/llvm-project/clang/include/clang/AST/DeclBase.h:19,
                 from /var/llvm-compile-time-tracker/llvm-project/clang/include/clang/AST/Decl.h:20,
                 from /var/llvm-compile-time-tracker/llvm-project/clang/include/clang/AST/DeclCXX.h:19,
                 from /var/llvm-compile-time-tracker/llvm-project/clang/include/clang/AST/ASTTypeTraits.h:19,
                 from /var/llvm-compile-time-tracker/llvm-project/clang/include/clang/ASTMatchers/ASTMatchersInternal.h:37,
                 from /var/llvm-compile-time-tracker/llvm-project/clang/lib/ASTMatchers/ASTMatchersInternal.cpp:13:
/var/llvm-compile-time-tracker/llvm-project/clang/include/clang/AST/DeclarationName.h: In member function ‘clang::SourceLocation clang::DeclarationNameLoc::getCXXOperatorNameBeginLoc() const’:
/var/llvm-compile-time-tracker/llvm-project/clang/include/clang/AST/DeclarationName.h:748:26: error: ‘const struct clang::DeclarationNameLoc::CXXOpName’ has no member named ‘OInfo’
  748 |     if (!CXXOperatorName.OInfo)
      |                          ^~~~~
/var/llvm-compile-time-tracker/llvm-project/clang/include/clang/AST/DeclarationName.h:751:25: error: ‘const struct clang::DeclarationNameLoc::CXXOpName’ has no member named ‘OInfo’
  751 |         CXXOperatorName.OInfo->BeginOpNameLoc;
      |                         ^~~~~
/var/llvm-compile-time-tracker/llvm-project/clang/include/clang/AST/DeclarationName.h: In member function ‘clang::SourceLocation clang::DeclarationNameLoc::getCXXOperatorNameEndLoc() const’:
/var/llvm-compile-time-tracker/llvm-project/clang/include/clang/AST/DeclarationName.h:756:26: error: ‘const struct clang::DeclarationNameLoc::CXXOpName’ has no member named ‘OInfo’
  756 |     if (!CXXOperatorName.OInfo)
      |                          ^~~~~
/var/llvm-compile-time-tracker/llvm-project/clang/include/clang/AST/DeclarationName.h:758:28: error: ‘const struct clang::DeclarationNameLoc::CXXOpName’ has no member named ‘OInfo’
  758 |     return CXXOperatorName.OInfo->EndOpNameLoc);
      |                            ^~~~~
/var/llvm-compile-time-tracker/llvm-project/clang/include/clang/AST/DeclarationName.h:758:47: error: expected ‘;’ before ‘)’ token
  758 |     return CXXOperatorName.OInfo->EndOpNameLoc);
      |                                               ^
/var/llvm-compile-time-tracker/llvm-project/clang/include/clang/AST/DeclarationName.h:758:47: error: expected primary-expression before ‘)’ token
/var/llvm-compile-time-tracker/llvm-project/clang/include/clang/AST/DeclarationName.h: In static member function ‘static clang::DeclarationNameLoc clang::DeclarationNameLoc::makeCXXOperatorNameLoc(clang::CXXOperatorSourceInfo*)’:
/var/llvm-compile-time-tracker/llvm-project/clang/include/clang/AST/DeclarationName.h:788:25: error: ‘struct clang::DeclarationNameLoc::CXXOpName’ has no member named ‘OInfo’
  788 |     DNL.CXXOperatorName.OInfo = OInfo;
      |                         ^~~~~
[2372/3172] Building CXX object tools/clang/lib/Basic/CMakeFiles/obj.clangBasic.dir/Targets/PPC.cpp.o
[2373/3172] Building CXX object tools/clang/lib/Basic/CMakeFiles/obj.clangBasic.dir/XRayLists.cpp.o
[2374/3172] Building CXX object tools/clang/lib/Basic/CMakeFiles/obj.clangBasic.dir/Warnings.cpp.o
[2375/3172] Building CXX object tools/clang/lib/Basic/CMakeFiles/obj.clangBasic.dir/Targets/WebAssembly.cpp.o
[2376/3172] Building CXX object tools/clang/lib/Basic/CMakeFiles/obj.clangBasic.dir/Attributes.cpp.o
[2377/3172] Building CXX object tools/clang/lib/Basic/CMakeFiles/obj.clangBasic.dir/Targets/RISCV.cpp.o
[2378/3172] Building AArch64GenInstrInfo.inc...
[2379/3172] Building AArch64GenSubtargetInfo.inc...
[2380/3172] Building CXX object tools/clang/lib/Basic/CMakeFiles/obj.clangBasic.dir/Targets/X86.cpp.o
[2381/3172] Building CXX object tools/clang/lib/Basic/CMakeFiles/obj.clangBasic.dir/Targets.cpp.o
ninja: build stopped: subcommand failed.


STDERR:
CMake Deprecation Warning at /var/llvm-compile-time-tracker/llvm-project/clang/CMakeLists.txt:450 (message):
  'CLANG_ENABLE_ARCMT' is deprecated as ARCMigrate has been removed from
  Clang.  Please use 'CLANG_ENABLE_OBJC_REWRITER' instead to enable or
  disable the Objective-C rewriter.


Command exited with non-zero status 1
345.49user 23.10system 0:26.06elapsed 1414%CPU (0avgtext+0avgdata 891528maxresident)k
0inputs+2745248outputs (3459major+12213148minor)pagefaults 0swaps
