MESSAGE: Execution of "sudo -u lctt-runner ./build_llvm_project_stage1.sh" failed

STDOUT:
  130 |       if (Bits[i] != 0)
      |           ~~~~^
/var/llvm-compile-time-tracker/llvm-project/llvm/include/llvm/ADT/SparseBitVector.h:55:11: note: while referencing ‘llvm::SparseBitVectorElement<128>::Bits’
   55 |   BitWord Bits[BITWORDS_PER_ELEMENT];
      |           ^~~~
/var/llvm-compile-time-tracker/llvm-project/llvm/include/llvm/ADT/SparseBitVector.h: In constructor ‘llvm::pdb::NativeEnumInjectedSources::NativeEnumInjectedSources(llvm::pdb::PDBFile&, const llvm::pdb::InjectedSourceStream&, const llvm::pdb::PDBStringTable&)’:
/var/llvm-compile-time-tracker/llvm-project/llvm/include/llvm/ADT/SparseBitVector.h:130:15: warning: array subscript 2 is above array bounds of ‘const BitWord [2]’ {aka ‘const long unsigned int [2]’} [-Warray-bounds]
  130 |       if (Bits[i] != 0)
      |           ~~~~^
/var/llvm-compile-time-tracker/llvm-project/llvm/include/llvm/ADT/SparseBitVector.h:55:11: note: while referencing ‘llvm::SparseBitVectorElement<128>::Bits’
   55 |   BitWord Bits[BITWORDS_PER_ELEMENT];
      |           ^~~~
[1723/2704] Building CXX object lib/DebugInfo/PDB/CMakeFiles/LLVMDebugInfoPDB.dir/Native/NativeEnumLineNumbers.cpp.o
[1724/2704] Building CXX object lib/DebugInfo/PDB/CMakeFiles/LLVMDebugInfoPDB.dir/Native/NativeEnumModules.cpp.o
[1725/2704] Building CXX object lib/DebugInfo/PDB/CMakeFiles/LLVMDebugInfoPDB.dir/Native/NativeEnumTypes.cpp.o
[1726/2704] Building CXX object lib/DebugInfo/PDB/CMakeFiles/LLVMDebugInfoPDB.dir/Native/NativeEnumSymbols.cpp.o
[1727/2704] Building CXX object lib/DebugInfo/PDB/CMakeFiles/LLVMDebugInfoPDB.dir/Native/NativeFunctionSymbol.cpp.o
[1728/2704] Building CXX object lib/DebugInfo/PDB/CMakeFiles/LLVMDebugInfoPDB.dir/Native/NativeLineNumber.cpp.o
[1729/2704] Building CXX object lib/Object/CMakeFiles/LLVMObject.dir/GOFFObjectFile.cpp.o
FAILED: lib/Object/CMakeFiles/LLVMObject.dir/GOFFObjectFile.cpp.o 
CCACHE_CPP2=yes CCACHE_HASHDIR=yes /usr/bin/ccache /usr/bin/c++ -DGTEST_HAS_RTTI=0 -D_GNU_SOURCE -D__STDC_CONSTANT_MACROS -D__STDC_FORMAT_MACROS -D__STDC_LIMIT_MACROS -I/tmp/llvm-project-build-stage1/lib/Object -I/var/llvm-compile-time-tracker/llvm-project/llvm/lib/Object -I/tmp/llvm-project-build-stage1/include -I/var/llvm-compile-time-tracker/llvm-project/llvm/include -fPIC -fno-semantic-interposition -fvisibility-inlines-hidden -Werror=date-time -fno-lifetime-dse -Wall -Wextra -Wno-unused-parameter -Wwrite-strings -Wcast-qual -Wno-missing-field-initializers -pedantic -Wno-long-long -Wimplicit-fallthrough -Wno-uninitialized -Wno-nonnull -Wno-class-memaccess -Wno-redundant-move -Wno-pessimizing-move -Wno-noexcept-type -Wdelete-non-virtual-dtor -Wsuggest-override -Wno-comment -Wno-misleading-indentation -Wctad-maybe-unsupported -fdiagnostics-color -ffunction-sections -fdata-sections -O3 -DNDEBUG  -fno-exceptions -funwind-tables -fno-rtti -std=c++17 -MD -MT lib/Object/CMakeFiles/LLVMObject.dir/GOFFObjectFile.cpp.o -MF lib/Object/CMakeFiles/LLVMObject.dir/GOFFObjectFile.cpp.o.d -o lib/Object/CMakeFiles/LLVMObject.dir/GOFFObjectFile.cpp.o -c /var/llvm-compile-time-tracker/llvm-project/llvm/lib/Object/GOFFObjectFile.cpp
/var/llvm-compile-time-tracker/llvm-project/llvm/lib/Object/GOFFObjectFile.cpp:397:10: error: no declaration matches ‘uint32_t llvm::object::GOFFObjectFile::getSectionDefEsdId(llvm::object::DataRefImpl&) const’
  397 | uint32_t GOFFObjectFile::getSectionDefEsdId(DataRefImpl &Sec) const {
      |          ^~~~~~~~~~~~~~
/var/llvm-compile-time-tracker/llvm-project/llvm/lib/Object/GOFFObjectFile.cpp:397:10: note: no functions named ‘uint32_t llvm::object::GOFFObjectFile::getSectionDefEsdId(llvm::object::DataRefImpl&) const’
In file included from /var/llvm-compile-time-tracker/llvm-project/llvm/lib/Object/GOFFObjectFile.cpp:13:
/var/llvm-compile-time-tracker/llvm-project/llvm/include/llvm/Object/GOFFObjectFile.h:31:7: note: ‘class llvm::object::GOFFObjectFile’ defined here
   31 | class GOFFObjectFile : public ObjectFile {
      |       ^~~~~~~~~~~~~~
/var/llvm-compile-time-tracker/llvm-project/llvm/lib/Object/GOFFObjectFile.cpp:413:6: error: redefinition of ‘void llvm::object::GOFFObjectFile::moveSectionNext(llvm::object::DataRefImpl&) const’
  413 | void GOFFObjectFile::moveSectionNext(DataRefImpl &Sec) const {
      |      ^~~~~~~~~~~~~~
In file included from /var/llvm-compile-time-tracker/llvm-project/llvm/lib/Object/GOFFObjectFile.cpp:13:
/var/llvm-compile-time-tracker/llvm-project/llvm/include/llvm/Object/GOFFObjectFile.h:84:8: note: ‘virtual void llvm::object::GOFFObjectFile::moveSectionNext(llvm::object::DataRefImpl&) const’ previously defined here
   84 |   void moveSectionNext(DataRefImpl &Sec) const override {}
      |        ^~~~~~~~~~~~~~~
/var/llvm-compile-time-tracker/llvm-project/llvm/lib/Object/GOFFObjectFile.cpp:419:21: error: redefinition of ‘llvm::Expected<llvm::StringRef> llvm::object::GOFFObjectFile::getSectionName(llvm::object::DataRefImpl) const’
  419 | Expected<StringRef> GOFFObjectFile::getSectionName(DataRefImpl Sec) const {
      |                     ^~~~~~~~~~~~~~
In file included from /var/llvm-compile-time-tracker/llvm-project/llvm/lib/Object/GOFFObjectFile.cpp:13:
/var/llvm-compile-time-tracker/llvm-project/llvm/include/llvm/Object/GOFFObjectFile.h:85:31: note: ‘virtual llvm::Expected<llvm::StringRef> llvm::object::GOFFObjectFile::getSectionName(llvm::object::DataRefImpl) const’ previously defined here
   85 |   virtual Expected<StringRef> getSectionName(DataRefImpl Sec) const override {
      |                               ^~~~~~~~~~~~~~
/var/llvm-compile-time-tracker/llvm-project/llvm/lib/Object/GOFFObjectFile.cpp:433:10: error: redefinition of ‘uint64_t llvm::object::GOFFObjectFile::getSectionAddress(llvm::object::DataRefImpl) const’
  433 | uint64_t GOFFObjectFile::getSectionAddress(DataRefImpl Sec) const {
      |          ^~~~~~~~~~~~~~
In file included from /var/llvm-compile-time-tracker/llvm-project/llvm/lib/Object/GOFFObjectFile.cpp:13:
/var/llvm-compile-time-tracker/llvm-project/llvm/include/llvm/Object/GOFFObjectFile.h:88:12: note: ‘virtual uint64_t llvm::object::GOFFObjectFile::getSectionAddress(llvm::object::DataRefImpl) const’ previously defined here
   88 |   uint64_t getSectionAddress(DataRefImpl Sec) const override { return 0; }
      |            ^~~~~~~~~~~~~~~~~
/var/llvm-compile-time-tracker/llvm-project/llvm/lib/Object/GOFFObjectFile.cpp:440:10: error: redefinition of ‘uint64_t llvm::object::GOFFObjectFile::getSectionSize(llvm::object::DataRefImpl) const’
  440 | uint64_t GOFFObjectFile::getSectionSize(DataRefImpl Sec) const {
      |          ^~~~~~~~~~~~~~
In file included from /var/llvm-compile-time-tracker/llvm-project/llvm/lib/Object/GOFFObjectFile.cpp:13:
/var/llvm-compile-time-tracker/llvm-project/llvm/include/llvm/Object/GOFFObjectFile.h:89:12: note: ‘virtual uint64_t llvm::object::GOFFObjectFile::getSectionSize(llvm::object::DataRefImpl) const’ previously defined here
   89 |   uint64_t getSectionSize(DataRefImpl Sec) const override { return 0; }
      |            ^~~~~~~~~~~~~~
/var/llvm-compile-time-tracker/llvm-project/llvm/lib/Object/GOFFObjectFile.cpp:452:1: error: redefinition of ‘llvm::Expected<llvm::ArrayRef<unsigned char> > llvm::object::GOFFObjectFile::getSectionContents(llvm::object::DataRefImpl) const’
  452 | GOFFObjectFile::getSectionContents(DataRefImpl Sec) const {
      | ^~~~~~~~~~~~~~
In file included from /var/llvm-compile-time-tracker/llvm-project/llvm/lib/Object/GOFFObjectFile.cpp:13:
/var/llvm-compile-time-tracker/llvm-project/llvm/include/llvm/Object/GOFFObjectFile.h:91:3: note: ‘virtual llvm::Expected<llvm::ArrayRef<unsigned char> > llvm::object::GOFFObjectFile::getSectionContents(llvm::object::DataRefImpl) const’ previously defined here
   91 |   getSectionContents(DataRefImpl Sec) const override {
      |   ^~~~~~~~~~~~~~~~~~
/var/llvm-compile-time-tracker/llvm-project/llvm/lib/Object/GOFFObjectFile.cpp:501:10: error: redefinition of ‘uint64_t llvm::object::GOFFObjectFile::getSectionAlignment(llvm::object::DataRefImpl) const’
  501 | uint64_t GOFFObjectFile::getSectionAlignment(DataRefImpl Sec) const {
      |          ^~~~~~~~~~~~~~
In file included from /var/llvm-compile-time-tracker/llvm-project/llvm/lib/Object/GOFFObjectFile.cpp:13:
/var/llvm-compile-time-tracker/llvm-project/llvm/include/llvm/Object/GOFFObjectFile.h:95:12: note: ‘virtual uint64_t llvm::object::GOFFObjectFile::getSectionAlignment(llvm::object::DataRefImpl) const’ previously defined here
   95 |   uint64_t getSectionAlignment(DataRefImpl Sec) const override { return 0; }
      |            ^~~~~~~~~~~~~~~~~~~
/var/llvm-compile-time-tracker/llvm-project/llvm/lib/Object/GOFFObjectFile.cpp:508:6: error: redefinition of ‘bool llvm::object::GOFFObjectFile::isSectionText(llvm::object::DataRefImpl) const’
  508 | bool GOFFObjectFile::isSectionText(DataRefImpl Sec) const {
      |      ^~~~~~~~~~~~~~
In file included from /var/llvm-compile-time-tracker/llvm-project/llvm/lib/Object/GOFFObjectFile.cpp:13:
/var/llvm-compile-time-tracker/llvm-project/llvm/include/llvm/Object/GOFFObjectFile.h:97:8: note: ‘virtual bool llvm::object::GOFFObjectFile::isSectionText(llvm::object::DataRefImpl) const’ previously defined here
   97 |   bool isSectionText(DataRefImpl Sec) const override { return false; }
      |        ^~~~~~~~~~~~~
/var/llvm-compile-time-tracker/llvm-project/llvm/lib/Object/GOFFObjectFile.cpp:515:6: error: redefinition of ‘bool llvm::object::GOFFObjectFile::isSectionData(llvm::object::DataRefImpl) const’
  515 | bool GOFFObjectFile::isSectionData(DataRefImpl Sec) const {
      |      ^~~~~~~~~~~~~~
In file included from /var/llvm-compile-time-tracker/llvm-project/llvm/lib/Object/GOFFObjectFile.cpp:13:
/var/llvm-compile-time-tracker/llvm-project/llvm/include/llvm/Object/GOFFObjectFile.h:98:8: note: ‘virtual bool llvm::object::GOFFObjectFile::isSectionData(llvm::object::DataRefImpl) const’ previously defined here
   98 |   bool isSectionData(DataRefImpl Sec) const override { return false; }
      |        ^~~~~~~~~~~~~
/var/llvm-compile-time-tracker/llvm-project/llvm/lib/Object/GOFFObjectFile.cpp:522:6: error: no declaration matches ‘bool llvm::object::GOFFObjectFile::isSectionNoLoad(llvm::object::DataRefImpl) const’
  522 | bool GOFFObjectFile::isSectionNoLoad(DataRefImpl Sec) const {
      |      ^~~~~~~~~~~~~~
/var/llvm-compile-time-tracker/llvm-project/llvm/lib/Object/GOFFObjectFile.cpp:522:6: note: no functions named ‘bool llvm::object::GOFFObjectFile::isSectionNoLoad(llvm::object::DataRefImpl) const’
In file included from /var/llvm-compile-time-tracker/llvm-project/llvm/lib/Object/GOFFObjectFile.cpp:13:
/var/llvm-compile-time-tracker/llvm-project/llvm/include/llvm/Object/GOFFObjectFile.h:31:7: note: ‘class llvm::object::GOFFObjectFile’ defined here
   31 | class GOFFObjectFile : public ObjectFile {
      |       ^~~~~~~~~~~~~~
/var/llvm-compile-time-tracker/llvm-project/llvm/lib/Object/GOFFObjectFile.cpp:529:6: error: no declaration matches ‘bool llvm::object::GOFFObjectFile::isSectionReadOnlyData(llvm::object::DataRefImpl) const’
  529 | bool GOFFObjectFile::isSectionReadOnlyData(DataRefImpl Sec) const {
      |      ^~~~~~~~~~~~~~
/var/llvm-compile-time-tracker/llvm-project/llvm/lib/Object/GOFFObjectFile.cpp:529:6: note: no functions named ‘bool llvm::object::GOFFObjectFile::isSectionReadOnlyData(llvm::object::DataRefImpl) const’
In file included from /var/llvm-compile-time-tracker/llvm-project/llvm/lib/Object/GOFFObjectFile.cpp:13:
/var/llvm-compile-time-tracker/llvm-project/llvm/include/llvm/Object/GOFFObjectFile.h:31:7: note: ‘class llvm::object::GOFFObjectFile’ defined here
   31 | class GOFFObjectFile : public ObjectFile {
      |       ^~~~~~~~~~~~~~
/var/llvm-compile-time-tracker/llvm-project/llvm/lib/Object/GOFFObjectFile.cpp:539:6: error: no declaration matches ‘bool llvm::object::GOFFObjectFile::isSectionZeroInit(llvm::object::DataRefImpl) const’
  539 | bool GOFFObjectFile::isSectionZeroInit(DataRefImpl Sec) const {
      |      ^~~~~~~~~~~~~~
/var/llvm-compile-time-tracker/llvm-project/llvm/lib/Object/GOFFObjectFile.cpp:539:6: note: no functions named ‘bool llvm::object::GOFFObjectFile::isSectionZeroInit(llvm::object::DataRefImpl) const’
In file included from /var/llvm-compile-time-tracker/llvm-project/llvm/lib/Object/GOFFObjectFile.cpp:13:
/var/llvm-compile-time-tracker/llvm-project/llvm/include/llvm/Object/GOFFObjectFile.h:31:7: note: ‘class llvm::object::GOFFObjectFile’ defined here
   31 | class GOFFObjectFile : public ObjectFile {
      |       ^~~~~~~~~~~~~~
[1730/2704] Building CXX object lib/DebugInfo/PDB/CMakeFiles/LLVMDebugInfoPDB.dir/Native/NativeInlineSiteSymbol.cpp.o
[1731/2704] Building CXX object lib/DebugInfo/PDB/CMakeFiles/LLVMDebugInfoPDB.dir/Native/NativeExeSymbol.cpp.o
[1732/2704] Building CXX object lib/DebugInfo/PDB/CMakeFiles/LLVMDebugInfoPDB.dir/Native/NativePublicSymbol.cpp.o
[1733/2704] Building CXX object lib/DebugInfo/PDB/CMakeFiles/LLVMDebugInfoPDB.dir/Native/NativeRawSymbol.cpp.o
[1734/2704] Building CXX object lib/Analysis/CMakeFiles/LLVMAnalysis.dir/MemoryDependenceAnalysis.cpp.o
[1735/2704] Building CXX object lib/Transforms/Vectorize/CMakeFiles/LLVMVectorize.dir/LoopVectorize.cpp.o
[1736/2704] Building CXX object lib/Analysis/CMakeFiles/LLVMAnalysis.dir/InstructionSimplify.cpp.o
[1737/2704] Building CXX object lib/Analysis/CMakeFiles/LLVMAnalysis.dir/VectorUtils.cpp.o
[1738/2704] Building CXX object lib/LTO/CMakeFiles/LLVMLTO.dir/LTOModule.cpp.o
[1739/2704] Building CXX object lib/Transforms/IPO/CMakeFiles/LLVMipo.dir/AttributorAttributes.cpp.o
[1740/2704] Building CXX object lib/MC/MCParser/CMakeFiles/LLVMMCParser.dir/AsmParser.cpp.o
[1741/2704] Building CXX object lib/LTO/CMakeFiles/LLVMLTO.dir/LTOCodeGenerator.cpp.o
[1742/2704] Building CXX object lib/LTO/CMakeFiles/LLVMLTO.dir/LTOBackend.cpp.o
[1743/2704] Building CXX object lib/LTO/CMakeFiles/LLVMLTO.dir/ThinLTOCodeGenerator.cpp.o
[1744/2704] Building CXX object lib/LTO/CMakeFiles/LLVMLTO.dir/LTO.cpp.o
[1745/2704] Building CXX object lib/Analysis/CMakeFiles/LLVMAnalysis.dir/ScalarEvolution.cpp.o
[1746/2704] Building CXX object lib/Transforms/Vectorize/CMakeFiles/LLVMVectorize.dir/SLPVectorizer.cpp.o
ninja: build stopped: subcommand failed.


STDERR:
Command exited with non-zero status 1
962.55user 47.34system 1:10.13elapsed 1439%CPU (0avgtext+0avgdata 1086784maxresident)k
0inputs+2454968outputs (8659major+26750142minor)pagefaults 0swaps
