MESSAGE: Execution of "sudo -u lctt-runner ./build_llvm_project_stage1.sh" failed

STDOUT:
FAILED: lib/CodeGen/CMakeFiles/LLVMCodeGen.dir/ReplaceWithVeclib.cpp.o 
CCACHE_CPP2=yes CCACHE_HASHDIR=yes /usr/bin/ccache /usr/bin/c++ -DGTEST_HAS_RTTI=0 -D_GNU_SOURCE -D__STDC_CONSTANT_MACROS -D__STDC_FORMAT_MACROS -D__STDC_LIMIT_MACROS -I/tmp/llvm-project-build-stage1/lib/CodeGen -I/var/llvm-compile-time-tracker/llvm-project/llvm/lib/CodeGen -I/tmp/llvm-project-build-stage1/include -I/var/llvm-compile-time-tracker/llvm-project/llvm/include -fPIC -fno-semantic-interposition -fvisibility-inlines-hidden -Werror=date-time -Wall -Wextra -Wno-unused-parameter -Wwrite-strings -Wcast-qual -Wno-missing-field-initializers -pedantic -Wno-long-long -Wimplicit-fallthrough -Wno-uninitialized -Wno-nonnull -Wno-class-memaccess -Wno-redundant-move -Wno-pessimizing-move -Wno-noexcept-type -Wdelete-non-virtual-dtor -Wsuggest-override -Wno-comment -Wno-misleading-indentation -Wctad-maybe-unsupported -fdiagnostics-color -ffunction-sections -fdata-sections -O3 -DNDEBUG  -fno-exceptions -funwind-tables -fno-rtti -std=c++17 -MD -MT lib/CodeGen/CMakeFiles/LLVMCodeGen.dir/ReplaceWithVeclib.cpp.o -MF lib/CodeGen/CMakeFiles/LLVMCodeGen.dir/ReplaceWithVeclib.cpp.o.d -o lib/CodeGen/CMakeFiles/LLVMCodeGen.dir/ReplaceWithVeclib.cpp.o -c /var/llvm-compile-time-tracker/llvm-project/llvm/lib/CodeGen/ReplaceWithVeclib.cpp
In file included from /var/llvm-compile-time-tracker/llvm-project/llvm/include/llvm/Analysis/LoopAccessAnalysis.h:17,
                 from /var/llvm-compile-time-tracker/llvm-project/llvm/include/llvm/Analysis/VectorUtils.h:18,
                 from /var/llvm-compile-time-tracker/llvm-project/llvm/lib/CodeGen/ReplaceWithVeclib.cpp:22:
/var/llvm-compile-time-tracker/llvm-project/llvm/include/llvm/ADT/EquivalenceClasses.h:184:32: error: ‘iterator2’ has not been declared
  184 |   member_iterator member_begin(iterator2 I) const {
      |                                ^~~~~~~~~
/var/llvm-compile-time-tracker/llvm-project/llvm/include/llvm/ADT/EquivalenceClasses.h: In member function ‘llvm::EquivalenceClasses<ElemTy, Compare>::member_iterator llvm::EquivalenceClasses<ElemTy, Compare>::member_begin(int) const’:
/var/llvm-compile-time-tracker/llvm-project/llvm/include/llvm/ADT/EquivalenceClasses.h:186:28: error: invalid type argument of unary ‘*’ (have ‘int’)
  186 |     return member_iterator(*I);
      |                            ^~
[1232/2955] Building CXX object lib/Transforms/Utils/CMakeFiles/LLVMTransformUtils.dir/InjectTLIMappings.cpp.o
FAILED: lib/Transforms/Utils/CMakeFiles/LLVMTransformUtils.dir/InjectTLIMappings.cpp.o 
CCACHE_CPP2=yes CCACHE_HASHDIR=yes /usr/bin/ccache /usr/bin/c++ -DGTEST_HAS_RTTI=0 -D_GNU_SOURCE -D__STDC_CONSTANT_MACROS -D__STDC_FORMAT_MACROS -D__STDC_LIMIT_MACROS -I/tmp/llvm-project-build-stage1/lib/Transforms/Utils -I/var/llvm-compile-time-tracker/llvm-project/llvm/lib/Transforms/Utils -I/tmp/llvm-project-build-stage1/include -I/var/llvm-compile-time-tracker/llvm-project/llvm/include -fPIC -fno-semantic-interposition -fvisibility-inlines-hidden -Werror=date-time -Wall -Wextra -Wno-unused-parameter -Wwrite-strings -Wcast-qual -Wno-missing-field-initializers -pedantic -Wno-long-long -Wimplicit-fallthrough -Wno-uninitialized -Wno-nonnull -Wno-class-memaccess -Wno-redundant-move -Wno-pessimizing-move -Wno-noexcept-type -Wdelete-non-virtual-dtor -Wsuggest-override -Wno-comment -Wno-misleading-indentation -Wctad-maybe-unsupported -fdiagnostics-color -ffunction-sections -fdata-sections -O3 -DNDEBUG  -fno-exceptions -funwind-tables -fno-rtti -std=c++17 -MD -MT lib/Transforms/Utils/CMakeFiles/LLVMTransformUtils.dir/InjectTLIMappings.cpp.o -MF lib/Transforms/Utils/CMakeFiles/LLVMTransformUtils.dir/InjectTLIMappings.cpp.o.d -o lib/Transforms/Utils/CMakeFiles/LLVMTransformUtils.dir/InjectTLIMappings.cpp.o -c /var/llvm-compile-time-tracker/llvm-project/llvm/lib/Transforms/Utils/InjectTLIMappings.cpp
In file included from /var/llvm-compile-time-tracker/llvm-project/llvm/include/llvm/Analysis/LoopAccessAnalysis.h:17,
                 from /var/llvm-compile-time-tracker/llvm-project/llvm/include/llvm/Analysis/VectorUtils.h:18,
                 from /var/llvm-compile-time-tracker/llvm-project/llvm/lib/Transforms/Utils/InjectTLIMappings.cpp:19:
/var/llvm-compile-time-tracker/llvm-project/llvm/include/llvm/ADT/EquivalenceClasses.h:184:32: error: ‘iterator2’ has not been declared
  184 |   member_iterator member_begin(iterator2 I) const {
      |                                ^~~~~~~~~
/var/llvm-compile-time-tracker/llvm-project/llvm/include/llvm/ADT/EquivalenceClasses.h: In member function ‘llvm::EquivalenceClasses<ElemTy, Compare>::member_iterator llvm::EquivalenceClasses<ElemTy, Compare>::member_begin(int) const’:
/var/llvm-compile-time-tracker/llvm-project/llvm/include/llvm/ADT/EquivalenceClasses.h:186:28: error: invalid type argument of unary ‘*’ (have ‘int’)
  186 |     return member_iterator(*I);
      |                            ^~
[1233/2955] Building CXX object lib/CodeGen/CMakeFiles/LLVMCodeGen.dir/HardwareLoops.cpp.o
FAILED: lib/CodeGen/CMakeFiles/LLVMCodeGen.dir/HardwareLoops.cpp.o 
CCACHE_CPP2=yes CCACHE_HASHDIR=yes /usr/bin/ccache /usr/bin/c++ -DGTEST_HAS_RTTI=0 -D_GNU_SOURCE -D__STDC_CONSTANT_MACROS -D__STDC_FORMAT_MACROS -D__STDC_LIMIT_MACROS -I/tmp/llvm-project-build-stage1/lib/CodeGen -I/var/llvm-compile-time-tracker/llvm-project/llvm/lib/CodeGen -I/tmp/llvm-project-build-stage1/include -I/var/llvm-compile-time-tracker/llvm-project/llvm/include -fPIC -fno-semantic-interposition -fvisibility-inlines-hidden -Werror=date-time -Wall -Wextra -Wno-unused-parameter -Wwrite-strings -Wcast-qual -Wno-missing-field-initializers -pedantic -Wno-long-long -Wimplicit-fallthrough -Wno-uninitialized -Wno-nonnull -Wno-class-memaccess -Wno-redundant-move -Wno-pessimizing-move -Wno-noexcept-type -Wdelete-non-virtual-dtor -Wsuggest-override -Wno-comment -Wno-misleading-indentation -Wctad-maybe-unsupported -fdiagnostics-color -ffunction-sections -fdata-sections -O3 -DNDEBUG  -fno-exceptions -funwind-tables -fno-rtti -std=c++17 -MD -MT lib/CodeGen/CMakeFiles/LLVMCodeGen.dir/HardwareLoops.cpp.o -MF lib/CodeGen/CMakeFiles/LLVMCodeGen.dir/HardwareLoops.cpp.o.d -o lib/CodeGen/CMakeFiles/LLVMCodeGen.dir/HardwareLoops.cpp.o -c /var/llvm-compile-time-tracker/llvm-project/llvm/lib/CodeGen/HardwareLoops.cpp
In file included from /var/llvm-compile-time-tracker/llvm-project/llvm/include/llvm/Analysis/LoopAccessAnalysis.h:17,
                 from /var/llvm-compile-time-tracker/llvm-project/llvm/include/llvm/Transforms/Utils/LoopUtils.h:17,
                 from /var/llvm-compile-time-tracker/llvm-project/llvm/lib/CodeGen/HardwareLoops.cpp:42:
/var/llvm-compile-time-tracker/llvm-project/llvm/include/llvm/ADT/EquivalenceClasses.h:184:32: error: ‘iterator2’ has not been declared
  184 |   member_iterator member_begin(iterator2 I) const {
      |                                ^~~~~~~~~
/var/llvm-compile-time-tracker/llvm-project/llvm/include/llvm/ADT/EquivalenceClasses.h: In member function ‘llvm::EquivalenceClasses<ElemTy, Compare>::member_iterator llvm::EquivalenceClasses<ElemTy, Compare>::member_begin(int) const’:
/var/llvm-compile-time-tracker/llvm-project/llvm/include/llvm/ADT/EquivalenceClasses.h:186:28: error: invalid type argument of unary ‘*’ (have ‘int’)
  186 |     return member_iterator(*I);
      |                            ^~
[1234/2955] Building CXX object lib/CodeGen/SelectionDAG/CMakeFiles/LLVMSelectionDAG.dir/LegalizeVectorOps.cpp.o
FAILED: lib/CodeGen/SelectionDAG/CMakeFiles/LLVMSelectionDAG.dir/LegalizeVectorOps.cpp.o 
CCACHE_CPP2=yes CCACHE_HASHDIR=yes /usr/bin/ccache /usr/bin/c++ -DGTEST_HAS_RTTI=0 -D_GNU_SOURCE -D__STDC_CONSTANT_MACROS -D__STDC_FORMAT_MACROS -D__STDC_LIMIT_MACROS -I/tmp/llvm-project-build-stage1/lib/CodeGen/SelectionDAG -I/var/llvm-compile-time-tracker/llvm-project/llvm/lib/CodeGen/SelectionDAG -I/tmp/llvm-project-build-stage1/include -I/var/llvm-compile-time-tracker/llvm-project/llvm/include -fPIC -fno-semantic-interposition -fvisibility-inlines-hidden -Werror=date-time -Wall -Wextra -Wno-unused-parameter -Wwrite-strings -Wcast-qual -Wno-missing-field-initializers -pedantic -Wno-long-long -Wimplicit-fallthrough -Wno-uninitialized -Wno-nonnull -Wno-class-memaccess -Wno-redundant-move -Wno-pessimizing-move -Wno-noexcept-type -Wdelete-non-virtual-dtor -Wsuggest-override -Wno-comment -Wno-misleading-indentation -Wctad-maybe-unsupported -fdiagnostics-color -ffunction-sections -fdata-sections -O3 -DNDEBUG  -fno-exceptions -funwind-tables -fno-rtti -std=c++17 -MD -MT lib/CodeGen/SelectionDAG/CMakeFiles/LLVMSelectionDAG.dir/LegalizeVectorOps.cpp.o -MF lib/CodeGen/SelectionDAG/CMakeFiles/LLVMSelectionDAG.dir/LegalizeVectorOps.cpp.o.d -o lib/CodeGen/SelectionDAG/CMakeFiles/LLVMSelectionDAG.dir/LegalizeVectorOps.cpp.o -c /var/llvm-compile-time-tracker/llvm-project/llvm/lib/CodeGen/SelectionDAG/LegalizeVectorOps.cpp
In file included from /var/llvm-compile-time-tracker/llvm-project/llvm/include/llvm/Analysis/LoopAccessAnalysis.h:17,
                 from /var/llvm-compile-time-tracker/llvm-project/llvm/include/llvm/Analysis/VectorUtils.h:18,
                 from /var/llvm-compile-time-tracker/llvm-project/llvm/lib/CodeGen/SelectionDAG/LegalizeVectorOps.cpp:32:
/var/llvm-compile-time-tracker/llvm-project/llvm/include/llvm/ADT/EquivalenceClasses.h:184:32: error: ‘iterator2’ has not been declared
  184 |   member_iterator member_begin(iterator2 I) const {
      |                                ^~~~~~~~~
/var/llvm-compile-time-tracker/llvm-project/llvm/include/llvm/ADT/EquivalenceClasses.h: In member function ‘llvm::EquivalenceClasses<ElemTy, Compare>::member_iterator llvm::EquivalenceClasses<ElemTy, Compare>::member_begin(int) const’:
/var/llvm-compile-time-tracker/llvm-project/llvm/include/llvm/ADT/EquivalenceClasses.h:186:28: error: invalid type argument of unary ‘*’ (have ‘int’)
  186 |     return member_iterator(*I);
      |                            ^~
[1235/2955] Building CXX object lib/CodeGen/SelectionDAG/CMakeFiles/LLVMSelectionDAG.dir/LegalizeVectorTypes.cpp.o
FAILED: lib/CodeGen/SelectionDAG/CMakeFiles/LLVMSelectionDAG.dir/LegalizeVectorTypes.cpp.o 
CCACHE_CPP2=yes CCACHE_HASHDIR=yes /usr/bin/ccache /usr/bin/c++ -DGTEST_HAS_RTTI=0 -D_GNU_SOURCE -D__STDC_CONSTANT_MACROS -D__STDC_FORMAT_MACROS -D__STDC_LIMIT_MACROS -I/tmp/llvm-project-build-stage1/lib/CodeGen/SelectionDAG -I/var/llvm-compile-time-tracker/llvm-project/llvm/lib/CodeGen/SelectionDAG -I/tmp/llvm-project-build-stage1/include -I/var/llvm-compile-time-tracker/llvm-project/llvm/include -fPIC -fno-semantic-interposition -fvisibility-inlines-hidden -Werror=date-time -Wall -Wextra -Wno-unused-parameter -Wwrite-strings -Wcast-qual -Wno-missing-field-initializers -pedantic -Wno-long-long -Wimplicit-fallthrough -Wno-uninitialized -Wno-nonnull -Wno-class-memaccess -Wno-redundant-move -Wno-pessimizing-move -Wno-noexcept-type -Wdelete-non-virtual-dtor -Wsuggest-override -Wno-comment -Wno-misleading-indentation -Wctad-maybe-unsupported -fdiagnostics-color -ffunction-sections -fdata-sections -O3 -DNDEBUG  -fno-exceptions -funwind-tables -fno-rtti -std=c++17 -MD -MT lib/CodeGen/SelectionDAG/CMakeFiles/LLVMSelectionDAG.dir/LegalizeVectorTypes.cpp.o -MF lib/CodeGen/SelectionDAG/CMakeFiles/LLVMSelectionDAG.dir/LegalizeVectorTypes.cpp.o.d -o lib/CodeGen/SelectionDAG/CMakeFiles/LLVMSelectionDAG.dir/LegalizeVectorTypes.cpp.o -c /var/llvm-compile-time-tracker/llvm-project/llvm/lib/CodeGen/SelectionDAG/LegalizeVectorTypes.cpp
In file included from /var/llvm-compile-time-tracker/llvm-project/llvm/include/llvm/Analysis/LoopAccessAnalysis.h:17,
                 from /var/llvm-compile-time-tracker/llvm-project/llvm/include/llvm/Analysis/VectorUtils.h:18,
                 from /var/llvm-compile-time-tracker/llvm-project/llvm/lib/CodeGen/SelectionDAG/LegalizeVectorTypes.cpp:25:
/var/llvm-compile-time-tracker/llvm-project/llvm/include/llvm/ADT/EquivalenceClasses.h:184:32: error: ‘iterator2’ has not been declared
  184 |   member_iterator member_begin(iterator2 I) const {
      |                                ^~~~~~~~~
/var/llvm-compile-time-tracker/llvm-project/llvm/include/llvm/ADT/EquivalenceClasses.h: In member function ‘llvm::EquivalenceClasses<ElemTy, Compare>::member_iterator llvm::EquivalenceClasses<ElemTy, Compare>::member_begin(int) const’:
/var/llvm-compile-time-tracker/llvm-project/llvm/include/llvm/ADT/EquivalenceClasses.h:186:28: error: invalid type argument of unary ‘*’ (have ‘int’)
  186 |     return member_iterator(*I);
      |                            ^~
[1236/2955] Building CXX object lib/Transforms/Utils/CMakeFiles/LLVMTransformUtils.dir/LCSSA.cpp.o
FAILED: lib/Transforms/Utils/CMakeFiles/LLVMTransformUtils.dir/LCSSA.cpp.o 
CCACHE_CPP2=yes CCACHE_HASHDIR=yes /usr/bin/ccache /usr/bin/c++ -DGTEST_HAS_RTTI=0 -D_GNU_SOURCE -D__STDC_CONSTANT_MACROS -D__STDC_FORMAT_MACROS -D__STDC_LIMIT_MACROS -I/tmp/llvm-project-build-stage1/lib/Transforms/Utils -I/var/llvm-compile-time-tracker/llvm-project/llvm/lib/Transforms/Utils -I/tmp/llvm-project-build-stage1/include -I/var/llvm-compile-time-tracker/llvm-project/llvm/include -fPIC -fno-semantic-interposition -fvisibility-inlines-hidden -Werror=date-time -Wall -Wextra -Wno-unused-parameter -Wwrite-strings -Wcast-qual -Wno-missing-field-initializers -pedantic -Wno-long-long -Wimplicit-fallthrough -Wno-uninitialized -Wno-nonnull -Wno-class-memaccess -Wno-redundant-move -Wno-pessimizing-move -Wno-noexcept-type -Wdelete-non-virtual-dtor -Wsuggest-override -Wno-comment -Wno-misleading-indentation -Wctad-maybe-unsupported -fdiagnostics-color -ffunction-sections -fdata-sections -O3 -DNDEBUG  -fno-exceptions -funwind-tables -fno-rtti -std=c++17 -MD -MT lib/Transforms/Utils/CMakeFiles/LLVMTransformUtils.dir/LCSSA.cpp.o -MF lib/Transforms/Utils/CMakeFiles/LLVMTransformUtils.dir/LCSSA.cpp.o.d -o lib/Transforms/Utils/CMakeFiles/LLVMTransformUtils.dir/LCSSA.cpp.o -c /var/llvm-compile-time-tracker/llvm-project/llvm/lib/Transforms/Utils/LCSSA.cpp
In file included from /var/llvm-compile-time-tracker/llvm-project/llvm/include/llvm/Analysis/LoopAccessAnalysis.h:17,
                 from /var/llvm-compile-time-tracker/llvm-project/llvm/include/llvm/Transforms/Utils/LoopUtils.h:17,
                 from /var/llvm-compile-time-tracker/llvm-project/llvm/lib/Transforms/Utils/LCSSA.cpp:50:
/var/llvm-compile-time-tracker/llvm-project/llvm/include/llvm/ADT/EquivalenceClasses.h:184:32: error: ‘iterator2’ has not been declared
  184 |   member_iterator member_begin(iterator2 I) const {
      |                                ^~~~~~~~~
/var/llvm-compile-time-tracker/llvm-project/llvm/include/llvm/ADT/EquivalenceClasses.h: In member function ‘llvm::EquivalenceClasses<ElemTy, Compare>::member_iterator llvm::EquivalenceClasses<ElemTy, Compare>::member_begin(int) const’:
/var/llvm-compile-time-tracker/llvm-project/llvm/include/llvm/ADT/EquivalenceClasses.h:186:28: error: invalid type argument of unary ‘*’ (have ‘int’)
  186 |     return member_iterator(*I);
      |                            ^~
[1237/2955] Building CXX object lib/CodeGen/SelectionDAG/CMakeFiles/LLVMSelectionDAG.dir/TargetLowering.cpp.o
FAILED: lib/CodeGen/SelectionDAG/CMakeFiles/LLVMSelectionDAG.dir/TargetLowering.cpp.o 
CCACHE_CPP2=yes CCACHE_HASHDIR=yes /usr/bin/ccache /usr/bin/c++ -DGTEST_HAS_RTTI=0 -D_GNU_SOURCE -D__STDC_CONSTANT_MACROS -D__STDC_FORMAT_MACROS -D__STDC_LIMIT_MACROS -I/tmp/llvm-project-build-stage1/lib/CodeGen/SelectionDAG -I/var/llvm-compile-time-tracker/llvm-project/llvm/lib/CodeGen/SelectionDAG -I/tmp/llvm-project-build-stage1/include -I/var/llvm-compile-time-tracker/llvm-project/llvm/include -fPIC -fno-semantic-interposition -fvisibility-inlines-hidden -Werror=date-time -Wall -Wextra -Wno-unused-parameter -Wwrite-strings -Wcast-qual -Wno-missing-field-initializers -pedantic -Wno-long-long -Wimplicit-fallthrough -Wno-uninitialized -Wno-nonnull -Wno-class-memaccess -Wno-redundant-move -Wno-pessimizing-move -Wno-noexcept-type -Wdelete-non-virtual-dtor -Wsuggest-override -Wno-comment -Wno-misleading-indentation -Wctad-maybe-unsupported -fdiagnostics-color -ffunction-sections -fdata-sections -O3 -DNDEBUG  -fno-exceptions -funwind-tables -fno-rtti -std=c++17 -MD -MT lib/CodeGen/SelectionDAG/CMakeFiles/LLVMSelectionDAG.dir/TargetLowering.cpp.o -MF lib/CodeGen/SelectionDAG/CMakeFiles/LLVMSelectionDAG.dir/TargetLowering.cpp.o.d -o lib/CodeGen/SelectionDAG/CMakeFiles/LLVMSelectionDAG.dir/TargetLowering.cpp.o -c /var/llvm-compile-time-tracker/llvm-project/llvm/lib/CodeGen/SelectionDAG/TargetLowering.cpp
In file included from /var/llvm-compile-time-tracker/llvm-project/llvm/include/llvm/Analysis/LoopAccessAnalysis.h:17,
                 from /var/llvm-compile-time-tracker/llvm-project/llvm/include/llvm/Analysis/VectorUtils.h:18,
                 from /var/llvm-compile-time-tracker/llvm-project/llvm/lib/CodeGen/SelectionDAG/TargetLowering.cpp:16:
/var/llvm-compile-time-tracker/llvm-project/llvm/include/llvm/ADT/EquivalenceClasses.h:184:32: error: ‘iterator2’ has not been declared
  184 |   member_iterator member_begin(iterator2 I) const {
      |                                ^~~~~~~~~
/var/llvm-compile-time-tracker/llvm-project/llvm/include/llvm/ADT/EquivalenceClasses.h: In member function ‘llvm::EquivalenceClasses<ElemTy, Compare>::member_iterator llvm::EquivalenceClasses<ElemTy, Compare>::member_begin(int) const’:
/var/llvm-compile-time-tracker/llvm-project/llvm/include/llvm/ADT/EquivalenceClasses.h:186:28: error: invalid type argument of unary ‘*’ (have ‘int’)
  186 |     return member_iterator(*I);
      |                            ^~
[1238/2955] Building CXX object lib/CodeGen/CMakeFiles/LLVMCodeGen.dir/BasicTargetTransformInfo.cpp.o
FAILED: lib/CodeGen/CMakeFiles/LLVMCodeGen.dir/BasicTargetTransformInfo.cpp.o 
CCACHE_CPP2=yes CCACHE_HASHDIR=yes /usr/bin/ccache /usr/bin/c++ -DGTEST_HAS_RTTI=0 -D_GNU_SOURCE -D__STDC_CONSTANT_MACROS -D__STDC_FORMAT_MACROS -D__STDC_LIMIT_MACROS -I/tmp/llvm-project-build-stage1/lib/CodeGen -I/var/llvm-compile-time-tracker/llvm-project/llvm/lib/CodeGen -I/tmp/llvm-project-build-stage1/include -I/var/llvm-compile-time-tracker/llvm-project/llvm/include -fPIC -fno-semantic-interposition -fvisibility-inlines-hidden -Werror=date-time -Wall -Wextra -Wno-unused-parameter -Wwrite-strings -Wcast-qual -Wno-missing-field-initializers -pedantic -Wno-long-long -Wimplicit-fallthrough -Wno-uninitialized -Wno-nonnull -Wno-class-memaccess -Wno-redundant-move -Wno-pessimizing-move -Wno-noexcept-type -Wdelete-non-virtual-dtor -Wsuggest-override -Wno-comment -Wno-misleading-indentation -Wctad-maybe-unsupported -fdiagnostics-color -ffunction-sections -fdata-sections -O3 -DNDEBUG  -fno-exceptions -funwind-tables -fno-rtti -std=c++17 -MD -MT lib/CodeGen/CMakeFiles/LLVMCodeGen.dir/BasicTargetTransformInfo.cpp.o -MF lib/CodeGen/CMakeFiles/LLVMCodeGen.dir/BasicTargetTransformInfo.cpp.o.d -o lib/CodeGen/CMakeFiles/LLVMCodeGen.dir/BasicTargetTransformInfo.cpp.o -c /var/llvm-compile-time-tracker/llvm-project/llvm/lib/CodeGen/BasicTargetTransformInfo.cpp
In file included from /var/llvm-compile-time-tracker/llvm-project/llvm/include/llvm/Analysis/LoopAccessAnalysis.h:17,
                 from /var/llvm-compile-time-tracker/llvm-project/llvm/include/llvm/Analysis/VectorUtils.h:18,
                 from /var/llvm-compile-time-tracker/llvm-project/llvm/include/llvm/Analysis/TargetTransformInfoImpl.h:19,
                 from /var/llvm-compile-time-tracker/llvm-project/llvm/include/llvm/CodeGen/BasicTTIImpl.h:27,
                 from /var/llvm-compile-time-tracker/llvm-project/llvm/lib/CodeGen/BasicTargetTransformInfo.cpp:17:
/var/llvm-compile-time-tracker/llvm-project/llvm/include/llvm/ADT/EquivalenceClasses.h:184:32: error: ‘iterator2’ has not been declared
  184 |   member_iterator member_begin(iterator2 I) const {
      |                                ^~~~~~~~~
/var/llvm-compile-time-tracker/llvm-project/llvm/include/llvm/ADT/EquivalenceClasses.h: In member function ‘llvm::EquivalenceClasses<ElemTy, Compare>::member_iterator llvm::EquivalenceClasses<ElemTy, Compare>::member_begin(int) const’:
/var/llvm-compile-time-tracker/llvm-project/llvm/include/llvm/ADT/EquivalenceClasses.h:186:28: error: invalid type argument of unary ‘*’ (have ‘int’)
  186 |     return member_iterator(*I);
      |                            ^~
[1239/2955] Building CXX object lib/Transforms/Utils/CMakeFiles/LLVMTransformUtils.dir/InlineFunction.cpp.o
FAILED: lib/Transforms/Utils/CMakeFiles/LLVMTransformUtils.dir/InlineFunction.cpp.o 
CCACHE_CPP2=yes CCACHE_HASHDIR=yes /usr/bin/ccache /usr/bin/c++ -DGTEST_HAS_RTTI=0 -D_GNU_SOURCE -D__STDC_CONSTANT_MACROS -D__STDC_FORMAT_MACROS -D__STDC_LIMIT_MACROS -I/tmp/llvm-project-build-stage1/lib/Transforms/Utils -I/var/llvm-compile-time-tracker/llvm-project/llvm/lib/Transforms/Utils -I/tmp/llvm-project-build-stage1/include -I/var/llvm-compile-time-tracker/llvm-project/llvm/include -fPIC -fno-semantic-interposition -fvisibility-inlines-hidden -Werror=date-time -Wall -Wextra -Wno-unused-parameter -Wwrite-strings -Wcast-qual -Wno-missing-field-initializers -pedantic -Wno-long-long -Wimplicit-fallthrough -Wno-uninitialized -Wno-nonnull -Wno-class-memaccess -Wno-redundant-move -Wno-pessimizing-move -Wno-noexcept-type -Wdelete-non-virtual-dtor -Wsuggest-override -Wno-comment -Wno-misleading-indentation -Wctad-maybe-unsupported -fdiagnostics-color -ffunction-sections -fdata-sections -O3 -DNDEBUG  -fno-exceptions -funwind-tables -fno-rtti -std=c++17 -MD -MT lib/Transforms/Utils/CMakeFiles/LLVMTransformUtils.dir/InlineFunction.cpp.o -MF lib/Transforms/Utils/CMakeFiles/LLVMTransformUtils.dir/InlineFunction.cpp.o.d -o lib/Transforms/Utils/CMakeFiles/LLVMTransformUtils.dir/InlineFunction.cpp.o -c /var/llvm-compile-time-tracker/llvm-project/llvm/lib/Transforms/Utils/InlineFunction.cpp
In file included from /var/llvm-compile-time-tracker/llvm-project/llvm/include/llvm/Analysis/LoopAccessAnalysis.h:17,
                 from /var/llvm-compile-time-tracker/llvm-project/llvm/include/llvm/Analysis/VectorUtils.h:18,
                 from /var/llvm-compile-time-tracker/llvm-project/llvm/lib/Transforms/Utils/InlineFunction.cpp:34:
/var/llvm-compile-time-tracker/llvm-project/llvm/include/llvm/ADT/EquivalenceClasses.h:184:32: error: ‘iterator2’ has not been declared
  184 |   member_iterator member_begin(iterator2 I) const {
      |                                ^~~~~~~~~
/var/llvm-compile-time-tracker/llvm-project/llvm/include/llvm/ADT/EquivalenceClasses.h: In member function ‘llvm::EquivalenceClasses<ElemTy, Compare>::member_iterator llvm::EquivalenceClasses<ElemTy, Compare>::member_begin(int) const’:
/var/llvm-compile-time-tracker/llvm-project/llvm/include/llvm/ADT/EquivalenceClasses.h:186:28: error: invalid type argument of unary ‘*’ (have ‘int’)
  186 |     return member_iterator(*I);
      |                            ^~
[1240/2955] Building CXX object lib/CodeGen/SelectionDAG/CMakeFiles/LLVMSelectionDAG.dir/SelectionDAG.cpp.o
FAILED: lib/CodeGen/SelectionDAG/CMakeFiles/LLVMSelectionDAG.dir/SelectionDAG.cpp.o 
CCACHE_CPP2=yes CCACHE_HASHDIR=yes /usr/bin/ccache /usr/bin/c++ -DGTEST_HAS_RTTI=0 -D_GNU_SOURCE -D__STDC_CONSTANT_MACROS -D__STDC_FORMAT_MACROS -D__STDC_LIMIT_MACROS -I/tmp/llvm-project-build-stage1/lib/CodeGen/SelectionDAG -I/var/llvm-compile-time-tracker/llvm-project/llvm/lib/CodeGen/SelectionDAG -I/tmp/llvm-project-build-stage1/include -I/var/llvm-compile-time-tracker/llvm-project/llvm/include -fPIC -fno-semantic-interposition -fvisibility-inlines-hidden -Werror=date-time -Wall -Wextra -Wno-unused-parameter -Wwrite-strings -Wcast-qual -Wno-missing-field-initializers -pedantic -Wno-long-long -Wimplicit-fallthrough -Wno-uninitialized -Wno-nonnull -Wno-class-memaccess -Wno-redundant-move -Wno-pessimizing-move -Wno-noexcept-type -Wdelete-non-virtual-dtor -Wsuggest-override -Wno-comment -Wno-misleading-indentation -Wctad-maybe-unsupported -fdiagnostics-color -ffunction-sections -fdata-sections -O3 -DNDEBUG  -fno-exceptions -funwind-tables -fno-rtti -std=c++17 -MD -MT lib/CodeGen/SelectionDAG/CMakeFiles/LLVMSelectionDAG.dir/SelectionDAG.cpp.o -MF lib/CodeGen/SelectionDAG/CMakeFiles/LLVMSelectionDAG.dir/SelectionDAG.cpp.o.d -o lib/CodeGen/SelectionDAG/CMakeFiles/LLVMSelectionDAG.dir/SelectionDAG.cpp.o -c /var/llvm-compile-time-tracker/llvm-project/llvm/lib/CodeGen/SelectionDAG/SelectionDAG.cpp
In file included from /var/llvm-compile-time-tracker/llvm-project/llvm/include/llvm/Analysis/LoopAccessAnalysis.h:17,
                 from /var/llvm-compile-time-tracker/llvm-project/llvm/include/llvm/Analysis/VectorUtils.h:18,
                 from /var/llvm-compile-time-tracker/llvm-project/llvm/lib/CodeGen/SelectionDAG/SelectionDAG.cpp:30:
/var/llvm-compile-time-tracker/llvm-project/llvm/include/llvm/ADT/EquivalenceClasses.h:184:32: error: ‘iterator2’ has not been declared
  184 |   member_iterator member_begin(iterator2 I) const {
      |                                ^~~~~~~~~
/var/llvm-compile-time-tracker/llvm-project/llvm/include/llvm/ADT/EquivalenceClasses.h: In member function ‘llvm::EquivalenceClasses<ElemTy, Compare>::member_iterator llvm::EquivalenceClasses<ElemTy, Compare>::member_begin(int) const’:
/var/llvm-compile-time-tracker/llvm-project/llvm/include/llvm/ADT/EquivalenceClasses.h:186:28: error: invalid type argument of unary ‘*’ (have ‘int’)
  186 |     return member_iterator(*I);
      |                            ^~
[1241/2955] Building CXX object lib/CodeGen/CMakeFiles/LLVMCodeGen.dir/CodeGenTargetMachineImpl.cpp.o
FAILED: lib/CodeGen/CMakeFiles/LLVMCodeGen.dir/CodeGenTargetMachineImpl.cpp.o 
CCACHE_CPP2=yes CCACHE_HASHDIR=yes /usr/bin/ccache /usr/bin/c++ -DGTEST_HAS_RTTI=0 -D_GNU_SOURCE -D__STDC_CONSTANT_MACROS -D__STDC_FORMAT_MACROS -D__STDC_LIMIT_MACROS -I/tmp/llvm-project-build-stage1/lib/CodeGen -I/var/llvm-compile-time-tracker/llvm-project/llvm/lib/CodeGen -I/tmp/llvm-project-build-stage1/include -I/var/llvm-compile-time-tracker/llvm-project/llvm/include -fPIC -fno-semantic-interposition -fvisibility-inlines-hidden -Werror=date-time -Wall -Wextra -Wno-unused-parameter -Wwrite-strings -Wcast-qual -Wno-missing-field-initializers -pedantic -Wno-long-long -Wimplicit-fallthrough -Wno-uninitialized -Wno-nonnull -Wno-class-memaccess -Wno-redundant-move -Wno-pessimizing-move -Wno-noexcept-type -Wdelete-non-virtual-dtor -Wsuggest-override -Wno-comment -Wno-misleading-indentation -Wctad-maybe-unsupported -fdiagnostics-color -ffunction-sections -fdata-sections -O3 -DNDEBUG  -fno-exceptions -funwind-tables -fno-rtti -std=c++17 -MD -MT lib/CodeGen/CMakeFiles/LLVMCodeGen.dir/CodeGenTargetMachineImpl.cpp.o -MF lib/CodeGen/CMakeFiles/LLVMCodeGen.dir/CodeGenTargetMachineImpl.cpp.o.d -o lib/CodeGen/CMakeFiles/LLVMCodeGen.dir/CodeGenTargetMachineImpl.cpp.o -c /var/llvm-compile-time-tracker/llvm-project/llvm/lib/CodeGen/CodeGenTargetMachineImpl.cpp
In file included from /var/llvm-compile-time-tracker/llvm-project/llvm/include/llvm/Analysis/LoopAccessAnalysis.h:17,
                 from /var/llvm-compile-time-tracker/llvm-project/llvm/include/llvm/Analysis/VectorUtils.h:18,
                 from /var/llvm-compile-time-tracker/llvm-project/llvm/include/llvm/Analysis/TargetTransformInfoImpl.h:19,
                 from /var/llvm-compile-time-tracker/llvm-project/llvm/include/llvm/CodeGen/BasicTTIImpl.h:27,
                 from /var/llvm-compile-time-tracker/llvm-project/llvm/lib/CodeGen/CodeGenTargetMachineImpl.cpp:15:
/var/llvm-compile-time-tracker/llvm-project/llvm/include/llvm/ADT/EquivalenceClasses.h:184:32: error: ‘iterator2’ has not been declared
  184 |   member_iterator member_begin(iterator2 I) const {
      |                                ^~~~~~~~~
/var/llvm-compile-time-tracker/llvm-project/llvm/include/llvm/ADT/EquivalenceClasses.h: In member function ‘llvm::EquivalenceClasses<ElemTy, Compare>::member_iterator llvm::EquivalenceClasses<ElemTy, Compare>::member_begin(int) const’:
/var/llvm-compile-time-tracker/llvm-project/llvm/include/llvm/ADT/EquivalenceClasses.h:186:28: error: invalid type argument of unary ‘*’ (have ‘int’)
  186 |     return member_iterator(*I);
      |                            ^~
[1242/2955] Building CXX object lib/CodeGen/SelectionDAG/CMakeFiles/LLVMSelectionDAG.dir/DAGCombiner.cpp.o
FAILED: lib/CodeGen/SelectionDAG/CMakeFiles/LLVMSelectionDAG.dir/DAGCombiner.cpp.o 
CCACHE_CPP2=yes CCACHE_HASHDIR=yes /usr/bin/ccache /usr/bin/c++ -DGTEST_HAS_RTTI=0 -D_GNU_SOURCE -D__STDC_CONSTANT_MACROS -D__STDC_FORMAT_MACROS -D__STDC_LIMIT_MACROS -I/tmp/llvm-project-build-stage1/lib/CodeGen/SelectionDAG -I/var/llvm-compile-time-tracker/llvm-project/llvm/lib/CodeGen/SelectionDAG -I/tmp/llvm-project-build-stage1/include -I/var/llvm-compile-time-tracker/llvm-project/llvm/include -fPIC -fno-semantic-interposition -fvisibility-inlines-hidden -Werror=date-time -Wall -Wextra -Wno-unused-parameter -Wwrite-strings -Wcast-qual -Wno-missing-field-initializers -pedantic -Wno-long-long -Wimplicit-fallthrough -Wno-uninitialized -Wno-nonnull -Wno-class-memaccess -Wno-redundant-move -Wno-pessimizing-move -Wno-noexcept-type -Wdelete-non-virtual-dtor -Wsuggest-override -Wno-comment -Wno-misleading-indentation -Wctad-maybe-unsupported -fdiagnostics-color -ffunction-sections -fdata-sections -O3 -DNDEBUG  -fno-exceptions -funwind-tables -fno-rtti -std=c++17 -MD -MT lib/CodeGen/SelectionDAG/CMakeFiles/LLVMSelectionDAG.dir/DAGCombiner.cpp.o -MF lib/CodeGen/SelectionDAG/CMakeFiles/LLVMSelectionDAG.dir/DAGCombiner.cpp.o.d -o lib/CodeGen/SelectionDAG/CMakeFiles/LLVMSelectionDAG.dir/DAGCombiner.cpp.o -c /var/llvm-compile-time-tracker/llvm-project/llvm/lib/CodeGen/SelectionDAG/DAGCombiner.cpp
In file included from /var/llvm-compile-time-tracker/llvm-project/llvm/include/llvm/Analysis/LoopAccessAnalysis.h:17,
                 from /var/llvm-compile-time-tracker/llvm-project/llvm/include/llvm/Analysis/VectorUtils.h:18,
                 from /var/llvm-compile-time-tracker/llvm-project/llvm/lib/CodeGen/SelectionDAG/DAGCombiner.cpp:34:
/var/llvm-compile-time-tracker/llvm-project/llvm/include/llvm/ADT/EquivalenceClasses.h:184:32: error: ‘iterator2’ has not been declared
  184 |   member_iterator member_begin(iterator2 I) const {
      |                                ^~~~~~~~~
/var/llvm-compile-time-tracker/llvm-project/llvm/include/llvm/ADT/EquivalenceClasses.h: In member function ‘llvm::EquivalenceClasses<ElemTy, Compare>::member_iterator llvm::EquivalenceClasses<ElemTy, Compare>::member_begin(int) const’:
/var/llvm-compile-time-tracker/llvm-project/llvm/include/llvm/ADT/EquivalenceClasses.h:186:28: error: invalid type argument of unary ‘*’ (have ‘int’)
  186 |     return member_iterator(*I);
      |                            ^~
[1243/2955] Building CXX object lib/CodeGen/CMakeFiles/LLVMCodeGen.dir/CodeGenPrepare.cpp.o
FAILED: lib/CodeGen/CMakeFiles/LLVMCodeGen.dir/CodeGenPrepare.cpp.o 
CCACHE_CPP2=yes CCACHE_HASHDIR=yes /usr/bin/ccache /usr/bin/c++ -DGTEST_HAS_RTTI=0 -D_GNU_SOURCE -D__STDC_CONSTANT_MACROS -D__STDC_FORMAT_MACROS -D__STDC_LIMIT_MACROS -I/tmp/llvm-project-build-stage1/lib/CodeGen -I/var/llvm-compile-time-tracker/llvm-project/llvm/lib/CodeGen -I/tmp/llvm-project-build-stage1/include -I/var/llvm-compile-time-tracker/llvm-project/llvm/include -fPIC -fno-semantic-interposition -fvisibility-inlines-hidden -Werror=date-time -Wall -Wextra -Wno-unused-parameter -Wwrite-strings -Wcast-qual -Wno-missing-field-initializers -pedantic -Wno-long-long -Wimplicit-fallthrough -Wno-uninitialized -Wno-nonnull -Wno-class-memaccess -Wno-redundant-move -Wno-pessimizing-move -Wno-noexcept-type -Wdelete-non-virtual-dtor -Wsuggest-override -Wno-comment -Wno-misleading-indentation -Wctad-maybe-unsupported -fdiagnostics-color -ffunction-sections -fdata-sections -O3 -DNDEBUG  -fno-exceptions -funwind-tables -fno-rtti -std=c++17 -MD -MT lib/CodeGen/CMakeFiles/LLVMCodeGen.dir/CodeGenPrepare.cpp.o -MF lib/CodeGen/CMakeFiles/LLVMCodeGen.dir/CodeGenPrepare.cpp.o.d -o lib/CodeGen/CMakeFiles/LLVMCodeGen.dir/CodeGenPrepare.cpp.o -c /var/llvm-compile-time-tracker/llvm-project/llvm/lib/CodeGen/CodeGenPrepare.cpp
In file included from /var/llvm-compile-time-tracker/llvm-project/llvm/include/llvm/Analysis/LoopAccessAnalysis.h:17,
                 from /var/llvm-compile-time-tracker/llvm-project/llvm/include/llvm/Analysis/VectorUtils.h:18,
                 from /var/llvm-compile-time-tracker/llvm-project/llvm/lib/CodeGen/CodeGenPrepare.cpp:34:
/var/llvm-compile-time-tracker/llvm-project/llvm/include/llvm/ADT/EquivalenceClasses.h:184:32: error: ‘iterator2’ has not been declared
  184 |   member_iterator member_begin(iterator2 I) const {
      |                                ^~~~~~~~~
/var/llvm-compile-time-tracker/llvm-project/llvm/include/llvm/ADT/EquivalenceClasses.h: In member function ‘llvm::EquivalenceClasses<ElemTy, Compare>::member_iterator llvm::EquivalenceClasses<ElemTy, Compare>::member_begin(int) const’:
/var/llvm-compile-time-tracker/llvm-project/llvm/include/llvm/ADT/EquivalenceClasses.h:186:28: error: invalid type argument of unary ‘*’ (have ‘int’)
  186 |     return member_iterator(*I);
      |                            ^~
[1244/2955] Building CXX object lib/CodeGen/GlobalISel/CMakeFiles/LLVMGlobalISel.dir/IRTranslator.cpp.o
FAILED: lib/CodeGen/GlobalISel/CMakeFiles/LLVMGlobalISel.dir/IRTranslator.cpp.o 
CCACHE_CPP2=yes CCACHE_HASHDIR=yes /usr/bin/ccache /usr/bin/c++ -DGTEST_HAS_RTTI=0 -D_GNU_SOURCE -D__STDC_CONSTANT_MACROS -D__STDC_FORMAT_MACROS -D__STDC_LIMIT_MACROS -I/tmp/llvm-project-build-stage1/lib/CodeGen/GlobalISel -I/var/llvm-compile-time-tracker/llvm-project/llvm/lib/CodeGen/GlobalISel -I/tmp/llvm-project-build-stage1/include -I/var/llvm-compile-time-tracker/llvm-project/llvm/include -fPIC -fno-semantic-interposition -fvisibility-inlines-hidden -Werror=date-time -Wall -Wextra -Wno-unused-parameter -Wwrite-strings -Wcast-qual -Wno-missing-field-initializers -pedantic -Wno-long-long -Wimplicit-fallthrough -Wno-uninitialized -Wno-nonnull -Wno-class-memaccess -Wno-redundant-move -Wno-pessimizing-move -Wno-noexcept-type -Wdelete-non-virtual-dtor -Wsuggest-override -Wno-comment -Wno-misleading-indentation -Wctad-maybe-unsupported -fdiagnostics-color -ffunction-sections -fdata-sections -O3 -DNDEBUG  -fno-exceptions -funwind-tables -fno-rtti -std=c++17 -MD -MT lib/CodeGen/GlobalISel/CMakeFiles/LLVMGlobalISel.dir/IRTranslator.cpp.o -MF lib/CodeGen/GlobalISel/CMakeFiles/LLVMGlobalISel.dir/IRTranslator.cpp.o.d -o lib/CodeGen/GlobalISel/CMakeFiles/LLVMGlobalISel.dir/IRTranslator.cpp.o -c /var/llvm-compile-time-tracker/llvm-project/llvm/lib/CodeGen/GlobalISel/IRTranslator.cpp
In file included from /var/llvm-compile-time-tracker/llvm-project/llvm/include/llvm/Analysis/LoopAccessAnalysis.h:17,
                 from /var/llvm-compile-time-tracker/llvm-project/llvm/include/llvm/Analysis/VectorUtils.h:18,
                 from /var/llvm-compile-time-tracker/llvm-project/llvm/lib/CodeGen/GlobalISel/IRTranslator.cpp:24:
/var/llvm-compile-time-tracker/llvm-project/llvm/include/llvm/ADT/EquivalenceClasses.h:184:32: error: ‘iterator2’ has not been declared
  184 |   member_iterator member_begin(iterator2 I) const {
      |                                ^~~~~~~~~
/var/llvm-compile-time-tracker/llvm-project/llvm/include/llvm/ADT/EquivalenceClasses.h: In member function ‘llvm::EquivalenceClasses<ElemTy, Compare>::member_iterator llvm::EquivalenceClasses<ElemTy, Compare>::member_begin(int) const’:
/var/llvm-compile-time-tracker/llvm-project/llvm/include/llvm/ADT/EquivalenceClasses.h:186:28: error: invalid type argument of unary ‘*’ (have ‘int’)
  186 |     return member_iterator(*I);
      |                            ^~
[1245/2955] Building CXX object lib/CodeGen/SelectionDAG/CMakeFiles/LLVMSelectionDAG.dir/SelectionDAGBuilder.cpp.o
FAILED: lib/CodeGen/SelectionDAG/CMakeFiles/LLVMSelectionDAG.dir/SelectionDAGBuilder.cpp.o 
CCACHE_CPP2=yes CCACHE_HASHDIR=yes /usr/bin/ccache /usr/bin/c++ -DGTEST_HAS_RTTI=0 -D_GNU_SOURCE -D__STDC_CONSTANT_MACROS -D__STDC_FORMAT_MACROS -D__STDC_LIMIT_MACROS -I/tmp/llvm-project-build-stage1/lib/CodeGen/SelectionDAG -I/var/llvm-compile-time-tracker/llvm-project/llvm/lib/CodeGen/SelectionDAG -I/tmp/llvm-project-build-stage1/include -I/var/llvm-compile-time-tracker/llvm-project/llvm/include -fPIC -fno-semantic-interposition -fvisibility-inlines-hidden -Werror=date-time -Wall -Wextra -Wno-unused-parameter -Wwrite-strings -Wcast-qual -Wno-missing-field-initializers -pedantic -Wno-long-long -Wimplicit-fallthrough -Wno-uninitialized -Wno-nonnull -Wno-class-memaccess -Wno-redundant-move -Wno-pessimizing-move -Wno-noexcept-type -Wdelete-non-virtual-dtor -Wsuggest-override -Wno-comment -Wno-misleading-indentation -Wctad-maybe-unsupported -fdiagnostics-color -ffunction-sections -fdata-sections -O3 -DNDEBUG  -fno-exceptions -funwind-tables -fno-rtti -std=c++17 -MD -MT lib/CodeGen/SelectionDAG/CMakeFiles/LLVMSelectionDAG.dir/SelectionDAGBuilder.cpp.o -MF lib/CodeGen/SelectionDAG/CMakeFiles/LLVMSelectionDAG.dir/SelectionDAGBuilder.cpp.o.d -o lib/CodeGen/SelectionDAG/CMakeFiles/LLVMSelectionDAG.dir/SelectionDAGBuilder.cpp.o -c /var/llvm-compile-time-tracker/llvm-project/llvm/lib/CodeGen/SelectionDAG/SelectionDAGBuilder.cpp
In file included from /var/llvm-compile-time-tracker/llvm-project/llvm/include/llvm/Analysis/LoopAccessAnalysis.h:17,
                 from /var/llvm-compile-time-tracker/llvm-project/llvm/include/llvm/Analysis/VectorUtils.h:18,
                 from /var/llvm-compile-time-tracker/llvm-project/llvm/lib/CodeGen/SelectionDAG/SelectionDAGBuilder.cpp:31:
/var/llvm-compile-time-tracker/llvm-project/llvm/include/llvm/ADT/EquivalenceClasses.h:184:32: error: ‘iterator2’ has not been declared
  184 |   member_iterator member_begin(iterator2 I) const {
      |                                ^~~~~~~~~
/var/llvm-compile-time-tracker/llvm-project/llvm/include/llvm/ADT/EquivalenceClasses.h: In member function ‘llvm::EquivalenceClasses<ElemTy, Compare>::member_iterator llvm::EquivalenceClasses<ElemTy, Compare>::member_begin(int) const’:
/var/llvm-compile-time-tracker/llvm-project/llvm/include/llvm/ADT/EquivalenceClasses.h:186:28: error: invalid type argument of unary ‘*’ (have ‘int’)
  186 |     return member_iterator(*I);
      |                            ^~
ninja: build stopped: subcommand failed.


STDERR:
CMake Deprecation Warning at /var/llvm-compile-time-tracker/llvm-project/clang/CMakeLists.txt:444 (message):
  'CLANG_ENABLE_ARCMT' is deprecated as ARCMigrate has been removed from
  Clang.  Please use 'CLANG_ENABLE_OBJC_REWRITER' instead to enable or
  disable the Objective-C rewriter.


Command exited with non-zero status 1
80.66user 6.61system 0:08.29elapsed 1052%CPU (0avgtext+0avgdata 746536maxresident)k
0inputs+515664outputs (1308major+3884310minor)pagefaults 0swaps
