MESSAGE: Execution of "sudo -u lctt-runner ./build_llvm_project_stage1.sh" failed

STDOUT:
[2333/3220] Building CXX object tools/clang/lib/AST/CMakeFiles/obj.clangAST.dir/DeclarationName.cpp.o
[2334/3220] Building CXX object tools/clang/lib/AST/CMakeFiles/obj.clangAST.dir/Decl.cpp.o
[2335/3220] Building CXX object tools/clang/lib/AST/CMakeFiles/obj.clangAST.dir/DeclBase.cpp.o
[2336/3220] Building CXX object tools/clang/lib/AST/CMakeFiles/obj.clangAST.dir/DeclCXX.cpp.o
[2337/3220] Building CXX object tools/clang/lib/AST/CMakeFiles/obj.clangAST.dir/DeclFriend.cpp.o
[2338/3220] Building CXX object tools/clang/lib/AST/CMakeFiles/obj.clangAST.dir/DeclObjC.cpp.o
[2339/3220] Building OpenCLBuiltins.inc...
[2340/3220] Building CXX object tools/clang/lib/AST/CMakeFiles/obj.clangAST.dir/DeclGroup.cpp.o
[2341/3220] Building CXX object tools/clang/lib/AST/CMakeFiles/obj.clangAST.dir/DeclOpenACC.cpp.o
[2342/3220] Building CXX object tools/clang/lib/AST/CMakeFiles/obj.clangAST.dir/DeclOpenMP.cpp.o
[2343/3220] Building CXX object tools/clang/lib/AST/CMakeFiles/obj.clangAST.dir/DeclTemplate.cpp.o
[2344/3220] Building CXX object tools/clang/lib/AST/CMakeFiles/obj.clangAST.dir/DeclPrinter.cpp.o
[2345/3220] Building CXX object tools/clang/lib/AST/CMakeFiles/obj.clangAST.dir/ExprClassification.cpp.o
[2346/3220] Building CXX object tools/clang/lib/AST/CMakeFiles/obj.clangAST.dir/ExprConcepts.cpp.o
[2347/3220] Building CXX object tools/clang/lib/AST/CMakeFiles/obj.clangAST.dir/ParentMapContext.cpp.o
[2348/3220] Building CXX object tools/clang/lib/AST/CMakeFiles/obj.clangAST.dir/DynamicRecursiveASTVisitor.cpp.o
[2349/3220] Building CXX object tools/clang/lib/AST/CMakeFiles/obj.clangAST.dir/Expr.cpp.o
[2350/3220] Building CXX object tools/clang/lib/AST/CMakeFiles/obj.clangAST.dir/ExprCXX.cpp.o
[2351/3220] Building CXX object tools/clang/lib/AST/CMakeFiles/obj.clangAST.dir/ExprObjC.cpp.o
[2352/3220] Building CXX object tools/clang/lib/AST/CMakeFiles/obj.clangAST.dir/ExternalASTMerger.cpp.o
[2353/3220] Building CXX object tools/clang/lib/AST/CMakeFiles/obj.clangAST.dir/ExternalASTSource.cpp.o
[2354/3220] Building CXX object tools/clang/lib/AST/CMakeFiles/obj.clangAST.dir/ByteCode/BitcastBuffer.cpp.o
[2355/3220] Building CXX object tools/clang/lib/AST/CMakeFiles/obj.clangAST.dir/FormatString.cpp.o
[2356/3220] Building CXX object tools/clang/lib/AST/CMakeFiles/obj.clangAST.dir/InferAlloc.cpp.o
[2357/3220] Building CXX object tools/clang/lib/AST/CMakeFiles/obj.clangAST.dir/InheritViz.cpp.o
[2358/3220] Building CXX object tools/clang/lib/AST/CMakeFiles/obj.clangAST.dir/ByteCode/FunctionPointer.cpp.o
[2359/3220] Building AArch64GenSystemOperands.inc...
[2360/3220] Building AArch64GenFastISel.inc...
[2361/3220] Building CXX object tools/clang/lib/AST/CMakeFiles/obj.clangAST.dir/ByteCode/Floating.cpp.o
[2362/3220] Building AArch64GenGlobalISel.inc...
[2363/3220] Building X86GenSubtargetInfo.inc...
[2364/3220] Building CXX object lib/MC/MCParser/CMakeFiles/LLVMMCParser.dir/AsmParser.cpp.o
[2365/3220] Linking CXX static library lib/libLLVMMCParser.a
[2366/3220] Building CXX object tools/clang/lib/AST/CMakeFiles/obj.clangAST.dir/ByteCode/Function.cpp.o
[2367/3220] Linking CXX static library lib/libLLVMObject.a
[2368/3220] Linking CXX static library lib/libLLVMObjectYAML.a
[2369/3220] Building X86GenInstrInfo.inc...
[2370/3220] Linking CXX static library lib/libLLVMDebugInfoPDB.a
[2371/3220] Linking CXX static library lib/libLLVMDebugInfoDWARF.a
[2372/3220] Building CXX object tools/clang/lib/AST/CMakeFiles/obj.clangAST.dir/ByteCode/Descriptor.cpp.o
[2373/3220] Linking CXX static library lib/libLLVMDebugInfoGSYM.a
[2374/3220] Linking CXX static library lib/libLLVMSymbolize.a
[2375/3220] Building CXX object lib/Target/X86/CMakeFiles/LLVMX86CodeGen.dir/X86AvoidTrailingCall.cpp.o
[2376/3220] Building CXX object lib/Target/X86/CMakeFiles/LLVMX86CodeGen.dir/X86CallFrameOptimization.cpp.o
[2377/3220] Building CXX object lib/Target/X86/CMakeFiles/LLVMX86CodeGen.dir/X86CallingConv.cpp.o
[2378/3220] Building CXX object lib/Target/X86/CMakeFiles/LLVMX86CodeGen.dir/X86CmovConversion.cpp.o
[2379/3220] Building CXX object lib/Target/X86/CMakeFiles/LLVMX86CodeGen.dir/X86CodeGenPassBuilder.cpp.o
[2380/3220] Building CXX object lib/Target/X86/CMakeFiles/LLVMX86CodeGen.dir/X86DomainReassignment.cpp.o
[2381/3220] Building CXX object lib/Target/X86/CMakeFiles/LLVMX86CodeGen.dir/X86DiscriminateMemOps.cpp.o
[2382/3220] Building CXX object lib/Target/X86/CMakeFiles/LLVMX86CodeGen.dir/X86LowerTileCopy.cpp.o
[2383/3220] Building CXX object lib/Target/X86/CMakeFiles/LLVMX86CodeGen.dir/X86LowerAMXType.cpp.o
[2384/3220] Building CXX object tools/clang/lib/AST/CMakeFiles/obj.clangAST.dir/ByteCode/EvaluationResult.cpp.o
[2385/3220] Building CXX object lib/Target/X86/CMakeFiles/LLVMX86CodeGen.dir/X86LowerAMXIntrinsics.cpp.o
[2386/3220] Building CXX object lib/Target/X86/CMakeFiles/LLVMX86CodeGen.dir/X86TileConfig.cpp.o
[2387/3220] Building CXX object lib/Target/X86/CMakeFiles/LLVMX86CodeGen.dir/X86FastPreTileConfig.cpp.o
[2388/3220] Building CXX object lib/Target/X86/CMakeFiles/LLVMX86CodeGen.dir/X86FastTileConfig.cpp.o
[2389/3220] Building CXX object lib/Target/X86/CMakeFiles/LLVMX86CodeGen.dir/X86PreTileConfig.cpp.o
[2390/3220] Building CXX object lib/Target/X86/CMakeFiles/LLVMX86CodeGen.dir/X86ExpandPseudo.cpp.o
[2391/3220] Building CXX object lib/Target/X86/CMakeFiles/LLVMX86CodeGen.dir/X86FastISel.cpp.o
[2392/3220] Building CXX object lib/Target/X86/CMakeFiles/LLVMX86CodeGen.dir/X86FixupBWInsts.cpp.o
[2393/3220] Building CXX object lib/Target/X86/CMakeFiles/LLVMX86CodeGen.dir/X86FixupLEAs.cpp.o
[2394/3220] Building CXX object lib/Target/X86/CMakeFiles/LLVMX86CodeGen.dir/X86FixupInstTuning.cpp.o
[2395/3220] Building CXX object lib/Target/X86/CMakeFiles/LLVMX86CodeGen.dir/X86FixupVectorConstants.cpp.o
[2396/3220] Building CXX object lib/Target/X86/CMakeFiles/LLVMX86CodeGen.dir/X86AvoidStoreForwardingBlocks.cpp.o
[2397/3220] Building CXX object lib/Target/X86/CMakeFiles/LLVMX86CodeGen.dir/X86DynAllocaExpander.cpp.o
[2398/3220] Building CXX object lib/Target/X86/CMakeFiles/LLVMX86CodeGen.dir/X86FixupSetCC.cpp.o
[2399/3220] Building CXX object lib/Target/X86/CMakeFiles/LLVMX86CodeGen.dir/X86FlagsCopyLowering.cpp.o
[2400/3220] Building CXX object lib/Target/X86/CMakeFiles/LLVMX86CodeGen.dir/X86FloatingPoint.cpp.o
[2401/3220] Building CXX object lib/Target/X86/CMakeFiles/LLVMX86CodeGen.dir/X86FrameLowering.cpp.o
[2402/3220] Building CXX object lib/Target/X86/CMakeFiles/LLVMX86CodeGen.dir/X86ISelDAGToDAG.cpp.o
[2403/3220] Building CXX object tools/clang/lib/AST/CMakeFiles/obj.clangAST.dir/ByteCode/EvalEmitter.cpp.o
FAILED: tools/clang/lib/AST/CMakeFiles/obj.clangAST.dir/ByteCode/EvalEmitter.cpp.o 
CCACHE_CPP2=yes CCACHE_HASHDIR=yes CCACHE_SLOPPINESS=pch_defines,time_macros /usr/bin/ccache /usr/bin/c++ -DCLANG_EXPORTS -DGTEST_HAS_RTTI=0 -D_GLIBCXX_USE_CXX11_ABI=1 -D_GNU_SOURCE -D__STDC_CONSTANT_MACROS -D__STDC_FORMAT_MACROS -D__STDC_LIMIT_MACROS -I/tmp/llvm-project-build-stage1/tools/clang/lib/AST -I/var/llvm-compile-time-tracker/llvm-project/clang/lib/AST -I/var/llvm-compile-time-tracker/llvm-project/clang/include -I/tmp/llvm-project-build-stage1/tools/clang/include -I/tmp/llvm-project-build-stage1/include -I/var/llvm-compile-time-tracker/llvm-project/llvm/include -fPIC -fno-semantic-interposition -fvisibility-inlines-hidden -Werror=date-time -Wall -Wextra -Wno-unused-parameter -Wwrite-strings -Wcast-qual -Wno-missing-field-initializers -pedantic -Wno-long-long -Wimplicit-fallthrough -Wno-uninitialized -Wno-nonnull -Wno-class-memaccess -Wno-redundant-move -Wno-pessimizing-move -Wno-array-bounds -Wno-stringop-overread -Wno-noexcept-type -Wdelete-non-virtual-dtor -Wsuggest-override -Wno-comment -Wno-misleading-indentation -Wctad-maybe-unsupported -fdiagnostics-color -ffunction-sections -fdata-sections -fno-common -Woverloaded-virtual -O3 -DNDEBUG  -fno-exceptions -funwind-tables -fno-rtti -std=c++17 -MD -MT tools/clang/lib/AST/CMakeFiles/obj.clangAST.dir/ByteCode/EvalEmitter.cpp.o -MF tools/clang/lib/AST/CMakeFiles/obj.clangAST.dir/ByteCode/EvalEmitter.cpp.o.d -o tools/clang/lib/AST/CMakeFiles/obj.clangAST.dir/ByteCode/EvalEmitter.cpp.o -c /var/llvm-compile-time-tracker/llvm-project/clang/lib/AST/ByteCode/EvalEmitter.cpp
In file included from /var/llvm-compile-time-tracker/llvm-project/clang/lib/AST/ByteCode/EvalEmitter.cpp:12:
/var/llvm-compile-time-tracker/llvm-project/clang/lib/AST/ByteCode/Interp.h: In function ‘bool clang::interp::SubPtr(clang::interp::InterpState&, clang::interp::CodePtr, bool)’:
/var/llvm-compile-time-tracker/llvm-project/clang/lib/AST/ByteCode/Interp.h:2459:1: error: version control conflict marker in file
 2459 | <<<<<<< HEAD
      | ^~~~~~~
/var/llvm-compile-time-tracker/llvm-project/clang/lib/AST/ByteCode/Interp.h:2469:1: error: expected primary-expression before ‘||’ token
 2469 | ||||||| parent of 97345d13751b ([clang]bytecode] Add degenerate pointers)
      | ^~
/var/llvm-compile-time-tracker/llvm-project/clang/lib/AST/ByteCode/Interp.h:2469:3: error: expected primary-expression before ‘||’ token
 2469 | ||||||| parent of 97345d13751b ([clang]bytecode] Add degenerate pointers)
      |   ^~
/var/llvm-compile-time-tracker/llvm-project/clang/lib/AST/ByteCode/Interp.h:2469:5: error: expected primary-expression before ‘||’ token
 2469 | ||||||| parent of 97345d13751b ([clang]bytecode] Add degenerate pointers)
      |     ^~
/var/llvm-compile-time-tracker/llvm-project/clang/lib/AST/ByteCode/Interp.h:2469:7: error: expected primary-expression before ‘|’ token
 2469 | ||||||| parent of 97345d13751b ([clang]bytecode] Add degenerate pointers)
      |       ^
/var/llvm-compile-time-tracker/llvm-project/clang/lib/AST/ByteCode/Interp.h:2469:9: error: ‘parent’ was not declared in this scope
 2469 | ||||||| parent of 97345d13751b ([clang]bytecode] Add degenerate pointers)
      |         ^~~~~~
/var/llvm-compile-time-tracker/llvm-project/clang/lib/AST/ByteCode/Interp.h:2470:37: error: expected primary-expression before ‘)’ token
 2470 |   for (const Pointer &P : {LHS, RHS}) {
      |                                     ^
/var/llvm-compile-time-tracker/llvm-project/clang/lib/AST/ByteCode/Interp.h:2491:11: error: redeclaration of ‘int64_t B64’
 2491 |   int64_t B64 =
      |           ^~~
/var/llvm-compile-time-tracker/llvm-project/clang/lib/AST/ByteCode/Interp.h:2465:11: note: ‘int64_t B64’ previously declared here
 2465 |   int64_t B64 =
      |           ^~~
/var/llvm-compile-time-tracker/llvm-project/clang/lib/AST/ByteCode/Interp.h:2495:1: error: version control conflict marker in file
 2495 | =======
      | ^~~~~~~
/var/llvm-compile-time-tracker/llvm-project/clang/lib/AST/ByteCode/Interp.h:2496:37: error: expected primary-expression before ‘)’ token
 2496 |   for (const Pointer &P : {LHS, RHS}) {
      |                                     ^
/var/llvm-compile-time-tracker/llvm-project/clang/lib/AST/ByteCode/Interp.h:2512:11: error: redeclaration of ‘int64_t A64’
 2512 |   int64_t A64;
      |           ^~~
/var/llvm-compile-time-tracker/llvm-project/clang/lib/AST/ByteCode/Interp.h:2486:11: note: ‘int64_t A64’ previously declared here
 2486 |   int64_t A64 =
      |           ^~~
/var/llvm-compile-time-tracker/llvm-project/clang/lib/AST/ByteCode/Interp.h:2513:11: error: redeclaration of ‘int64_t B64’
 2513 |   int64_t B64;
      |           ^~~
/var/llvm-compile-time-tracker/llvm-project/clang/lib/AST/ByteCode/Interp.h:2465:11: note: ‘int64_t B64’ previously declared here
 2465 |   int64_t B64 =
      |           ^~~
/var/llvm-compile-time-tracker/llvm-project/clang/lib/AST/ByteCode/Interp.h:2514:1: error: version control conflict marker in file
 2514 | >>>>>>> 97345d13751b ([clang]bytecode] Add degenerate pointers)
      | ^~~~~~~
/var/llvm-compile-time-tracker/llvm-project/clang/lib/AST/ByteCode/Interp.h:2519:5: error: ‘else’ without a previous ‘if’
 2519 |   } else {
      |     ^~~~
[2404/3220] Building CXX object lib/Target/X86/CMakeFiles/LLVMX86CodeGen.dir/X86ISelLowering.cpp.o
[2405/3220] Building CXX object lib/Target/X86/CMakeFiles/LLVMX86CodeGen.dir/X86ISelLoweringCall.cpp.o
[2406/3220] Building CXX object tools/clang/lib/AST/CMakeFiles/obj.clangAST.dir/ByteCode/DynamicAllocator.cpp.o
[2407/3220] Building CXX object lib/Target/X86/CMakeFiles/LLVMX86CodeGen.dir/X86AsmPrinter.cpp.o
[2408/3220] Building CXX object lib/Target/X86/CMakeFiles/LLVMX86CodeGen.dir/X86ArgumentStackSlotRebase.cpp.o
[2409/3220] Building CXX object tools/clang/lib/AST/CMakeFiles/obj.clangAST.dir/ByteCode/InterpBuiltinBitCast.cpp.o
[2410/3220] Building CXX object tools/clang/lib/AST/CMakeFiles/obj.clangAST.dir/ByteCode/InterpBlock.cpp.o
[2411/3220] Building CXX object tools/clang/lib/AST/CMakeFiles/obj.clangAST.dir/ByteCode/Context.cpp.o
[2412/3220] Building CXX object tools/clang/lib/AST/CMakeFiles/obj.clangAST.dir/ByteCode/ByteCodeEmitter.cpp.o
[2413/3220] Building AArch64GenSubtargetInfo.inc...
[2414/3220] Building AArch64GenInstrInfo.inc...
[2415/3220] Building CXX object tools/clang/lib/AST/CMakeFiles/obj.clangAST.dir/ByteCode/Interp.cpp.o
FAILED: tools/clang/lib/AST/CMakeFiles/obj.clangAST.dir/ByteCode/Interp.cpp.o 
CCACHE_CPP2=yes CCACHE_HASHDIR=yes CCACHE_SLOPPINESS=pch_defines,time_macros /usr/bin/ccache /usr/bin/c++ -DCLANG_EXPORTS -DGTEST_HAS_RTTI=0 -D_GLIBCXX_USE_CXX11_ABI=1 -D_GNU_SOURCE -D__STDC_CONSTANT_MACROS -D__STDC_FORMAT_MACROS -D__STDC_LIMIT_MACROS -I/tmp/llvm-project-build-stage1/tools/clang/lib/AST -I/var/llvm-compile-time-tracker/llvm-project/clang/lib/AST -I/var/llvm-compile-time-tracker/llvm-project/clang/include -I/tmp/llvm-project-build-stage1/tools/clang/include -I/tmp/llvm-project-build-stage1/include -I/var/llvm-compile-time-tracker/llvm-project/llvm/include -fPIC -fno-semantic-interposition -fvisibility-inlines-hidden -Werror=date-time -Wall -Wextra -Wno-unused-parameter -Wwrite-strings -Wcast-qual -Wno-missing-field-initializers -pedantic -Wno-long-long -Wimplicit-fallthrough -Wno-uninitialized -Wno-nonnull -Wno-class-memaccess -Wno-redundant-move -Wno-pessimizing-move -Wno-array-bounds -Wno-stringop-overread -Wno-noexcept-type -Wdelete-non-virtual-dtor -Wsuggest-override -Wno-comment -Wno-misleading-indentation -Wctad-maybe-unsupported -fdiagnostics-color -ffunction-sections -fdata-sections -fno-common -Woverloaded-virtual -O3 -DNDEBUG  -fno-exceptions -funwind-tables -fno-rtti -std=c++17 -MD -MT tools/clang/lib/AST/CMakeFiles/obj.clangAST.dir/ByteCode/Interp.cpp.o -MF tools/clang/lib/AST/CMakeFiles/obj.clangAST.dir/ByteCode/Interp.cpp.o.d -o tools/clang/lib/AST/CMakeFiles/obj.clangAST.dir/ByteCode/Interp.cpp.o -c /var/llvm-compile-time-tracker/llvm-project/clang/lib/AST/ByteCode/Interp.cpp
In file included from /var/llvm-compile-time-tracker/llvm-project/clang/lib/AST/ByteCode/Interp.cpp:9:
/var/llvm-compile-time-tracker/llvm-project/clang/lib/AST/ByteCode/Interp.h: In function ‘bool clang::interp::SubPtr(clang::interp::InterpState&, clang::interp::CodePtr, bool)’:
/var/llvm-compile-time-tracker/llvm-project/clang/lib/AST/ByteCode/Interp.h:2459:1: error: version control conflict marker in file
 2459 | <<<<<<< HEAD
      | ^~~~~~~
/var/llvm-compile-time-tracker/llvm-project/clang/lib/AST/ByteCode/Interp.h:2469:1: error: expected primary-expression before ‘||’ token
 2469 | ||||||| parent of 97345d13751b ([clang]bytecode] Add degenerate pointers)
      | ^~
/var/llvm-compile-time-tracker/llvm-project/clang/lib/AST/ByteCode/Interp.h:2469:3: error: expected primary-expression before ‘||’ token
 2469 | ||||||| parent of 97345d13751b ([clang]bytecode] Add degenerate pointers)
      |   ^~
/var/llvm-compile-time-tracker/llvm-project/clang/lib/AST/ByteCode/Interp.h:2469:5: error: expected primary-expression before ‘||’ token
 2469 | ||||||| parent of 97345d13751b ([clang]bytecode] Add degenerate pointers)
      |     ^~
/var/llvm-compile-time-tracker/llvm-project/clang/lib/AST/ByteCode/Interp.h:2469:7: error: expected primary-expression before ‘|’ token
 2469 | ||||||| parent of 97345d13751b ([clang]bytecode] Add degenerate pointers)
      |       ^
/var/llvm-compile-time-tracker/llvm-project/clang/lib/AST/ByteCode/Interp.h:2469:9: error: ‘parent’ was not declared in this scope
 2469 | ||||||| parent of 97345d13751b ([clang]bytecode] Add degenerate pointers)
      |         ^~~~~~
/var/llvm-compile-time-tracker/llvm-project/clang/lib/AST/ByteCode/Interp.h:2470:37: error: expected primary-expression before ‘)’ token
 2470 |   for (const Pointer &P : {LHS, RHS}) {
      |                                     ^
/var/llvm-compile-time-tracker/llvm-project/clang/lib/AST/ByteCode/Interp.h:2491:11: error: redeclaration of ‘int64_t B64’
 2491 |   int64_t B64 =
      |           ^~~
/var/llvm-compile-time-tracker/llvm-project/clang/lib/AST/ByteCode/Interp.h:2465:11: note: ‘int64_t B64’ previously declared here
 2465 |   int64_t B64 =
      |           ^~~
/var/llvm-compile-time-tracker/llvm-project/clang/lib/AST/ByteCode/Interp.h:2495:1: error: version control conflict marker in file
 2495 | =======
      | ^~~~~~~
/var/llvm-compile-time-tracker/llvm-project/clang/lib/AST/ByteCode/Interp.h:2496:37: error: expected primary-expression before ‘)’ token
 2496 |   for (const Pointer &P : {LHS, RHS}) {
      |                                     ^
/var/llvm-compile-time-tracker/llvm-project/clang/lib/AST/ByteCode/Interp.h:2512:11: error: redeclaration of ‘int64_t A64’
 2512 |   int64_t A64;
      |           ^~~
/var/llvm-compile-time-tracker/llvm-project/clang/lib/AST/ByteCode/Interp.h:2486:11: note: ‘int64_t A64’ previously declared here
 2486 |   int64_t A64 =
      |           ^~~
/var/llvm-compile-time-tracker/llvm-project/clang/lib/AST/ByteCode/Interp.h:2513:11: error: redeclaration of ‘int64_t B64’
 2513 |   int64_t B64;
      |           ^~~
/var/llvm-compile-time-tracker/llvm-project/clang/lib/AST/ByteCode/Interp.h:2465:11: note: ‘int64_t B64’ previously declared here
 2465 |   int64_t B64 =
      |           ^~~
/var/llvm-compile-time-tracker/llvm-project/clang/lib/AST/ByteCode/Interp.h:2514:1: error: version control conflict marker in file
 2514 | >>>>>>> 97345d13751b ([clang]bytecode] Add degenerate pointers)
      | ^~~~~~~
/var/llvm-compile-time-tracker/llvm-project/clang/lib/AST/ByteCode/Interp.h:2519:5: error: ‘else’ without a previous ‘if’
 2519 |   } else {
      |     ^~~~
[2416/3220] Building CXX object tools/clang/lib/AST/CMakeFiles/obj.clangAST.dir/ByteCode/InterpBuiltin.cpp.o
[2417/3220] Building CXX object tools/clang/lib/AST/CMakeFiles/obj.clangAST.dir/ByteCode/Compiler.cpp.o
[2418/3220] Building CXX object tools/clang/lib/AST/CMakeFiles/obj.clangAST.dir/ByteCode/Disasm.cpp.o
[2419/3220] Building CXX object tools/clang/lib/AST/CMakeFiles/obj.clangAST.dir/ExprConstant.cpp.o
[2420/3220] Building CXX object tools/clang/lib/AST/CMakeFiles/obj.clangAST.dir/ASTContext.cpp.o
ninja: build stopped: subcommand failed.


STDERR:
CMake Deprecation Warning at /var/llvm-compile-time-tracker/llvm-project/clang/CMakeLists.txt:456 (message):
  'CLANG_ENABLE_ARCMT' is deprecated as ARCMigrate has been removed from
  Clang.  Please use 'CLANG_ENABLE_OBJC_REWRITER' instead to enable or
  disable the Objective-C rewriter.


Command exited with non-zero status 1
220.29user 15.33system 0:25.24elapsed 933%CPU (0avgtext+0avgdata 1256924maxresident)k
48inputs+1511936outputs (3217major+8864529minor)pagefaults 0swaps
