MESSAGE: Execution of "sudo -u lctt-runner ./build_llvm_test_suite.sh O3 stage2" failed

STDOUT:
loading initial cache file ./llvm-test-suite/cmake/caches/O3.cmake
-- The C compiler identification is Clang 21.0.0
-- The CXX compiler identification is Clang 21.0.0
-- Detecting C compiler ABI info
-- Detecting C compiler ABI info - done
-- Check for working C compiler: /tmp/llvm-project-build-stage2/bin/clang - skipped
-- Detecting C compile features
-- Detecting C compile features - done
-- Detecting CXX compiler ABI info
-- Detecting CXX compiler ABI info - done
-- Check for working CXX compiler: /tmp/llvm-project-build-stage2/bin/clang++ - skipped
-- Detecting CXX compile features
-- Detecting CXX compile features - done
-- Could NOT find OpenMP_C (missing: OpenMP_C_FLAGS OpenMP_C_LIB_NAMES) 
-- Could NOT find OpenMP_CXX (missing: OpenMP_CXX_FLAGS OpenMP_CXX_LIB_NAMES) 
-- Could NOT find OpenMP (missing: OpenMP_C_FOUND OpenMP_CXX_FOUND) 
-- Check target operating system - Linux
-- Check target system architecture: x86
-- Check target system architecture: unknown
-- Adding directory CTMark
-- Found Intl: built in to C library  
-- Performing Test COMPILER_HAS_NO_DEFINE_TARGET_OS_MACROS
-- Performing Test COMPILER_HAS_NO_DEFINE_TARGET_OS_MACROS - Success
-- Found Tclsh: /bin/tclsh (found version "8.6") 
-- Could NOT find TCL (missing: TCL_INCLUDE_PATH) 
-- Could NOT find TCLTK (missing: TCL_INCLUDE_PATH TK_LIBRARY TK_INCLUDE_PATH) 
-- Could NOT find TK (missing: TK_LIBRARY TK_INCLUDE_PATH) 
-- Configuring done
-- Generating done
-- Build files have been written to: /tmp/llvm-test-suite-build
ninja: Entering directory `/tmp/llvm-test-suite-build'
[1/671] Generating ../lit.cfg
[2/671] Generating HashProgramOutput.sh
[3/671] Generating timeit-target
[4/671] Generating timeit
[5/671] Generating __init__.py
[6/671] Generating modules/codesize.py
[7/671] Generating modules/compiletime.py
[8/671] Generating modules/__init__.py
[9/671] Generating modules/perf.py
[10/671] Generating modules/hpmcount.py
[11/671] Generating modules/microbenchmark.py
[12/671] Generating modules/hash.py
[13/671] Generating modules/run_under.py
[14/671] Generating modules/profilegen.py
[15/671] Generating modules/remote.py
[16/671] Generating modules/run.py
[17/671] Generating shellcommand.py
[18/671] Generating modules/stats.py
[19/671] Generating modules/timeit.py
[20/671] Generating test.py
[21/671] Generating testplan.py
[22/671] Generating testfile.py
[23/671] [TEST_SUITE_HOST_CC] Compiling host source fpcmp.c
[24/671] [TEST_SUITE_HOST_CC] Linking host executable fpcmp
[25/671] Building C object tools/CMakeFiles/fpcmp-target.dir/fpcmp.c.o
[26/671] Linking C executable tools/fpcmp-target
[27/671] Building CXX object CTMark/7zip/CMakeFiles/7zip-benchmark.dir/CPP/myWindows/wine_date_and_time.cpp.o
[28/671] Generating sqlite test inputs
[29/671] Building CXX object tools/CMakeFiles/not.dir/not.cpp.o
FAILED: tools/CMakeFiles/not.dir/not.cpp.o 
/tmp/llvm-project-build-stage2/bin/clang++ -DNDEBUG  -O3   -w -Werror=date-time -MD -MT tools/CMakeFiles/not.dir/not.cpp.o -MF tools/CMakeFiles/not.dir/not.cpp.o.d -o tools/CMakeFiles/not.dir/not.cpp.o -c /var/llvm-compile-time-tracker/llvm-test-suite/tools/not.cpp
PLEASE submit a bug report to https://github.com/llvm/llvm-project/issues/ and include the crash backtrace, preprocessed source, and associated run script.
Stack dump:
0.	Program arguments: /tmp/llvm-project-build-stage2/bin/clang++ -DNDEBUG -O3 -w -Werror=date-time -MD -MT tools/CMakeFiles/not.dir/not.cpp.o -MF tools/CMakeFiles/not.dir/not.cpp.o.d -o tools/CMakeFiles/not.dir/not.cpp.o -c /var/llvm-compile-time-tracker/llvm-test-suite/tools/not.cpp
1.	<eof> parser at end of file
2.	Code generation
3.	Running pass 'Function Pass Manager' on module '/var/llvm-compile-time-tracker/llvm-test-suite/tools/not.cpp'.
4.	Running pass 'Machine Instruction Scheduler' on function '@main'
Stack dump without symbol names (ensure you have llvm-symbolizer in your PATH or set the environment var `LLVM_SYMBOLIZER_PATH` to point to it):
0  clang++   0x000056116ef96be8 llvm::sys::PrintStackTrace(llvm::raw_ostream&, int) + 40
1  clang++   0x000056116ef940ae llvm::sys::RunSignalHandlers() + 238
2  clang++   0x000056116eef8807
3  libc.so.6 0x00007fc5738b7520
4  clang++   0x000056116e6492af llvm::ScheduleDAGTopologicalSort::IsReachable(llvm::SUnit const*, llvm::SUnit const*) + 255
5  clang++   0x000056116e651258 llvm::ScheduleDAGInstrs::addEdge(llvm::SUnit*, llvm::SDep const&) + 56
6  clang++   0x000056116e553f8c llvm::fuseInstructionPair(llvm::ScheduleDAGInstrs&, llvm::SUnit&, llvm::SUnit&) + 380
7  clang++   0x000056116e5543b3
8  clang++   0x000056116e4ee07c llvm::ScheduleDAGMILive::schedule() + 60
9  clang++   0x000056116e4f84d9
10 clang++   0x000056116e4f7adf
11 clang++   0x000056116e4899f3 llvm::MachineFunctionPass::runOnFunction(llvm::Function&) + 755
12 clang++   0x000056116ea1dd14 llvm::FPPassManager::runOnFunction(llvm::Function&) + 1348
13 clang++   0x000056116ea27463 llvm::FPPassManager::runOnModule(llvm::Module&) + 51
14 clang++   0x000056116ea1ed69 llvm::legacy::PassManagerImpl::run(llvm::Module&) + 3257
15 clang++   0x000056116f8593e9 clang::emitBackendOutput(clang::CompilerInstance&, clang::CodeGenOptions&, llvm::StringRef, llvm::Module*, clang::BackendAction, llvm::IntrusiveRefCntPtr<llvm::vfs::FileSystem>, std::unique_ptr<llvm::raw_pwrite_stream, std::default_delete<llvm::raw_pwrite_stream>>, clang::BackendConsumer*) + 8073
16 clang++   0x000056116f8745dc clang::BackendConsumer::HandleTranslationUnit(clang::ASTContext&) + 2908
17 clang++   0x0000561170ecc7a9 clang::ParseAST(clang::Sema&, bool, bool) + 937
18 clang++   0x000056116fd80d0d clang::FrontendAction::Execute() + 29
19 clang++   0x000056116fcb9e10 clang::CompilerInstance::ExecuteAction(clang::FrontendAction&) + 1184
20 clang++   0x000056116fe87792 clang::ExecuteCompilerInvocation(clang::CompilerInstance*) + 738
21 clang++   0x000056116dca20ef cc1_main(llvm::ArrayRef<char const*>, char const*, void*) + 8207
22 clang++   0x000056116dc9e55f
23 clang++   0x000056116fb17c19
24 clang++   0x000056116eef83c8 llvm::CrashRecoveryContext::RunSafely(llvm::function_ref<void ()>) + 136
25 clang++   0x000056116fb17864 clang::driver::CC1Command::Execute(llvm::ArrayRef<std::optional<llvm::StringRef>>, std::__cxx11::basic_string<char, std::char_traits<char>, std::allocator<char>>*, bool*) const + 356
26 clang++   0x000056116fad5528 clang::driver::Compilation::ExecuteCommand(clang::driver::Command const&, clang::driver::Command const*&, bool) const + 552
27 clang++   0x000056116faf4a1c clang::driver::Driver::ExecuteCompilation(clang::driver::Compilation&, llvm::SmallVectorImpl<std::pair<int, clang::driver::Command const*>>&) + 732
28 clang++   0x000056116dc9da9f clang_main(int, char**, llvm::ToolContext const&) + 7375
29 clang++   0x000056116dcae0ea main + 90
30 libc.so.6 0x00007fc57389ed90
31 libc.so.6 0x00007fc57389ee40 __libc_start_main + 128
32 clang++   0x000056116dc90325 _start + 37
clang++: error: clang frontend command failed with exit code 139 (use -v to see invocation)
clang version 21.0.0git
Target: x86_64-unknown-linux-gnu
Thread model: posix
InstalledDir: /tmp/llvm-project-build-stage2/bin
clang++: note: diagnostic msg: 
********************

PLEASE ATTACH THE FOLLOWING FILES TO THE BUG REPORT:
Preprocessed source(s) and associated run script(s) are located at:
clang++: note: diagnostic msg: /tmp/not-b61e3e.cpp
clang++: note: diagnostic msg: /tmp/not-b61e3e.sh
clang++: note: diagnostic msg: 

********************
[30/671] Building CXX object CTMark/7zip/CMakeFiles/7zip-benchmark.dir/CPP/myWindows/myGetTickCount.cpp.o
[31/671] Building CXX object CTMark/7zip/CMakeFiles/7zip-benchmark.dir/CPP/myWindows/myAddExeFlag.cpp.o
[32/671] Building CXX object CTMark/7zip/CMakeFiles/7zip-benchmark.dir/CPP/myWindows/mySplitCommandLine.cpp.o
[33/671] Building CXX object CTMark/7zip/CMakeFiles/7zip-benchmark.dir/CPP/7zip/UI/Console/BenchCon.cpp.o
[34/671] Building CXX object CTMark/7zip/CMakeFiles/7zip-benchmark.dir/CPP/7zip/UI/Console/ConsoleClose.cpp.o
[35/671] Building CXX object CTMark/7zip/CMakeFiles/7zip-benchmark.dir/CPP/7zip/UI/Console/ExtractCallbackConsole.cpp.o
FAILED: CTMark/7zip/CMakeFiles/7zip-benchmark.dir/CPP/7zip/UI/Console/ExtractCallbackConsole.cpp.o 
/tmp/llvm-test-suite-build/tools/timeit --summary CTMark/7zip/CMakeFiles/7zip-benchmark.dir/CPP/7zip/UI/Console/ExtractCallbackConsole.cpp.o.time /tmp/llvm-project-build-stage2/bin/clang++ -DNDEBUG  -O3   -w -Werror=date-time -DBREAK_HANDLER -DUNICODE -D_UNICODE -I/var/llvm-compile-time-tracker/llvm-test-suite/CTMark/7zip/C -I/var/llvm-compile-time-tracker/llvm-test-suite/CTMark/7zip/CPP/myWindows -I/var/llvm-compile-time-tracker/llvm-test-suite/CTMark/7zip/CPP/include_windows -I/var/llvm-compile-time-tracker/llvm-test-suite/CTMark/7zip/CPP -I. -D_FILE_OFFSET_BITS=64 -D_LARGEFILE_SOURCE -DNDEBUG -D_REENTRANT -DENV_UNIX -D_7ZIP_LARGE_PAGES -pthread -Wno-error=narrowing -DBREAK_HANDLER -DUNICODE -D_UNICODE -I/var/llvm-compile-time-tracker/llvm-test-suite/CTMark/7zip/C -I/var/llvm-compile-time-tracker/llvm-test-suite/CTMark/7zip/CPP/myWindows -I/var/llvm-compile-time-tracker/llvm-test-suite/CTMark/7zip/CPP/include_windows -I/var/llvm-compile-time-tracker/llvm-test-suite/CTMark/7zip/CPP -I. -D_FILE_OFFSET_BITS=64 -D_LARGEFILE_SOURCE -DNDEBUG -D_REENTRANT -DENV_UNIX -D_7ZIP_LARGE_PAGES -pthread -MD -MT CTMark/7zip/CMakeFiles/7zip-benchmark.dir/CPP/7zip/UI/Console/ExtractCallbackConsole.cpp.o -MF CTMark/7zip/CMakeFiles/7zip-benchmark.dir/CPP/7zip/UI/Console/ExtractCallbackConsole.cpp.o.d -o CTMark/7zip/CMakeFiles/7zip-benchmark.dir/CPP/7zip/UI/Console/ExtractCallbackConsole.cpp.o -c /var/llvm-compile-time-tracker/llvm-test-suite/CTMark/7zip/CPP/7zip/UI/Console/ExtractCallbackConsole.cpp
PLEASE submit a bug report to https://github.com/llvm/llvm-project/issues/ and include the crash backtrace, preprocessed source, and associated run script.
Stack dump:
0.	Program arguments: /tmp/llvm-project-build-stage2/bin/clang++ -DNDEBUG -O3 -w -Werror=date-time -DBREAK_HANDLER -DUNICODE -D_UNICODE -I/var/llvm-compile-time-tracker/llvm-test-suite/CTMark/7zip/C -I/var/llvm-compile-time-tracker/llvm-test-suite/CTMark/7zip/CPP/myWindows -I/var/llvm-compile-time-tracker/llvm-test-suite/CTMark/7zip/CPP/include_windows -I/var/llvm-compile-time-tracker/llvm-test-suite/CTMark/7zip/CPP -I. -D_FILE_OFFSET_BITS=64 -D_LARGEFILE_SOURCE -DNDEBUG -D_REENTRANT -DENV_UNIX -D_7ZIP_LARGE_PAGES -pthread -Wno-error=narrowing -DBREAK_HANDLER -DUNICODE -D_UNICODE -I/var/llvm-compile-time-tracker/llvm-test-suite/CTMark/7zip/C -I/var/llvm-compile-time-tracker/llvm-test-suite/CTMark/7zip/CPP/myWindows -I/var/llvm-compile-time-tracker/llvm-test-suite/CTMark/7zip/CPP/include_windows -I/var/llvm-compile-time-tracker/llvm-test-suite/CTMark/7zip/CPP -I. -D_FILE_OFFSET_BITS=64 -D_LARGEFILE_SOURCE -DNDEBUG -D_REENTRANT -DENV_UNIX -D_7ZIP_LARGE_PAGES -pthread -MD -MT CTMark/7zip/CMakeFiles/7zip-benchmark.dir/CPP/7zip/UI/Console/ExtractCallbackConsole.cpp.o -MF CTMark/7zip/CMakeFiles/7zip-benchmark.dir/CPP/7zip/UI/Console/ExtractCallbackConsole.cpp.o.d -o CTMark/7zip/CMakeFiles/7zip-benchmark.dir/CPP/7zip/UI/Console/ExtractCallbackConsole.cpp.o -c /var/llvm-compile-time-tracker/llvm-test-suite/CTMark/7zip/CPP/7zip/UI/Console/ExtractCallbackConsole.cpp
1.	<eof> parser at end of file
2.	Code generation
3.	Running pass 'Function Pass Manager' on module '/var/llvm-compile-time-tracker/llvm-test-suite/CTMark/7zip/CPP/7zip/UI/Console/ExtractCallbackConsole.cpp'.
4.	Running pass 'Machine Instruction Scheduler' on function '@_ZN23CExtractCallbackConsole7ReleaseEv'
Stack dump without symbol names (ensure you have llvm-symbolizer in your PATH or set the environment var `LLVM_SYMBOLIZER_PATH` to point to it):
0  clang++   0x0000564093505be8 llvm::sys::PrintStackTrace(llvm::raw_ostream&, int) + 40
1  clang++   0x00005640935030ae llvm::sys::RunSignalHandlers() + 238
2  clang++   0x0000564093467807
3  libc.so.6 0x00007f9834426520
4  clang++   0x0000564092bb82af llvm::ScheduleDAGTopologicalSort::IsReachable(llvm::SUnit const*, llvm::SUnit const*) + 255
5  clang++   0x0000564092bc0258 llvm::ScheduleDAGInstrs::addEdge(llvm::SUnit*, llvm::SDep const&) + 56
6  clang++   0x0000564092ac2f8c llvm::fuseInstructionPair(llvm::ScheduleDAGInstrs&, llvm::SUnit&, llvm::SUnit&) + 380
7  clang++   0x0000564092ac33b3
8  clang++   0x0000564092a5d07c llvm::ScheduleDAGMILive::schedule() + 60
9  clang++   0x0000564092a674d9
10 clang++   0x0000564092a66adf
11 clang++   0x00005640929f89f3 llvm::MachineFunctionPass::runOnFunction(llvm::Function&) + 755
12 clang++   0x0000564092f8cd14 llvm::FPPassManager::runOnFunction(llvm::Function&) + 1348
13 clang++   0x0000564092f96463 llvm::FPPassManager::runOnModule(llvm::Module&) + 51
14 clang++   0x0000564092f8dd69 llvm::legacy::PassManagerImpl::run(llvm::Module&) + 3257
15 clang++   0x0000564093dc83e9 clang::emitBackendOutput(clang::CompilerInstance&, clang::CodeGenOptions&, llvm::StringRef, llvm::Module*, clang::BackendAction, llvm::IntrusiveRefCntPtr<llvm::vfs::FileSystem>, std::unique_ptr<llvm::raw_pwrite_stream, std::default_delete<llvm::raw_pwrite_stream>>, clang::BackendConsumer*) + 8073
16 clang++   0x0000564093de35dc clang::BackendConsumer::HandleTranslationUnit(clang::ASTContext&) + 2908
17 clang++   0x000056409543b7a9 clang::ParseAST(clang::Sema&, bool, bool) + 937
18 clang++   0x00005640942efd0d clang::FrontendAction::Execute() + 29
19 clang++   0x0000564094228e10 clang::CompilerInstance::ExecuteAction(clang::FrontendAction&) + 1184
20 clang++   0x00005640943f6792 clang::ExecuteCompilerInvocation(clang::CompilerInstance*) + 738
21 clang++   0x00005640922110ef cc1_main(llvm::ArrayRef<char const*>, char const*, void*) + 8207
22 clang++   0x000056409220d55f
23 clang++   0x0000564094086c19
24 clang++   0x00005640934673c8 llvm::CrashRecoveryContext::RunSafely(llvm::function_ref<void ()>) + 136
25 clang++   0x0000564094086864 clang::driver::CC1Command::Execute(llvm::ArrayRef<std::optional<llvm::StringRef>>, std::__cxx11::basic_string<char, std::char_traits<char>, std::allocator<char>>*, bool*) const + 356
26 clang++   0x0000564094044528 clang::driver::Compilation::ExecuteCommand(clang::driver::Command const&, clang::driver::Command const*&, bool) const + 552
27 clang++   0x0000564094063a1c clang::driver::Driver::ExecuteCompilation(clang::driver::Compilation&, llvm::SmallVectorImpl<std::pair<int, clang::driver::Command const*>>&) + 732
28 clang++   0x000056409220ca9f clang_main(int, char**, llvm::ToolContext const&) + 7375
29 clang++   0x000056409221d0ea main + 90
30 libc.so.6 0x00007f983440dd90
31 libc.so.6 0x00007f983440de40 __libc_start_main + 128
32 clang++   0x00005640921ff325 _start + 37
clang++: error: clang frontend command failed with exit code 139 (use -v to see invocation)
clang version 21.0.0git
Target: x86_64-unknown-linux-gnu
Thread model: posix
InstalledDir: /tmp/llvm-project-build-stage2/bin
clang++: note: diagnostic msg: 
********************

PLEASE ATTACH THE FOLLOWING FILES TO THE BUG REPORT:
Preprocessed source(s) and associated run script(s) are located at:
clang++: note: diagnostic msg: /tmp/ExtractCallbackConsole-0d7cdb.cpp
clang++: note: diagnostic msg: /tmp/ExtractCallbackConsole-0d7cdb.sh
clang++: note: diagnostic msg: 

********************
ninja: build stopped: subcommand failed.


STDERR:
