MESSAGE: Execution of "sudo -u lctt-runner ./build_llvm_project_stage1.sh" failed

STDOUT:
/var/llvm-compile-time-tracker/llvm-project/llvm/include/llvm/Analysis/LoopAccessAnalysis.h:381:8: error: ‘variant’ in namespace ‘std’ does not name a template type
  381 |   std::variant<Dependence::DepType, DepDistanceStrideAndSizeInfo>
      |        ^~~~~~~
/var/llvm-compile-time-tracker/llvm-project/llvm/include/llvm/Analysis/LoopAccessAnalysis.h:20:1: note: ‘std::variant’ is defined in header ‘<variant>’; did you forget to ‘#include <variant>’?
   19 | #include "llvm/Analysis/ScalarEvolutionExpressions.h"
  +++ |+#include <variant>
   20 | #include "llvm/IR/DiagnosticInfo.h"
[1254/2717] Building CXX object lib/CodeGen/CMakeFiles/LLVMCodeGen.dir/HardwareLoops.cpp.o
FAILED: lib/CodeGen/CMakeFiles/LLVMCodeGen.dir/HardwareLoops.cpp.o 
CCACHE_CPP2=yes CCACHE_HASHDIR=yes /usr/bin/ccache /usr/bin/c++ -DGTEST_HAS_RTTI=0 -D_GNU_SOURCE -D__STDC_CONSTANT_MACROS -D__STDC_FORMAT_MACROS -D__STDC_LIMIT_MACROS -I/tmp/llvm-project-build-stage1/lib/CodeGen -I/var/llvm-compile-time-tracker/llvm-project/llvm/lib/CodeGen -I/tmp/llvm-project-build-stage1/include -I/var/llvm-compile-time-tracker/llvm-project/llvm/include -fPIC -fno-semantic-interposition -fvisibility-inlines-hidden -Werror=date-time -Wall -Wextra -Wno-unused-parameter -Wwrite-strings -Wcast-qual -Wno-missing-field-initializers -pedantic -Wno-long-long -Wimplicit-fallthrough -Wno-uninitialized -Wno-nonnull -Wno-class-memaccess -Wno-redundant-move -Wno-pessimizing-move -Wno-noexcept-type -Wdelete-non-virtual-dtor -Wsuggest-override -Wno-comment -Wno-misleading-indentation -Wctad-maybe-unsupported -fdiagnostics-color -ffunction-sections -fdata-sections -O3 -DNDEBUG  -fno-exceptions -funwind-tables -fno-rtti -std=c++17 -MD -MT lib/CodeGen/CMakeFiles/LLVMCodeGen.dir/HardwareLoops.cpp.o -MF lib/CodeGen/CMakeFiles/LLVMCodeGen.dir/HardwareLoops.cpp.o.d -o lib/CodeGen/CMakeFiles/LLVMCodeGen.dir/HardwareLoops.cpp.o -c /var/llvm-compile-time-tracker/llvm-project/llvm/lib/CodeGen/HardwareLoops.cpp
In file included from /var/llvm-compile-time-tracker/llvm-project/llvm/include/llvm/Transforms/Utils/LoopUtils.h:17,
                 from /var/llvm-compile-time-tracker/llvm-project/llvm/lib/CodeGen/HardwareLoops.cpp:43:
/var/llvm-compile-time-tracker/llvm-project/llvm/include/llvm/Analysis/LoopAccessAnalysis.h:381:8: error: ‘variant’ in namespace ‘std’ does not name a template type
  381 |   std::variant<Dependence::DepType, DepDistanceStrideAndSizeInfo>
      |        ^~~~~~~
/var/llvm-compile-time-tracker/llvm-project/llvm/include/llvm/Analysis/LoopAccessAnalysis.h:20:1: note: ‘std::variant’ is defined in header ‘<variant>’; did you forget to ‘#include <variant>’?
   19 | #include "llvm/Analysis/ScalarEvolutionExpressions.h"
  +++ |+#include <variant>
   20 | #include "llvm/IR/DiagnosticInfo.h"
[1255/2717] Building CXX object lib/Transforms/Vectorize/CMakeFiles/LLVMVectorize.dir/VPlanSLP.cpp.o
FAILED: lib/Transforms/Vectorize/CMakeFiles/LLVMVectorize.dir/VPlanSLP.cpp.o 
CCACHE_CPP2=yes CCACHE_HASHDIR=yes /usr/bin/ccache /usr/bin/c++ -DGTEST_HAS_RTTI=0 -D_GNU_SOURCE -D__STDC_CONSTANT_MACROS -D__STDC_FORMAT_MACROS -D__STDC_LIMIT_MACROS -I/tmp/llvm-project-build-stage1/lib/Transforms/Vectorize -I/var/llvm-compile-time-tracker/llvm-project/llvm/lib/Transforms/Vectorize -I/tmp/llvm-project-build-stage1/include -I/var/llvm-compile-time-tracker/llvm-project/llvm/include -fPIC -fno-semantic-interposition -fvisibility-inlines-hidden -Werror=date-time -Wall -Wextra -Wno-unused-parameter -Wwrite-strings -Wcast-qual -Wno-missing-field-initializers -pedantic -Wno-long-long -Wimplicit-fallthrough -Wno-uninitialized -Wno-nonnull -Wno-class-memaccess -Wno-redundant-move -Wno-pessimizing-move -Wno-noexcept-type -Wdelete-non-virtual-dtor -Wsuggest-override -Wno-comment -Wno-misleading-indentation -Wctad-maybe-unsupported -fdiagnostics-color -ffunction-sections -fdata-sections -O3 -DNDEBUG  -fno-exceptions -funwind-tables -fno-rtti -std=c++17 -MD -MT lib/Transforms/Vectorize/CMakeFiles/LLVMVectorize.dir/VPlanSLP.cpp.o -MF lib/Transforms/Vectorize/CMakeFiles/LLVMVectorize.dir/VPlanSLP.cpp.o.d -o lib/Transforms/Vectorize/CMakeFiles/LLVMVectorize.dir/VPlanSLP.cpp.o -c /var/llvm-compile-time-tracker/llvm-project/llvm/lib/Transforms/Vectorize/VPlanSLP.cpp
In file included from /var/llvm-compile-time-tracker/llvm-project/llvm/include/llvm/Analysis/VectorUtils.h:18,
                 from /var/llvm-compile-time-tracker/llvm-project/llvm/lib/Transforms/Vectorize/VPlan.h:41,
                 from /var/llvm-compile-time-tracker/llvm-project/llvm/lib/Transforms/Vectorize/VPlanSLP.cpp:17:
/var/llvm-compile-time-tracker/llvm-project/llvm/include/llvm/Analysis/LoopAccessAnalysis.h:381:8: error: ‘variant’ in namespace ‘std’ does not name a template type
  381 |   std::variant<Dependence::DepType, DepDistanceStrideAndSizeInfo>
      |        ^~~~~~~
/var/llvm-compile-time-tracker/llvm-project/llvm/include/llvm/Analysis/LoopAccessAnalysis.h:21:1: note: ‘std::variant’ is defined in header ‘<variant>’; did you forget to ‘#include <variant>’?
   20 | #include "llvm/IR/DiagnosticInfo.h"
  +++ |+#include <variant>
   21 | #include <optional>
[1256/2717] Building CXX object lib/Transforms/Vectorize/CMakeFiles/LLVMVectorize.dir/VPlanVerifier.cpp.o
FAILED: lib/Transforms/Vectorize/CMakeFiles/LLVMVectorize.dir/VPlanVerifier.cpp.o 
CCACHE_CPP2=yes CCACHE_HASHDIR=yes /usr/bin/ccache /usr/bin/c++ -DGTEST_HAS_RTTI=0 -D_GNU_SOURCE -D__STDC_CONSTANT_MACROS -D__STDC_FORMAT_MACROS -D__STDC_LIMIT_MACROS -I/tmp/llvm-project-build-stage1/lib/Transforms/Vectorize -I/var/llvm-compile-time-tracker/llvm-project/llvm/lib/Transforms/Vectorize -I/tmp/llvm-project-build-stage1/include -I/var/llvm-compile-time-tracker/llvm-project/llvm/include -fPIC -fno-semantic-interposition -fvisibility-inlines-hidden -Werror=date-time -Wall -Wextra -Wno-unused-parameter -Wwrite-strings -Wcast-qual -Wno-missing-field-initializers -pedantic -Wno-long-long -Wimplicit-fallthrough -Wno-uninitialized -Wno-nonnull -Wno-class-memaccess -Wno-redundant-move -Wno-pessimizing-move -Wno-noexcept-type -Wdelete-non-virtual-dtor -Wsuggest-override -Wno-comment -Wno-misleading-indentation -Wctad-maybe-unsupported -fdiagnostics-color -ffunction-sections -fdata-sections -O3 -DNDEBUG  -fno-exceptions -funwind-tables -fno-rtti -std=c++17 -MD -MT lib/Transforms/Vectorize/CMakeFiles/LLVMVectorize.dir/VPlanVerifier.cpp.o -MF lib/Transforms/Vectorize/CMakeFiles/LLVMVectorize.dir/VPlanVerifier.cpp.o.d -o lib/Transforms/Vectorize/CMakeFiles/LLVMVectorize.dir/VPlanVerifier.cpp.o -c /var/llvm-compile-time-tracker/llvm-project/llvm/lib/Transforms/Vectorize/VPlanVerifier.cpp
In file included from /var/llvm-compile-time-tracker/llvm-project/llvm/include/llvm/Analysis/VectorUtils.h:18,
                 from /var/llvm-compile-time-tracker/llvm-project/llvm/lib/Transforms/Vectorize/VPlan.h:41,
                 from /var/llvm-compile-time-tracker/llvm-project/llvm/lib/Transforms/Vectorize/VPlanVerifier.cpp:16:
/var/llvm-compile-time-tracker/llvm-project/llvm/include/llvm/Analysis/LoopAccessAnalysis.h:381:8: error: ‘variant’ in namespace ‘std’ does not name a template type
  381 |   std::variant<Dependence::DepType, DepDistanceStrideAndSizeInfo>
      |        ^~~~~~~
/var/llvm-compile-time-tracker/llvm-project/llvm/include/llvm/Analysis/LoopAccessAnalysis.h:21:1: note: ‘std::variant’ is defined in header ‘<variant>’; did you forget to ‘#include <variant>’?
   20 | #include "llvm/IR/DiagnosticInfo.h"
  +++ |+#include <variant>
   21 | #include <optional>
[1257/2717] Building CXX object lib/CodeGen/SelectionDAG/CMakeFiles/LLVMSelectionDAG.dir/LegalizeVectorOps.cpp.o
FAILED: lib/CodeGen/SelectionDAG/CMakeFiles/LLVMSelectionDAG.dir/LegalizeVectorOps.cpp.o 
CCACHE_CPP2=yes CCACHE_HASHDIR=yes /usr/bin/ccache /usr/bin/c++ -DGTEST_HAS_RTTI=0 -D_GNU_SOURCE -D__STDC_CONSTANT_MACROS -D__STDC_FORMAT_MACROS -D__STDC_LIMIT_MACROS -I/tmp/llvm-project-build-stage1/lib/CodeGen/SelectionDAG -I/var/llvm-compile-time-tracker/llvm-project/llvm/lib/CodeGen/SelectionDAG -I/tmp/llvm-project-build-stage1/include -I/var/llvm-compile-time-tracker/llvm-project/llvm/include -fPIC -fno-semantic-interposition -fvisibility-inlines-hidden -Werror=date-time -Wall -Wextra -Wno-unused-parameter -Wwrite-strings -Wcast-qual -Wno-missing-field-initializers -pedantic -Wno-long-long -Wimplicit-fallthrough -Wno-uninitialized -Wno-nonnull -Wno-class-memaccess -Wno-redundant-move -Wno-pessimizing-move -Wno-noexcept-type -Wdelete-non-virtual-dtor -Wsuggest-override -Wno-comment -Wno-misleading-indentation -Wctad-maybe-unsupported -fdiagnostics-color -ffunction-sections -fdata-sections -O3 -DNDEBUG  -fno-exceptions -funwind-tables -fno-rtti -std=c++17 -MD -MT lib/CodeGen/SelectionDAG/CMakeFiles/LLVMSelectionDAG.dir/LegalizeVectorOps.cpp.o -MF lib/CodeGen/SelectionDAG/CMakeFiles/LLVMSelectionDAG.dir/LegalizeVectorOps.cpp.o.d -o lib/CodeGen/SelectionDAG/CMakeFiles/LLVMSelectionDAG.dir/LegalizeVectorOps.cpp.o -c /var/llvm-compile-time-tracker/llvm-project/llvm/lib/CodeGen/SelectionDAG/LegalizeVectorOps.cpp
In file included from /var/llvm-compile-time-tracker/llvm-project/llvm/include/llvm/Analysis/VectorUtils.h:18,
                 from /var/llvm-compile-time-tracker/llvm-project/llvm/lib/CodeGen/SelectionDAG/LegalizeVectorOps.cpp:32:
/var/llvm-compile-time-tracker/llvm-project/llvm/include/llvm/Analysis/LoopAccessAnalysis.h:381:8: error: ‘variant’ in namespace ‘std’ does not name a template type
  381 |   std::variant<Dependence::DepType, DepDistanceStrideAndSizeInfo>
      |        ^~~~~~~
/var/llvm-compile-time-tracker/llvm-project/llvm/include/llvm/Analysis/LoopAccessAnalysis.h:21:1: note: ‘std::variant’ is defined in header ‘<variant>’; did you forget to ‘#include <variant>’?
   20 | #include "llvm/IR/DiagnosticInfo.h"
  +++ |+#include <variant>
   21 | #include <optional>
[1258/2717] Building CXX object lib/Transforms/Vectorize/CMakeFiles/LLVMVectorize.dir/VPlanTransforms.cpp.o
FAILED: lib/Transforms/Vectorize/CMakeFiles/LLVMVectorize.dir/VPlanTransforms.cpp.o 
CCACHE_CPP2=yes CCACHE_HASHDIR=yes /usr/bin/ccache /usr/bin/c++ -DGTEST_HAS_RTTI=0 -D_GNU_SOURCE -D__STDC_CONSTANT_MACROS -D__STDC_FORMAT_MACROS -D__STDC_LIMIT_MACROS -I/tmp/llvm-project-build-stage1/lib/Transforms/Vectorize -I/var/llvm-compile-time-tracker/llvm-project/llvm/lib/Transforms/Vectorize -I/tmp/llvm-project-build-stage1/include -I/var/llvm-compile-time-tracker/llvm-project/llvm/include -fPIC -fno-semantic-interposition -fvisibility-inlines-hidden -Werror=date-time -Wall -Wextra -Wno-unused-parameter -Wwrite-strings -Wcast-qual -Wno-missing-field-initializers -pedantic -Wno-long-long -Wimplicit-fallthrough -Wno-uninitialized -Wno-nonnull -Wno-class-memaccess -Wno-redundant-move -Wno-pessimizing-move -Wno-noexcept-type -Wdelete-non-virtual-dtor -Wsuggest-override -Wno-comment -Wno-misleading-indentation -Wctad-maybe-unsupported -fdiagnostics-color -ffunction-sections -fdata-sections -O3 -DNDEBUG  -fno-exceptions -funwind-tables -fno-rtti -std=c++17 -MD -MT lib/Transforms/Vectorize/CMakeFiles/LLVMVectorize.dir/VPlanTransforms.cpp.o -MF lib/Transforms/Vectorize/CMakeFiles/LLVMVectorize.dir/VPlanTransforms.cpp.o.d -o lib/Transforms/Vectorize/CMakeFiles/LLVMVectorize.dir/VPlanTransforms.cpp.o -c /var/llvm-compile-time-tracker/llvm-project/llvm/lib/Transforms/Vectorize/VPlanTransforms.cpp
In file included from /var/llvm-compile-time-tracker/llvm-project/llvm/include/llvm/Analysis/VectorUtils.h:18,
                 from /var/llvm-compile-time-tracker/llvm-project/llvm/lib/Transforms/Vectorize/VPlan.h:41,
                 from /var/llvm-compile-time-tracker/llvm-project/llvm/lib/Transforms/Vectorize/VPlanTransforms.h:16,
                 from /var/llvm-compile-time-tracker/llvm-project/llvm/lib/Transforms/Vectorize/VPlanTransforms.cpp:14:
/var/llvm-compile-time-tracker/llvm-project/llvm/include/llvm/Analysis/LoopAccessAnalysis.h:381:8: error: ‘variant’ in namespace ‘std’ does not name a template type
  381 |   std::variant<Dependence::DepType, DepDistanceStrideAndSizeInfo>
      |        ^~~~~~~
/var/llvm-compile-time-tracker/llvm-project/llvm/include/llvm/Analysis/LoopAccessAnalysis.h:21:1: note: ‘std::variant’ is defined in header ‘<variant>’; did you forget to ‘#include <variant>’?
   20 | #include "llvm/IR/DiagnosticInfo.h"
  +++ |+#include <variant>
   21 | #include <optional>
[1259/2717] Building X86GenSubtargetInfo.inc...
[1260/2717] Building CXX object lib/Transforms/Vectorize/CMakeFiles/LLVMVectorize.dir/VPlanRecipes.cpp.o
FAILED: lib/Transforms/Vectorize/CMakeFiles/LLVMVectorize.dir/VPlanRecipes.cpp.o 
CCACHE_CPP2=yes CCACHE_HASHDIR=yes /usr/bin/ccache /usr/bin/c++ -DGTEST_HAS_RTTI=0 -D_GNU_SOURCE -D__STDC_CONSTANT_MACROS -D__STDC_FORMAT_MACROS -D__STDC_LIMIT_MACROS -I/tmp/llvm-project-build-stage1/lib/Transforms/Vectorize -I/var/llvm-compile-time-tracker/llvm-project/llvm/lib/Transforms/Vectorize -I/tmp/llvm-project-build-stage1/include -I/var/llvm-compile-time-tracker/llvm-project/llvm/include -fPIC -fno-semantic-interposition -fvisibility-inlines-hidden -Werror=date-time -Wall -Wextra -Wno-unused-parameter -Wwrite-strings -Wcast-qual -Wno-missing-field-initializers -pedantic -Wno-long-long -Wimplicit-fallthrough -Wno-uninitialized -Wno-nonnull -Wno-class-memaccess -Wno-redundant-move -Wno-pessimizing-move -Wno-noexcept-type -Wdelete-non-virtual-dtor -Wsuggest-override -Wno-comment -Wno-misleading-indentation -Wctad-maybe-unsupported -fdiagnostics-color -ffunction-sections -fdata-sections -O3 -DNDEBUG  -fno-exceptions -funwind-tables -fno-rtti -std=c++17 -MD -MT lib/Transforms/Vectorize/CMakeFiles/LLVMVectorize.dir/VPlanRecipes.cpp.o -MF lib/Transforms/Vectorize/CMakeFiles/LLVMVectorize.dir/VPlanRecipes.cpp.o.d -o lib/Transforms/Vectorize/CMakeFiles/LLVMVectorize.dir/VPlanRecipes.cpp.o -c /var/llvm-compile-time-tracker/llvm-project/llvm/lib/Transforms/Vectorize/VPlanRecipes.cpp
In file included from /var/llvm-compile-time-tracker/llvm-project/llvm/include/llvm/Analysis/VectorUtils.h:18,
                 from /var/llvm-compile-time-tracker/llvm-project/llvm/lib/Transforms/Vectorize/VPlan.h:41,
                 from /var/llvm-compile-time-tracker/llvm-project/llvm/lib/Transforms/Vectorize/VPlanRecipes.cpp:14:
/var/llvm-compile-time-tracker/llvm-project/llvm/include/llvm/Analysis/LoopAccessAnalysis.h:381:8: error: ‘variant’ in namespace ‘std’ does not name a template type
  381 |   std::variant<Dependence::DepType, DepDistanceStrideAndSizeInfo>
      |        ^~~~~~~
/var/llvm-compile-time-tracker/llvm-project/llvm/include/llvm/Analysis/LoopAccessAnalysis.h:21:1: note: ‘std::variant’ is defined in header ‘<variant>’; did you forget to ‘#include <variant>’?
   20 | #include "llvm/IR/DiagnosticInfo.h"
  +++ |+#include <variant>
   21 | #include <optional>
[1261/2717] Building CXX object lib/CodeGen/CMakeFiles/LLVMCodeGen.dir/BasicTargetTransformInfo.cpp.o
FAILED: lib/CodeGen/CMakeFiles/LLVMCodeGen.dir/BasicTargetTransformInfo.cpp.o 
CCACHE_CPP2=yes CCACHE_HASHDIR=yes /usr/bin/ccache /usr/bin/c++ -DGTEST_HAS_RTTI=0 -D_GNU_SOURCE -D__STDC_CONSTANT_MACROS -D__STDC_FORMAT_MACROS -D__STDC_LIMIT_MACROS -I/tmp/llvm-project-build-stage1/lib/CodeGen -I/var/llvm-compile-time-tracker/llvm-project/llvm/lib/CodeGen -I/tmp/llvm-project-build-stage1/include -I/var/llvm-compile-time-tracker/llvm-project/llvm/include -fPIC -fno-semantic-interposition -fvisibility-inlines-hidden -Werror=date-time -Wall -Wextra -Wno-unused-parameter -Wwrite-strings -Wcast-qual -Wno-missing-field-initializers -pedantic -Wno-long-long -Wimplicit-fallthrough -Wno-uninitialized -Wno-nonnull -Wno-class-memaccess -Wno-redundant-move -Wno-pessimizing-move -Wno-noexcept-type -Wdelete-non-virtual-dtor -Wsuggest-override -Wno-comment -Wno-misleading-indentation -Wctad-maybe-unsupported -fdiagnostics-color -ffunction-sections -fdata-sections -O3 -DNDEBUG  -fno-exceptions -funwind-tables -fno-rtti -std=c++17 -MD -MT lib/CodeGen/CMakeFiles/LLVMCodeGen.dir/BasicTargetTransformInfo.cpp.o -MF lib/CodeGen/CMakeFiles/LLVMCodeGen.dir/BasicTargetTransformInfo.cpp.o.d -o lib/CodeGen/CMakeFiles/LLVMCodeGen.dir/BasicTargetTransformInfo.cpp.o -c /var/llvm-compile-time-tracker/llvm-project/llvm/lib/CodeGen/BasicTargetTransformInfo.cpp
In file included from /var/llvm-compile-time-tracker/llvm-project/llvm/include/llvm/Analysis/VectorUtils.h:18,
                 from /var/llvm-compile-time-tracker/llvm-project/llvm/include/llvm/Analysis/TargetTransformInfoImpl.h:19,
                 from /var/llvm-compile-time-tracker/llvm-project/llvm/include/llvm/CodeGen/BasicTTIImpl.h:27,
                 from /var/llvm-compile-time-tracker/llvm-project/llvm/lib/CodeGen/BasicTargetTransformInfo.cpp:17:
/var/llvm-compile-time-tracker/llvm-project/llvm/include/llvm/Analysis/LoopAccessAnalysis.h:381:8: error: ‘variant’ in namespace ‘std’ does not name a template type
  381 |   std::variant<Dependence::DepType, DepDistanceStrideAndSizeInfo>
      |        ^~~~~~~
/var/llvm-compile-time-tracker/llvm-project/llvm/include/llvm/Analysis/LoopAccessAnalysis.h:19:1: note: ‘std::variant’ is defined in header ‘<variant>’; did you forget to ‘#include <variant>’?
   18 | #include "llvm/Analysis/LoopAnalysisManager.h"
  +++ |+#include <variant>
   19 | #include "llvm/Analysis/ScalarEvolutionExpressions.h"
[1262/2717] Building X86GenInstrInfo.inc...
[1263/2717] Building CXX object lib/CodeGen/SelectionDAG/CMakeFiles/LLVMSelectionDAG.dir/DAGCombiner.cpp.o
FAILED: lib/CodeGen/SelectionDAG/CMakeFiles/LLVMSelectionDAG.dir/DAGCombiner.cpp.o 
CCACHE_CPP2=yes CCACHE_HASHDIR=yes /usr/bin/ccache /usr/bin/c++ -DGTEST_HAS_RTTI=0 -D_GNU_SOURCE -D__STDC_CONSTANT_MACROS -D__STDC_FORMAT_MACROS -D__STDC_LIMIT_MACROS -I/tmp/llvm-project-build-stage1/lib/CodeGen/SelectionDAG -I/var/llvm-compile-time-tracker/llvm-project/llvm/lib/CodeGen/SelectionDAG -I/tmp/llvm-project-build-stage1/include -I/var/llvm-compile-time-tracker/llvm-project/llvm/include -fPIC -fno-semantic-interposition -fvisibility-inlines-hidden -Werror=date-time -Wall -Wextra -Wno-unused-parameter -Wwrite-strings -Wcast-qual -Wno-missing-field-initializers -pedantic -Wno-long-long -Wimplicit-fallthrough -Wno-uninitialized -Wno-nonnull -Wno-class-memaccess -Wno-redundant-move -Wno-pessimizing-move -Wno-noexcept-type -Wdelete-non-virtual-dtor -Wsuggest-override -Wno-comment -Wno-misleading-indentation -Wctad-maybe-unsupported -fdiagnostics-color -ffunction-sections -fdata-sections -O3 -DNDEBUG  -fno-exceptions -funwind-tables -fno-rtti -std=c++17 -MD -MT lib/CodeGen/SelectionDAG/CMakeFiles/LLVMSelectionDAG.dir/DAGCombiner.cpp.o -MF lib/CodeGen/SelectionDAG/CMakeFiles/LLVMSelectionDAG.dir/DAGCombiner.cpp.o.d -o lib/CodeGen/SelectionDAG/CMakeFiles/LLVMSelectionDAG.dir/DAGCombiner.cpp.o -c /var/llvm-compile-time-tracker/llvm-project/llvm/lib/CodeGen/SelectionDAG/DAGCombiner.cpp
In file included from /var/llvm-compile-time-tracker/llvm-project/llvm/include/llvm/Analysis/VectorUtils.h:18,
                 from /var/llvm-compile-time-tracker/llvm-project/llvm/lib/CodeGen/SelectionDAG/DAGCombiner.cpp:34:
/var/llvm-compile-time-tracker/llvm-project/llvm/include/llvm/Analysis/LoopAccessAnalysis.h:381:8: error: ‘variant’ in namespace ‘std’ does not name a template type
  381 |   std::variant<Dependence::DepType, DepDistanceStrideAndSizeInfo>
      |        ^~~~~~~
/var/llvm-compile-time-tracker/llvm-project/llvm/include/llvm/Analysis/LoopAccessAnalysis.h:21:1: note: ‘std::variant’ is defined in header ‘<variant>’; did you forget to ‘#include <variant>’?
   20 | #include "llvm/IR/DiagnosticInfo.h"
  +++ |+#include <variant>
   21 | #include <optional>
[1264/2717] Building CXX object lib/CodeGen/CMakeFiles/LLVMCodeGen.dir/CodeGenPrepare.cpp.o
FAILED: lib/CodeGen/CMakeFiles/LLVMCodeGen.dir/CodeGenPrepare.cpp.o 
CCACHE_CPP2=yes CCACHE_HASHDIR=yes /usr/bin/ccache /usr/bin/c++ -DGTEST_HAS_RTTI=0 -D_GNU_SOURCE -D__STDC_CONSTANT_MACROS -D__STDC_FORMAT_MACROS -D__STDC_LIMIT_MACROS -I/tmp/llvm-project-build-stage1/lib/CodeGen -I/var/llvm-compile-time-tracker/llvm-project/llvm/lib/CodeGen -I/tmp/llvm-project-build-stage1/include -I/var/llvm-compile-time-tracker/llvm-project/llvm/include -fPIC -fno-semantic-interposition -fvisibility-inlines-hidden -Werror=date-time -Wall -Wextra -Wno-unused-parameter -Wwrite-strings -Wcast-qual -Wno-missing-field-initializers -pedantic -Wno-long-long -Wimplicit-fallthrough -Wno-uninitialized -Wno-nonnull -Wno-class-memaccess -Wno-redundant-move -Wno-pessimizing-move -Wno-noexcept-type -Wdelete-non-virtual-dtor -Wsuggest-override -Wno-comment -Wno-misleading-indentation -Wctad-maybe-unsupported -fdiagnostics-color -ffunction-sections -fdata-sections -O3 -DNDEBUG  -fno-exceptions -funwind-tables -fno-rtti -std=c++17 -MD -MT lib/CodeGen/CMakeFiles/LLVMCodeGen.dir/CodeGenPrepare.cpp.o -MF lib/CodeGen/CMakeFiles/LLVMCodeGen.dir/CodeGenPrepare.cpp.o.d -o lib/CodeGen/CMakeFiles/LLVMCodeGen.dir/CodeGenPrepare.cpp.o -c /var/llvm-compile-time-tracker/llvm-project/llvm/lib/CodeGen/CodeGenPrepare.cpp
In file included from /var/llvm-compile-time-tracker/llvm-project/llvm/include/llvm/Analysis/VectorUtils.h:18,
                 from /var/llvm-compile-time-tracker/llvm-project/llvm/lib/CodeGen/CodeGenPrepare.cpp:33:
/var/llvm-compile-time-tracker/llvm-project/llvm/include/llvm/Analysis/LoopAccessAnalysis.h:381:8: error: ‘variant’ in namespace ‘std’ does not name a template type
  381 |   std::variant<Dependence::DepType, DepDistanceStrideAndSizeInfo>
      |        ^~~~~~~
/var/llvm-compile-time-tracker/llvm-project/llvm/include/llvm/Analysis/LoopAccessAnalysis.h:21:1: note: ‘std::variant’ is defined in header ‘<variant>’; did you forget to ‘#include <variant>’?
   20 | #include "llvm/IR/DiagnosticInfo.h"
  +++ |+#include <variant>
   21 | #include <optional>
[1265/2717] Building CXX object lib/CodeGen/GlobalISel/CMakeFiles/LLVMGlobalISel.dir/IRTranslator.cpp.o
[1266/2717] Building CXX object lib/CodeGen/SelectionDAG/CMakeFiles/LLVMSelectionDAG.dir/TargetLowering.cpp.o
ninja: build stopped: subcommand failed.


STDERR:
Command exited with non-zero status 1
108.65user 10.44system 0:12.81elapsed 929%CPU (0avgtext+0avgdata 835372maxresident)k
0inputs+851768outputs (8203major+5827339minor)pagefaults 0swaps
