MESSAGE: Execution of "sudo -u lctt-runner ./build_llvm_project_stage1.sh" failed

STDOUT:
[2312/3220] Building CXX object tools/clang/lib/AST/CMakeFiles/obj.clangAST.dir/ASTImporter.cpp.o
[2313/3220] Building CXX object tools/clang/lib/AST/CMakeFiles/obj.clangAST.dir/ASTImporterLookupTable.cpp.o
[2314/3220] Building CXX object tools/clang/lib/AST/CMakeFiles/obj.clangAST.dir/ASTStructuralEquivalence.cpp.o
[2315/3220] Building CXX object tools/clang/lib/AST/CMakeFiles/obj.clangAST.dir/APValue.cpp.o
[2316/3220] Building CXX object tools/clang/lib/AST/CMakeFiles/obj.clangAST.dir/ASTConcept.cpp.o
[2317/3220] Building CXX object tools/clang/lib/AST/CMakeFiles/obj.clangAST.dir/ASTTypeTraits.cpp.o
[2318/3220] Building CXX object tools/clang/lib/AST/CMakeFiles/obj.clangAST.dir/AttrDocTable.cpp.o
[2319/3220] Building CXX object tools/clang/lib/AST/CMakeFiles/obj.clangAST.dir/CommentLexer.cpp.o
[2320/3220] Building CXX object tools/clang/lib/AST/CMakeFiles/obj.clangAST.dir/Availability.cpp.o
[2321/3220] Building CXX object tools/clang/lib/AST/CMakeFiles/obj.clangAST.dir/Comment.cpp.o
[2322/3220] Building CXX object tools/clang/lib/AST/CMakeFiles/obj.clangAST.dir/CommentCommandTraits.cpp.o
[2323/3220] Building CXX object tools/clang/lib/AST/CMakeFiles/obj.clangAST.dir/AttrImpl.cpp.o
[2324/3220] Building CXX object tools/clang/lib/AST/CMakeFiles/obj.clangAST.dir/CommentParser.cpp.o
[2325/3220] Building CXX object tools/clang/lib/AST/CMakeFiles/obj.clangAST.dir/ComparisonCategories.cpp.o
[2326/3220] Building CXX object tools/clang/lib/AST/CMakeFiles/obj.clangAST.dir/ComputeDependence.cpp.o
[2327/3220] Building CXX object tools/clang/lib/AST/CMakeFiles/obj.clangAST.dir/CommentBriefParser.cpp.o
[2328/3220] Building CXX object tools/clang/lib/AST/CMakeFiles/obj.clangAST.dir/CXXInheritance.cpp.o
[2329/3220] Building CXX object tools/clang/lib/AST/CMakeFiles/obj.clangAST.dir/CommentSema.cpp.o
[2330/3220] Building CXX object tools/clang/lib/AST/CMakeFiles/obj.clangAST.dir/Decl.cpp.o
[2331/3220] Building CXX object tools/clang/lib/AST/CMakeFiles/obj.clangAST.dir/DataCollection.cpp.o
[2332/3220] Building CXX object tools/clang/lib/AST/CMakeFiles/obj.clangAST.dir/DeclBase.cpp.o
[2333/3220] Building CXX object tools/clang/lib/AST/CMakeFiles/obj.clangAST.dir/DeclCXX.cpp.o
[2334/3220] Building CXX object tools/clang/lib/AST/CMakeFiles/obj.clangAST.dir/DeclFriend.cpp.o
[2335/3220] Building CXX object tools/clang/lib/AST/CMakeFiles/obj.clangAST.dir/DeclGroup.cpp.o
[2336/3220] Building OpenCLBuiltins.inc...
[2337/3220] Building CXX object tools/clang/lib/AST/CMakeFiles/obj.clangAST.dir/DeclarationName.cpp.o
[2338/3220] Building CXX object tools/clang/lib/AST/CMakeFiles/obj.clangAST.dir/DeclObjC.cpp.o
[2339/3220] Building CXX object tools/clang/lib/AST/CMakeFiles/obj.clangAST.dir/DeclOpenACC.cpp.o
[2340/3220] Building CXX object tools/clang/lib/AST/CMakeFiles/obj.clangAST.dir/DeclOpenMP.cpp.o
[2341/3220] Building CXX object tools/clang/lib/AST/CMakeFiles/obj.clangAST.dir/DeclPrinter.cpp.o
[2342/3220] Building CXX object tools/clang/lib/AST/CMakeFiles/obj.clangAST.dir/DeclTemplate.cpp.o
[2343/3220] Building CXX object tools/clang/lib/AST/CMakeFiles/obj.clangAST.dir/ExprClassification.cpp.o
[2344/3220] Building CXX object tools/clang/lib/AST/CMakeFiles/obj.clangAST.dir/ParentMapContext.cpp.o
[2345/3220] Building CXX object tools/clang/lib/AST/CMakeFiles/obj.clangAST.dir/Expr.cpp.o
[2346/3220] Building CXX object tools/clang/lib/AST/CMakeFiles/obj.clangAST.dir/DynamicRecursiveASTVisitor.cpp.o
[2347/3220] Building CXX object tools/clang/lib/AST/CMakeFiles/obj.clangAST.dir/ExprConcepts.cpp.o
[2348/3220] Building CXX object tools/clang/lib/AST/CMakeFiles/obj.clangAST.dir/FormatString.cpp.o
[2349/3220] Building CXX object tools/clang/lib/AST/CMakeFiles/obj.clangAST.dir/ExprCXX.cpp.o
[2350/3220] Building CXX object tools/clang/lib/AST/CMakeFiles/obj.clangAST.dir/ExternalASTMerger.cpp.o
[2351/3220] Building CXX object tools/clang/lib/AST/CMakeFiles/obj.clangAST.dir/InferAlloc.cpp.o
[2352/3220] Building CXX object tools/clang/lib/AST/CMakeFiles/obj.clangAST.dir/InheritViz.cpp.o
[2353/3220] Building CXX object tools/clang/lib/AST/CMakeFiles/obj.clangAST.dir/ExprObjC.cpp.o
[2354/3220] Building CXX object tools/clang/lib/AST/CMakeFiles/obj.clangAST.dir/ByteCode/BitcastBuffer.cpp.o
[2355/3220] Building CXX object tools/clang/lib/AST/CMakeFiles/obj.clangAST.dir/ExternalASTSource.cpp.o
[2356/3220] Building AArch64GenRegisterInfo.inc...
[2357/3220] Building AArch64GenSystemOperands.inc...
[2358/3220] Building AArch64GenGlobalISel.inc...
[2359/3220] Building AArch64GenDAGISel.inc...
[2360/3220] Building CXX object tools/clang/lib/AST/CMakeFiles/obj.clangAST.dir/ByteCode/Floating.cpp.o
[2361/3220] Building CXX object tools/clang/lib/AST/CMakeFiles/obj.clangAST.dir/ByteCode/FunctionPointer.cpp.o
[2362/3220] Building X86GenSubtargetInfo.inc...
[2363/3220] Building CXX object tools/clang/lib/AST/CMakeFiles/obj.clangAST.dir/ByteCode/Function.cpp.o
[2364/3220] Building CXX object lib/MC/MCParser/CMakeFiles/LLVMMCParser.dir/AsmParser.cpp.o
[2365/3220] Linking CXX static library lib/libLLVMMCParser.a
[2366/3220] Linking CXX static library lib/libLLVMObject.a
[2367/3220] Linking CXX static library lib/libLLVMObjectYAML.a
[2368/3220] Linking CXX static library lib/libLLVMDebugInfoDWARF.a
[2369/3220] Building CXX object tools/clang/lib/AST/CMakeFiles/obj.clangAST.dir/ByteCode/Descriptor.cpp.o
[2370/3220] Linking CXX static library lib/libLLVMDebugInfoGSYM.a
[2371/3220] Linking CXX static library lib/libLLVMTextAPIBinaryReader.a
[2372/3220] Linking CXX static library lib/libLLVMDebugInfoPDB.a
[2373/3220] Linking CXX static library lib/libLLVMDlltoolDriver.a
[2374/3220] Linking CXX static library lib/libLLVMSymbolize.a
[2375/3220] Linking CXX static library lib/libLLVMLibDriver.a
[2376/3220] Linking CXX static library lib/libLLVMProfileData.a
[2377/3220] Building X86GenInstrInfo.inc...
[2378/3220] Linking CXX static library lib/libLLVMAnalysis.a
[2379/3220] Linking CXX static library lib/libLLVMIRPrinter.a
[2380/3220] Linking CXX static library lib/libLLVMBitWriter.a
[2381/3220] Linking CXX static library lib/libLLVMCGData.a
[2382/3220] Building CXX object tools/clang/lib/AST/CMakeFiles/obj.clangAST.dir/ByteCode/EvalEmitter.cpp.o
FAILED: tools/clang/lib/AST/CMakeFiles/obj.clangAST.dir/ByteCode/EvalEmitter.cpp.o 
CCACHE_CPP2=yes CCACHE_HASHDIR=yes CCACHE_SLOPPINESS=pch_defines,time_macros /usr/bin/ccache /usr/bin/c++ -DCLANG_EXPORTS -DGTEST_HAS_RTTI=0 -D_GLIBCXX_USE_CXX11_ABI=1 -D_GNU_SOURCE -D__STDC_CONSTANT_MACROS -D__STDC_FORMAT_MACROS -D__STDC_LIMIT_MACROS -I/tmp/llvm-project-build-stage1/tools/clang/lib/AST -I/var/llvm-compile-time-tracker/llvm-project/clang/lib/AST -I/var/llvm-compile-time-tracker/llvm-project/clang/include -I/tmp/llvm-project-build-stage1/tools/clang/include -I/tmp/llvm-project-build-stage1/include -I/var/llvm-compile-time-tracker/llvm-project/llvm/include -fPIC -fno-semantic-interposition -fvisibility-inlines-hidden -Werror=date-time -Wall -Wextra -Wno-unused-parameter -Wwrite-strings -Wcast-qual -Wno-missing-field-initializers -pedantic -Wno-long-long -Wimplicit-fallthrough -Wno-uninitialized -Wno-nonnull -Wno-class-memaccess -Wno-redundant-move -Wno-pessimizing-move -Wno-array-bounds -Wno-stringop-overread -Wno-noexcept-type -Wdelete-non-virtual-dtor -Wsuggest-override -Wno-comment -Wno-misleading-indentation -Wctad-maybe-unsupported -fdiagnostics-color -ffunction-sections -fdata-sections -fno-common -Woverloaded-virtual -O3 -DNDEBUG  -fno-exceptions -funwind-tables -fno-rtti -std=c++17 -MD -MT tools/clang/lib/AST/CMakeFiles/obj.clangAST.dir/ByteCode/EvalEmitter.cpp.o -MF tools/clang/lib/AST/CMakeFiles/obj.clangAST.dir/ByteCode/EvalEmitter.cpp.o.d -o tools/clang/lib/AST/CMakeFiles/obj.clangAST.dir/ByteCode/EvalEmitter.cpp.o -c /var/llvm-compile-time-tracker/llvm-project/clang/lib/AST/ByteCode/EvalEmitter.cpp
In file included from /var/llvm-compile-time-tracker/llvm-project/clang/lib/AST/ByteCode/EvalEmitter.cpp:12:
/var/llvm-compile-time-tracker/llvm-project/clang/lib/AST/ByteCode/Interp.h: In function ‘bool clang::interp::SubPtr(clang::interp::InterpState&, clang::interp::CodePtr, bool)’:
/var/llvm-compile-time-tracker/llvm-project/clang/lib/AST/ByteCode/Interp.h:2457:1: error: version control conflict marker in file
 2457 | <<<<<<< HEAD
      | ^~~~~~~
/var/llvm-compile-time-tracker/llvm-project/clang/lib/AST/ByteCode/Interp.h:2467:1: error: expected primary-expression before ‘||’ token
 2467 | ||||||| parent of 97345d13751b ([clang]bytecode] Add degenerate pointers)
      | ^~
/var/llvm-compile-time-tracker/llvm-project/clang/lib/AST/ByteCode/Interp.h:2467:3: error: expected primary-expression before ‘||’ token
 2467 | ||||||| parent of 97345d13751b ([clang]bytecode] Add degenerate pointers)
      |   ^~
/var/llvm-compile-time-tracker/llvm-project/clang/lib/AST/ByteCode/Interp.h:2467:5: error: expected primary-expression before ‘||’ token
 2467 | ||||||| parent of 97345d13751b ([clang]bytecode] Add degenerate pointers)
      |     ^~
/var/llvm-compile-time-tracker/llvm-project/clang/lib/AST/ByteCode/Interp.h:2467:7: error: expected primary-expression before ‘|’ token
 2467 | ||||||| parent of 97345d13751b ([clang]bytecode] Add degenerate pointers)
      |       ^
/var/llvm-compile-time-tracker/llvm-project/clang/lib/AST/ByteCode/Interp.h:2467:9: error: ‘parent’ was not declared in this scope
 2467 | ||||||| parent of 97345d13751b ([clang]bytecode] Add degenerate pointers)
      |         ^~~~~~
/var/llvm-compile-time-tracker/llvm-project/clang/lib/AST/ByteCode/Interp.h:2468:37: error: expected primary-expression before ‘)’ token
 2468 |   for (const Pointer &P : {LHS, RHS}) {
      |                                     ^
/var/llvm-compile-time-tracker/llvm-project/clang/lib/AST/ByteCode/Interp.h:2489:11: error: redeclaration of ‘int64_t B64’
 2489 |   int64_t B64 =
      |           ^~~
/var/llvm-compile-time-tracker/llvm-project/clang/lib/AST/ByteCode/Interp.h:2463:11: note: ‘int64_t B64’ previously declared here
 2463 |   int64_t B64 =
      |           ^~~
/var/llvm-compile-time-tracker/llvm-project/clang/lib/AST/ByteCode/Interp.h:2493:1: error: version control conflict marker in file
 2493 | =======
      | ^~~~~~~
/var/llvm-compile-time-tracker/llvm-project/clang/lib/AST/ByteCode/Interp.h:2494:37: error: expected primary-expression before ‘)’ token
 2494 |   for (const Pointer &P : {LHS, RHS}) {
      |                                     ^
/var/llvm-compile-time-tracker/llvm-project/clang/lib/AST/ByteCode/Interp.h:2510:11: error: redeclaration of ‘int64_t A64’
 2510 |   int64_t A64;
      |           ^~~
/var/llvm-compile-time-tracker/llvm-project/clang/lib/AST/ByteCode/Interp.h:2484:11: note: ‘int64_t A64’ previously declared here
 2484 |   int64_t A64 =
      |           ^~~
/var/llvm-compile-time-tracker/llvm-project/clang/lib/AST/ByteCode/Interp.h:2511:11: error: redeclaration of ‘int64_t B64’
 2511 |   int64_t B64;
      |           ^~~
/var/llvm-compile-time-tracker/llvm-project/clang/lib/AST/ByteCode/Interp.h:2463:11: note: ‘int64_t B64’ previously declared here
 2463 |   int64_t B64 =
      |           ^~~
/var/llvm-compile-time-tracker/llvm-project/clang/lib/AST/ByteCode/Interp.h:2512:1: error: version control conflict marker in file
 2512 | >>>>>>> 97345d13751b ([clang]bytecode] Add degenerate pointers)
      | ^~~~~~~
/var/llvm-compile-time-tracker/llvm-project/clang/lib/AST/ByteCode/Interp.h:2517:5: error: ‘else’ without a previous ‘if’
 2517 |   } else {
      |     ^~~~
[2383/3220] Linking CXX static library lib/libLLVMFrontendAtomic.a
[2384/3220] Building CXX object tools/clang/lib/AST/CMakeFiles/obj.clangAST.dir/ByteCode/EvaluationResult.cpp.o
[2385/3220] Building CXX object tools/clang/lib/AST/CMakeFiles/obj.clangAST.dir/ByteCode/InterpBuiltinBitCast.cpp.o
[2386/3220] Building CXX object lib/Target/X86/CMakeFiles/LLVMX86CodeGen.dir/X86ArgumentStackSlotRebase.cpp.o
[2387/3220] Building CXX object tools/clang/lib/AST/CMakeFiles/obj.clangAST.dir/ByteCode/InterpBlock.cpp.o
[2388/3220] Building CXX object tools/clang/lib/AST/CMakeFiles/obj.clangAST.dir/ByteCode/DynamicAllocator.cpp.o
[2389/3220] Building CXX object tools/clang/lib/AST/CMakeFiles/obj.clangAST.dir/ByteCode/Context.cpp.o
[2390/3220] Building AArch64GenInstrInfo.inc...
[2391/3220] Building CXX object tools/clang/lib/AST/CMakeFiles/obj.clangAST.dir/ByteCode/ByteCodeEmitter.cpp.o
[2392/3220] Building CXX object tools/clang/lib/AST/CMakeFiles/obj.clangAST.dir/ByteCode/InterpFrame.cpp.o
[2393/3220] Building AArch64GenSubtargetInfo.inc...
[2394/3220] Building CXX object tools/clang/lib/AST/CMakeFiles/obj.clangAST.dir/ByteCode/Interp.cpp.o
FAILED: tools/clang/lib/AST/CMakeFiles/obj.clangAST.dir/ByteCode/Interp.cpp.o 
CCACHE_CPP2=yes CCACHE_HASHDIR=yes CCACHE_SLOPPINESS=pch_defines,time_macros /usr/bin/ccache /usr/bin/c++ -DCLANG_EXPORTS -DGTEST_HAS_RTTI=0 -D_GLIBCXX_USE_CXX11_ABI=1 -D_GNU_SOURCE -D__STDC_CONSTANT_MACROS -D__STDC_FORMAT_MACROS -D__STDC_LIMIT_MACROS -I/tmp/llvm-project-build-stage1/tools/clang/lib/AST -I/var/llvm-compile-time-tracker/llvm-project/clang/lib/AST -I/var/llvm-compile-time-tracker/llvm-project/clang/include -I/tmp/llvm-project-build-stage1/tools/clang/include -I/tmp/llvm-project-build-stage1/include -I/var/llvm-compile-time-tracker/llvm-project/llvm/include -fPIC -fno-semantic-interposition -fvisibility-inlines-hidden -Werror=date-time -Wall -Wextra -Wno-unused-parameter -Wwrite-strings -Wcast-qual -Wno-missing-field-initializers -pedantic -Wno-long-long -Wimplicit-fallthrough -Wno-uninitialized -Wno-nonnull -Wno-class-memaccess -Wno-redundant-move -Wno-pessimizing-move -Wno-array-bounds -Wno-stringop-overread -Wno-noexcept-type -Wdelete-non-virtual-dtor -Wsuggest-override -Wno-comment -Wno-misleading-indentation -Wctad-maybe-unsupported -fdiagnostics-color -ffunction-sections -fdata-sections -fno-common -Woverloaded-virtual -O3 -DNDEBUG  -fno-exceptions -funwind-tables -fno-rtti -std=c++17 -MD -MT tools/clang/lib/AST/CMakeFiles/obj.clangAST.dir/ByteCode/Interp.cpp.o -MF tools/clang/lib/AST/CMakeFiles/obj.clangAST.dir/ByteCode/Interp.cpp.o.d -o tools/clang/lib/AST/CMakeFiles/obj.clangAST.dir/ByteCode/Interp.cpp.o -c /var/llvm-compile-time-tracker/llvm-project/clang/lib/AST/ByteCode/Interp.cpp
In file included from /var/llvm-compile-time-tracker/llvm-project/clang/lib/AST/ByteCode/Interp.cpp:9:
/var/llvm-compile-time-tracker/llvm-project/clang/lib/AST/ByteCode/Interp.h: In function ‘bool clang::interp::SubPtr(clang::interp::InterpState&, clang::interp::CodePtr, bool)’:
/var/llvm-compile-time-tracker/llvm-project/clang/lib/AST/ByteCode/Interp.h:2457:1: error: version control conflict marker in file
 2457 | <<<<<<< HEAD
      | ^~~~~~~
/var/llvm-compile-time-tracker/llvm-project/clang/lib/AST/ByteCode/Interp.h:2467:1: error: expected primary-expression before ‘||’ token
 2467 | ||||||| parent of 97345d13751b ([clang]bytecode] Add degenerate pointers)
      | ^~
/var/llvm-compile-time-tracker/llvm-project/clang/lib/AST/ByteCode/Interp.h:2467:3: error: expected primary-expression before ‘||’ token
 2467 | ||||||| parent of 97345d13751b ([clang]bytecode] Add degenerate pointers)
      |   ^~
/var/llvm-compile-time-tracker/llvm-project/clang/lib/AST/ByteCode/Interp.h:2467:5: error: expected primary-expression before ‘||’ token
 2467 | ||||||| parent of 97345d13751b ([clang]bytecode] Add degenerate pointers)
      |     ^~
/var/llvm-compile-time-tracker/llvm-project/clang/lib/AST/ByteCode/Interp.h:2467:7: error: expected primary-expression before ‘|’ token
 2467 | ||||||| parent of 97345d13751b ([clang]bytecode] Add degenerate pointers)
      |       ^
/var/llvm-compile-time-tracker/llvm-project/clang/lib/AST/ByteCode/Interp.h:2467:9: error: ‘parent’ was not declared in this scope
 2467 | ||||||| parent of 97345d13751b ([clang]bytecode] Add degenerate pointers)
      |         ^~~~~~
/var/llvm-compile-time-tracker/llvm-project/clang/lib/AST/ByteCode/Interp.h:2468:37: error: expected primary-expression before ‘)’ token
 2468 |   for (const Pointer &P : {LHS, RHS}) {
      |                                     ^
/var/llvm-compile-time-tracker/llvm-project/clang/lib/AST/ByteCode/Interp.h:2489:11: error: redeclaration of ‘int64_t B64’
 2489 |   int64_t B64 =
      |           ^~~
/var/llvm-compile-time-tracker/llvm-project/clang/lib/AST/ByteCode/Interp.h:2463:11: note: ‘int64_t B64’ previously declared here
 2463 |   int64_t B64 =
      |           ^~~
/var/llvm-compile-time-tracker/llvm-project/clang/lib/AST/ByteCode/Interp.h:2493:1: error: version control conflict marker in file
 2493 | =======
      | ^~~~~~~
/var/llvm-compile-time-tracker/llvm-project/clang/lib/AST/ByteCode/Interp.h:2494:37: error: expected primary-expression before ‘)’ token
 2494 |   for (const Pointer &P : {LHS, RHS}) {
      |                                     ^
/var/llvm-compile-time-tracker/llvm-project/clang/lib/AST/ByteCode/Interp.h:2510:11: error: redeclaration of ‘int64_t A64’
 2510 |   int64_t A64;
      |           ^~~
/var/llvm-compile-time-tracker/llvm-project/clang/lib/AST/ByteCode/Interp.h:2484:11: note: ‘int64_t A64’ previously declared here
 2484 |   int64_t A64 =
      |           ^~~
/var/llvm-compile-time-tracker/llvm-project/clang/lib/AST/ByteCode/Interp.h:2511:11: error: redeclaration of ‘int64_t B64’
 2511 |   int64_t B64;
      |           ^~~
/var/llvm-compile-time-tracker/llvm-project/clang/lib/AST/ByteCode/Interp.h:2463:11: note: ‘int64_t B64’ previously declared here
 2463 |   int64_t B64 =
      |           ^~~
/var/llvm-compile-time-tracker/llvm-project/clang/lib/AST/ByteCode/Interp.h:2512:1: error: version control conflict marker in file
 2512 | >>>>>>> 97345d13751b ([clang]bytecode] Add degenerate pointers)
      | ^~~~~~~
/var/llvm-compile-time-tracker/llvm-project/clang/lib/AST/ByteCode/Interp.h:2517:5: error: ‘else’ without a previous ‘if’
 2517 |   } else {
      |     ^~~~
[2395/3220] Building CXX object tools/clang/lib/AST/CMakeFiles/obj.clangAST.dir/ByteCode/InterpBuiltin.cpp.o
[2396/3220] Building CXX object tools/clang/lib/AST/CMakeFiles/obj.clangAST.dir/ByteCode/Disasm.cpp.o
[2397/3220] Building CXX object tools/clang/lib/AST/CMakeFiles/obj.clangAST.dir/ByteCode/Compiler.cpp.o
[2398/3220] Building CXX object tools/clang/lib/AST/CMakeFiles/obj.clangAST.dir/ExprConstant.cpp.o
[2399/3220] Building CXX object tools/clang/lib/AST/CMakeFiles/obj.clangAST.dir/ASTContext.cpp.o
ninja: build stopped: subcommand failed.


STDERR:
CMake Deprecation Warning at /var/llvm-compile-time-tracker/llvm-project/clang/CMakeLists.txt:456 (message):
  'CLANG_ENABLE_ARCMT' is deprecated as ARCMigrate has been removed from
  Clang.  Please use 'CLANG_ENABLE_OBJC_REWRITER' instead to enable or
  disable the Objective-C rewriter.


Command exited with non-zero status 1
224.75user 15.53system 0:24.70elapsed 972%CPU (0avgtext+0avgdata 1256932maxresident)k
120inputs+1634568outputs (3092major+8883752minor)pagefaults 0swaps
