MESSAGE: Execution of "sudo -u lctt-runner ./build_llvm_project_stage1.sh" failed

STDOUT:
-- Looking for include file sys/inotify.h
-- Looking for include file sys/inotify.h - found
-- Performing Test HAVE_LINKER_FLAG_LONG_PLT
-- Performing Test HAVE_LINKER_FLAG_LONG_PLT - Success
-- Not building llvm-mt because libxml2 is not available
-- Registering ExampleIRTransforms as a pass plugin (static build: OFF)
-- Registering Bye as a pass plugin (static build: OFF)
-- Configuring done
-- Generating done
-- Build files have been written to: /tmp/llvm-project-build-stage1
ninja: Entering directory `/tmp/llvm-project-build-stage1'
[1/3162] Building CXX object lib/Demangle/CMakeFiles/LLVMDemangle.dir/MicrosoftDemangle.cpp.o
[2/3162] Building CXX object lib/Demangle/CMakeFiles/LLVMDemangle.dir/DLangDemangle.cpp.o
[3/3162] Building CXX object lib/Demangle/CMakeFiles/LLVMDemangle.dir/Demangle.cpp.o
[4/3162] Building CXX object lib/Support/CMakeFiles/LLVMSupport.dir/ABIBreak.cpp.o
[5/3162] Building CXX object lib/Support/CMakeFiles/LLVMSupport.dir/FormattedStream.cpp.o
[6/3162] Building CXX object lib/Demangle/CMakeFiles/LLVMDemangle.dir/RustDemangle.cpp.o
[7/3162] Building CXX object lib/Demangle/CMakeFiles/LLVMDemangle.dir/ItaniumDemangle.cpp.o
[8/3162] Building CXX object lib/Demangle/CMakeFiles/LLVMDemangle.dir/MicrosoftDemangleNodes.cpp.o
[9/3162] Building CXX object lib/Support/CMakeFiles/LLVMSupport.dir/AArch64BuildAttributes.cpp.o
[10/3162] Building CXX object lib/Support/CMakeFiles/LLVMSupport.dir/AutoConvert.cpp.o
[11/3162] Building CXX object lib/Support/CMakeFiles/LLVMSupport.dir/Allocator.cpp.o
[12/3162] Linking CXX static library lib/libLLVMDemangle.a
[13/3162] Building CXX object lib/Support/CMakeFiles/LLVMSupport.dir/BlockFrequency.cpp.o
[14/3162] Building CXX object lib/Support/CMakeFiles/LLVMSupport.dir/BuryPointer.cpp.o
[15/3162] Building CXX object lib/Support/CMakeFiles/LLVMSupport.dir/ARMWinEH.cpp.o
FAILED: lib/Support/CMakeFiles/LLVMSupport.dir/ARMWinEH.cpp.o 
CCACHE_CPP2=yes CCACHE_HASHDIR=yes CCACHE_SLOPPINESS=pch_defines,time_macros /usr/bin/ccache /usr/bin/c++ -DGTEST_HAS_RTTI=0 -D_GNU_SOURCE -D__STDC_CONSTANT_MACROS -D__STDC_FORMAT_MACROS -D__STDC_LIMIT_MACROS -I/tmp/llvm-project-build-stage1/lib/Support -I/var/llvm-compile-time-tracker/llvm-project/llvm/lib/Support -I/tmp/llvm-project-build-stage1/include -I/var/llvm-compile-time-tracker/llvm-project/llvm/include -fPIC -fno-semantic-interposition -fvisibility-inlines-hidden -Werror=date-time -Wall -Wextra -Wno-unused-parameter -Wwrite-strings -Wcast-qual -Wno-missing-field-initializers -pedantic -Wno-long-long -Wimplicit-fallthrough -Wno-uninitialized -Wno-nonnull -Wno-class-memaccess -Wno-redundant-move -Wno-pessimizing-move -Wno-noexcept-type -Wdelete-non-virtual-dtor -Wsuggest-override -Wno-comment -Wno-misleading-indentation -Wctad-maybe-unsupported -fdiagnostics-color -ffunction-sections -fdata-sections -O3 -DNDEBUG -std=c++17  -fno-exceptions -funwind-tables -fno-rtti -MD -MT lib/Support/CMakeFiles/LLVMSupport.dir/ARMWinEH.cpp.o -MF lib/Support/CMakeFiles/LLVMSupport.dir/ARMWinEH.cpp.o.d -o lib/Support/CMakeFiles/LLVMSupport.dir/ARMWinEH.cpp.o -c /var/llvm-compile-time-tracker/llvm-project/llvm/lib/Support/ARMWinEH.cpp
In file included from /var/llvm-compile-time-tracker/llvm-project/llvm/include/llvm/ADT/ArrayRef.h:14,
                 from /var/llvm-compile-time-tracker/llvm-project/llvm/include/llvm/Support/ARMWinEH.h:12,
                 from /var/llvm-compile-time-tracker/llvm-project/llvm/lib/Support/ARMWinEH.cpp:9:
/var/llvm-compile-time-tracker/llvm-project/llvm/include/llvm/ADT/STLExtras.h:1635:8: error: extended character – is not valid in an identifier
 1635 | #ifdef EXPENSIVE_CHECKS–
      |        ^
[16/3162] Building CXX object lib/Support/CMakeFiles/LLVMSupport.dir/ARMBuildAttributes.cpp.o
FAILED: lib/Support/CMakeFiles/LLVMSupport.dir/ARMBuildAttributes.cpp.o 
CCACHE_CPP2=yes CCACHE_HASHDIR=yes CCACHE_SLOPPINESS=pch_defines,time_macros /usr/bin/ccache /usr/bin/c++ -DGTEST_HAS_RTTI=0 -D_GNU_SOURCE -D__STDC_CONSTANT_MACROS -D__STDC_FORMAT_MACROS -D__STDC_LIMIT_MACROS -I/tmp/llvm-project-build-stage1/lib/Support -I/var/llvm-compile-time-tracker/llvm-project/llvm/lib/Support -I/tmp/llvm-project-build-stage1/include -I/var/llvm-compile-time-tracker/llvm-project/llvm/include -fPIC -fno-semantic-interposition -fvisibility-inlines-hidden -Werror=date-time -Wall -Wextra -Wno-unused-parameter -Wwrite-strings -Wcast-qual -Wno-missing-field-initializers -pedantic -Wno-long-long -Wimplicit-fallthrough -Wno-uninitialized -Wno-nonnull -Wno-class-memaccess -Wno-redundant-move -Wno-pessimizing-move -Wno-noexcept-type -Wdelete-non-virtual-dtor -Wsuggest-override -Wno-comment -Wno-misleading-indentation -Wctad-maybe-unsupported -fdiagnostics-color -ffunction-sections -fdata-sections -O3 -DNDEBUG -std=c++17  -fno-exceptions -funwind-tables -fno-rtti -MD -MT lib/Support/CMakeFiles/LLVMSupport.dir/ARMBuildAttributes.cpp.o -MF lib/Support/CMakeFiles/LLVMSupport.dir/ARMBuildAttributes.cpp.o.d -o lib/Support/CMakeFiles/LLVMSupport.dir/ARMBuildAttributes.cpp.o -c /var/llvm-compile-time-tracker/llvm-project/llvm/lib/Support/ARMBuildAttributes.cpp
In file included from /var/llvm-compile-time-tracker/llvm-project/llvm/include/llvm/ADT/ArrayRef.h:14,
                 from /var/llvm-compile-time-tracker/llvm-project/llvm/include/llvm/Support/ELFAttributes.h:12,
                 from /var/llvm-compile-time-tracker/llvm-project/llvm/include/llvm/Support/ARMBuildAttributes.h:22,
                 from /var/llvm-compile-time-tracker/llvm-project/llvm/lib/Support/ARMBuildAttributes.cpp:9:
/var/llvm-compile-time-tracker/llvm-project/llvm/include/llvm/ADT/STLExtras.h:1635:8: error: extended character – is not valid in an identifier
 1635 | #ifdef EXPENSIVE_CHECKS–
      |        ^
[17/3162] Building CXX object lib/Support/CMakeFiles/LLVMSupport.dir/APSInt.cpp.o
FAILED: lib/Support/CMakeFiles/LLVMSupport.dir/APSInt.cpp.o 
CCACHE_CPP2=yes CCACHE_HASHDIR=yes CCACHE_SLOPPINESS=pch_defines,time_macros /usr/bin/ccache /usr/bin/c++ -DGTEST_HAS_RTTI=0 -D_GNU_SOURCE -D__STDC_CONSTANT_MACROS -D__STDC_FORMAT_MACROS -D__STDC_LIMIT_MACROS -I/tmp/llvm-project-build-stage1/lib/Support -I/var/llvm-compile-time-tracker/llvm-project/llvm/lib/Support -I/tmp/llvm-project-build-stage1/include -I/var/llvm-compile-time-tracker/llvm-project/llvm/include -fPIC -fno-semantic-interposition -fvisibility-inlines-hidden -Werror=date-time -Wall -Wextra -Wno-unused-parameter -Wwrite-strings -Wcast-qual -Wno-missing-field-initializers -pedantic -Wno-long-long -Wimplicit-fallthrough -Wno-uninitialized -Wno-nonnull -Wno-class-memaccess -Wno-redundant-move -Wno-pessimizing-move -Wno-noexcept-type -Wdelete-non-virtual-dtor -Wsuggest-override -Wno-comment -Wno-misleading-indentation -Wctad-maybe-unsupported -fdiagnostics-color -ffunction-sections -fdata-sections -O3 -DNDEBUG -std=c++17  -fno-exceptions -funwind-tables -fno-rtti -MD -MT lib/Support/CMakeFiles/LLVMSupport.dir/APSInt.cpp.o -MF lib/Support/CMakeFiles/LLVMSupport.dir/APSInt.cpp.o.d -o lib/Support/CMakeFiles/LLVMSupport.dir/APSInt.cpp.o -c /var/llvm-compile-time-tracker/llvm-project/llvm/lib/Support/APSInt.cpp
In file included from /var/llvm-compile-time-tracker/llvm-project/llvm/include/llvm/ADT/ArrayRef.h:14,
                 from /var/llvm-compile-time-tracker/llvm-project/llvm/include/llvm/Support/xxhash.h:41,
                 from /var/llvm-compile-time-tracker/llvm-project/llvm/include/llvm/ADT/FoldingSet.h:25,
                 from /var/llvm-compile-time-tracker/llvm-project/llvm/lib/Support/APSInt.cpp:15:
/var/llvm-compile-time-tracker/llvm-project/llvm/include/llvm/ADT/STLExtras.h:1635:8: error: extended character – is not valid in an identifier
 1635 | #ifdef EXPENSIVE_CHECKS–
      |        ^
[18/3162] Building CXX object lib/Support/CMakeFiles/LLVMSupport.dir/AArch64AttributeParser.cpp.o
FAILED: lib/Support/CMakeFiles/LLVMSupport.dir/AArch64AttributeParser.cpp.o 
CCACHE_CPP2=yes CCACHE_HASHDIR=yes CCACHE_SLOPPINESS=pch_defines,time_macros /usr/bin/ccache /usr/bin/c++ -DGTEST_HAS_RTTI=0 -D_GNU_SOURCE -D__STDC_CONSTANT_MACROS -D__STDC_FORMAT_MACROS -D__STDC_LIMIT_MACROS -I/tmp/llvm-project-build-stage1/lib/Support -I/var/llvm-compile-time-tracker/llvm-project/llvm/lib/Support -I/tmp/llvm-project-build-stage1/include -I/var/llvm-compile-time-tracker/llvm-project/llvm/include -fPIC -fno-semantic-interposition -fvisibility-inlines-hidden -Werror=date-time -Wall -Wextra -Wno-unused-parameter -Wwrite-strings -Wcast-qual -Wno-missing-field-initializers -pedantic -Wno-long-long -Wimplicit-fallthrough -Wno-uninitialized -Wno-nonnull -Wno-class-memaccess -Wno-redundant-move -Wno-pessimizing-move -Wno-noexcept-type -Wdelete-non-virtual-dtor -Wsuggest-override -Wno-comment -Wno-misleading-indentation -Wctad-maybe-unsupported -fdiagnostics-color -ffunction-sections -fdata-sections -O3 -DNDEBUG -std=c++17  -fno-exceptions -funwind-tables -fno-rtti -MD -MT lib/Support/CMakeFiles/LLVMSupport.dir/AArch64AttributeParser.cpp.o -MF lib/Support/CMakeFiles/LLVMSupport.dir/AArch64AttributeParser.cpp.o.d -o lib/Support/CMakeFiles/LLVMSupport.dir/AArch64AttributeParser.cpp.o -c /var/llvm-compile-time-tracker/llvm-project/llvm/lib/Support/AArch64AttributeParser.cpp
In file included from /var/llvm-compile-time-tracker/llvm-project/llvm/include/llvm/ADT/ArrayRef.h:14,
                 from /var/llvm-compile-time-tracker/llvm-project/llvm/include/llvm/Support/ELFAttrParserExtended.h:12,
                 from /var/llvm-compile-time-tracker/llvm-project/llvm/include/llvm/Support/AArch64AttributeParser.h:13,
                 from /var/llvm-compile-time-tracker/llvm-project/llvm/lib/Support/AArch64AttributeParser.cpp:10:
/var/llvm-compile-time-tracker/llvm-project/llvm/include/llvm/ADT/STLExtras.h:1635:8: error: extended character – is not valid in an identifier
 1635 | #ifdef EXPENSIVE_CHECKS–
      |        ^
[19/3162] Building CXX object lib/Support/CMakeFiles/LLVMSupport.dir/Base64.cpp.o
FAILED: lib/Support/CMakeFiles/LLVMSupport.dir/Base64.cpp.o 
CCACHE_CPP2=yes CCACHE_HASHDIR=yes CCACHE_SLOPPINESS=pch_defines,time_macros /usr/bin/ccache /usr/bin/c++ -DGTEST_HAS_RTTI=0 -D_GNU_SOURCE -D__STDC_CONSTANT_MACROS -D__STDC_FORMAT_MACROS -D__STDC_LIMIT_MACROS -I/tmp/llvm-project-build-stage1/lib/Support -I/var/llvm-compile-time-tracker/llvm-project/llvm/lib/Support -I/tmp/llvm-project-build-stage1/include -I/var/llvm-compile-time-tracker/llvm-project/llvm/include -fPIC -fno-semantic-interposition -fvisibility-inlines-hidden -Werror=date-time -Wall -Wextra -Wno-unused-parameter -Wwrite-strings -Wcast-qual -Wno-missing-field-initializers -pedantic -Wno-long-long -Wimplicit-fallthrough -Wno-uninitialized -Wno-nonnull -Wno-class-memaccess -Wno-redundant-move -Wno-pessimizing-move -Wno-noexcept-type -Wdelete-non-virtual-dtor -Wsuggest-override -Wno-comment -Wno-misleading-indentation -Wctad-maybe-unsupported -fdiagnostics-color -ffunction-sections -fdata-sections -O3 -DNDEBUG -std=c++17  -fno-exceptions -funwind-tables -fno-rtti -MD -MT lib/Support/CMakeFiles/LLVMSupport.dir/Base64.cpp.o -MF lib/Support/CMakeFiles/LLVMSupport.dir/Base64.cpp.o.d -o lib/Support/CMakeFiles/LLVMSupport.dir/Base64.cpp.o -c /var/llvm-compile-time-tracker/llvm-project/llvm/lib/Support/Base64.cpp
In file included from /var/llvm-compile-time-tracker/llvm-project/llvm/include/llvm/ADT/ArrayRef.h:14,
                 from /var/llvm-compile-time-tracker/llvm-project/llvm/include/llvm/Support/Format.h:25,
                 from /var/llvm-compile-time-tracker/llvm-project/llvm/include/llvm/Support/Error.h:23,
                 from /var/llvm-compile-time-tracker/llvm-project/llvm/include/llvm/Support/Base64.h:17,
                 from /var/llvm-compile-time-tracker/llvm-project/llvm/lib/Support/Base64.cpp:10:
/var/llvm-compile-time-tracker/llvm-project/llvm/include/llvm/ADT/STLExtras.h:1635:8: error: extended character – is not valid in an identifier
 1635 | #ifdef EXPENSIVE_CHECKS–
      |        ^
[20/3162] Building CXX object lib/Support/CMakeFiles/LLVMSupport.dir/BinaryStreamError.cpp.o
FAILED: lib/Support/CMakeFiles/LLVMSupport.dir/BinaryStreamError.cpp.o 
CCACHE_CPP2=yes CCACHE_HASHDIR=yes CCACHE_SLOPPINESS=pch_defines,time_macros /usr/bin/ccache /usr/bin/c++ -DGTEST_HAS_RTTI=0 -D_GNU_SOURCE -D__STDC_CONSTANT_MACROS -D__STDC_FORMAT_MACROS -D__STDC_LIMIT_MACROS -I/tmp/llvm-project-build-stage1/lib/Support -I/var/llvm-compile-time-tracker/llvm-project/llvm/lib/Support -I/tmp/llvm-project-build-stage1/include -I/var/llvm-compile-time-tracker/llvm-project/llvm/include -fPIC -fno-semantic-interposition -fvisibility-inlines-hidden -Werror=date-time -Wall -Wextra -Wno-unused-parameter -Wwrite-strings -Wcast-qual -Wno-missing-field-initializers -pedantic -Wno-long-long -Wimplicit-fallthrough -Wno-uninitialized -Wno-nonnull -Wno-class-memaccess -Wno-redundant-move -Wno-pessimizing-move -Wno-noexcept-type -Wdelete-non-virtual-dtor -Wsuggest-override -Wno-comment -Wno-misleading-indentation -Wctad-maybe-unsupported -fdiagnostics-color -ffunction-sections -fdata-sections -O3 -DNDEBUG -std=c++17  -fno-exceptions -funwind-tables -fno-rtti -MD -MT lib/Support/CMakeFiles/LLVMSupport.dir/BinaryStreamError.cpp.o -MF lib/Support/CMakeFiles/LLVMSupport.dir/BinaryStreamError.cpp.o.d -o lib/Support/CMakeFiles/LLVMSupport.dir/BinaryStreamError.cpp.o -c /var/llvm-compile-time-tracker/llvm-project/llvm/lib/Support/BinaryStreamError.cpp
In file included from /var/llvm-compile-time-tracker/llvm-project/llvm/include/llvm/ADT/ArrayRef.h:14,
                 from /var/llvm-compile-time-tracker/llvm-project/llvm/include/llvm/Support/Format.h:25,
                 from /var/llvm-compile-time-tracker/llvm-project/llvm/include/llvm/Support/Error.h:23,
                 from /var/llvm-compile-time-tracker/llvm-project/llvm/include/llvm/Support/BinaryStreamError.h:14,
                 from /var/llvm-compile-time-tracker/llvm-project/llvm/lib/Support/BinaryStreamError.cpp:9:
/var/llvm-compile-time-tracker/llvm-project/llvm/include/llvm/ADT/STLExtras.h:1635:8: error: extended character – is not valid in an identifier
 1635 | #ifdef EXPENSIVE_CHECKS–
      |        ^
[21/3162] Building CXX object lib/Support/CMakeFiles/LLVMSupport.dir/BinaryStreamReader.cpp.o
FAILED: lib/Support/CMakeFiles/LLVMSupport.dir/BinaryStreamReader.cpp.o 
CCACHE_CPP2=yes CCACHE_HASHDIR=yes CCACHE_SLOPPINESS=pch_defines,time_macros /usr/bin/ccache /usr/bin/c++ -DGTEST_HAS_RTTI=0 -D_GNU_SOURCE -D__STDC_CONSTANT_MACROS -D__STDC_FORMAT_MACROS -D__STDC_LIMIT_MACROS -I/tmp/llvm-project-build-stage1/lib/Support -I/var/llvm-compile-time-tracker/llvm-project/llvm/lib/Support -I/tmp/llvm-project-build-stage1/include -I/var/llvm-compile-time-tracker/llvm-project/llvm/include -fPIC -fno-semantic-interposition -fvisibility-inlines-hidden -Werror=date-time -Wall -Wextra -Wno-unused-parameter -Wwrite-strings -Wcast-qual -Wno-missing-field-initializers -pedantic -Wno-long-long -Wimplicit-fallthrough -Wno-uninitialized -Wno-nonnull -Wno-class-memaccess -Wno-redundant-move -Wno-pessimizing-move -Wno-noexcept-type -Wdelete-non-virtual-dtor -Wsuggest-override -Wno-comment -Wno-misleading-indentation -Wctad-maybe-unsupported -fdiagnostics-color -ffunction-sections -fdata-sections -O3 -DNDEBUG -std=c++17  -fno-exceptions -funwind-tables -fno-rtti -MD -MT lib/Support/CMakeFiles/LLVMSupport.dir/BinaryStreamReader.cpp.o -MF lib/Support/CMakeFiles/LLVMSupport.dir/BinaryStreamReader.cpp.o.d -o lib/Support/CMakeFiles/LLVMSupport.dir/BinaryStreamReader.cpp.o -c /var/llvm-compile-time-tracker/llvm-project/llvm/lib/Support/BinaryStreamReader.cpp
In file included from /var/llvm-compile-time-tracker/llvm-project/llvm/include/llvm/ADT/ArrayRef.h:14,
                 from /var/llvm-compile-time-tracker/llvm-project/llvm/include/llvm/Support/BinaryStreamReader.h:12,
                 from /var/llvm-compile-time-tracker/llvm-project/llvm/lib/Support/BinaryStreamReader.cpp:9:
/var/llvm-compile-time-tracker/llvm-project/llvm/include/llvm/ADT/STLExtras.h:1635:8: error: extended character – is not valid in an identifier
 1635 | #ifdef EXPENSIVE_CHECKS–
      |        ^
[22/3162] Building CXX object lib/Support/CMakeFiles/LLVMSupport.dir/BinaryStreamWriter.cpp.o
FAILED: lib/Support/CMakeFiles/LLVMSupport.dir/BinaryStreamWriter.cpp.o 
CCACHE_CPP2=yes CCACHE_HASHDIR=yes CCACHE_SLOPPINESS=pch_defines,time_macros /usr/bin/ccache /usr/bin/c++ -DGTEST_HAS_RTTI=0 -D_GNU_SOURCE -D__STDC_CONSTANT_MACROS -D__STDC_FORMAT_MACROS -D__STDC_LIMIT_MACROS -I/tmp/llvm-project-build-stage1/lib/Support -I/var/llvm-compile-time-tracker/llvm-project/llvm/lib/Support -I/tmp/llvm-project-build-stage1/include -I/var/llvm-compile-time-tracker/llvm-project/llvm/include -fPIC -fno-semantic-interposition -fvisibility-inlines-hidden -Werror=date-time -Wall -Wextra -Wno-unused-parameter -Wwrite-strings -Wcast-qual -Wno-missing-field-initializers -pedantic -Wno-long-long -Wimplicit-fallthrough -Wno-uninitialized -Wno-nonnull -Wno-class-memaccess -Wno-redundant-move -Wno-pessimizing-move -Wno-noexcept-type -Wdelete-non-virtual-dtor -Wsuggest-override -Wno-comment -Wno-misleading-indentation -Wctad-maybe-unsupported -fdiagnostics-color -ffunction-sections -fdata-sections -O3 -DNDEBUG -std=c++17  -fno-exceptions -funwind-tables -fno-rtti -MD -MT lib/Support/CMakeFiles/LLVMSupport.dir/BinaryStreamWriter.cpp.o -MF lib/Support/CMakeFiles/LLVMSupport.dir/BinaryStreamWriter.cpp.o.d -o lib/Support/CMakeFiles/LLVMSupport.dir/BinaryStreamWriter.cpp.o -c /var/llvm-compile-time-tracker/llvm-project/llvm/lib/Support/BinaryStreamWriter.cpp
In file included from /var/llvm-compile-time-tracker/llvm-project/llvm/include/llvm/ADT/ArrayRef.h:14,
                 from /var/llvm-compile-time-tracker/llvm-project/llvm/include/llvm/Support/BinaryStreamWriter.h:12,
                 from /var/llvm-compile-time-tracker/llvm-project/llvm/lib/Support/BinaryStreamWriter.cpp:9:
/var/llvm-compile-time-tracker/llvm-project/llvm/include/llvm/ADT/STLExtras.h:1635:8: error: extended character – is not valid in an identifier
 1635 | #ifdef EXPENSIVE_CHECKS–
      |        ^
[23/3162] Building CXX object lib/Support/CMakeFiles/LLVMSupport.dir/APInt.cpp.o
FAILED: lib/Support/CMakeFiles/LLVMSupport.dir/APInt.cpp.o 
CCACHE_CPP2=yes CCACHE_HASHDIR=yes CCACHE_SLOPPINESS=pch_defines,time_macros /usr/bin/ccache /usr/bin/c++ -DGTEST_HAS_RTTI=0 -D_GNU_SOURCE -D__STDC_CONSTANT_MACROS -D__STDC_FORMAT_MACROS -D__STDC_LIMIT_MACROS -I/tmp/llvm-project-build-stage1/lib/Support -I/var/llvm-compile-time-tracker/llvm-project/llvm/lib/Support -I/tmp/llvm-project-build-stage1/include -I/var/llvm-compile-time-tracker/llvm-project/llvm/include -fPIC -fno-semantic-interposition -fvisibility-inlines-hidden -Werror=date-time -Wall -Wextra -Wno-unused-parameter -Wwrite-strings -Wcast-qual -Wno-missing-field-initializers -pedantic -Wno-long-long -Wimplicit-fallthrough -Wno-uninitialized -Wno-nonnull -Wno-class-memaccess -Wno-redundant-move -Wno-pessimizing-move -Wno-noexcept-type -Wdelete-non-virtual-dtor -Wsuggest-override -Wno-comment -Wno-misleading-indentation -Wctad-maybe-unsupported -fdiagnostics-color -ffunction-sections -fdata-sections -O3 -DNDEBUG -std=c++17  -fno-exceptions -funwind-tables -fno-rtti -MD -MT lib/Support/CMakeFiles/LLVMSupport.dir/APInt.cpp.o -MF lib/Support/CMakeFiles/LLVMSupport.dir/APInt.cpp.o.d -o lib/Support/CMakeFiles/LLVMSupport.dir/APInt.cpp.o -c /var/llvm-compile-time-tracker/llvm-project/llvm/lib/Support/APInt.cpp
In file included from /var/llvm-compile-time-tracker/llvm-project/llvm/include/llvm/ADT/ArrayRef.h:14,
                 from /var/llvm-compile-time-tracker/llvm-project/llvm/lib/Support/APInt.cpp:15:
/var/llvm-compile-time-tracker/llvm-project/llvm/include/llvm/ADT/STLExtras.h:1635:8: error: extended character – is not valid in an identifier
 1635 | #ifdef EXPENSIVE_CHECKS–
      |        ^
[24/3162] Building CXX object lib/Support/CMakeFiles/LLVMSupport.dir/BinaryStreamRef.cpp.o
FAILED: lib/Support/CMakeFiles/LLVMSupport.dir/BinaryStreamRef.cpp.o 
CCACHE_CPP2=yes CCACHE_HASHDIR=yes CCACHE_SLOPPINESS=pch_defines,time_macros /usr/bin/ccache /usr/bin/c++ -DGTEST_HAS_RTTI=0 -D_GNU_SOURCE -D__STDC_CONSTANT_MACROS -D__STDC_FORMAT_MACROS -D__STDC_LIMIT_MACROS -I/tmp/llvm-project-build-stage1/lib/Support -I/var/llvm-compile-time-tracker/llvm-project/llvm/lib/Support -I/tmp/llvm-project-build-stage1/include -I/var/llvm-compile-time-tracker/llvm-project/llvm/include -fPIC -fno-semantic-interposition -fvisibility-inlines-hidden -Werror=date-time -Wall -Wextra -Wno-unused-parameter -Wwrite-strings -Wcast-qual -Wno-missing-field-initializers -pedantic -Wno-long-long -Wimplicit-fallthrough -Wno-uninitialized -Wno-nonnull -Wno-class-memaccess -Wno-redundant-move -Wno-pessimizing-move -Wno-noexcept-type -Wdelete-non-virtual-dtor -Wsuggest-override -Wno-comment -Wno-misleading-indentation -Wctad-maybe-unsupported -fdiagnostics-color -ffunction-sections -fdata-sections -O3 -DNDEBUG -std=c++17  -fno-exceptions -funwind-tables -fno-rtti -MD -MT lib/Support/CMakeFiles/LLVMSupport.dir/BinaryStreamRef.cpp.o -MF lib/Support/CMakeFiles/LLVMSupport.dir/BinaryStreamRef.cpp.o.d -o lib/Support/CMakeFiles/LLVMSupport.dir/BinaryStreamRef.cpp.o -c /var/llvm-compile-time-tracker/llvm-project/llvm/lib/Support/BinaryStreamRef.cpp
In file included from /var/llvm-compile-time-tracker/llvm-project/llvm/include/llvm/ADT/ArrayRef.h:14,
                 from /var/llvm-compile-time-tracker/llvm-project/llvm/include/llvm/Support/BinaryStreamRef.h:12,
                 from /var/llvm-compile-time-tracker/llvm-project/llvm/lib/Support/BinaryStreamRef.cpp:9:
/var/llvm-compile-time-tracker/llvm-project/llvm/include/llvm/ADT/STLExtras.h:1635:8: error: extended character – is not valid in an identifier
 1635 | #ifdef EXPENSIVE_CHECKS–
      |        ^
[25/3162] Building CXX object lib/Support/CMakeFiles/LLVMSupport.dir/APFixedPoint.cpp.o
FAILED: lib/Support/CMakeFiles/LLVMSupport.dir/APFixedPoint.cpp.o 
CCACHE_CPP2=yes CCACHE_HASHDIR=yes CCACHE_SLOPPINESS=pch_defines,time_macros /usr/bin/ccache /usr/bin/c++ -DGTEST_HAS_RTTI=0 -D_GNU_SOURCE -D__STDC_CONSTANT_MACROS -D__STDC_FORMAT_MACROS -D__STDC_LIMIT_MACROS -I/tmp/llvm-project-build-stage1/lib/Support -I/var/llvm-compile-time-tracker/llvm-project/llvm/lib/Support -I/tmp/llvm-project-build-stage1/include -I/var/llvm-compile-time-tracker/llvm-project/llvm/include -fPIC -fno-semantic-interposition -fvisibility-inlines-hidden -Werror=date-time -Wall -Wextra -Wno-unused-parameter -Wwrite-strings -Wcast-qual -Wno-missing-field-initializers -pedantic -Wno-long-long -Wimplicit-fallthrough -Wno-uninitialized -Wno-nonnull -Wno-class-memaccess -Wno-redundant-move -Wno-pessimizing-move -Wno-noexcept-type -Wdelete-non-virtual-dtor -Wsuggest-override -Wno-comment -Wno-misleading-indentation -Wctad-maybe-unsupported -fdiagnostics-color -ffunction-sections -fdata-sections -O3 -DNDEBUG -std=c++17  -fno-exceptions -funwind-tables -fno-rtti -MD -MT lib/Support/CMakeFiles/LLVMSupport.dir/APFixedPoint.cpp.o -MF lib/Support/CMakeFiles/LLVMSupport.dir/APFixedPoint.cpp.o.d -o lib/Support/CMakeFiles/LLVMSupport.dir/APFixedPoint.cpp.o -c /var/llvm-compile-time-tracker/llvm-project/llvm/lib/Support/APFixedPoint.cpp
In file included from /var/llvm-compile-time-tracker/llvm-project/llvm/include/llvm/ADT/ArrayRef.h:14,
                 from /var/llvm-compile-time-tracker/llvm-project/llvm/include/llvm/ADT/APFloat.h:19,
                 from /var/llvm-compile-time-tracker/llvm-project/llvm/lib/Support/APFixedPoint.cpp:15:
/var/llvm-compile-time-tracker/llvm-project/llvm/include/llvm/ADT/STLExtras.h:1635:8: error: extended character – is not valid in an identifier
 1635 | #ifdef EXPENSIVE_CHECKS–
      |        ^
[26/3162] Building CXX object lib/Support/CMakeFiles/LLVMSupport.dir/BranchProbability.cpp.o
FAILED: lib/Support/CMakeFiles/LLVMSupport.dir/BranchProbability.cpp.o 
CCACHE_CPP2=yes CCACHE_HASHDIR=yes CCACHE_SLOPPINESS=pch_defines,time_macros /usr/bin/ccache /usr/bin/c++ -DGTEST_HAS_RTTI=0 -D_GNU_SOURCE -D__STDC_CONSTANT_MACROS -D__STDC_FORMAT_MACROS -D__STDC_LIMIT_MACROS -I/tmp/llvm-project-build-stage1/lib/Support -I/var/llvm-compile-time-tracker/llvm-project/llvm/lib/Support -I/tmp/llvm-project-build-stage1/include -I/var/llvm-compile-time-tracker/llvm-project/llvm/include -fPIC -fno-semantic-interposition -fvisibility-inlines-hidden -Werror=date-time -Wall -Wextra -Wno-unused-parameter -Wwrite-strings -Wcast-qual -Wno-missing-field-initializers -pedantic -Wno-long-long -Wimplicit-fallthrough -Wno-uninitialized -Wno-nonnull -Wno-class-memaccess -Wno-redundant-move -Wno-pessimizing-move -Wno-noexcept-type -Wdelete-non-virtual-dtor -Wsuggest-override -Wno-comment -Wno-misleading-indentation -Wctad-maybe-unsupported -fdiagnostics-color -ffunction-sections -fdata-sections -O3 -DNDEBUG -std=c++17  -fno-exceptions -funwind-tables -fno-rtti -MD -MT lib/Support/CMakeFiles/LLVMSupport.dir/BranchProbability.cpp.o -MF lib/Support/CMakeFiles/LLVMSupport.dir/BranchProbability.cpp.o.d -o lib/Support/CMakeFiles/LLVMSupport.dir/BranchProbability.cpp.o -c /var/llvm-compile-time-tracker/llvm-project/llvm/lib/Support/BranchProbability.cpp
In file included from /var/llvm-compile-time-tracker/llvm-project/llvm/include/llvm/ADT/ArrayRef.h:14,
                 from /var/llvm-compile-time-tracker/llvm-project/llvm/include/llvm/Support/Format.h:25,
                 from /var/llvm-compile-time-tracker/llvm-project/llvm/lib/Support/BranchProbability.cpp:16:
/var/llvm-compile-time-tracker/llvm-project/llvm/include/llvm/ADT/STLExtras.h:1635:8: error: extended character – is not valid in an identifier
 1635 | #ifdef EXPENSIVE_CHECKS–
      |        ^
[27/3162] Building CXX object lib/Support/CMakeFiles/LLVMSupport.dir/APFloat.cpp.o
FAILED: lib/Support/CMakeFiles/LLVMSupport.dir/APFloat.cpp.o 
CCACHE_CPP2=yes CCACHE_HASHDIR=yes CCACHE_SLOPPINESS=pch_defines,time_macros /usr/bin/ccache /usr/bin/c++ -DGTEST_HAS_RTTI=0 -D_GNU_SOURCE -D__STDC_CONSTANT_MACROS -D__STDC_FORMAT_MACROS -D__STDC_LIMIT_MACROS -I/tmp/llvm-project-build-stage1/lib/Support -I/var/llvm-compile-time-tracker/llvm-project/llvm/lib/Support -I/tmp/llvm-project-build-stage1/include -I/var/llvm-compile-time-tracker/llvm-project/llvm/include -fPIC -fno-semantic-interposition -fvisibility-inlines-hidden -Werror=date-time -Wall -Wextra -Wno-unused-parameter -Wwrite-strings -Wcast-qual -Wno-missing-field-initializers -pedantic -Wno-long-long -Wimplicit-fallthrough -Wno-uninitialized -Wno-nonnull -Wno-class-memaccess -Wno-redundant-move -Wno-pessimizing-move -Wno-noexcept-type -Wdelete-non-virtual-dtor -Wsuggest-override -Wno-comment -Wno-misleading-indentation -Wctad-maybe-unsupported -fdiagnostics-color -ffunction-sections -fdata-sections -O3 -DNDEBUG -std=c++17  -fno-exceptions -funwind-tables -fno-rtti -MD -MT lib/Support/CMakeFiles/LLVMSupport.dir/APFloat.cpp.o -MF lib/Support/CMakeFiles/LLVMSupport.dir/APFloat.cpp.o.d -o lib/Support/CMakeFiles/LLVMSupport.dir/APFloat.cpp.o -c /var/llvm-compile-time-tracker/llvm-project/llvm/lib/Support/APFloat.cpp
In file included from /var/llvm-compile-time-tracker/llvm-project/llvm/include/llvm/ADT/ArrayRef.h:14,
                 from /var/llvm-compile-time-tracker/llvm-project/llvm/include/llvm/ADT/APFloat.h:19,
                 from /var/llvm-compile-time-tracker/llvm-project/llvm/lib/Support/APFloat.cpp:14:
/var/llvm-compile-time-tracker/llvm-project/llvm/include/llvm/ADT/STLExtras.h:1635:8: error: extended character – is not valid in an identifier
 1635 | #ifdef EXPENSIVE_CHECKS–
      |        ^
[28/3162] Building CXX object lib/Support/CMakeFiles/LLVMSupport.dir/AMDGPUMetadata.cpp.o
FAILED: lib/Support/CMakeFiles/LLVMSupport.dir/AMDGPUMetadata.cpp.o 
CCACHE_CPP2=yes CCACHE_HASHDIR=yes CCACHE_SLOPPINESS=pch_defines,time_macros /usr/bin/ccache /usr/bin/c++ -DGTEST_HAS_RTTI=0 -D_GNU_SOURCE -D__STDC_CONSTANT_MACROS -D__STDC_FORMAT_MACROS -D__STDC_LIMIT_MACROS -I/tmp/llvm-project-build-stage1/lib/Support -I/var/llvm-compile-time-tracker/llvm-project/llvm/lib/Support -I/tmp/llvm-project-build-stage1/include -I/var/llvm-compile-time-tracker/llvm-project/llvm/include -fPIC -fno-semantic-interposition -fvisibility-inlines-hidden -Werror=date-time -Wall -Wextra -Wno-unused-parameter -Wwrite-strings -Wcast-qual -Wno-missing-field-initializers -pedantic -Wno-long-long -Wimplicit-fallthrough -Wno-uninitialized -Wno-nonnull -Wno-class-memaccess -Wno-redundant-move -Wno-pessimizing-move -Wno-noexcept-type -Wdelete-non-virtual-dtor -Wsuggest-override -Wno-comment -Wno-misleading-indentation -Wctad-maybe-unsupported -fdiagnostics-color -ffunction-sections -fdata-sections -O3 -DNDEBUG -std=c++17  -fno-exceptions -funwind-tables -fno-rtti -MD -MT lib/Support/CMakeFiles/LLVMSupport.dir/AMDGPUMetadata.cpp.o -MF lib/Support/CMakeFiles/LLVMSupport.dir/AMDGPUMetadata.cpp.o.d -o lib/Support/CMakeFiles/LLVMSupport.dir/AMDGPUMetadata.cpp.o -c /var/llvm-compile-time-tracker/llvm-project/llvm/lib/Support/AMDGPUMetadata.cpp
In file included from /var/llvm-compile-time-tracker/llvm-project/llvm/include/llvm/ADT/ArrayRef.h:14,
                 from /var/llvm-compile-time-tracker/llvm-project/llvm/include/llvm/Support/YAMLTraits.h:12,
                 from /var/llvm-compile-time-tracker/llvm-project/llvm/lib/Support/AMDGPUMetadata.cpp:16:
/var/llvm-compile-time-tracker/llvm-project/llvm/include/llvm/ADT/STLExtras.h:1635:8: error: extended character – is not valid in an identifier
 1635 | #ifdef EXPENSIVE_CHECKS–
      |        ^
[29/3162] Building CXX object lib/Support/CMakeFiles/LLVMSupport.dir/Caching.cpp.o
FAILED: lib/Support/CMakeFiles/LLVMSupport.dir/Caching.cpp.o 
CCACHE_CPP2=yes CCACHE_HASHDIR=yes CCACHE_SLOPPINESS=pch_defines,time_macros /usr/bin/ccache /usr/bin/c++ -DGTEST_HAS_RTTI=0 -D_GNU_SOURCE -D__STDC_CONSTANT_MACROS -D__STDC_FORMAT_MACROS -D__STDC_LIMIT_MACROS -I/tmp/llvm-project-build-stage1/lib/Support -I/var/llvm-compile-time-tracker/llvm-project/llvm/lib/Support -I/tmp/llvm-project-build-stage1/include -I/var/llvm-compile-time-tracker/llvm-project/llvm/include -fPIC -fno-semantic-interposition -fvisibility-inlines-hidden -Werror=date-time -Wall -Wextra -Wno-unused-parameter -Wwrite-strings -Wcast-qual -Wno-missing-field-initializers -pedantic -Wno-long-long -Wimplicit-fallthrough -Wno-uninitialized -Wno-nonnull -Wno-class-memaccess -Wno-redundant-move -Wno-pessimizing-move -Wno-noexcept-type -Wdelete-non-virtual-dtor -Wsuggest-override -Wno-comment -Wno-misleading-indentation -Wctad-maybe-unsupported -fdiagnostics-color -ffunction-sections -fdata-sections -O3 -DNDEBUG -std=c++17  -fno-exceptions -funwind-tables -fno-rtti -MD -MT lib/Support/CMakeFiles/LLVMSupport.dir/Caching.cpp.o -MF lib/Support/CMakeFiles/LLVMSupport.dir/Caching.cpp.o.d -o lib/Support/CMakeFiles/LLVMSupport.dir/Caching.cpp.o -c /var/llvm-compile-time-tracker/llvm-project/llvm/lib/Support/Caching.cpp
In file included from /var/llvm-compile-time-tracker/llvm-project/llvm/include/llvm/ADT/ArrayRef.h:14,
                 from /var/llvm-compile-time-tracker/llvm-project/llvm/include/llvm/Support/Format.h:25,
                 from /var/llvm-compile-time-tracker/llvm-project/llvm/include/llvm/Support/Error.h:23,
                 from /var/llvm-compile-time-tracker/llvm-project/llvm/include/llvm/Support/Caching.h:19,
                 from /var/llvm-compile-time-tracker/llvm-project/llvm/lib/Support/Caching.cpp:15:
/var/llvm-compile-time-tracker/llvm-project/llvm/include/llvm/ADT/STLExtras.h:1635:8: error: extended character – is not valid in an identifier
 1635 | #ifdef EXPENSIVE_CHECKS–
      |        ^
[30/3162] Building CXX object lib/Support/CMakeFiles/LLVMSupport.dir/ARMAttributeParser.cpp.o
FAILED: lib/Support/CMakeFiles/LLVMSupport.dir/ARMAttributeParser.cpp.o 
CCACHE_CPP2=yes CCACHE_HASHDIR=yes CCACHE_SLOPPINESS=pch_defines,time_macros /usr/bin/ccache /usr/bin/c++ -DGTEST_HAS_RTTI=0 -D_GNU_SOURCE -D__STDC_CONSTANT_MACROS -D__STDC_FORMAT_MACROS -D__STDC_LIMIT_MACROS -I/tmp/llvm-project-build-stage1/lib/Support -I/var/llvm-compile-time-tracker/llvm-project/llvm/lib/Support -I/tmp/llvm-project-build-stage1/include -I/var/llvm-compile-time-tracker/llvm-project/llvm/include -fPIC -fno-semantic-interposition -fvisibility-inlines-hidden -Werror=date-time -Wall -Wextra -Wno-unused-parameter -Wwrite-strings -Wcast-qual -Wno-missing-field-initializers -pedantic -Wno-long-long -Wimplicit-fallthrough -Wno-uninitialized -Wno-nonnull -Wno-class-memaccess -Wno-redundant-move -Wno-pessimizing-move -Wno-noexcept-type -Wdelete-non-virtual-dtor -Wsuggest-override -Wno-comment -Wno-misleading-indentation -Wctad-maybe-unsupported -fdiagnostics-color -ffunction-sections -fdata-sections -O3 -DNDEBUG -std=c++17  -fno-exceptions -funwind-tables -fno-rtti -MD -MT lib/Support/CMakeFiles/LLVMSupport.dir/ARMAttributeParser.cpp.o -MF lib/Support/CMakeFiles/LLVMSupport.dir/ARMAttributeParser.cpp.o.d -o lib/Support/CMakeFiles/LLVMSupport.dir/ARMAttributeParser.cpp.o -c /var/llvm-compile-time-tracker/llvm-project/llvm/lib/Support/ARMAttributeParser.cpp
In file included from /var/llvm-compile-time-tracker/llvm-project/llvm/include/llvm/ADT/ArrayRef.h:14,
                 from /var/llvm-compile-time-tracker/llvm-project/llvm/include/llvm/Support/ELFAttributes.h:12,
                 from /var/llvm-compile-time-tracker/llvm-project/llvm/include/llvm/Support/ARMBuildAttributes.h:22,
                 from /var/llvm-compile-time-tracker/llvm-project/llvm/include/llvm/Support/ARMAttributeParser.h:12,
                 from /var/llvm-compile-time-tracker/llvm-project/llvm/lib/Support/ARMAttributeParser.cpp:9:
/var/llvm-compile-time-tracker/llvm-project/llvm/include/llvm/ADT/STLExtras.h:1635:8: error: extended character – is not valid in an identifier
 1635 | #ifdef EXPENSIVE_CHECKS–
      |        ^
[31/3162] Building CXX object lib/Support/CMakeFiles/LLVMSupport.dir/CachePruning.cpp.o
FAILED: lib/Support/CMakeFiles/LLVMSupport.dir/CachePruning.cpp.o 
CCACHE_CPP2=yes CCACHE_HASHDIR=yes CCACHE_SLOPPINESS=pch_defines,time_macros /usr/bin/ccache /usr/bin/c++ -DGTEST_HAS_RTTI=0 -D_GNU_SOURCE -D__STDC_CONSTANT_MACROS -D__STDC_FORMAT_MACROS -D__STDC_LIMIT_MACROS -I/tmp/llvm-project-build-stage1/lib/Support -I/var/llvm-compile-time-tracker/llvm-project/llvm/lib/Support -I/tmp/llvm-project-build-stage1/include -I/var/llvm-compile-time-tracker/llvm-project/llvm/include -fPIC -fno-semantic-interposition -fvisibility-inlines-hidden -Werror=date-time -Wall -Wextra -Wno-unused-parameter -Wwrite-strings -Wcast-qual -Wno-missing-field-initializers -pedantic -Wno-long-long -Wimplicit-fallthrough -Wno-uninitialized -Wno-nonnull -Wno-class-memaccess -Wno-redundant-move -Wno-pessimizing-move -Wno-noexcept-type -Wdelete-non-virtual-dtor -Wsuggest-override -Wno-comment -Wno-misleading-indentation -Wctad-maybe-unsupported -fdiagnostics-color -ffunction-sections -fdata-sections -O3 -DNDEBUG -std=c++17  -fno-exceptions -funwind-tables -fno-rtti -MD -MT lib/Support/CMakeFiles/LLVMSupport.dir/CachePruning.cpp.o -MF lib/Support/CMakeFiles/LLVMSupport.dir/CachePruning.cpp.o.d -o lib/Support/CMakeFiles/LLVMSupport.dir/CachePruning.cpp.o -c /var/llvm-compile-time-tracker/llvm-project/llvm/lib/Support/CachePruning.cpp
In file included from /var/llvm-compile-time-tracker/llvm-project/llvm/include/llvm/ADT/ArrayRef.h:14,
                 from /var/llvm-compile-time-tracker/llvm-project/llvm/include/llvm/Support/MemoryBuffer.h:17,
                 from /var/llvm-compile-time-tracker/llvm-project/llvm/include/llvm/Support/CachePruning.h:18,
                 from /var/llvm-compile-time-tracker/llvm-project/llvm/lib/Support/CachePruning.cpp:13:
/var/llvm-compile-time-tracker/llvm-project/llvm/include/llvm/ADT/STLExtras.h:1635:8: error: extended character – is not valid in an identifier
 1635 | #ifdef EXPENSIVE_CHECKS–
      |        ^
[32/3162] Building CXX object lib/Support/CMakeFiles/LLVMSupport.dir/BalancedPartitioning.cpp.o
FAILED: lib/Support/CMakeFiles/LLVMSupport.dir/BalancedPartitioning.cpp.o 
CCACHE_CPP2=yes CCACHE_HASHDIR=yes CCACHE_SLOPPINESS=pch_defines,time_macros /usr/bin/ccache /usr/bin/c++ -DGTEST_HAS_RTTI=0 -D_GNU_SOURCE -D__STDC_CONSTANT_MACROS -D__STDC_FORMAT_MACROS -D__STDC_LIMIT_MACROS -I/tmp/llvm-project-build-stage1/lib/Support -I/var/llvm-compile-time-tracker/llvm-project/llvm/lib/Support -I/tmp/llvm-project-build-stage1/include -I/var/llvm-compile-time-tracker/llvm-project/llvm/include -fPIC -fno-semantic-interposition -fvisibility-inlines-hidden -Werror=date-time -Wall -Wextra -Wno-unused-parameter -Wwrite-strings -Wcast-qual -Wno-missing-field-initializers -pedantic -Wno-long-long -Wimplicit-fallthrough -Wno-uninitialized -Wno-nonnull -Wno-class-memaccess -Wno-redundant-move -Wno-pessimizing-move -Wno-noexcept-type -Wdelete-non-virtual-dtor -Wsuggest-override -Wno-comment -Wno-misleading-indentation -Wctad-maybe-unsupported -fdiagnostics-color -ffunction-sections -fdata-sections -O3 -DNDEBUG -std=c++17  -fno-exceptions -funwind-tables -fno-rtti -MD -MT lib/Support/CMakeFiles/LLVMSupport.dir/BalancedPartitioning.cpp.o -MF lib/Support/CMakeFiles/LLVMSupport.dir/BalancedPartitioning.cpp.o.d -o lib/Support/CMakeFiles/LLVMSupport.dir/BalancedPartitioning.cpp.o -c /var/llvm-compile-time-tracker/llvm-project/llvm/lib/Support/BalancedPartitioning.cpp
In file included from /var/llvm-compile-time-tracker/llvm-project/llvm/include/llvm/ADT/ArrayRef.h:14,
                 from /var/llvm-compile-time-tracker/llvm-project/llvm/include/llvm/Support/BalancedPartitioning.h:43,
                 from /var/llvm-compile-time-tracker/llvm-project/llvm/lib/Support/BalancedPartitioning.cpp:14:
/var/llvm-compile-time-tracker/llvm-project/llvm/include/llvm/ADT/STLExtras.h:1635:8: error: extended character – is not valid in an identifier
 1635 | #ifdef EXPENSIVE_CHECKS–
      |        ^
ninja: build stopped: subcommand failed.


STDERR:
CMake Deprecation Warning at /var/llvm-compile-time-tracker/llvm-project/clang/CMakeLists.txt:444 (message):
  'CLANG_ENABLE_ARCMT' is deprecated as ARCMigrate has been removed from
  Clang.  Please use 'CLANG_ENABLE_OBJC_REWRITER' instead to enable or
  disable the Objective-C rewriter.


Command exited with non-zero status 1
9.30user 1.01system 0:00.90elapsed 1139%CPU (0avgtext+0avgdata 203516maxresident)k
0inputs+82200outputs (16major+603350minor)pagefaults 0swaps
