MESSAGE: Execution of "sudo -u lctt-runner ./build_llvm_project_stage1.sh" failed

STDOUT:
/var/llvm-compile-time-tracker/llvm-project/llvm/include/llvm/ADT/SmallVector.h:632:28: error: ‘is_trivally_constructible_v’ is not a member of ‘std’; did you mean ‘is_trivially_constructible_v’?
  632 |         if constexpr (std::is_trivally_constructible_v<T>)
      |                            ^~~~~~~~~~~~~~~~~~~~~~~~~~~
      |                            is_trivially_constructible_v
/var/llvm-compile-time-tracker/llvm-project/llvm/include/llvm/ADT/SmallVector.h:632:57: error: expected primary-expression before ‘>’ token
  632 |         if constexpr (std::is_trivally_constructible_v<T>)
      |                                                         ^
/var/llvm-compile-time-tracker/llvm-project/llvm/include/llvm/ADT/SmallVector.h:632:58: error: expected primary-expression before ‘)’ token
  632 |         if constexpr (std::is_trivally_constructible_v<T>)
      |                                                          ^
[18/3176] Building CXX object lib/Support/CMakeFiles/LLVMSupport.dir/APFixedPoint.cpp.o
FAILED: lib/Support/CMakeFiles/LLVMSupport.dir/APFixedPoint.cpp.o 
CCACHE_CPP2=yes CCACHE_HASHDIR=yes CCACHE_SLOPPINESS=pch_defines,time_macros /usr/bin/ccache /usr/bin/c++ -DEXPERIMENTAL_KEY_INSTRUCTIONS -DGTEST_HAS_RTTI=0 -D_GNU_SOURCE -D__STDC_CONSTANT_MACROS -D__STDC_FORMAT_MACROS -D__STDC_LIMIT_MACROS -D__SHORT_FILE__=\"APFixedPoint.cpp\" -I/tmp/llvm-project-build-stage1/lib/Support -I/var/llvm-compile-time-tracker/llvm-project/llvm/lib/Support -I/tmp/llvm-project-build-stage1/include -I/var/llvm-compile-time-tracker/llvm-project/llvm/include -I/var/llvm-compile-time-tracker/llvm-project/llvm/../third-party/siphash/include -fPIC -fno-semantic-interposition -fvisibility-inlines-hidden -Werror=date-time -Wall -Wextra -Wno-unused-parameter -Wwrite-strings -Wcast-qual -Wno-missing-field-initializers -pedantic -Wno-long-long -Wimplicit-fallthrough -Wno-uninitialized -Wno-nonnull -Wno-class-memaccess -Wno-redundant-move -Wno-pessimizing-move -Wno-noexcept-type -Wdelete-non-virtual-dtor -Wsuggest-override -Wno-comment -Wno-misleading-indentation -Wctad-maybe-unsupported -fdiagnostics-color -ffunction-sections -fdata-sections -O3 -DNDEBUG -std=c++17  -fno-exceptions -funwind-tables -fno-rtti -MD -MT lib/Support/CMakeFiles/LLVMSupport.dir/APFixedPoint.cpp.o -MF lib/Support/CMakeFiles/LLVMSupport.dir/APFixedPoint.cpp.o.d -o lib/Support/CMakeFiles/LLVMSupport.dir/APFixedPoint.cpp.o -c /var/llvm-compile-time-tracker/llvm-project/llvm/lib/Support/APFixedPoint.cpp
In file included from /var/llvm-compile-time-tracker/llvm-project/llvm/include/llvm/ADT/SmallString.h:17,
                 from /var/llvm-compile-time-tracker/llvm-project/llvm/include/llvm/ADT/APFixedPoint.h:21,
                 from /var/llvm-compile-time-tracker/llvm-project/llvm/lib/Support/APFixedPoint.cpp:14:
/var/llvm-compile-time-tracker/llvm-project/llvm/include/llvm/ADT/SmallVector.h: In member function ‘void llvm::SmallVectorImpl<T>::resizeImpl(llvm::SmallVectorImpl<T>::size_type)’:
/var/llvm-compile-time-tracker/llvm-project/llvm/include/llvm/ADT/SmallVector.h:632:28: error: ‘is_trivally_constructible_v’ is not a member of ‘std’; did you mean ‘is_trivially_constructible_v’?
  632 |         if constexpr (std::is_trivally_constructible_v<T>)
      |                            ^~~~~~~~~~~~~~~~~~~~~~~~~~~
      |                            is_trivially_constructible_v
/var/llvm-compile-time-tracker/llvm-project/llvm/include/llvm/ADT/SmallVector.h:632:57: error: expected primary-expression before ‘>’ token
  632 |         if constexpr (std::is_trivally_constructible_v<T>)
      |                                                         ^
/var/llvm-compile-time-tracker/llvm-project/llvm/include/llvm/ADT/SmallVector.h:632:58: error: expected primary-expression before ‘)’ token
  632 |         if constexpr (std::is_trivally_constructible_v<T>)
      |                                                          ^
[19/3176] Building CXX object lib/Support/CMakeFiles/LLVMSupport.dir/BinaryStreamReader.cpp.o
FAILED: lib/Support/CMakeFiles/LLVMSupport.dir/BinaryStreamReader.cpp.o 
CCACHE_CPP2=yes CCACHE_HASHDIR=yes CCACHE_SLOPPINESS=pch_defines,time_macros /usr/bin/ccache /usr/bin/c++ -DEXPERIMENTAL_KEY_INSTRUCTIONS -DGTEST_HAS_RTTI=0 -D_GNU_SOURCE -D__STDC_CONSTANT_MACROS -D__STDC_FORMAT_MACROS -D__STDC_LIMIT_MACROS -D__SHORT_FILE__=\"BinaryStreamReader.cpp\" -I/tmp/llvm-project-build-stage1/lib/Support -I/var/llvm-compile-time-tracker/llvm-project/llvm/lib/Support -I/tmp/llvm-project-build-stage1/include -I/var/llvm-compile-time-tracker/llvm-project/llvm/include -I/var/llvm-compile-time-tracker/llvm-project/llvm/../third-party/siphash/include -fPIC -fno-semantic-interposition -fvisibility-inlines-hidden -Werror=date-time -Wall -Wextra -Wno-unused-parameter -Wwrite-strings -Wcast-qual -Wno-missing-field-initializers -pedantic -Wno-long-long -Wimplicit-fallthrough -Wno-uninitialized -Wno-nonnull -Wno-class-memaccess -Wno-redundant-move -Wno-pessimizing-move -Wno-noexcept-type -Wdelete-non-virtual-dtor -Wsuggest-override -Wno-comment -Wno-misleading-indentation -Wctad-maybe-unsupported -fdiagnostics-color -ffunction-sections -fdata-sections -O3 -DNDEBUG -std=c++17  -fno-exceptions -funwind-tables -fno-rtti -MD -MT lib/Support/CMakeFiles/LLVMSupport.dir/BinaryStreamReader.cpp.o -MF lib/Support/CMakeFiles/LLVMSupport.dir/BinaryStreamReader.cpp.o.d -o lib/Support/CMakeFiles/LLVMSupport.dir/BinaryStreamReader.cpp.o -c /var/llvm-compile-time-tracker/llvm-project/llvm/lib/Support/BinaryStreamReader.cpp
In file included from /var/llvm-compile-time-tracker/llvm-project/llvm/include/llvm/ADT/ArrayRef.h:13,
                 from /var/llvm-compile-time-tracker/llvm-project/llvm/include/llvm/Support/BinaryStreamReader.h:12,
                 from /var/llvm-compile-time-tracker/llvm-project/llvm/lib/Support/BinaryStreamReader.cpp:9:
/var/llvm-compile-time-tracker/llvm-project/llvm/include/llvm/ADT/SmallVector.h: In member function ‘void llvm::SmallVectorImpl<T>::resizeImpl(llvm::SmallVectorImpl<T>::size_type)’:
/var/llvm-compile-time-tracker/llvm-project/llvm/include/llvm/ADT/SmallVector.h:632:28: error: ‘is_trivally_constructible_v’ is not a member of ‘std’; did you mean ‘is_trivially_constructible_v’?
  632 |         if constexpr (std::is_trivally_constructible_v<T>)
      |                            ^~~~~~~~~~~~~~~~~~~~~~~~~~~
      |                            is_trivially_constructible_v
/var/llvm-compile-time-tracker/llvm-project/llvm/include/llvm/ADT/SmallVector.h:632:57: error: expected primary-expression before ‘>’ token
  632 |         if constexpr (std::is_trivally_constructible_v<T>)
      |                                                         ^
/var/llvm-compile-time-tracker/llvm-project/llvm/include/llvm/ADT/SmallVector.h:632:58: error: expected primary-expression before ‘)’ token
  632 |         if constexpr (std::is_trivally_constructible_v<T>)
      |                                                          ^
[20/3176] Building CXX object lib/Support/CMakeFiles/LLVMSupport.dir/APInt.cpp.o
FAILED: lib/Support/CMakeFiles/LLVMSupport.dir/APInt.cpp.o 
CCACHE_CPP2=yes CCACHE_HASHDIR=yes CCACHE_SLOPPINESS=pch_defines,time_macros /usr/bin/ccache /usr/bin/c++ -DEXPERIMENTAL_KEY_INSTRUCTIONS -DGTEST_HAS_RTTI=0 -D_GNU_SOURCE -D__STDC_CONSTANT_MACROS -D__STDC_FORMAT_MACROS -D__STDC_LIMIT_MACROS -D__SHORT_FILE__=\"APInt.cpp\" -I/tmp/llvm-project-build-stage1/lib/Support -I/var/llvm-compile-time-tracker/llvm-project/llvm/lib/Support -I/tmp/llvm-project-build-stage1/include -I/var/llvm-compile-time-tracker/llvm-project/llvm/include -I/var/llvm-compile-time-tracker/llvm-project/llvm/../third-party/siphash/include -fPIC -fno-semantic-interposition -fvisibility-inlines-hidden -Werror=date-time -Wall -Wextra -Wno-unused-parameter -Wwrite-strings -Wcast-qual -Wno-missing-field-initializers -pedantic -Wno-long-long -Wimplicit-fallthrough -Wno-uninitialized -Wno-nonnull -Wno-class-memaccess -Wno-redundant-move -Wno-pessimizing-move -Wno-noexcept-type -Wdelete-non-virtual-dtor -Wsuggest-override -Wno-comment -Wno-misleading-indentation -Wctad-maybe-unsupported -fdiagnostics-color -ffunction-sections -fdata-sections -O3 -DNDEBUG -std=c++17  -fno-exceptions -funwind-tables -fno-rtti -MD -MT lib/Support/CMakeFiles/LLVMSupport.dir/APInt.cpp.o -MF lib/Support/CMakeFiles/LLVMSupport.dir/APInt.cpp.o.d -o lib/Support/CMakeFiles/LLVMSupport.dir/APInt.cpp.o -c /var/llvm-compile-time-tracker/llvm-project/llvm/lib/Support/APInt.cpp
In file included from /var/llvm-compile-time-tracker/llvm-project/llvm/include/llvm/ADT/ArrayRef.h:13,
                 from /var/llvm-compile-time-tracker/llvm-project/llvm/lib/Support/APInt.cpp:15:
/var/llvm-compile-time-tracker/llvm-project/llvm/include/llvm/ADT/SmallVector.h: In member function ‘void llvm::SmallVectorImpl<T>::resizeImpl(llvm::SmallVectorImpl<T>::size_type)’:
/var/llvm-compile-time-tracker/llvm-project/llvm/include/llvm/ADT/SmallVector.h:632:28: error: ‘is_trivally_constructible_v’ is not a member of ‘std’; did you mean ‘is_trivially_constructible_v’?
  632 |         if constexpr (std::is_trivally_constructible_v<T>)
      |                            ^~~~~~~~~~~~~~~~~~~~~~~~~~~
      |                            is_trivially_constructible_v
/var/llvm-compile-time-tracker/llvm-project/llvm/include/llvm/ADT/SmallVector.h:632:57: error: expected primary-expression before ‘>’ token
  632 |         if constexpr (std::is_trivally_constructible_v<T>)
      |                                                         ^
/var/llvm-compile-time-tracker/llvm-project/llvm/include/llvm/ADT/SmallVector.h:632:58: error: expected primary-expression before ‘)’ token
  632 |         if constexpr (std::is_trivally_constructible_v<T>)
      |                                                          ^
[21/3176] Building CXX object lib/Support/CMakeFiles/LLVMSupport.dir/BinaryStreamRef.cpp.o
FAILED: lib/Support/CMakeFiles/LLVMSupport.dir/BinaryStreamRef.cpp.o 
CCACHE_CPP2=yes CCACHE_HASHDIR=yes CCACHE_SLOPPINESS=pch_defines,time_macros /usr/bin/ccache /usr/bin/c++ -DEXPERIMENTAL_KEY_INSTRUCTIONS -DGTEST_HAS_RTTI=0 -D_GNU_SOURCE -D__STDC_CONSTANT_MACROS -D__STDC_FORMAT_MACROS -D__STDC_LIMIT_MACROS -D__SHORT_FILE__=\"BinaryStreamRef.cpp\" -I/tmp/llvm-project-build-stage1/lib/Support -I/var/llvm-compile-time-tracker/llvm-project/llvm/lib/Support -I/tmp/llvm-project-build-stage1/include -I/var/llvm-compile-time-tracker/llvm-project/llvm/include -I/var/llvm-compile-time-tracker/llvm-project/llvm/../third-party/siphash/include -fPIC -fno-semantic-interposition -fvisibility-inlines-hidden -Werror=date-time -Wall -Wextra -Wno-unused-parameter -Wwrite-strings -Wcast-qual -Wno-missing-field-initializers -pedantic -Wno-long-long -Wimplicit-fallthrough -Wno-uninitialized -Wno-nonnull -Wno-class-memaccess -Wno-redundant-move -Wno-pessimizing-move -Wno-noexcept-type -Wdelete-non-virtual-dtor -Wsuggest-override -Wno-comment -Wno-misleading-indentation -Wctad-maybe-unsupported -fdiagnostics-color -ffunction-sections -fdata-sections -O3 -DNDEBUG -std=c++17  -fno-exceptions -funwind-tables -fno-rtti -MD -MT lib/Support/CMakeFiles/LLVMSupport.dir/BinaryStreamRef.cpp.o -MF lib/Support/CMakeFiles/LLVMSupport.dir/BinaryStreamRef.cpp.o.d -o lib/Support/CMakeFiles/LLVMSupport.dir/BinaryStreamRef.cpp.o -c /var/llvm-compile-time-tracker/llvm-project/llvm/lib/Support/BinaryStreamRef.cpp
In file included from /var/llvm-compile-time-tracker/llvm-project/llvm/include/llvm/ADT/ArrayRef.h:13,
                 from /var/llvm-compile-time-tracker/llvm-project/llvm/include/llvm/Support/BinaryStreamRef.h:12,
                 from /var/llvm-compile-time-tracker/llvm-project/llvm/lib/Support/BinaryStreamRef.cpp:9:
/var/llvm-compile-time-tracker/llvm-project/llvm/include/llvm/ADT/SmallVector.h: In member function ‘void llvm::SmallVectorImpl<T>::resizeImpl(llvm::SmallVectorImpl<T>::size_type)’:
/var/llvm-compile-time-tracker/llvm-project/llvm/include/llvm/ADT/SmallVector.h:632:28: error: ‘is_trivally_constructible_v’ is not a member of ‘std’; did you mean ‘is_trivially_constructible_v’?
  632 |         if constexpr (std::is_trivally_constructible_v<T>)
      |                            ^~~~~~~~~~~~~~~~~~~~~~~~~~~
      |                            is_trivially_constructible_v
/var/llvm-compile-time-tracker/llvm-project/llvm/include/llvm/ADT/SmallVector.h:632:57: error: expected primary-expression before ‘>’ token
  632 |         if constexpr (std::is_trivally_constructible_v<T>)
      |                                                         ^
/var/llvm-compile-time-tracker/llvm-project/llvm/include/llvm/ADT/SmallVector.h:632:58: error: expected primary-expression before ‘)’ token
  632 |         if constexpr (std::is_trivally_constructible_v<T>)
      |                                                          ^
[22/3176] Building CXX object lib/Support/CMakeFiles/LLVMSupport.dir/Allocator.cpp.o
FAILED: lib/Support/CMakeFiles/LLVMSupport.dir/Allocator.cpp.o 
CCACHE_CPP2=yes CCACHE_HASHDIR=yes CCACHE_SLOPPINESS=pch_defines,time_macros /usr/bin/ccache /usr/bin/c++ -DEXPERIMENTAL_KEY_INSTRUCTIONS -DGTEST_HAS_RTTI=0 -D_GNU_SOURCE -D__STDC_CONSTANT_MACROS -D__STDC_FORMAT_MACROS -D__STDC_LIMIT_MACROS -D__SHORT_FILE__=\"Allocator.cpp\" -I/tmp/llvm-project-build-stage1/lib/Support -I/var/llvm-compile-time-tracker/llvm-project/llvm/lib/Support -I/tmp/llvm-project-build-stage1/include -I/var/llvm-compile-time-tracker/llvm-project/llvm/include -I/var/llvm-compile-time-tracker/llvm-project/llvm/../third-party/siphash/include -fPIC -fno-semantic-interposition -fvisibility-inlines-hidden -Werror=date-time -Wall -Wextra -Wno-unused-parameter -Wwrite-strings -Wcast-qual -Wno-missing-field-initializers -pedantic -Wno-long-long -Wimplicit-fallthrough -Wno-uninitialized -Wno-nonnull -Wno-class-memaccess -Wno-redundant-move -Wno-pessimizing-move -Wno-noexcept-type -Wdelete-non-virtual-dtor -Wsuggest-override -Wno-comment -Wno-misleading-indentation -Wctad-maybe-unsupported -fdiagnostics-color -ffunction-sections -fdata-sections -O3 -DNDEBUG -std=c++17  -fno-exceptions -funwind-tables -fno-rtti -MD -MT lib/Support/CMakeFiles/LLVMSupport.dir/Allocator.cpp.o -MF lib/Support/CMakeFiles/LLVMSupport.dir/Allocator.cpp.o.d -o lib/Support/CMakeFiles/LLVMSupport.dir/Allocator.cpp.o -c /var/llvm-compile-time-tracker/llvm-project/llvm/lib/Support/Allocator.cpp
In file included from /var/llvm-compile-time-tracker/llvm-project/llvm/include/llvm/Support/Allocator.h:20,
                 from /var/llvm-compile-time-tracker/llvm-project/llvm/lib/Support/Allocator.cpp:13:
/var/llvm-compile-time-tracker/llvm-project/llvm/include/llvm/ADT/SmallVector.h: In member function ‘void llvm::SmallVectorImpl<T>::resizeImpl(llvm::SmallVectorImpl<T>::size_type)’:
/var/llvm-compile-time-tracker/llvm-project/llvm/include/llvm/ADT/SmallVector.h:632:28: error: ‘is_trivally_constructible_v’ is not a member of ‘std’; did you mean ‘is_trivially_constructible_v’?
  632 |         if constexpr (std::is_trivally_constructible_v<T>)
      |                            ^~~~~~~~~~~~~~~~~~~~~~~~~~~
      |                            is_trivially_constructible_v
/var/llvm-compile-time-tracker/llvm-project/llvm/include/llvm/ADT/SmallVector.h:632:57: error: expected primary-expression before ‘>’ token
  632 |         if constexpr (std::is_trivally_constructible_v<T>)
      |                                                         ^
/var/llvm-compile-time-tracker/llvm-project/llvm/include/llvm/ADT/SmallVector.h:632:58: error: expected primary-expression before ‘)’ token
  632 |         if constexpr (std::is_trivally_constructible_v<T>)
      |                                                          ^
[23/3176] Building CXX object lib/Support/CMakeFiles/LLVMSupport.dir/FileOutputBuffer.cpp.o
FAILED: lib/Support/CMakeFiles/LLVMSupport.dir/FileOutputBuffer.cpp.o 
CCACHE_CPP2=yes CCACHE_HASHDIR=yes CCACHE_SLOPPINESS=pch_defines,time_macros /usr/bin/ccache /usr/bin/c++ -DEXPERIMENTAL_KEY_INSTRUCTIONS -DGTEST_HAS_RTTI=0 -D_GNU_SOURCE -D__STDC_CONSTANT_MACROS -D__STDC_FORMAT_MACROS -D__STDC_LIMIT_MACROS -D__SHORT_FILE__=\"FileOutputBuffer.cpp\" -I/tmp/llvm-project-build-stage1/lib/Support -I/var/llvm-compile-time-tracker/llvm-project/llvm/lib/Support -I/tmp/llvm-project-build-stage1/include -I/var/llvm-compile-time-tracker/llvm-project/llvm/include -I/var/llvm-compile-time-tracker/llvm-project/llvm/../third-party/siphash/include -fPIC -fno-semantic-interposition -fvisibility-inlines-hidden -Werror=date-time -Wall -Wextra -Wno-unused-parameter -Wwrite-strings -Wcast-qual -Wno-missing-field-initializers -pedantic -Wno-long-long -Wimplicit-fallthrough -Wno-uninitialized -Wno-nonnull -Wno-class-memaccess -Wno-redundant-move -Wno-pessimizing-move -Wno-noexcept-type -Wdelete-non-virtual-dtor -Wsuggest-override -Wno-comment -Wno-misleading-indentation -Wctad-maybe-unsupported -fdiagnostics-color -ffunction-sections -fdata-sections -O3 -DNDEBUG -std=c++17  -fno-exceptions -funwind-tables -fno-rtti -MD -MT lib/Support/CMakeFiles/LLVMSupport.dir/FileOutputBuffer.cpp.o -MF lib/Support/CMakeFiles/LLVMSupport.dir/FileOutputBuffer.cpp.o.d -o lib/Support/CMakeFiles/LLVMSupport.dir/FileOutputBuffer.cpp.o -c /var/llvm-compile-time-tracker/llvm-project/llvm/lib/Support/FileOutputBuffer.cpp
In file included from /var/llvm-compile-time-tracker/llvm-project/llvm/include/llvm/ADT/Twine.h:12,
                 from /var/llvm-compile-time-tracker/llvm-project/llvm/include/llvm/Support/Error.h:17,
                 from /var/llvm-compile-time-tracker/llvm-project/llvm/include/llvm/Support/FileOutputBuffer.h:19,
                 from /var/llvm-compile-time-tracker/llvm-project/llvm/lib/Support/FileOutputBuffer.cpp:13:
/var/llvm-compile-time-tracker/llvm-project/llvm/include/llvm/ADT/SmallVector.h: In member function ‘void llvm::SmallVectorImpl<T>::resizeImpl(llvm::SmallVectorImpl<T>::size_type)’:
/var/llvm-compile-time-tracker/llvm-project/llvm/include/llvm/ADT/SmallVector.h:632:28: error: ‘is_trivally_constructible_v’ is not a member of ‘std’; did you mean ‘is_trivially_constructible_v’?
  632 |         if constexpr (std::is_trivally_constructible_v<T>)
      |                            ^~~~~~~~~~~~~~~~~~~~~~~~~~~
      |                            is_trivially_constructible_v
/var/llvm-compile-time-tracker/llvm-project/llvm/include/llvm/ADT/SmallVector.h:632:57: error: expected primary-expression before ‘>’ token
  632 |         if constexpr (std::is_trivally_constructible_v<T>)
      |                                                         ^
/var/llvm-compile-time-tracker/llvm-project/llvm/include/llvm/ADT/SmallVector.h:632:58: error: expected primary-expression before ‘)’ token
  632 |         if constexpr (std::is_trivally_constructible_v<T>)
      |                                                          ^
[24/3176] Building CXX object lib/Support/CMakeFiles/LLVMSupport.dir/BinaryStreamWriter.cpp.o
FAILED: lib/Support/CMakeFiles/LLVMSupport.dir/BinaryStreamWriter.cpp.o 
CCACHE_CPP2=yes CCACHE_HASHDIR=yes CCACHE_SLOPPINESS=pch_defines,time_macros /usr/bin/ccache /usr/bin/c++ -DEXPERIMENTAL_KEY_INSTRUCTIONS -DGTEST_HAS_RTTI=0 -D_GNU_SOURCE -D__STDC_CONSTANT_MACROS -D__STDC_FORMAT_MACROS -D__STDC_LIMIT_MACROS -D__SHORT_FILE__=\"BinaryStreamWriter.cpp\" -I/tmp/llvm-project-build-stage1/lib/Support -I/var/llvm-compile-time-tracker/llvm-project/llvm/lib/Support -I/tmp/llvm-project-build-stage1/include -I/var/llvm-compile-time-tracker/llvm-project/llvm/include -I/var/llvm-compile-time-tracker/llvm-project/llvm/../third-party/siphash/include -fPIC -fno-semantic-interposition -fvisibility-inlines-hidden -Werror=date-time -Wall -Wextra -Wno-unused-parameter -Wwrite-strings -Wcast-qual -Wno-missing-field-initializers -pedantic -Wno-long-long -Wimplicit-fallthrough -Wno-uninitialized -Wno-nonnull -Wno-class-memaccess -Wno-redundant-move -Wno-pessimizing-move -Wno-noexcept-type -Wdelete-non-virtual-dtor -Wsuggest-override -Wno-comment -Wno-misleading-indentation -Wctad-maybe-unsupported -fdiagnostics-color -ffunction-sections -fdata-sections -O3 -DNDEBUG -std=c++17  -fno-exceptions -funwind-tables -fno-rtti -MD -MT lib/Support/CMakeFiles/LLVMSupport.dir/BinaryStreamWriter.cpp.o -MF lib/Support/CMakeFiles/LLVMSupport.dir/BinaryStreamWriter.cpp.o.d -o lib/Support/CMakeFiles/LLVMSupport.dir/BinaryStreamWriter.cpp.o -c /var/llvm-compile-time-tracker/llvm-project/llvm/lib/Support/BinaryStreamWriter.cpp
In file included from /var/llvm-compile-time-tracker/llvm-project/llvm/include/llvm/ADT/ArrayRef.h:13,
                 from /var/llvm-compile-time-tracker/llvm-project/llvm/include/llvm/Support/BinaryStreamWriter.h:12,
                 from /var/llvm-compile-time-tracker/llvm-project/llvm/lib/Support/BinaryStreamWriter.cpp:9:
/var/llvm-compile-time-tracker/llvm-project/llvm/include/llvm/ADT/SmallVector.h: In member function ‘void llvm::SmallVectorImpl<T>::resizeImpl(llvm::SmallVectorImpl<T>::size_type)’:
/var/llvm-compile-time-tracker/llvm-project/llvm/include/llvm/ADT/SmallVector.h:632:28: error: ‘is_trivally_constructible_v’ is not a member of ‘std’; did you mean ‘is_trivially_constructible_v’?
  632 |         if constexpr (std::is_trivally_constructible_v<T>)
      |                            ^~~~~~~~~~~~~~~~~~~~~~~~~~~
      |                            is_trivially_constructible_v
/var/llvm-compile-time-tracker/llvm-project/llvm/include/llvm/ADT/SmallVector.h:632:57: error: expected primary-expression before ‘>’ token
  632 |         if constexpr (std::is_trivally_constructible_v<T>)
      |                                                         ^
/var/llvm-compile-time-tracker/llvm-project/llvm/include/llvm/ADT/SmallVector.h:632:58: error: expected primary-expression before ‘)’ token
  632 |         if constexpr (std::is_trivally_constructible_v<T>)
      |                                                          ^
[25/3176] Building CXX object lib/Support/CMakeFiles/LLVMSupport.dir/APFloat.cpp.o
FAILED: lib/Support/CMakeFiles/LLVMSupport.dir/APFloat.cpp.o 
CCACHE_CPP2=yes CCACHE_HASHDIR=yes CCACHE_SLOPPINESS=pch_defines,time_macros /usr/bin/ccache /usr/bin/c++ -DEXPERIMENTAL_KEY_INSTRUCTIONS -DGTEST_HAS_RTTI=0 -D_GNU_SOURCE -D__STDC_CONSTANT_MACROS -D__STDC_FORMAT_MACROS -D__STDC_LIMIT_MACROS -D__SHORT_FILE__=\"APFloat.cpp\" -I/tmp/llvm-project-build-stage1/lib/Support -I/var/llvm-compile-time-tracker/llvm-project/llvm/lib/Support -I/tmp/llvm-project-build-stage1/include -I/var/llvm-compile-time-tracker/llvm-project/llvm/include -I/var/llvm-compile-time-tracker/llvm-project/llvm/../third-party/siphash/include -fPIC -fno-semantic-interposition -fvisibility-inlines-hidden -Werror=date-time -Wall -Wextra -Wno-unused-parameter -Wwrite-strings -Wcast-qual -Wno-missing-field-initializers -pedantic -Wno-long-long -Wimplicit-fallthrough -Wno-uninitialized -Wno-nonnull -Wno-class-memaccess -Wno-redundant-move -Wno-pessimizing-move -Wno-noexcept-type -Wdelete-non-virtual-dtor -Wsuggest-override -Wno-comment -Wno-misleading-indentation -Wctad-maybe-unsupported -fdiagnostics-color -ffunction-sections -fdata-sections -O3 -DNDEBUG -std=c++17  -fno-exceptions -funwind-tables -fno-rtti -MD -MT lib/Support/CMakeFiles/LLVMSupport.dir/APFloat.cpp.o -MF lib/Support/CMakeFiles/LLVMSupport.dir/APFloat.cpp.o.d -o lib/Support/CMakeFiles/LLVMSupport.dir/APFloat.cpp.o -c /var/llvm-compile-time-tracker/llvm-project/llvm/lib/Support/APFloat.cpp
In file included from /var/llvm-compile-time-tracker/llvm-project/llvm/include/llvm/ADT/ArrayRef.h:13,
                 from /var/llvm-compile-time-tracker/llvm-project/llvm/include/llvm/ADT/APFloat.h:19,
                 from /var/llvm-compile-time-tracker/llvm-project/llvm/lib/Support/APFloat.cpp:14:
/var/llvm-compile-time-tracker/llvm-project/llvm/include/llvm/ADT/SmallVector.h: In member function ‘void llvm::SmallVectorImpl<T>::resizeImpl(llvm::SmallVectorImpl<T>::size_type)’:
/var/llvm-compile-time-tracker/llvm-project/llvm/include/llvm/ADT/SmallVector.h:632:28: error: ‘is_trivally_constructible_v’ is not a member of ‘std’; did you mean ‘is_trivially_constructible_v’?
  632 |         if constexpr (std::is_trivally_constructible_v<T>)
      |                            ^~~~~~~~~~~~~~~~~~~~~~~~~~~
      |                            is_trivially_constructible_v
/var/llvm-compile-time-tracker/llvm-project/llvm/include/llvm/ADT/SmallVector.h:632:57: error: expected primary-expression before ‘>’ token
  632 |         if constexpr (std::is_trivally_constructible_v<T>)
      |                                                         ^
/var/llvm-compile-time-tracker/llvm-project/llvm/include/llvm/ADT/SmallVector.h:632:58: error: expected primary-expression before ‘)’ token
  632 |         if constexpr (std::is_trivally_constructible_v<T>)
      |                                                          ^
[26/3176] Building CXX object lib/Support/CMakeFiles/LLVMSupport.dir/AMDGPUMetadata.cpp.o
FAILED: lib/Support/CMakeFiles/LLVMSupport.dir/AMDGPUMetadata.cpp.o 
CCACHE_CPP2=yes CCACHE_HASHDIR=yes CCACHE_SLOPPINESS=pch_defines,time_macros /usr/bin/ccache /usr/bin/c++ -DEXPERIMENTAL_KEY_INSTRUCTIONS -DGTEST_HAS_RTTI=0 -D_GNU_SOURCE -D__STDC_CONSTANT_MACROS -D__STDC_FORMAT_MACROS -D__STDC_LIMIT_MACROS -D__SHORT_FILE__=\"AMDGPUMetadata.cpp\" -I/tmp/llvm-project-build-stage1/lib/Support -I/var/llvm-compile-time-tracker/llvm-project/llvm/lib/Support -I/tmp/llvm-project-build-stage1/include -I/var/llvm-compile-time-tracker/llvm-project/llvm/include -I/var/llvm-compile-time-tracker/llvm-project/llvm/../third-party/siphash/include -fPIC -fno-semantic-interposition -fvisibility-inlines-hidden -Werror=date-time -Wall -Wextra -Wno-unused-parameter -Wwrite-strings -Wcast-qual -Wno-missing-field-initializers -pedantic -Wno-long-long -Wimplicit-fallthrough -Wno-uninitialized -Wno-nonnull -Wno-class-memaccess -Wno-redundant-move -Wno-pessimizing-move -Wno-noexcept-type -Wdelete-non-virtual-dtor -Wsuggest-override -Wno-comment -Wno-misleading-indentation -Wctad-maybe-unsupported -fdiagnostics-color -ffunction-sections -fdata-sections -O3 -DNDEBUG -std=c++17  -fno-exceptions -funwind-tables -fno-rtti -MD -MT lib/Support/CMakeFiles/LLVMSupport.dir/AMDGPUMetadata.cpp.o -MF lib/Support/CMakeFiles/LLVMSupport.dir/AMDGPUMetadata.cpp.o.d -o lib/Support/CMakeFiles/LLVMSupport.dir/AMDGPUMetadata.cpp.o -c /var/llvm-compile-time-tracker/llvm-project/llvm/lib/Support/AMDGPUMetadata.cpp
In file included from /var/llvm-compile-time-tracker/llvm-project/llvm/include/llvm/ADT/ArrayRef.h:13,
                 from /var/llvm-compile-time-tracker/llvm-project/llvm/include/llvm/Support/YAMLTraits.h:12,
                 from /var/llvm-compile-time-tracker/llvm-project/llvm/lib/Support/AMDGPUMetadata.cpp:16:
/var/llvm-compile-time-tracker/llvm-project/llvm/include/llvm/ADT/SmallVector.h: In member function ‘void llvm::SmallVectorImpl<T>::resizeImpl(llvm::SmallVectorImpl<T>::size_type)’:
/var/llvm-compile-time-tracker/llvm-project/llvm/include/llvm/ADT/SmallVector.h:632:28: error: ‘is_trivally_constructible_v’ is not a member of ‘std’; did you mean ‘is_trivially_constructible_v’?
  632 |         if constexpr (std::is_trivally_constructible_v<T>)
      |                            ^~~~~~~~~~~~~~~~~~~~~~~~~~~
      |                            is_trivially_constructible_v
/var/llvm-compile-time-tracker/llvm-project/llvm/include/llvm/ADT/SmallVector.h:632:57: error: expected primary-expression before ‘>’ token
  632 |         if constexpr (std::is_trivally_constructible_v<T>)
      |                                                         ^
/var/llvm-compile-time-tracker/llvm-project/llvm/include/llvm/ADT/SmallVector.h:632:58: error: expected primary-expression before ‘)’ token
  632 |         if constexpr (std::is_trivally_constructible_v<T>)
      |                                                          ^
[27/3176] Building CXX object lib/Support/CMakeFiles/LLVMSupport.dir/ARMAttributeParser.cpp.o
FAILED: lib/Support/CMakeFiles/LLVMSupport.dir/ARMAttributeParser.cpp.o 
CCACHE_CPP2=yes CCACHE_HASHDIR=yes CCACHE_SLOPPINESS=pch_defines,time_macros /usr/bin/ccache /usr/bin/c++ -DEXPERIMENTAL_KEY_INSTRUCTIONS -DGTEST_HAS_RTTI=0 -D_GNU_SOURCE -D__STDC_CONSTANT_MACROS -D__STDC_FORMAT_MACROS -D__STDC_LIMIT_MACROS -D__SHORT_FILE__=\"ARMAttributeParser.cpp\" -I/tmp/llvm-project-build-stage1/lib/Support -I/var/llvm-compile-time-tracker/llvm-project/llvm/lib/Support -I/tmp/llvm-project-build-stage1/include -I/var/llvm-compile-time-tracker/llvm-project/llvm/include -I/var/llvm-compile-time-tracker/llvm-project/llvm/../third-party/siphash/include -fPIC -fno-semantic-interposition -fvisibility-inlines-hidden -Werror=date-time -Wall -Wextra -Wno-unused-parameter -Wwrite-strings -Wcast-qual -Wno-missing-field-initializers -pedantic -Wno-long-long -Wimplicit-fallthrough -Wno-uninitialized -Wno-nonnull -Wno-class-memaccess -Wno-redundant-move -Wno-pessimizing-move -Wno-noexcept-type -Wdelete-non-virtual-dtor -Wsuggest-override -Wno-comment -Wno-misleading-indentation -Wctad-maybe-unsupported -fdiagnostics-color -ffunction-sections -fdata-sections -O3 -DNDEBUG -std=c++17  -fno-exceptions -funwind-tables -fno-rtti -MD -MT lib/Support/CMakeFiles/LLVMSupport.dir/ARMAttributeParser.cpp.o -MF lib/Support/CMakeFiles/LLVMSupport.dir/ARMAttributeParser.cpp.o.d -o lib/Support/CMakeFiles/LLVMSupport.dir/ARMAttributeParser.cpp.o -c /var/llvm-compile-time-tracker/llvm-project/llvm/lib/Support/ARMAttributeParser.cpp
In file included from /var/llvm-compile-time-tracker/llvm-project/llvm/include/llvm/ADT/ArrayRef.h:13,
                 from /var/llvm-compile-time-tracker/llvm-project/llvm/include/llvm/Support/ELFAttributes.h:12,
                 from /var/llvm-compile-time-tracker/llvm-project/llvm/include/llvm/Support/ARMBuildAttributes.h:22,
                 from /var/llvm-compile-time-tracker/llvm-project/llvm/include/llvm/Support/ARMAttributeParser.h:12,
                 from /var/llvm-compile-time-tracker/llvm-project/llvm/lib/Support/ARMAttributeParser.cpp:9:
/var/llvm-compile-time-tracker/llvm-project/llvm/include/llvm/ADT/SmallVector.h: In member function ‘void llvm::SmallVectorImpl<T>::resizeImpl(llvm::SmallVectorImpl<T>::size_type)’:
/var/llvm-compile-time-tracker/llvm-project/llvm/include/llvm/ADT/SmallVector.h:632:28: error: ‘is_trivally_constructible_v’ is not a member of ‘std’; did you mean ‘is_trivially_constructible_v’?
  632 |         if constexpr (std::is_trivally_constructible_v<T>)
      |                            ^~~~~~~~~~~~~~~~~~~~~~~~~~~
      |                            is_trivially_constructible_v
/var/llvm-compile-time-tracker/llvm-project/llvm/include/llvm/ADT/SmallVector.h:632:57: error: expected primary-expression before ‘>’ token
  632 |         if constexpr (std::is_trivally_constructible_v<T>)
      |                                                         ^
/var/llvm-compile-time-tracker/llvm-project/llvm/include/llvm/ADT/SmallVector.h:632:58: error: expected primary-expression before ‘)’ token
  632 |         if constexpr (std::is_trivally_constructible_v<T>)
      |                                                          ^
[28/3176] Building CXX object lib/Support/CMakeFiles/LLVMSupport.dir/BalancedPartitioning.cpp.o
FAILED: lib/Support/CMakeFiles/LLVMSupport.dir/BalancedPartitioning.cpp.o 
CCACHE_CPP2=yes CCACHE_HASHDIR=yes CCACHE_SLOPPINESS=pch_defines,time_macros /usr/bin/ccache /usr/bin/c++ -DEXPERIMENTAL_KEY_INSTRUCTIONS -DGTEST_HAS_RTTI=0 -D_GNU_SOURCE -D__STDC_CONSTANT_MACROS -D__STDC_FORMAT_MACROS -D__STDC_LIMIT_MACROS -D__SHORT_FILE__=\"BalancedPartitioning.cpp\" -I/tmp/llvm-project-build-stage1/lib/Support -I/var/llvm-compile-time-tracker/llvm-project/llvm/lib/Support -I/tmp/llvm-project-build-stage1/include -I/var/llvm-compile-time-tracker/llvm-project/llvm/include -I/var/llvm-compile-time-tracker/llvm-project/llvm/../third-party/siphash/include -fPIC -fno-semantic-interposition -fvisibility-inlines-hidden -Werror=date-time -Wall -Wextra -Wno-unused-parameter -Wwrite-strings -Wcast-qual -Wno-missing-field-initializers -pedantic -Wno-long-long -Wimplicit-fallthrough -Wno-uninitialized -Wno-nonnull -Wno-class-memaccess -Wno-redundant-move -Wno-pessimizing-move -Wno-noexcept-type -Wdelete-non-virtual-dtor -Wsuggest-override -Wno-comment -Wno-misleading-indentation -Wctad-maybe-unsupported -fdiagnostics-color -ffunction-sections -fdata-sections -O3 -DNDEBUG -std=c++17  -fno-exceptions -funwind-tables -fno-rtti -MD -MT lib/Support/CMakeFiles/LLVMSupport.dir/BalancedPartitioning.cpp.o -MF lib/Support/CMakeFiles/LLVMSupport.dir/BalancedPartitioning.cpp.o.d -o lib/Support/CMakeFiles/LLVMSupport.dir/BalancedPartitioning.cpp.o -c /var/llvm-compile-time-tracker/llvm-project/llvm/lib/Support/BalancedPartitioning.cpp
In file included from /var/llvm-compile-time-tracker/llvm-project/llvm/include/llvm/Support/raw_ostream.h:16,
                 from /var/llvm-compile-time-tracker/llvm-project/llvm/include/llvm/Support/BalancedPartitioning.h:42,
                 from /var/llvm-compile-time-tracker/llvm-project/llvm/lib/Support/BalancedPartitioning.cpp:14:
/var/llvm-compile-time-tracker/llvm-project/llvm/include/llvm/ADT/SmallVector.h: In member function ‘void llvm::SmallVectorImpl<T>::resizeImpl(llvm::SmallVectorImpl<T>::size_type)’:
/var/llvm-compile-time-tracker/llvm-project/llvm/include/llvm/ADT/SmallVector.h:632:28: error: ‘is_trivally_constructible_v’ is not a member of ‘std’; did you mean ‘is_trivially_constructible_v’?
  632 |         if constexpr (std::is_trivally_constructible_v<T>)
      |                            ^~~~~~~~~~~~~~~~~~~~~~~~~~~
      |                            is_trivially_constructible_v
/var/llvm-compile-time-tracker/llvm-project/llvm/include/llvm/ADT/SmallVector.h:632:57: error: expected primary-expression before ‘>’ token
  632 |         if constexpr (std::is_trivally_constructible_v<T>)
      |                                                         ^
/var/llvm-compile-time-tracker/llvm-project/llvm/include/llvm/ADT/SmallVector.h:632:58: error: expected primary-expression before ‘)’ token
  632 |         if constexpr (std::is_trivally_constructible_v<T>)
      |                                                          ^
ninja: build stopped: subcommand failed.


STDERR:
CMake Deprecation Warning at /var/llvm-compile-time-tracker/llvm-project/clang/CMakeLists.txt:450 (message):
  'CLANG_ENABLE_ARCMT' is deprecated as ARCMigrate has been removed from
  Clang.  Please use 'CLANG_ENABLE_OBJC_REWRITER' instead to enable or
  disable the Objective-C rewriter.


Command exited with non-zero status 1
9.00user 1.07system 0:00.95elapsed 1052%CPU (0avgtext+0avgdata 201732maxresident)k
0inputs+79848outputs (9major+589722minor)pagefaults 0swaps
