MESSAGE: Execution of "sudo -u lctt-runner ./build_llvm_project_stage1.sh" failed

STDOUT:
      |                      ~~~~~~~~~~~~~~~~~~~~~~~~~~~~~~~~~~~~~~~~^~~~~~~~~~~~~~~
In file included from /var/llvm-compile-time-tracker/llvm-project/llvm/include/llvm/ADT/PointerUnion.h:21,
                 from /var/llvm-compile-time-tracker/llvm-project/llvm/include/llvm/ADT/TinyPtrVector.h:13,
                 from /var/llvm-compile-time-tracker/llvm-project/llvm/lib/Transforms/Vectorize/VPlanValue.h:27,
                 from /var/llvm-compile-time-tracker/llvm-project/llvm/lib/Transforms/Vectorize/VPlan.h:29,
                 from /var/llvm-compile-time-tracker/llvm-project/llvm/lib/Transforms/Vectorize/VPlanTransforms.h:16,
                 from /var/llvm-compile-time-tracker/llvm-project/llvm/lib/Transforms/Vectorize/VPlanTransforms.cpp:14:
/var/llvm-compile-time-tracker/llvm-project/llvm/include/llvm/Support/Casting.h:649:37: note: candidate: ‘template<class To, class From> decltype(auto) llvm::dyn_cast(const From&)’
  649 | [[nodiscard]] inline decltype(auto) dyn_cast(const From &Val) {
      |                                     ^~~~~~~~
/var/llvm-compile-time-tracker/llvm-project/llvm/include/llvm/Support/Casting.h:649:37: note:   template argument deduction/substitution failed:
/var/llvm-compile-time-tracker/llvm-project/llvm/lib/Transforms/Vectorize/VPlanTransforms.cpp:783:62: error: template argument 1 is invalid
  783 |       auto *WriteR = dyn_cast<VPWidenMemoryInstructionRecipe>(SinkCandidate);
      |                      ~~~~~~~~~~~~~~~~~~~~~~~~~~~~~~~~~~~~~~~~^~~~~~~~~~~~~~~
In file included from /var/llvm-compile-time-tracker/llvm-project/llvm/include/llvm/ADT/PointerUnion.h:21,
                 from /var/llvm-compile-time-tracker/llvm-project/llvm/include/llvm/ADT/TinyPtrVector.h:13,
                 from /var/llvm-compile-time-tracker/llvm-project/llvm/lib/Transforms/Vectorize/VPlanValue.h:27,
                 from /var/llvm-compile-time-tracker/llvm-project/llvm/lib/Transforms/Vectorize/VPlan.h:29,
                 from /var/llvm-compile-time-tracker/llvm-project/llvm/lib/Transforms/Vectorize/VPlanTransforms.h:16,
                 from /var/llvm-compile-time-tracker/llvm-project/llvm/lib/Transforms/Vectorize/VPlanTransforms.cpp:14:
/var/llvm-compile-time-tracker/llvm-project/llvm/include/llvm/Support/Casting.h:655:37: note: candidate: ‘template<class To, class From> decltype(auto) llvm::dyn_cast(From&)’
  655 | [[nodiscard]] inline decltype(auto) dyn_cast(From &Val) {
      |                                     ^~~~~~~~
/var/llvm-compile-time-tracker/llvm-project/llvm/include/llvm/Support/Casting.h:655:37: note:   template argument deduction/substitution failed:
/var/llvm-compile-time-tracker/llvm-project/llvm/lib/Transforms/Vectorize/VPlanTransforms.cpp:783:62: error: template argument 1 is invalid
  783 |       auto *WriteR = dyn_cast<VPWidenMemoryInstructionRecipe>(SinkCandidate);
      |                      ~~~~~~~~~~~~~~~~~~~~~~~~~~~~~~~~~~~~~~~~^~~~~~~~~~~~~~~
In file included from /var/llvm-compile-time-tracker/llvm-project/llvm/include/llvm/ADT/PointerUnion.h:21,
                 from /var/llvm-compile-time-tracker/llvm-project/llvm/include/llvm/ADT/TinyPtrVector.h:13,
                 from /var/llvm-compile-time-tracker/llvm-project/llvm/lib/Transforms/Vectorize/VPlanValue.h:27,
                 from /var/llvm-compile-time-tracker/llvm-project/llvm/lib/Transforms/Vectorize/VPlan.h:29,
                 from /var/llvm-compile-time-tracker/llvm-project/llvm/lib/Transforms/Vectorize/VPlanTransforms.h:16,
                 from /var/llvm-compile-time-tracker/llvm-project/llvm/lib/Transforms/Vectorize/VPlanTransforms.cpp:14:
/var/llvm-compile-time-tracker/llvm-project/llvm/include/llvm/Support/Casting.h:661:37: note: candidate: ‘template<class To, class From> decltype(auto) llvm::dyn_cast(From*)’
  661 | [[nodiscard]] inline decltype(auto) dyn_cast(From *Val) {
      |                                     ^~~~~~~~
/var/llvm-compile-time-tracker/llvm-project/llvm/include/llvm/Support/Casting.h:661:37: note:   template argument deduction/substitution failed:
/var/llvm-compile-time-tracker/llvm-project/llvm/lib/Transforms/Vectorize/VPlanTransforms.cpp:783:62: error: template argument 1 is invalid
  783 |       auto *WriteR = dyn_cast<VPWidenMemoryInstructionRecipe>(SinkCandidate);
      |                      ~~~~~~~~~~~~~~~~~~~~~~~~~~~~~~~~~~~~~~~~^~~~~~~~~~~~~~~
In file included from /var/llvm-compile-time-tracker/llvm-project/llvm/include/llvm/ADT/PointerUnion.h:21,
                 from /var/llvm-compile-time-tracker/llvm-project/llvm/include/llvm/ADT/TinyPtrVector.h:13,
                 from /var/llvm-compile-time-tracker/llvm-project/llvm/lib/Transforms/Vectorize/VPlanValue.h:27,
                 from /var/llvm-compile-time-tracker/llvm-project/llvm/lib/Transforms/Vectorize/VPlan.h:29,
                 from /var/llvm-compile-time-tracker/llvm-project/llvm/lib/Transforms/Vectorize/VPlanTransforms.h:16,
                 from /var/llvm-compile-time-tracker/llvm-project/llvm/lib/Transforms/Vectorize/VPlanTransforms.cpp:14:
/var/llvm-compile-time-tracker/llvm-project/llvm/include/llvm/Support/Casting.h:667:37: note: candidate: ‘template<class To, class From> decltype(auto) llvm::dyn_cast(std::unique_ptr<From>&)’
  667 | [[nodiscard]] inline decltype(auto) dyn_cast(std::unique_ptr<From> &Val) {
      |                                     ^~~~~~~~
/var/llvm-compile-time-tracker/llvm-project/llvm/include/llvm/Support/Casting.h:667:37: note:   template argument deduction/substitution failed:
/var/llvm-compile-time-tracker/llvm-project/llvm/lib/Transforms/Vectorize/VPlanTransforms.cpp:783:62: error: template argument 1 is invalid
  783 |       auto *WriteR = dyn_cast<VPWidenMemoryInstructionRecipe>(SinkCandidate);
      |                      ~~~~~~~~~~~~~~~~~~~~~~~~~~~~~~~~~~~~~~~~^~~~~~~~~~~~~~~
/var/llvm-compile-time-tracker/llvm-project/llvm/lib/Transforms/Vectorize/VPlanTransforms.cpp: In lambda function:
/var/llvm-compile-time-tracker/llvm-project/llvm/lib/Transforms/Vectorize/VPlanTransforms.cpp:791:70: error: no matching function for call to ‘dyn_cast<<expression error> >(llvm::VPRecipeBase*)’
  791 |                              dyn_cast<VPWidenMemoryInstructionRecipe>(&R)) {
      |                              ~~~~~~~~~~~~~~~~~~~~~~~~~~~~~~~~~~~~~~~~^~~~
In file included from /var/llvm-compile-time-tracker/llvm-project/llvm/include/llvm/ADT/PointerUnion.h:21,
                 from /var/llvm-compile-time-tracker/llvm-project/llvm/include/llvm/ADT/TinyPtrVector.h:13,
                 from /var/llvm-compile-time-tracker/llvm-project/llvm/lib/Transforms/Vectorize/VPlanValue.h:27,
                 from /var/llvm-compile-time-tracker/llvm-project/llvm/lib/Transforms/Vectorize/VPlan.h:29,
                 from /var/llvm-compile-time-tracker/llvm-project/llvm/lib/Transforms/Vectorize/VPlanTransforms.h:16,
                 from /var/llvm-compile-time-tracker/llvm-project/llvm/lib/Transforms/Vectorize/VPlanTransforms.cpp:14:
/var/llvm-compile-time-tracker/llvm-project/llvm/include/llvm/Support/Casting.h:649:37: note: candidate: ‘template<class To, class From> decltype(auto) llvm::dyn_cast(const From&)’
  649 | [[nodiscard]] inline decltype(auto) dyn_cast(const From &Val) {
      |                                     ^~~~~~~~
/var/llvm-compile-time-tracker/llvm-project/llvm/include/llvm/Support/Casting.h:649:37: note:   template argument deduction/substitution failed:
/var/llvm-compile-time-tracker/llvm-project/llvm/lib/Transforms/Vectorize/VPlanTransforms.cpp:791:70: error: template argument 1 is invalid
  791 |                              dyn_cast<VPWidenMemoryInstructionRecipe>(&R)) {
      |                              ~~~~~~~~~~~~~~~~~~~~~~~~~~~~~~~~~~~~~~~~^~~~
In file included from /var/llvm-compile-time-tracker/llvm-project/llvm/include/llvm/ADT/PointerUnion.h:21,
                 from /var/llvm-compile-time-tracker/llvm-project/llvm/include/llvm/ADT/TinyPtrVector.h:13,
                 from /var/llvm-compile-time-tracker/llvm-project/llvm/lib/Transforms/Vectorize/VPlanValue.h:27,
                 from /var/llvm-compile-time-tracker/llvm-project/llvm/lib/Transforms/Vectorize/VPlan.h:29,
                 from /var/llvm-compile-time-tracker/llvm-project/llvm/lib/Transforms/Vectorize/VPlanTransforms.h:16,
                 from /var/llvm-compile-time-tracker/llvm-project/llvm/lib/Transforms/Vectorize/VPlanTransforms.cpp:14:
/var/llvm-compile-time-tracker/llvm-project/llvm/include/llvm/Support/Casting.h:655:37: note: candidate: ‘template<class To, class From> decltype(auto) llvm::dyn_cast(From&)’
  655 | [[nodiscard]] inline decltype(auto) dyn_cast(From &Val) {
      |                                     ^~~~~~~~
/var/llvm-compile-time-tracker/llvm-project/llvm/include/llvm/Support/Casting.h:655:37: note:   template argument deduction/substitution failed:
/var/llvm-compile-time-tracker/llvm-project/llvm/lib/Transforms/Vectorize/VPlanTransforms.cpp:791:70: error: template argument 1 is invalid
  791 |                              dyn_cast<VPWidenMemoryInstructionRecipe>(&R)) {
      |                              ~~~~~~~~~~~~~~~~~~~~~~~~~~~~~~~~~~~~~~~~^~~~
In file included from /var/llvm-compile-time-tracker/llvm-project/llvm/include/llvm/ADT/PointerUnion.h:21,
                 from /var/llvm-compile-time-tracker/llvm-project/llvm/include/llvm/ADT/TinyPtrVector.h:13,
                 from /var/llvm-compile-time-tracker/llvm-project/llvm/lib/Transforms/Vectorize/VPlanValue.h:27,
                 from /var/llvm-compile-time-tracker/llvm-project/llvm/lib/Transforms/Vectorize/VPlan.h:29,
                 from /var/llvm-compile-time-tracker/llvm-project/llvm/lib/Transforms/Vectorize/VPlanTransforms.h:16,
                 from /var/llvm-compile-time-tracker/llvm-project/llvm/lib/Transforms/Vectorize/VPlanTransforms.cpp:14:
/var/llvm-compile-time-tracker/llvm-project/llvm/include/llvm/Support/Casting.h:661:37: note: candidate: ‘template<class To, class From> decltype(auto) llvm::dyn_cast(From*)’
  661 | [[nodiscard]] inline decltype(auto) dyn_cast(From *Val) {
      |                                     ^~~~~~~~
/var/llvm-compile-time-tracker/llvm-project/llvm/include/llvm/Support/Casting.h:661:37: note:   template argument deduction/substitution failed:
/var/llvm-compile-time-tracker/llvm-project/llvm/lib/Transforms/Vectorize/VPlanTransforms.cpp:791:70: error: template argument 1 is invalid
  791 |                              dyn_cast<VPWidenMemoryInstructionRecipe>(&R)) {
      |                              ~~~~~~~~~~~~~~~~~~~~~~~~~~~~~~~~~~~~~~~~^~~~
In file included from /var/llvm-compile-time-tracker/llvm-project/llvm/include/llvm/ADT/PointerUnion.h:21,
                 from /var/llvm-compile-time-tracker/llvm-project/llvm/include/llvm/ADT/TinyPtrVector.h:13,
                 from /var/llvm-compile-time-tracker/llvm-project/llvm/lib/Transforms/Vectorize/VPlanValue.h:27,
                 from /var/llvm-compile-time-tracker/llvm-project/llvm/lib/Transforms/Vectorize/VPlan.h:29,
                 from /var/llvm-compile-time-tracker/llvm-project/llvm/lib/Transforms/Vectorize/VPlanTransforms.h:16,
                 from /var/llvm-compile-time-tracker/llvm-project/llvm/lib/Transforms/Vectorize/VPlanTransforms.cpp:14:
/var/llvm-compile-time-tracker/llvm-project/llvm/include/llvm/Support/Casting.h:667:37: note: candidate: ‘template<class To, class From> decltype(auto) llvm::dyn_cast(std::unique_ptr<From>&)’
  667 | [[nodiscard]] inline decltype(auto) dyn_cast(std::unique_ptr<From> &Val) {
      |                                     ^~~~~~~~
/var/llvm-compile-time-tracker/llvm-project/llvm/include/llvm/Support/Casting.h:667:37: note:   template argument deduction/substitution failed:
/var/llvm-compile-time-tracker/llvm-project/llvm/lib/Transforms/Vectorize/VPlanTransforms.cpp:791:70: error: template argument 1 is invalid
  791 |                              dyn_cast<VPWidenMemoryInstructionRecipe>(&R)) {
      |                              ~~~~~~~~~~~~~~~~~~~~~~~~~~~~~~~~~~~~~~~~^~~~
[2202/2717] Building CXX object tools/clang/lib/Sema/CMakeFiles/obj.clangSema.dir/SemaTemplateInstantiate.cpp.o
[2203/2717] Building CXX object tools/clang/lib/Sema/CMakeFiles/obj.clangSema.dir/SemaTemplate.cpp.o
[2204/2717] Building CXX object tools/clang/lib/Sema/CMakeFiles/obj.clangSema.dir/SemaType.cpp.o
[2205/2717] Building CXX object tools/clang/lib/Sema/CMakeFiles/obj.clangSema.dir/SemaTemplateInstantiateDecl.cpp.o
[2206/2717] Building CXX object tools/clang/lib/CodeGen/CMakeFiles/obj.clangCodeGen.dir/LinkInModulesPass.cpp.o
[2207/2717] Building CXX object tools/clang/lib/CodeGen/CMakeFiles/obj.clangCodeGen.dir/MacroPPCallbacks.cpp.o
[2208/2717] Building CXX object tools/clang/lib/CodeGen/CMakeFiles/obj.clangCodeGen.dir/CoverageMappingGen.cpp.o
[2209/2717] Building CXX object tools/clang/lib/CodeGen/CMakeFiles/obj.clangCodeGen.dir/CodeGenPGO.cpp.o
[2210/2717] Building CXX object tools/clang/lib/CodeGen/CMakeFiles/obj.clangCodeGen.dir/CodeGenAction.cpp.o
[2211/2717] Building CXX object tools/clang/lib/CodeGen/CMakeFiles/obj.clangCodeGen.dir/CodeGenModule.cpp.o
[2212/2717] Building CXX object tools/clang/lib/CodeGen/CMakeFiles/obj.clangCodeGen.dir/ObjectFilePCHContainerOperations.cpp.o
[2213/2717] Building CXX object lib/Transforms/Vectorize/CMakeFiles/LLVMVectorize.dir/VPlanHCFGBuilder.cpp.o
[2214/2717] Building X86GenInstrInfo.inc...
[2215/2717] Building CXX object lib/Transforms/Vectorize/CMakeFiles/LLVMVectorize.dir/VPlanRecipes.cpp.o
[2216/2717] Building CXX object lib/MC/MCParser/CMakeFiles/LLVMMCParser.dir/AsmParser.cpp.o
[2217/2717] Building CXX object lib/Transforms/Vectorize/CMakeFiles/LLVMVectorize.dir/VPlan.cpp.o
[2218/2717] Building CXX object lib/Transforms/Vectorize/CMakeFiles/LLVMVectorize.dir/LoopVectorize.cpp.o
ninja: build stopped: subcommand failed.


STDERR:
Command exited with non-zero status 1
128.11user 15.93system 0:15.35elapsed 938%CPU (0avgtext+0avgdata 916756maxresident)k
0inputs+2251016outputs (8703major+7278163minor)pagefaults 0swaps
