MESSAGE: Execution of "sudo -u lctt-runner ./build_llvm_project_stage1.sh" failed

STDOUT:
      |            ^~~~~~~~~
[934/2745] Building X86GenDAGISel.inc...
[935/2745] Building CXX object tools/clang/lib/Driver/CMakeFiles/obj.clangDriver.dir/ToolChains/HIPUtility.cpp.o
[936/2745] Building CXX object lib/IR/CMakeFiles/LLVMCore.dir/PseudoProbe.cpp.o
FAILED: lib/IR/CMakeFiles/LLVMCore.dir/PseudoProbe.cpp.o 
CCACHE_CPP2=yes CCACHE_HASHDIR=yes /usr/bin/ccache /usr/bin/c++ -DGTEST_HAS_RTTI=0 -D_GNU_SOURCE -D__STDC_CONSTANT_MACROS -D__STDC_FORMAT_MACROS -D__STDC_LIMIT_MACROS -I/tmp/llvm-project-build-stage1/lib/IR -I/var/llvm-compile-time-tracker/llvm-project/llvm/lib/IR -I/tmp/llvm-project-build-stage1/include -I/var/llvm-compile-time-tracker/llvm-project/llvm/include -fPIC -fno-semantic-interposition -fvisibility-inlines-hidden -Werror=date-time -fno-lifetime-dse -Wall -Wextra -Wno-unused-parameter -Wwrite-strings -Wcast-qual -Wno-missing-field-initializers -pedantic -Wno-long-long -Wimplicit-fallthrough -Wno-uninitialized -Wno-nonnull -Wno-class-memaccess -Wno-redundant-move -Wno-pessimizing-move -Wno-noexcept-type -Wdelete-non-virtual-dtor -Wsuggest-override -Wno-comment -Wno-misleading-indentation -Wctad-maybe-unsupported -fdiagnostics-color -ffunction-sections -fdata-sections -O3 -DNDEBUG  -fno-exceptions -funwind-tables -fno-rtti -std=c++17 -MD -MT lib/IR/CMakeFiles/LLVMCore.dir/PseudoProbe.cpp.o -MF lib/IR/CMakeFiles/LLVMCore.dir/PseudoProbe.cpp.o.d -o lib/IR/CMakeFiles/LLVMCore.dir/PseudoProbe.cpp.o -c /var/llvm-compile-time-tracker/llvm-project/llvm/lib/IR/PseudoProbe.cpp
In file included from /var/llvm-compile-time-tracker/llvm-project/llvm/lib/IR/PseudoProbe.cpp:16:
/var/llvm-compile-time-tracker/llvm-project/llvm/include/llvm/IR/IRBuilder.h:2679:12: error: ‘llvm::IRBuilder<FolderTy, InserterTy>::IRBuilder(llvm::BasicBlock*, llvm::BasicBlock::iterator, llvm::MDNode*, llvm::ArrayRef<llvm::OperandBundleDefT<llvm::Value*> >)’ cannot be overloaded with ‘llvm::IRBuilder<FolderTy, InserterTy>::IRBuilder(llvm::BasicBlock*, llvm::BasicBlock::iterator, llvm::MDNode*, llvm::ArrayRef<llvm::OperandBundleDefT<llvm::Value*> >)’
 2679 |   explicit IRBuilder(BasicBlock *BB, BasicBlock::iterator IP,
      |            ^~~~~~~~~
/var/llvm-compile-time-tracker/llvm-project/llvm/include/llvm/IR/IRBuilder.h:2664:12: note: previous declaration ‘llvm::IRBuilder<FolderTy, InserterTy>::IRBuilder(llvm::BasicBlock*, llvm::BasicBlock::iterator, llvm::MDNode*, llvm::ArrayRef<llvm::OperandBundleDefT<llvm::Value*> >)’
 2664 |   explicit IRBuilder(BasicBlock *BB, BasicBlock::iterator IP,
      |            ^~~~~~~~~
[937/2745] Building CXX object lib/IR/CMakeFiles/LLVMCore.dir/AutoUpgrade.cpp.o
FAILED: lib/IR/CMakeFiles/LLVMCore.dir/AutoUpgrade.cpp.o 
CCACHE_CPP2=yes CCACHE_HASHDIR=yes /usr/bin/ccache /usr/bin/c++ -DGTEST_HAS_RTTI=0 -D_GNU_SOURCE -D__STDC_CONSTANT_MACROS -D__STDC_FORMAT_MACROS -D__STDC_LIMIT_MACROS -I/tmp/llvm-project-build-stage1/lib/IR -I/var/llvm-compile-time-tracker/llvm-project/llvm/lib/IR -I/tmp/llvm-project-build-stage1/include -I/var/llvm-compile-time-tracker/llvm-project/llvm/include -fPIC -fno-semantic-interposition -fvisibility-inlines-hidden -Werror=date-time -fno-lifetime-dse -Wall -Wextra -Wno-unused-parameter -Wwrite-strings -Wcast-qual -Wno-missing-field-initializers -pedantic -Wno-long-long -Wimplicit-fallthrough -Wno-uninitialized -Wno-nonnull -Wno-class-memaccess -Wno-redundant-move -Wno-pessimizing-move -Wno-noexcept-type -Wdelete-non-virtual-dtor -Wsuggest-override -Wno-comment -Wno-misleading-indentation -Wctad-maybe-unsupported -fdiagnostics-color -ffunction-sections -fdata-sections -O3 -DNDEBUG  -fno-exceptions -funwind-tables -fno-rtti -std=c++17 -MD -MT lib/IR/CMakeFiles/LLVMCore.dir/AutoUpgrade.cpp.o -MF lib/IR/CMakeFiles/LLVMCore.dir/AutoUpgrade.cpp.o.d -o lib/IR/CMakeFiles/LLVMCore.dir/AutoUpgrade.cpp.o -c /var/llvm-compile-time-tracker/llvm-project/llvm/lib/IR/AutoUpgrade.cpp
In file included from /var/llvm-compile-time-tracker/llvm-project/llvm/lib/IR/AutoUpgrade.cpp:25:
/var/llvm-compile-time-tracker/llvm-project/llvm/include/llvm/IR/IRBuilder.h:2679:12: error: ‘llvm::IRBuilder<FolderTy, InserterTy>::IRBuilder(llvm::BasicBlock*, llvm::BasicBlock::iterator, llvm::MDNode*, llvm::ArrayRef<llvm::OperandBundleDefT<llvm::Value*> >)’ cannot be overloaded with ‘llvm::IRBuilder<FolderTy, InserterTy>::IRBuilder(llvm::BasicBlock*, llvm::BasicBlock::iterator, llvm::MDNode*, llvm::ArrayRef<llvm::OperandBundleDefT<llvm::Value*> >)’
 2679 |   explicit IRBuilder(BasicBlock *BB, BasicBlock::iterator IP,
      |            ^~~~~~~~~
/var/llvm-compile-time-tracker/llvm-project/llvm/include/llvm/IR/IRBuilder.h:2664:12: note: previous declaration ‘llvm::IRBuilder<FolderTy, InserterTy>::IRBuilder(llvm::BasicBlock*, llvm::BasicBlock::iterator, llvm::MDNode*, llvm::ArrayRef<llvm::OperandBundleDefT<llvm::Value*> >)’
 2664 |   explicit IRBuilder(BasicBlock *BB, BasicBlock::iterator IP,
      |            ^~~~~~~~~
[938/2745] Building CXX object lib/IR/CMakeFiles/LLVMCore.dir/Core.cpp.o
FAILED: lib/IR/CMakeFiles/LLVMCore.dir/Core.cpp.o 
CCACHE_CPP2=yes CCACHE_HASHDIR=yes /usr/bin/ccache /usr/bin/c++ -DGTEST_HAS_RTTI=0 -D_GNU_SOURCE -D__STDC_CONSTANT_MACROS -D__STDC_FORMAT_MACROS -D__STDC_LIMIT_MACROS -I/tmp/llvm-project-build-stage1/lib/IR -I/var/llvm-compile-time-tracker/llvm-project/llvm/lib/IR -I/tmp/llvm-project-build-stage1/include -I/var/llvm-compile-time-tracker/llvm-project/llvm/include -fPIC -fno-semantic-interposition -fvisibility-inlines-hidden -Werror=date-time -fno-lifetime-dse -Wall -Wextra -Wno-unused-parameter -Wwrite-strings -Wcast-qual -Wno-missing-field-initializers -pedantic -Wno-long-long -Wimplicit-fallthrough -Wno-uninitialized -Wno-nonnull -Wno-class-memaccess -Wno-redundant-move -Wno-pessimizing-move -Wno-noexcept-type -Wdelete-non-virtual-dtor -Wsuggest-override -Wno-comment -Wno-misleading-indentation -Wctad-maybe-unsupported -fdiagnostics-color -ffunction-sections -fdata-sections -O3 -DNDEBUG  -fno-exceptions -funwind-tables -fno-rtti -std=c++17 -MD -MT lib/IR/CMakeFiles/LLVMCore.dir/Core.cpp.o -MF lib/IR/CMakeFiles/LLVMCore.dir/Core.cpp.o.d -o lib/IR/CMakeFiles/LLVMCore.dir/Core.cpp.o -c /var/llvm-compile-time-tracker/llvm-project/llvm/lib/IR/Core.cpp
In file included from /var/llvm-compile-time-tracker/llvm-project/llvm/lib/IR/Core.cpp:25:
/var/llvm-compile-time-tracker/llvm-project/llvm/include/llvm/IR/IRBuilder.h:2679:12: error: ‘llvm::IRBuilder<FolderTy, InserterTy>::IRBuilder(llvm::BasicBlock*, llvm::BasicBlock::iterator, llvm::MDNode*, llvm::ArrayRef<llvm::OperandBundleDefT<llvm::Value*> >)’ cannot be overloaded with ‘llvm::IRBuilder<FolderTy, InserterTy>::IRBuilder(llvm::BasicBlock*, llvm::BasicBlock::iterator, llvm::MDNode*, llvm::ArrayRef<llvm::OperandBundleDefT<llvm::Value*> >)’
 2679 |   explicit IRBuilder(BasicBlock *BB, BasicBlock::iterator IP,
      |            ^~~~~~~~~
/var/llvm-compile-time-tracker/llvm-project/llvm/include/llvm/IR/IRBuilder.h:2664:12: note: previous declaration ‘llvm::IRBuilder<FolderTy, InserterTy>::IRBuilder(llvm::BasicBlock*, llvm::BasicBlock::iterator, llvm::MDNode*, llvm::ArrayRef<llvm::OperandBundleDefT<llvm::Value*> >)’
 2664 |   explicit IRBuilder(BasicBlock *BB, BasicBlock::iterator IP,
      |            ^~~~~~~~~
[939/2745] Building CXX object lib/CodeGen/CMakeFiles/LLVMCodeGen.dir/CallBrPrepare.cpp.o
FAILED: lib/CodeGen/CMakeFiles/LLVMCodeGen.dir/CallBrPrepare.cpp.o 
CCACHE_CPP2=yes CCACHE_HASHDIR=yes /usr/bin/ccache /usr/bin/c++ -DGTEST_HAS_RTTI=0 -D_GNU_SOURCE -D__STDC_CONSTANT_MACROS -D__STDC_FORMAT_MACROS -D__STDC_LIMIT_MACROS -I/tmp/llvm-project-build-stage1/lib/CodeGen -I/var/llvm-compile-time-tracker/llvm-project/llvm/lib/CodeGen -I/tmp/llvm-project-build-stage1/include -I/var/llvm-compile-time-tracker/llvm-project/llvm/include -fPIC -fno-semantic-interposition -fvisibility-inlines-hidden -Werror=date-time -fno-lifetime-dse -Wall -Wextra -Wno-unused-parameter -Wwrite-strings -Wcast-qual -Wno-missing-field-initializers -pedantic -Wno-long-long -Wimplicit-fallthrough -Wno-uninitialized -Wno-nonnull -Wno-class-memaccess -Wno-redundant-move -Wno-pessimizing-move -Wno-noexcept-type -Wdelete-non-virtual-dtor -Wsuggest-override -Wno-comment -Wno-misleading-indentation -Wctad-maybe-unsupported -fdiagnostics-color -ffunction-sections -fdata-sections -O3 -DNDEBUG  -fno-exceptions -funwind-tables -fno-rtti -std=c++17 -MD -MT lib/CodeGen/CMakeFiles/LLVMCodeGen.dir/CallBrPrepare.cpp.o -MF lib/CodeGen/CMakeFiles/LLVMCodeGen.dir/CallBrPrepare.cpp.o.d -o lib/CodeGen/CMakeFiles/LLVMCodeGen.dir/CallBrPrepare.cpp.o -c /var/llvm-compile-time-tracker/llvm-project/llvm/lib/CodeGen/CallBrPrepare.cpp
In file included from /var/llvm-compile-time-tracker/llvm-project/llvm/lib/CodeGen/CallBrPrepare.cpp:44:
/var/llvm-compile-time-tracker/llvm-project/llvm/include/llvm/IR/IRBuilder.h:2679:12: error: ‘llvm::IRBuilder<FolderTy, InserterTy>::IRBuilder(llvm::BasicBlock*, llvm::BasicBlock::iterator, llvm::MDNode*, llvm::ArrayRef<llvm::OperandBundleDefT<llvm::Value*> >)’ cannot be overloaded with ‘llvm::IRBuilder<FolderTy, InserterTy>::IRBuilder(llvm::BasicBlock*, llvm::BasicBlock::iterator, llvm::MDNode*, llvm::ArrayRef<llvm::OperandBundleDefT<llvm::Value*> >)’
 2679 |   explicit IRBuilder(BasicBlock *BB, BasicBlock::iterator IP,
      |            ^~~~~~~~~
/var/llvm-compile-time-tracker/llvm-project/llvm/include/llvm/IR/IRBuilder.h:2664:12: note: previous declaration ‘llvm::IRBuilder<FolderTy, InserterTy>::IRBuilder(llvm::BasicBlock*, llvm::BasicBlock::iterator, llvm::MDNode*, llvm::ArrayRef<llvm::OperandBundleDefT<llvm::Value*> >)’
 2664 |   explicit IRBuilder(BasicBlock *BB, BasicBlock::iterator IP,
      |            ^~~~~~~~~
[940/2745] Building CXX object lib/IR/CMakeFiles/LLVMCore.dir/DIBuilder.cpp.o
FAILED: lib/IR/CMakeFiles/LLVMCore.dir/DIBuilder.cpp.o 
CCACHE_CPP2=yes CCACHE_HASHDIR=yes /usr/bin/ccache /usr/bin/c++ -DGTEST_HAS_RTTI=0 -D_GNU_SOURCE -D__STDC_CONSTANT_MACROS -D__STDC_FORMAT_MACROS -D__STDC_LIMIT_MACROS -I/tmp/llvm-project-build-stage1/lib/IR -I/var/llvm-compile-time-tracker/llvm-project/llvm/lib/IR -I/tmp/llvm-project-build-stage1/include -I/var/llvm-compile-time-tracker/llvm-project/llvm/include -fPIC -fno-semantic-interposition -fvisibility-inlines-hidden -Werror=date-time -fno-lifetime-dse -Wall -Wextra -Wno-unused-parameter -Wwrite-strings -Wcast-qual -Wno-missing-field-initializers -pedantic -Wno-long-long -Wimplicit-fallthrough -Wno-uninitialized -Wno-nonnull -Wno-class-memaccess -Wno-redundant-move -Wno-pessimizing-move -Wno-noexcept-type -Wdelete-non-virtual-dtor -Wsuggest-override -Wno-comment -Wno-misleading-indentation -Wctad-maybe-unsupported -fdiagnostics-color -ffunction-sections -fdata-sections -O3 -DNDEBUG  -fno-exceptions -funwind-tables -fno-rtti -std=c++17 -MD -MT lib/IR/CMakeFiles/LLVMCore.dir/DIBuilder.cpp.o -MF lib/IR/CMakeFiles/LLVMCore.dir/DIBuilder.cpp.o.d -o lib/IR/CMakeFiles/LLVMCore.dir/DIBuilder.cpp.o -c /var/llvm-compile-time-tracker/llvm-project/llvm/lib/IR/DIBuilder.cpp
In file included from /var/llvm-compile-time-tracker/llvm-project/llvm/lib/IR/DIBuilder.cpp:20:
/var/llvm-compile-time-tracker/llvm-project/llvm/include/llvm/IR/IRBuilder.h:2679:12: error: ‘llvm::IRBuilder<FolderTy, InserterTy>::IRBuilder(llvm::BasicBlock*, llvm::BasicBlock::iterator, llvm::MDNode*, llvm::ArrayRef<llvm::OperandBundleDefT<llvm::Value*> >)’ cannot be overloaded with ‘llvm::IRBuilder<FolderTy, InserterTy>::IRBuilder(llvm::BasicBlock*, llvm::BasicBlock::iterator, llvm::MDNode*, llvm::ArrayRef<llvm::OperandBundleDefT<llvm::Value*> >)’
 2679 |   explicit IRBuilder(BasicBlock *BB, BasicBlock::iterator IP,
      |            ^~~~~~~~~
/var/llvm-compile-time-tracker/llvm-project/llvm/include/llvm/IR/IRBuilder.h:2664:12: note: previous declaration ‘llvm::IRBuilder<FolderTy, InserterTy>::IRBuilder(llvm::BasicBlock*, llvm::BasicBlock::iterator, llvm::MDNode*, llvm::ArrayRef<llvm::OperandBundleDefT<llvm::Value*> >)’
 2664 |   explicit IRBuilder(BasicBlock *BB, BasicBlock::iterator IP,
      |            ^~~~~~~~~
[941/2745] Building CXX object lib/CodeGen/CMakeFiles/LLVMCodeGen.dir/ReplaceWithVeclib.cpp.o
FAILED: lib/CodeGen/CMakeFiles/LLVMCodeGen.dir/ReplaceWithVeclib.cpp.o 
CCACHE_CPP2=yes CCACHE_HASHDIR=yes /usr/bin/ccache /usr/bin/c++ -DGTEST_HAS_RTTI=0 -D_GNU_SOURCE -D__STDC_CONSTANT_MACROS -D__STDC_FORMAT_MACROS -D__STDC_LIMIT_MACROS -I/tmp/llvm-project-build-stage1/lib/CodeGen -I/var/llvm-compile-time-tracker/llvm-project/llvm/lib/CodeGen -I/tmp/llvm-project-build-stage1/include -I/var/llvm-compile-time-tracker/llvm-project/llvm/include -fPIC -fno-semantic-interposition -fvisibility-inlines-hidden -Werror=date-time -fno-lifetime-dse -Wall -Wextra -Wno-unused-parameter -Wwrite-strings -Wcast-qual -Wno-missing-field-initializers -pedantic -Wno-long-long -Wimplicit-fallthrough -Wno-uninitialized -Wno-nonnull -Wno-class-memaccess -Wno-redundant-move -Wno-pessimizing-move -Wno-noexcept-type -Wdelete-non-virtual-dtor -Wsuggest-override -Wno-comment -Wno-misleading-indentation -Wctad-maybe-unsupported -fdiagnostics-color -ffunction-sections -fdata-sections -O3 -DNDEBUG  -fno-exceptions -funwind-tables -fno-rtti -std=c++17 -MD -MT lib/CodeGen/CMakeFiles/LLVMCodeGen.dir/ReplaceWithVeclib.cpp.o -MF lib/CodeGen/CMakeFiles/LLVMCodeGen.dir/ReplaceWithVeclib.cpp.o.d -o lib/CodeGen/CMakeFiles/LLVMCodeGen.dir/ReplaceWithVeclib.cpp.o -c /var/llvm-compile-time-tracker/llvm-project/llvm/lib/CodeGen/ReplaceWithVeclib.cpp
In file included from /var/llvm-compile-time-tracker/llvm-project/llvm/lib/CodeGen/ReplaceWithVeclib.cpp:25:
/var/llvm-compile-time-tracker/llvm-project/llvm/include/llvm/IR/IRBuilder.h:2679:12: error: ‘llvm::IRBuilder<FolderTy, InserterTy>::IRBuilder(llvm::BasicBlock*, llvm::BasicBlock::iterator, llvm::MDNode*, llvm::ArrayRef<llvm::OperandBundleDefT<llvm::Value*> >)’ cannot be overloaded with ‘llvm::IRBuilder<FolderTy, InserterTy>::IRBuilder(llvm::BasicBlock*, llvm::BasicBlock::iterator, llvm::MDNode*, llvm::ArrayRef<llvm::OperandBundleDefT<llvm::Value*> >)’
 2679 |   explicit IRBuilder(BasicBlock *BB, BasicBlock::iterator IP,
      |            ^~~~~~~~~
/var/llvm-compile-time-tracker/llvm-project/llvm/include/llvm/IR/IRBuilder.h:2664:12: note: previous declaration ‘llvm::IRBuilder<FolderTy, InserterTy>::IRBuilder(llvm::BasicBlock*, llvm::BasicBlock::iterator, llvm::MDNode*, llvm::ArrayRef<llvm::OperandBundleDefT<llvm::Value*> >)’
 2664 |   explicit IRBuilder(BasicBlock *BB, BasicBlock::iterator IP,
      |            ^~~~~~~~~
[942/2745] Building CXX object lib/CodeGen/CMakeFiles/LLVMCodeGen.dir/AtomicExpandPass.cpp.o
FAILED: lib/CodeGen/CMakeFiles/LLVMCodeGen.dir/AtomicExpandPass.cpp.o 
CCACHE_CPP2=yes CCACHE_HASHDIR=yes /usr/bin/ccache /usr/bin/c++ -DGTEST_HAS_RTTI=0 -D_GNU_SOURCE -D__STDC_CONSTANT_MACROS -D__STDC_FORMAT_MACROS -D__STDC_LIMIT_MACROS -I/tmp/llvm-project-build-stage1/lib/CodeGen -I/var/llvm-compile-time-tracker/llvm-project/llvm/lib/CodeGen -I/tmp/llvm-project-build-stage1/include -I/var/llvm-compile-time-tracker/llvm-project/llvm/include -fPIC -fno-semantic-interposition -fvisibility-inlines-hidden -Werror=date-time -fno-lifetime-dse -Wall -Wextra -Wno-unused-parameter -Wwrite-strings -Wcast-qual -Wno-missing-field-initializers -pedantic -Wno-long-long -Wimplicit-fallthrough -Wno-uninitialized -Wno-nonnull -Wno-class-memaccess -Wno-redundant-move -Wno-pessimizing-move -Wno-noexcept-type -Wdelete-non-virtual-dtor -Wsuggest-override -Wno-comment -Wno-misleading-indentation -Wctad-maybe-unsupported -fdiagnostics-color -ffunction-sections -fdata-sections -O3 -DNDEBUG  -fno-exceptions -funwind-tables -fno-rtti -std=c++17 -MD -MT lib/CodeGen/CMakeFiles/LLVMCodeGen.dir/AtomicExpandPass.cpp.o -MF lib/CodeGen/CMakeFiles/LLVMCodeGen.dir/AtomicExpandPass.cpp.o.d -o lib/CodeGen/CMakeFiles/LLVMCodeGen.dir/AtomicExpandPass.cpp.o -c /var/llvm-compile-time-tracker/llvm-project/llvm/lib/CodeGen/AtomicExpandPass.cpp
In file included from /var/llvm-compile-time-tracker/llvm-project/llvm/include/llvm/CodeGen/AtomicExpandUtils.h:13,
                 from /var/llvm-compile-time-tracker/llvm-project/llvm/lib/CodeGen/AtomicExpandPass.cpp:23:
/var/llvm-compile-time-tracker/llvm-project/llvm/include/llvm/IR/IRBuilder.h:2679:12: error: ‘llvm::IRBuilder<FolderTy, InserterTy>::IRBuilder(llvm::BasicBlock*, llvm::BasicBlock::iterator, llvm::MDNode*, llvm::ArrayRef<llvm::OperandBundleDefT<llvm::Value*> >)’ cannot be overloaded with ‘llvm::IRBuilder<FolderTy, InserterTy>::IRBuilder(llvm::BasicBlock*, llvm::BasicBlock::iterator, llvm::MDNode*, llvm::ArrayRef<llvm::OperandBundleDefT<llvm::Value*> >)’
 2679 |   explicit IRBuilder(BasicBlock *BB, BasicBlock::iterator IP,
      |            ^~~~~~~~~
/var/llvm-compile-time-tracker/llvm-project/llvm/include/llvm/IR/IRBuilder.h:2664:12: note: previous declaration ‘llvm::IRBuilder<FolderTy, InserterTy>::IRBuilder(llvm::BasicBlock*, llvm::BasicBlock::iterator, llvm::MDNode*, llvm::ArrayRef<llvm::OperandBundleDefT<llvm::Value*> >)’
 2664 |   explicit IRBuilder(BasicBlock *BB, BasicBlock::iterator IP,
      |            ^~~~~~~~~
[943/2745] Building CXX object lib/CodeGen/CMakeFiles/LLVMCodeGen.dir/ExpandLargeDivRem.cpp.o
FAILED: lib/CodeGen/CMakeFiles/LLVMCodeGen.dir/ExpandLargeDivRem.cpp.o 
CCACHE_CPP2=yes CCACHE_HASHDIR=yes /usr/bin/ccache /usr/bin/c++ -DGTEST_HAS_RTTI=0 -D_GNU_SOURCE -D__STDC_CONSTANT_MACROS -D__STDC_FORMAT_MACROS -D__STDC_LIMIT_MACROS -I/tmp/llvm-project-build-stage1/lib/CodeGen -I/var/llvm-compile-time-tracker/llvm-project/llvm/lib/CodeGen -I/tmp/llvm-project-build-stage1/include -I/var/llvm-compile-time-tracker/llvm-project/llvm/include -fPIC -fno-semantic-interposition -fvisibility-inlines-hidden -Werror=date-time -fno-lifetime-dse -Wall -Wextra -Wno-unused-parameter -Wwrite-strings -Wcast-qual -Wno-missing-field-initializers -pedantic -Wno-long-long -Wimplicit-fallthrough -Wno-uninitialized -Wno-nonnull -Wno-class-memaccess -Wno-redundant-move -Wno-pessimizing-move -Wno-noexcept-type -Wdelete-non-virtual-dtor -Wsuggest-override -Wno-comment -Wno-misleading-indentation -Wctad-maybe-unsupported -fdiagnostics-color -ffunction-sections -fdata-sections -O3 -DNDEBUG  -fno-exceptions -funwind-tables -fno-rtti -std=c++17 -MD -MT lib/CodeGen/CMakeFiles/LLVMCodeGen.dir/ExpandLargeDivRem.cpp.o -MF lib/CodeGen/CMakeFiles/LLVMCodeGen.dir/ExpandLargeDivRem.cpp.o.d -o lib/CodeGen/CMakeFiles/LLVMCodeGen.dir/ExpandLargeDivRem.cpp.o -c /var/llvm-compile-time-tracker/llvm-project/llvm/lib/CodeGen/ExpandLargeDivRem.cpp
In file included from /var/llvm-compile-time-tracker/llvm-project/llvm/lib/CodeGen/ExpandLargeDivRem.cpp:25:
/var/llvm-compile-time-tracker/llvm-project/llvm/include/llvm/IR/IRBuilder.h:2679:12: error: ‘llvm::IRBuilder<FolderTy, InserterTy>::IRBuilder(llvm::BasicBlock*, llvm::BasicBlock::iterator, llvm::MDNode*, llvm::ArrayRef<llvm::OperandBundleDefT<llvm::Value*> >)’ cannot be overloaded with ‘llvm::IRBuilder<FolderTy, InserterTy>::IRBuilder(llvm::BasicBlock*, llvm::BasicBlock::iterator, llvm::MDNode*, llvm::ArrayRef<llvm::OperandBundleDefT<llvm::Value*> >)’
 2679 |   explicit IRBuilder(BasicBlock *BB, BasicBlock::iterator IP,
      |            ^~~~~~~~~
/var/llvm-compile-time-tracker/llvm-project/llvm/include/llvm/IR/IRBuilder.h:2664:12: note: previous declaration ‘llvm::IRBuilder<FolderTy, InserterTy>::IRBuilder(llvm::BasicBlock*, llvm::BasicBlock::iterator, llvm::MDNode*, llvm::ArrayRef<llvm::OperandBundleDefT<llvm::Value*> >)’
 2664 |   explicit IRBuilder(BasicBlock *BB, BasicBlock::iterator IP,
      |            ^~~~~~~~~
[944/2745] Building CXX object lib/CodeGen/CMakeFiles/LLVMCodeGen.dir/ExpandMemCmp.cpp.o
FAILED: lib/CodeGen/CMakeFiles/LLVMCodeGen.dir/ExpandMemCmp.cpp.o 
CCACHE_CPP2=yes CCACHE_HASHDIR=yes /usr/bin/ccache /usr/bin/c++ -DGTEST_HAS_RTTI=0 -D_GNU_SOURCE -D__STDC_CONSTANT_MACROS -D__STDC_FORMAT_MACROS -D__STDC_LIMIT_MACROS -I/tmp/llvm-project-build-stage1/lib/CodeGen -I/var/llvm-compile-time-tracker/llvm-project/llvm/lib/CodeGen -I/tmp/llvm-project-build-stage1/include -I/var/llvm-compile-time-tracker/llvm-project/llvm/include -fPIC -fno-semantic-interposition -fvisibility-inlines-hidden -Werror=date-time -fno-lifetime-dse -Wall -Wextra -Wno-unused-parameter -Wwrite-strings -Wcast-qual -Wno-missing-field-initializers -pedantic -Wno-long-long -Wimplicit-fallthrough -Wno-uninitialized -Wno-nonnull -Wno-class-memaccess -Wno-redundant-move -Wno-pessimizing-move -Wno-noexcept-type -Wdelete-non-virtual-dtor -Wsuggest-override -Wno-comment -Wno-misleading-indentation -Wctad-maybe-unsupported -fdiagnostics-color -ffunction-sections -fdata-sections -O3 -DNDEBUG  -fno-exceptions -funwind-tables -fno-rtti -std=c++17 -MD -MT lib/CodeGen/CMakeFiles/LLVMCodeGen.dir/ExpandMemCmp.cpp.o -MF lib/CodeGen/CMakeFiles/LLVMCodeGen.dir/ExpandMemCmp.cpp.o.d -o lib/CodeGen/CMakeFiles/LLVMCodeGen.dir/ExpandMemCmp.cpp.o -c /var/llvm-compile-time-tracker/llvm-project/llvm/lib/CodeGen/ExpandMemCmp.cpp
In file included from /var/llvm-compile-time-tracker/llvm-project/llvm/lib/CodeGen/ExpandMemCmp.cpp:26:
/var/llvm-compile-time-tracker/llvm-project/llvm/include/llvm/IR/IRBuilder.h:2679:12: error: ‘llvm::IRBuilder<FolderTy, InserterTy>::IRBuilder(llvm::BasicBlock*, llvm::BasicBlock::iterator, llvm::MDNode*, llvm::ArrayRef<llvm::OperandBundleDefT<llvm::Value*> >)’ cannot be overloaded with ‘llvm::IRBuilder<FolderTy, InserterTy>::IRBuilder(llvm::BasicBlock*, llvm::BasicBlock::iterator, llvm::MDNode*, llvm::ArrayRef<llvm::OperandBundleDefT<llvm::Value*> >)’
 2679 |   explicit IRBuilder(BasicBlock *BB, BasicBlock::iterator IP,
      |            ^~~~~~~~~
/var/llvm-compile-time-tracker/llvm-project/llvm/include/llvm/IR/IRBuilder.h:2664:12: note: previous declaration ‘llvm::IRBuilder<FolderTy, InserterTy>::IRBuilder(llvm::BasicBlock*, llvm::BasicBlock::iterator, llvm::MDNode*, llvm::ArrayRef<llvm::OperandBundleDefT<llvm::Value*> >)’
 2664 |   explicit IRBuilder(BasicBlock *BB, BasicBlock::iterator IP,
      |            ^~~~~~~~~
[945/2745] Building CXX object lib/CodeGen/CMakeFiles/LLVMCodeGen.dir/ExpandLargeFpConvert.cpp.o
FAILED: lib/CodeGen/CMakeFiles/LLVMCodeGen.dir/ExpandLargeFpConvert.cpp.o 
CCACHE_CPP2=yes CCACHE_HASHDIR=yes /usr/bin/ccache /usr/bin/c++ -DGTEST_HAS_RTTI=0 -D_GNU_SOURCE -D__STDC_CONSTANT_MACROS -D__STDC_FORMAT_MACROS -D__STDC_LIMIT_MACROS -I/tmp/llvm-project-build-stage1/lib/CodeGen -I/var/llvm-compile-time-tracker/llvm-project/llvm/lib/CodeGen -I/tmp/llvm-project-build-stage1/include -I/var/llvm-compile-time-tracker/llvm-project/llvm/include -fPIC -fno-semantic-interposition -fvisibility-inlines-hidden -Werror=date-time -fno-lifetime-dse -Wall -Wextra -Wno-unused-parameter -Wwrite-strings -Wcast-qual -Wno-missing-field-initializers -pedantic -Wno-long-long -Wimplicit-fallthrough -Wno-uninitialized -Wno-nonnull -Wno-class-memaccess -Wno-redundant-move -Wno-pessimizing-move -Wno-noexcept-type -Wdelete-non-virtual-dtor -Wsuggest-override -Wno-comment -Wno-misleading-indentation -Wctad-maybe-unsupported -fdiagnostics-color -ffunction-sections -fdata-sections -O3 -DNDEBUG  -fno-exceptions -funwind-tables -fno-rtti -std=c++17 -MD -MT lib/CodeGen/CMakeFiles/LLVMCodeGen.dir/ExpandLargeFpConvert.cpp.o -MF lib/CodeGen/CMakeFiles/LLVMCodeGen.dir/ExpandLargeFpConvert.cpp.o.d -o lib/CodeGen/CMakeFiles/LLVMCodeGen.dir/ExpandLargeFpConvert.cpp.o -c /var/llvm-compile-time-tracker/llvm-project/llvm/lib/CodeGen/ExpandLargeFpConvert.cpp
In file included from /var/llvm-compile-time-tracker/llvm-project/llvm/lib/CodeGen/ExpandLargeFpConvert.cpp:25:
/var/llvm-compile-time-tracker/llvm-project/llvm/include/llvm/IR/IRBuilder.h:2679:12: error: ‘llvm::IRBuilder<FolderTy, InserterTy>::IRBuilder(llvm::BasicBlock*, llvm::BasicBlock::iterator, llvm::MDNode*, llvm::ArrayRef<llvm::OperandBundleDefT<llvm::Value*> >)’ cannot be overloaded with ‘llvm::IRBuilder<FolderTy, InserterTy>::IRBuilder(llvm::BasicBlock*, llvm::BasicBlock::iterator, llvm::MDNode*, llvm::ArrayRef<llvm::OperandBundleDefT<llvm::Value*> >)’
 2679 |   explicit IRBuilder(BasicBlock *BB, BasicBlock::iterator IP,
      |            ^~~~~~~~~
/var/llvm-compile-time-tracker/llvm-project/llvm/include/llvm/IR/IRBuilder.h:2664:12: note: previous declaration ‘llvm::IRBuilder<FolderTy, InserterTy>::IRBuilder(llvm::BasicBlock*, llvm::BasicBlock::iterator, llvm::MDNode*, llvm::ArrayRef<llvm::OperandBundleDefT<llvm::Value*> >)’
 2664 |   explicit IRBuilder(BasicBlock *BB, BasicBlock::iterator IP,
      |            ^~~~~~~~~
[946/2745] Building X86GenSubtargetInfo.inc...
[947/2745] Building X86GenInstrInfo.inc...
[948/2745] Building CXX object lib/CodeGen/CMakeFiles/LLVMCodeGen.dir/ComplexDeinterleavingPass.cpp.o
FAILED: lib/CodeGen/CMakeFiles/LLVMCodeGen.dir/ComplexDeinterleavingPass.cpp.o 
CCACHE_CPP2=yes CCACHE_HASHDIR=yes /usr/bin/ccache /usr/bin/c++ -DGTEST_HAS_RTTI=0 -D_GNU_SOURCE -D__STDC_CONSTANT_MACROS -D__STDC_FORMAT_MACROS -D__STDC_LIMIT_MACROS -I/tmp/llvm-project-build-stage1/lib/CodeGen -I/var/llvm-compile-time-tracker/llvm-project/llvm/lib/CodeGen -I/tmp/llvm-project-build-stage1/include -I/var/llvm-compile-time-tracker/llvm-project/llvm/include -fPIC -fno-semantic-interposition -fvisibility-inlines-hidden -Werror=date-time -fno-lifetime-dse -Wall -Wextra -Wno-unused-parameter -Wwrite-strings -Wcast-qual -Wno-missing-field-initializers -pedantic -Wno-long-long -Wimplicit-fallthrough -Wno-uninitialized -Wno-nonnull -Wno-class-memaccess -Wno-redundant-move -Wno-pessimizing-move -Wno-noexcept-type -Wdelete-non-virtual-dtor -Wsuggest-override -Wno-comment -Wno-misleading-indentation -Wctad-maybe-unsupported -fdiagnostics-color -ffunction-sections -fdata-sections -O3 -DNDEBUG  -fno-exceptions -funwind-tables -fno-rtti -std=c++17 -MD -MT lib/CodeGen/CMakeFiles/LLVMCodeGen.dir/ComplexDeinterleavingPass.cpp.o -MF lib/CodeGen/CMakeFiles/LLVMCodeGen.dir/ComplexDeinterleavingPass.cpp.o.d -o lib/CodeGen/CMakeFiles/LLVMCodeGen.dir/ComplexDeinterleavingPass.cpp.o -c /var/llvm-compile-time-tracker/llvm-project/llvm/lib/CodeGen/ComplexDeinterleavingPass.cpp
In file included from /var/llvm-compile-time-tracker/llvm-project/llvm/lib/CodeGen/ComplexDeinterleavingPass.cpp:70:
/var/llvm-compile-time-tracker/llvm-project/llvm/include/llvm/IR/IRBuilder.h:2679:12: error: ‘llvm::IRBuilder<FolderTy, InserterTy>::IRBuilder(llvm::BasicBlock*, llvm::BasicBlock::iterator, llvm::MDNode*, llvm::ArrayRef<llvm::OperandBundleDefT<llvm::Value*> >)’ cannot be overloaded with ‘llvm::IRBuilder<FolderTy, InserterTy>::IRBuilder(llvm::BasicBlock*, llvm::BasicBlock::iterator, llvm::MDNode*, llvm::ArrayRef<llvm::OperandBundleDefT<llvm::Value*> >)’
 2679 |   explicit IRBuilder(BasicBlock *BB, BasicBlock::iterator IP,
      |            ^~~~~~~~~
/var/llvm-compile-time-tracker/llvm-project/llvm/include/llvm/IR/IRBuilder.h:2664:12: note: previous declaration ‘llvm::IRBuilder<FolderTy, InserterTy>::IRBuilder(llvm::BasicBlock*, llvm::BasicBlock::iterator, llvm::MDNode*, llvm::ArrayRef<llvm::OperandBundleDefT<llvm::Value*> >)’
 2664 |   explicit IRBuilder(BasicBlock *BB, BasicBlock::iterator IP,
      |            ^~~~~~~~~
[949/2745] Building CXX object lib/CodeGen/CMakeFiles/LLVMCodeGen.dir/CodeGenPrepare.cpp.o
FAILED: lib/CodeGen/CMakeFiles/LLVMCodeGen.dir/CodeGenPrepare.cpp.o 
CCACHE_CPP2=yes CCACHE_HASHDIR=yes /usr/bin/ccache /usr/bin/c++ -DGTEST_HAS_RTTI=0 -D_GNU_SOURCE -D__STDC_CONSTANT_MACROS -D__STDC_FORMAT_MACROS -D__STDC_LIMIT_MACROS -I/tmp/llvm-project-build-stage1/lib/CodeGen -I/var/llvm-compile-time-tracker/llvm-project/llvm/lib/CodeGen -I/tmp/llvm-project-build-stage1/include -I/var/llvm-compile-time-tracker/llvm-project/llvm/include -fPIC -fno-semantic-interposition -fvisibility-inlines-hidden -Werror=date-time -fno-lifetime-dse -Wall -Wextra -Wno-unused-parameter -Wwrite-strings -Wcast-qual -Wno-missing-field-initializers -pedantic -Wno-long-long -Wimplicit-fallthrough -Wno-uninitialized -Wno-nonnull -Wno-class-memaccess -Wno-redundant-move -Wno-pessimizing-move -Wno-noexcept-type -Wdelete-non-virtual-dtor -Wsuggest-override -Wno-comment -Wno-misleading-indentation -Wctad-maybe-unsupported -fdiagnostics-color -ffunction-sections -fdata-sections -O3 -DNDEBUG  -fno-exceptions -funwind-tables -fno-rtti -std=c++17 -MD -MT lib/CodeGen/CMakeFiles/LLVMCodeGen.dir/CodeGenPrepare.cpp.o -MF lib/CodeGen/CMakeFiles/LLVMCodeGen.dir/CodeGenPrepare.cpp.o.d -o lib/CodeGen/CMakeFiles/LLVMCodeGen.dir/CodeGenPrepare.cpp.o -c /var/llvm-compile-time-tracker/llvm-project/llvm/lib/CodeGen/CodeGenPrepare.cpp
In file included from /var/llvm-compile-time-tracker/llvm-project/llvm/lib/CodeGen/CodeGenPrepare.cpp:57:
/var/llvm-compile-time-tracker/llvm-project/llvm/include/llvm/IR/IRBuilder.h:2679:12: error: ‘llvm::IRBuilder<FolderTy, InserterTy>::IRBuilder(llvm::BasicBlock*, llvm::BasicBlock::iterator, llvm::MDNode*, llvm::ArrayRef<llvm::OperandBundleDefT<llvm::Value*> >)’ cannot be overloaded with ‘llvm::IRBuilder<FolderTy, InserterTy>::IRBuilder(llvm::BasicBlock*, llvm::BasicBlock::iterator, llvm::MDNode*, llvm::ArrayRef<llvm::OperandBundleDefT<llvm::Value*> >)’
 2679 |   explicit IRBuilder(BasicBlock *BB, BasicBlock::iterator IP,
      |            ^~~~~~~~~
/var/llvm-compile-time-tracker/llvm-project/llvm/include/llvm/IR/IRBuilder.h:2664:12: note: previous declaration ‘llvm::IRBuilder<FolderTy, InserterTy>::IRBuilder(llvm::BasicBlock*, llvm::BasicBlock::iterator, llvm::MDNode*, llvm::ArrayRef<llvm::OperandBundleDefT<llvm::Value*> >)’
 2664 |   explicit IRBuilder(BasicBlock *BB, BasicBlock::iterator IP,
      |            ^~~~~~~~~
ninja: build stopped: subcommand failed.


STDERR:
Command exited with non-zero status 1
89.58user 9.23system 0:08.57elapsed 1152%CPU (0avgtext+0avgdata 835232maxresident)k
0inputs+766056outputs (7319major+5394424minor)pagefaults 0swaps
