MESSAGE: Execution of "./build_llvm_project.sh" failed

STDOUT:
[2121/2979] Building CXX object tools/clang/lib/AST/CMakeFiles/obj.clangAST.dir/JSONNodeDumper.cpp.o
[2122/2979] Building CXX object tools/clang/lib/AST/CMakeFiles/obj.clangAST.dir/MicrosoftCXXABI.cpp.o
[2123/2979] Building CXX object tools/clang/lib/AST/CMakeFiles/obj.clangAST.dir/MicrosoftMangle.cpp.o
[2124/2979] Building CXX object tools/clang/lib/AST/CMakeFiles/obj.clangAST.dir/NestedNameSpecifier.cpp.o
[2125/2979] Building CXX object tools/clang/lib/AST/CMakeFiles/obj.clangAST.dir/NSAPI.cpp.o
[2126/2979] Building CXX object tools/clang/lib/AST/CMakeFiles/obj.clangAST.dir/ODRHash.cpp.o
[2127/2979] Building CXX object tools/clang/lib/AST/CMakeFiles/obj.clangAST.dir/OpenMPClause.cpp.o
[2128/2979] Building CXX object tools/clang/lib/AST/CMakeFiles/obj.clangAST.dir/ParentMap.cpp.o
[2129/2979] Building CXX object tools/clang/lib/AST/CMakeFiles/obj.clangAST.dir/OSLog.cpp.o
[2130/2979] Building CXX object tools/clang/lib/AST/CMakeFiles/obj.clangAST.dir/PrintfFormatString.cpp.o
[2131/2979] Building CXX object tools/clang/lib/AST/CMakeFiles/obj.clangAST.dir/RawCommentList.cpp.o
[2132/2979] Building CXX object tools/clang/lib/AST/CMakeFiles/obj.clangAST.dir/RecordLayout.cpp.o
[2133/2979] Building CXX object tools/clang/lib/AST/CMakeFiles/obj.clangAST.dir/QualTypeNames.cpp.o
[2134/2979] Building CXX object tools/clang/lib/AST/CMakeFiles/obj.clangAST.dir/CommentSema.cpp.o
[2135/2979] Building CXX object tools/clang/lib/AST/CMakeFiles/obj.clangAST.dir/ScanfFormatString.cpp.o
[2136/2979] Building CXX object tools/clang/lib/AST/CMakeFiles/obj.clangAST.dir/SelectorLocationsKind.cpp.o
[2137/2979] Building CXX object tools/clang/lib/AST/CMakeFiles/obj.clangAST.dir/RecordLayoutBuilder.cpp.o
[2138/2979] Building CXX object tools/clang/lib/AST/CMakeFiles/obj.clangAST.dir/Stmt.cpp.o
[2139/2979] Building CXX object tools/clang/lib/AST/CMakeFiles/obj.clangAST.dir/StmtCXX.cpp.o
[2140/2979] Building CXX object tools/clang/lib/AST/CMakeFiles/obj.clangAST.dir/StmtIterator.cpp.o
[2141/2979] Building CXX object tools/clang/lib/AST/CMakeFiles/obj.clangAST.dir/StmtObjC.cpp.o
[2142/2979] Building CXX object tools/clang/lib/AST/CMakeFiles/obj.clangAST.dir/StmtOpenMP.cpp.o
[2143/2979] Building CXX object tools/clang/lib/AST/CMakeFiles/obj.clangAST.dir/StmtViz.cpp.o
[2144/2979] Building CXX object tools/clang/lib/AST/CMakeFiles/obj.clangAST.dir/StmtPrinter.cpp.o
[2145/2979] Building CXX object tools/clang/lib/AST/CMakeFiles/obj.clangAST.dir/StmtProfile.cpp.o
[2146/2979] Building CXX object tools/clang/lib/AST/CMakeFiles/obj.clangAST.dir/TemplateBase.cpp.o
[2147/2979] Building CXX object tools/clang/lib/AST/CMakeFiles/obj.clangAST.dir/TemplateName.cpp.o
[2148/2979] Building CXX object tools/clang/lib/AST/CMakeFiles/obj.clangAST.dir/Type.cpp.o
[2149/2979] Building CXX object tools/clang/lib/AST/CMakeFiles/obj.clangAST.dir/TextNodeDumper.cpp.o
[2150/2979] Building CXX object tools/clang/lib/AST/CMakeFiles/obj.clangAST.dir/TypeLoc.cpp.o
[2151/2979] Building CXX object tools/clang/lib/AST/CMakeFiles/obj.clangAST.dir/TypePrinter.cpp.o
[2152/2979] Building CXX object tools/clang/lib/AST/CMakeFiles/obj.clangAST.dir/VTableBuilder.cpp.o
[2153/2979] Building CXX object tools/clang/lib/AST/CMakeFiles/obj.clangAST.dir/VTTBuilder.cpp.o
[2154/2979] Building CXX object tools/clang/lib/ASTMatchers/CMakeFiles/obj.clangASTMatchers.dir/ASTMatchFinder.cpp.o
[2155/2979] Building CXX object tools/clang/lib/ASTMatchers/CMakeFiles/obj.clangASTMatchers.dir/ASTMatchersInternal.cpp.o
[2156/2979] Building CXX object tools/clang/lib/ASTMatchers/CMakeFiles/obj.clangASTMatchers.dir/GtestMatchers.cpp.o
[2157/2979] Building CXX object tools/clang/lib/ASTMatchers/Dynamic/CMakeFiles/obj.clangDynamicASTMatchers.dir/Diagnostics.cpp.o
[2158/2979] Building CXX object tools/clang/lib/ASTMatchers/Dynamic/CMakeFiles/obj.clangDynamicASTMatchers.dir/Marshallers.cpp.o
[2159/2979] Building CXX object tools/clang/lib/ASTMatchers/Dynamic/CMakeFiles/obj.clangDynamicASTMatchers.dir/Parser.cpp.o
[2160/2979] Building CXX object tools/clang/lib/ASTMatchers/Dynamic/CMakeFiles/obj.clangDynamicASTMatchers.dir/Registry.cpp.o
[2161/2979] Building CXX object tools/clang/lib/ASTMatchers/Dynamic/CMakeFiles/obj.clangDynamicASTMatchers.dir/VariantValue.cpp.o
[2162/2979] Building CXX object tools/clang/lib/CodeGen/CMakeFiles/obj.clangCodeGen.dir/CGAtomic.cpp.o
[2163/2979] Building CXX object tools/clang/lib/CodeGen/CMakeFiles/obj.clangCodeGen.dir/CGBlocks.cpp.o
[2164/2979] Building CXX object tools/clang/lib/CodeGen/CMakeFiles/obj.clangCodeGen.dir/BackendUtil.cpp.o
[2165/2979] Building OpenCLBuiltins.inc...
[2166/2979] Building CXX object tools/clang/lib/CodeGen/CMakeFiles/obj.clangCodeGen.dir/CGBuiltin.cpp.o
[2167/2979] Linking CXX static library lib/libclangAST.a
[2168/2979] Building CXX object tools/clang/lib/CodeGen/CMakeFiles/obj.clangCodeGen.dir/CGCUDANV.cpp.o
[2169/2979] Building CXX object tools/clang/lib/Sema/CMakeFiles/obj.clangSema.dir/DeclSpec.cpp.o
[2170/2979] Linking CXX static library lib/libclangASTMatchers.a
[2171/2979] Building CXX object tools/clang/lib/Sema/CMakeFiles/obj.clangSema.dir/DelayedDiagnostic.cpp.o
[2172/2979] Linking CXX static library lib/libclangDynamicASTMatchers.a
[2173/2979] Building CXX object tools/clang/lib/Sema/CMakeFiles/obj.clangSema.dir/JumpDiagnostics.cpp.o
[2174/2979] Building CXX object tools/clang/lib/Sema/CMakeFiles/obj.clangSema.dir/MultiplexExternalSemaSource.cpp.o
[2175/2979] Building CXX object tools/clang/lib/Sema/CMakeFiles/obj.clangSema.dir/ParsedAttr.cpp.o
[2176/2979] Building CXX object tools/clang/lib/Sema/CMakeFiles/obj.clangSema.dir/Scope.cpp.o
[2177/2979] Building CXX object tools/clang/lib/Sema/CMakeFiles/obj.clangSema.dir/ScopeInfo.cpp.o
[2178/2979] Building CXX object tools/clang/lib/Sema/CMakeFiles/obj.clangSema.dir/IdentifierResolver.cpp.o
[2179/2979] Building CXX object tools/clang/lib/CrossTU/CMakeFiles/obj.clangCrossTU.dir/CrossTranslationUnit.cpp.o
[2180/2979] Building CXX object tools/clang/lib/Sema/CMakeFiles/obj.clangSema.dir/SemaAccess.cpp.o
[2181/2979] Building CXX object tools/clang/lib/Sema/CMakeFiles/obj.clangSema.dir/CodeCompleteConsumer.cpp.o
[2182/2979] Building CXX object tools/clang/lib/Sema/CMakeFiles/obj.clangSema.dir/SemaCXXScopeSpec.cpp.o
[2183/2979] Building CXX object tools/clang/lib/Sema/CMakeFiles/obj.clangSema.dir/AnalysisBasedWarnings.cpp.o
[2184/2979] Building CXX object tools/clang/lib/Sema/CMakeFiles/obj.clangSema.dir/SemaChecking.cpp.o
[2185/2979] Building CXX object tools/clang/lib/Sema/CMakeFiles/obj.clangSema.dir/Sema.cpp.o
[2186/2979] Building CXX object tools/clang/lib/Sema/CMakeFiles/obj.clangSema.dir/SemaAttr.cpp.o
[2187/2979] Building CXX object tools/clang/lib/Sema/CMakeFiles/obj.clangSema.dir/SemaConsumer.cpp.o
[2188/2979] Building CXX object tools/clang/lib/Sema/CMakeFiles/obj.clangSema.dir/SemaConcept.cpp.o
[2189/2979] Building CXX object tools/clang/lib/Sema/CMakeFiles/obj.clangSema.dir/SemaAvailability.cpp.o
[2190/2979] Building CXX object tools/clang/lib/Sema/CMakeFiles/obj.clangSema.dir/SemaCast.cpp.o
[2191/2979] Building CXX object tools/clang/lib/Sema/CMakeFiles/obj.clangSema.dir/SemaCoroutine.cpp.o
[2192/2979] Building CXX object tools/clang/lib/Sema/CMakeFiles/obj.clangSema.dir/SemaCUDA.cpp.o
[2193/2979] Building CXX object tools/clang/lib/Sema/CMakeFiles/obj.clangSema.dir/SemaCodeComplete.cpp.o
[2194/2979] Building CXX object tools/clang/lib/Sema/CMakeFiles/obj.clangSema.dir/SemaDeclObjC.cpp.o
[2195/2979] Building CXX object tools/clang/lib/Sema/CMakeFiles/obj.clangSema.dir/SemaExceptionSpec.cpp.o
[2196/2979] Building CXX object tools/clang/lib/Sema/CMakeFiles/obj.clangSema.dir/SemaDecl.cpp.o
[2197/2979] Building CXX object tools/clang/lib/Sema/CMakeFiles/obj.clangSema.dir/SemaDeclAttr.cpp.o
[2198/2979] Building CXX object tools/clang/lib/Sema/CMakeFiles/obj.clangSema.dir/SemaDeclCXX.cpp.o
[2199/2979] Building CXX object tools/clang/lib/Sema/CMakeFiles/obj.clangSema.dir/SemaExprMember.cpp.o
[2200/2979] Building CXX object tools/clang/lib/Sema/CMakeFiles/obj.clangSema.dir/SemaInit.cpp.o
[2201/2979] Building CXX object tools/clang/lib/Sema/CMakeFiles/obj.clangSema.dir/SemaLambda.cpp.o
[2202/2979] Building CXX object tools/clang/lib/Sema/CMakeFiles/obj.clangSema.dir/SemaExprCXX.cpp.o
[2203/2979] Building CXX object tools/clang/lib/Sema/CMakeFiles/obj.clangSema.dir/SemaExpr.cpp.o
[2204/2979] Building CXX object tools/clang/lib/Sema/CMakeFiles/obj.clangSema.dir/SemaExprObjC.cpp.o
[2205/2979] Building CXX object tools/clang/lib/Sema/CMakeFiles/obj.clangSema.dir/SemaFixItUtils.cpp.o
[2206/2979] Building CXX object tools/clang/lib/Sema/CMakeFiles/obj.clangSema.dir/SemaOverload.cpp.o
[2207/2979] Building CXX object tools/clang/lib/Sema/CMakeFiles/obj.clangSema.dir/SemaModule.cpp.o
[2208/2979] Building CXX object tools/clang/lib/Sema/CMakeFiles/obj.clangSema.dir/SemaLookup.cpp.o
[2209/2979] Building CXX object tools/clang/lib/Sema/CMakeFiles/obj.clangSema.dir/SemaObjCProperty.cpp.o
[2210/2979] Building CXX object tools/clang/lib/Sema/CMakeFiles/obj.clangSema.dir/SemaStmtAttr.cpp.o
[2211/2979] Building CXX object tools/clang/lib/Sema/CMakeFiles/obj.clangSema.dir/SemaSYCL.cpp.o
[2212/2979] Building CXX object lib/Passes/CMakeFiles/LLVMPasses.dir/PassBuilderPipelines.cpp.o
FAILED: lib/Passes/CMakeFiles/LLVMPasses.dir/PassBuilderPipelines.cpp.o 
CCACHE_CPP2=yes CCACHE_HASHDIR=yes /usr/bin/ccache /usr/bin/c++  -DGTEST_HAS_RTTI=0 -D_GNU_SOURCE -D__STDC_CONSTANT_MACROS -D__STDC_FORMAT_MACROS -D__STDC_LIMIT_MACROS -Ilib/Passes -I/root/llvm-compile-time-tracker/llvm-project/llvm/lib/Passes -Iinclude -I/root/llvm-compile-time-tracker/llvm-project/llvm/include -fPIC -fno-semantic-interposition -fvisibility-inlines-hidden -Werror=date-time -Wall -Wextra -Wno-unused-parameter -Wwrite-strings -Wcast-qual -Wno-missing-field-initializers -pedantic -Wno-long-long -Wimplicit-fallthrough -Wno-maybe-uninitialized -Wno-class-memaccess -Wno-redundant-move -Wno-pessimizing-move -Wno-noexcept-type -Wdelete-non-virtual-dtor -Wsuggest-override -Wno-comment -Wmisleading-indentation -fdiagnostics-color -ffunction-sections -fdata-sections -O3 -DNDEBUG    -fno-exceptions -fno-rtti -std=c++14 -MD -MT lib/Passes/CMakeFiles/LLVMPasses.dir/PassBuilderPipelines.cpp.o -MF lib/Passes/CMakeFiles/LLVMPasses.dir/PassBuilderPipelines.cpp.o.d -o lib/Passes/CMakeFiles/LLVMPasses.dir/PassBuilderPipelines.cpp.o -c /root/llvm-compile-time-tracker/llvm-project/llvm/lib/Passes/PassBuilderPipelines.cpp
/root/llvm-compile-time-tracker/llvm-project/llvm/lib/Passes/PassBuilderPipelines.cpp: In member function ‘llvm::FunctionPassManager llvm::PassBuilder::buildO1FunctionSimplificationPipeline(llvm::OptimizationLevel, llvm::ThinOrFullLTOPhase)’:
/root/llvm-compile-time-tracker/llvm-project/llvm/lib/Passes/PassBuilderPipelines.cpp:238:15: error: ‘GVNPass’ was not declared in this scope
  238 |   FPM.addPass(GVNPass());
      |               ^~~~~~~
/root/llvm-compile-time-tracker/llvm-project/llvm/lib/Passes/PassBuilderPipelines.cpp: In member function ‘llvm::FunctionPassManager llvm::PassBuilder::buildFunctionSimplificationPipeline(llvm::OptimizationLevel, llvm::ThinOrFullLTOPhase)’:
/root/llvm-compile-time-tracker/llvm-project/llvm/lib/Passes/PassBuilderPipelines.cpp:379:15: error: ‘GVNPass’ was not declared in this scope
  379 |   FPM.addPass(GVNPass());
      |               ^~~~~~~
/root/llvm-compile-time-tracker/llvm-project/llvm/lib/Passes/PassBuilderPipelines.cpp: In member function ‘void llvm::PassBuilder::addPGOInstrPasses(llvm::ModulePassManager&, llvm::OptimizationLevel, bool, bool, std::string, std::string)’:
/root/llvm-compile-time-tracker/llvm-project/llvm/lib/Passes/PassBuilderPipelines.cpp:594:17: error: ‘GVNPass’ was not declared in this scope
  594 |     FPM.addPass(GVNPass());    // Catch trivial redundancies.
      |                 ^~~~~~~
/root/llvm-compile-time-tracker/llvm-project/llvm/lib/Passes/PassBuilderPipelines.cpp: In member function ‘llvm::ModulePassManager llvm::PassBuilder::buildModuleSimplificationPipeline(llvm::OptimizationLevel, llvm::ThinOrFullLTOPhase)’:
/root/llvm-compile-time-tracker/llvm-project/llvm/lib/Passes/PassBuilderPipelines.cpp:782:20: error: ‘GVNPass’ was not declared in this scope
  782 |   EarlyFPM.addPass(GVNPass());
      |                    ^~~~~~~
/root/llvm-compile-time-tracker/llvm-project/llvm/lib/Passes/PassBuilderPipelines.cpp: In member function ‘void llvm::PassBuilder::addVectorPasses(llvm::OptimizationLevel, llvm::FunctionPassManager&, bool)’:
/root/llvm-compile-time-tracker/llvm-project/llvm/lib/Passes/PassBuilderPipelines.cpp:938:17: error: ‘GVNPass’ was not declared in this scope
  938 |     FPM.addPass(GVNPass());
      |                 ^~~~~~~
/root/llvm-compile-time-tracker/llvm-project/llvm/lib/Passes/PassBuilderPipelines.cpp:980:19: error: ‘GVNPass’ was not declared in this scope
  980 |       FPM.addPass(GVNPass());
      |                   ^~~~~~~
/root/llvm-compile-time-tracker/llvm-project/llvm/lib/Passes/PassBuilderPipelines.cpp: In member function ‘llvm::ModulePassManager llvm::PassBuilder::buildModuleOptimizationPipeline(llvm::OptimizationLevel, bool)’:
/root/llvm-compile-time-tracker/llvm-project/llvm/lib/Passes/PassBuilderPipelines.cpp:1083:24: error: ‘GVNPass’ was not declared in this scope
 1083 |     OptimizePM.addPass(GVNPass());
      |                        ^~~~~~~
[2213/2979] Building CXX object tools/clang/lib/Sema/CMakeFiles/obj.clangSema.dir/SemaPseudoObject.cpp.o
[2214/2979] Building CXX object tools/clang/lib/Sema/CMakeFiles/obj.clangSema.dir/SemaOpenMP.cpp.o
[2215/2979] Building CXX object tools/clang/lib/Sema/CMakeFiles/obj.clangSema.dir/SemaStmtAsm.cpp.o
[2216/2979] Building CXX object tools/clang/lib/Sema/CMakeFiles/obj.clangSema.dir/SemaStmt.cpp.o
[2217/2979] Building CXX object tools/clang/lib/Sema/CMakeFiles/obj.clangSema.dir/SemaTemplate.cpp.o
ninja: build stopped: subcommand failed.


STDERR:
-- Version: 0.0.0
-- Performing Test HAVE_GNU_POSIX_REGEX
-- Performing Test HAVE_GNU_POSIX_REGEX
-- Performing Test HAVE_GNU_POSIX_REGEX -- failed to compile
-- Performing Test HAVE_POSIX_REGEX
-- Performing Test HAVE_POSIX_REGEX
-- Performing Test HAVE_POSIX_REGEX -- success
-- Performing Test HAVE_STEADY_CLOCK
-- Performing Test HAVE_STEADY_CLOCK
-- Performing Test HAVE_STEADY_CLOCK -- success
Command exited with non-zero status 1
76.66user 9.65system 0:14.94elapsed 577%CPU (0avgtext+0avgdata 708380maxresident)k
0inputs+2209736outputs (46major+3698135minor)pagefaults 0swaps
