MESSAGE: Execution of "sudo -u lctt-runner ./build_llvm_project_stage1.sh" failed

STDOUT:
/var/llvm-compile-time-tracker/llvm-project/clang/lib/AST/ByteCode/Compiler.cpp:2550:1: error: a template declaration cannot appear at block scope
 2550 | template <class Emitter>
      | ^~~~~~~~
/var/llvm-compile-time-tracker/llvm-project/clang/lib/AST/ByteCode/Compiler.cpp:2585:1: error: a template declaration cannot appear at block scope
 2585 | template <class Emitter>
      | ^~~~~~~~
/var/llvm-compile-time-tracker/llvm-project/clang/lib/AST/ByteCode/Compiler.cpp:2665:1: error: a template declaration cannot appear at block scope
 2665 | template <class Emitter>
      | ^~~~~~~~
/var/llvm-compile-time-tracker/llvm-project/clang/lib/AST/ByteCode/Compiler.cpp:2824:1: error: a template declaration cannot appear at block scope
 2824 | template <class Emitter>
      | ^~~~~~~~
/var/llvm-compile-time-tracker/llvm-project/clang/lib/AST/ByteCode/Compiler.cpp:2912:1: error: a template declaration cannot appear at block scope
 2912 | template <class Emitter>
      | ^~~~~~~~
/var/llvm-compile-time-tracker/llvm-project/clang/lib/AST/ByteCode/Compiler.cpp:2986:1: error: a template declaration cannot appear at block scope
 2986 | template <class Emitter>
      | ^~~~~~~~
/var/llvm-compile-time-tracker/llvm-project/clang/lib/AST/ByteCode/Compiler.cpp:3006:1: error: a template declaration cannot appear at block scope
 3006 | template <class Emitter>
      | ^~~~~~~~
/var/llvm-compile-time-tracker/llvm-project/clang/lib/AST/ByteCode/Compiler.cpp:3059:1: error: a template declaration cannot appear at block scope
 3059 | template <class Emitter>
      | ^~~~~~~~
/var/llvm-compile-time-tracker/llvm-project/clang/lib/AST/ByteCode/Compiler.cpp:3116:1: error: a template declaration cannot appear at block scope
 3116 | template <class Emitter>
      | ^~~~~~~~
/var/llvm-compile-time-tracker/llvm-project/clang/lib/AST/ByteCode/Compiler.cpp:3136:1: error: a template declaration cannot appear at block scope
 3136 | template <class Emitter>
      | ^~~~~~~~
/var/llvm-compile-time-tracker/llvm-project/clang/lib/AST/ByteCode/Compiler.cpp:3312:1: error: a template declaration cannot appear at block scope
 3312 | template <class Emitter>
      | ^~~~~~~~
/var/llvm-compile-time-tracker/llvm-project/clang/lib/AST/ByteCode/Compiler.cpp:3406:1: error: a template declaration cannot appear at block scope
 3406 | template <class Emitter>
      | ^~~~~~~~
/var/llvm-compile-time-tracker/llvm-project/clang/lib/AST/ByteCode/Compiler.cpp:3417:1: error: a template declaration cannot appear at block scope
 3417 | template <class Emitter>
      | ^~~~~~~~
/var/llvm-compile-time-tracker/llvm-project/clang/lib/AST/ByteCode/Compiler.cpp:3430:1: error: a template declaration cannot appear at block scope
 3430 | template <class Emitter>
      | ^~~~~~~~
/var/llvm-compile-time-tracker/llvm-project/clang/lib/AST/ByteCode/Compiler.cpp:3721:1: error: a template declaration cannot appear at block scope
 3721 | template <class Emitter>
      | ^~~~~~~~
/var/llvm-compile-time-tracker/llvm-project/clang/lib/AST/ByteCode/Compiler.cpp:3751:1: error: a template declaration cannot appear at block scope
 3751 | template <class Emitter>
      | ^~~~~~~~
/var/llvm-compile-time-tracker/llvm-project/clang/lib/AST/ByteCode/Compiler.cpp:3796:1: error: a template declaration cannot appear at block scope
 3796 | template <class Emitter>
      | ^~~~~~~~
/var/llvm-compile-time-tracker/llvm-project/clang/lib/AST/ByteCode/Compiler.cpp:3838:1: error: a template declaration cannot appear at block scope
 3838 | template <class Emitter>
      | ^~~~~~~~
/var/llvm-compile-time-tracker/llvm-project/clang/lib/AST/ByteCode/Compiler.cpp:3853:1: error: a template declaration cannot appear at block scope
 3853 | template <class Emitter>
      | ^~~~~~~~
/var/llvm-compile-time-tracker/llvm-project/clang/lib/AST/ByteCode/Compiler.cpp:3882:1: error: a template declaration cannot appear at block scope
 3882 | template <class Emitter>
      | ^~~~~~~~
/var/llvm-compile-time-tracker/llvm-project/clang/lib/AST/ByteCode/Compiler.cpp:3894:1: error: a template declaration cannot appear at block scope
 3894 | template <class Emitter>
      | ^~~~~~~~
/var/llvm-compile-time-tracker/llvm-project/clang/lib/AST/ByteCode/Compiler.cpp:3976:1: error: a template declaration cannot appear at block scope
 3976 | template <class Emitter>
      | ^~~~~~~~
/var/llvm-compile-time-tracker/llvm-project/clang/lib/AST/ByteCode/Compiler.cpp:4050:1: error: a template declaration cannot appear at block scope
 4050 | template <class Emitter>
      | ^~~~~~~~
/var/llvm-compile-time-tracker/llvm-project/clang/lib/AST/ByteCode/Compiler.cpp:4112:1: error: a template declaration cannot appear at block scope
 4112 | template <class Emitter> bool Compiler<Emitter>::discard(const Expr *E) {
      | ^~~~~~~~
/var/llvm-compile-time-tracker/llvm-project/clang/lib/AST/ByteCode/Compiler.cpp:4125:1: error: a template declaration cannot appear at block scope
 4125 | template <class Emitter> bool Compiler<Emitter>::visit(const Expr *E) {
      | ^~~~~~~~
/var/llvm-compile-time-tracker/llvm-project/clang/lib/AST/ByteCode/Compiler.cpp:4161:1: error: a template declaration cannot appear at block scope
 4161 | template <class Emitter> bool Compiler<Emitter>::visitBool(const Expr *E) {
      | ^~~~~~~~
/var/llvm-compile-time-tracker/llvm-project/clang/lib/AST/ByteCode/Compiler.cpp:4237:1: error: a template declaration cannot appear at block scope
 4237 | template <class Emitter>
      | ^~~~~~~~
/var/llvm-compile-time-tracker/llvm-project/clang/lib/AST/ByteCode/Compiler.cpp:4358:1: error: a template declaration cannot appear at block scope
 4358 | template <class Emitter>
      | ^~~~~~~~
/var/llvm-compile-time-tracker/llvm-project/clang/lib/AST/ByteCode/Compiler.cpp:4445:1: error: a template declaration cannot appear at block scope
 4445 | template <class Emitter>
      | ^~~~~~~~
/var/llvm-compile-time-tracker/llvm-project/clang/lib/AST/ByteCode/Compiler.cpp:4464:1: error: a template declaration cannot appear at block scope
 4464 | template <class Emitter>
      | ^~~~~~~~
/var/llvm-compile-time-tracker/llvm-project/clang/lib/AST/ByteCode/Compiler.cpp:4497:1: error: a template declaration cannot appear at block scope
 4497 | template <class Emitter>
      | ^~~~~~~~
/var/llvm-compile-time-tracker/llvm-project/clang/lib/AST/ByteCode/Compiler.cpp:4565:1: error: a template declaration cannot appear at block scope
 4565 | template <class Emitter>
      | ^~~~~~~~
/var/llvm-compile-time-tracker/llvm-project/clang/lib/AST/ByteCode/Compiler.cpp:4578:1: error: a template declaration cannot appear at block scope
 4578 | template <class Emitter>
      | ^~~~~~~~
/var/llvm-compile-time-tracker/llvm-project/clang/lib/AST/ByteCode/Compiler.cpp:4588:1: error: a template declaration cannot appear at block scope
 4588 | template <class Emitter>
      | ^~~~~~~~
/var/llvm-compile-time-tracker/llvm-project/clang/lib/AST/ByteCode/Compiler.cpp:4670:1: error: a template declaration cannot appear at block scope
 4670 | template <class Emitter>
      | ^~~~~~~~
/var/llvm-compile-time-tracker/llvm-project/clang/lib/AST/ByteCode/Compiler.cpp:4837:1: error: a template declaration cannot appear at block scope
 4837 | template <class Emitter>
      | ^~~~~~~~
/var/llvm-compile-time-tracker/llvm-project/clang/lib/AST/ByteCode/Compiler.cpp:4931:1: error: a template declaration cannot appear at block scope
 4931 | template <class Emitter>
      | ^~~~~~~~
/var/llvm-compile-time-tracker/llvm-project/clang/lib/AST/ByteCode/Compiler.cpp:5010:1: error: a template declaration cannot appear at block scope
 5010 | template <class Emitter>
      | ^~~~~~~~
/var/llvm-compile-time-tracker/llvm-project/clang/lib/AST/ByteCode/Compiler.cpp:5240:1: error: a template declaration cannot appear at block scope
 5240 | template <class Emitter>
      | ^~~~~~~~
/var/llvm-compile-time-tracker/llvm-project/clang/lib/AST/ByteCode/Compiler.cpp:5255:1: error: a template declaration cannot appear at block scope
 5255 | template <class Emitter>
      | ^~~~~~~~
/var/llvm-compile-time-tracker/llvm-project/clang/lib/AST/ByteCode/Compiler.cpp:5276:1: error: a template declaration cannot appear at block scope
 5276 | template <class Emitter>
      | ^~~~~~~~
/var/llvm-compile-time-tracker/llvm-project/clang/lib/AST/ByteCode/Compiler.cpp:5391:1: error: a template declaration cannot appear at block scope
 5391 | template <class Emitter>
      | ^~~~~~~~
/var/llvm-compile-time-tracker/llvm-project/clang/lib/AST/ByteCode/Compiler.cpp:5410:62: error: a function-definition is not allowed here before ‘{’ token
 5410 | static bool hasTrivialDefaultCtorParent(const FieldDecl *FD) {
      |                                                              ^
/var/llvm-compile-time-tracker/llvm-project/clang/lib/AST/ByteCode/Compiler.cpp:5417:1: error: a template declaration cannot appear at block scope
 5417 | template <class Emitter> bool Compiler<Emitter>::refersToUnion(const Expr *E) {
      | ^~~~~~~~
/var/llvm-compile-time-tracker/llvm-project/clang/lib/AST/ByteCode/Compiler.cpp:5479:1: error: a template declaration cannot appear at block scope
 5479 | template <class Emitter>
      | ^~~~~~~~
/var/llvm-compile-time-tracker/llvm-project/clang/lib/AST/ByteCode/Compiler.cpp:5586:1: error: a template declaration cannot appear at block scope
 5586 | template <class Emitter>
      | ^~~~~~~~
/var/llvm-compile-time-tracker/llvm-project/clang/lib/AST/ByteCode/Compiler.cpp:5659:1: error: a template declaration cannot appear at block scope
 5659 | template <class Emitter>
      | ^~~~~~~~
/var/llvm-compile-time-tracker/llvm-project/clang/lib/AST/ByteCode/Compiler.cpp:5768:1: error: a template declaration cannot appear at block scope
 5768 | template <class Emitter>
      | ^~~~~~~~
/var/llvm-compile-time-tracker/llvm-project/clang/lib/AST/ByteCode/Compiler.cpp:5790:1: error: a template declaration cannot appear at block scope
 5790 | template <class Emitter>
      | ^~~~~~~~
/var/llvm-compile-time-tracker/llvm-project/clang/lib/AST/ByteCode/Compiler.cpp:5875:1: error: a template declaration cannot appear at block scope
 5875 | template <class Emitter>
      | ^~~~~~~~
/var/llvm-compile-time-tracker/llvm-project/clang/lib/AST/ByteCode/Compiler.cpp:5912:1: error: a template declaration cannot appear at block scope
 5912 | template <class Emitter>
      | ^~~~~~~~
/var/llvm-compile-time-tracker/llvm-project/clang/lib/AST/ByteCode/Compiler.cpp:5968:1: error: a template declaration cannot appear at block scope
 5968 | template <class Emitter>
      | ^~~~~~~~
/var/llvm-compile-time-tracker/llvm-project/clang/lib/AST/ByteCode/Compiler.cpp:6136:1: error: a template declaration cannot appear at block scope
 6136 | template <class Emitter>
      | ^~~~~~~~
/var/llvm-compile-time-tracker/llvm-project/clang/lib/AST/ByteCode/Compiler.cpp:6201:1: error: a template declaration cannot appear at block scope
 6201 | template <class Emitter>
      | ^~~~~~~~
/var/llvm-compile-time-tracker/llvm-project/clang/lib/AST/ByteCode/Compiler.cpp:6463:1: error: a template declaration cannot appear at block scope
 6463 | template <class Emitter>
      | ^~~~~~~~
/var/llvm-compile-time-tracker/llvm-project/clang/lib/AST/ByteCode/Compiler.cpp:6678:1: error: a template declaration cannot appear at block scope
 6678 | template <class Emitter>
      | ^~~~~~~~
/var/llvm-compile-time-tracker/llvm-project/clang/lib/AST/ByteCode/Compiler.cpp:6846:1: error: a template declaration cannot appear at block scope
 6846 | template <class Emitter> void Compiler<Emitter>::emitCleanup() {
      | ^~~~~~~~
/var/llvm-compile-time-tracker/llvm-project/clang/lib/AST/ByteCode/Compiler.cpp:6866:1: error: a template declaration cannot appear at block scope
 6866 | template <class Emitter>
      | ^~~~~~~~
/var/llvm-compile-time-tracker/llvm-project/clang/lib/AST/ByteCode/Compiler.cpp:6930:1: error: a template declaration cannot appear at block scope
 6930 | template <class Emitter>
      | ^~~~~~~~
/var/llvm-compile-time-tracker/llvm-project/clang/lib/AST/ByteCode/Compiler.cpp:7072:1: error: a template declaration cannot appear at block scope
 7072 | template <class Emitter>
      | ^~~~~~~~
/var/llvm-compile-time-tracker/llvm-project/clang/lib/AST/ByteCode/Compiler.cpp:7146:1: error: a template declaration cannot appear at block scope
 7146 | template <class Emitter>
      | ^~~~~~~~
/var/llvm-compile-time-tracker/llvm-project/clang/lib/AST/ByteCode/Compiler.cpp:7187:1: error: a template declaration cannot appear at block scope
 7187 | template <class Emitter>
      | ^~~~~~~~
/var/llvm-compile-time-tracker/llvm-project/clang/lib/AST/ByteCode/Compiler.cpp:7260:2: error: expected ‘}’ at end of input
 7260 | } // namespace clang
      |  ^
/var/llvm-compile-time-tracker/llvm-project/clang/lib/AST/ByteCode/Compiler.cpp:192:59: note: to match this ‘{’
  192 | bool Compiler<Emitter>::VisitCastExpr(const CastExpr *CE) {
      |                                                           ^
/var/llvm-compile-time-tracker/llvm-project/clang/lib/AST/ByteCode/Compiler.cpp: At global scope:
/var/llvm-compile-time-tracker/llvm-project/clang/lib/AST/ByteCode/Compiler.cpp:28:28: warning: ‘std::optional<bool> clang::interp::getBoolValue(const clang::Expr*)’ defined but not used [-Wunused-function]
   28 | static std::optional<bool> getBoolValue(const Expr *E) {
      |                            ^~~~~~~~~~~~
[2955/3178] Building AArch64GenInstrInfo.inc...
[2956/3178] Building AArch64GenSubtargetInfo.inc...
ninja: build stopped: subcommand failed.


STDERR:
CMake Deprecation Warning at /var/llvm-compile-time-tracker/llvm-project/clang/CMakeLists.txt:450 (message):
  'CLANG_ENABLE_ARCMT' is deprecated as ARCMigrate has been removed from
  Clang.  Please use 'CLANG_ENABLE_OBJC_REWRITER' instead to enable or
  disable the Objective-C rewriter.


Command exited with non-zero status 1
107.85user 14.46system 0:10.48elapsed 1166%CPU (0avgtext+0avgdata 724372maxresident)k
24inputs+2748336outputs (4115major+6382862minor)pagefaults 0swaps
