MESSAGE: Execution of "sudo -u lctt-runner ./build_llvm_project_stage1.sh" failed

STDOUT:
[2654/2717] Building CXX object tools/lld/MachO/CMakeFiles/lldMachO.dir/DriverUtils.cpp.o
[2655/2717] Building CXX object tools/lld/MachO/CMakeFiles/lldMachO.dir/OutputSection.cpp.o
[2656/2717] Building CXX object tools/lld/MachO/CMakeFiles/lldMachO.dir/MapFile.cpp.o
[2657/2717] Building CXX object tools/lld/MachO/CMakeFiles/lldMachO.dir/MarkLive.cpp.o
[2658/2717] Building CXX object tools/lld/MachO/CMakeFiles/lldMachO.dir/ObjC.cpp.o
[2659/2717] Building CXX object tools/lld/MachO/CMakeFiles/lldMachO.dir/Relocations.cpp.o
[2660/2717] Building CXX object tools/lld/MachO/CMakeFiles/lldMachO.dir/LTO.cpp.o
[2661/2717] Building CXX object tools/lld/MachO/CMakeFiles/lldMachO.dir/Target.cpp.o
[2662/2717] Building CXX object tools/lld/MachO/CMakeFiles/lldMachO.dir/Symbols.cpp.o
[2663/2717] Building CXX object tools/lld/MachO/CMakeFiles/lldMachO.dir/SectionPriorities.cpp.o
[2664/2717] Building CXX object tools/lld/MachO/CMakeFiles/lldMachO.dir/SymbolTable.cpp.o
[2665/2717] Building CXX object tools/lld/MachO/CMakeFiles/lldMachO.dir/OutputSegment.cpp.o
[2666/2717] Building CXX object tools/lld/MachO/CMakeFiles/lldMachO.dir/SyntheticSections.cpp.o
[2667/2717] Building CXX object tools/lld/MachO/CMakeFiles/lldMachO.dir/UnwindInfoSection.cpp.o
[2668/2717] Building CXX object tools/lld/MinGW/CMakeFiles/lldMinGW.dir/Driver.cpp.o
[2669/2717] Building CXX object tools/lld/MachO/CMakeFiles/lldMachO.dir/Writer.cpp.o
[2670/2717] Building CXX object tools/lld/ELF/CMakeFiles/lldELF.dir/ScriptParser.cpp.o
[2671/2717] Building CXX object tools/lld/wasm/CMakeFiles/lldWasm.dir/InputChunks.cpp.o
[2672/2717] Building CXX object tools/lld/wasm/CMakeFiles/lldWasm.dir/LTO.cpp.o
[2673/2717] Building CXX object tools/lld/wasm/CMakeFiles/lldWasm.dir/InputFiles.cpp.o
[2674/2717] Building CXX object tools/lld/wasm/CMakeFiles/lldWasm.dir/MapFile.cpp.o
[2675/2717] Building CXX object tools/lld/wasm/CMakeFiles/lldWasm.dir/MarkLive.cpp.o
[2676/2717] Building CXX object tools/lld/wasm/CMakeFiles/lldWasm.dir/OutputSections.cpp.o
[2677/2717] Building CXX object tools/lld/wasm/CMakeFiles/lldWasm.dir/OutputSegment.cpp.o
[2678/2717] Building CXX object tools/lld/wasm/CMakeFiles/lldWasm.dir/Relocations.cpp.o
[2679/2717] Building CXX object tools/lld/ELF/CMakeFiles/lldELF.dir/SyntheticSections.cpp.o
[2680/2717] Building CXX object tools/lld/ELF/CMakeFiles/lldELF.dir/Writer.cpp.o
[2681/2717] Building CXX object tools/lld/wasm/CMakeFiles/lldWasm.dir/SymbolTable.cpp.o
[2682/2717] Building CXX object tools/lld/wasm/CMakeFiles/lldWasm.dir/Symbols.cpp.o
[2683/2717] Building CXX object tools/lld/wasm/CMakeFiles/lldWasm.dir/SyntheticSections.cpp.o
[2684/2717] Building CXX object tools/lld/wasm/CMakeFiles/lldWasm.dir/Writer.cpp.o
[2685/2717] Building CXX object tools/lld/wasm/CMakeFiles/lldWasm.dir/WriterUtils.cpp.o
[2686/2717] Linking CXX static library lib/libLLVMSelectionDAG.a
[2687/2717] Linking CXX static library lib/libLLVMPasses.a
[2688/2717] Linking CXX static library lib/libclangToolingCore.a
[2689/2717] Linking CXX static library lib/libclangToolingInclusions.a
[2690/2717] Linking CXX static library lib/libclangAST.a
[2691/2717] Linking CXX static library lib/libLLVMGlobalISel.a
[2692/2717] Linking CXX static library lib/libLLVMLTO.a
[2693/2717] Linking CXX static library lib/libclangFormat.a
[2694/2717] Linking CXX static library lib/libclangEdit.a
[2695/2717] Linking CXX static library lib/libclangInstallAPI.a
[2696/2717] Linking CXX static library lib/libclangASTMatchers.a
[2697/2717] Linking CXX static library lib/libLLVMX86CodeGen.a
[2698/2717] Linking CXX static library lib/libclangAnalysis.a
[2699/2717] Linking CXX static library lib/liblldWasm.a
[2700/2717] Linking CXX static library lib/liblldCOFF.a
[2701/2717] Linking CXX static library lib/liblldMachO.a
[2702/2717] Linking CXX static library lib/liblldELF.a
[2703/2717] Linking CXX static library lib/liblldMinGW.a
[2704/2717] Linking CXX static library lib/libclangSema.a
[2705/2717] Linking CXX static library lib/libclangParse.a
[2706/2717] Linking CXX static library lib/libclangSerialization.a
[2707/2717] Linking CXX static library lib/libclangFrontend.a
[2708/2717] Linking CXX static library lib/libclangIndex.a
[2709/2717] Linking CXX static library lib/libclangRewriteFrontend.a
[2710/2717] Linking CXX static library lib/libclangExtractAPI.a
[2711/2717] Linking CXX shared module lib/LLVMgold.so
[2712/2717] Linking CXX executable bin/lld
[2713/2717] Building CXX object tools/clang/lib/CodeGen/CMakeFiles/obj.clangCodeGen.dir/Targets/Sparc.cpp.o
FAILED: tools/clang/lib/CodeGen/CMakeFiles/obj.clangCodeGen.dir/Targets/Sparc.cpp.o 
CCACHE_CPP2=yes CCACHE_HASHDIR=yes /usr/bin/ccache /usr/bin/c++ -DGTEST_HAS_RTTI=0 -D_GNU_SOURCE -D__STDC_CONSTANT_MACROS -D__STDC_FORMAT_MACROS -D__STDC_LIMIT_MACROS -I/tmp/llvm-project-build-stage1/tools/clang/lib/CodeGen -I/var/llvm-compile-time-tracker/llvm-project/clang/lib/CodeGen -I/var/llvm-compile-time-tracker/llvm-project/clang/include -I/tmp/llvm-project-build-stage1/tools/clang/include -I/tmp/llvm-project-build-stage1/include -I/var/llvm-compile-time-tracker/llvm-project/llvm/include -fPIC -fno-semantic-interposition -fvisibility-inlines-hidden -Werror=date-time -fno-lifetime-dse -Wall -Wextra -Wno-unused-parameter -Wwrite-strings -Wcast-qual -Wno-missing-field-initializers -pedantic -Wno-long-long -Wimplicit-fallthrough -Wno-uninitialized -Wno-nonnull -Wno-class-memaccess -Wno-redundant-move -Wno-pessimizing-move -Wno-noexcept-type -Wdelete-non-virtual-dtor -Wsuggest-override -Wno-comment -Wno-misleading-indentation -Wctad-maybe-unsupported -fdiagnostics-color -ffunction-sections -fdata-sections -fno-common -Woverloaded-virtual -fno-strict-aliasing -O3 -DNDEBUG  -fno-exceptions -funwind-tables -fno-rtti -std=c++17 -MD -MT tools/clang/lib/CodeGen/CMakeFiles/obj.clangCodeGen.dir/Targets/Sparc.cpp.o -MF tools/clang/lib/CodeGen/CMakeFiles/obj.clangCodeGen.dir/Targets/Sparc.cpp.o.d -o tools/clang/lib/CodeGen/CMakeFiles/obj.clangCodeGen.dir/Targets/Sparc.cpp.o -c /var/llvm-compile-time-tracker/llvm-project/clang/lib/CodeGen/Targets/Sparc.cpp
/var/llvm-compile-time-tracker/llvm-project/clang/lib/CodeGen/Targets/Sparc.cpp: In member function ‘clang::CodeGen::ABIArgInfo {anonymous}::SparcV9ABIInfo::classifyType(clang::QualType, unsigned int) const’:
/var/llvm-compile-time-tracker/llvm-project/clang/lib/CodeGen/Targets/Sparc.cpp:269:15: error: no matching function for call to ‘max(llvm::details::FixedOrScalableQuantity<llvm::TypeSize, long unsigned int>::ScalarTy, long long unsigned int)’
  269 |       std::max(CB.DL.getTypeSizeInBits(StrTy).getKnownMinValue(), 1ULL), 64));
      |       ~~~~~~~~^~~~~~~~~~~~~~~~~~~~~~~~~~~~~~~~~~~~~~~~~~~~~~~~~~~~~~~~~
In file included from /usr/include/c++/11/memory:63,
                 from /var/llvm-compile-time-tracker/llvm-project/llvm/include/llvm/Support/Casting.h:20,
                 from /var/llvm-compile-time-tracker/llvm-project/clang/include/clang/Basic/LLVM.h:21,
                 from /var/llvm-compile-time-tracker/llvm-project/clang/include/clang/AST/AttrIterator.h:16,
                 from /var/llvm-compile-time-tracker/llvm-project/clang/include/clang/AST/Attr.h:17,
                 from /var/llvm-compile-time-tracker/llvm-project/clang/lib/CodeGen/ABIInfo.h:12,
                 from /var/llvm-compile-time-tracker/llvm-project/clang/lib/CodeGen/ABIInfoImpl.h:12,
                 from /var/llvm-compile-time-tracker/llvm-project/clang/lib/CodeGen/Targets/Sparc.cpp:9:
/usr/include/c++/11/bits/stl_algobase.h:254:5: note: candidate: ‘template<class _Tp> constexpr const _Tp& std::max(const _Tp&, const _Tp&)’
  254 |     max(const _Tp& __a, const _Tp& __b)
      |     ^~~
/usr/include/c++/11/bits/stl_algobase.h:254:5: note:   template argument deduction/substitution failed:
/var/llvm-compile-time-tracker/llvm-project/clang/lib/CodeGen/Targets/Sparc.cpp:269:15: note:   deduced conflicting types for parameter ‘const _Tp’ (‘long unsigned int’ and ‘long long unsigned int’)
  269 |       std::max(CB.DL.getTypeSizeInBits(StrTy).getKnownMinValue(), 1ULL), 64));
      |       ~~~~~~~~^~~~~~~~~~~~~~~~~~~~~~~~~~~~~~~~~~~~~~~~~~~~~~~~~~~~~~~~~
In file included from /usr/include/c++/11/memory:63,
                 from /var/llvm-compile-time-tracker/llvm-project/llvm/include/llvm/Support/Casting.h:20,
                 from /var/llvm-compile-time-tracker/llvm-project/clang/include/clang/Basic/LLVM.h:21,
                 from /var/llvm-compile-time-tracker/llvm-project/clang/include/clang/AST/AttrIterator.h:16,
                 from /var/llvm-compile-time-tracker/llvm-project/clang/include/clang/AST/Attr.h:17,
                 from /var/llvm-compile-time-tracker/llvm-project/clang/lib/CodeGen/ABIInfo.h:12,
                 from /var/llvm-compile-time-tracker/llvm-project/clang/lib/CodeGen/ABIInfoImpl.h:12,
                 from /var/llvm-compile-time-tracker/llvm-project/clang/lib/CodeGen/Targets/Sparc.cpp:9:
/usr/include/c++/11/bits/stl_algobase.h:300:5: note: candidate: ‘template<class _Tp, class _Compare> constexpr const _Tp& std::max(const _Tp&, const _Tp&, _Compare)’
  300 |     max(const _Tp& __a, const _Tp& __b, _Compare __comp)
      |     ^~~
/usr/include/c++/11/bits/stl_algobase.h:300:5: note:   template argument deduction/substitution failed:
/var/llvm-compile-time-tracker/llvm-project/clang/lib/CodeGen/Targets/Sparc.cpp:269:15: note:   deduced conflicting types for parameter ‘const _Tp’ (‘long unsigned int’ and ‘long long unsigned int’)
  269 |       std::max(CB.DL.getTypeSizeInBits(StrTy).getKnownMinValue(), 1ULL), 64));
      |       ~~~~~~~~^~~~~~~~~~~~~~~~~~~~~~~~~~~~~~~~~~~~~~~~~~~~~~~~~~~~~~~~~
In file included from /usr/include/c++/11/algorithm:62,
                 from /var/llvm-compile-time-tracker/llvm-project/llvm/include/llvm/ADT/SmallVector.h:19,
                 from /var/llvm-compile-time-tracker/llvm-project/clang/include/clang/Basic/LLVM.h:24,
                 from /var/llvm-compile-time-tracker/llvm-project/clang/include/clang/AST/AttrIterator.h:16,
                 from /var/llvm-compile-time-tracker/llvm-project/clang/include/clang/AST/Attr.h:17,
                 from /var/llvm-compile-time-tracker/llvm-project/clang/lib/CodeGen/ABIInfo.h:12,
                 from /var/llvm-compile-time-tracker/llvm-project/clang/lib/CodeGen/ABIInfoImpl.h:12,
                 from /var/llvm-compile-time-tracker/llvm-project/clang/lib/CodeGen/Targets/Sparc.cpp:9:
/usr/include/c++/11/bits/stl_algo.h:3461:5: note: candidate: ‘template<class _Tp> constexpr _Tp std::max(std::initializer_list<_Tp>)’
 3461 |     max(initializer_list<_Tp> __l)
      |     ^~~
/usr/include/c++/11/bits/stl_algo.h:3461:5: note:   template argument deduction/substitution failed:
/var/llvm-compile-time-tracker/llvm-project/clang/lib/CodeGen/Targets/Sparc.cpp:269:15: note:   mismatched types ‘std::initializer_list<_Tp>’ and ‘long unsigned int’
  269 |       std::max(CB.DL.getTypeSizeInBits(StrTy).getKnownMinValue(), 1ULL), 64));
      |       ~~~~~~~~^~~~~~~~~~~~~~~~~~~~~~~~~~~~~~~~~~~~~~~~~~~~~~~~~~~~~~~~~
In file included from /usr/include/c++/11/algorithm:62,
                 from /var/llvm-compile-time-tracker/llvm-project/llvm/include/llvm/ADT/SmallVector.h:19,
                 from /var/llvm-compile-time-tracker/llvm-project/clang/include/clang/Basic/LLVM.h:24,
                 from /var/llvm-compile-time-tracker/llvm-project/clang/include/clang/AST/AttrIterator.h:16,
                 from /var/llvm-compile-time-tracker/llvm-project/clang/include/clang/AST/Attr.h:17,
                 from /var/llvm-compile-time-tracker/llvm-project/clang/lib/CodeGen/ABIInfo.h:12,
                 from /var/llvm-compile-time-tracker/llvm-project/clang/lib/CodeGen/ABIInfoImpl.h:12,
                 from /var/llvm-compile-time-tracker/llvm-project/clang/lib/CodeGen/Targets/Sparc.cpp:9:
/usr/include/c++/11/bits/stl_algo.h:3467:5: note: candidate: ‘template<class _Tp, class _Compare> constexpr _Tp std::max(std::initializer_list<_Tp>, _Compare)’
 3467 |     max(initializer_list<_Tp> __l, _Compare __comp)
      |     ^~~
/usr/include/c++/11/bits/stl_algo.h:3467:5: note:   template argument deduction/substitution failed:
/var/llvm-compile-time-tracker/llvm-project/clang/lib/CodeGen/Targets/Sparc.cpp:269:15: note:   mismatched types ‘std::initializer_list<_Tp>’ and ‘long unsigned int’
  269 |       std::max(CB.DL.getTypeSizeInBits(StrTy).getKnownMinValue(), 1ULL), 64));
      |       ~~~~~~~~^~~~~~~~~~~~~~~~~~~~~~~~~~~~~~~~~~~~~~~~~~~~~~~~~~~~~~~~~
ninja: build stopped: subcommand failed.


STDERR:
Command exited with non-zero status 1
122.08user 21.27system 0:12.24elapsed 1170%CPU (0avgtext+0avgdata 922604maxresident)k
0inputs+5372536outputs (63954major+9235545minor)pagefaults 0swaps
