MESSAGE: Execution of "sudo -u lctt-runner ./build_llvm_project_stage1.sh" failed

STDOUT:
  139 |       if (Bits[Idx] != 0)
      |           ~~~~^
/var/llvm-compile-time-tracker/llvm-project/llvm/include/llvm/ADT/SparseBitVector.h:55:11: note: while referencing ‘llvm::SparseBitVectorElement<128>::Bits’
   55 |   BitWord Bits[BITWORDS_PER_ELEMENT];
      |           ^~~~
/var/llvm-compile-time-tracker/llvm-project/llvm/include/llvm/ADT/SparseBitVector.h:139:15: warning: array subscript 4294967295 is above array bounds of ‘const BitWord [2]’ {aka ‘const long unsigned int [2]’} [-Warray-bounds]
  139 |       if (Bits[Idx] != 0)
      |           ~~~~^
/var/llvm-compile-time-tracker/llvm-project/llvm/include/llvm/ADT/SparseBitVector.h:55:11: note: while referencing ‘llvm::SparseBitVectorElement<128>::Bits’
   55 |   BitWord Bits[BITWORDS_PER_ELEMENT];
      |           ^~~~
/var/llvm-compile-time-tracker/llvm-project/llvm/include/llvm/ADT/SparseBitVector.h: In member function ‘llvm::StringMap<unsigned int> llvm::pdb::NamedStreamMap::entries() const’:
/var/llvm-compile-time-tracker/llvm-project/llvm/include/llvm/ADT/SparseBitVector.h:130:15: warning: array subscript 2 is above array bounds of ‘const BitWord [2]’ {aka ‘const long unsigned int [2]’} [-Warray-bounds]
  130 |       if (Bits[i] != 0)
      |           ~~~~^
/var/llvm-compile-time-tracker/llvm-project/llvm/include/llvm/ADT/SparseBitVector.h:55:11: note: while referencing ‘llvm::SparseBitVectorElement<128>::Bits’
   55 |   BitWord Bits[BITWORDS_PER_ELEMENT];
      |           ^~~~
/var/llvm-compile-time-tracker/llvm-project/llvm/include/llvm/ADT/SparseBitVector.h: In member function ‘llvm::Error llvm::pdb::HashTable<ValueT>::load(llvm::BinaryStreamReader&) [with ValueT = llvm::support::detail::packed_endian_specific_integral<unsigned int, llvm::endianness::little, 1>]’:
/var/llvm-compile-time-tracker/llvm-project/llvm/include/llvm/ADT/SparseBitVector.h:130:15: warning: array subscript 2 is above array bounds of ‘const BitWord [2]’ {aka ‘const long unsigned int [2]’} [-Warray-bounds]
  130 |       if (Bits[i] != 0)
      |           ~~~~^
/var/llvm-compile-time-tracker/llvm-project/llvm/include/llvm/ADT/SparseBitVector.h:55:11: note: while referencing ‘llvm::SparseBitVectorElement<128>::Bits’
   55 |   BitWord Bits[BITWORDS_PER_ELEMENT];
      |           ^~~~
/var/llvm-compile-time-tracker/llvm-project/llvm/include/llvm/ADT/SparseBitVector.h:130:15: warning: array subscript 2 is above array bounds of ‘const BitWord [2]’ {aka ‘const long unsigned int [2]’} [-Warray-bounds]
  130 |       if (Bits[i] != 0)
      |           ~~~~^
/var/llvm-compile-time-tracker/llvm-project/llvm/include/llvm/ADT/SparseBitVector.h:55:11: note: while referencing ‘llvm::SparseBitVectorElement<128>::Bits’
   55 |   BitWord Bits[BITWORDS_PER_ELEMENT];
      |           ^~~~
/var/llvm-compile-time-tracker/llvm-project/llvm/include/llvm/ADT/SparseBitVector.h: In member function ‘void llvm::pdb::HashTable<ValueT>::grow(TraitsT&) [with TraitsT = llvm::pdb::NamedStreamMapTraits; ValueT = llvm::support::detail::packed_endian_specific_integral<unsigned int, llvm::endianness::little, 1>]’:
/var/llvm-compile-time-tracker/llvm-project/llvm/include/llvm/ADT/SparseBitVector.h:130:15: warning: array subscript 2 is above array bounds of ‘const BitWord [2]’ {aka ‘const long unsigned int [2]’} [-Warray-bounds]
  130 |       if (Bits[i] != 0)
      |           ~~~~^
/var/llvm-compile-time-tracker/llvm-project/llvm/include/llvm/ADT/SparseBitVector.h:55:11: note: while referencing ‘llvm::SparseBitVectorElement<128>::Bits’
   55 |   BitWord Bits[BITWORDS_PER_ELEMENT];
      |           ^~~~
[1717/3173] Building CXX object lib/DebugInfo/PDB/CMakeFiles/LLVMDebugInfoPDB.dir/Native/NativeSession.cpp.o
[1718/3173] Building CXX object lib/DebugInfo/PDB/CMakeFiles/LLVMDebugInfoPDB.dir/Native/PDBFileBuilder.cpp.o
In file included from /var/llvm-compile-time-tracker/llvm-project/llvm/include/llvm/DebugInfo/PDB/Native/HashTable.h:12,
                 from /var/llvm-compile-time-tracker/llvm-project/llvm/include/llvm/DebugInfo/PDB/Native/PDBFileBuilder.h:14,
                 from /var/llvm-compile-time-tracker/llvm-project/llvm/lib/DebugInfo/PDB/Native/PDBFileBuilder.cpp:9:
/var/llvm-compile-time-tracker/llvm-project/llvm/include/llvm/ADT/SparseBitVector.h: In member function ‘void llvm::pdb::PDBFileBuilder::commitSrcHeaderBlock(llvm::WritableBinaryStream&, const llvm::msf::MSFLayout&)’:
/var/llvm-compile-time-tracker/llvm-project/llvm/include/llvm/ADT/SparseBitVector.h:130:15: warning: array subscript 2 is above array bounds of ‘const BitWord [2]’ {aka ‘const long unsigned int [2]’} [-Warray-bounds]
  130 |       if (Bits[i] != 0)
      |           ~~~~^
/var/llvm-compile-time-tracker/llvm-project/llvm/include/llvm/ADT/SparseBitVector.h:55:11: note: while referencing ‘llvm::SparseBitVectorElement<128>::Bits’
   55 |   BitWord Bits[BITWORDS_PER_ELEMENT];
      |           ^~~~
/var/llvm-compile-time-tracker/llvm-project/llvm/include/llvm/ADT/SparseBitVector.h: In member function ‘void llvm::pdb::HashTable<ValueT>::grow(TraitsT&) [with TraitsT = llvm::pdb::StringTableHashTraits; ValueT = llvm::pdb::SrcHeaderBlockEntry]’:
/var/llvm-compile-time-tracker/llvm-project/llvm/include/llvm/ADT/SparseBitVector.h:130:15: warning: array subscript 2 is above array bounds of ‘const BitWord [2]’ {aka ‘const long unsigned int [2]’} [-Warray-bounds]
  130 |       if (Bits[i] != 0)
      |           ~~~~^
/var/llvm-compile-time-tracker/llvm-project/llvm/include/llvm/ADT/SparseBitVector.h:55:11: note: while referencing ‘llvm::SparseBitVectorElement<128>::Bits’
   55 |   BitWord Bits[BITWORDS_PER_ELEMENT];
      |           ^~~~
/var/llvm-compile-time-tracker/llvm-project/llvm/include/llvm/ADT/SparseBitVector.h: In member function ‘llvm::Error llvm::pdb::PDBFileBuilder::finalizeMsfLayout()’:
/var/llvm-compile-time-tracker/llvm-project/llvm/include/llvm/ADT/SparseBitVector.h:139:15: warning: array subscript 4294967295 is above array bounds of ‘const BitWord [2]’ {aka ‘const long unsigned int [2]’} [-Warray-bounds]
  139 |       if (Bits[Idx] != 0)
      |           ~~~~^
/var/llvm-compile-time-tracker/llvm-project/llvm/include/llvm/ADT/SparseBitVector.h:55:11: note: while referencing ‘llvm::SparseBitVectorElement<128>::Bits’
   55 |   BitWord Bits[BITWORDS_PER_ELEMENT];
      |           ^~~~
/var/llvm-compile-time-tracker/llvm-project/llvm/include/llvm/ADT/SparseBitVector.h:139:15: warning: array subscript 4294967295 is above array bounds of ‘const BitWord [2]’ {aka ‘const long unsigned int [2]’} [-Warray-bounds]
  139 |       if (Bits[Idx] != 0)
      |           ~~~~^
/var/llvm-compile-time-tracker/llvm-project/llvm/include/llvm/ADT/SparseBitVector.h:55:11: note: while referencing ‘llvm::SparseBitVectorElement<128>::Bits’
   55 |   BitWord Bits[BITWORDS_PER_ELEMENT];
      |           ^~~~
[1719/3173] Building CXX object lib/DebugInfo/PDB/CMakeFiles/LLVMDebugInfoPDB.dir/Native/PDBFile.cpp.o
[1720/3173] Building CXX object lib/DebugInfo/PDB/CMakeFiles/LLVMDebugInfoPDB.dir/Native/PDBStringTableBuilder.cpp.o
[1721/3173] Building CXX object lib/DebugInfo/PDB/CMakeFiles/LLVMDebugInfoPDB.dir/Native/PDBStringTable.cpp.o
[1722/3173] Building CXX object lib/DebugInfo/PDB/CMakeFiles/LLVMDebugInfoPDB.dir/Native/GSIStreamBuilder.cpp.o
[1723/3173] Building CXX object lib/DebugInfo/PDB/CMakeFiles/LLVMDebugInfoPDB.dir/Native/RawError.cpp.o
[1724/3173] Building CXX object lib/DebugInfo/PDB/CMakeFiles/LLVMDebugInfoPDB.dir/Native/PublicsStream.cpp.o
[1725/3173] Building CXX object lib/DebugInfo/PDB/CMakeFiles/LLVMDebugInfoPDB.dir/Native/SymbolCache.cpp.o
[1726/3173] Building CXX object lib/DebugInfo/PDB/CMakeFiles/LLVMDebugInfoPDB.dir/Native/SymbolStream.cpp.o
[1727/3173] Building CXX object lib/DebugInfo/PDB/CMakeFiles/LLVMDebugInfoPDB.dir/Native/TpiHashing.cpp.o
[1728/3173] Building CXX object lib/DebugInfo/PDB/CMakeFiles/LLVMDebugInfoPDB.dir/Native/TpiStream.cpp.o
In file included from /var/llvm-compile-time-tracker/llvm-project/llvm/include/llvm/DebugInfo/PDB/Native/HashTable.h:12,
                 from /var/llvm-compile-time-tracker/llvm-project/llvm/include/llvm/DebugInfo/PDB/Native/TpiStream.h:13,
                 from /var/llvm-compile-time-tracker/llvm-project/llvm/lib/DebugInfo/PDB/Native/TpiStream.cpp:9:
/var/llvm-compile-time-tracker/llvm-project/llvm/include/llvm/ADT/SparseBitVector.h: In member function ‘llvm::Error llvm::pdb::HashTable<ValueT>::load(llvm::BinaryStreamReader&) [with ValueT = llvm::support::detail::packed_endian_specific_integral<unsigned int, llvm::endianness::little, 1>]’:
/var/llvm-compile-time-tracker/llvm-project/llvm/include/llvm/ADT/SparseBitVector.h:130:15: warning: array subscript 2 is above array bounds of ‘const BitWord [2]’ {aka ‘const long unsigned int [2]’} [-Warray-bounds]
  130 |       if (Bits[i] != 0)
      |           ~~~~^
/var/llvm-compile-time-tracker/llvm-project/llvm/include/llvm/ADT/SparseBitVector.h:55:11: note: while referencing ‘llvm::SparseBitVectorElement<128>::Bits’
   55 |   BitWord Bits[BITWORDS_PER_ELEMENT];
      |           ^~~~
/var/llvm-compile-time-tracker/llvm-project/llvm/include/llvm/ADT/SparseBitVector.h:130:15: warning: array subscript 2 is above array bounds of ‘const BitWord [2]’ {aka ‘const long unsigned int [2]’} [-Warray-bounds]
  130 |       if (Bits[i] != 0)
      |           ~~~~^
/var/llvm-compile-time-tracker/llvm-project/llvm/include/llvm/ADT/SparseBitVector.h:55:11: note: while referencing ‘llvm::SparseBitVectorElement<128>::Bits’
   55 |   BitWord Bits[BITWORDS_PER_ELEMENT];
      |           ^~~~
[1729/3173] Building CXX object lib/DebugInfo/PDB/CMakeFiles/LLVMDebugInfoPDB.dir/Native/TpiStreamBuilder.cpp.o
[1730/3173] Building CXX object lib/DebugInfo/Symbolize/CMakeFiles/LLVMSymbolize.dir/Markup.cpp.o
[1731/3173] Building CXX object lib/DebugInfo/Symbolize/CMakeFiles/LLVMSymbolize.dir/DIPrinter.cpp.o
[1732/3173] Building CXX object lib/DebugInfo/Symbolize/CMakeFiles/LLVMSymbolize.dir/MarkupFilter.cpp.o
[1733/3173] Building CXX object lib/DebugInfo/Symbolize/CMakeFiles/LLVMSymbolize.dir/SymbolizableObjectFile.cpp.o
[1734/3173] Building CXX object lib/Target/CMakeFiles/LLVMTarget.dir/Target.cpp.o
[1735/3173] Building CXX object lib/DebugInfo/Symbolize/CMakeFiles/LLVMSymbolize.dir/Symbolize.cpp.o
[1736/3173] Building CXX object lib/Target/CMakeFiles/LLVMTarget.dir/TargetLoweringObjectFile.cpp.o
[1737/3173] Building CXX object lib/Target/CMakeFiles/LLVMTarget.dir/TargetMachineC.cpp.o
[1738/3173] Building CXX object lib/Target/CMakeFiles/LLVMTarget.dir/TargetMachine.cpp.o
[1739/3173] Building CXX object lib/CodeGen/GlobalISel/CMakeFiles/LLVMGlobalISel.dir/LoadStoreOpt.cpp.o
[1740/3173] Building CXX object lib/CodeGen/GlobalISel/CMakeFiles/LLVMGlobalISel.dir/RegBankSelect.cpp.o
[1741/3173] Building CXX object lib/CodeGen/GlobalISel/CMakeFiles/LLVMGlobalISel.dir/MachineIRBuilder.cpp.o
[1742/3173] Building X86GenSubtargetInfo.inc...
[1743/3173] Building AArch64GenExegesis.inc...
[1744/3173] Building AArch64GenCallingConv.inc...
[1745/3173] Building AArch64GenDisassemblerTables.inc...
[1746/3173] Building AArch64GenAsmWriter1.inc...
[1747/3173] Building CXX object lib/CodeGen/GlobalISel/CMakeFiles/LLVMGlobalISel.dir/Legalizer.cpp.o
[1748/3173] Building AArch64GenMCCodeEmitter.inc...
[1749/3173] Building AArch64GenAsmWriter.inc...
[1750/3173] Building AArch64GenMCPseudoLowering.inc...
[1751/3173] Building AArch64GenPostLegalizeGICombiner.inc...
[1752/3173] Building AArch64GenO0PreLegalizeGICombiner.inc...
[1753/3173] Building CXX object lib/SandboxIR/CMakeFiles/LLVMSandboxIR.dir/Argument.cpp.o
[1754/3173] Building CXX object lib/CodeGen/GlobalISel/CMakeFiles/LLVMGlobalISel.dir/Utils.cpp.o
[1755/3173] Building CXX object lib/SandboxIR/CMakeFiles/LLVMSandboxIR.dir/Constant.cpp.o
[1756/3173] Building CXX object lib/SandboxIR/CMakeFiles/LLVMSandboxIR.dir/BasicBlock.cpp.o
[1757/3173] Building CXX object lib/SandboxIR/CMakeFiles/LLVMSandboxIR.dir/Context.cpp.o
[1758/3173] Building CXX object lib/SandboxIR/CMakeFiles/LLVMSandboxIR.dir/Function.cpp.o
[1759/3173] Building CXX object lib/SandboxIR/CMakeFiles/LLVMSandboxIR.dir/Instruction.cpp.o
[1760/3173] Building CXX object lib/SandboxIR/CMakeFiles/LLVMSandboxIR.dir/Module.cpp.o
[1761/3173] Building AArch64GenPreLegalizeGICombiner.inc...
[1762/3173] Building CXX object lib/SandboxIR/CMakeFiles/LLVMSandboxIR.dir/PassManager.cpp.o
[1763/3173] Building CXX object lib/SandboxIR/CMakeFiles/LLVMSandboxIR.dir/Region.cpp.o
[1764/3173] Building CXX object lib/SandboxIR/CMakeFiles/LLVMSandboxIR.dir/Pass.cpp.o
[1765/3173] Building AArch64GenPostLegalizeGILowering.inc...
[1766/3173] Building CXX object lib/SandboxIR/CMakeFiles/LLVMSandboxIR.dir/Tracker.cpp.o
[1767/3173] Building CXX object lib/SandboxIR/CMakeFiles/LLVMSandboxIR.dir/Type.cpp.o
[1768/3173] Building CXX object lib/SandboxIR/CMakeFiles/LLVMSandboxIR.dir/User.cpp.o
[1769/3173] Building CXX object lib/SandboxIR/CMakeFiles/LLVMSandboxIR.dir/Use.cpp.o
[1770/3173] Building CXX object lib/SandboxIR/CMakeFiles/LLVMSandboxIR.dir/Value.cpp.o
[1771/3173] Building CXX object lib/AsmParser/CMakeFiles/LLVMAsmParser.dir/LLParser.cpp.o
[1772/3173] Building CXX object lib/AsmParser/CMakeFiles/LLVMAsmParser.dir/LLLexer.cpp.o
[1773/3173] Building CXX object lib/AsmParser/CMakeFiles/LLVMAsmParser.dir/Parser.cpp.o
[1774/3173] Building CXX object lib/ProfileData/CMakeFiles/LLVMProfileData.dir/DataAccessProf.cpp.o
[1775/3173] Building CXX object lib/ProfileData/CMakeFiles/LLVMProfileData.dir/GCOV.cpp.o
[1776/3173] Building CXX object lib/ProfileData/CMakeFiles/LLVMProfileData.dir/IndexedMemProfData.cpp.o
[1777/3173] Building CXX object lib/ProfileData/CMakeFiles/LLVMProfileData.dir/InstrProfCorrelator.cpp.o
[1778/3173] Building CXX object lib/ProfileData/CMakeFiles/LLVMProfileData.dir/InstrProf.cpp.o
[1779/3173] Building CXX object lib/ProfileData/CMakeFiles/LLVMProfileData.dir/InstrProfReader.cpp.o
[1780/3173] Building CXX object lib/ProfileData/CMakeFiles/LLVMProfileData.dir/InstrProfWriter.cpp.o
[1781/3173] Building CXX object lib/ProfileData/CMakeFiles/LLVMProfileData.dir/MemProf.cpp.o
[1782/3173] Building CXX object lib/ProfileData/CMakeFiles/LLVMProfileData.dir/ItaniumManglingCanonicalizer.cpp.o
[1783/3173] Building CXX object lib/ProfileData/CMakeFiles/LLVMProfileData.dir/MemProfReader.cpp.o
[1784/3173] Building CXX object lib/ProfileData/CMakeFiles/LLVMProfileData.dir/MemProfCommon.cpp.o
[1785/3173] Building CXX object lib/ProfileData/CMakeFiles/LLVMProfileData.dir/MemProfRadixTree.cpp.o
[1786/3173] Building CXX object lib/ProfileData/CMakeFiles/LLVMProfileData.dir/MemProfSummary.cpp.o
[1787/3173] Building CXX object lib/ProfileData/CMakeFiles/LLVMProfileData.dir/MemProfSummaryBuilder.cpp.o
[1788/3173] Building CXX object lib/ProfileData/CMakeFiles/LLVMProfileData.dir/PGOCtxProfWriter.cpp.o
[1789/3173] Building CXX object lib/ProfileData/CMakeFiles/LLVMProfileData.dir/PGOCtxProfReader.cpp.o
[1790/3173] Building CXX object lib/ProfileData/CMakeFiles/LLVMProfileData.dir/SampleProf.cpp.o
[1791/3173] Building CXX object lib/ProfileData/CMakeFiles/LLVMProfileData.dir/ProfileSummaryBuilder.cpp.o
[1792/3173] Building CXX object lib/ProfileData/CMakeFiles/LLVMProfileData.dir/SampleProfReader.cpp.o
[1793/3173] Building CXX object lib/ProfileData/CMakeFiles/LLVMProfileData.dir/SampleProfWriter.cpp.o
[1794/3173] Building CXX object lib/ProfileData/CMakeFiles/LLVMProfileData.dir/SymbolRemappingReader.cpp.o
[1795/3173] Building CXX object lib/ProfileData/Coverage/CMakeFiles/LLVMCoverage.dir/CoverageMapping.cpp.o
[1796/3173] Building CXX object lib/ProfileData/Coverage/CMakeFiles/LLVMCoverage.dir/CoverageMappingWriter.cpp.o
[1797/3173] Building CXX object lib/CodeGen/SelectionDAG/CMakeFiles/LLVMSelectionDAG.dir/SelectionDAGISel.cpp.o
FAILED: lib/CodeGen/SelectionDAG/CMakeFiles/LLVMSelectionDAG.dir/SelectionDAGISel.cpp.o 
CCACHE_CPP2=yes CCACHE_HASHDIR=yes CCACHE_SLOPPINESS=pch_defines,time_macros /usr/bin/ccache /usr/bin/c++ -DGTEST_HAS_RTTI=0 -D_GNU_SOURCE -D__STDC_CONSTANT_MACROS -D__STDC_FORMAT_MACROS -D__STDC_LIMIT_MACROS -I/tmp/llvm-project-build-stage1/lib/CodeGen/SelectionDAG -I/var/llvm-compile-time-tracker/llvm-project/llvm/lib/CodeGen/SelectionDAG -I/tmp/llvm-project-build-stage1/include -I/var/llvm-compile-time-tracker/llvm-project/llvm/include -fPIC -fno-semantic-interposition -fvisibility-inlines-hidden -Werror=date-time -Wall -Wextra -Wno-unused-parameter -Wwrite-strings -Wcast-qual -Wno-missing-field-initializers -pedantic -Wno-long-long -Wimplicit-fallthrough -Wno-uninitialized -Wno-nonnull -Wno-class-memaccess -Wno-redundant-move -Wno-pessimizing-move -Wno-noexcept-type -Wdelete-non-virtual-dtor -Wsuggest-override -Wno-comment -Wno-misleading-indentation -Wctad-maybe-unsupported -fdiagnostics-color -ffunction-sections -fdata-sections -O3 -DNDEBUG  -fno-exceptions -funwind-tables -fno-rtti -std=c++17 -MD -MT lib/CodeGen/SelectionDAG/CMakeFiles/LLVMSelectionDAG.dir/SelectionDAGISel.cpp.o -MF lib/CodeGen/SelectionDAG/CMakeFiles/LLVMSelectionDAG.dir/SelectionDAGISel.cpp.o.d -o lib/CodeGen/SelectionDAG/CMakeFiles/LLVMSelectionDAG.dir/SelectionDAGISel.cpp.o -c /var/llvm-compile-time-tracker/llvm-project/llvm/lib/CodeGen/SelectionDAG/SelectionDAGISel.cpp
/var/llvm-compile-time-tracker/llvm-project/llvm/lib/CodeGen/SelectionDAG/SelectionDAGISel.cpp: In member function ‘void llvm::SelectionDAGISel::initializeAnalysisResults(llvm::MachineFunctionAnalysisManager&)’:
/var/llvm-compile-time-tracker/llvm-project/llvm/lib/CodeGen/SelectionDAG/SelectionDAGISel.cpp:485:7: error: expected unqualified-id before ‘=’ token
  485 |   TTI = &FAM.getResult<TargetIRAnalysis>(Fn);
      |       ^
/var/llvm-compile-time-tracker/llvm-project/llvm/lib/CodeGen/SelectionDAG/SelectionDAGISel.cpp:488:19: error: expected primary-expression before ‘->’ token
  488 |                TTI->hasBranchDivergence(&Fn));
      |                   ^~
/var/llvm-compile-time-tracker/llvm-project/llvm/lib/CodeGen/SelectionDAG/SelectionDAGISel.cpp: In member function ‘void llvm::SelectionDAGISel::initializeAnalysisResults(llvm::MachineFunctionPass&)’:
/var/llvm-compile-time-tracker/llvm-project/llvm/lib/CodeGen/SelectionDAG/SelectionDAGISel.cpp:541:7: error: expected unqualified-id before ‘=’ token
  541 |   TTI = &MFP.getAnalysis<TargetTransformInfoWrapperPass>().getTTI(Fn);
      |       ^
/var/llvm-compile-time-tracker/llvm-project/llvm/lib/CodeGen/SelectionDAG/SelectionDAGISel.cpp:544:19: error: expected primary-expression before ‘->’ token
  544 |                TTI->hasBranchDivergence(&Fn));
      |                   ^~
[1798/3173] Building CXX object lib/Passes/CMakeFiles/LLVMPasses.dir/OptimizationLevel.cpp.o
[1799/3173] Building CXX object lib/ProfileData/Coverage/CMakeFiles/LLVMCoverage.dir/CoverageMappingReader.cpp.o
[1800/3173] Building AArch64GenFastISel.inc...
[1801/3173] Building AArch64GenSDNodeInfo.inc...
[1802/3173] Building AArch64GenRegisterBank.inc...
[1803/3173] Building CXX object lib/LTO/CMakeFiles/LLVMLTO.dir/UpdateCompilerUsed.cpp.o
[1804/3173] Building AArch64GenSystemOperands.inc...
[1805/3173] Building AArch64GenRegisterInfo.inc...
[1806/3173] Building AArch64GenGlobalISel.inc...
[1807/3173] Building X86GenInstrInfo.inc...
[1808/3173] Building CXX object lib/MC/MCParser/CMakeFiles/LLVMMCParser.dir/AsmParser.cpp.o
[1809/3173] Building CXX object lib/CodeGen/GlobalISel/CMakeFiles/LLVMGlobalISel.dir/IRTranslator.cpp.o
[1810/3173] Building CXX object lib/CodeGen/GlobalISel/CMakeFiles/LLVMGlobalISel.dir/LegalizerHelper.cpp.o
[1811/3173] Building AArch64GenInstrInfo.inc...
[1812/3173] Building CXX object lib/Passes/CMakeFiles/LLVMPasses.dir/CodeGenPassBuilder.cpp.o
[1813/3173] Building AArch64GenSubtargetInfo.inc...
[1814/3173] Building CXX object lib/Passes/CMakeFiles/LLVMPasses.dir/PassBuilder.cpp.o
ninja: build stopped: subcommand failed.


STDERR:
CMake Deprecation Warning at /var/llvm-compile-time-tracker/llvm-project/clang/CMakeLists.txt:450 (message):
  'CLANG_ENABLE_ARCMT' is deprecated as ARCMigrate has been removed from
  Clang.  Please use 'CLANG_ENABLE_OBJC_REWRITER' instead to enable or
  disable the Objective-C rewriter.


Command exited with non-zero status 1
192.51user 13.32system 0:33.22elapsed 619%CPU (0avgtext+0avgdata 2380412maxresident)k
0inputs+1019688outputs (2667major+7494942minor)pagefaults 0swaps
