MESSAGE: Execution of "sudo -u lctt-runner ./build_llvm_project_stage2.sh" failed

STDOUT:
-- Looking for strerror_s - not found
-- Looking for setenv
-- Looking for setenv - found
-- Performing Test HAVE_STRUCT_STAT_ST_MTIMESPEC_TV_NSEC
-- Performing Test HAVE_STRUCT_STAT_ST_MTIMESPEC_TV_NSEC - Failed
-- Performing Test HAVE_STRUCT_STAT_ST_MTIM_TV_NSEC
-- Performing Test HAVE_STRUCT_STAT_ST_MTIM_TV_NSEC - Success
-- Looking for pthread_getname_np
-- Looking for pthread_getname_np - found
-- Looking for pthread_setname_np
-- Looking for pthread_setname_np - found
-- Looking for pthread_get_name_np
-- Looking for pthread_get_name_np - not found
-- Looking for pthread_set_name_np
-- Looking for pthread_set_name_np - not found
-- Looking for dlopen
-- Looking for dlopen - found
-- Looking for proc_pid_rusage
-- Looking for proc_pid_rusage - not found
-- Performing Test HAVE_CXX_ATOMICS_WITHOUT_LIB
-- Performing Test HAVE_CXX_ATOMICS_WITHOUT_LIB - Success
-- Performing Test HAVE_CXX_ATOMICS64_WITHOUT_LIB
-- Performing Test HAVE_CXX_ATOMICS64_WITHOUT_LIB - Success
-- Performing Test LLVM_HAS_ATOMICS
-- Performing Test LLVM_HAS_ATOMICS - Success
-- LLVM host triple: x86_64-unknown-linux-gnu
-- Native target architecture is X86
-- Threads enabled.
-- Doxygen disabled.
-- Ninja version: 1.10.1
-- Could NOT find OCaml (missing: OCAMLFIND OCAML_VERSION OCAML_STDLIB_PATH) 
-- Could NOT find OCaml (missing: OCAMLFIND OCAML_VERSION OCAML_STDLIB_PATH) 
-- OCaml bindings disabled.
-- Could NOT find Python module pygments
-- Could NOT find Python module pygments.lexers.c_cpp
-- Found Python module yaml
-- LLVM default target triple: x86_64-unknown-linux-gnu
-- ThinLTO provides its own parallel linking - limiting parallel link jobs to 2.
-- Performing Test CXX_SUPPORTS_CUSTOM_LINKER
-- Performing Test CXX_SUPPORTS_CUSTOM_LINKER - Success
-- Performing Test C_SUPPORTS_FPIC
-- Performing Test C_SUPPORTS_FPIC - Success
-- Performing Test CXX_SUPPORTS_FPIC
-- Performing Test CXX_SUPPORTS_FPIC - Success
-- Building with -fPIC
-- Performing Test C_SUPPORTS_FNO_SEMANTIC_INTERPOSITION
-- Performing Test C_SUPPORTS_FNO_SEMANTIC_INTERPOSITION - Success
-- Performing Test CXX_SUPPORTS_FNO_SEMANTIC_INTERPOSITION
-- Performing Test CXX_SUPPORTS_FNO_SEMANTIC_INTERPOSITION - Success
-- Performing Test SUPPORTS_FVISIBILITY_INLINES_HIDDEN_FLAG
-- Performing Test SUPPORTS_FVISIBILITY_INLINES_HIDDEN_FLAG - Success
-- Performing Test C_SUPPORTS_CXX98_COMPAT_EXTRA_SEMI_FLAG
-- Performing Test C_SUPPORTS_CXX98_COMPAT_EXTRA_SEMI_FLAG - Success
-- Performing Test CXX_SUPPORTS_CXX98_COMPAT_EXTRA_SEMI_FLAG
-- Performing Test CXX_SUPPORTS_CXX98_COMPAT_EXTRA_SEMI_FLAG - Success
-- Performing Test CXX_SUPPORTS_SUGGEST_OVERRIDE_FLAG
-- Performing Test CXX_SUPPORTS_SUGGEST_OVERRIDE_FLAG - Success
-- Performing Test CXX_WSUGGEST_OVERRIDE_ALLOWS_ONLY_FINAL
-- Performing Test CXX_WSUGGEST_OVERRIDE_ALLOWS_ONLY_FINAL - Success
-- Performing Test C_WCOMMENT_ALLOWS_LINE_WRAP
-- Performing Test C_WCOMMENT_ALLOWS_LINE_WRAP - Success
-- Performing Test C_SUPPORTS_MISLEADING_INDENTATION_FLAG
-- Performing Test C_SUPPORTS_MISLEADING_INDENTATION_FLAG - Success
-- Performing Test CXX_SUPPORTS_MISLEADING_INDENTATION_FLAG
-- Performing Test CXX_SUPPORTS_MISLEADING_INDENTATION_FLAG - Success
-- Performing Test C_SUPPORTS_CTAD_MAYBE_UNSPPORTED_FLAG
-- Performing Test C_SUPPORTS_CTAD_MAYBE_UNSPPORTED_FLAG - Success
-- Performing Test CXX_SUPPORTS_CTAD_MAYBE_UNSPPORTED_FLAG
-- Performing Test CXX_SUPPORTS_CTAD_MAYBE_UNSPPORTED_FLAG - Success
-- Performing Test LINKER_SUPPORTS_COLOR_DIAGNOSTICS
-- Performing Test LINKER_SUPPORTS_COLOR_DIAGNOSTICS - Success
-- Looking for os_signpost_interval_begin
-- Looking for os_signpost_interval_begin - not found
-- Linker detection: LLD
-- Performing Test LLVM_LINKER_SUPPORTS_B_SYMBOLIC_FUNCTIONS
-- Performing Test LLVM_LINKER_SUPPORTS_B_SYMBOLIC_FUNCTIONS - Success
-- Performing Test HAS_WERROR_GLOBAL_CTORS
-- Performing Test HAS_WERROR_GLOBAL_CTORS - Success
-- Performing Test LLVM_HAS_NOGLOBAL_CTOR_MUTEX
-- Performing Test LLVM_HAS_NOGLOBAL_CTOR_MUTEX - Success
-- Looking for __x86_64__
-- Looking for __x86_64__ - found
-- Found Git: /usr/bin/git (found version "2.34.1") 
-- Looking for logf128
-- Looking for logf128 - not found
-- Targeting X86
-- Looking for sys/resource.h
-- Looking for sys/resource.h - found
-- Looking for dlfcn.h
-- Looking for dlfcn.h - found
-- Looking for dladdr
-- Looking for dladdr - found
-- Clang version: 21.0.0git
-- Looking for include file sys/inotify.h
-- Looking for include file sys/inotify.h - found
-- Performing Test HAVE_LINKER_FLAG_LONG_PLT
-- Performing Test HAVE_LINKER_FLAG_LONG_PLT - Success
-- Not building llvm-mt because libxml2 is not available
-- Registering ExampleIRTransforms as a pass plugin (static build: OFF)
-- Registering Bye as a pass plugin (static build: OFF)
-- Configuring done
-- Generating done
-- Build files have been written to: /tmp/llvm-project-build-stage2
ninja: Entering directory `/tmp/llvm-project-build-stage2'
[1/2893] Building CXX object lib/Support/CMakeFiles/LLVMSupport.dir/ABIBreak.cpp.o
[2/2893] Building CXX object lib/Demangle/CMakeFiles/LLVMDemangle.dir/Demangle.cpp.o
[3/2893] Building CXX object lib/Demangle/CMakeFiles/LLVMDemangle.dir/DLangDemangle.cpp.o
[4/2893] Building CXX object lib/Demangle/CMakeFiles/LLVMDemangle.dir/MicrosoftDemangleNodes.cpp.o
[5/2893] Building CXX object lib/Support/CMakeFiles/LLVMSupport.dir/AutoConvert.cpp.o
[6/2893] Building CXX object lib/Support/CMakeFiles/LLVMSupport.dir/AArch64BuildAttributes.cpp.o
[7/2893] Building CXX object lib/Support/CMakeFiles/LLVMSupport.dir/ARMBuildAttributes.cpp.o
[8/2893] Building CXX object lib/Support/CMakeFiles/LLVMSupport.dir/KnownFPClass.cpp.o
[9/2893] Building CXX object lib/Demangle/CMakeFiles/LLVMDemangle.dir/RustDemangle.cpp.o
[10/2893] Building CXX object lib/Support/CMakeFiles/LLVMSupport.dir/APSInt.cpp.o
[11/2893] Building CXX object lib/Support/CMakeFiles/LLVMSupport.dir/AArch64AttributeParser.cpp.o
[12/2893] Building CXX object lib/Support/CMakeFiles/LLVMSupport.dir/ARMWinEH.cpp.o
[13/2893] Building CXX object lib/Demangle/CMakeFiles/LLVMDemangle.dir/MicrosoftDemangle.cpp.o
[14/2893] Building CXX object lib/Support/CMakeFiles/LLVMSupport.dir/Allocator.cpp.o
[15/2893] Building CXX object lib/Support/CMakeFiles/LLVMSupport.dir/APFixedPoint.cpp.o
[16/2893] Building CXX object lib/Support/CMakeFiles/LLVMSupport.dir/BuryPointer.cpp.o
[17/2893] Building CXX object lib/Support/CMakeFiles/LLVMSupport.dir/Base64.cpp.o
[18/2893] Building CXX object lib/Support/CMakeFiles/LLVMSupport.dir/BinaryStreamError.cpp.o
[19/2893] Building CXX object lib/Support/CMakeFiles/LLVMSupport.dir/COM.cpp.o
[20/2893] Building CXX object lib/Support/CMakeFiles/LLVMSupport.dir/APFloat.cpp.o
FAILED: lib/Support/CMakeFiles/LLVMSupport.dir/APFloat.cpp.o 
/var/llvm-compile-time-tracker/timeit_launcher.sh /tmp/llvm-project-build-stage1/bin/clang++ -DGTEST_HAS_RTTI=0 -D_GNU_SOURCE -D__STDC_CONSTANT_MACROS -D__STDC_FORMAT_MACROS -D__STDC_LIMIT_MACROS -I/tmp/llvm-project-build-stage2/lib/Support -I/var/llvm-compile-time-tracker/llvm-project/llvm/lib/Support -I/tmp/llvm-project-build-stage2/include -I/var/llvm-compile-time-tracker/llvm-project/llvm/include -fPIC -fno-semantic-interposition -fvisibility-inlines-hidden -Werror=date-time -Werror=unguarded-availability-new -Wall -Wextra -Wno-unused-parameter -Wwrite-strings -Wcast-qual -Wmissing-field-initializers -pedantic -Wno-long-long -Wc++98-compat-extra-semi -Wimplicit-fallthrough -Wcovered-switch-default -Wno-noexcept-type -Wnon-virtual-dtor -Wdelete-non-virtual-dtor -Wsuggest-override -Wstring-conversion -Wmisleading-indentation -Wctad-maybe-unsupported -fdiagnostics-color -ffunction-sections -fdata-sections -flto=thin -Werror=global-constructors -O3 -DNDEBUG -std=c++17  -fno-exceptions -funwind-tables -fno-rtti -MD -MT lib/Support/CMakeFiles/LLVMSupport.dir/APFloat.cpp.o -MF lib/Support/CMakeFiles/LLVMSupport.dir/APFloat.cpp.o.d -o lib/Support/CMakeFiles/LLVMSupport.dir/APFloat.cpp.o -c /var/llvm-compile-time-tracker/llvm-project/llvm/lib/Support/APFloat.cpp
PLEASE submit a bug report to https://github.com/llvm/llvm-project/issues/ and include the crash backtrace, preprocessed source, and associated run script.
Stack dump:
0.	Program arguments: /tmp/llvm-project-build-stage1/bin/clang++ -DGTEST_HAS_RTTI=0 -D_GNU_SOURCE -D__STDC_CONSTANT_MACROS -D__STDC_FORMAT_MACROS -D__STDC_LIMIT_MACROS -I/tmp/llvm-project-build-stage2/lib/Support -I/var/llvm-compile-time-tracker/llvm-project/llvm/lib/Support -I/tmp/llvm-project-build-stage2/include -I/var/llvm-compile-time-tracker/llvm-project/llvm/include -fPIC -fno-semantic-interposition -fvisibility-inlines-hidden -Werror=date-time -Werror=unguarded-availability-new -Wall -Wextra -Wno-unused-parameter -Wwrite-strings -Wcast-qual -Wmissing-field-initializers -pedantic -Wno-long-long -Wc++98-compat-extra-semi -Wimplicit-fallthrough -Wcovered-switch-default -Wno-noexcept-type -Wnon-virtual-dtor -Wdelete-non-virtual-dtor -Wsuggest-override -Wstring-conversion -Wmisleading-indentation -Wctad-maybe-unsupported -fdiagnostics-color -ffunction-sections -fdata-sections -flto=thin -Werror=global-constructors -O3 -DNDEBUG -std=c++17 -fno-exceptions -funwind-tables -fno-rtti -MD -MT lib/Support/CMakeFiles/LLVMSupport.dir/APFloat.cpp.o -MF lib/Support/CMakeFiles/LLVMSupport.dir/APFloat.cpp.o.d -o lib/Support/CMakeFiles/LLVMSupport.dir/APFloat.cpp.o -c /var/llvm-compile-time-tracker/llvm-project/llvm/lib/Support/APFloat.cpp
1.	<eof> parser at end of file
2.	Optimizer
3.	Running pass "function<eager-inv>(ee-instrument<>,lower-expect,simplifycfg<bonus-inst-threshold=1;no-forward-switch-cond;no-switch-range-to-icmp;no-switch-to-lookup;keep-loops;no-hoist-common-insts;no-hoist-loads-stores-with-cond-faulting;no-sink-common-insts;speculate-blocks;simplify-cond-branch;no-speculate-unpredictables>,sroa<modify-cfg>,sroa<modify-cfg>,sroa<modify-cfg>,sroa<modify-cfg>,sroa<modify-cfg>,sroa<modify-cfg>,sroa<modify-cfg>,sroa<modify-cfg>,sroa<modify-cfg>,sroa<modify-cfg>,sroa<modify-cfg>,sroa<modify-cfg>,sroa<modify-cfg>,sroa<modify-cfg>,sroa<modify-cfg>,sroa<modify-cfg>,sroa<modify-cfg>,sroa<modify-cfg>,sroa<modify-cfg>,sroa<modify-cfg>,sroa<modify-cfg>,sroa<modify-cfg>,sroa<modify-cfg>,sroa<modify-cfg>,sroa<modify-cfg>,sroa<modify-cfg>,sroa<modify-cfg>,sroa<modify-cfg>,sroa<modify-cfg>,sroa<modify-cfg>,sroa<modify-cfg>,sroa<modify-cfg>,sroa<modify-cfg>,sroa<modify-cfg>,sroa<modify-cfg>,sroa<modify-cfg>,sroa<modify-cfg>,sroa<modify-cfg>,sroa<modify-cfg>,sroa<modify-cfg>,sroa<modify-cfg>,sroa<modify-cfg>,sroa<modify-cfg>,sroa<modify-cfg>,sroa<modify-cfg>,sroa<modify-cfg>,sroa<modify-cfg>,sroa<modify-cfg>,sroa<modify-cfg>,sroa<modify-cfg>,sroa<modify-cfg>,sroa<modify-cfg>,sroa<modify-cfg>,sroa<modify-cfg>,sroa<modify-cfg>,sroa<modify-cfg>,sroa<modify-cfg>,sroa<modify-cfg>,sroa<modify-cfg>,sroa<modify-cfg>,sroa<modify-cfg>,sroa<modify-cfg>,sroa<modify-cfg>,sroa<modify-cfg>,sroa<modify-cfg>,sroa<modify-cfg>,sroa<modify-cfg>,sroa<modify-cfg>,sroa<modify-cfg>,sroa<modify-cfg>,sroa<modify-cfg>,sroa<modify-cfg>,sroa<modify-cfg>,sroa<modify-cfg>,sroa<modify-cfg>,sroa<modify-cfg>,sroa<modify-cfg>,sroa<modify-cfg>,sroa<modify-cfg>,sroa<modify-cfg>,sroa<modify-cfg>,sroa<modify-cfg>,sroa<modify-cfg>,sroa<modify-cfg>,sroa<modify-cfg>,sroa<modify-cfg>,sroa<modify-cfg>,sroa<modify-cfg>,sroa<modify-cfg>,sroa<modify-cfg>,sroa<modify-cfg>,sroa<modify-cfg>,sroa<modify-cfg>,sroa<modify-cfg>,sroa<modify-cfg>,sroa<modify-cfg>,sroa<modify-cfg>,sroa<modify-cfg>,sroa<modify-cfg>,sroa<modify-cfg>,early-cse<>,callsite-splitting)" on module "/var/llvm-compile-time-tracker/llvm-project/llvm/lib/Support/APFloat.cpp"
4.	Running pass "sroa<modify-cfg>" on function "_ZN4llvm6detail9IEEEFloat28convertFromHexadecimalStringENS_9StringRefENS_12RoundingModeE"
Stack dump without symbol names (ensure you have llvm-symbolizer in your PATH or set the environment var `LLVM_SYMBOLIZER_PATH` to point to it):
0  clang++   0x0000562c14a54f40 llvm::sys::PrintStackTrace(llvm::raw_ostream&, int) + 240
1  clang++   0x0000562c14a52e34 llvm::sys::CleanupOnSignal(unsigned long) + 164
2  clang++   0x0000562c149a48b8
3  libc.so.6 0x00007fbc80439520
4  clang++   0x0000562c14bb566a
5  clang++   0x0000562c14bb6420 llvm::PromoteMemToReg(llvm::ArrayRef<llvm::AllocaInst*>, llvm::DominatorTree&, llvm::AssumptionCache*) + 704
6  clang++   0x0000562c14915181
7  clang++   0x0000562c14915c9c llvm::SROAPass::run(llvm::Function&, llvm::AnalysisManager<llvm::Function>&) + 780
8  clang++   0x0000562c15a42656
9  clang++   0x0000562c14518848 llvm::PassManager<llvm::Function, llvm::AnalysisManager<llvm::Function>>::run(llvm::Function&, llvm::AnalysisManager<llvm::Function>&) + 1144
10 clang++   0x0000562c13320446
11 clang++   0x0000562c1451b257 llvm::ModuleToFunctionPassAdaptor::run(llvm::Module&, llvm::AnalysisManager<llvm::Module>&) + 1271
12 clang++   0x0000562c13320e06
13 clang++   0x0000562c145133a8 llvm::PassManager<llvm::Module, llvm::AnalysisManager<llvm::Module>>::run(llvm::Module&, llvm::AnalysisManager<llvm::Module>&) + 1224
14 clang++   0x0000562c14ce35ae
15 clang++   0x0000562c14ce772d clang::emitBackendOutput(clang::CompilerInstance&, clang::CodeGenOptions&, llvm::StringRef, llvm::Module*, clang::BackendAction, llvm::IntrusiveRefCntPtr<llvm::vfs::FileSystem>, std::unique_ptr<llvm::raw_pwrite_stream, std::default_delete<llvm::raw_pwrite_stream>>, clang::BackendConsumer*) + 2253
16 clang++   0x0000562c1535ef53 clang::BackendConsumer::HandleTranslationUnit(clang::ASTContext&) + 1555
17 clang++   0x0000562c167ba20c clang::ParseAST(clang::Sema&, bool, bool) + 1164
18 clang++   0x0000562c156a140e clang::FrontendAction::Execute() + 46
19 clang++   0x0000562c15610ccb clang::CompilerInstance::ExecuteAction(clang::FrontendAction&) + 555
20 clang++   0x0000562c1577c54c clang::ExecuteCompilerInvocation(clang::CompilerInstance*) + 364
21 clang++   0x0000562c132a0edc cc1_main(llvm::ArrayRef<char const*>, char const*, void*) + 7884
22 clang++   0x0000562c13298352
23 clang++   0x0000562c153d400d
24 clang++   0x0000562c149a4ce7 llvm::CrashRecoveryContext::RunSafely(llvm::function_ref<void ()>) + 39
25 clang++   0x0000562c153d43a7
26 clang++   0x0000562c153964f1 clang::driver::Compilation::ExecuteCommand(clang::driver::Command const&, clang::driver::Command const*&, bool) const + 177
27 clang++   0x0000562c15397569 clang::driver::Compilation::ExecuteJobs(clang::driver::JobList const&, llvm::SmallVectorImpl<std::pair<int, clang::driver::Command const*>>&, bool) const + 153
28 clang++   0x0000562c153ab81f clang::driver::Driver::ExecuteCompilation(clang::driver::Compilation&, llvm::SmallVectorImpl<std::pair<int, clang::driver::Command const*>>&) + 543
29 clang++   0x0000562c1329ce85 clang_main(int, char**, llvm::ToolContext const&) + 7493
30 clang++   0x0000562c131720eb main + 107
31 libc.so.6 0x00007fbc80420d90
32 libc.so.6 0x00007fbc80420e40 __libc_start_main + 128
33 clang++   0x0000562c13297db5 _start + 37
clang++: error: clang frontend command failed with exit code 139 (use -v to see invocation)
clang version 21.0.0git
Target: x86_64-unknown-linux-gnu
Thread model: posix
InstalledDir: /tmp/llvm-project-build-stage1/bin
clang++: note: diagnostic msg: 
********************

PLEASE ATTACH THE FOLLOWING FILES TO THE BUG REPORT:
Preprocessed source(s) and associated run script(s) are located at:
clang++: note: diagnostic msg: /tmp/APFloat-ae3807.cpp
clang++: note: diagnostic msg: /tmp/APFloat-ae3807.sh
clang++: note: diagnostic msg: 

********************
[21/2893] Building CXX object lib/Support/CMakeFiles/LLVMSupport.dir/BlockFrequency.cpp.o
[22/2893] Building CXX object lib/Support/CMakeFiles/LLVMSupport.dir/AMDGPUMetadata.cpp.o
[23/2893] Building CXX object lib/Support/CMakeFiles/LLVMSupport.dir/BranchProbability.cpp.o
[24/2893] Building CXX object lib/Support/CMakeFiles/LLVMSupport.dir/BinaryStreamReader.cpp.o
[25/2893] Building CXX object lib/Support/CMakeFiles/LLVMSupport.dir/BinaryStreamRef.cpp.o
[26/2893] Building CXX object lib/Support/CMakeFiles/LLVMSupport.dir/circular_raw_ostream.cpp.o
[27/2893] Building CXX object lib/Support/CMakeFiles/LLVMSupport.dir/ARMAttributeParser.cpp.o
[28/2893] Building CXX object lib/Support/CMakeFiles/LLVMSupport.dir/BinaryStreamWriter.cpp.o
[29/2893] Building CXX object lib/Demangle/CMakeFiles/LLVMDemangle.dir/ItaniumDemangle.cpp.o
[30/2893] Building CXX object lib/Support/CMakeFiles/LLVMSupport.dir/APInt.cpp.o
[31/2893] Building CXX object lib/Support/CMakeFiles/LLVMSupport.dir/Chrono.cpp.o
[32/2893] Building CXX object lib/Support/CMakeFiles/LLVMSupport.dir/CachePruning.cpp.o
[33/2893] Building CXX object lib/Support/CMakeFiles/LLVMSupport.dir/Caching.cpp.o
[34/2893] Building CXX object lib/Support/CMakeFiles/LLVMSupport.dir/BalancedPartitioning.cpp.o
[35/2893] Building CXX object lib/Support/CMakeFiles/LLVMSupport.dir/CodeGenCoverage.cpp.o
ninja: build stopped: subcommand failed.


STDERR:
CMake Deprecation Warning at /var/llvm-compile-time-tracker/llvm-project/clang/CMakeLists.txt:447 (message):
  'CLANG_ENABLE_ARCMT' is deprecated as ARCMigrate has been removed from
  Clang.  Please use 'CLANG_ENABLE_OBJC_REWRITER' instead to enable or
  disable the Objective-C rewriter.


