MESSAGE: Execution of "sudo -u lctt-runner ./build_llvm_project_stage2.sh" failed

STDOUT:
-- Not building llvm-mt because libxml2 is not available
-- Registering ExampleIRTransforms as a pass plugin (static build: OFF)
-- Registering Bye as a pass plugin (static build: OFF)
-- Configuring done
-- Generating done
-- Build files have been written to: /tmp/llvm-project-build-stage2
ninja: Entering directory `/tmp/llvm-project-build-stage2'
[1/2967] Building CXX object lib/Support/CMakeFiles/LLVMSupport.dir/ABIBreak.cpp.o
[2/2967] Building CXX object lib/Demangle/CMakeFiles/LLVMDemangle.dir/Demangle.cpp.o
[3/2967] Building CXX object lib/Demangle/CMakeFiles/LLVMDemangle.dir/DLangDemangle.cpp.o
[4/2967] Building CXX object lib/Demangle/CMakeFiles/LLVMDemangle.dir/MicrosoftDemangleNodes.cpp.o
[5/2967] Building CXX object lib/Support/CMakeFiles/LLVMSupport.dir/AArch64BuildAttributes.cpp.o
[6/2967] Building CXX object lib/Support/CMakeFiles/LLVMSupport.dir/ARMBuildAttributes.cpp.o
[7/2967] Building CXX object lib/Support/CMakeFiles/LLVMSupport.dir/AutoConvert.cpp.o
[8/2967] Building CXX object lib/Demangle/CMakeFiles/LLVMDemangle.dir/RustDemangle.cpp.o
[9/2967] Building CXX object lib/Support/CMakeFiles/LLVMSupport.dir/APSInt.cpp.o
[10/2967] Building CXX object lib/Support/CMakeFiles/LLVMSupport.dir/FloatingPointMode.cpp.o
[11/2967] Building CXX object lib/Support/CMakeFiles/LLVMSupport.dir/AArch64AttributeParser.cpp.o
[12/2967] Building CXX object lib/Demangle/CMakeFiles/LLVMDemangle.dir/MicrosoftDemangle.cpp.o
[13/2967] Building CXX object lib/Support/CMakeFiles/LLVMSupport.dir/ARMWinEH.cpp.o
[14/2967] Building CXX object lib/Support/CMakeFiles/LLVMSupport.dir/AllocToken.cpp.o
[15/2967] Building CXX object lib/Support/CMakeFiles/LLVMSupport.dir/APFixedPoint.cpp.o
FAILED: lib/Support/CMakeFiles/LLVMSupport.dir/APFixedPoint.cpp.o 
/var/llvm-compile-time-tracker/timeit_launcher.sh /tmp/llvm-project-build-stage1/bin/clang++ -DGTEST_HAS_RTTI=0 -D_GLIBCXX_USE_CXX11_ABI=1 -D_GNU_SOURCE -D__STDC_CONSTANT_MACROS -D__STDC_FORMAT_MACROS -D__STDC_LIMIT_MACROS -I/tmp/llvm-project-build-stage2/lib/Support -I/var/llvm-compile-time-tracker/llvm-project/llvm/lib/Support -I/tmp/llvm-project-build-stage2/include -I/var/llvm-compile-time-tracker/llvm-project/llvm/include -I/var/llvm-compile-time-tracker/llvm-project/llvm/../third-party/siphash/include -fPIC -fno-semantic-interposition -fvisibility-inlines-hidden -Werror=date-time -Werror=unguarded-availability-new -Wall -Wextra -Wno-unused-parameter -Wwrite-strings -Wcast-qual -Wmissing-field-initializers -pedantic -Wno-long-long -Wc++98-compat-extra-semi -Wimplicit-fallthrough -Wcovered-switch-default -Wno-noexcept-type -Wnon-virtual-dtor -Wdelete-non-virtual-dtor -Wsuggest-override -Wstring-conversion -Wno-pass-failed -Wmisleading-indentation -Wctad-maybe-unsupported -fdiagnostics-color -ffunction-sections -fdata-sections -flto=thin -Werror=global-constructors -O3 -DNDEBUG -fno-exceptions -funwind-tables -fno-rtti -std=c++17 -MD -MT lib/Support/CMakeFiles/LLVMSupport.dir/APFixedPoint.cpp.o -MF lib/Support/CMakeFiles/LLVMSupport.dir/APFixedPoint.cpp.o.d -o lib/Support/CMakeFiles/LLVMSupport.dir/APFixedPoint.cpp.o -c /var/llvm-compile-time-tracker/llvm-project/llvm/lib/Support/APFixedPoint.cpp
PLEASE submit a bug report to https://github.com/llvm/llvm-project/issues/ and include the crash backtrace, preprocessed source, and associated run script.
Stack dump:
0.	Program arguments: /tmp/llvm-project-build-stage1/bin/clang++ -DGTEST_HAS_RTTI=0 -D_GLIBCXX_USE_CXX11_ABI=1 -D_GNU_SOURCE -D__STDC_CONSTANT_MACROS -D__STDC_FORMAT_MACROS -D__STDC_LIMIT_MACROS -I/tmp/llvm-project-build-stage2/lib/Support -I/var/llvm-compile-time-tracker/llvm-project/llvm/lib/Support -I/tmp/llvm-project-build-stage2/include -I/var/llvm-compile-time-tracker/llvm-project/llvm/include -I/var/llvm-compile-time-tracker/llvm-project/llvm/../third-party/siphash/include -fPIC -fno-semantic-interposition -fvisibility-inlines-hidden -Werror=date-time -Werror=unguarded-availability-new -Wall -Wextra -Wno-unused-parameter -Wwrite-strings -Wcast-qual -Wmissing-field-initializers -pedantic -Wno-long-long -Wc++98-compat-extra-semi -Wimplicit-fallthrough -Wcovered-switch-default -Wno-noexcept-type -Wnon-virtual-dtor -Wdelete-non-virtual-dtor -Wsuggest-override -Wstring-conversion -Wno-pass-failed -Wmisleading-indentation -Wctad-maybe-unsupported -fdiagnostics-color -ffunction-sections -fdata-sections -flto=thin -Werror=global-constructors -O3 -DNDEBUG -fno-exceptions -funwind-tables -fno-rtti -std=c++17 -MD -MT lib/Support/CMakeFiles/LLVMSupport.dir/APFixedPoint.cpp.o -MF lib/Support/CMakeFiles/LLVMSupport.dir/APFixedPoint.cpp.o.d -o lib/Support/CMakeFiles/LLVMSupport.dir/APFixedPoint.cpp.o -c /var/llvm-compile-time-tracker/llvm-project/llvm/lib/Support/APFixedPoint.cpp
1.	<eof> parser at end of file
2.	/usr/lib/gcc/x86_64-linux-gnu/11/../../../../include/c++/11/tr1/ell_integral.tcc:193:5: instantiating function definition 'std::__detail::__comp_ellint_1<float>'
3.	/usr/lib/gcc/x86_64-linux-gnu/11/../../../../include/c++/11/tr1/ell_integral.tcc:78:5: instantiating function definition 'std::__detail::__ellint_rf<float>'
Stack dump without symbol names (ensure you have llvm-symbolizer in your PATH or set the environment var `LLVM_SYMBOLIZER_PATH` to point to it):
0  clang++   0x0000559ac900db80 llvm::sys::PrintStackTrace(llvm::raw_ostream&, int) + 240
1  clang++   0x0000559ac900b734 llvm::sys::CleanupOnSignal(unsigned long) + 164
2  clang++   0x0000559ac8f4f8d8
3  libc.so.6 0x00007f952b008520
4  clang++   0x0000559acdbcbf68
clang++: error: clang frontend command failed with exit code 139 (use -v to see invocation)
clang version 22.0.0git
Target: x86_64-unknown-linux-gnu
Thread model: posix
InstalledDir: /tmp/llvm-project-build-stage1/bin
clang++: note: diagnostic msg: 
********************

PLEASE ATTACH THE FOLLOWING FILES TO THE BUG REPORT:
Preprocessed source(s) and associated run script(s) are located at:
clang++: note: diagnostic msg: /tmp/APFixedPoint-61993f.cpp
clang++: note: diagnostic msg: /tmp/APFixedPoint-61993f.sh
clang++: note: diagnostic msg: 

********************
[16/2967] Building CXX object lib/Support/CMakeFiles/LLVMSupport.dir/APInt.cpp.o
FAILED: lib/Support/CMakeFiles/LLVMSupport.dir/APInt.cpp.o 
/var/llvm-compile-time-tracker/timeit_launcher.sh /tmp/llvm-project-build-stage1/bin/clang++ -DGTEST_HAS_RTTI=0 -D_GLIBCXX_USE_CXX11_ABI=1 -D_GNU_SOURCE -D__STDC_CONSTANT_MACROS -D__STDC_FORMAT_MACROS -D__STDC_LIMIT_MACROS -I/tmp/llvm-project-build-stage2/lib/Support -I/var/llvm-compile-time-tracker/llvm-project/llvm/lib/Support -I/tmp/llvm-project-build-stage2/include -I/var/llvm-compile-time-tracker/llvm-project/llvm/include -I/var/llvm-compile-time-tracker/llvm-project/llvm/../third-party/siphash/include -fPIC -fno-semantic-interposition -fvisibility-inlines-hidden -Werror=date-time -Werror=unguarded-availability-new -Wall -Wextra -Wno-unused-parameter -Wwrite-strings -Wcast-qual -Wmissing-field-initializers -pedantic -Wno-long-long -Wc++98-compat-extra-semi -Wimplicit-fallthrough -Wcovered-switch-default -Wno-noexcept-type -Wnon-virtual-dtor -Wdelete-non-virtual-dtor -Wsuggest-override -Wstring-conversion -Wno-pass-failed -Wmisleading-indentation -Wctad-maybe-unsupported -fdiagnostics-color -ffunction-sections -fdata-sections -flto=thin -Werror=global-constructors -O3 -DNDEBUG -fno-exceptions -funwind-tables -fno-rtti -std=c++17 -MD -MT lib/Support/CMakeFiles/LLVMSupport.dir/APInt.cpp.o -MF lib/Support/CMakeFiles/LLVMSupport.dir/APInt.cpp.o.d -o lib/Support/CMakeFiles/LLVMSupport.dir/APInt.cpp.o -c /var/llvm-compile-time-tracker/llvm-project/llvm/lib/Support/APInt.cpp
PLEASE submit a bug report to https://github.com/llvm/llvm-project/issues/ and include the crash backtrace, preprocessed source, and associated run script.
Stack dump:
0.	Program arguments: /tmp/llvm-project-build-stage1/bin/clang++ -DGTEST_HAS_RTTI=0 -D_GLIBCXX_USE_CXX11_ABI=1 -D_GNU_SOURCE -D__STDC_CONSTANT_MACROS -D__STDC_FORMAT_MACROS -D__STDC_LIMIT_MACROS -I/tmp/llvm-project-build-stage2/lib/Support -I/var/llvm-compile-time-tracker/llvm-project/llvm/lib/Support -I/tmp/llvm-project-build-stage2/include -I/var/llvm-compile-time-tracker/llvm-project/llvm/include -I/var/llvm-compile-time-tracker/llvm-project/llvm/../third-party/siphash/include -fPIC -fno-semantic-interposition -fvisibility-inlines-hidden -Werror=date-time -Werror=unguarded-availability-new -Wall -Wextra -Wno-unused-parameter -Wwrite-strings -Wcast-qual -Wmissing-field-initializers -pedantic -Wno-long-long -Wc++98-compat-extra-semi -Wimplicit-fallthrough -Wcovered-switch-default -Wno-noexcept-type -Wnon-virtual-dtor -Wdelete-non-virtual-dtor -Wsuggest-override -Wstring-conversion -Wno-pass-failed -Wmisleading-indentation -Wctad-maybe-unsupported -fdiagnostics-color -ffunction-sections -fdata-sections -flto=thin -Werror=global-constructors -O3 -DNDEBUG -fno-exceptions -funwind-tables -fno-rtti -std=c++17 -MD -MT lib/Support/CMakeFiles/LLVMSupport.dir/APInt.cpp.o -MF lib/Support/CMakeFiles/LLVMSupport.dir/APInt.cpp.o.d -o lib/Support/CMakeFiles/LLVMSupport.dir/APInt.cpp.o -c /var/llvm-compile-time-tracker/llvm-project/llvm/lib/Support/APInt.cpp
1.	<eof> parser at end of file
2.	/usr/lib/gcc/x86_64-linux-gnu/11/../../../../include/c++/11/tr1/ell_integral.tcc:193:5: instantiating function definition 'std::__detail::__comp_ellint_1<float>'
3.	/usr/lib/gcc/x86_64-linux-gnu/11/../../../../include/c++/11/tr1/ell_integral.tcc:78:5: instantiating function definition 'std::__detail::__ellint_rf<float>'
Stack dump without symbol names (ensure you have llvm-symbolizer in your PATH or set the environment var `LLVM_SYMBOLIZER_PATH` to point to it):
0  clang++   0x000055fc708e9b80 llvm::sys::PrintStackTrace(llvm::raw_ostream&, int) + 240
1  clang++   0x000055fc708e7734 llvm::sys::CleanupOnSignal(unsigned long) + 164
2  clang++   0x000055fc7082b8d8
3  libc.so.6 0x00007f57c316c520
4  clang++   0x000055fc754f3343
clang++: error: clang frontend command failed with exit code 139 (use -v to see invocation)
clang version 22.0.0git
Target: x86_64-unknown-linux-gnu
Thread model: posix
InstalledDir: /tmp/llvm-project-build-stage1/bin
clang++: note: diagnostic msg: 
********************

PLEASE ATTACH THE FOLLOWING FILES TO THE BUG REPORT:
Preprocessed source(s) and associated run script(s) are located at:
clang++: note: diagnostic msg: /tmp/APInt-d54c38.cpp
clang++: note: diagnostic msg: /tmp/APInt-d54c38.sh
clang++: note: diagnostic msg: 

********************
[17/2967] Building CXX object lib/Support/CMakeFiles/LLVMSupport.dir/Allocator.cpp.o
[18/2967] Building CXX object lib/Support/CMakeFiles/LLVMSupport.dir/BuryPointer.cpp.o
[19/2967] Building CXX object lib/Support/CMakeFiles/LLVMSupport.dir/BlockFrequency.cpp.o
[20/2967] Building CXX object lib/Support/CMakeFiles/LLVMSupport.dir/Base64.cpp.o
[21/2967] Building CXX object lib/Support/CMakeFiles/LLVMSupport.dir/BinaryStreamError.cpp.o
[22/2967] Building CXX object lib/Support/CMakeFiles/LLVMSupport.dir/ARMAttributeParser.cpp.o
PLEASE submit a bug report to https://github.com/llvm/llvm-project/issues/ and include the crash backtrace, preprocessed source, and associated run script.
Stack dump:
0.	Program arguments: /tmp/llvm-project-build-stage1/bin/clang++ -DGTEST_HAS_RTTI=0 -D_GLIBCXX_USE_CXX11_ABI=1 -D_GNU_SOURCE -D__STDC_CONSTANT_MACROS -D__STDC_FORMAT_MACROS -D__STDC_LIMIT_MACROS -I/tmp/llvm-project-build-stage2/lib/Support -I/var/llvm-compile-time-tracker/llvm-project/llvm/lib/Support -I/tmp/llvm-project-build-stage2/include -I/var/llvm-compile-time-tracker/llvm-project/llvm/include -I/var/llvm-compile-time-tracker/llvm-project/llvm/../third-party/siphash/include -fPIC -fno-semantic-interposition -fvisibility-inlines-hidden -Werror=date-time -Werror=unguarded-availability-new -Wall -Wextra -Wno-unused-parameter -Wwrite-strings -Wcast-qual -Wmissing-field-initializers -pedantic -Wno-long-long -Wc++98-compat-extra-semi -Wimplicit-fallthrough -Wcovered-switch-default -Wno-noexcept-type -Wnon-virtual-dtor -Wdelete-non-virtual-dtor -Wsuggest-override -Wstring-conversion -Wno-pass-failed -Wmisleading-indentation -Wctad-maybe-unsupported -fdiagnostics-color -ffunction-sections -fdata-sections -flto=thin -Werror=global-constructors -O3 -DNDEBUG -fno-exceptions -funwind-tables -fno-rtti -std=c++17 -MD -MT lib/Support/CMakeFiles/LLVMSupport.dir/ARMAttributeParser.cpp.o -MF lib/Support/CMakeFiles/LLVMSupport.dir/ARMAttributeParser.cpp.o.d -o lib/Support/CMakeFiles/LLVMSupport.dir/ARMAttributeParser.cpp.o -c /var/llvm-compile-time-tracker/llvm-project/llvm/lib/Support/ARMAttributeParser.cpp
1.	<eof> parser at end of file
2.	/usr/lib/gcc/x86_64-linux-gnu/11/../../../../include/c++/11/tr1/ell_integral.tcc:193:5: instantiating function definition 'std::__detail::__comp_ellint_1<float>'
3.	/usr/lib/gcc/x86_64-linux-gnu/11/../../../../include/c++/11/tr1/ell_integral.tcc:78:5: instantiating function definition 'std::__detail::__ellint_rf<float>'
/tmp/llvm-project-build-stage1/bin/clang++: Segmentation fault
[23/2967] Building CXX object lib/Support/CMakeFiles/LLVMSupport.dir/AMDGPUMetadata.cpp.o
[24/2967] Building CXX object lib/Support/CMakeFiles/LLVMSupport.dir/BranchProbability.cpp.o
PLEASE submit a bug report to https://github.com/llvm/llvm-project/issues/ and include the crash backtrace, preprocessed source, and associated run script.
Stack dump:
0.	Program arguments: /tmp/llvm-project-build-stage1/bin/clang++ -DGTEST_HAS_RTTI=0 -D_GLIBCXX_USE_CXX11_ABI=1 -D_GNU_SOURCE -D__STDC_CONSTANT_MACROS -D__STDC_FORMAT_MACROS -D__STDC_LIMIT_MACROS -I/tmp/llvm-project-build-stage2/lib/Support -I/var/llvm-compile-time-tracker/llvm-project/llvm/lib/Support -I/tmp/llvm-project-build-stage2/include -I/var/llvm-compile-time-tracker/llvm-project/llvm/include -I/var/llvm-compile-time-tracker/llvm-project/llvm/../third-party/siphash/include -fPIC -fno-semantic-interposition -fvisibility-inlines-hidden -Werror=date-time -Werror=unguarded-availability-new -Wall -Wextra -Wno-unused-parameter -Wwrite-strings -Wcast-qual -Wmissing-field-initializers -pedantic -Wno-long-long -Wc++98-compat-extra-semi -Wimplicit-fallthrough -Wcovered-switch-default -Wno-noexcept-type -Wnon-virtual-dtor -Wdelete-non-virtual-dtor -Wsuggest-override -Wstring-conversion -Wno-pass-failed -Wmisleading-indentation -Wctad-maybe-unsupported -fdiagnostics-color -ffunction-sections -fdata-sections -flto=thin -Werror=global-constructors -O3 -DNDEBUG -fno-exceptions -funwind-tables -fno-rtti -std=c++17 -MD -MT lib/Support/CMakeFiles/LLVMSupport.dir/BranchProbability.cpp.o -MF lib/Support/CMakeFiles/LLVMSupport.dir/BranchProbability.cpp.o.d -o lib/Support/CMakeFiles/LLVMSupport.dir/BranchProbability.cpp.o -c /var/llvm-compile-time-tracker/llvm-project/llvm/lib/Support/BranchProbability.cpp
1.	<eof> parser at end of file
2.	/usr/lib/gcc/x86_64-linux-gnu/11/../../../../include/c++/11/tr1/ell_integral.tcc:193:5: instantiating function definition 'std::__detail::__comp_ellint_1<float>'
3.	/usr/lib/gcc/x86_64-linux-gnu/11/../../../../include/c++/11/tr1/ell_integral.tcc:78:5: instantiating function definition 'std::__detail::__ellint_rf<float>'
/tmp/llvm-project-build-stage1/bin/clang++: Segmentation fault
[25/2967] Building CXX object lib/Demangle/CMakeFiles/LLVMDemangle.dir/ItaniumDemangle.cpp.o
[26/2967] Building CXX object lib/Support/CMakeFiles/LLVMSupport.dir/BinaryStreamWriter.cpp.o
[27/2967] Building CXX object lib/Support/CMakeFiles/LLVMSupport.dir/BinaryStreamReader.cpp.o
[28/2967] Building CXX object lib/Support/CMakeFiles/LLVMSupport.dir/BinaryStreamRef.cpp.o
[29/2967] Building CXX object lib/Support/CMakeFiles/LLVMSupport.dir/BalancedPartitioning.cpp.o
FAILED: lib/Support/CMakeFiles/LLVMSupport.dir/BalancedPartitioning.cpp.o 
/var/llvm-compile-time-tracker/timeit_launcher.sh /tmp/llvm-project-build-stage1/bin/clang++ -DGTEST_HAS_RTTI=0 -D_GLIBCXX_USE_CXX11_ABI=1 -D_GNU_SOURCE -D__STDC_CONSTANT_MACROS -D__STDC_FORMAT_MACROS -D__STDC_LIMIT_MACROS -I/tmp/llvm-project-build-stage2/lib/Support -I/var/llvm-compile-time-tracker/llvm-project/llvm/lib/Support -I/tmp/llvm-project-build-stage2/include -I/var/llvm-compile-time-tracker/llvm-project/llvm/include -I/var/llvm-compile-time-tracker/llvm-project/llvm/../third-party/siphash/include -fPIC -fno-semantic-interposition -fvisibility-inlines-hidden -Werror=date-time -Werror=unguarded-availability-new -Wall -Wextra -Wno-unused-parameter -Wwrite-strings -Wcast-qual -Wmissing-field-initializers -pedantic -Wno-long-long -Wc++98-compat-extra-semi -Wimplicit-fallthrough -Wcovered-switch-default -Wno-noexcept-type -Wnon-virtual-dtor -Wdelete-non-virtual-dtor -Wsuggest-override -Wstring-conversion -Wno-pass-failed -Wmisleading-indentation -Wctad-maybe-unsupported -fdiagnostics-color -ffunction-sections -fdata-sections -flto=thin -Werror=global-constructors -O3 -DNDEBUG -fno-exceptions -funwind-tables -fno-rtti -std=c++17 -MD -MT lib/Support/CMakeFiles/LLVMSupport.dir/BalancedPartitioning.cpp.o -MF lib/Support/CMakeFiles/LLVMSupport.dir/BalancedPartitioning.cpp.o.d -o lib/Support/CMakeFiles/LLVMSupport.dir/BalancedPartitioning.cpp.o -c /var/llvm-compile-time-tracker/llvm-project/llvm/lib/Support/BalancedPartitioning.cpp
PLEASE submit a bug report to https://github.com/llvm/llvm-project/issues/ and include the crash backtrace, preprocessed source, and associated run script.
Stack dump:
0.	Program arguments: /tmp/llvm-project-build-stage1/bin/clang++ -DGTEST_HAS_RTTI=0 -D_GLIBCXX_USE_CXX11_ABI=1 -D_GNU_SOURCE -D__STDC_CONSTANT_MACROS -D__STDC_FORMAT_MACROS -D__STDC_LIMIT_MACROS -I/tmp/llvm-project-build-stage2/lib/Support -I/var/llvm-compile-time-tracker/llvm-project/llvm/lib/Support -I/tmp/llvm-project-build-stage2/include -I/var/llvm-compile-time-tracker/llvm-project/llvm/include -I/var/llvm-compile-time-tracker/llvm-project/llvm/../third-party/siphash/include -fPIC -fno-semantic-interposition -fvisibility-inlines-hidden -Werror=date-time -Werror=unguarded-availability-new -Wall -Wextra -Wno-unused-parameter -Wwrite-strings -Wcast-qual -Wmissing-field-initializers -pedantic -Wno-long-long -Wc++98-compat-extra-semi -Wimplicit-fallthrough -Wcovered-switch-default -Wno-noexcept-type -Wnon-virtual-dtor -Wdelete-non-virtual-dtor -Wsuggest-override -Wstring-conversion -Wno-pass-failed -Wmisleading-indentation -Wctad-maybe-unsupported -fdiagnostics-color -ffunction-sections -fdata-sections -flto=thin -Werror=global-constructors -O3 -DNDEBUG -fno-exceptions -funwind-tables -fno-rtti -std=c++17 -MD -MT lib/Support/CMakeFiles/LLVMSupport.dir/BalancedPartitioning.cpp.o -MF lib/Support/CMakeFiles/LLVMSupport.dir/BalancedPartitioning.cpp.o.d -o lib/Support/CMakeFiles/LLVMSupport.dir/BalancedPartitioning.cpp.o -c /var/llvm-compile-time-tracker/llvm-project/llvm/lib/Support/BalancedPartitioning.cpp
1.	<eof> parser at end of file
2.	/usr/lib/gcc/x86_64-linux-gnu/11/../../../../include/c++/11/tr1/ell_integral.tcc:193:5: instantiating function definition 'std::__detail::__comp_ellint_1<float>'
3.	/usr/lib/gcc/x86_64-linux-gnu/11/../../../../include/c++/11/tr1/ell_integral.tcc:78:5: instantiating function definition 'std::__detail::__ellint_rf<float>'
Stack dump without symbol names (ensure you have llvm-symbolizer in your PATH or set the environment var `LLVM_SYMBOLIZER_PATH` to point to it):
0  clang++   0x0000557246960b80 llvm::sys::PrintStackTrace(llvm::raw_ostream&, int) + 240
1  clang++   0x000055724695e734 llvm::sys::CleanupOnSignal(unsigned long) + 164
2  clang++   0x00005572468a28d8
3  libc.so.6 0x00007f62619d6520
4  clang++   0x000055724686476d llvm::APFloatBase::EnumToSemantics(llvm::APFloatBase::Semantics) + 13
5  clang++   0x0000557249b17dbc
6  clang++   0x0000557249b2e0c5 clang::interp::Interpret(clang::interp::InterpState&) + 46101
7  clang++   0x0000557249b31d3a clang::interp::Call(clang::interp::InterpState&, clang::interp::CodePtr, clang::interp::Function const*, unsigned int) + 554
8  clang++   0x0000557249d8d9d6 clang::interp::Compiler<clang::interp::EvalEmitter>::VisitCallExpr(clang::CallExpr const*) + 3750
9  clang++   0x0000557249d9474f clang::interp::Compiler<clang::interp::EvalEmitter>::visit(clang::Expr const*) + 143
10 clang++   0x0000557249d8a11b clang::interp::Compiler<clang::interp::EvalEmitter>::visitDeclAndReturn(clang::VarDecl const*, clang::Expr const*, bool) + 1067
11 clang++   0x000055724995b8ef clang::interp::EvalEmitter::interpretDecl(clang::VarDecl const*, clang::Expr const*, bool) + 143
12 clang++   0x000055724993b282 clang::interp::Context::evaluateAsInitializer(clang::interp::State&, clang::VarDecl const*, clang::Expr const*, clang::APValue&) + 562
13 clang++   0x000055724991b9ee clang::Expr::EvaluateAsInitializer(clang::APValue&, clang::ASTContext const&, clang::VarDecl const*, llvm::SmallVectorImpl<std::pair<clang::SourceLocation, clang::PartialDiagnostic>>&, bool) const + 958
14 clang++   0x000055724971c48e clang::VarDecl::evaluateValueImpl(llvm::SmallVectorImpl<std::pair<clang::SourceLocation, clang::PartialDiagnostic>>&, bool) const + 318
15 clang++   0x000055724971c643 clang::VarDecl::evaluateValue() const + 147
16 clang++   0x0000557249d8afaa clang::interp::Compiler<clang::interp::EvalEmitter>::visitDeclRef(clang::ValueDecl const*, clang::Expr const*) + 1994
17 clang++   0x0000557249d9474f clang::interp::Compiler<clang::interp::EvalEmitter>::visit(clang::Expr const*) + 143
18 clang++   0x0000557249d95391 clang::interp::Compiler<clang::interp::EvalEmitter>::VisitCastExpr(clang::CastExpr const*) + 2593
19 clang++   0x0000557249d9474f clang::interp::Compiler<clang::interp::EvalEmitter>::visit(clang::Expr const*) + 143
20 clang++   0x0000557249d96b30 clang::interp::Compiler<clang::interp::EvalEmitter>::VisitBinaryOperator(clang::BinaryOperator const*) + 528
21 clang++   0x0000557249d9474f clang::interp::Compiler<clang::interp::EvalEmitter>::visit(clang::Expr const*) + 143
22 clang++   0x0000557249d89254 clang::interp::Compiler<clang::interp::EvalEmitter>::visitExpr(clang::Expr const*, bool) + 372
23 clang++   0x000055724994d8ea clang::interp::EvalEmitter::interpretExpr(clang::Expr const*, bool, bool) + 122
24 clang++   0x000055724993abf7 clang::interp::Context::evaluateAsRValue(clang::interp::State&, clang::Expr const*, clang::APValue&) + 423
25 clang++   0x000055724988c522
26 clang++   0x000055724988fe28 clang::Expr::EvaluateForOverflow(clang::ASTContext const&) const + 888
27 clang++   0x000055724894cd05 clang::Sema::CheckForIntOverflow(clang::Expr const*) + 101
28 clang++   0x0000557248990beb clang::Sema::CheckCompletedExpr(clang::Expr*, clang::SourceLocation, bool) + 219
29 clang++   0x0000557248d2befe clang::Sema::ActOnFinishFullExpr(clang::Expr*, clang::SourceLocation, bool, bool, bool) + 270
30 clang++   0x0000557248ae2b50 clang::Sema::AddInitializerToDecl(clang::Decl*, clang::Expr*, bool) + 2416
31 clang++   0x000055724928b2c8 clang::Sema::InstantiateVariableInitializer(clang::VarDecl*, clang::VarDecl*, clang::MultiLevelTemplateArgumentList const&) + 792
32 clang++   0x00005572492d3264 clang::Sema::BuildVariableInstantiation(clang::VarDecl*, clang::VarDecl*, clang::MultiLevelTemplateArgumentList const&, llvm::SmallVector<clang::Sema::LateInstantiatedAttribute, 1u>*, clang::DeclContext*, clang::LocalInstantiationScope*, bool, clang::VarTemplateSpecializationDecl*) + 1700
33 clang++   0x00005572492e260b clang::TemplateDeclInstantiator::VisitVarDecl(clang::VarDecl*, bool, llvm::ArrayRef<clang::BindingDecl*>*) + 523
34 clang++   0x00005572492ecfff
35 clang++   0x0000557249f4e435 clang::StackExhaustionHandler::runWithSufficientStackSpace(clang::SourceLocation, llvm::function_ref<void ()>) + 69
36 clang++   0x0000557249289861 clang::Sema::SubstDecl(clang::Decl*, clang::DeclContext*, clang::MultiLevelTemplateArgumentList const&) + 225
37 clang++   0x00005572491fb8b3
38 clang++   0x000055724920bc75
39 clang++   0x000055724920cb08 clang::Sema::SubstStmt(clang::Stmt*, clang::MultiLevelTemplateArgumentList const&) + 104
40 clang++   0x00005572492d8a9c clang::Sema::InstantiateFunctionDefinition(clang::SourceLocation, clang::FunctionDecl*, bool, bool, bool) + 3996
41 clang++   0x00005572492d6c63 clang::Sema::PerformPendingInstantiations(bool, bool) + 291
42 clang++   0x00005572492d8d2c clang::Sema::InstantiateFunctionDefinition(clang::SourceLocation, clang::FunctionDecl*, bool, bool, bool) + 4652
43 clang++   0x00005572492d6c63 clang::Sema::PerformPendingInstantiations(bool, bool) + 291
44 clang++   0x00005572488a00e6
45 clang++   0x00005572488a0474 clang::Sema::ActOnEndOfTranslationUnit() + 148
46 clang++   0x0000557248708c22 clang::Parser::ParseTopLevelDecl(clang::OpaquePtr<clang::DeclGroupRef>&, clang::Sema::ModuleImportState&) + 1042
47 clang++   0x00005572486e49da clang::ParseAST(clang::Sema&, bool, bool) + 586
48 clang++   0x0000557247552c6e clang::FrontendAction::Execute() + 46
49 clang++   0x00005572474c257b clang::CompilerInstance::ExecuteAction(clang::FrontendAction&) + 555
50 clang++   0x0000557247637fb8 clang::ExecuteCompilerInvocation(clang::CompilerInstance*) + 456
51 clang++   0x0000557245129d35 cc1_main(llvm::ArrayRef<char const*>, char const*, void*) + 7189
52 clang++   0x0000557245120a0b
53 clang++   0x0000557245120abf
54 clang++   0x0000557247284c9d
55 clang++   0x00005572468a2d07 llvm::CrashRecoveryContext::RunSafely(llvm::function_ref<void ()>) + 39
56 clang++   0x0000557247285037
57 clang++   0x0000557247244d87 clang::driver::Compilation::ExecuteCommand(clang::driver::Command const&, clang::driver::Command const*&, bool) const + 167
58 clang++   0x0000557247245da9 clang::driver::Compilation::ExecuteJobs(clang::driver::JobList const&, llvm::SmallVectorImpl<std::pair<int, clang::driver::Command const*>>&, bool) const + 153
59 clang++   0x0000557247256cac clang::driver::Driver::ExecuteCompilation(clang::driver::Compilation&, llvm::SmallVectorImpl<std::pair<int, clang::driver::Command const*>>&) + 364
60 clang++   0x0000557245125714 clang_main(int, char**, llvm::ToolContext const&) + 7748
61 clang++   0x0000557245028d5b main + 107
62 libc.so.6 0x00007f62619bdd90
63 libc.so.6 0x00007f62619bde40 __libc_start_main + 128
64 clang++   0x0000557245120485 _start + 37
clang++: error: clang frontend command failed with exit code 139 (use -v to see invocation)
clang version 22.0.0git
Target: x86_64-unknown-linux-gnu
Thread model: posix
InstalledDir: /tmp/llvm-project-build-stage1/bin
clang++: note: diagnostic msg: 
********************

PLEASE ATTACH THE FOLLOWING FILES TO THE BUG REPORT:
Preprocessed source(s) and associated run script(s) are located at:
clang++: note: diagnostic msg: /tmp/BalancedPartitioning-e78f35.cpp
clang++: note: diagnostic msg: /tmp/BalancedPartitioning-e78f35.sh
clang++: note: diagnostic msg: 

********************
[30/2967] Building CXX object lib/Support/CMakeFiles/LLVMSupport.dir/APFloat.cpp.o
ninja: build stopped: subcommand failed.


STDERR:
CMake Deprecation Warning at /var/llvm-compile-time-tracker/llvm-project/clang/CMakeLists.txt:456 (message):
  'CLANG_ENABLE_ARCMT' is deprecated as ARCMigrate has been removed from
  Clang.  Please use 'CLANG_ENABLE_OBJC_REWRITER' instead to enable or
  disable the Objective-C rewriter.


