MESSAGE: Execution of "sudo -u lctt-runner ./build_llvm_project_stage1.sh" failed

STDOUT:
[2323/3207] Building CXX object tools/clang/lib/AST/CMakeFiles/obj.clangAST.dir/ASTTypeTraits.cpp.o
[2324/3207] Building CXX object tools/clang/lib/AST/CMakeFiles/obj.clangAST.dir/AttrDocTable.cpp.o
[2325/3207] Building CXX object tools/clang/lib/AST/CMakeFiles/obj.clangAST.dir/Availability.cpp.o
[2326/3207] Building CXX object tools/clang/lib/AST/CMakeFiles/obj.clangAST.dir/AttrImpl.cpp.o
[2327/3207] Building CXX object tools/clang/lib/AST/CMakeFiles/obj.clangAST.dir/Comment.cpp.o
[2328/3207] Building CXX object tools/clang/lib/AST/CMakeFiles/obj.clangAST.dir/CommentBriefParser.cpp.o
[2329/3207] Building CXX object tools/clang/lib/AST/CMakeFiles/obj.clangAST.dir/CommentLexer.cpp.o
[2330/3207] Building CXX object tools/clang/lib/AST/CMakeFiles/obj.clangAST.dir/CommentParser.cpp.o
[2331/3207] Building CXX object tools/clang/lib/AST/CMakeFiles/obj.clangAST.dir/CommentSema.cpp.o
[2332/3207] Building CXX object tools/clang/lib/AST/CMakeFiles/obj.clangAST.dir/ComparisonCategories.cpp.o
[2333/3207] Building CXX object tools/clang/lib/AST/CMakeFiles/obj.clangAST.dir/CXXInheritance.cpp.o
[2334/3207] Building CXX object tools/clang/lib/AST/CMakeFiles/obj.clangAST.dir/DataCollection.cpp.o
[2335/3207] Building CXX object tools/clang/lib/AST/CMakeFiles/obj.clangAST.dir/ComputeDependence.cpp.o
[2336/3207] Building CXX object tools/clang/lib/AST/CMakeFiles/obj.clangAST.dir/DeclarationName.cpp.o
[2337/3207] Building CXX object tools/clang/lib/AST/CMakeFiles/obj.clangAST.dir/DeclBase.cpp.o
[2338/3207] Building CXX object tools/clang/lib/AST/CMakeFiles/obj.clangAST.dir/DeclFriend.cpp.o
[2339/3207] Building CXX object tools/clang/lib/AST/CMakeFiles/obj.clangAST.dir/DeclGroup.cpp.o
[2340/3207] Building CXX object tools/clang/lib/AST/CMakeFiles/obj.clangAST.dir/DeclCXX.cpp.o
[2341/3207] Building CXX object tools/clang/lib/AST/CMakeFiles/obj.clangAST.dir/DeclObjC.cpp.o
[2342/3207] Building CXX object tools/clang/lib/AST/CMakeFiles/obj.clangAST.dir/DeclPrinter.cpp.o
[2343/3207] Building OpenCLBuiltins.inc...
[2344/3207] Building CXX object tools/clang/lib/AST/CMakeFiles/obj.clangAST.dir/Decl.cpp.o
[2345/3207] Building CXX object tools/clang/lib/AST/CMakeFiles/obj.clangAST.dir/DeclOpenACC.cpp.o
[2346/3207] Building CXX object tools/clang/lib/AST/CMakeFiles/obj.clangAST.dir/DeclOpenMP.cpp.o
[2347/3207] Building CXX object tools/clang/lib/AST/CMakeFiles/obj.clangAST.dir/DeclTemplate.cpp.o
[2348/3207] Building CXX object tools/clang/lib/AST/CMakeFiles/obj.clangAST.dir/ParentMapContext.cpp.o
[2349/3207] Building CXX object tools/clang/lib/AST/CMakeFiles/obj.clangAST.dir/DynamicRecursiveASTVisitor.cpp.o
[2350/3207] Building CXX object tools/clang/lib/AST/CMakeFiles/obj.clangAST.dir/Expr.cpp.o
[2351/3207] Building CXX object tools/clang/lib/AST/CMakeFiles/obj.clangAST.dir/ExprClassification.cpp.o
[2352/3207] Building CXX object tools/clang/lib/AST/CMakeFiles/obj.clangAST.dir/ExprConcepts.cpp.o
[2353/3207] Building CXX object tools/clang/lib/AST/CMakeFiles/obj.clangAST.dir/ExprCXX.cpp.o
[2354/3207] Building CXX object tools/clang/lib/AST/CMakeFiles/obj.clangAST.dir/ExprObjC.cpp.o
[2355/3207] Building CXX object tools/clang/lib/AST/CMakeFiles/obj.clangAST.dir/ExternalASTSource.cpp.o
[2356/3207] Building CXX object tools/clang/lib/AST/CMakeFiles/obj.clangAST.dir/FormatString.cpp.o
[2357/3207] Building CXX object tools/clang/lib/AST/CMakeFiles/obj.clangAST.dir/ExternalASTMerger.cpp.o
[2358/3207] Building CXX object tools/clang/lib/AST/CMakeFiles/obj.clangAST.dir/InheritViz.cpp.o
[2359/3207] Building CXX object tools/clang/lib/AST/CMakeFiles/obj.clangAST.dir/ByteCode/BitcastBuffer.cpp.o
[2360/3207] Building AArch64GenSystemOperands.inc...
[2361/3207] Building AArch64GenGlobalISel.inc...
[2362/3207] Building CXX object tools/clang/lib/AST/CMakeFiles/obj.clangAST.dir/ByteCode/Floating.cpp.o
[2363/3207] Building CXX object tools/clang/lib/AST/CMakeFiles/obj.clangAST.dir/ByteCode/FunctionPointer.cpp.o
[2364/3207] Building X86GenSubtargetInfo.inc...
[2365/3207] Building CXX object tools/clang/lib/AST/CMakeFiles/obj.clangAST.dir/ByteCode/Function.cpp.o
[2366/3207] Building CXX object lib/MC/MCParser/CMakeFiles/LLVMMCParser.dir/AsmParser.cpp.o
[2367/3207] Linking CXX static library lib/libLLVMMCParser.a
[2368/3207] Linking CXX static library lib/libLLVMObject.a
[2369/3207] Building X86GenInstrInfo.inc...
[2370/3207] Building CXX object tools/clang/lib/AST/CMakeFiles/obj.clangAST.dir/ByteCode/Descriptor.cpp.o
/var/llvm-compile-time-tracker/llvm-project/clang/lib/AST/ByteCode/Descriptor.cpp: In member function ‘void clang::interp::Descriptor::moveArrayData(const clang::interp::Block*, clang::interp::Block*) const’:
/var/llvm-compile-time-tracker/llvm-project/clang/lib/AST/ByteCode/Descriptor.cpp:695:12: warning: unused variable ‘OldNumElems’ [-Wunused-variable]
  695 |   unsigned OldNumElems = this->getNumElemsWithoutFiller();
      |            ^~~~~~~~~~~
/var/llvm-compile-time-tracker/llvm-project/clang/lib/AST/ByteCode/Descriptor.cpp: In instantiation of ‘void moveArrayTy(clang::interp::Block*, std::byte*, std::byte*, const clang::interp::Descriptor*, const clang::interp::Descriptor*) [with T = clang::interp::Integral<8, true>]’:
/var/llvm-compile-time-tracker/llvm-project/clang/lib/AST/ByteCode/Descriptor.cpp:565:3:   required from here
/var/llvm-compile-time-tracker/llvm-project/clang/lib/AST/ByteCode/Descriptor.cpp:543:15: warning: unused variable ‘DstIMP’ [-Wunused-variable]
  543 |   InitMapPtr &DstIMP = *reinterpret_cast<InitMapPtr *>(Dst);
      |               ^~~~~~
/var/llvm-compile-time-tracker/llvm-project/clang/lib/AST/ByteCode/Descriptor.cpp: In instantiation of ‘void moveArrayTy(clang::interp::Block*, std::byte*, std::byte*, const clang::interp::Descriptor*, const clang::interp::Descriptor*) [with T = clang::interp::Integral<8, false>]’:
/var/llvm-compile-time-tracker/llvm-project/clang/lib/AST/ByteCode/Descriptor.cpp:565:3:   required from here
/var/llvm-compile-time-tracker/llvm-project/clang/lib/AST/ByteCode/Descriptor.cpp:543:15: warning: unused variable ‘DstIMP’ [-Wunused-variable]
/var/llvm-compile-time-tracker/llvm-project/clang/lib/AST/ByteCode/Descriptor.cpp: In instantiation of ‘void moveArrayTy(clang::interp::Block*, std::byte*, std::byte*, const clang::interp::Descriptor*, const clang::interp::Descriptor*) [with T = clang::interp::Integral<16, true>]’:
/var/llvm-compile-time-tracker/llvm-project/clang/lib/AST/ByteCode/Descriptor.cpp:565:3:   required from here
/var/llvm-compile-time-tracker/llvm-project/clang/lib/AST/ByteCode/Descriptor.cpp:543:15: warning: unused variable ‘DstIMP’ [-Wunused-variable]
/var/llvm-compile-time-tracker/llvm-project/clang/lib/AST/ByteCode/Descriptor.cpp: In instantiation of ‘void moveArrayTy(clang::interp::Block*, std::byte*, std::byte*, const clang::interp::Descriptor*, const clang::interp::Descriptor*) [with T = clang::interp::Integral<16, false>]’:
/var/llvm-compile-time-tracker/llvm-project/clang/lib/AST/ByteCode/Descriptor.cpp:565:3:   required from here
/var/llvm-compile-time-tracker/llvm-project/clang/lib/AST/ByteCode/Descriptor.cpp:543:15: warning: unused variable ‘DstIMP’ [-Wunused-variable]
/var/llvm-compile-time-tracker/llvm-project/clang/lib/AST/ByteCode/Descriptor.cpp: In instantiation of ‘void moveArrayTy(clang::interp::Block*, std::byte*, std::byte*, const clang::interp::Descriptor*, const clang::interp::Descriptor*) [with T = clang::interp::Integral<32, true>]’:
/var/llvm-compile-time-tracker/llvm-project/clang/lib/AST/ByteCode/Descriptor.cpp:565:3:   required from here
/var/llvm-compile-time-tracker/llvm-project/clang/lib/AST/ByteCode/Descriptor.cpp:543:15: warning: unused variable ‘DstIMP’ [-Wunused-variable]
/var/llvm-compile-time-tracker/llvm-project/clang/lib/AST/ByteCode/Descriptor.cpp: In instantiation of ‘void moveArrayTy(clang::interp::Block*, std::byte*, std::byte*, const clang::interp::Descriptor*, const clang::interp::Descriptor*) [with T = clang::interp::Integral<32, false>]’:
/var/llvm-compile-time-tracker/llvm-project/clang/lib/AST/ByteCode/Descriptor.cpp:565:3:   required from here
/var/llvm-compile-time-tracker/llvm-project/clang/lib/AST/ByteCode/Descriptor.cpp:543:15: warning: unused variable ‘DstIMP’ [-Wunused-variable]
/var/llvm-compile-time-tracker/llvm-project/clang/lib/AST/ByteCode/Descriptor.cpp: In instantiation of ‘void moveArrayTy(clang::interp::Block*, std::byte*, std::byte*, const clang::interp::Descriptor*, const clang::interp::Descriptor*) [with T = clang::interp::Integral<64, true>]’:
/var/llvm-compile-time-tracker/llvm-project/clang/lib/AST/ByteCode/Descriptor.cpp:565:3:   required from here
/var/llvm-compile-time-tracker/llvm-project/clang/lib/AST/ByteCode/Descriptor.cpp:543:15: warning: unused variable ‘DstIMP’ [-Wunused-variable]
/var/llvm-compile-time-tracker/llvm-project/clang/lib/AST/ByteCode/Descriptor.cpp: In instantiation of ‘void moveArrayTy(clang::interp::Block*, std::byte*, std::byte*, const clang::interp::Descriptor*, const clang::interp::Descriptor*) [with T = clang::interp::Integral<64, false>]’:
/var/llvm-compile-time-tracker/llvm-project/clang/lib/AST/ByteCode/Descriptor.cpp:565:3:   required from here
/var/llvm-compile-time-tracker/llvm-project/clang/lib/AST/ByteCode/Descriptor.cpp:543:15: warning: unused variable ‘DstIMP’ [-Wunused-variable]
/var/llvm-compile-time-tracker/llvm-project/clang/lib/AST/ByteCode/Descriptor.cpp: In instantiation of ‘void moveArrayTy(clang::interp::Block*, std::byte*, std::byte*, const clang::interp::Descriptor*, const clang::interp::Descriptor*) [with T = clang::interp::IntegralAP<false>]’:
/var/llvm-compile-time-tracker/llvm-project/clang/lib/AST/ByteCode/Descriptor.cpp:565:3:   required from here
/var/llvm-compile-time-tracker/llvm-project/clang/lib/AST/ByteCode/Descriptor.cpp:543:15: warning: unused variable ‘DstIMP’ [-Wunused-variable]
/var/llvm-compile-time-tracker/llvm-project/clang/lib/AST/ByteCode/Descriptor.cpp: In instantiation of ‘void moveArrayTy(clang::interp::Block*, std::byte*, std::byte*, const clang::interp::Descriptor*, const clang::interp::Descriptor*) [with T = clang::interp::IntegralAP<true>]’:
/var/llvm-compile-time-tracker/llvm-project/clang/lib/AST/ByteCode/Descriptor.cpp:565:3:   required from here
/var/llvm-compile-time-tracker/llvm-project/clang/lib/AST/ByteCode/Descriptor.cpp:543:15: warning: unused variable ‘DstIMP’ [-Wunused-variable]
/var/llvm-compile-time-tracker/llvm-project/clang/lib/AST/ByteCode/Descriptor.cpp: In instantiation of ‘void moveArrayTy(clang::interp::Block*, std::byte*, std::byte*, const clang::interp::Descriptor*, const clang::interp::Descriptor*) [with T = clang::interp::Floating]’:
/var/llvm-compile-time-tracker/llvm-project/clang/lib/AST/ByteCode/Descriptor.cpp:565:3:   required from here
/var/llvm-compile-time-tracker/llvm-project/clang/lib/AST/ByteCode/Descriptor.cpp:543:15: warning: unused variable ‘DstIMP’ [-Wunused-variable]
/var/llvm-compile-time-tracker/llvm-project/clang/lib/AST/ByteCode/Descriptor.cpp: In instantiation of ‘void moveArrayTy(clang::interp::Block*, std::byte*, std::byte*, const clang::interp::Descriptor*, const clang::interp::Descriptor*) [with T = clang::interp::Boolean]’:
/var/llvm-compile-time-tracker/llvm-project/clang/lib/AST/ByteCode/Descriptor.cpp:565:3:   required from here
/var/llvm-compile-time-tracker/llvm-project/clang/lib/AST/ByteCode/Descriptor.cpp:543:15: warning: unused variable ‘DstIMP’ [-Wunused-variable]
/var/llvm-compile-time-tracker/llvm-project/clang/lib/AST/ByteCode/Descriptor.cpp: In instantiation of ‘void moveArrayTy(clang::interp::Block*, std::byte*, std::byte*, const clang::interp::Descriptor*, const clang::interp::Descriptor*) [with T = clang::interp::Pointer]’:
/var/llvm-compile-time-tracker/llvm-project/clang/lib/AST/ByteCode/Descriptor.cpp:565:3:   required from here
/var/llvm-compile-time-tracker/llvm-project/clang/lib/AST/ByteCode/Descriptor.cpp:543:15: warning: unused variable ‘DstIMP’ [-Wunused-variable]
/var/llvm-compile-time-tracker/llvm-project/clang/lib/AST/ByteCode/Descriptor.cpp: In instantiation of ‘void moveArrayTy(clang::interp::Block*, std::byte*, std::byte*, const clang::interp::Descriptor*, const clang::interp::Descriptor*) [with T = clang::interp::MemberPointer]’:
/var/llvm-compile-time-tracker/llvm-project/clang/lib/AST/ByteCode/Descriptor.cpp:565:3:   required from here
/var/llvm-compile-time-tracker/llvm-project/clang/lib/AST/ByteCode/Descriptor.cpp:543:15: warning: unused variable ‘DstIMP’ [-Wunused-variable]
/var/llvm-compile-time-tracker/llvm-project/clang/lib/AST/ByteCode/Descriptor.cpp: In instantiation of ‘void moveArrayTy(clang::interp::Block*, std::byte*, std::byte*, const clang::interp::Descriptor*, const clang::interp::Descriptor*) [with T = clang::interp::FixedPoint]’:
/var/llvm-compile-time-tracker/llvm-project/clang/lib/AST/ByteCode/Descriptor.cpp:565:3:   required from here
/var/llvm-compile-time-tracker/llvm-project/clang/lib/AST/ByteCode/Descriptor.cpp:543:15: warning: unused variable ‘DstIMP’ [-Wunused-variable]
[2371/3207] Linking CXX static library lib/libLLVMObjectYAML.a
[2372/3207] Building CXX object lib/Target/X86/AsmParser/CMakeFiles/LLVMX86AsmParser.dir/X86AsmParser.cpp.o
[2373/3207] Linking CXX static library lib/libLLVMDebugInfoDWARF.a
[2374/3207] Linking CXX static library lib/libLLVMDebugInfoPDB.a
[2375/3207] Building CXX object lib/Target/X86/CMakeFiles/LLVMX86CodeGen.dir/X86ArgumentStackSlotRebase.cpp.o
[2376/3207] Building CXX object lib/Target/X86/CMakeFiles/LLVMX86CodeGen.dir/X86AsmPrinter.cpp.o
[2377/3207] Building CXX object lib/Target/X86/CMakeFiles/LLVMX86CodeGen.dir/X86AvoidTrailingCall.cpp.o
[2378/3207] Linking CXX static library lib/libLLVMDebugInfoGSYM.a
[2379/3207] Building CXX object lib/Target/X86/CMakeFiles/LLVMX86CodeGen.dir/X86CallFrameOptimization.cpp.o
[2380/3207] Building CXX object lib/Target/X86/CMakeFiles/LLVMX86CodeGen.dir/X86CallingConv.cpp.o
[2381/3207] Linking CXX static library lib/libLLVMSymbolize.a
[2382/3207] Building CXX object lib/Target/X86/CMakeFiles/LLVMX86CodeGen.dir/X86CmovConversion.cpp.o
[2383/3207] Building CXX object lib/Target/X86/CMakeFiles/LLVMX86CodeGen.dir/X86DomainReassignment.cpp.o
[2384/3207] Building CXX object lib/Target/X86/CMakeFiles/LLVMX86CodeGen.dir/X86CodeGenPassBuilder.cpp.o
[2385/3207] Building CXX object lib/Target/X86/CMakeFiles/LLVMX86CodeGen.dir/X86DiscriminateMemOps.cpp.o
[2386/3207] Building CXX object lib/Target/X86/CMakeFiles/LLVMX86CodeGen.dir/X86LowerTileCopy.cpp.o
[2387/3207] Building CXX object lib/Target/X86/CMakeFiles/LLVMX86CodeGen.dir/X86LowerAMXType.cpp.o
[2388/3207] Building CXX object lib/Target/X86/CMakeFiles/LLVMX86CodeGen.dir/X86LowerAMXIntrinsics.cpp.o
[2389/3207] Building CXX object lib/Target/X86/CMakeFiles/LLVMX86CodeGen.dir/X86TileConfig.cpp.o
[2390/3207] Building CXX object lib/Target/X86/CMakeFiles/LLVMX86CodeGen.dir/X86FastPreTileConfig.cpp.o
[2391/3207] Building CXX object lib/Target/X86/CMakeFiles/LLVMX86CodeGen.dir/X86FastTileConfig.cpp.o
[2392/3207] Building CXX object lib/Target/X86/CMakeFiles/LLVMX86CodeGen.dir/X86PreTileConfig.cpp.o
[2393/3207] Building CXX object lib/Target/X86/CMakeFiles/LLVMX86CodeGen.dir/X86ExpandPseudo.cpp.o
[2394/3207] Building CXX object lib/Target/X86/CMakeFiles/LLVMX86CodeGen.dir/X86FixupBWInsts.cpp.o
[2395/3207] Building CXX object lib/Target/X86/CMakeFiles/LLVMX86CodeGen.dir/X86FixupLEAs.cpp.o
[2396/3207] Building CXX object lib/Target/X86/CMakeFiles/LLVMX86CodeGen.dir/X86FastISel.cpp.o
[2397/3207] Building CXX object lib/Target/X86/CMakeFiles/LLVMX86CodeGen.dir/X86FixupInstTuning.cpp.o
[2398/3207] Building CXX object lib/Target/X86/CMakeFiles/LLVMX86CodeGen.dir/X86FixupVectorConstants.cpp.o
[2399/3207] Building CXX object lib/Target/X86/CMakeFiles/LLVMX86CodeGen.dir/X86AvoidStoreForwardingBlocks.cpp.o
[2400/3207] Building CXX object lib/Target/X86/CMakeFiles/LLVMX86CodeGen.dir/X86DynAllocaExpander.cpp.o
[2401/3207] Building CXX object lib/Target/X86/CMakeFiles/LLVMX86CodeGen.dir/X86FixupSetCC.cpp.o
[2402/3207] Building CXX object lib/Target/X86/CMakeFiles/LLVMX86CodeGen.dir/X86FloatingPoint.cpp.o
[2403/3207] Building CXX object lib/Target/X86/CMakeFiles/LLVMX86CodeGen.dir/X86FlagsCopyLowering.cpp.o
[2404/3207] Building CXX object tools/clang/lib/AST/CMakeFiles/obj.clangAST.dir/ByteCode/EvaluationResult.cpp.o
[2405/3207] Building CXX object lib/Target/X86/CMakeFiles/LLVMX86CodeGen.dir/X86FrameLowering.cpp.o
[2406/3207] Building CXX object lib/Target/X86/CMakeFiles/LLVMX86CodeGen.dir/X86ISelDAGToDAG.cpp.o
[2407/3207] Building CXX object lib/Target/X86/CMakeFiles/LLVMX86CodeGen.dir/X86ISelLowering.cpp.o
[2408/3207] Building CXX object lib/Target/X86/CMakeFiles/LLVMX86CodeGen.dir/X86ISelLoweringCall.cpp.o
[2409/3207] Building CXX object lib/Target/X86/CMakeFiles/LLVMX86CodeGen.dir/X86IndirectBranchTracking.cpp.o
[2410/3207] Building CXX object lib/Target/X86/CMakeFiles/LLVMX86CodeGen.dir/X86IndirectThunks.cpp.o
[2411/3207] Building CXX object lib/Target/X86/CMakeFiles/LLVMX86CodeGen.dir/X86InterleavedAccess.cpp.o
[2412/3207] Building CXX object lib/Target/X86/CMakeFiles/LLVMX86CodeGen.dir/X86InsertPrefetch.cpp.o
[2413/3207] Building CXX object lib/Target/X86/CMakeFiles/LLVMX86CodeGen.dir/X86InstCombineIntrinsic.cpp.o
[2414/3207] Building CXX object lib/Target/X86/CMakeFiles/LLVMX86CodeGen.dir/X86InstrFMA3Info.cpp.o
[2415/3207] Building CXX object lib/Target/X86/CMakeFiles/LLVMX86CodeGen.dir/X86InstrInfo.cpp.o
[2416/3207] Building CXX object lib/Target/X86/CMakeFiles/LLVMX86CodeGen.dir/X86InstrFoldTables.cpp.o
[2417/3207] Building CXX object lib/Target/X86/CMakeFiles/LLVMX86CodeGen.dir/X86CompressEVEX.cpp.o
[2418/3207] Building CXX object lib/Target/X86/CMakeFiles/LLVMX86CodeGen.dir/X86LoadValueInjectionRetHardening.cpp.o
[2419/3207] Building CXX object lib/Target/X86/CMakeFiles/LLVMX86CodeGen.dir/X86LoadValueInjectionLoadHardening.cpp.o
[2420/3207] Building CXX object lib/Target/X86/CMakeFiles/LLVMX86CodeGen.dir/X86MCInstLower.cpp.o
[2421/3207] Building CXX object lib/Target/X86/CMakeFiles/LLVMX86CodeGen.dir/X86MachineFunctionInfo.cpp.o
[2422/3207] Building CXX object lib/Target/X86/CMakeFiles/LLVMX86CodeGen.dir/X86MacroFusion.cpp.o
[2423/3207] Building CXX object lib/Target/X86/CMakeFiles/LLVMX86CodeGen.dir/X86OptimizeLEAs.cpp.o
[2424/3207] Building CXX object tools/clang/lib/AST/CMakeFiles/obj.clangAST.dir/ByteCode/EvalEmitter.cpp.o
FAILED: tools/clang/lib/AST/CMakeFiles/obj.clangAST.dir/ByteCode/EvalEmitter.cpp.o 
CCACHE_CPP2=yes CCACHE_HASHDIR=yes CCACHE_SLOPPINESS=pch_defines,time_macros /usr/bin/ccache /usr/bin/c++ -DCLANG_EXPORTS -DGTEST_HAS_RTTI=0 -D_GLIBCXX_USE_CXX11_ABI=1 -D_GNU_SOURCE -D__STDC_CONSTANT_MACROS -D__STDC_FORMAT_MACROS -D__STDC_LIMIT_MACROS -I/tmp/llvm-project-build-stage1/tools/clang/lib/AST -I/var/llvm-compile-time-tracker/llvm-project/clang/lib/AST -I/var/llvm-compile-time-tracker/llvm-project/clang/include -I/tmp/llvm-project-build-stage1/tools/clang/include -I/tmp/llvm-project-build-stage1/include -I/var/llvm-compile-time-tracker/llvm-project/llvm/include -fPIC -fno-semantic-interposition -fvisibility-inlines-hidden -Werror=date-time -Wall -Wextra -Wno-unused-parameter -Wwrite-strings -Wcast-qual -Wno-missing-field-initializers -pedantic -Wno-long-long -Wimplicit-fallthrough -Wno-uninitialized -Wno-nonnull -Wno-class-memaccess -Wno-redundant-move -Wno-pessimizing-move -Wno-array-bounds -Wno-stringop-overread -Wno-noexcept-type -Wdelete-non-virtual-dtor -Wsuggest-override -Wno-comment -Wno-misleading-indentation -Wctad-maybe-unsupported -fdiagnostics-color -ffunction-sections -fdata-sections -fno-common -Woverloaded-virtual -O3 -DNDEBUG  -fno-exceptions -funwind-tables -fno-rtti -std=c++17 -MD -MT tools/clang/lib/AST/CMakeFiles/obj.clangAST.dir/ByteCode/EvalEmitter.cpp.o -MF tools/clang/lib/AST/CMakeFiles/obj.clangAST.dir/ByteCode/EvalEmitter.cpp.o.d -o tools/clang/lib/AST/CMakeFiles/obj.clangAST.dir/ByteCode/EvalEmitter.cpp.o -c /var/llvm-compile-time-tracker/llvm-project/clang/lib/AST/ByteCode/EvalEmitter.cpp
In file included from /var/llvm-compile-time-tracker/llvm-project/clang/lib/AST/ByteCode/EvalEmitter.cpp:12:
/var/llvm-compile-time-tracker/llvm-project/clang/lib/AST/ByteCode/Interp.h: In function ‘std::optional<clang::interp::Pointer> clang::interp::OffsetHelper(clang::interp::InterpState&, clang::interp::CodePtr, const T&, const clang::interp::Pointer&, bool)’:
/var/llvm-compile-time-tracker/llvm-project/clang/lib/AST/ByteCode/Interp.h:2357:5: error: expected primary-expression before ‘<<’ token
 2357 |     << Ptr.getCapacity() << '\n';
      |     ^~
[2425/3207] Building CXX object lib/Target/X86/CMakeFiles/LLVMX86CodeGen.dir/X86PadShortFunction.cpp.o
[2426/3207] Building CXX object lib/Target/X86/CMakeFiles/LLVMX86CodeGen.dir/X86RegisterInfo.cpp.o
[2427/3207] Building CXX object lib/Target/X86/CMakeFiles/LLVMX86CodeGen.dir/X86PartialReduction.cpp.o
[2428/3207] Building CXX object lib/Target/X86/CMakeFiles/LLVMX86CodeGen.dir/X86ReturnThunks.cpp.o
[2429/3207] Building CXX object tools/clang/lib/AST/CMakeFiles/obj.clangAST.dir/ByteCode/InterpBuiltinBitCast.cpp.o
[2430/3207] Building CXX object tools/clang/lib/AST/CMakeFiles/obj.clangAST.dir/ByteCode/InterpBuiltin.cpp.o
FAILED: tools/clang/lib/AST/CMakeFiles/obj.clangAST.dir/ByteCode/InterpBuiltin.cpp.o 
CCACHE_CPP2=yes CCACHE_HASHDIR=yes CCACHE_SLOPPINESS=pch_defines,time_macros /usr/bin/ccache /usr/bin/c++ -DCLANG_EXPORTS -DGTEST_HAS_RTTI=0 -D_GLIBCXX_USE_CXX11_ABI=1 -D_GNU_SOURCE -D__STDC_CONSTANT_MACROS -D__STDC_FORMAT_MACROS -D__STDC_LIMIT_MACROS -I/tmp/llvm-project-build-stage1/tools/clang/lib/AST -I/var/llvm-compile-time-tracker/llvm-project/clang/lib/AST -I/var/llvm-compile-time-tracker/llvm-project/clang/include -I/tmp/llvm-project-build-stage1/tools/clang/include -I/tmp/llvm-project-build-stage1/include -I/var/llvm-compile-time-tracker/llvm-project/llvm/include -fPIC -fno-semantic-interposition -fvisibility-inlines-hidden -Werror=date-time -Wall -Wextra -Wno-unused-parameter -Wwrite-strings -Wcast-qual -Wno-missing-field-initializers -pedantic -Wno-long-long -Wimplicit-fallthrough -Wno-uninitialized -Wno-nonnull -Wno-class-memaccess -Wno-redundant-move -Wno-pessimizing-move -Wno-array-bounds -Wno-stringop-overread -Wno-noexcept-type -Wdelete-non-virtual-dtor -Wsuggest-override -Wno-comment -Wno-misleading-indentation -Wctad-maybe-unsupported -fdiagnostics-color -ffunction-sections -fdata-sections -fno-common -Woverloaded-virtual -O3 -DNDEBUG  -fno-exceptions -funwind-tables -fno-rtti -std=c++17 -MD -MT tools/clang/lib/AST/CMakeFiles/obj.clangAST.dir/ByteCode/InterpBuiltin.cpp.o -MF tools/clang/lib/AST/CMakeFiles/obj.clangAST.dir/ByteCode/InterpBuiltin.cpp.o.d -o tools/clang/lib/AST/CMakeFiles/obj.clangAST.dir/ByteCode/InterpBuiltin.cpp.o -c /var/llvm-compile-time-tracker/llvm-project/clang/lib/AST/ByteCode/InterpBuiltin.cpp
In file included from /var/llvm-compile-time-tracker/llvm-project/clang/lib/AST/ByteCode/InterpBuiltin.cpp:11:
/var/llvm-compile-time-tracker/llvm-project/clang/lib/AST/ByteCode/Interp.h: In function ‘std::optional<clang::interp::Pointer> clang::interp::OffsetHelper(clang::interp::InterpState&, clang::interp::CodePtr, const T&, const clang::interp::Pointer&, bool)’:
/var/llvm-compile-time-tracker/llvm-project/clang/lib/AST/ByteCode/Interp.h:2357:5: error: expected primary-expression before ‘<<’ token
 2357 |     << Ptr.getCapacity() << '\n';
      |     ^~
[2431/3207] Building CXX object tools/clang/lib/AST/CMakeFiles/obj.clangAST.dir/ByteCode/Context.cpp.o
FAILED: tools/clang/lib/AST/CMakeFiles/obj.clangAST.dir/ByteCode/Context.cpp.o 
CCACHE_CPP2=yes CCACHE_HASHDIR=yes CCACHE_SLOPPINESS=pch_defines,time_macros /usr/bin/ccache /usr/bin/c++ -DCLANG_EXPORTS -DGTEST_HAS_RTTI=0 -D_GLIBCXX_USE_CXX11_ABI=1 -D_GNU_SOURCE -D__STDC_CONSTANT_MACROS -D__STDC_FORMAT_MACROS -D__STDC_LIMIT_MACROS -I/tmp/llvm-project-build-stage1/tools/clang/lib/AST -I/var/llvm-compile-time-tracker/llvm-project/clang/lib/AST -I/var/llvm-compile-time-tracker/llvm-project/clang/include -I/tmp/llvm-project-build-stage1/tools/clang/include -I/tmp/llvm-project-build-stage1/include -I/var/llvm-compile-time-tracker/llvm-project/llvm/include -fPIC -fno-semantic-interposition -fvisibility-inlines-hidden -Werror=date-time -Wall -Wextra -Wno-unused-parameter -Wwrite-strings -Wcast-qual -Wno-missing-field-initializers -pedantic -Wno-long-long -Wimplicit-fallthrough -Wno-uninitialized -Wno-nonnull -Wno-class-memaccess -Wno-redundant-move -Wno-pessimizing-move -Wno-array-bounds -Wno-stringop-overread -Wno-noexcept-type -Wdelete-non-virtual-dtor -Wsuggest-override -Wno-comment -Wno-misleading-indentation -Wctad-maybe-unsupported -fdiagnostics-color -ffunction-sections -fdata-sections -fno-common -Woverloaded-virtual -O3 -DNDEBUG  -fno-exceptions -funwind-tables -fno-rtti -std=c++17 -MD -MT tools/clang/lib/AST/CMakeFiles/obj.clangAST.dir/ByteCode/Context.cpp.o -MF tools/clang/lib/AST/CMakeFiles/obj.clangAST.dir/ByteCode/Context.cpp.o.d -o tools/clang/lib/AST/CMakeFiles/obj.clangAST.dir/ByteCode/Context.cpp.o -c /var/llvm-compile-time-tracker/llvm-project/clang/lib/AST/ByteCode/Context.cpp
In file included from /var/llvm-compile-time-tracker/llvm-project/clang/lib/AST/ByteCode/Context.cpp:13:
/var/llvm-compile-time-tracker/llvm-project/clang/lib/AST/ByteCode/Interp.h: In function ‘std::optional<clang::interp::Pointer> clang::interp::OffsetHelper(clang::interp::InterpState&, clang::interp::CodePtr, const T&, const clang::interp::Pointer&, bool)’:
/var/llvm-compile-time-tracker/llvm-project/clang/lib/AST/ByteCode/Interp.h:2357:5: error: expected primary-expression before ‘<<’ token
 2357 |     << Ptr.getCapacity() << '\n';
      |     ^~
[2432/3207] Building CXX object tools/clang/lib/AST/CMakeFiles/obj.clangAST.dir/ByteCode/DynamicAllocator.cpp.o
[2433/3207] Building CXX object tools/clang/lib/AST/CMakeFiles/obj.clangAST.dir/ByteCode/InterpBlock.cpp.o
[2434/3207] Building AArch64GenSubtargetInfo.inc...
[2435/3207] Building CXX object tools/clang/lib/AST/CMakeFiles/obj.clangAST.dir/ByteCode/ByteCodeEmitter.cpp.o
[2436/3207] Building AArch64GenInstrInfo.inc...
[2437/3207] Building CXX object tools/clang/lib/AST/CMakeFiles/obj.clangAST.dir/ByteCode/Interp.cpp.o
FAILED: tools/clang/lib/AST/CMakeFiles/obj.clangAST.dir/ByteCode/Interp.cpp.o 
CCACHE_CPP2=yes CCACHE_HASHDIR=yes CCACHE_SLOPPINESS=pch_defines,time_macros /usr/bin/ccache /usr/bin/c++ -DCLANG_EXPORTS -DGTEST_HAS_RTTI=0 -D_GLIBCXX_USE_CXX11_ABI=1 -D_GNU_SOURCE -D__STDC_CONSTANT_MACROS -D__STDC_FORMAT_MACROS -D__STDC_LIMIT_MACROS -I/tmp/llvm-project-build-stage1/tools/clang/lib/AST -I/var/llvm-compile-time-tracker/llvm-project/clang/lib/AST -I/var/llvm-compile-time-tracker/llvm-project/clang/include -I/tmp/llvm-project-build-stage1/tools/clang/include -I/tmp/llvm-project-build-stage1/include -I/var/llvm-compile-time-tracker/llvm-project/llvm/include -fPIC -fno-semantic-interposition -fvisibility-inlines-hidden -Werror=date-time -Wall -Wextra -Wno-unused-parameter -Wwrite-strings -Wcast-qual -Wno-missing-field-initializers -pedantic -Wno-long-long -Wimplicit-fallthrough -Wno-uninitialized -Wno-nonnull -Wno-class-memaccess -Wno-redundant-move -Wno-pessimizing-move -Wno-array-bounds -Wno-stringop-overread -Wno-noexcept-type -Wdelete-non-virtual-dtor -Wsuggest-override -Wno-comment -Wno-misleading-indentation -Wctad-maybe-unsupported -fdiagnostics-color -ffunction-sections -fdata-sections -fno-common -Woverloaded-virtual -O3 -DNDEBUG  -fno-exceptions -funwind-tables -fno-rtti -std=c++17 -MD -MT tools/clang/lib/AST/CMakeFiles/obj.clangAST.dir/ByteCode/Interp.cpp.o -MF tools/clang/lib/AST/CMakeFiles/obj.clangAST.dir/ByteCode/Interp.cpp.o.d -o tools/clang/lib/AST/CMakeFiles/obj.clangAST.dir/ByteCode/Interp.cpp.o -c /var/llvm-compile-time-tracker/llvm-project/clang/lib/AST/ByteCode/Interp.cpp
In file included from /var/llvm-compile-time-tracker/llvm-project/clang/lib/AST/ByteCode/Interp.cpp:9:
/var/llvm-compile-time-tracker/llvm-project/clang/lib/AST/ByteCode/Interp.h: In function ‘std::optional<clang::interp::Pointer> clang::interp::OffsetHelper(clang::interp::InterpState&, clang::interp::CodePtr, const T&, const clang::interp::Pointer&, bool)’:
/var/llvm-compile-time-tracker/llvm-project/clang/lib/AST/ByteCode/Interp.h:2357:5: error: expected primary-expression before ‘<<’ token
 2357 |     << Ptr.getCapacity() << '\n';
      |     ^~
[2438/3207] Building CXX object tools/clang/lib/AST/CMakeFiles/obj.clangAST.dir/ByteCode/Disasm.cpp.o
[2439/3207] Building CXX object tools/clang/lib/AST/CMakeFiles/obj.clangAST.dir/ByteCode/Compiler.cpp.o
[2440/3207] Building CXX object tools/clang/lib/AST/CMakeFiles/obj.clangAST.dir/ExprConstant.cpp.o
[2441/3207] Building CXX object tools/clang/lib/AST/CMakeFiles/obj.clangAST.dir/ASTContext.cpp.o
ninja: build stopped: subcommand failed.


STDERR:
CMake Deprecation Warning at /var/llvm-compile-time-tracker/llvm-project/clang/CMakeLists.txt:456 (message):
  'CLANG_ENABLE_ARCMT' is deprecated as ARCMigrate has been removed from
  Clang.  Please use 'CLANG_ENABLE_OBJC_REWRITER' instead to enable or
  disable the Objective-C rewriter.


Command exited with non-zero status 1
210.54user 16.17system 0:24.67elapsed 918%CPU (0avgtext+0avgdata 1250468maxresident)k
288inputs+1645104outputs (3244major+8838031minor)pagefaults 0swaps
