MESSAGE: Execution of "sudo -u lctt-runner ./build_llvm_project_stage1.sh" failed

STDOUT:
      |           ~~~~^
/var/llvm-compile-time-tracker/llvm-project/llvm/include/llvm/ADT/SparseBitVector.h:55:11: note: while referencing ‘llvm::SparseBitVectorElement<128>::Bits’
   55 |   BitWord Bits[BITWORDS_PER_ELEMENT];
      |           ^~~~
/var/llvm-compile-time-tracker/llvm-project/llvm/include/llvm/ADT/SparseBitVector.h: In member function ‘llvm::Error llvm::pdb::HashTable<ValueT>::load(llvm::BinaryStreamReader&) [with ValueT = llvm::support::detail::packed_endian_specific_integral<unsigned int, llvm::endianness::little, 1>]’:
/var/llvm-compile-time-tracker/llvm-project/llvm/include/llvm/ADT/SparseBitVector.h:130:15: warning: array subscript 2 is above array bounds of ‘const BitWord [2]’ {aka ‘const long unsigned int [2]’} [-Warray-bounds]
  130 |       if (Bits[i] != 0)
      |           ~~~~^
/var/llvm-compile-time-tracker/llvm-project/llvm/include/llvm/ADT/SparseBitVector.h:55:11: note: while referencing ‘llvm::SparseBitVectorElement<128>::Bits’
   55 |   BitWord Bits[BITWORDS_PER_ELEMENT];
      |           ^~~~
/var/llvm-compile-time-tracker/llvm-project/llvm/include/llvm/ADT/SparseBitVector.h:130:15: warning: array subscript 2 is above array bounds of ‘const BitWord [2]’ {aka ‘const long unsigned int [2]’} [-Warray-bounds]
  130 |       if (Bits[i] != 0)
      |           ~~~~^
/var/llvm-compile-time-tracker/llvm-project/llvm/include/llvm/ADT/SparseBitVector.h:55:11: note: while referencing ‘llvm::SparseBitVectorElement<128>::Bits’
   55 |   BitWord Bits[BITWORDS_PER_ELEMENT];
      |           ^~~~
/var/llvm-compile-time-tracker/llvm-project/llvm/include/llvm/ADT/SparseBitVector.h: In member function ‘void llvm::pdb::HashTable<ValueT>::grow(TraitsT&) [with TraitsT = llvm::pdb::NamedStreamMapTraits; ValueT = llvm::support::detail::packed_endian_specific_integral<unsigned int, llvm::endianness::little, 1>]’:
/var/llvm-compile-time-tracker/llvm-project/llvm/include/llvm/ADT/SparseBitVector.h:130:15: warning: array subscript 2 is above array bounds of ‘const BitWord [2]’ {aka ‘const long unsigned int [2]’} [-Warray-bounds]
  130 |       if (Bits[i] != 0)
      |           ~~~~^
/var/llvm-compile-time-tracker/llvm-project/llvm/include/llvm/ADT/SparseBitVector.h:55:11: note: while referencing ‘llvm::SparseBitVectorElement<128>::Bits’
   55 |   BitWord Bits[BITWORDS_PER_ELEMENT];
      |           ^~~~
[1737/2676] Building CXX object lib/DebugInfo/PDB/CMakeFiles/LLVMDebugInfoPDB.dir/Native/NativeSession.cpp.o
[1738/2676] Building CXX object lib/DebugInfo/PDB/CMakeFiles/LLVMDebugInfoPDB.dir/Native/PDBStringTable.cpp.o
[1739/2676] Building CXX object lib/DebugInfo/PDB/CMakeFiles/LLVMDebugInfoPDB.dir/Native/PDBStringTableBuilder.cpp.o
[1740/2676] Building CXX object lib/DebugInfo/PDB/CMakeFiles/LLVMDebugInfoPDB.dir/Native/PublicsStream.cpp.o
[1741/2676] Building CXX object lib/DebugInfo/PDB/CMakeFiles/LLVMDebugInfoPDB.dir/Native/RawError.cpp.o
[1742/2676] Building CXX object lib/DebugInfo/PDB/CMakeFiles/LLVMDebugInfoPDB.dir/Native/PDBFileBuilder.cpp.o
In file included from /var/llvm-compile-time-tracker/llvm-project/llvm/include/llvm/DebugInfo/PDB/Native/HashTable.h:12,
                 from /var/llvm-compile-time-tracker/llvm-project/llvm/include/llvm/DebugInfo/PDB/Native/PDBFileBuilder.h:14,
                 from /var/llvm-compile-time-tracker/llvm-project/llvm/lib/DebugInfo/PDB/Native/PDBFileBuilder.cpp:9:
/var/llvm-compile-time-tracker/llvm-project/llvm/include/llvm/ADT/SparseBitVector.h: In member function ‘void llvm::pdb::PDBFileBuilder::commitSrcHeaderBlock(llvm::WritableBinaryStream&, const llvm::msf::MSFLayout&)’:
/var/llvm-compile-time-tracker/llvm-project/llvm/include/llvm/ADT/SparseBitVector.h:130:15: warning: array subscript 2 is above array bounds of ‘const BitWord [2]’ {aka ‘const long unsigned int [2]’} [-Warray-bounds]
  130 |       if (Bits[i] != 0)
      |           ~~~~^
/var/llvm-compile-time-tracker/llvm-project/llvm/include/llvm/ADT/SparseBitVector.h:55:11: note: while referencing ‘llvm::SparseBitVectorElement<128>::Bits’
   55 |   BitWord Bits[BITWORDS_PER_ELEMENT];
      |           ^~~~
/var/llvm-compile-time-tracker/llvm-project/llvm/include/llvm/ADT/SparseBitVector.h: In member function ‘void llvm::pdb::HashTable<ValueT>::grow(TraitsT&) [with TraitsT = llvm::pdb::StringTableHashTraits; ValueT = llvm::pdb::SrcHeaderBlockEntry]’:
/var/llvm-compile-time-tracker/llvm-project/llvm/include/llvm/ADT/SparseBitVector.h:130:15: warning: array subscript 2 is above array bounds of ‘const BitWord [2]’ {aka ‘const long unsigned int [2]’} [-Warray-bounds]
  130 |       if (Bits[i] != 0)
      |           ~~~~^
/var/llvm-compile-time-tracker/llvm-project/llvm/include/llvm/ADT/SparseBitVector.h:55:11: note: while referencing ‘llvm::SparseBitVectorElement<128>::Bits’
   55 |   BitWord Bits[BITWORDS_PER_ELEMENT];
      |           ^~~~
/var/llvm-compile-time-tracker/llvm-project/llvm/include/llvm/ADT/SparseBitVector.h: In member function ‘llvm::Error llvm::pdb::PDBFileBuilder::finalizeMsfLayout()’:
/var/llvm-compile-time-tracker/llvm-project/llvm/include/llvm/ADT/SparseBitVector.h:139:15: warning: array subscript 4294967295 is above array bounds of ‘const BitWord [2]’ {aka ‘const long unsigned int [2]’} [-Warray-bounds]
  139 |       if (Bits[Idx] != 0)
      |           ~~~~^
/var/llvm-compile-time-tracker/llvm-project/llvm/include/llvm/ADT/SparseBitVector.h:55:11: note: while referencing ‘llvm::SparseBitVectorElement<128>::Bits’
   55 |   BitWord Bits[BITWORDS_PER_ELEMENT];
      |           ^~~~
/var/llvm-compile-time-tracker/llvm-project/llvm/include/llvm/ADT/SparseBitVector.h:139:15: warning: array subscript 4294967295 is above array bounds of ‘const BitWord [2]’ {aka ‘const long unsigned int [2]’} [-Warray-bounds]
  139 |       if (Bits[Idx] != 0)
      |           ~~~~^
/var/llvm-compile-time-tracker/llvm-project/llvm/include/llvm/ADT/SparseBitVector.h:55:11: note: while referencing ‘llvm::SparseBitVectorElement<128>::Bits’
   55 |   BitWord Bits[BITWORDS_PER_ELEMENT];
      |           ^~~~
[1743/2676] Building CXX object lib/DebugInfo/PDB/CMakeFiles/LLVMDebugInfoPDB.dir/Native/GSIStreamBuilder.cpp.o
[1744/2676] Building CXX object lib/DebugInfo/PDB/CMakeFiles/LLVMDebugInfoPDB.dir/Native/TpiHashing.cpp.o
[1745/2676] Building CXX object lib/DebugInfo/PDB/CMakeFiles/LLVMDebugInfoPDB.dir/Native/SymbolCache.cpp.o
[1746/2676] Building CXX object lib/DebugInfo/PDB/CMakeFiles/LLVMDebugInfoPDB.dir/Native/TpiStream.cpp.o
In file included from /var/llvm-compile-time-tracker/llvm-project/llvm/include/llvm/DebugInfo/PDB/Native/HashTable.h:12,
                 from /var/llvm-compile-time-tracker/llvm-project/llvm/include/llvm/DebugInfo/PDB/Native/TpiStream.h:13,
                 from /var/llvm-compile-time-tracker/llvm-project/llvm/lib/DebugInfo/PDB/Native/TpiStream.cpp:9:
/var/llvm-compile-time-tracker/llvm-project/llvm/include/llvm/ADT/SparseBitVector.h: In member function ‘llvm::Error llvm::pdb::HashTable<ValueT>::load(llvm::BinaryStreamReader&) [with ValueT = llvm::support::detail::packed_endian_specific_integral<unsigned int, llvm::endianness::little, 1>]’:
/var/llvm-compile-time-tracker/llvm-project/llvm/include/llvm/ADT/SparseBitVector.h:130:15: warning: array subscript 2 is above array bounds of ‘const BitWord [2]’ {aka ‘const long unsigned int [2]’} [-Warray-bounds]
  130 |       if (Bits[i] != 0)
      |           ~~~~^
/var/llvm-compile-time-tracker/llvm-project/llvm/include/llvm/ADT/SparseBitVector.h:55:11: note: while referencing ‘llvm::SparseBitVectorElement<128>::Bits’
   55 |   BitWord Bits[BITWORDS_PER_ELEMENT];
      |           ^~~~
/var/llvm-compile-time-tracker/llvm-project/llvm/include/llvm/ADT/SparseBitVector.h:130:15: warning: array subscript 2 is above array bounds of ‘const BitWord [2]’ {aka ‘const long unsigned int [2]’} [-Warray-bounds]
  130 |       if (Bits[i] != 0)
      |           ~~~~^
/var/llvm-compile-time-tracker/llvm-project/llvm/include/llvm/ADT/SparseBitVector.h:55:11: note: while referencing ‘llvm::SparseBitVectorElement<128>::Bits’
   55 |   BitWord Bits[BITWORDS_PER_ELEMENT];
      |           ^~~~
[1747/2676] Building CXX object lib/DebugInfo/PDB/CMakeFiles/LLVMDebugInfoPDB.dir/Native/TpiStreamBuilder.cpp.o
[1748/2676] Building CXX object lib/DebugInfo/Symbolize/CMakeFiles/LLVMSymbolize.dir/Markup.cpp.o
[1749/2676] Building CXX object lib/DebugInfo/Symbolize/CMakeFiles/LLVMSymbolize.dir/DIPrinter.cpp.o
[1750/2676] Building CXX object lib/DebugInfo/Symbolize/CMakeFiles/LLVMSymbolize.dir/MarkupFilter.cpp.o
[1751/2676] Building CXX object lib/DebugInfo/PDB/CMakeFiles/LLVMDebugInfoPDB.dir/Native/SymbolStream.cpp.o
[1752/2676] Building CXX object lib/DebugInfo/Symbolize/CMakeFiles/LLVMSymbolize.dir/SymbolizableObjectFile.cpp.o
[1753/2676] Building CXX object lib/DebugInfo/Symbolize/CMakeFiles/LLVMSymbolize.dir/Symbolize.cpp.o
[1754/2676] Building CXX object lib/Target/CMakeFiles/LLVMTarget.dir/TargetIntrinsicInfo.cpp.o
[1755/2676] Building CXX object lib/Target/CMakeFiles/LLVMTarget.dir/Target.cpp.o
[1756/2676] Building CXX object lib/Target/CMakeFiles/LLVMTarget.dir/TargetMachineC.cpp.o
[1757/2676] Building CXX object lib/AsmParser/CMakeFiles/LLVMAsmParser.dir/Parser.cpp.o
[1758/2676] Building CXX object lib/ProfileData/CMakeFiles/LLVMProfileData.dir/GCOV.cpp.o
[1759/2676] Building CXX object lib/AsmParser/CMakeFiles/LLVMAsmParser.dir/LLParser.cpp.o
[1760/2676] Building CXX object lib/ProfileData/CMakeFiles/LLVMProfileData.dir/InstrProf.cpp.o
[1761/2676] Building CXX object lib/ProfileData/CMakeFiles/LLVMProfileData.dir/InstrProfReader.cpp.o
[1762/2676] Building CXX object lib/ProfileData/CMakeFiles/LLVMProfileData.dir/InstrProfCorrelator.cpp.o
[1763/2676] Building CXX object lib/ProfileData/CMakeFiles/LLVMProfileData.dir/MemProf.cpp.o
[1764/2676] Building CXX object lib/ProfileData/CMakeFiles/LLVMProfileData.dir/ItaniumManglingCanonicalizer.cpp.o
[1765/2676] Building CXX object lib/ProfileData/CMakeFiles/LLVMProfileData.dir/ProfileSummaryBuilder.cpp.o
[1766/2676] Building CXX object lib/ProfileData/CMakeFiles/LLVMProfileData.dir/InstrProfWriter.cpp.o
[1767/2676] Building CXX object lib/ProfileData/CMakeFiles/LLVMProfileData.dir/RawMemProfReader.cpp.o
[1768/2676] Building CXX object lib/MC/CMakeFiles/LLVMMC.dir/MCObjectStreamer.cpp.o
FAILED: lib/MC/CMakeFiles/LLVMMC.dir/MCObjectStreamer.cpp.o 
CCACHE_CPP2=yes CCACHE_HASHDIR=yes /usr/bin/ccache /usr/bin/c++ -DGTEST_HAS_RTTI=0 -D_GNU_SOURCE -D__STDC_CONSTANT_MACROS -D__STDC_FORMAT_MACROS -D__STDC_LIMIT_MACROS -I/tmp/llvm-project-build-stage1/lib/MC -I/var/llvm-compile-time-tracker/llvm-project/llvm/lib/MC -I/tmp/llvm-project-build-stage1/include -I/var/llvm-compile-time-tracker/llvm-project/llvm/include -fPIC -fno-semantic-interposition -fvisibility-inlines-hidden -Werror=date-time -fno-lifetime-dse -Wall -Wextra -Wno-unused-parameter -Wwrite-strings -Wcast-qual -Wno-missing-field-initializers -pedantic -Wno-long-long -Wimplicit-fallthrough -Wno-uninitialized -Wno-nonnull -Wno-class-memaccess -Wno-redundant-move -Wno-pessimizing-move -Wno-noexcept-type -Wdelete-non-virtual-dtor -Wsuggest-override -Wno-comment -Wno-misleading-indentation -Wctad-maybe-unsupported -fdiagnostics-color -ffunction-sections -fdata-sections -O3 -DNDEBUG  -fno-exceptions -funwind-tables -fno-rtti -std=c++17 -MD -MT lib/MC/CMakeFiles/LLVMMC.dir/MCObjectStreamer.cpp.o -MF lib/MC/CMakeFiles/LLVMMC.dir/MCObjectStreamer.cpp.o.d -o lib/MC/CMakeFiles/LLVMMC.dir/MCObjectStreamer.cpp.o -c /var/llvm-compile-time-tracker/llvm-project/llvm/lib/MC/MCObjectStreamer.cpp
/var/llvm-compile-time-tracker/llvm-project/llvm/lib/MC/MCObjectStreamer.cpp: In member function ‘virtual void llvm::MCObjectStreamer::emitFileDirective(llvm::StringRef, llvm::StringRef, llvm::StringRef, llvm::StringRef)’:
/var/llvm-compile-time-tracker/llvm-project/llvm/lib/MC/MCObjectStreamer.cpp:905:37: error: ‘CompilerVerion’ was not declared in this scope; did you mean ‘CompilerVersion’?
  905 |   getAssembler().setCompilerVersion(CompilerVerion.str());
      |                                     ^~~~~~~~~~~~~~
      |                                     CompilerVersion
[1769/2676] Building CXX object lib/ProfileData/CMakeFiles/LLVMProfileData.dir/SampleProf.cpp.o
[1770/2676] Building CXX object lib/ProfileData/CMakeFiles/LLVMProfileData.dir/SampleProfReader.cpp.o
[1771/2676] Building CXX object lib/ProfileData/CMakeFiles/LLVMProfileData.dir/SampleProfWriter.cpp.o
[1772/2676] Building CXX object lib/MC/MCParser/CMakeFiles/LLVMMCParser.dir/WasmAsmParser.cpp.o
[1773/2676] Building CXX object lib/MC/MCDisassembler/CMakeFiles/LLVMMCDisassembler.dir/Disassembler.cpp.o
[1774/2676] Building X86GenDAGISel.inc...
[1775/2676] Building CXX object lib/Object/CMakeFiles/LLVMObject.dir/SymbolSize.cpp.o
[1776/2676] Building CXX object lib/Object/CMakeFiles/LLVMObject.dir/ArchiveWriter.cpp.o
[1777/2676] Building CXX object lib/Object/CMakeFiles/LLVMObject.dir/XCOFFObjectFile.cpp.o
[1778/2676] Building CXX object lib/Object/CMakeFiles/LLVMObject.dir/RecordStreamer.cpp.o
[1779/2676] Building CXX object lib/Object/CMakeFiles/LLVMObject.dir/ModuleSymbolTable.cpp.o
[1780/2676] Building CXX object lib/Target/CMakeFiles/LLVMTarget.dir/TargetLoweringObjectFile.cpp.o
[1781/2676] Building CXX object lib/Target/CMakeFiles/LLVMTarget.dir/TargetMachine.cpp.o
[1782/2676] Building X86GenInstrInfo.inc...
[1783/2676] Building X86GenSubtargetInfo.inc...
[1784/2676] Building CXX object lib/MC/MCParser/CMakeFiles/LLVMMCParser.dir/AsmParser.cpp.o
[1785/2676] Building CXX object lib/MC/MCParser/CMakeFiles/LLVMMCParser.dir/MasmParser.cpp.o
ninja: build stopped: subcommand failed.


STDERR:
Command exited with non-zero status 1
79.73user 10.10system 0:08.89elapsed 1010%CPU (0avgtext+0avgdata 827364maxresident)k
0inputs+711216outputs (9349major+5049825minor)pagefaults 0swaps
