MESSAGE: Execution of "sudo -u lctt-runner ./build_llvm_project_stage1.sh" failed

STDOUT:
In file included from /var/llvm-compile-time-tracker/llvm-project/clang/include/clang/Basic/CodeGenOptions.h:16,
                 from /var/llvm-compile-time-tracker/llvm-project/clang/lib/Basic/CodeGenOptions.cpp:9:
/var/llvm-compile-time-tracker/llvm-project/clang/include/clang/Basic/CFProtectionOptions.h:20:12: note: ‘CFBranchLabelSchemeKind’ declared here as ‘enum class clang::CFBranchLabelSchemeKind’
   20 | enum class CFBranchLabelSchemeKind {
      |            ^~~~~~~~~~~~~~~~~~~~~~~
[2207/3177] Building CXX object tools/clang/lib/Basic/CMakeFiles/obj.clangBasic.dir/Builtins.cpp.o
FAILED: tools/clang/lib/Basic/CMakeFiles/obj.clangBasic.dir/Builtins.cpp.o 
CCACHE_CPP2=yes CCACHE_HASHDIR=yes CCACHE_SLOPPINESS=pch_defines,time_macros /usr/bin/ccache /usr/bin/c++ -DCLANG_EXPORTS -DEXPERIMENTAL_KEY_INSTRUCTIONS -DGTEST_HAS_RTTI=0 -D_GNU_SOURCE -D__STDC_CONSTANT_MACROS -D__STDC_FORMAT_MACROS -D__STDC_LIMIT_MACROS -I/tmp/llvm-project-build-stage1/tools/clang/lib/Basic -I/var/llvm-compile-time-tracker/llvm-project/clang/lib/Basic -I/var/llvm-compile-time-tracker/llvm-project/clang/include -I/tmp/llvm-project-build-stage1/tools/clang/include -I/tmp/llvm-project-build-stage1/include -I/var/llvm-compile-time-tracker/llvm-project/llvm/include -fPIC -fno-semantic-interposition -fvisibility-inlines-hidden -Werror=date-time -Wall -Wextra -Wno-unused-parameter -Wwrite-strings -Wcast-qual -Wno-missing-field-initializers -pedantic -Wno-long-long -Wimplicit-fallthrough -Wno-uninitialized -Wno-nonnull -Wno-class-memaccess -Wno-redundant-move -Wno-pessimizing-move -Wno-noexcept-type -Wdelete-non-virtual-dtor -Wsuggest-override -Wno-comment -Wno-misleading-indentation -Wctad-maybe-unsupported -fdiagnostics-color -ffunction-sections -fdata-sections -fno-common -Woverloaded-virtual -O3 -DNDEBUG  -fno-exceptions -funwind-tables -fno-rtti -std=c++17 -MD -MT tools/clang/lib/Basic/CMakeFiles/obj.clangBasic.dir/Builtins.cpp.o -MF tools/clang/lib/Basic/CMakeFiles/obj.clangBasic.dir/Builtins.cpp.o.d -o tools/clang/lib/Basic/CMakeFiles/obj.clangBasic.dir/Builtins.cpp.o -c /var/llvm-compile-time-tracker/llvm-project/clang/lib/Basic/Builtins.cpp
In file included from /var/llvm-compile-time-tracker/llvm-project/clang/include/clang/Basic/TargetInfo.h:21,
                 from /var/llvm-compile-time-tracker/llvm-project/clang/lib/Basic/Builtins.cpp:17:
/var/llvm-compile-time-tracker/llvm-project/clang/include/clang/Basic/CodeGenOptions.h:60:9: error: declaration of ‘using CFBranchLabelSchemeKind = enum class clang::CFBranchLabelSchemeKind’ changes meaning of ‘CFBranchLabelSchemeKind’ [-fpermissive]
   60 |   using CFBranchLabelSchemeKind = CFBranchLabelSchemeKind;
      |         ^~~~~~~~~~~~~~~~~~~~~~~
In file included from /var/llvm-compile-time-tracker/llvm-project/clang/include/clang/Basic/LangOptions.h:17,
                 from /var/llvm-compile-time-tracker/llvm-project/clang/lib/Basic/Builtins.cpp:16:
/var/llvm-compile-time-tracker/llvm-project/clang/include/clang/Basic/CFProtectionOptions.h:20:12: note: ‘CFBranchLabelSchemeKind’ declared here as ‘enum class clang::CFBranchLabelSchemeKind’
   20 | enum class CFBranchLabelSchemeKind {
      |            ^~~~~~~~~~~~~~~~~~~~~~~
[2208/3177] Building CXX object tools/clang/lib/Basic/CMakeFiles/obj.clangBasic.dir/OpenCLOptions.cpp.o
FAILED: tools/clang/lib/Basic/CMakeFiles/obj.clangBasic.dir/OpenCLOptions.cpp.o 
CCACHE_CPP2=yes CCACHE_HASHDIR=yes CCACHE_SLOPPINESS=pch_defines,time_macros /usr/bin/ccache /usr/bin/c++ -DCLANG_EXPORTS -DEXPERIMENTAL_KEY_INSTRUCTIONS -DGTEST_HAS_RTTI=0 -D_GNU_SOURCE -D__STDC_CONSTANT_MACROS -D__STDC_FORMAT_MACROS -D__STDC_LIMIT_MACROS -I/tmp/llvm-project-build-stage1/tools/clang/lib/Basic -I/var/llvm-compile-time-tracker/llvm-project/clang/lib/Basic -I/var/llvm-compile-time-tracker/llvm-project/clang/include -I/tmp/llvm-project-build-stage1/tools/clang/include -I/tmp/llvm-project-build-stage1/include -I/var/llvm-compile-time-tracker/llvm-project/llvm/include -fPIC -fno-semantic-interposition -fvisibility-inlines-hidden -Werror=date-time -Wall -Wextra -Wno-unused-parameter -Wwrite-strings -Wcast-qual -Wno-missing-field-initializers -pedantic -Wno-long-long -Wimplicit-fallthrough -Wno-uninitialized -Wno-nonnull -Wno-class-memaccess -Wno-redundant-move -Wno-pessimizing-move -Wno-noexcept-type -Wdelete-non-virtual-dtor -Wsuggest-override -Wno-comment -Wno-misleading-indentation -Wctad-maybe-unsupported -fdiagnostics-color -ffunction-sections -fdata-sections -fno-common -Woverloaded-virtual -O3 -DNDEBUG  -fno-exceptions -funwind-tables -fno-rtti -std=c++17 -MD -MT tools/clang/lib/Basic/CMakeFiles/obj.clangBasic.dir/OpenCLOptions.cpp.o -MF tools/clang/lib/Basic/CMakeFiles/obj.clangBasic.dir/OpenCLOptions.cpp.o.d -o tools/clang/lib/Basic/CMakeFiles/obj.clangBasic.dir/OpenCLOptions.cpp.o -c /var/llvm-compile-time-tracker/llvm-project/clang/lib/Basic/OpenCLOptions.cpp
In file included from /var/llvm-compile-time-tracker/llvm-project/clang/include/clang/Basic/TargetInfo.h:21,
                 from /var/llvm-compile-time-tracker/llvm-project/clang/lib/Basic/OpenCLOptions.cpp:11:
/var/llvm-compile-time-tracker/llvm-project/clang/include/clang/Basic/CodeGenOptions.h:60:9: error: declaration of ‘using CFBranchLabelSchemeKind = enum class clang::CFBranchLabelSchemeKind’ changes meaning of ‘CFBranchLabelSchemeKind’ [-fpermissive]
   60 |   using CFBranchLabelSchemeKind = CFBranchLabelSchemeKind;
      |         ^~~~~~~~~~~~~~~~~~~~~~~
In file included from /var/llvm-compile-time-tracker/llvm-project/clang/include/clang/Basic/LangOptions.h:17,
                 from /var/llvm-compile-time-tracker/llvm-project/clang/include/clang/Basic/OpenCLOptions.h:17,
                 from /var/llvm-compile-time-tracker/llvm-project/clang/lib/Basic/OpenCLOptions.cpp:9:
/var/llvm-compile-time-tracker/llvm-project/clang/include/clang/Basic/CFProtectionOptions.h:20:12: note: ‘CFBranchLabelSchemeKind’ declared here as ‘enum class clang::CFBranchLabelSchemeKind’
   20 | enum class CFBranchLabelSchemeKind {
      |            ^~~~~~~~~~~~~~~~~~~~~~~
[2209/3177] Building CXX object tools/clang/lib/Basic/CMakeFiles/obj.clangBasic.dir/Attributes.cpp.o
FAILED: tools/clang/lib/Basic/CMakeFiles/obj.clangBasic.dir/Attributes.cpp.o 
CCACHE_CPP2=yes CCACHE_HASHDIR=yes CCACHE_SLOPPINESS=pch_defines,time_macros /usr/bin/ccache /usr/bin/c++ -DCLANG_EXPORTS -DEXPERIMENTAL_KEY_INSTRUCTIONS -DGTEST_HAS_RTTI=0 -D_GNU_SOURCE -D__STDC_CONSTANT_MACROS -D__STDC_FORMAT_MACROS -D__STDC_LIMIT_MACROS -I/tmp/llvm-project-build-stage1/tools/clang/lib/Basic -I/var/llvm-compile-time-tracker/llvm-project/clang/lib/Basic -I/var/llvm-compile-time-tracker/llvm-project/clang/include -I/tmp/llvm-project-build-stage1/tools/clang/include -I/tmp/llvm-project-build-stage1/include -I/var/llvm-compile-time-tracker/llvm-project/llvm/include -fPIC -fno-semantic-interposition -fvisibility-inlines-hidden -Werror=date-time -Wall -Wextra -Wno-unused-parameter -Wwrite-strings -Wcast-qual -Wno-missing-field-initializers -pedantic -Wno-long-long -Wimplicit-fallthrough -Wno-uninitialized -Wno-nonnull -Wno-class-memaccess -Wno-redundant-move -Wno-pessimizing-move -Wno-noexcept-type -Wdelete-non-virtual-dtor -Wsuggest-override -Wno-comment -Wno-misleading-indentation -Wctad-maybe-unsupported -fdiagnostics-color -ffunction-sections -fdata-sections -fno-common -Woverloaded-virtual -O3 -DNDEBUG  -fno-exceptions -funwind-tables -fno-rtti -std=c++17 -MD -MT tools/clang/lib/Basic/CMakeFiles/obj.clangBasic.dir/Attributes.cpp.o -MF tools/clang/lib/Basic/CMakeFiles/obj.clangBasic.dir/Attributes.cpp.o.d -o tools/clang/lib/Basic/CMakeFiles/obj.clangBasic.dir/Attributes.cpp.o -c /var/llvm-compile-time-tracker/llvm-project/clang/lib/Basic/Attributes.cpp
In file included from /var/llvm-compile-time-tracker/llvm-project/clang/include/clang/Basic/TargetInfo.h:21,
                 from /var/llvm-compile-time-tracker/llvm-project/clang/lib/Basic/Attributes.cpp:19:
/var/llvm-compile-time-tracker/llvm-project/clang/include/clang/Basic/CodeGenOptions.h:60:9: error: declaration of ‘using CFBranchLabelSchemeKind = enum class clang::CFBranchLabelSchemeKind’ changes meaning of ‘CFBranchLabelSchemeKind’ [-fpermissive]
   60 |   using CFBranchLabelSchemeKind = CFBranchLabelSchemeKind;
      |         ^~~~~~~~~~~~~~~~~~~~~~~
In file included from /var/llvm-compile-time-tracker/llvm-project/clang/include/clang/Basic/LangOptions.h:17,
                 from /var/llvm-compile-time-tracker/llvm-project/clang/lib/Basic/Attributes.cpp:16:
/var/llvm-compile-time-tracker/llvm-project/clang/include/clang/Basic/CFProtectionOptions.h:20:12: note: ‘CFBranchLabelSchemeKind’ declared here as ‘enum class clang::CFBranchLabelSchemeKind’
   20 | enum class CFBranchLabelSchemeKind {
      |            ^~~~~~~~~~~~~~~~~~~~~~~
[2210/3177] Building CXX object tools/clang/lib/Basic/CMakeFiles/obj.clangBasic.dir/Module.cpp.o
FAILED: tools/clang/lib/Basic/CMakeFiles/obj.clangBasic.dir/Module.cpp.o 
CCACHE_CPP2=yes CCACHE_HASHDIR=yes CCACHE_SLOPPINESS=pch_defines,time_macros /usr/bin/ccache /usr/bin/c++ -DCLANG_EXPORTS -DEXPERIMENTAL_KEY_INSTRUCTIONS -DGTEST_HAS_RTTI=0 -D_GNU_SOURCE -D__STDC_CONSTANT_MACROS -D__STDC_FORMAT_MACROS -D__STDC_LIMIT_MACROS -I/tmp/llvm-project-build-stage1/tools/clang/lib/Basic -I/var/llvm-compile-time-tracker/llvm-project/clang/lib/Basic -I/var/llvm-compile-time-tracker/llvm-project/clang/include -I/tmp/llvm-project-build-stage1/tools/clang/include -I/tmp/llvm-project-build-stage1/include -I/var/llvm-compile-time-tracker/llvm-project/llvm/include -fPIC -fno-semantic-interposition -fvisibility-inlines-hidden -Werror=date-time -Wall -Wextra -Wno-unused-parameter -Wwrite-strings -Wcast-qual -Wno-missing-field-initializers -pedantic -Wno-long-long -Wimplicit-fallthrough -Wno-uninitialized -Wno-nonnull -Wno-class-memaccess -Wno-redundant-move -Wno-pessimizing-move -Wno-noexcept-type -Wdelete-non-virtual-dtor -Wsuggest-override -Wno-comment -Wno-misleading-indentation -Wctad-maybe-unsupported -fdiagnostics-color -ffunction-sections -fdata-sections -fno-common -Woverloaded-virtual -O3 -DNDEBUG  -fno-exceptions -funwind-tables -fno-rtti -std=c++17 -MD -MT tools/clang/lib/Basic/CMakeFiles/obj.clangBasic.dir/Module.cpp.o -MF tools/clang/lib/Basic/CMakeFiles/obj.clangBasic.dir/Module.cpp.o.d -o tools/clang/lib/Basic/CMakeFiles/obj.clangBasic.dir/Module.cpp.o -c /var/llvm-compile-time-tracker/llvm-project/clang/lib/Basic/Module.cpp
In file included from /var/llvm-compile-time-tracker/llvm-project/clang/include/clang/Basic/TargetInfo.h:21,
                 from /var/llvm-compile-time-tracker/llvm-project/clang/lib/Basic/Module.cpp:19:
/var/llvm-compile-time-tracker/llvm-project/clang/include/clang/Basic/CodeGenOptions.h:60:9: error: declaration of ‘using CFBranchLabelSchemeKind = enum class clang::CFBranchLabelSchemeKind’ changes meaning of ‘CFBranchLabelSchemeKind’ [-fpermissive]
   60 |   using CFBranchLabelSchemeKind = CFBranchLabelSchemeKind;
      |         ^~~~~~~~~~~~~~~~~~~~~~~
In file included from /var/llvm-compile-time-tracker/llvm-project/clang/include/clang/Basic/LangOptions.h:17,
                 from /var/llvm-compile-time-tracker/llvm-project/clang/lib/Basic/Module.cpp:17:
/var/llvm-compile-time-tracker/llvm-project/clang/include/clang/Basic/CFProtectionOptions.h:20:12: note: ‘CFBranchLabelSchemeKind’ declared here as ‘enum class clang::CFBranchLabelSchemeKind’
   20 | enum class CFBranchLabelSchemeKind {
      |            ^~~~~~~~~~~~~~~~~~~~~~~
[2211/3177] Building CXX object tools/clang/lib/Basic/CMakeFiles/obj.clangBasic.dir/ProfileList.cpp.o
FAILED: tools/clang/lib/Basic/CMakeFiles/obj.clangBasic.dir/ProfileList.cpp.o 
CCACHE_CPP2=yes CCACHE_HASHDIR=yes CCACHE_SLOPPINESS=pch_defines,time_macros /usr/bin/ccache /usr/bin/c++ -DCLANG_EXPORTS -DEXPERIMENTAL_KEY_INSTRUCTIONS -DGTEST_HAS_RTTI=0 -D_GNU_SOURCE -D__STDC_CONSTANT_MACROS -D__STDC_FORMAT_MACROS -D__STDC_LIMIT_MACROS -I/tmp/llvm-project-build-stage1/tools/clang/lib/Basic -I/var/llvm-compile-time-tracker/llvm-project/clang/lib/Basic -I/var/llvm-compile-time-tracker/llvm-project/clang/include -I/tmp/llvm-project-build-stage1/tools/clang/include -I/tmp/llvm-project-build-stage1/include -I/var/llvm-compile-time-tracker/llvm-project/llvm/include -fPIC -fno-semantic-interposition -fvisibility-inlines-hidden -Werror=date-time -Wall -Wextra -Wno-unused-parameter -Wwrite-strings -Wcast-qual -Wno-missing-field-initializers -pedantic -Wno-long-long -Wimplicit-fallthrough -Wno-uninitialized -Wno-nonnull -Wno-class-memaccess -Wno-redundant-move -Wno-pessimizing-move -Wno-noexcept-type -Wdelete-non-virtual-dtor -Wsuggest-override -Wno-comment -Wno-misleading-indentation -Wctad-maybe-unsupported -fdiagnostics-color -ffunction-sections -fdata-sections -fno-common -Woverloaded-virtual -O3 -DNDEBUG  -fno-exceptions -funwind-tables -fno-rtti -std=c++17 -MD -MT tools/clang/lib/Basic/CMakeFiles/obj.clangBasic.dir/ProfileList.cpp.o -MF tools/clang/lib/Basic/CMakeFiles/obj.clangBasic.dir/ProfileList.cpp.o.d -o tools/clang/lib/Basic/CMakeFiles/obj.clangBasic.dir/ProfileList.cpp.o -c /var/llvm-compile-time-tracker/llvm-project/clang/lib/Basic/ProfileList.cpp
In file included from /var/llvm-compile-time-tracker/llvm-project/clang/include/clang/Basic/ProfileList.h:16,
                 from /var/llvm-compile-time-tracker/llvm-project/clang/lib/Basic/ProfileList.cpp:14:
/var/llvm-compile-time-tracker/llvm-project/clang/include/clang/Basic/CodeGenOptions.h:60:9: error: declaration of ‘using CFBranchLabelSchemeKind = enum class clang::CFBranchLabelSchemeKind’ changes meaning of ‘CFBranchLabelSchemeKind’ [-fpermissive]
   60 |   using CFBranchLabelSchemeKind = CFBranchLabelSchemeKind;
      |         ^~~~~~~~~~~~~~~~~~~~~~~
In file included from /var/llvm-compile-time-tracker/llvm-project/clang/include/clang/Basic/CodeGenOptions.h:16,
                 from /var/llvm-compile-time-tracker/llvm-project/clang/include/clang/Basic/ProfileList.h:16,
                 from /var/llvm-compile-time-tracker/llvm-project/clang/lib/Basic/ProfileList.cpp:14:
/var/llvm-compile-time-tracker/llvm-project/clang/include/clang/Basic/CFProtectionOptions.h:20:12: note: ‘CFBranchLabelSchemeKind’ declared here as ‘enum class clang::CFBranchLabelSchemeKind’
   20 | enum class CFBranchLabelSchemeKind {
      |            ^~~~~~~~~~~~~~~~~~~~~~~
[2212/3177] Building CXX object tools/clang/lib/Basic/CMakeFiles/obj.clangBasic.dir/TargetInfo.cpp.o
FAILED: tools/clang/lib/Basic/CMakeFiles/obj.clangBasic.dir/TargetInfo.cpp.o 
CCACHE_CPP2=yes CCACHE_HASHDIR=yes CCACHE_SLOPPINESS=pch_defines,time_macros /usr/bin/ccache /usr/bin/c++ -DCLANG_EXPORTS -DEXPERIMENTAL_KEY_INSTRUCTIONS -DGTEST_HAS_RTTI=0 -D_GNU_SOURCE -D__STDC_CONSTANT_MACROS -D__STDC_FORMAT_MACROS -D__STDC_LIMIT_MACROS -I/tmp/llvm-project-build-stage1/tools/clang/lib/Basic -I/var/llvm-compile-time-tracker/llvm-project/clang/lib/Basic -I/var/llvm-compile-time-tracker/llvm-project/clang/include -I/tmp/llvm-project-build-stage1/tools/clang/include -I/tmp/llvm-project-build-stage1/include -I/var/llvm-compile-time-tracker/llvm-project/llvm/include -fPIC -fno-semantic-interposition -fvisibility-inlines-hidden -Werror=date-time -Wall -Wextra -Wno-unused-parameter -Wwrite-strings -Wcast-qual -Wno-missing-field-initializers -pedantic -Wno-long-long -Wimplicit-fallthrough -Wno-uninitialized -Wno-nonnull -Wno-class-memaccess -Wno-redundant-move -Wno-pessimizing-move -Wno-noexcept-type -Wdelete-non-virtual-dtor -Wsuggest-override -Wno-comment -Wno-misleading-indentation -Wctad-maybe-unsupported -fdiagnostics-color -ffunction-sections -fdata-sections -fno-common -Woverloaded-virtual -O3 -DNDEBUG  -fno-exceptions -funwind-tables -fno-rtti -std=c++17 -MD -MT tools/clang/lib/Basic/CMakeFiles/obj.clangBasic.dir/TargetInfo.cpp.o -MF tools/clang/lib/Basic/CMakeFiles/obj.clangBasic.dir/TargetInfo.cpp.o.d -o tools/clang/lib/Basic/CMakeFiles/obj.clangBasic.dir/TargetInfo.cpp.o -c /var/llvm-compile-time-tracker/llvm-project/clang/lib/Basic/TargetInfo.cpp
In file included from /var/llvm-compile-time-tracker/llvm-project/clang/include/clang/Basic/TargetInfo.h:21,
                 from /var/llvm-compile-time-tracker/llvm-project/clang/lib/Basic/TargetInfo.cpp:13:
/var/llvm-compile-time-tracker/llvm-project/clang/include/clang/Basic/CodeGenOptions.h:60:9: error: declaration of ‘using CFBranchLabelSchemeKind = enum class clang::CFBranchLabelSchemeKind’ changes meaning of ‘CFBranchLabelSchemeKind’ [-fpermissive]
   60 |   using CFBranchLabelSchemeKind = CFBranchLabelSchemeKind;
      |         ^~~~~~~~~~~~~~~~~~~~~~~
In file included from /var/llvm-compile-time-tracker/llvm-project/clang/include/clang/Basic/TargetInfo.h:20,
                 from /var/llvm-compile-time-tracker/llvm-project/clang/lib/Basic/TargetInfo.cpp:13:
/var/llvm-compile-time-tracker/llvm-project/clang/include/clang/Basic/CFProtectionOptions.h:20:12: note: ‘CFBranchLabelSchemeKind’ declared here as ‘enum class clang::CFBranchLabelSchemeKind’
   20 | enum class CFBranchLabelSchemeKind {
      |            ^~~~~~~~~~~~~~~~~~~~~~~
[2213/3177] Building CXX object tools/clang/lib/Lex/CMakeFiles/obj.clangLex.dir/LiteralSupport.cpp.o
FAILED: tools/clang/lib/Lex/CMakeFiles/obj.clangLex.dir/LiteralSupport.cpp.o 
CCACHE_CPP2=yes CCACHE_HASHDIR=yes CCACHE_SLOPPINESS=pch_defines,time_macros /usr/bin/ccache /usr/bin/c++ -DCLANG_EXPORTS -DEXPERIMENTAL_KEY_INSTRUCTIONS -DGTEST_HAS_RTTI=0 -D_GNU_SOURCE -D__STDC_CONSTANT_MACROS -D__STDC_FORMAT_MACROS -D__STDC_LIMIT_MACROS -I/tmp/llvm-project-build-stage1/tools/clang/lib/Lex -I/var/llvm-compile-time-tracker/llvm-project/clang/lib/Lex -I/var/llvm-compile-time-tracker/llvm-project/clang/include -I/tmp/llvm-project-build-stage1/tools/clang/include -I/tmp/llvm-project-build-stage1/include -I/var/llvm-compile-time-tracker/llvm-project/llvm/include -fPIC -fno-semantic-interposition -fvisibility-inlines-hidden -Werror=date-time -Wall -Wextra -Wno-unused-parameter -Wwrite-strings -Wcast-qual -Wno-missing-field-initializers -pedantic -Wno-long-long -Wimplicit-fallthrough -Wno-uninitialized -Wno-nonnull -Wno-class-memaccess -Wno-redundant-move -Wno-pessimizing-move -Wno-noexcept-type -Wdelete-non-virtual-dtor -Wsuggest-override -Wno-comment -Wno-misleading-indentation -Wctad-maybe-unsupported -fdiagnostics-color -ffunction-sections -fdata-sections -fno-common -Woverloaded-virtual -O3 -DNDEBUG  -fno-exceptions -funwind-tables -fno-rtti -std=c++17 -MD -MT tools/clang/lib/Lex/CMakeFiles/obj.clangLex.dir/LiteralSupport.cpp.o -MF tools/clang/lib/Lex/CMakeFiles/obj.clangLex.dir/LiteralSupport.cpp.o.d -o tools/clang/lib/Lex/CMakeFiles/obj.clangLex.dir/LiteralSupport.cpp.o -c /var/llvm-compile-time-tracker/llvm-project/clang/lib/Lex/LiteralSupport.cpp
In file included from /var/llvm-compile-time-tracker/llvm-project/clang/include/clang/Basic/TargetInfo.h:21,
                 from /var/llvm-compile-time-tracker/llvm-project/clang/lib/Lex/LiteralSupport.cpp:18:
/var/llvm-compile-time-tracker/llvm-project/clang/include/clang/Basic/CodeGenOptions.h:60:9: error: declaration of ‘using CFBranchLabelSchemeKind = enum class clang::CFBranchLabelSchemeKind’ changes meaning of ‘CFBranchLabelSchemeKind’ [-fpermissive]
   60 |   using CFBranchLabelSchemeKind = CFBranchLabelSchemeKind;
      |         ^~~~~~~~~~~~~~~~~~~~~~~
In file included from /var/llvm-compile-time-tracker/llvm-project/clang/include/clang/Basic/LangOptions.h:17,
                 from /var/llvm-compile-time-tracker/llvm-project/clang/lib/Lex/LiteralSupport.cpp:16:
/var/llvm-compile-time-tracker/llvm-project/clang/include/clang/Basic/CFProtectionOptions.h:20:12: note: ‘CFBranchLabelSchemeKind’ declared here as ‘enum class clang::CFBranchLabelSchemeKind’
   20 | enum class CFBranchLabelSchemeKind {
      |            ^~~~~~~~~~~~~~~~~~~~~~~
[2214/3177] Building CXX object tools/clang/lib/Basic/CMakeFiles/obj.clangBasic.dir/Targets/AArch64.cpp.o
FAILED: tools/clang/lib/Basic/CMakeFiles/obj.clangBasic.dir/Targets/AArch64.cpp.o 
CCACHE_CPP2=yes CCACHE_HASHDIR=yes CCACHE_SLOPPINESS=pch_defines,time_macros /usr/bin/ccache /usr/bin/c++ -DCLANG_EXPORTS -DEXPERIMENTAL_KEY_INSTRUCTIONS -DGTEST_HAS_RTTI=0 -D_GNU_SOURCE -D__STDC_CONSTANT_MACROS -D__STDC_FORMAT_MACROS -D__STDC_LIMIT_MACROS -I/tmp/llvm-project-build-stage1/tools/clang/lib/Basic -I/var/llvm-compile-time-tracker/llvm-project/clang/lib/Basic -I/var/llvm-compile-time-tracker/llvm-project/clang/include -I/tmp/llvm-project-build-stage1/tools/clang/include -I/tmp/llvm-project-build-stage1/include -I/var/llvm-compile-time-tracker/llvm-project/llvm/include -fPIC -fno-semantic-interposition -fvisibility-inlines-hidden -Werror=date-time -Wall -Wextra -Wno-unused-parameter -Wwrite-strings -Wcast-qual -Wno-missing-field-initializers -pedantic -Wno-long-long -Wimplicit-fallthrough -Wno-uninitialized -Wno-nonnull -Wno-class-memaccess -Wno-redundant-move -Wno-pessimizing-move -Wno-noexcept-type -Wdelete-non-virtual-dtor -Wsuggest-override -Wno-comment -Wno-misleading-indentation -Wctad-maybe-unsupported -fdiagnostics-color -ffunction-sections -fdata-sections -fno-common -Woverloaded-virtual -O3 -DNDEBUG  -fno-exceptions -funwind-tables -fno-rtti -std=c++17 -MD -MT tools/clang/lib/Basic/CMakeFiles/obj.clangBasic.dir/Targets/AArch64.cpp.o -MF tools/clang/lib/Basic/CMakeFiles/obj.clangBasic.dir/Targets/AArch64.cpp.o.d -o tools/clang/lib/Basic/CMakeFiles/obj.clangBasic.dir/Targets/AArch64.cpp.o -c /var/llvm-compile-time-tracker/llvm-project/clang/lib/Basic/Targets/AArch64.cpp
In file included from /var/llvm-compile-time-tracker/llvm-project/clang/include/clang/Basic/TargetInfo.h:21,
                 from /var/llvm-compile-time-tracker/llvm-project/clang/lib/Basic/Targets.h:19,
                 from /var/llvm-compile-time-tracker/llvm-project/clang/lib/Basic/Targets/OSTargets.h:15,
                 from /var/llvm-compile-time-tracker/llvm-project/clang/lib/Basic/Targets/AArch64.h:16,
                 from /var/llvm-compile-time-tracker/llvm-project/clang/lib/Basic/Targets/AArch64.cpp:13:
/var/llvm-compile-time-tracker/llvm-project/clang/include/clang/Basic/CodeGenOptions.h:60:9: error: declaration of ‘using CFBranchLabelSchemeKind = enum class clang::CFBranchLabelSchemeKind’ changes meaning of ‘CFBranchLabelSchemeKind’ [-fpermissive]
   60 |   using CFBranchLabelSchemeKind = CFBranchLabelSchemeKind;
      |         ^~~~~~~~~~~~~~~~~~~~~~~
In file included from /var/llvm-compile-time-tracker/llvm-project/clang/include/clang/Basic/LangOptions.h:17,
                 from /var/llvm-compile-time-tracker/llvm-project/clang/lib/Basic/TargetDefines.h:17,
                 from /var/llvm-compile-time-tracker/llvm-project/clang/lib/Basic/Targets.h:18,
                 from /var/llvm-compile-time-tracker/llvm-project/clang/lib/Basic/Targets/OSTargets.h:15,
                 from /var/llvm-compile-time-tracker/llvm-project/clang/lib/Basic/Targets/AArch64.h:16,
                 from /var/llvm-compile-time-tracker/llvm-project/clang/lib/Basic/Targets/AArch64.cpp:13:
/var/llvm-compile-time-tracker/llvm-project/clang/include/clang/Basic/CFProtectionOptions.h:20:12: note: ‘CFBranchLabelSchemeKind’ declared here as ‘enum class clang::CFBranchLabelSchemeKind’
   20 | enum class CFBranchLabelSchemeKind {
      |            ^~~~~~~~~~~~~~~~~~~~~~~
[2215/3177] Building CXX object tools/clang/lib/Lex/CMakeFiles/obj.clangLex.dir/ModuleMap.cpp.o
FAILED: tools/clang/lib/Lex/CMakeFiles/obj.clangLex.dir/ModuleMap.cpp.o 
CCACHE_CPP2=yes CCACHE_HASHDIR=yes CCACHE_SLOPPINESS=pch_defines,time_macros /usr/bin/ccache /usr/bin/c++ -DCLANG_EXPORTS -DEXPERIMENTAL_KEY_INSTRUCTIONS -DGTEST_HAS_RTTI=0 -D_GNU_SOURCE -D__STDC_CONSTANT_MACROS -D__STDC_FORMAT_MACROS -D__STDC_LIMIT_MACROS -I/tmp/llvm-project-build-stage1/tools/clang/lib/Lex -I/var/llvm-compile-time-tracker/llvm-project/clang/lib/Lex -I/var/llvm-compile-time-tracker/llvm-project/clang/include -I/tmp/llvm-project-build-stage1/tools/clang/include -I/tmp/llvm-project-build-stage1/include -I/var/llvm-compile-time-tracker/llvm-project/llvm/include -fPIC -fno-semantic-interposition -fvisibility-inlines-hidden -Werror=date-time -Wall -Wextra -Wno-unused-parameter -Wwrite-strings -Wcast-qual -Wno-missing-field-initializers -pedantic -Wno-long-long -Wimplicit-fallthrough -Wno-uninitialized -Wno-nonnull -Wno-class-memaccess -Wno-redundant-move -Wno-pessimizing-move -Wno-noexcept-type -Wdelete-non-virtual-dtor -Wsuggest-override -Wno-comment -Wno-misleading-indentation -Wctad-maybe-unsupported -fdiagnostics-color -ffunction-sections -fdata-sections -fno-common -Woverloaded-virtual -O3 -DNDEBUG  -fno-exceptions -funwind-tables -fno-rtti -std=c++17 -MD -MT tools/clang/lib/Lex/CMakeFiles/obj.clangLex.dir/ModuleMap.cpp.o -MF tools/clang/lib/Lex/CMakeFiles/obj.clangLex.dir/ModuleMap.cpp.o.d -o tools/clang/lib/Lex/CMakeFiles/obj.clangLex.dir/ModuleMap.cpp.o -c /var/llvm-compile-time-tracker/llvm-project/clang/lib/Lex/ModuleMap.cpp
In file included from /var/llvm-compile-time-tracker/llvm-project/clang/include/clang/Basic/TargetInfo.h:21,
                 from /var/llvm-compile-time-tracker/llvm-project/clang/lib/Lex/ModuleMap.cpp:23:
/var/llvm-compile-time-tracker/llvm-project/clang/include/clang/Basic/CodeGenOptions.h:60:9: error: declaration of ‘using CFBranchLabelSchemeKind = enum class clang::CFBranchLabelSchemeKind’ changes meaning of ‘CFBranchLabelSchemeKind’ [-fpermissive]
   60 |   using CFBranchLabelSchemeKind = CFBranchLabelSchemeKind;
      |         ^~~~~~~~~~~~~~~~~~~~~~~
In file included from /var/llvm-compile-time-tracker/llvm-project/clang/include/clang/Basic/LangOptions.h:17,
                 from /var/llvm-compile-time-tracker/llvm-project/clang/include/clang/Lex/ModuleMap.h:18,
                 from /var/llvm-compile-time-tracker/llvm-project/clang/lib/Lex/ModuleMap.cpp:14:
/var/llvm-compile-time-tracker/llvm-project/clang/include/clang/Basic/CFProtectionOptions.h:20:12: note: ‘CFBranchLabelSchemeKind’ declared here as ‘enum class clang::CFBranchLabelSchemeKind’
   20 | enum class CFBranchLabelSchemeKind {
      |            ^~~~~~~~~~~~~~~~~~~~~~~
[2216/3177] Building X86GenSubtargetInfo.inc...
[2217/3177] Building X86GenInstrInfo.inc...
[2218/3177] Building CXX object tools/clang/lib/Basic/CMakeFiles/obj.clangBasic.dir/Targets.cpp.o
FAILED: tools/clang/lib/Basic/CMakeFiles/obj.clangBasic.dir/Targets.cpp.o 
CCACHE_CPP2=yes CCACHE_HASHDIR=yes CCACHE_SLOPPINESS=pch_defines,time_macros /usr/bin/ccache /usr/bin/c++ -DCLANG_EXPORTS -DEXPERIMENTAL_KEY_INSTRUCTIONS -DGTEST_HAS_RTTI=0 -D_GNU_SOURCE -D__STDC_CONSTANT_MACROS -D__STDC_FORMAT_MACROS -D__STDC_LIMIT_MACROS -I/tmp/llvm-project-build-stage1/tools/clang/lib/Basic -I/var/llvm-compile-time-tracker/llvm-project/clang/lib/Basic -I/var/llvm-compile-time-tracker/llvm-project/clang/include -I/tmp/llvm-project-build-stage1/tools/clang/include -I/tmp/llvm-project-build-stage1/include -I/var/llvm-compile-time-tracker/llvm-project/llvm/include -fPIC -fno-semantic-interposition -fvisibility-inlines-hidden -Werror=date-time -Wall -Wextra -Wno-unused-parameter -Wwrite-strings -Wcast-qual -Wno-missing-field-initializers -pedantic -Wno-long-long -Wimplicit-fallthrough -Wno-uninitialized -Wno-nonnull -Wno-class-memaccess -Wno-redundant-move -Wno-pessimizing-move -Wno-noexcept-type -Wdelete-non-virtual-dtor -Wsuggest-override -Wno-comment -Wno-misleading-indentation -Wctad-maybe-unsupported -fdiagnostics-color -ffunction-sections -fdata-sections -fno-common -Woverloaded-virtual -O3 -DNDEBUG  -fno-exceptions -funwind-tables -fno-rtti -std=c++17 -MD -MT tools/clang/lib/Basic/CMakeFiles/obj.clangBasic.dir/Targets.cpp.o -MF tools/clang/lib/Basic/CMakeFiles/obj.clangBasic.dir/Targets.cpp.o.d -o tools/clang/lib/Basic/CMakeFiles/obj.clangBasic.dir/Targets.cpp.o -c /var/llvm-compile-time-tracker/llvm-project/clang/lib/Basic/Targets.cpp
In file included from /var/llvm-compile-time-tracker/llvm-project/clang/include/clang/Basic/TargetInfo.h:21,
                 from /var/llvm-compile-time-tracker/llvm-project/clang/lib/Basic/Targets.h:19,
                 from /var/llvm-compile-time-tracker/llvm-project/clang/lib/Basic/Targets.cpp:14:
/var/llvm-compile-time-tracker/llvm-project/clang/include/clang/Basic/CodeGenOptions.h:60:9: error: declaration of ‘using CFBranchLabelSchemeKind = enum class clang::CFBranchLabelSchemeKind’ changes meaning of ‘CFBranchLabelSchemeKind’ [-fpermissive]
   60 |   using CFBranchLabelSchemeKind = CFBranchLabelSchemeKind;
      |         ^~~~~~~~~~~~~~~~~~~~~~~
In file included from /var/llvm-compile-time-tracker/llvm-project/clang/include/clang/Basic/LangOptions.h:17,
                 from /var/llvm-compile-time-tracker/llvm-project/clang/lib/Basic/TargetDefines.h:17,
                 from /var/llvm-compile-time-tracker/llvm-project/clang/lib/Basic/Targets.h:18,
                 from /var/llvm-compile-time-tracker/llvm-project/clang/lib/Basic/Targets.cpp:14:
/var/llvm-compile-time-tracker/llvm-project/clang/include/clang/Basic/CFProtectionOptions.h:20:12: note: ‘CFBranchLabelSchemeKind’ declared here as ‘enum class clang::CFBranchLabelSchemeKind’
   20 | enum class CFBranchLabelSchemeKind {
      |            ^~~~~~~~~~~~~~~~~~~~~~~
[2219/3177] Building CXX object lib/MC/MCParser/CMakeFiles/LLVMMCParser.dir/AsmParser.cpp.o
[2220/3177] Building AArch64GenInstrInfo.inc...
[2221/3177] Building CXX object tools/clang/lib/CodeGen/CMakeFiles/obj.clangCodeGen.dir/CGCXX.cpp.o
FAILED: tools/clang/lib/CodeGen/CMakeFiles/obj.clangCodeGen.dir/CGCXX.cpp.o 
CCACHE_CPP2=yes CCACHE_HASHDIR=yes CCACHE_SLOPPINESS=pch_defines,time_macros /usr/bin/ccache /usr/bin/c++ -DCLANG_EXPORTS -DEXPERIMENTAL_KEY_INSTRUCTIONS -DGTEST_HAS_RTTI=0 -D_GNU_SOURCE -D__STDC_CONSTANT_MACROS -D__STDC_FORMAT_MACROS -D__STDC_LIMIT_MACROS -I/tmp/llvm-project-build-stage1/tools/clang/lib/CodeGen -I/var/llvm-compile-time-tracker/llvm-project/clang/lib/CodeGen -I/var/llvm-compile-time-tracker/llvm-project/clang/include -I/tmp/llvm-project-build-stage1/tools/clang/include -I/tmp/llvm-project-build-stage1/include -I/var/llvm-compile-time-tracker/llvm-project/llvm/include -fPIC -fno-semantic-interposition -fvisibility-inlines-hidden -Werror=date-time -Wall -Wextra -Wno-unused-parameter -Wwrite-strings -Wcast-qual -Wno-missing-field-initializers -pedantic -Wno-long-long -Wimplicit-fallthrough -Wno-uninitialized -Wno-nonnull -Wno-class-memaccess -Wno-redundant-move -Wno-pessimizing-move -Wno-noexcept-type -Wdelete-non-virtual-dtor -Wsuggest-override -Wno-comment -Wno-misleading-indentation -Wctad-maybe-unsupported -fdiagnostics-color -ffunction-sections -fdata-sections -fno-common -Woverloaded-virtual -O3 -DNDEBUG  -fno-exceptions -funwind-tables -fno-rtti -std=c++17 -MD -MT tools/clang/lib/CodeGen/CMakeFiles/obj.clangCodeGen.dir/CGCXX.cpp.o -MF tools/clang/lib/CodeGen/CMakeFiles/obj.clangCodeGen.dir/CGCXX.cpp.o.d -o tools/clang/lib/CodeGen/CMakeFiles/obj.clangCodeGen.dir/CGCXX.cpp.o -c /var/llvm-compile-time-tracker/llvm-project/clang/lib/CodeGen/CGCXX.cpp
In file included from /var/llvm-compile-time-tracker/llvm-project/clang/include/clang/Basic/ProfileList.h:16,
                 from /var/llvm-compile-time-tracker/llvm-project/clang/lib/CodeGen/CodeGenModule.h:28,
                 from /var/llvm-compile-time-tracker/llvm-project/clang/lib/CodeGen/CodeGenFunction.h:19,
                 from /var/llvm-compile-time-tracker/llvm-project/clang/lib/CodeGen/CGCXXABI.h:17,
                 from /var/llvm-compile-time-tracker/llvm-project/clang/lib/CodeGen/CGCXX.cpp:15:
/var/llvm-compile-time-tracker/llvm-project/clang/include/clang/Basic/CodeGenOptions.h:60:9: error: declaration of ‘using CFBranchLabelSchemeKind = enum class clang::CFBranchLabelSchemeKind’ changes meaning of ‘CFBranchLabelSchemeKind’ [-fpermissive]
   60 |   using CFBranchLabelSchemeKind = CFBranchLabelSchemeKind;
      |         ^~~~~~~~~~~~~~~~~~~~~~~
In file included from /var/llvm-compile-time-tracker/llvm-project/clang/include/clang/Basic/LangOptions.h:17,
                 from /var/llvm-compile-time-tracker/llvm-project/clang/include/clang/AST/Type.h:28,
                 from /var/llvm-compile-time-tracker/llvm-project/clang/lib/CodeGen/CGPointerAuthInfo.h:16,
                 from /var/llvm-compile-time-tracker/llvm-project/clang/lib/CodeGen/Address.h:17,
                 from /var/llvm-compile-time-tracker/llvm-project/clang/lib/CodeGen/CGBuilder.h:12,
                 from /var/llvm-compile-time-tracker/llvm-project/clang/lib/CodeGen/CodeGenFunction.h:16,
                 from /var/llvm-compile-time-tracker/llvm-project/clang/lib/CodeGen/CGCXXABI.h:17,
                 from /var/llvm-compile-time-tracker/llvm-project/clang/lib/CodeGen/CGCXX.cpp:15:
/var/llvm-compile-time-tracker/llvm-project/clang/include/clang/Basic/CFProtectionOptions.h:20:12: note: ‘CFBranchLabelSchemeKind’ declared here as ‘enum class clang::CFBranchLabelSchemeKind’
   20 | enum class CFBranchLabelSchemeKind {
      |            ^~~~~~~~~~~~~~~~~~~~~~~
[2222/3177] Building AArch64GenSubtargetInfo.inc...
[2223/3177] Building CXX object tools/clang/lib/CodeGen/CMakeFiles/obj.clangCodeGen.dir/CGCUDANV.cpp.o
FAILED: tools/clang/lib/CodeGen/CMakeFiles/obj.clangCodeGen.dir/CGCUDANV.cpp.o 
CCACHE_CPP2=yes CCACHE_HASHDIR=yes CCACHE_SLOPPINESS=pch_defines,time_macros /usr/bin/ccache /usr/bin/c++ -DCLANG_EXPORTS -DEXPERIMENTAL_KEY_INSTRUCTIONS -DGTEST_HAS_RTTI=0 -D_GNU_SOURCE -D__STDC_CONSTANT_MACROS -D__STDC_FORMAT_MACROS -D__STDC_LIMIT_MACROS -I/tmp/llvm-project-build-stage1/tools/clang/lib/CodeGen -I/var/llvm-compile-time-tracker/llvm-project/clang/lib/CodeGen -I/var/llvm-compile-time-tracker/llvm-project/clang/include -I/tmp/llvm-project-build-stage1/tools/clang/include -I/tmp/llvm-project-build-stage1/include -I/var/llvm-compile-time-tracker/llvm-project/llvm/include -fPIC -fno-semantic-interposition -fvisibility-inlines-hidden -Werror=date-time -Wall -Wextra -Wno-unused-parameter -Wwrite-strings -Wcast-qual -Wno-missing-field-initializers -pedantic -Wno-long-long -Wimplicit-fallthrough -Wno-uninitialized -Wno-nonnull -Wno-class-memaccess -Wno-redundant-move -Wno-pessimizing-move -Wno-noexcept-type -Wdelete-non-virtual-dtor -Wsuggest-override -Wno-comment -Wno-misleading-indentation -Wctad-maybe-unsupported -fdiagnostics-color -ffunction-sections -fdata-sections -fno-common -Woverloaded-virtual -O3 -DNDEBUG  -fno-exceptions -funwind-tables -fno-rtti -std=c++17 -MD -MT tools/clang/lib/CodeGen/CMakeFiles/obj.clangCodeGen.dir/CGCUDANV.cpp.o -MF tools/clang/lib/CodeGen/CMakeFiles/obj.clangCodeGen.dir/CGCUDANV.cpp.o.d -o tools/clang/lib/CodeGen/CMakeFiles/obj.clangCodeGen.dir/CGCUDANV.cpp.o -c /var/llvm-compile-time-tracker/llvm-project/clang/lib/CodeGen/CGCUDANV.cpp
In file included from /var/llvm-compile-time-tracker/llvm-project/clang/include/clang/Basic/ProfileList.h:16,
                 from /var/llvm-compile-time-tracker/llvm-project/clang/lib/CodeGen/CodeGenModule.h:28,
                 from /var/llvm-compile-time-tracker/llvm-project/clang/lib/CodeGen/CodeGenFunction.h:19,
                 from /var/llvm-compile-time-tracker/llvm-project/clang/lib/CodeGen/CGCXXABI.h:17,
                 from /var/llvm-compile-time-tracker/llvm-project/clang/lib/CodeGen/CGCUDANV.cpp:15:
/var/llvm-compile-time-tracker/llvm-project/clang/include/clang/Basic/CodeGenOptions.h:60:9: error: declaration of ‘using CFBranchLabelSchemeKind = enum class clang::CFBranchLabelSchemeKind’ changes meaning of ‘CFBranchLabelSchemeKind’ [-fpermissive]
   60 |   using CFBranchLabelSchemeKind = CFBranchLabelSchemeKind;
      |         ^~~~~~~~~~~~~~~~~~~~~~~
In file included from /var/llvm-compile-time-tracker/llvm-project/clang/include/clang/Basic/LangOptions.h:17,
                 from /var/llvm-compile-time-tracker/llvm-project/clang/include/clang/AST/Type.h:28,
                 from /var/llvm-compile-time-tracker/llvm-project/clang/include/clang/AST/DeclarationName.h:16,
                 from /var/llvm-compile-time-tracker/llvm-project/clang/include/clang/AST/DeclBase.h:19,
                 from /var/llvm-compile-time-tracker/llvm-project/clang/include/clang/AST/Decl.h:20,
                 from /var/llvm-compile-time-tracker/llvm-project/clang/include/clang/AST/Attr.h:18,
                 from /var/llvm-compile-time-tracker/llvm-project/clang/include/clang/AST/GlobalDecl.h:17,
                 from /var/llvm-compile-time-tracker/llvm-project/clang/lib/CodeGen/CGCUDARuntime.h:18,
                 from /var/llvm-compile-time-tracker/llvm-project/clang/lib/CodeGen/CGCUDANV.cpp:14:
/var/llvm-compile-time-tracker/llvm-project/clang/include/clang/Basic/CFProtectionOptions.h:20:12: note: ‘CFBranchLabelSchemeKind’ declared here as ‘enum class clang::CFBranchLabelSchemeKind’
   20 | enum class CFBranchLabelSchemeKind {
      |            ^~~~~~~~~~~~~~~~~~~~~~~
ninja: build stopped: subcommand failed.


STDERR:
CMake Deprecation Warning at /var/llvm-compile-time-tracker/llvm-project/clang/CMakeLists.txt:450 (message):
  'CLANG_ENABLE_ARCMT' is deprecated as ARCMigrate has been removed from
  Clang.  Please use 'CLANG_ENABLE_OBJC_REWRITER' instead to enable or
  disable the Objective-C rewriter.


Command exited with non-zero status 1
124.59user 11.65system 0:11.17elapsed 1218%CPU (0avgtext+0avgdata 778724maxresident)k
0inputs+1110472outputs (3082major+6409851minor)pagefaults 0swaps
