MESSAGE: Execution of "sudo -u lctt-runner ./build_llvm_project_stage1.sh" failed

STDOUT:
[1650/2860] Building CXX object lib/Analysis/CMakeFiles/LLVMAnalysis.dir/DXILResource.cpp.o
[1651/2860] Building CXX object lib/Analysis/CMakeFiles/LLVMAnalysis.dir/DXILMetadataAnalysis.cpp.o
[1652/2860] Building CXX object lib/Analysis/CMakeFiles/LLVMAnalysis.dir/DDG.cpp.o
[1653/2860] Building CXX object lib/Analysis/CMakeFiles/LLVMAnalysis.dir/FunctionPropertiesAnalysis.cpp.o
[1654/2860] Building CXX object lib/Analysis/CMakeFiles/LLVMAnalysis.dir/GlobalsModRef.cpp.o
[1655/2860] Building CXX object lib/Analysis/CMakeFiles/LLVMAnalysis.dir/GuardUtils.cpp.o
[1656/2860] Building CXX object lib/Analysis/CMakeFiles/LLVMAnalysis.dir/HeatUtils.cpp.o
[1657/2860] Building CXX object lib/Analysis/CMakeFiles/LLVMAnalysis.dir/IRSimilarityIdentifier.cpp.o
[1658/2860] Building CXX object lib/Analysis/CMakeFiles/LLVMAnalysis.dir/IVDescriptors.cpp.o
[1659/2860] Building CXX object lib/Analysis/CMakeFiles/LLVMAnalysis.dir/IVUsers.cpp.o
[1660/2860] Building CXX object lib/Analysis/CMakeFiles/LLVMAnalysis.dir/ImportedFunctionsInliningStatistics.cpp.o
[1661/2860] Building CXX object lib/Analysis/CMakeFiles/LLVMAnalysis.dir/IndirectCallPromotionAnalysis.cpp.o
[1662/2860] Building CXX object lib/Analysis/CMakeFiles/LLVMAnalysis.dir/InlineAdvisor.cpp.o
[1663/2860] Building CXX object lib/Analysis/CMakeFiles/LLVMAnalysis.dir/InlineSizeEstimatorAnalysis.cpp.o
[1664/2860] Building CXX object lib/Analysis/CMakeFiles/LLVMAnalysis.dir/InlineCost.cpp.o
[1665/2860] Building CXX object lib/Analysis/CMakeFiles/LLVMAnalysis.dir/InlineOrder.cpp.o
[1666/2860] Building CXX object lib/Analysis/CMakeFiles/LLVMAnalysis.dir/InstructionPrecedenceTracking.cpp.o
[1667/2860] Building CXX object lib/Analysis/CMakeFiles/LLVMAnalysis.dir/InstCount.cpp.o
[1668/2860] Building CXX object lib/Analysis/CMakeFiles/LLVMAnalysis.dir/InstructionSimplify.cpp.o
[1669/2860] Building CXX object lib/Analysis/CMakeFiles/LLVMAnalysis.dir/InteractiveModelRunner.cpp.o
[1670/2860] Building CXX object lib/Analysis/CMakeFiles/LLVMAnalysis.dir/LazyBlockFrequencyInfo.cpp.o
[1671/2860] Building CXX object lib/Analysis/CMakeFiles/LLVMAnalysis.dir/LazyBranchProbabilityInfo.cpp.o
[1672/2860] Building CXX object lib/Analysis/CMakeFiles/LLVMAnalysis.dir/LastRunTrackingAnalysis.cpp.o
[1673/2860] Building CXX object lib/Analysis/CMakeFiles/LLVMAnalysis.dir/LazyValueInfo.cpp.o
[1674/2860] Building CXX object lib/Analysis/CMakeFiles/LLVMAnalysis.dir/Lint.cpp.o
[1675/2860] Building CXX object lib/Analysis/CMakeFiles/LLVMAnalysis.dir/LazyCallGraph.cpp.o
[1676/2860] Building CXX object lib/Analysis/CMakeFiles/LLVMAnalysis.dir/Loads.cpp.o
[1677/2860] Building CXX object lib/Analysis/CMakeFiles/LLVMAnalysis.dir/Local.cpp.o
[1678/2860] Building CXX object lib/Analysis/CMakeFiles/LLVMAnalysis.dir/LoopAnalysisManager.cpp.o
[1679/2860] Building CXX object lib/Analysis/CMakeFiles/LLVMAnalysis.dir/LoopCacheAnalysis.cpp.o
[1680/2860] Building CXX object lib/Analysis/CMakeFiles/LLVMAnalysis.dir/LoopAccessAnalysis.cpp.o
[1681/2860] Building CXX object lib/Analysis/CMakeFiles/LLVMAnalysis.dir/LoopUnrollAnalyzer.cpp.o
[1682/2860] Building CXX object lib/Analysis/CMakeFiles/LLVMAnalysis.dir/LoopInfo.cpp.o
[1683/2860] Building CXX object lib/Analysis/CMakeFiles/LLVMAnalysis.dir/LoopNestAnalysis.cpp.o
[1684/2860] Building CXX object lib/Analysis/CMakeFiles/LLVMAnalysis.dir/MLInlineAdvisor.cpp.o
[1685/2860] Building CXX object lib/Analysis/CMakeFiles/LLVMAnalysis.dir/LoopPass.cpp.o
[1686/2860] Building CXX object lib/Analysis/CMakeFiles/LLVMAnalysis.dir/MemoryBuiltins.cpp.o
[1687/2860] Building CXX object lib/Analysis/CMakeFiles/LLVMAnalysis.dir/MemDerefPrinter.cpp.o
[1688/2860] Building CXX object lib/Analysis/CMakeFiles/LLVMAnalysis.dir/MemoryDependenceAnalysis.cpp.o
[1689/2860] Building CXX object lib/Analysis/CMakeFiles/LLVMAnalysis.dir/MemoryProfileInfo.cpp.o
[1690/2860] Building CXX object lib/Analysis/CMakeFiles/LLVMAnalysis.dir/MemoryLocation.cpp.o
[1691/2860] Building CXX object lib/Analysis/CMakeFiles/LLVMAnalysis.dir/MemorySSA.cpp.o
[1692/2860] Building CXX object lib/Analysis/CMakeFiles/LLVMAnalysis.dir/ModelUnderTrainingRunner.cpp.o
[1693/2860] Building CXX object lib/Analysis/CMakeFiles/LLVMAnalysis.dir/MemorySSAUpdater.cpp.o
[1694/2860] Building CXX object lib/Analysis/CMakeFiles/LLVMAnalysis.dir/NoInferenceModelRunner.cpp.o
[1695/2860] Building CXX object lib/Analysis/CMakeFiles/LLVMAnalysis.dir/ModuleSummaryAnalysis.cpp.o
[1696/2860] Building CXX object lib/Analysis/CMakeFiles/LLVMAnalysis.dir/ModuleDebugInfoPrinter.cpp.o
[1697/2860] Building CXX object lib/Analysis/CMakeFiles/LLVMAnalysis.dir/ObjCARCAnalysisUtils.cpp.o
[1698/2860] Building CXX object lib/Analysis/CMakeFiles/LLVMAnalysis.dir/ObjCARCAliasAnalysis.cpp.o
[1699/2860] Building CXX object lib/Analysis/CMakeFiles/LLVMAnalysis.dir/ObjCARCInstKind.cpp.o
[1700/2860] Building CXX object lib/Analysis/CMakeFiles/LLVMAnalysis.dir/MustExecute.cpp.o
[1701/2860] Building CXX object lib/Analysis/CMakeFiles/LLVMAnalysis.dir/OptimizationRemarkEmitter.cpp.o
[1702/2860] Building CXX object lib/Analysis/CMakeFiles/LLVMAnalysis.dir/OverflowInstAnalysis.cpp.o
[1703/2860] Building CXX object lib/Analysis/CMakeFiles/LLVMAnalysis.dir/PHITransAddr.cpp.o
[1704/2860] Building CXX object lib/Analysis/CMakeFiles/LLVMAnalysis.dir/PhiValues.cpp.o
[1705/2860] Building CXX object lib/Analysis/CMakeFiles/LLVMAnalysis.dir/PostDominators.cpp.o
[1706/2860] Building CXX object lib/Analysis/CMakeFiles/LLVMAnalysis.dir/ProfileSummaryInfo.cpp.o
[1707/2860] Building CXX object lib/Analysis/CMakeFiles/LLVMAnalysis.dir/RegionInfo.cpp.o
[1708/2860] Building CXX object lib/Analysis/CMakeFiles/LLVMAnalysis.dir/RegionPass.cpp.o
[1709/2860] Building CXX object lib/Analysis/CMakeFiles/LLVMAnalysis.dir/RegionPrinter.cpp.o
[1710/2860] Building CXX object lib/Analysis/CMakeFiles/LLVMAnalysis.dir/PtrUseVisitor.cpp.o
[1711/2860] Building CXX object lib/Analysis/CMakeFiles/LLVMAnalysis.dir/ScalarEvolutionAliasAnalysis.cpp.o
[1712/2860] Building CXX object lib/Analysis/CMakeFiles/LLVMAnalysis.dir/ScalarEvolution.cpp.o
[1713/2860] Building CXX object lib/Analysis/CMakeFiles/LLVMAnalysis.dir/ReplayInlineAdvisor.cpp.o
[1714/2860] Building CXX object lib/Analysis/CMakeFiles/LLVMAnalysis.dir/StackLifetime.cpp.o
[1715/2860] Building CXX object lib/Analysis/CMakeFiles/LLVMAnalysis.dir/ScalarEvolutionNormalization.cpp.o
[1716/2860] Building CXX object lib/Analysis/CMakeFiles/LLVMAnalysis.dir/StructuralHash.cpp.o
[1717/2860] Building CXX object lib/Analysis/CMakeFiles/LLVMAnalysis.dir/ScalarEvolutionDivision.cpp.o
[1718/2860] Building CXX object lib/Analysis/CMakeFiles/LLVMAnalysis.dir/TFLiteUtils.cpp.o
[1719/2860] Building CXX object lib/Analysis/CMakeFiles/LLVMAnalysis.dir/SyntheticCountsUtils.cpp.o
[1720/2860] Building CXX object lib/Analysis/CMakeFiles/LLVMAnalysis.dir/StackSafetyAnalysis.cpp.o
[1721/2860] Building CXX object lib/Analysis/CMakeFiles/LLVMAnalysis.dir/TargetLibraryInfo.cpp.o
[1722/2860] Building CXX object lib/Analysis/CMakeFiles/LLVMAnalysis.dir/TargetTransformInfo.cpp.o
[1723/2860] Building CXX object lib/Analysis/CMakeFiles/LLVMAnalysis.dir/TensorSpec.cpp.o
[1724/2860] Building CXX object lib/Analysis/CMakeFiles/LLVMAnalysis.dir/Trace.cpp.o
[1725/2860] Building CXX object lib/Analysis/CMakeFiles/LLVMAnalysis.dir/TypeBasedAliasAnalysis.cpp.o
[1726/2860] Building CXX object lib/Analysis/CMakeFiles/LLVMAnalysis.dir/TrainingLogger.cpp.o
[1727/2860] Building CXX object lib/Analysis/CMakeFiles/LLVMAnalysis.dir/UniformityAnalysis.cpp.o
[1728/2860] Building CXX object lib/Analysis/CMakeFiles/LLVMAnalysis.dir/ScopedNoAliasAA.cpp.o
[1729/2860] Building CXX object lib/Analysis/CMakeFiles/LLVMAnalysis.dir/TypeMetadataUtils.cpp.o
[1730/2860] Building CXX object lib/Analysis/CMakeFiles/LLVMAnalysis.dir/ValueLatticeUtils.cpp.o
[1731/2860] Building CXX object lib/Analysis/CMakeFiles/LLVMAnalysis.dir/ValueLattice.cpp.o
[1732/2860] Building CXX object lib/Analysis/CMakeFiles/LLVMAnalysis.dir/ValueTracking.cpp.o
[1733/2860] Building CXX object lib/Analysis/CMakeFiles/LLVMAnalysis.dir/VectorUtils.cpp.o
[1734/2860] Building CXX object lib/CodeGen/GlobalISel/CMakeFiles/LLVMGlobalISel.dir/RegBankSelect.cpp.o
[1735/2860] Building CXX object lib/CodeGen/GlobalISel/CMakeFiles/LLVMGlobalISel.dir/LoadStoreOpt.cpp.o
[1736/2860] Building CXX object lib/CodeGen/GlobalISel/CMakeFiles/LLVMGlobalISel.dir/MachineIRBuilder.cpp.o
[1737/2860] Building CXX object lib/Transforms/Instrumentation/CMakeFiles/LLVMInstrumentation.dir/KCFI.cpp.o
[1738/2860] Building CXX object lib/MC/CMakeFiles/LLVMMC.dir/DXContainerPSVInfo.cpp.o
[1739/2860] Building CXX object lib/CodeGen/GlobalISel/CMakeFiles/LLVMGlobalISel.dir/Legalizer.cpp.o
[1740/2860] Building CXX object lib/MC/CMakeFiles/LLVMMC.dir/GOFFObjectWriter.cpp.o
[1741/2860] Building CXX object lib/CodeGen/GlobalISel/CMakeFiles/LLVMGlobalISel.dir/Utils.cpp.o
[1742/2860] Building CXX object lib/MC/CMakeFiles/LLVMMC.dir/ConstantPools.cpp.o
[1743/2860] Building CXX object lib/MC/CMakeFiles/LLVMMC.dir/MCAsmInfoCOFF.cpp.o
[1744/2860] Building CXX object lib/MC/CMakeFiles/LLVMMC.dir/MCAsmInfoDarwin.cpp.o
[1745/2860] Building CXX object lib/CodeGen/SelectionDAG/CMakeFiles/LLVMSelectionDAG.dir/DAGCombiner.cpp.o
[1746/2860] Building CXX object lib/MC/CMakeFiles/LLVMMC.dir/MCAsmInfoGOFF.cpp.o
[1747/2860] Building CXX object lib/MC/CMakeFiles/LLVMMC.dir/MCAsmInfoWasm.cpp.o
[1748/2860] Building CXX object lib/MC/CMakeFiles/LLVMMC.dir/MCAsmInfoXCOFF.cpp.o
[1749/2860] Building CXX object lib/MC/CMakeFiles/LLVMMC.dir/MCAsmMacro.cpp.o
[1750/2860] Building CXX object lib/MC/CMakeFiles/LLVMMC.dir/ELFObjectWriter.cpp.o
[1751/2860] Building CXX object lib/MC/CMakeFiles/LLVMMC.dir/MCAsmBackend.cpp.o
[1752/2860] Building CXX object lib/MC/CMakeFiles/LLVMMC.dir/MCCodeEmitter.cpp.o
[1753/2860] Building CXX object lib/MC/CMakeFiles/LLVMMC.dir/MCAsmInfo.cpp.o
[1754/2860] Building CXX object lib/MC/CMakeFiles/LLVMMC.dir/MCAsmInfoELF.cpp.o
[1755/2860] Building CXX object lib/CodeGen/GlobalISel/CMakeFiles/LLVMGlobalISel.dir/CombinerHelper.cpp.o
[1756/2860] Building CXX object lib/LTO/CMakeFiles/LLVMLTO.dir/UpdateCompilerUsed.cpp.o
[1757/2860] Building CXX object lib/MC/CMakeFiles/LLVMMC.dir/MCAssembler.cpp.o
FAILED: lib/MC/CMakeFiles/LLVMMC.dir/MCAssembler.cpp.o 
CCACHE_CPP2=yes CCACHE_HASHDIR=yes /usr/bin/ccache /usr/bin/c++ -DGTEST_HAS_RTTI=0 -D_GNU_SOURCE -D__STDC_CONSTANT_MACROS -D__STDC_FORMAT_MACROS -D__STDC_LIMIT_MACROS -I/tmp/llvm-project-build-stage1/lib/MC -I/var/llvm-compile-time-tracker/llvm-project/llvm/lib/MC -I/tmp/llvm-project-build-stage1/include -I/var/llvm-compile-time-tracker/llvm-project/llvm/include -fPIC -fno-semantic-interposition -fvisibility-inlines-hidden -Werror=date-time -fno-lifetime-dse -Wall -Wextra -Wno-unused-parameter -Wwrite-strings -Wcast-qual -Wno-missing-field-initializers -pedantic -Wno-long-long -Wimplicit-fallthrough -Wno-uninitialized -Wno-nonnull -Wno-class-memaccess -Wno-redundant-move -Wno-pessimizing-move -Wno-noexcept-type -Wdelete-non-virtual-dtor -Wsuggest-override -Wno-comment -Wno-misleading-indentation -Wctad-maybe-unsupported -fdiagnostics-color -ffunction-sections -fdata-sections -O3 -DNDEBUG  -fno-exceptions -funwind-tables -fno-rtti -std=c++17 -MD -MT lib/MC/CMakeFiles/LLVMMC.dir/MCAssembler.cpp.o -MF lib/MC/CMakeFiles/LLVMMC.dir/MCAssembler.cpp.o.d -o lib/MC/CMakeFiles/LLVMMC.dir/MCAssembler.cpp.o -c /var/llvm-compile-time-tracker/llvm-project/llvm/lib/MC/MCAssembler.cpp
/var/llvm-compile-time-tracker/llvm-project/llvm/lib/MC/MCAssembler.cpp: In function ‘void writeFragment(llvm::raw_ostream&, const llvm::MCAssembler&, const llvm::MCFragment&)’:
/var/llvm-compile-time-tracker/llvm-project/llvm/lib/MC/MCAssembler.cpp:678:20: error: ‘FT_CompactEncodedInst’ is not a member of ‘llvm::MCFragment’
  678 |   case MCFragment::FT_CompactEncodedInst:
      |                    ^~~~~~~~~~~~~~~~~~~~~
/var/llvm-compile-time-tracker/llvm-project/llvm/lib/MC/MCAssembler.cpp:679:14: error: ‘EmittedCompactEncodedInstFragments’ is not a member of ‘{anonymous}::stats’
  679 |     ++stats::EmittedCompactEncodedInstFragments;
      |              ^~~~~~~~~~~~~~~~~~~~~~~~~~~~~~~~~~
/var/llvm-compile-time-tracker/llvm-project/llvm/lib/MC/MCAssembler.cpp:680:26: error: ‘MCCompactEncodedInstFragment’ was not declared in this scope
  680 |     OS << StringRef(cast<MCCompactEncodedInstFragment>(F).getContents().data(),
      |                          ^~~~~~~~~~~~~~~~~~~~~~~~~~~~
/var/llvm-compile-time-tracker/llvm-project/llvm/lib/MC/MCAssembler.cpp:680:55: error: no matching function for call to ‘cast<<expression error> >(const llvm::MCFragment&)’
  680 |     OS << StringRef(cast<MCCompactEncodedInstFragment>(F).getContents().data(),
      |                     ~~~~~~~~~~~~~~~~~~~~~~~~~~~~~~~~~~^~~
In file included from /var/llvm-compile-time-tracker/llvm-project/llvm/lib/MC/MCAssembler.cpp:32:
/var/llvm-compile-time-tracker/llvm-project/llvm/include/llvm/Support/Casting.h:565:37: note: candidate: ‘template<class To, class From> decltype(auto) llvm::cast(const From&)’
  565 | [[nodiscard]] inline decltype(auto) cast(const From &Val) {
      |                                     ^~~~
/var/llvm-compile-time-tracker/llvm-project/llvm/include/llvm/Support/Casting.h:565:37: note:   template argument deduction/substitution failed:
/var/llvm-compile-time-tracker/llvm-project/llvm/lib/MC/MCAssembler.cpp:680:55: error: template argument 1 is invalid
  680 |     OS << StringRef(cast<MCCompactEncodedInstFragment>(F).getContents().data(),
      |                     ~~~~~~~~~~~~~~~~~~~~~~~~~~~~~~~~~~^~~
In file included from /var/llvm-compile-time-tracker/llvm-project/llvm/lib/MC/MCAssembler.cpp:32:
/var/llvm-compile-time-tracker/llvm-project/llvm/include/llvm/Support/Casting.h:571:37: note: candidate: ‘template<class To, class From> decltype(auto) llvm::cast(From&)’
  571 | [[nodiscard]] inline decltype(auto) cast(From &Val) {
      |                                     ^~~~
/var/llvm-compile-time-tracker/llvm-project/llvm/include/llvm/Support/Casting.h:571:37: note:   template argument deduction/substitution failed:
/var/llvm-compile-time-tracker/llvm-project/llvm/lib/MC/MCAssembler.cpp:680:55: error: template argument 1 is invalid
  680 |     OS << StringRef(cast<MCCompactEncodedInstFragment>(F).getContents().data(),
      |                     ~~~~~~~~~~~~~~~~~~~~~~~~~~~~~~~~~~^~~
In file included from /var/llvm-compile-time-tracker/llvm-project/llvm/lib/MC/MCAssembler.cpp:32:
/var/llvm-compile-time-tracker/llvm-project/llvm/include/llvm/Support/Casting.h:577:37: note: candidate: ‘template<class To, class From> decltype(auto) llvm::cast(From*)’
  577 | [[nodiscard]] inline decltype(auto) cast(From *Val) {
      |                                     ^~~~
/var/llvm-compile-time-tracker/llvm-project/llvm/include/llvm/Support/Casting.h:577:37: note:   template argument deduction/substitution failed:
/var/llvm-compile-time-tracker/llvm-project/llvm/lib/MC/MCAssembler.cpp:680:55: error: template argument 1 is invalid
  680 |     OS << StringRef(cast<MCCompactEncodedInstFragment>(F).getContents().data(),
      |                     ~~~~~~~~~~~~~~~~~~~~~~~~~~~~~~~~~~^~~
In file included from /var/llvm-compile-time-tracker/llvm-project/llvm/lib/MC/MCAssembler.cpp:32:
/var/llvm-compile-time-tracker/llvm-project/llvm/include/llvm/Support/Casting.h:583:37: note: candidate: ‘template<class To, class From> decltype(auto) llvm::cast(std::unique_ptr<From>&&)’
  583 | [[nodiscard]] inline decltype(auto) cast(std::unique_ptr<From> &&Val) {
      |                                     ^~~~
/var/llvm-compile-time-tracker/llvm-project/llvm/include/llvm/Support/Casting.h:583:37: note:   template argument deduction/substitution failed:
/var/llvm-compile-time-tracker/llvm-project/llvm/lib/MC/MCAssembler.cpp:680:55: error: template argument 1 is invalid
  680 |     OS << StringRef(cast<MCCompactEncodedInstFragment>(F).getContents().data(),
      |                     ~~~~~~~~~~~~~~~~~~~~~~~~~~~~~~~~~~^~~
/var/llvm-compile-time-tracker/llvm-project/llvm/lib/MC/MCAssembler.cpp:681:55: error: no matching function for call to ‘cast<MCCompactEncodedInstFragment>(const llvm::MCFragment&)’
  681 |                     cast<MCCompactEncodedInstFragment>(F).getContents().size());
      |                     ~~~~~~~~~~~~~~~~~~~~~~~~~~~~~~~~~~^~~
In file included from /var/llvm-compile-time-tracker/llvm-project/llvm/lib/MC/MCAssembler.cpp:32:
/var/llvm-compile-time-tracker/llvm-project/llvm/include/llvm/Support/Casting.h:565:37: note: candidate: ‘template<class To, class From> decltype(auto) llvm::cast(const From&)’
  565 | [[nodiscard]] inline decltype(auto) cast(const From &Val) {
      |                                     ^~~~
/var/llvm-compile-time-tracker/llvm-project/llvm/include/llvm/Support/Casting.h:565:37: note:   template argument deduction/substitution failed:
/var/llvm-compile-time-tracker/llvm-project/llvm/include/llvm/Support/Casting.h:571:37: note: candidate: ‘template<class To, class From> decltype(auto) llvm::cast(From&)’
  571 | [[nodiscard]] inline decltype(auto) cast(From &Val) {
      |                                     ^~~~
/var/llvm-compile-time-tracker/llvm-project/llvm/include/llvm/Support/Casting.h:571:37: note:   template argument deduction/substitution failed:
/var/llvm-compile-time-tracker/llvm-project/llvm/include/llvm/Support/Casting.h:577:37: note: candidate: ‘template<class To, class From> decltype(auto) llvm::cast(From*)’
  577 | [[nodiscard]] inline decltype(auto) cast(From *Val) {
      |                                     ^~~~
/var/llvm-compile-time-tracker/llvm-project/llvm/include/llvm/Support/Casting.h:577:37: note:   template argument deduction/substitution failed:
/var/llvm-compile-time-tracker/llvm-project/llvm/include/llvm/Support/Casting.h:583:37: note: candidate: ‘template<class To, class From> decltype(auto) llvm::cast(std::unique_ptr<From>&&)’
  583 | [[nodiscard]] inline decltype(auto) cast(std::unique_ptr<From> &&Val) {
      |                                     ^~~~
/var/llvm-compile-time-tracker/llvm-project/llvm/include/llvm/Support/Casting.h:583:37: note:   template argument deduction/substitution failed:
[1758/2860] Building CXX object lib/Transforms/IPO/CMakeFiles/LLVMipo.dir/SampleProfileProbe.cpp.o
[1759/2860] Building CXX object lib/MC/CMakeFiles/LLVMMC.dir/MCCodeView.cpp.o
FAILED: lib/MC/CMakeFiles/LLVMMC.dir/MCCodeView.cpp.o 
CCACHE_CPP2=yes CCACHE_HASHDIR=yes /usr/bin/ccache /usr/bin/c++ -DGTEST_HAS_RTTI=0 -D_GNU_SOURCE -D__STDC_CONSTANT_MACROS -D__STDC_FORMAT_MACROS -D__STDC_LIMIT_MACROS -I/tmp/llvm-project-build-stage1/lib/MC -I/var/llvm-compile-time-tracker/llvm-project/llvm/lib/MC -I/tmp/llvm-project-build-stage1/include -I/var/llvm-compile-time-tracker/llvm-project/llvm/include -fPIC -fno-semantic-interposition -fvisibility-inlines-hidden -Werror=date-time -fno-lifetime-dse -Wall -Wextra -Wno-unused-parameter -Wwrite-strings -Wcast-qual -Wno-missing-field-initializers -pedantic -Wno-long-long -Wimplicit-fallthrough -Wno-uninitialized -Wno-nonnull -Wno-class-memaccess -Wno-redundant-move -Wno-pessimizing-move -Wno-noexcept-type -Wdelete-non-virtual-dtor -Wsuggest-override -Wno-comment -Wno-misleading-indentation -Wctad-maybe-unsupported -fdiagnostics-color -ffunction-sections -fdata-sections -O3 -DNDEBUG  -fno-exceptions -funwind-tables -fno-rtti -std=c++17 -MD -MT lib/MC/CMakeFiles/LLVMMC.dir/MCCodeView.cpp.o -MF lib/MC/CMakeFiles/LLVMMC.dir/MCCodeView.cpp.o.d -o lib/MC/CMakeFiles/LLVMMC.dir/MCCodeView.cpp.o -c /var/llvm-compile-time-tracker/llvm-project/llvm/lib/MC/MCCodeView.cpp
/var/llvm-compile-time-tracker/llvm-project/llvm/lib/MC/MCCodeView.cpp: In member function ‘void llvm::CodeViewContext::encodeDefRange(const llvm::MCAssembler&, llvm::MCCVDefRangeFragment&)’:
/var/llvm-compile-time-tracker/llvm-project/llvm/lib/MC/MCCodeView.cpp:625:20: error: ‘Layout’ was not declared in this scope
  625 |   MCContext &Ctx = Layout.getAssembler().getContext();
      |                    ^~~~~~
[1760/2860] Building CXX object lib/CodeGen/GlobalISel/CMakeFiles/LLVMGlobalISel.dir/IRTranslator.cpp.o
[1761/2860] Building CXX object lib/MC/CMakeFiles/LLVMMC.dir/MCDXContainerWriter.cpp.o
[1762/2860] Building CXX object lib/MC/CMakeFiles/LLVMMC.dir/MCDXContainerStreamer.cpp.o
[1763/2860] Building CXX object lib/Transforms/Instrumentation/CMakeFiles/LLVMInstrumentation.dir/AddressSanitizer.cpp.o
[1764/2860] Building CXX object lib/Bitcode/Writer/CMakeFiles/LLVMBitWriter.dir/BitcodeWriter.cpp.o
[1765/2860] Building CXX object lib/CodeGen/GlobalISel/CMakeFiles/LLVMGlobalISel.dir/LegalizerHelper.cpp.o
[1766/2860] Building CXX object lib/MC/CMakeFiles/LLVMMC.dir/MCAsmStreamer.cpp.o
[1767/2860] Building CXX object lib/MC/CMakeFiles/LLVMMC.dir/MCDwarf.cpp.o
[1768/2860] Building CXX object lib/LTO/CMakeFiles/LLVMLTO.dir/LTOModule.cpp.o
[1769/2860] Building CXX object lib/MC/CMakeFiles/LLVMMC.dir/MCContext.cpp.o
[1770/2860] Building CXX object lib/LTO/CMakeFiles/LLVMLTO.dir/LTOCodeGenerator.cpp.o
[1771/2860] Building CXX object lib/LTO/CMakeFiles/LLVMLTO.dir/LTOBackend.cpp.o
[1772/2860] Building CXX object lib/LTO/CMakeFiles/LLVMLTO.dir/ThinLTOCodeGenerator.cpp.o
[1773/2860] Building CXX object lib/Frontend/OpenMP/CMakeFiles/LLVMFrontendOpenMP.dir/OMPIRBuilder.cpp.o
[1774/2860] Building CXX object lib/LTO/CMakeFiles/LLVMLTO.dir/LTO.cpp.o
ninja: build stopped: subcommand failed.


STDERR:
Command exited with non-zero status 1
1313.08user 68.14system 1:29.54elapsed 1542%CPU (0avgtext+0avgdata 1034936maxresident)k
0inputs+3820920outputs (2554major+40303214minor)pagefaults 0swaps
